Building DAG of jobs...
Using shell: /usr/bin/bash
Provided cluster nodes: 8000
Job counts:
	count	jobs
	40	BUSCO
	1	all
	41

[Wed Mar  9 10:12:17 2022]
rule BUSCO:
    input: /beegfs/data/soukkal/StageM2/Control_genomes/genomes/GCA_021234595.1.fna
    output: /beegfs/data/soukkal/StageM2/Control_genomes/results/GCA_021234595.1/BUSCO_results/full_table.tsv
    jobid: 20
    wildcards: Genome_ID=GCA_021234595.1

Submitted job 20 with external jobid 'Submitted batch job 3450799'.

[Wed Mar  9 10:12:17 2022]
rule BUSCO:
    input: /beegfs/data/soukkal/StageM2/Control_genomes/genomes/GCA_001015115.1.fna
    output: /beegfs/data/soukkal/StageM2/Control_genomes/results/GCA_001015115.1/BUSCO_results/full_table.tsv
    jobid: 6
    wildcards: Genome_ID=GCA_001015115.1

Submitted job 6 with external jobid 'Submitted batch job 3450800'.

[Wed Mar  9 10:12:18 2022]
rule BUSCO:
    input: /beegfs/data/soukkal/StageM2/Control_genomes/genomes/GCF_001015335.1.fna
    output: /beegfs/data/soukkal/StageM2/Control_genomes/results/GCF_001015335.1/BUSCO_results/full_table.tsv
    jobid: 34
    wildcards: Genome_ID=GCF_001015335.1

Submitted job 34 with external jobid 'Submitted batch job 3450801'.

[Wed Mar  9 10:12:18 2022]
rule BUSCO:
    input: /beegfs/data/soukkal/StageM2/Control_genomes/genomes/GCA_920104205.1.fna
    output: /beegfs/data/soukkal/StageM2/Control_genomes/results/GCA_920104205.1/BUSCO_results/full_table.tsv
    jobid: 28
    wildcards: Genome_ID=GCA_920104205.1

Submitted job 28 with external jobid 'Submitted batch job 3450802'.

[Wed Mar  9 10:12:18 2022]
rule BUSCO:
    input: /beegfs/data/soukkal/StageM2/Control_genomes/genomes/GCA_004302925.1.fna
    output: /beegfs/data/soukkal/StageM2/Control_genomes/results/GCA_004302925.1/BUSCO_results/full_table.tsv
    jobid: 14
    wildcards: Genome_ID=GCA_004302925.1

Submitted job 14 with external jobid 'Submitted batch job 3450803'.

[Wed Mar  9 10:12:18 2022]
rule BUSCO:
    input: /beegfs/data/soukkal/StageM2/Control_genomes/genomes/GCA_001015175.1.fna
    output: /beegfs/data/soukkal/StageM2/Control_genomes/results/GCA_001015175.1/BUSCO_results/full_table.tsv
    jobid: 7
    wildcards: Genome_ID=GCA_001015175.1

Submitted job 7 with external jobid 'Submitted batch job 3450804'.

[Wed Mar  9 10:12:18 2022]
rule BUSCO:
    input: /beegfs/data/soukkal/StageM2/Control_genomes/genomes/GCA_905231855.2.fna
    output: /beegfs/data/soukkal/StageM2/Control_genomes/results/GCA_905231855.2/BUSCO_results/full_table.tsv
    jobid: 21
    wildcards: Genome_ID=GCA_905231855.2

Submitted job 21 with external jobid 'Submitted batch job 3450805'.

[Wed Mar  9 10:12:18 2022]
rule BUSCO:
    input: /beegfs/data/soukkal/StageM2/Control_genomes/genomes/GCF_002237135.1.fna
    output: /beegfs/data/soukkal/StageM2/Control_genomes/results/GCF_002237135.1/BUSCO_results/full_table.tsv
    jobid: 35
    wildcards: Genome_ID=GCF_002237135.1

Submitted job 35 with external jobid 'Submitted batch job 3450806'.

[Wed Mar  9 10:12:18 2022]
rule BUSCO:
    input: /beegfs/data/soukkal/StageM2/Control_genomes/genomes/GCA_920105625.1.fna
    output: /beegfs/data/soukkal/StageM2/Control_genomes/results/GCA_920105625.1/BUSCO_results/full_table.tsv
    jobid: 29
    wildcards: Genome_ID=GCA_920105625.1

Submitted job 29 with external jobid 'Submitted batch job 3450807'.

[Wed Mar  9 10:12:18 2022]
rule BUSCO:
    input: /beegfs/data/soukkal/StageM2/Control_genomes/genomes/GCA_001014415.1.fna
    output: /beegfs/data/soukkal/StageM2/Control_genomes/results/GCA_001014415.1/BUSCO_results/full_table.tsv
    jobid: 1
    wildcards: Genome_ID=GCA_001014415.1

Submitted job 1 with external jobid 'Submitted batch job 3450808'.

[Wed Mar  9 10:12:18 2022]
rule BUSCO:
    input: /beegfs/data/soukkal/StageM2/Control_genomes/genomes/GCA_005959815.1.fna
    output: /beegfs/data/soukkal/StageM2/Control_genomes/results/GCA_005959815.1/BUSCO_results/full_table.tsv
    jobid: 15
    wildcards: Genome_ID=GCA_005959815.1

Submitted job 15 with external jobid 'Submitted batch job 3450809'.

[Wed Mar  9 10:12:18 2022]
rule BUSCO:
    input: /beegfs/data/soukkal/StageM2/Control_genomes/genomes/GCA_001017275.1.fna
    output: /beegfs/data/soukkal/StageM2/Control_genomes/results/GCA_001017275.1/BUSCO_results/full_table.tsv
    jobid: 8
    wildcards: Genome_ID=GCA_001017275.1

Submitted job 8 with external jobid 'Submitted batch job 3450810'.

[Wed Mar  9 10:12:18 2022]
rule BUSCO:
    input: /beegfs/data/soukkal/StageM2/Control_genomes/genomes/GCA_907269105.1.fna
    output: /beegfs/data/soukkal/StageM2/Control_genomes/results/GCA_907269105.1/BUSCO_results/full_table.tsv
    jobid: 22
    wildcards: Genome_ID=GCA_907269105.1

Submitted job 22 with external jobid 'Submitted batch job 3450811'.

[Wed Mar  9 10:12:18 2022]
rule BUSCO:
    input: /beegfs/data/soukkal/StageM2/Control_genomes/genomes/GCF_009650485.1.fna
    output: /beegfs/data/soukkal/StageM2/Control_genomes/results/GCF_009650485.1/BUSCO_results/full_table.tsv
    jobid: 36
    wildcards: Genome_ID=GCF_009650485.1

Submitted job 36 with external jobid 'Submitted batch job 3450812'.

[Wed Mar  9 10:12:18 2022]
rule BUSCO:
    input: /beegfs/data/soukkal/StageM2/Control_genomes/genomes/GCA_001014675.1.fna
    output: /beegfs/data/soukkal/StageM2/Control_genomes/results/GCA_001014675.1/BUSCO_results/full_table.tsv
    jobid: 3
    wildcards: Genome_ID=GCA_001014675.1

Submitted job 3 with external jobid 'Submitted batch job 3450813'.

[Wed Mar  9 10:12:18 2022]
rule BUSCO:
    input: /beegfs/data/soukkal/StageM2/Control_genomes/genomes/GCA_014858695.1.fna
    output: /beegfs/data/soukkal/StageM2/Control_genomes/results/GCA_014858695.1/BUSCO_results/full_table.tsv
    jobid: 16
    wildcards: Genome_ID=GCA_014858695.1

Submitted job 16 with external jobid 'Submitted batch job 3450814'.

[Wed Mar  9 10:12:18 2022]
rule BUSCO:
    input: /beegfs/data/soukkal/StageM2/Control_genomes/genomes/GCA_922984085.1.fna
    output: /beegfs/data/soukkal/StageM2/Control_genomes/results/GCA_922984085.1/BUSCO_results/full_table.tsv
    jobid: 30
    wildcards: Genome_ID=GCA_922984085.1

Submitted job 30 with external jobid 'Submitted batch job 3450815'.

[Wed Mar  9 10:12:18 2022]
rule BUSCO:
    input: /beegfs/data/soukkal/StageM2/Control_genomes/genomes/GCA_001017515.1.fna
    output: /beegfs/data/soukkal/StageM2/Control_genomes/results/GCA_001017515.1/BUSCO_results/full_table.tsv
    jobid: 9
    wildcards: Genome_ID=GCA_001017515.1

Submitted job 9 with external jobid 'Submitted batch job 3450816'.

[Wed Mar  9 10:12:18 2022]
rule BUSCO:
    input: /beegfs/data/soukkal/StageM2/Control_genomes/genomes/GCA_914767635.1.fna
    output: /beegfs/data/soukkal/StageM2/Control_genomes/results/GCA_914767635.1/BUSCO_results/full_table.tsv
    jobid: 23
    wildcards: Genome_ID=GCA_914767635.1

Submitted job 23 with external jobid 'Submitted batch job 3450817'.

[Wed Mar  9 10:12:18 2022]
rule BUSCO:
    input: /beegfs/data/soukkal/StageM2/Control_genomes/genomes/GCF_013340165.1.fna
    output: /beegfs/data/soukkal/StageM2/Control_genomes/results/GCF_013340165.1/BUSCO_results/full_table.tsv
    jobid: 37
    wildcards: Genome_ID=GCF_013340165.1

Submitted job 37 with external jobid 'Submitted batch job 3450818'.

[Wed Mar  9 10:12:18 2022]
rule BUSCO:
    input: /beegfs/data/soukkal/StageM2/Control_genomes/genomes/GCA_001014575.1.fna
    output: /beegfs/data/soukkal/StageM2/Control_genomes/results/GCA_001014575.1/BUSCO_results/full_table.tsv
    jobid: 2
    wildcards: Genome_ID=GCA_001014575.1

Submitted job 2 with external jobid 'Submitted batch job 3450819'.

[Wed Mar  9 10:12:18 2022]
rule BUSCO:
    input: /beegfs/data/soukkal/StageM2/Control_genomes/genomes/GCA_017309665.1.fna
    output: /beegfs/data/soukkal/StageM2/Control_genomes/results/GCA_017309665.1/BUSCO_results/full_table.tsv
    jobid: 17
    wildcards: Genome_ID=GCA_017309665.1

Submitted job 17 with external jobid 'Submitted batch job 3450820'.

[Wed Mar  9 10:12:19 2022]
rule BUSCO:
    input: /beegfs/data/soukkal/StageM2/Control_genomes/genomes/GCF_000001215.4.fna
    output: /beegfs/data/soukkal/StageM2/Control_genomes/results/GCF_000001215.4/BUSCO_results/full_table.tsv
    jobid: 31
    wildcards: Genome_ID=GCF_000001215.4

Submitted job 31 with external jobid 'Submitted batch job 3450821'.

[Wed Mar  9 10:12:19 2022]
rule BUSCO:
    input: /beegfs/data/soukkal/StageM2/Control_genomes/genomes/GCA_003952975.1.fna
    output: /beegfs/data/soukkal/StageM2/Control_genomes/results/GCA_003952975.1/BUSCO_results/full_table.tsv
    jobid: 13
    wildcards: Genome_ID=GCA_003952975.1

Submitted job 13 with external jobid 'Submitted batch job 3450822'.

[Wed Mar  9 10:12:19 2022]
rule BUSCO:
    input: /beegfs/data/soukkal/StageM2/Control_genomes/genomes/GCA_001735545.1.fna
    output: /beegfs/data/soukkal/StageM2/Control_genomes/results/GCA_001735545.1/BUSCO_results/full_table.tsv
    jobid: 10
    wildcards: Genome_ID=GCA_001735545.1

Submitted job 10 with external jobid 'Submitted batch job 3450823'.

[Wed Mar  9 10:12:19 2022]
rule BUSCO:
    input: /beegfs/data/soukkal/StageM2/Control_genomes/genomes/GCA_914767935.1.fna
    output: /beegfs/data/soukkal/StageM2/Control_genomes/results/GCA_914767935.1/BUSCO_results/full_table.tsv
    jobid: 24
    wildcards: Genome_ID=GCA_914767935.1

Submitted job 24 with external jobid 'Submitted batch job 3450824'.

[Wed Mar  9 10:12:19 2022]
rule BUSCO:
    input: /beegfs/data/soukkal/StageM2/Control_genomes/genomes/GCF_013731165.1.fna
    output: /beegfs/data/soukkal/StageM2/Control_genomes/results/GCF_013731165.1/BUSCO_results/full_table.tsv
    jobid: 38
    wildcards: Genome_ID=GCF_013731165.1

Submitted job 38 with external jobid 'Submitted batch job 3450825'.

[Wed Mar  9 10:12:19 2022]
rule BUSCO:
    input: /beegfs/data/soukkal/StageM2/Control_genomes/genomes/GCA_001014935.1.fna
    output: /beegfs/data/soukkal/StageM2/Control_genomes/results/GCA_001014935.1/BUSCO_results/full_table.tsv
    jobid: 4
    wildcards: Genome_ID=GCA_001014935.1

Submitted job 4 with external jobid 'Submitted batch job 3450826'.

[Wed Mar  9 10:12:19 2022]
rule BUSCO:
    input: /beegfs/data/soukkal/StageM2/Control_genomes/genomes/GCA_019455685.1.fna
    output: /beegfs/data/soukkal/StageM2/Control_genomes/results/GCA_019455685.1/BUSCO_results/full_table.tsv
    jobid: 18
    wildcards: Genome_ID=GCA_019455685.1

Submitted job 18 with external jobid 'Submitted batch job 3450827'.

[Wed Mar  9 10:12:19 2022]
rule BUSCO:
    input: /beegfs/data/soukkal/StageM2/Control_genomes/genomes/GCF_000347755.3.fna
    output: /beegfs/data/soukkal/StageM2/Control_genomes/results/GCF_000347755.3/BUSCO_results/full_table.tsv
    jobid: 32
    wildcards: Genome_ID=GCF_000347755.3

Submitted job 32 with external jobid 'Submitted batch job 3450828'.

[Wed Mar  9 10:12:19 2022]
rule BUSCO:
    input: /beegfs/data/soukkal/StageM2/Control_genomes/genomes/GCA_003055125.1.fna
    output: /beegfs/data/soukkal/StageM2/Control_genomes/results/GCA_003055125.1/BUSCO_results/full_table.tsv
    jobid: 11
    wildcards: Genome_ID=GCA_003055125.1

Submitted job 11 with external jobid 'Submitted batch job 3450829'.

[Wed Mar  9 10:12:19 2022]
rule BUSCO:
    input: /beegfs/data/soukkal/StageM2/Control_genomes/genomes/GCA_916048285.2.fna
    output: /beegfs/data/soukkal/StageM2/Control_genomes/results/GCA_916048285.2/BUSCO_results/full_table.tsv
    jobid: 25
    wildcards: Genome_ID=GCA_916048285.2

Submitted job 25 with external jobid 'Submitted batch job 3450830'.

[Wed Mar  9 10:12:19 2022]
rule BUSCO:
    input: /beegfs/data/soukkal/StageM2/Control_genomes/genomes/GCF_014805625.1.fna
    output: /beegfs/data/soukkal/StageM2/Control_genomes/results/GCF_014805625.1/BUSCO_results/full_table.tsv
    jobid: 39
    wildcards: Genome_ID=GCF_014805625.1

Submitted job 39 with external jobid 'Submitted batch job 3450831'.

[Wed Mar  9 10:12:19 2022]
rule BUSCO:
    input: /beegfs/data/soukkal/StageM2/Control_genomes/genomes/GCA_001015075.1.fna
    output: /beegfs/data/soukkal/StageM2/Control_genomes/results/GCA_001015075.1/BUSCO_results/full_table.tsv
    jobid: 5
    wildcards: Genome_ID=GCA_001015075.1

Submitted job 5 with external jobid 'Submitted batch job 3450832'.

[Wed Mar  9 10:12:19 2022]
rule BUSCO:
    input: /beegfs/data/soukkal/StageM2/Control_genomes/genomes/GCA_020466095.1.fna
    output: /beegfs/data/soukkal/StageM2/Control_genomes/results/GCA_020466095.1/BUSCO_results/full_table.tsv
    jobid: 19
    wildcards: Genome_ID=GCA_020466095.1

Submitted job 19 with external jobid 'Submitted batch job 3450833'.

[Wed Mar  9 10:12:19 2022]
rule BUSCO:
    input: /beegfs/data/soukkal/StageM2/Control_genomes/genomes/GCF_000699065.1.fna
    output: /beegfs/data/soukkal/StageM2/Control_genomes/results/GCF_000699065.1/BUSCO_results/full_table.tsv
    jobid: 33
    wildcards: Genome_ID=GCF_000699065.1

Submitted job 33 with external jobid 'Submitted batch job 3450834'.

[Wed Mar  9 10:12:19 2022]
rule BUSCO:
    input: /beegfs/data/soukkal/StageM2/Control_genomes/genomes/GCA_003123925.1.fna
    output: /beegfs/data/soukkal/StageM2/Control_genomes/results/GCA_003123925.1/BUSCO_results/full_table.tsv
    jobid: 12
    wildcards: Genome_ID=GCA_003123925.1

Submitted job 12 with external jobid 'Submitted batch job 3450835'.

[Wed Mar  9 10:12:19 2022]
rule BUSCO:
    input: /beegfs/data/soukkal/StageM2/Control_genomes/genomes/GCA_916050605.2.fna
    output: /beegfs/data/soukkal/StageM2/Control_genomes/results/GCA_916050605.2/BUSCO_results/full_table.tsv
    jobid: 26
    wildcards: Genome_ID=GCA_916050605.2

Submitted job 26 with external jobid 'Submitted batch job 3450836'.

[Wed Mar  9 10:12:19 2022]
rule BUSCO:
    input: /beegfs/data/soukkal/StageM2/Control_genomes/genomes/GCF_016617805.1.fna
    output: /beegfs/data/soukkal/StageM2/Control_genomes/results/GCF_016617805.1/BUSCO_results/full_table.tsv
    jobid: 40
    wildcards: Genome_ID=GCF_016617805.1

Submitted job 40 with external jobid 'Submitted batch job 3450837'.

[Wed Mar  9 10:12:19 2022]
rule BUSCO:
    input: /beegfs/data/soukkal/StageM2/Control_genomes/genomes/GCA_917880715.2.fna
    output: /beegfs/data/soukkal/StageM2/Control_genomes/results/GCA_917880715.2/BUSCO_results/full_table.tsv
    jobid: 27
    wildcards: Genome_ID=GCA_917880715.2

Submitted job 27 with external jobid 'Submitted batch job 3450838'.
[Wed Mar  9 10:33:59 2022]
Error in rule BUSCO:
    jobid: 20
    output: /beegfs/data/soukkal/StageM2/Control_genomes/results/GCA_021234595.1/BUSCO_results/full_table.tsv
    shell:
        
     hostname
     cd /beegfs/data/soukkal/StageM2/Control_genomes/results/GCA_021234595.1/
     /beegfs/data/soft/singularity-3.7.2/bin/singularity exec --bind /beegfs/:/beegfs/ /beegfs/data/soukkal/TOOLS/BUSCO.sif busco -i /beegfs/data/soukkal/StageM2/Control_genomes/genomes/GCA_021234595.1.fna  -l arthropoda_odb10 -m genome -o BUSCO_results -c 3
     
        (one of the commands exited with non-zero exit code; note that snakemake uses bash strict mode!)
    cluster_jobid: Submitted batch job 3450799

Error executing rule BUSCO on cluster (jobid: 20, external: Submitted batch job 3450799, jobscript: /beegfs/data/soukkal/StageM2/Scripts/BUSCO_jobs/.snakemake/tmp.xujt8xt6/snakejob.BUSCO.20.sh). For error details see the cluster log and the log files of the involved rule(s).
[Wed Mar  9 10:34:26 2022]
Error in rule BUSCO:
    jobid: 6
    output: /beegfs/data/soukkal/StageM2/Control_genomes/results/GCA_001015115.1/BUSCO_results/full_table.tsv
    shell:
        
     hostname
     cd /beegfs/data/soukkal/StageM2/Control_genomes/results/GCA_001015115.1/
     /beegfs/data/soft/singularity-3.7.2/bin/singularity exec --bind /beegfs/:/beegfs/ /beegfs/data/soukkal/TOOLS/BUSCO.sif busco -i /beegfs/data/soukkal/StageM2/Control_genomes/genomes/GCA_001015115.1.fna  -l arthropoda_odb10 -m genome -o BUSCO_results -c 3
     
        (one of the commands exited with non-zero exit code; note that snakemake uses bash strict mode!)
    cluster_jobid: Submitted batch job 3450800

Error executing rule BUSCO on cluster (jobid: 6, external: Submitted batch job 3450800, jobscript: /beegfs/data/soukkal/StageM2/Scripts/BUSCO_jobs/.snakemake/tmp.xujt8xt6/snakejob.BUSCO.6.sh). For error details see the cluster log and the log files of the involved rule(s).
[Wed Mar  9 10:34:52 2022]
Error in rule BUSCO:
    jobid: 34
    output: /beegfs/data/soukkal/StageM2/Control_genomes/results/GCF_001015335.1/BUSCO_results/full_table.tsv
    shell:
        
     hostname
     cd /beegfs/data/soukkal/StageM2/Control_genomes/results/GCF_001015335.1/
     /beegfs/data/soft/singularity-3.7.2/bin/singularity exec --bind /beegfs/:/beegfs/ /beegfs/data/soukkal/TOOLS/BUSCO.sif busco -i /beegfs/data/soukkal/StageM2/Control_genomes/genomes/GCF_001015335.1.fna  -l arthropoda_odb10 -m genome -o BUSCO_results -c 3
     
        (one of the commands exited with non-zero exit code; note that snakemake uses bash strict mode!)
    cluster_jobid: Submitted batch job 3450801

Error executing rule BUSCO on cluster (jobid: 34, external: Submitted batch job 3450801, jobscript: /beegfs/data/soukkal/StageM2/Scripts/BUSCO_jobs/.snakemake/tmp.xujt8xt6/snakejob.BUSCO.34.sh). For error details see the cluster log and the log files of the involved rule(s).
[Wed Mar  9 10:35:31 2022]
Error in rule BUSCO:
    jobid: 28
    output: /beegfs/data/soukkal/StageM2/Control_genomes/results/GCA_920104205.1/BUSCO_results/full_table.tsv
    shell:
        
     hostname
     cd /beegfs/data/soukkal/StageM2/Control_genomes/results/GCA_920104205.1/
     /beegfs/data/soft/singularity-3.7.2/bin/singularity exec --bind /beegfs/:/beegfs/ /beegfs/data/soukkal/TOOLS/BUSCO.sif busco -i /beegfs/data/soukkal/StageM2/Control_genomes/genomes/GCA_920104205.1.fna  -l arthropoda_odb10 -m genome -o BUSCO_results -c 3
     
        (one of the commands exited with non-zero exit code; note that snakemake uses bash strict mode!)
    cluster_jobid: Submitted batch job 3450802

Error executing rule BUSCO on cluster (jobid: 28, external: Submitted batch job 3450802, jobscript: /beegfs/data/soukkal/StageM2/Scripts/BUSCO_jobs/.snakemake/tmp.xujt8xt6/snakejob.BUSCO.28.sh). For error details see the cluster log and the log files of the involved rule(s).
[Wed Mar  9 10:35:57 2022]
Error in rule BUSCO:
    jobid: 14
    output: /beegfs/data/soukkal/StageM2/Control_genomes/results/GCA_004302925.1/BUSCO_results/full_table.tsv
    shell:
        
     hostname
     cd /beegfs/data/soukkal/StageM2/Control_genomes/results/GCA_004302925.1/
     /beegfs/data/soft/singularity-3.7.2/bin/singularity exec --bind /beegfs/:/beegfs/ /beegfs/data/soukkal/TOOLS/BUSCO.sif busco -i /beegfs/data/soukkal/StageM2/Control_genomes/genomes/GCA_004302925.1.fna  -l arthropoda_odb10 -m genome -o BUSCO_results -c 3
     
        (one of the commands exited with non-zero exit code; note that snakemake uses bash strict mode!)
    cluster_jobid: Submitted batch job 3450803

Error executing rule BUSCO on cluster (jobid: 14, external: Submitted batch job 3450803, jobscript: /beegfs/data/soukkal/StageM2/Scripts/BUSCO_jobs/.snakemake/tmp.xujt8xt6/snakejob.BUSCO.14.sh). For error details see the cluster log and the log files of the involved rule(s).
[Wed Mar  9 10:36:24 2022]
Error in rule BUSCO:
    jobid: 7
    output: /beegfs/data/soukkal/StageM2/Control_genomes/results/GCA_001015175.1/BUSCO_results/full_table.tsv
    shell:
        
     hostname
     cd /beegfs/data/soukkal/StageM2/Control_genomes/results/GCA_001015175.1/
     /beegfs/data/soft/singularity-3.7.2/bin/singularity exec --bind /beegfs/:/beegfs/ /beegfs/data/soukkal/TOOLS/BUSCO.sif busco -i /beegfs/data/soukkal/StageM2/Control_genomes/genomes/GCA_001015175.1.fna  -l arthropoda_odb10 -m genome -o BUSCO_results -c 3
     
        (one of the commands exited with non-zero exit code; note that snakemake uses bash strict mode!)
    cluster_jobid: Submitted batch job 3450804

Error executing rule BUSCO on cluster (jobid: 7, external: Submitted batch job 3450804, jobscript: /beegfs/data/soukkal/StageM2/Scripts/BUSCO_jobs/.snakemake/tmp.xujt8xt6/snakejob.BUSCO.7.sh). For error details see the cluster log and the log files of the involved rule(s).
[Wed Mar  9 10:36:24 2022]
Error in rule BUSCO:
    jobid: 21
    output: /beegfs/data/soukkal/StageM2/Control_genomes/results/GCA_905231855.2/BUSCO_results/full_table.tsv
    shell:
        
     hostname
     cd /beegfs/data/soukkal/StageM2/Control_genomes/results/GCA_905231855.2/
     /beegfs/data/soft/singularity-3.7.2/bin/singularity exec --bind /beegfs/:/beegfs/ /beegfs/data/soukkal/TOOLS/BUSCO.sif busco -i /beegfs/data/soukkal/StageM2/Control_genomes/genomes/GCA_905231855.2.fna  -l arthropoda_odb10 -m genome -o BUSCO_results -c 3
     
        (one of the commands exited with non-zero exit code; note that snakemake uses bash strict mode!)
    cluster_jobid: Submitted batch job 3450805

Error executing rule BUSCO on cluster (jobid: 21, external: Submitted batch job 3450805, jobscript: /beegfs/data/soukkal/StageM2/Scripts/BUSCO_jobs/.snakemake/tmp.xujt8xt6/snakejob.BUSCO.21.sh). For error details see the cluster log and the log files of the involved rule(s).
[Wed Mar  9 10:37:03 2022]
Error in rule BUSCO:
    jobid: 35
    output: /beegfs/data/soukkal/StageM2/Control_genomes/results/GCF_002237135.1/BUSCO_results/full_table.tsv
    shell:
        
     hostname
     cd /beegfs/data/soukkal/StageM2/Control_genomes/results/GCF_002237135.1/
     /beegfs/data/soft/singularity-3.7.2/bin/singularity exec --bind /beegfs/:/beegfs/ /beegfs/data/soukkal/TOOLS/BUSCO.sif busco -i /beegfs/data/soukkal/StageM2/Control_genomes/genomes/GCF_002237135.1.fna  -l arthropoda_odb10 -m genome -o BUSCO_results -c 3
     
        (one of the commands exited with non-zero exit code; note that snakemake uses bash strict mode!)
    cluster_jobid: Submitted batch job 3450806

Error executing rule BUSCO on cluster (jobid: 35, external: Submitted batch job 3450806, jobscript: /beegfs/data/soukkal/StageM2/Scripts/BUSCO_jobs/.snakemake/tmp.xujt8xt6/snakejob.BUSCO.35.sh). For error details see the cluster log and the log files of the involved rule(s).
[Wed Mar  9 10:37:03 2022]
Error in rule BUSCO:
    jobid: 29
    output: /beegfs/data/soukkal/StageM2/Control_genomes/results/GCA_920105625.1/BUSCO_results/full_table.tsv
    shell:
        
     hostname
     cd /beegfs/data/soukkal/StageM2/Control_genomes/results/GCA_920105625.1/
     /beegfs/data/soft/singularity-3.7.2/bin/singularity exec --bind /beegfs/:/beegfs/ /beegfs/data/soukkal/TOOLS/BUSCO.sif busco -i /beegfs/data/soukkal/StageM2/Control_genomes/genomes/GCA_920105625.1.fna  -l arthropoda_odb10 -m genome -o BUSCO_results -c 3
     
        (one of the commands exited with non-zero exit code; note that snakemake uses bash strict mode!)
    cluster_jobid: Submitted batch job 3450807

Error executing rule BUSCO on cluster (jobid: 29, external: Submitted batch job 3450807, jobscript: /beegfs/data/soukkal/StageM2/Scripts/BUSCO_jobs/.snakemake/tmp.xujt8xt6/snakejob.BUSCO.29.sh). For error details see the cluster log and the log files of the involved rule(s).
[Wed Mar  9 10:37:29 2022]
Error in rule BUSCO:
    jobid: 1
    output: /beegfs/data/soukkal/StageM2/Control_genomes/results/GCA_001014415.1/BUSCO_results/full_table.tsv
    shell:
        
     hostname
     cd /beegfs/data/soukkal/StageM2/Control_genomes/results/GCA_001014415.1/
     /beegfs/data/soft/singularity-3.7.2/bin/singularity exec --bind /beegfs/:/beegfs/ /beegfs/data/soukkal/TOOLS/BUSCO.sif busco -i /beegfs/data/soukkal/StageM2/Control_genomes/genomes/GCA_001014415.1.fna  -l arthropoda_odb10 -m genome -o BUSCO_results -c 3
     
        (one of the commands exited with non-zero exit code; note that snakemake uses bash strict mode!)
    cluster_jobid: Submitted batch job 3450808

Error executing rule BUSCO on cluster (jobid: 1, external: Submitted batch job 3450808, jobscript: /beegfs/data/soukkal/StageM2/Scripts/BUSCO_jobs/.snakemake/tmp.xujt8xt6/snakejob.BUSCO.1.sh). For error details see the cluster log and the log files of the involved rule(s).
[Wed Mar  9 10:37:29 2022]
Error in rule BUSCO:
    jobid: 15
    output: /beegfs/data/soukkal/StageM2/Control_genomes/results/GCA_005959815.1/BUSCO_results/full_table.tsv
    shell:
        
     hostname
     cd /beegfs/data/soukkal/StageM2/Control_genomes/results/GCA_005959815.1/
     /beegfs/data/soft/singularity-3.7.2/bin/singularity exec --bind /beegfs/:/beegfs/ /beegfs/data/soukkal/TOOLS/BUSCO.sif busco -i /beegfs/data/soukkal/StageM2/Control_genomes/genomes/GCA_005959815.1.fna  -l arthropoda_odb10 -m genome -o BUSCO_results -c 3
     
        (one of the commands exited with non-zero exit code; note that snakemake uses bash strict mode!)
    cluster_jobid: Submitted batch job 3450809

Error executing rule BUSCO on cluster (jobid: 15, external: Submitted batch job 3450809, jobscript: /beegfs/data/soukkal/StageM2/Scripts/BUSCO_jobs/.snakemake/tmp.xujt8xt6/snakejob.BUSCO.15.sh). For error details see the cluster log and the log files of the involved rule(s).
[Wed Mar  9 10:38:06 2022]
Error in rule BUSCO:
    jobid: 8
    output: /beegfs/data/soukkal/StageM2/Control_genomes/results/GCA_001017275.1/BUSCO_results/full_table.tsv
    shell:
        
     hostname
     cd /beegfs/data/soukkal/StageM2/Control_genomes/results/GCA_001017275.1/
     /beegfs/data/soft/singularity-3.7.2/bin/singularity exec --bind /beegfs/:/beegfs/ /beegfs/data/soukkal/TOOLS/BUSCO.sif busco -i /beegfs/data/soukkal/StageM2/Control_genomes/genomes/GCA_001017275.1.fna  -l arthropoda_odb10 -m genome -o BUSCO_results -c 3
     
        (one of the commands exited with non-zero exit code; note that snakemake uses bash strict mode!)
    cluster_jobid: Submitted batch job 3450810

Error executing rule BUSCO on cluster (jobid: 8, external: Submitted batch job 3450810, jobscript: /beegfs/data/soukkal/StageM2/Scripts/BUSCO_jobs/.snakemake/tmp.xujt8xt6/snakejob.BUSCO.8.sh). For error details see the cluster log and the log files of the involved rule(s).
[Wed Mar  9 10:38:06 2022]
Error in rule BUSCO:
    jobid: 22
    output: /beegfs/data/soukkal/StageM2/Control_genomes/results/GCA_907269105.1/BUSCO_results/full_table.tsv
    shell:
        
     hostname
     cd /beegfs/data/soukkal/StageM2/Control_genomes/results/GCA_907269105.1/
     /beegfs/data/soft/singularity-3.7.2/bin/singularity exec --bind /beegfs/:/beegfs/ /beegfs/data/soukkal/TOOLS/BUSCO.sif busco -i /beegfs/data/soukkal/StageM2/Control_genomes/genomes/GCA_907269105.1.fna  -l arthropoda_odb10 -m genome -o BUSCO_results -c 3
     
        (one of the commands exited with non-zero exit code; note that snakemake uses bash strict mode!)
    cluster_jobid: Submitted batch job 3450811

Error executing rule BUSCO on cluster (jobid: 22, external: Submitted batch job 3450811, jobscript: /beegfs/data/soukkal/StageM2/Scripts/BUSCO_jobs/.snakemake/tmp.xujt8xt6/snakejob.BUSCO.22.sh). For error details see the cluster log and the log files of the involved rule(s).
[Wed Mar  9 10:38:30 2022]
Error in rule BUSCO:
    jobid: 36
    output: /beegfs/data/soukkal/StageM2/Control_genomes/results/GCF_009650485.1/BUSCO_results/full_table.tsv
    shell:
        
     hostname
     cd /beegfs/data/soukkal/StageM2/Control_genomes/results/GCF_009650485.1/
     /beegfs/data/soft/singularity-3.7.2/bin/singularity exec --bind /beegfs/:/beegfs/ /beegfs/data/soukkal/TOOLS/BUSCO.sif busco -i /beegfs/data/soukkal/StageM2/Control_genomes/genomes/GCF_009650485.1.fna  -l arthropoda_odb10 -m genome -o BUSCO_results -c 3
     
        (one of the commands exited with non-zero exit code; note that snakemake uses bash strict mode!)
    cluster_jobid: Submitted batch job 3450812

Error executing rule BUSCO on cluster (jobid: 36, external: Submitted batch job 3450812, jobscript: /beegfs/data/soukkal/StageM2/Scripts/BUSCO_jobs/.snakemake/tmp.xujt8xt6/snakejob.BUSCO.36.sh). For error details see the cluster log and the log files of the involved rule(s).
[Wed Mar  9 10:38:30 2022]
Error in rule BUSCO:
    jobid: 3
    output: /beegfs/data/soukkal/StageM2/Control_genomes/results/GCA_001014675.1/BUSCO_results/full_table.tsv
    shell:
        
     hostname
     cd /beegfs/data/soukkal/StageM2/Control_genomes/results/GCA_001014675.1/
     /beegfs/data/soft/singularity-3.7.2/bin/singularity exec --bind /beegfs/:/beegfs/ /beegfs/data/soukkal/TOOLS/BUSCO.sif busco -i /beegfs/data/soukkal/StageM2/Control_genomes/genomes/GCA_001014675.1.fna  -l arthropoda_odb10 -m genome -o BUSCO_results -c 3
     
        (one of the commands exited with non-zero exit code; note that snakemake uses bash strict mode!)
    cluster_jobid: Submitted batch job 3450813

Error executing rule BUSCO on cluster (jobid: 3, external: Submitted batch job 3450813, jobscript: /beegfs/data/soukkal/StageM2/Scripts/BUSCO_jobs/.snakemake/tmp.xujt8xt6/snakejob.BUSCO.3.sh). For error details see the cluster log and the log files of the involved rule(s).
[Wed Mar  9 10:39:06 2022]
Error in rule BUSCO:
    jobid: 16
    output: /beegfs/data/soukkal/StageM2/Control_genomes/results/GCA_014858695.1/BUSCO_results/full_table.tsv
    shell:
        
     hostname
     cd /beegfs/data/soukkal/StageM2/Control_genomes/results/GCA_014858695.1/
     /beegfs/data/soft/singularity-3.7.2/bin/singularity exec --bind /beegfs/:/beegfs/ /beegfs/data/soukkal/TOOLS/BUSCO.sif busco -i /beegfs/data/soukkal/StageM2/Control_genomes/genomes/GCA_014858695.1.fna  -l arthropoda_odb10 -m genome -o BUSCO_results -c 3
     
        (one of the commands exited with non-zero exit code; note that snakemake uses bash strict mode!)
    cluster_jobid: Submitted batch job 3450814

Error executing rule BUSCO on cluster (jobid: 16, external: Submitted batch job 3450814, jobscript: /beegfs/data/soukkal/StageM2/Scripts/BUSCO_jobs/.snakemake/tmp.xujt8xt6/snakejob.BUSCO.16.sh). For error details see the cluster log and the log files of the involved rule(s).
[Wed Mar  9 10:39:06 2022]
Error in rule BUSCO:
    jobid: 30
    output: /beegfs/data/soukkal/StageM2/Control_genomes/results/GCA_922984085.1/BUSCO_results/full_table.tsv
    shell:
        
     hostname
     cd /beegfs/data/soukkal/StageM2/Control_genomes/results/GCA_922984085.1/
     /beegfs/data/soft/singularity-3.7.2/bin/singularity exec --bind /beegfs/:/beegfs/ /beegfs/data/soukkal/TOOLS/BUSCO.sif busco -i /beegfs/data/soukkal/StageM2/Control_genomes/genomes/GCA_922984085.1.fna  -l arthropoda_odb10 -m genome -o BUSCO_results -c 3
     
        (one of the commands exited with non-zero exit code; note that snakemake uses bash strict mode!)
    cluster_jobid: Submitted batch job 3450815

Error executing rule BUSCO on cluster (jobid: 30, external: Submitted batch job 3450815, jobscript: /beegfs/data/soukkal/StageM2/Scripts/BUSCO_jobs/.snakemake/tmp.xujt8xt6/snakejob.BUSCO.30.sh). For error details see the cluster log and the log files of the involved rule(s).
[Wed Mar  9 10:39:30 2022]
Error in rule BUSCO:
    jobid: 9
    output: /beegfs/data/soukkal/StageM2/Control_genomes/results/GCA_001017515.1/BUSCO_results/full_table.tsv
    shell:
        
     hostname
     cd /beegfs/data/soukkal/StageM2/Control_genomes/results/GCA_001017515.1/
     /beegfs/data/soft/singularity-3.7.2/bin/singularity exec --bind /beegfs/:/beegfs/ /beegfs/data/soukkal/TOOLS/BUSCO.sif busco -i /beegfs/data/soukkal/StageM2/Control_genomes/genomes/GCA_001017515.1.fna  -l arthropoda_odb10 -m genome -o BUSCO_results -c 3
     
        (one of the commands exited with non-zero exit code; note that snakemake uses bash strict mode!)
    cluster_jobid: Submitted batch job 3450816

Error executing rule BUSCO on cluster (jobid: 9, external: Submitted batch job 3450816, jobscript: /beegfs/data/soukkal/StageM2/Scripts/BUSCO_jobs/.snakemake/tmp.xujt8xt6/snakejob.BUSCO.9.sh). For error details see the cluster log and the log files of the involved rule(s).
[Wed Mar  9 10:39:30 2022]
Error in rule BUSCO:
    jobid: 23
    output: /beegfs/data/soukkal/StageM2/Control_genomes/results/GCA_914767635.1/BUSCO_results/full_table.tsv
    shell:
        
     hostname
     cd /beegfs/data/soukkal/StageM2/Control_genomes/results/GCA_914767635.1/
     /beegfs/data/soft/singularity-3.7.2/bin/singularity exec --bind /beegfs/:/beegfs/ /beegfs/data/soukkal/TOOLS/BUSCO.sif busco -i /beegfs/data/soukkal/StageM2/Control_genomes/genomes/GCA_914767635.1.fna  -l arthropoda_odb10 -m genome -o BUSCO_results -c 3
     
        (one of the commands exited with non-zero exit code; note that snakemake uses bash strict mode!)
    cluster_jobid: Submitted batch job 3450817

Error executing rule BUSCO on cluster (jobid: 23, external: Submitted batch job 3450817, jobscript: /beegfs/data/soukkal/StageM2/Scripts/BUSCO_jobs/.snakemake/tmp.xujt8xt6/snakejob.BUSCO.23.sh). For error details see the cluster log and the log files of the involved rule(s).
[Wed Mar  9 10:40:06 2022]
Error in rule BUSCO:
    jobid: 37
    output: /beegfs/data/soukkal/StageM2/Control_genomes/results/GCF_013340165.1/BUSCO_results/full_table.tsv
    shell:
        
     hostname
     cd /beegfs/data/soukkal/StageM2/Control_genomes/results/GCF_013340165.1/
     /beegfs/data/soft/singularity-3.7.2/bin/singularity exec --bind /beegfs/:/beegfs/ /beegfs/data/soukkal/TOOLS/BUSCO.sif busco -i /beegfs/data/soukkal/StageM2/Control_genomes/genomes/GCF_013340165.1.fna  -l arthropoda_odb10 -m genome -o BUSCO_results -c 3
     
        (one of the commands exited with non-zero exit code; note that snakemake uses bash strict mode!)
    cluster_jobid: Submitted batch job 3450818

Error executing rule BUSCO on cluster (jobid: 37, external: Submitted batch job 3450818, jobscript: /beegfs/data/soukkal/StageM2/Scripts/BUSCO_jobs/.snakemake/tmp.xujt8xt6/snakejob.BUSCO.37.sh). For error details see the cluster log and the log files of the involved rule(s).
[Wed Mar  9 10:40:06 2022]
Error in rule BUSCO:
    jobid: 2
    output: /beegfs/data/soukkal/StageM2/Control_genomes/results/GCA_001014575.1/BUSCO_results/full_table.tsv
    shell:
        
     hostname
     cd /beegfs/data/soukkal/StageM2/Control_genomes/results/GCA_001014575.1/
     /beegfs/data/soft/singularity-3.7.2/bin/singularity exec --bind /beegfs/:/beegfs/ /beegfs/data/soukkal/TOOLS/BUSCO.sif busco -i /beegfs/data/soukkal/StageM2/Control_genomes/genomes/GCA_001014575.1.fna  -l arthropoda_odb10 -m genome -o BUSCO_results -c 3
     
        (one of the commands exited with non-zero exit code; note that snakemake uses bash strict mode!)
    cluster_jobid: Submitted batch job 3450819

Error executing rule BUSCO on cluster (jobid: 2, external: Submitted batch job 3450819, jobscript: /beegfs/data/soukkal/StageM2/Scripts/BUSCO_jobs/.snakemake/tmp.xujt8xt6/snakejob.BUSCO.2.sh). For error details see the cluster log and the log files of the involved rule(s).
[Wed Mar  9 10:40:29 2022]
Error in rule BUSCO:
    jobid: 17
    output: /beegfs/data/soukkal/StageM2/Control_genomes/results/GCA_017309665.1/BUSCO_results/full_table.tsv
    shell:
        
     hostname
     cd /beegfs/data/soukkal/StageM2/Control_genomes/results/GCA_017309665.1/
     /beegfs/data/soft/singularity-3.7.2/bin/singularity exec --bind /beegfs/:/beegfs/ /beegfs/data/soukkal/TOOLS/BUSCO.sif busco -i /beegfs/data/soukkal/StageM2/Control_genomes/genomes/GCA_017309665.1.fna  -l arthropoda_odb10 -m genome -o BUSCO_results -c 3
     
        (one of the commands exited with non-zero exit code; note that snakemake uses bash strict mode!)
    cluster_jobid: Submitted batch job 3450820

Error executing rule BUSCO on cluster (jobid: 17, external: Submitted batch job 3450820, jobscript: /beegfs/data/soukkal/StageM2/Scripts/BUSCO_jobs/.snakemake/tmp.xujt8xt6/snakejob.BUSCO.17.sh). For error details see the cluster log and the log files of the involved rule(s).
[Wed Mar  9 10:40:29 2022]
Error in rule BUSCO:
    jobid: 31
    output: /beegfs/data/soukkal/StageM2/Control_genomes/results/GCF_000001215.4/BUSCO_results/full_table.tsv
    shell:
        
     hostname
     cd /beegfs/data/soukkal/StageM2/Control_genomes/results/GCF_000001215.4/
     /beegfs/data/soft/singularity-3.7.2/bin/singularity exec --bind /beegfs/:/beegfs/ /beegfs/data/soukkal/TOOLS/BUSCO.sif busco -i /beegfs/data/soukkal/StageM2/Control_genomes/genomes/GCF_000001215.4.fna  -l arthropoda_odb10 -m genome -o BUSCO_results -c 3
     
        (one of the commands exited with non-zero exit code; note that snakemake uses bash strict mode!)
    cluster_jobid: Submitted batch job 3450821

Error executing rule BUSCO on cluster (jobid: 31, external: Submitted batch job 3450821, jobscript: /beegfs/data/soukkal/StageM2/Scripts/BUSCO_jobs/.snakemake/tmp.xujt8xt6/snakejob.BUSCO.31.sh). For error details see the cluster log and the log files of the involved rule(s).
[Wed Mar  9 10:41:03 2022]
Error in rule BUSCO:
    jobid: 13
    output: /beegfs/data/soukkal/StageM2/Control_genomes/results/GCA_003952975.1/BUSCO_results/full_table.tsv
    shell:
        
     hostname
     cd /beegfs/data/soukkal/StageM2/Control_genomes/results/GCA_003952975.1/
     /beegfs/data/soft/singularity-3.7.2/bin/singularity exec --bind /beegfs/:/beegfs/ /beegfs/data/soukkal/TOOLS/BUSCO.sif busco -i /beegfs/data/soukkal/StageM2/Control_genomes/genomes/GCA_003952975.1.fna  -l arthropoda_odb10 -m genome -o BUSCO_results -c 3
     
        (one of the commands exited with non-zero exit code; note that snakemake uses bash strict mode!)
    cluster_jobid: Submitted batch job 3450822

Error executing rule BUSCO on cluster (jobid: 13, external: Submitted batch job 3450822, jobscript: /beegfs/data/soukkal/StageM2/Scripts/BUSCO_jobs/.snakemake/tmp.xujt8xt6/snakejob.BUSCO.13.sh). For error details see the cluster log and the log files of the involved rule(s).
[Wed Mar  9 10:41:03 2022]
Error in rule BUSCO:
    jobid: 10
    output: /beegfs/data/soukkal/StageM2/Control_genomes/results/GCA_001735545.1/BUSCO_results/full_table.tsv
    shell:
        
     hostname
     cd /beegfs/data/soukkal/StageM2/Control_genomes/results/GCA_001735545.1/
     /beegfs/data/soft/singularity-3.7.2/bin/singularity exec --bind /beegfs/:/beegfs/ /beegfs/data/soukkal/TOOLS/BUSCO.sif busco -i /beegfs/data/soukkal/StageM2/Control_genomes/genomes/GCA_001735545.1.fna  -l arthropoda_odb10 -m genome -o BUSCO_results -c 3
     
        (one of the commands exited with non-zero exit code; note that snakemake uses bash strict mode!)
    cluster_jobid: Submitted batch job 3450823

Error executing rule BUSCO on cluster (jobid: 10, external: Submitted batch job 3450823, jobscript: /beegfs/data/soukkal/StageM2/Scripts/BUSCO_jobs/.snakemake/tmp.xujt8xt6/snakejob.BUSCO.10.sh). For error details see the cluster log and the log files of the involved rule(s).
Will exit after finishing currently running jobs.
