Building DAG of jobs...
Using shell: /usr/bin/bash
Provided cluster nodes: 5
Job counts:
	count	jobs
	40	QUAST
	1	all
	41

[Mon Mar 14 10:48:46 2022]
rule QUAST:
    input: /beegfs/data/soukkal/StageM2/Control_genomes/genomes/GCF_013731165.1.fna
    output: /beegfs/data/soukkal/StageM2/Control_genomes/results/Stat_Results/GCF_013731165.1/QUAST_results/report.tsv
    jobid: 78
    wildcards: Genome_ID=GCF_013731165.1

Submitted job 78 with external jobid 'Submitted batch job 3454232'.

[Mon Mar 14 10:48:46 2022]
rule QUAST:
    input: /beegfs/data/soukkal/StageM2/Control_genomes/genomes/GCA_914767935.1.fna
    output: /beegfs/data/soukkal/StageM2/Control_genomes/results/Stat_Results/GCA_914767935.1/QUAST_results/report.tsv
    jobid: 64
    wildcards: Genome_ID=GCA_914767935.1

Submitted job 64 with external jobid 'Submitted batch job 3454233'.

[Mon Mar 14 10:48:46 2022]
rule QUAST:
    input: /beegfs/data/soukkal/StageM2/Control_genomes/genomes/GCA_003123925.1.fna
    output: /beegfs/data/soukkal/StageM2/Control_genomes/results/Stat_Results/GCA_003123925.1/QUAST_results/report.tsv
    jobid: 52
    wildcards: Genome_ID=GCA_003123925.1

Submitted job 52 with external jobid 'Submitted batch job 3454234'.

[Mon Mar 14 10:48:46 2022]
rule QUAST:
    input: /beegfs/data/soukkal/StageM2/Control_genomes/genomes/GCA_021234595.1.fna
    output: /beegfs/data/soukkal/StageM2/Control_genomes/results/Stat_Results/GCA_021234595.1/QUAST_results/report.tsv
    jobid: 60
    wildcards: Genome_ID=GCA_021234595.1

Submitted job 60 with external jobid 'Submitted batch job 3454235'.

[Mon Mar 14 10:48:46 2022]
rule QUAST:
    input: /beegfs/data/soukkal/StageM2/Control_genomes/genomes/GCA_920105625.1.fna
    output: /beegfs/data/soukkal/StageM2/Control_genomes/results/Stat_Results/GCA_920105625.1/QUAST_results/report.tsv
    jobid: 69
    wildcards: Genome_ID=GCA_920105625.1

Submitted job 69 with external jobid 'Submitted batch job 3454236'.
[Mon Mar 14 10:51:46 2022]
Error in rule QUAST:
    jobid: 78
    output: /beegfs/data/soukkal/StageM2/Control_genomes/results/Stat_Results/GCF_013731165.1/QUAST_results/report.tsv
    shell:
        
   python3 /beegfs/data/soukkal/StageM2/Scripts/quast/quast.py /beegfs/data/soukkal/StageM2/Control_genomes/genomes/GCF_013731165.1.fna  -o /beegfs/data/soukkal/StageM2/Control_genomes/results/Stat_Results/GCF_013731165.1/QUAST_Results/ -t 5
     
        (one of the commands exited with non-zero exit code; note that snakemake uses bash strict mode!)
    cluster_jobid: Submitted batch job 3454232

Error executing rule QUAST on cluster (jobid: 78, external: Submitted batch job 3454232, jobscript: /beegfs/data/soukkal/StageM2/Scripts/BUSCO_jobs/.snakemake/tmp.j6a6_i2k/snakejob.QUAST.78.sh). For error details see the cluster log and the log files of the involved rule(s).
[Mon Mar 14 10:51:46 2022]
Error in rule QUAST:
    jobid: 64
    output: /beegfs/data/soukkal/StageM2/Control_genomes/results/Stat_Results/GCA_914767935.1/QUAST_results/report.tsv
    shell:
        
   python3 /beegfs/data/soukkal/StageM2/Scripts/quast/quast.py /beegfs/data/soukkal/StageM2/Control_genomes/genomes/GCA_914767935.1.fna  -o /beegfs/data/soukkal/StageM2/Control_genomes/results/Stat_Results/GCA_914767935.1/QUAST_Results/ -t 5
     
        (one of the commands exited with non-zero exit code; note that snakemake uses bash strict mode!)
    cluster_jobid: Submitted batch job 3454233

Error executing rule QUAST on cluster (jobid: 64, external: Submitted batch job 3454233, jobscript: /beegfs/data/soukkal/StageM2/Scripts/BUSCO_jobs/.snakemake/tmp.j6a6_i2k/snakejob.QUAST.64.sh). For error details see the cluster log and the log files of the involved rule(s).
[Mon Mar 14 10:51:56 2022]
Error in rule QUAST:
    jobid: 52
    output: /beegfs/data/soukkal/StageM2/Control_genomes/results/Stat_Results/GCA_003123925.1/QUAST_results/report.tsv
    shell:
        
   python3 /beegfs/data/soukkal/StageM2/Scripts/quast/quast.py /beegfs/data/soukkal/StageM2/Control_genomes/genomes/GCA_003123925.1.fna  -o /beegfs/data/soukkal/StageM2/Control_genomes/results/Stat_Results/GCA_003123925.1/QUAST_Results/ -t 5
     
        (one of the commands exited with non-zero exit code; note that snakemake uses bash strict mode!)
    cluster_jobid: Submitted batch job 3454234

Error executing rule QUAST on cluster (jobid: 52, external: Submitted batch job 3454234, jobscript: /beegfs/data/soukkal/StageM2/Scripts/BUSCO_jobs/.snakemake/tmp.j6a6_i2k/snakejob.QUAST.52.sh). For error details see the cluster log and the log files of the involved rule(s).
Terminating processes on user request, this might take some time.
Will exit after finishing currently running jobs.
Complete log: /beegfs/data/soukkal/StageM2/Scripts/BUSCO_jobs/.snakemake/log/2022-03-14T104842.604915.snakemake.log
