Building DAG of jobs...
Using shell: /usr/bin/bash
Provided cluster nodes: 8000
Job counts:
	count	jobs
	1	BUSCO
	37	QUAST
	37	Sum
	1	all
	76

[Tue Mar 15 14:16:10 2022]
rule Sum:
    input: /beegfs/data/soukkal/StageM2/Tachinids_genomes/results/Stat_Results/lixophaga_wood09/BUSCO_results/run_arthropoda_odb10/full_table.tsv
    output: /beegfs/data/soukkal/StageM2/Tachinids_genomes/results/Stat_Results/lixophaga_wood09/BUSCO_results/Sum_table_lixophaga_wood09.txt
    jobid: 104
    wildcards: Genome_ID=lixophaga_wood09

Submitted job 104 with external jobid 'Submitted batch job 3478841'.

[Tue Mar 15 14:16:10 2022]
rule QUAST:
    input: /beegfs/data/soukkal/StageM2/Tachinids_genomes/genomes/chetogena_scutellarisdhj01.fna
    output: /beegfs/data/soukkal/StageM2/Tachinids_genomes/results/Stat_Results/chetogena_scutellarisdhj01/QUAST_results/report.tsv
    jobid: 62
    wildcards: Genome_ID=chetogena_scutellarisdhj01

Submitted job 62 with external jobid 'Submitted batch job 3478842'.

[Tue Mar 15 14:16:10 2022]
rule QUAST:
    input: /beegfs/data/soukkal/StageM2/Tachinids_genomes/genomes/atacta_brasiliensisdhj01.fna
    output: /beegfs/data/soukkal/StageM2/Tachinids_genomes/results/Stat_Results/atacta_brasiliensisdhj01/QUAST_results/report.tsv
    jobid: 48
    wildcards: Genome_ID=atacta_brasiliensisdhj01

Submitted job 48 with external jobid 'Submitted batch job 3478843'.

[Tue Mar 15 14:16:11 2022]
rule Sum:
    input: /beegfs/data/soukkal/StageM2/Tachinids_genomes/results/Stat_Results/drino_wood06dhj05/BUSCO_results/run_arthropoda_odb10/full_table.tsv
    output: /beegfs/data/soukkal/StageM2/Tachinids_genomes/results/Stat_Results/drino_wood06dhj05/BUSCO_results/Sum_table_drino_wood06dhj05.txt
    jobid: 76
    wildcards: Genome_ID=drino_wood06dhj05

Submitted job 76 with external jobid 'Submitted batch job 3478844'.

[Tue Mar 15 14:16:11 2022]
rule Sum:
    input: /beegfs/data/soukkal/StageM2/Tachinids_genomes/results/Stat_Results/hyphantrophaga_virilis/BUSCO_results/run_arthropoda_odb10/full_table.tsv
    output: /beegfs/data/soukkal/StageM2/Tachinids_genomes/results/Stat_Results/hyphantrophaga_virilis/BUSCO_results/Sum_table_hyphantrophaga_virilis.txt
    jobid: 90
    wildcards: Genome_ID=hyphantrophaga_virilis

Submitted job 90 with external jobid 'Submitted batch job 3478845'.

[Tue Mar 15 14:16:11 2022]
rule QUAST:
    input: /beegfs/data/soukkal/StageM2/Tachinids_genomes/genomes/siphosturmia_rafaelidhj03.fna
    output: /beegfs/data/soukkal/StageM2/Tachinids_genomes/results/Stat_Results/siphosturmia_rafaelidhj03/QUAST_results/report.tsv
    jobid: 69
    wildcards: Genome_ID=siphosturmia_rafaelidhj03

Submitted job 69 with external jobid 'Submitted batch job 3478846'.

[Tue Mar 15 14:16:11 2022]
rule QUAST:
    input: /beegfs/data/soukkal/StageM2/Tachinids_genomes/genomes/argyrochaetona_cubanadhj02.fna
    output: /beegfs/data/soukkal/StageM2/Tachinids_genomes/results/Stat_Results/argyrochaetona_cubanadhj02/QUAST_results/report.tsv
    jobid: 42
    wildcards: Genome_ID=argyrochaetona_cubanadhj02

Submitted job 42 with external jobid 'Submitted batch job 3478847'.

[Tue Mar 15 14:16:11 2022]
rule QUAST:
    input: /beegfs/data/soukkal/StageM2/Tachinids_genomes/genomes/calolydella_erasmocoronadoi.fna
    output: /beegfs/data/soukkal/StageM2/Tachinids_genomes/results/Stat_Results/calolydella_erasmocoronadoi/QUAST_results/report.tsv
    jobid: 56
    wildcards: Genome_ID=calolydella_erasmocoronadoi

Submitted job 56 with external jobid 'Submitted batch job 3478848'.

[Tue Mar 15 14:16:11 2022]
rule QUAST:
    input: /beegfs/data/soukkal/StageM2/Tachinids_genomes/genomes/chrysotachina_wood02dhj02.fna
    output: /beegfs/data/soukkal/StageM2/Tachinids_genomes/results/Stat_Results/chrysotachina_wood02dhj02/QUAST_results/report.tsv
    jobid: 70
    wildcards: Genome_ID=chrysotachina_wood02dhj02

Submitted job 70 with external jobid 'Submitted batch job 3478849'.

[Tue Mar 15 14:16:11 2022]
rule Sum:
    input: /beegfs/data/soukkal/StageM2/Tachinids_genomes/results/Stat_Results/houghia_brevipilosa/BUSCO_results/run_arthropoda_odb10/full_table.tsv
    output: /beegfs/data/soukkal/StageM2/Tachinids_genomes/results/Stat_Results/houghia_brevipilosa/BUSCO_results/Sum_table_houghia_brevipilosa.txt
    jobid: 84
    wildcards: Genome_ID=houghia_brevipilosa

Submitted job 84 with external jobid 'Submitted batch job 3478850'.

[Tue Mar 15 14:16:11 2022]
rule Sum:
    input: /beegfs/data/soukkal/StageM2/Tachinids_genomes/results/Stat_Results/leskia_janzen27/BUSCO_results/run_arthropoda_odb10/full_table.tsv
    output: /beegfs/data/soukkal/StageM2/Tachinids_genomes/results/Stat_Results/leskia_janzen27/BUSCO_results/Sum_table_leskia_janzen27.txt
    jobid: 98
    wildcards: Genome_ID=leskia_janzen27

Submitted job 98 with external jobid 'Submitted batch job 3478851'.

[Tue Mar 15 14:16:11 2022]
rule QUAST:
    input: /beegfs/data/soukkal/StageM2/Tachinids_genomes/genomes/houghia_graciloides.fna
    output: /beegfs/data/soukkal/StageM2/Tachinids_genomes/results/Stat_Results/houghia_graciloides/QUAST_results/report.tsv
    jobid: 49
    wildcards: Genome_ID=houghia_graciloides

Submitted job 49 with external jobid 'Submitted batch job 3478852'.

[Tue Mar 15 14:16:11 2022]
rule QUAST:
    input: /beegfs/data/soukkal/StageM2/Tachinids_genomes/genomes/leskia_wood01dhj03.fna
    output: /beegfs/data/soukkal/StageM2/Tachinids_genomes/results/Stat_Results/leskia_wood01dhj03/QUAST_results/report.tsv
    jobid: 63
    wildcards: Genome_ID=leskia_wood01dhj03

Submitted job 63 with external jobid 'Submitted batch job 3478853'.

[Tue Mar 15 14:16:11 2022]
rule Sum:
    input: /beegfs/data/soukkal/StageM2/Tachinids_genomes/results/Stat_Results/archytas_wood02/BUSCO_results/run_arthropoda_odb10/full_table.tsv
    output: /beegfs/data/soukkal/StageM2/Tachinids_genomes/results/Stat_Results/archytas_wood02/BUSCO_results/Sum_table_archytas_wood02.txt
    jobid: 77
    wildcards: Genome_ID=archytas_wood02

Submitted job 77 with external jobid 'Submitted batch job 3478854'.

[Tue Mar 15 14:16:11 2022]
rule Sum:
    input: /beegfs/data/soukkal/StageM2/Tachinids_genomes/results/Stat_Results/chrysotachina_wood01/BUSCO_results/run_arthropoda_odb10/full_table.tsv
    output: /beegfs/data/soukkal/StageM2/Tachinids_genomes/results/Stat_Results/chrysotachina_wood01/BUSCO_results/Sum_table_chrysotachina_wood01.txt
    jobid: 105
    wildcards: Genome_ID=chrysotachina_wood01

Submitted job 105 with external jobid 'Submitted batch job 3478855'.

[Tue Mar 15 14:16:11 2022]
rule Sum:
    input: /beegfs/data/soukkal/StageM2/Tachinids_genomes/results/Stat_Results/atacta_brasiliensisdhj01/BUSCO_results/run_arthropoda_odb10/full_table.tsv
    output: /beegfs/data/soukkal/StageM2/Tachinids_genomes/results/Stat_Results/atacta_brasiliensisdhj01/BUSCO_results/Sum_table_atacta_brasiliensisdhj01.txt
    jobid: 85
    wildcards: Genome_ID=atacta_brasiliensisdhj01

Submitted job 85 with external jobid 'Submitted batch job 3478856'.

[Tue Mar 15 14:16:11 2022]
rule QUAST:
    input: /beegfs/data/soukkal/StageM2/Tachinids_genomes/genomes/siphosturmia_wood02.fna
    output: /beegfs/data/soukkal/StageM2/Tachinids_genomes/results/Stat_Results/siphosturmia_wood02/QUAST_results/report.tsv
    jobid: 71
    wildcards: Genome_ID=siphosturmia_wood02

Submitted job 71 with external jobid 'Submitted batch job 3478857'.

[Tue Mar 15 14:16:11 2022]
rule QUAST:
    input: /beegfs/data/soukkal/StageM2/Tachinids_genomes/genomes/jurinella_wood01.fna
    output: /beegfs/data/soukkal/StageM2/Tachinids_genomes/results/Stat_Results/jurinella_wood01/QUAST_results/report.tsv
    jobid: 57
    wildcards: Genome_ID=jurinella_wood01

Submitted job 57 with external jobid 'Submitted batch job 3478858'.

[Tue Mar 15 14:16:11 2022]
rule QUAST:
    input: /beegfs/data/soukkal/StageM2/Tachinids_genomes/genomes/genea_wood03dhj01.fna
    output: /beegfs/data/soukkal/StageM2/Tachinids_genomes/results/Stat_Results/genea_wood03dhj01/QUAST_results/report.tsv
    jobid: 43
    wildcards: Genome_ID=genea_wood03dhj01

Submitted job 43 with external jobid 'Submitted batch job 3478859'.

[Tue Mar 15 14:16:11 2022]
rule Sum:
    input: /beegfs/data/soukkal/StageM2/Tachinids_genomes/results/Stat_Results/chetogena_scutellarisdhj01/BUSCO_results/run_arthropoda_odb10/full_table.tsv
    output: /beegfs/data/soukkal/StageM2/Tachinids_genomes/results/Stat_Results/chetogena_scutellarisdhj01/BUSCO_results/Sum_table_chetogena_scutellarisdhj01.txt
    jobid: 99
    wildcards: Genome_ID=chetogena_scutellarisdhj01

Submitted job 99 with external jobid 'Submitted batch job 3478860'.

[Tue Mar 15 14:16:11 2022]
rule QUAST:
    input: /beegfs/data/soukkal/StageM2/Tachinids_genomes/genomes/austrophorocera_wood05.fna
    output: /beegfs/data/soukkal/StageM2/Tachinids_genomes/results/Stat_Results/austrophorocera_wood05/QUAST_results/report.tsv
    jobid: 50
    wildcards: Genome_ID=austrophorocera_wood05

Submitted job 50 with external jobid 'Submitted batch job 3478861'.

[Tue Mar 15 14:16:11 2022]
rule QUAST:
    input: /beegfs/data/soukkal/StageM2/Tachinids_genomes/genomes/chrysoexorista_wood01dhj02.fna
    output: /beegfs/data/soukkal/StageM2/Tachinids_genomes/results/Stat_Results/chrysoexorista_wood01dhj02/QUAST_results/report.tsv
    jobid: 64
    wildcards: Genome_ID=chrysoexorista_wood01dhj02

Submitted job 64 with external jobid 'Submitted batch job 3478862'.

[Tue Mar 15 14:16:11 2022]
rule Sum:
    input: /beegfs/data/soukkal/StageM2/Tachinids_genomes/results/Stat_Results/genea_wood01/BUSCO_results/run_arthropoda_odb10/full_table.tsv
    output: /beegfs/data/soukkal/StageM2/Tachinids_genomes/results/Stat_Results/genea_wood01/BUSCO_results/Sum_table_genea_wood01.txt
    jobid: 78
    wildcards: Genome_ID=genea_wood01

Submitted job 78 with external jobid 'Submitted batch job 3478863'.

[Tue Mar 15 14:16:11 2022]
rule Sum:
    input: /beegfs/data/soukkal/StageM2/Tachinids_genomes/results/Stat_Results/hyphantrophaga_wood11/BUSCO_results/run_arthropoda_odb10/full_table.tsv
    output: /beegfs/data/soukkal/StageM2/Tachinids_genomes/results/Stat_Results/hyphantrophaga_wood11/BUSCO_results/Sum_table_hyphantrophaga_wood11.txt
    jobid: 92
    wildcards: Genome_ID=hyphantrophaga_wood11

Submitted job 92 with external jobid 'Submitted batch job 3478864'.

[Tue Mar 15 14:16:11 2022]
rule Sum:
    input: /beegfs/data/soukkal/StageM2/Tachinids_genomes/results/Stat_Results/siphosturmia_rafaelidhj03/BUSCO_results/run_arthropoda_odb10/full_table.tsv
    output: /beegfs/data/soukkal/StageM2/Tachinids_genomes/results/Stat_Results/siphosturmia_rafaelidhj03/BUSCO_results/Sum_table_siphosturmia_rafaelidhj03.txt
    jobid: 106
    wildcards: Genome_ID=siphosturmia_rafaelidhj03

Submitted job 106 with external jobid 'Submitted batch job 3478865'.

[Tue Mar 15 14:16:11 2022]
rule QUAST:
    input: /beegfs/data/soukkal/StageM2/Tachinids_genomes/genomes/argyrophylax_albincisadhj04.fna
    output: /beegfs/data/soukkal/StageM2/Tachinids_genomes/results/Stat_Results/argyrophylax_albincisadhj04/QUAST_results/report.tsv
    jobid: 44
    wildcards: Genome_ID=argyrophylax_albincisadhj04

Submitted job 44 with external jobid 'Submitted batch job 3478866'.

[Tue Mar 15 14:16:12 2022]
rule QUAST:
    input: /beegfs/data/soukkal/StageM2/Tachinids_genomes/genomes/calolydella_timjamesi.fna
    output: /beegfs/data/soukkal/StageM2/Tachinids_genomes/results/Stat_Results/calolydella_timjamesi/QUAST_results/report.tsv
    jobid: 58
    wildcards: Genome_ID=calolydella_timjamesi

Submitted job 58 with external jobid 'Submitted batch job 3478867'.

[Tue Mar 15 14:16:12 2022]
rule QUAST:
    input: /beegfs/data/soukkal/StageM2/Tachinids_genomes/genomes/cordyligaster_capellii.fna
    output: /beegfs/data/soukkal/StageM2/Tachinids_genomes/results/Stat_Results/cordyligaster_capellii/QUAST_results/report.tsv
    jobid: 72
    wildcards: Genome_ID=cordyligaster_capellii

Submitted job 72 with external jobid 'Submitted batch job 3478868'.

[Tue Mar 15 14:16:12 2022]
rule Sum:
    input: /beegfs/data/soukkal/StageM2/Tachinids_genomes/results/Stat_Results/houghia_graciloides/BUSCO_results/run_arthropoda_odb10/full_table.tsv
    output: /beegfs/data/soukkal/StageM2/Tachinids_genomes/results/Stat_Results/houghia_graciloides/BUSCO_results/Sum_table_houghia_graciloides.txt
    jobid: 86
    wildcards: Genome_ID=houghia_graciloides

Submitted job 86 with external jobid 'Submitted batch job 3478869'.

[Tue Mar 15 14:16:12 2022]
rule Sum:
    input: /beegfs/data/soukkal/StageM2/Tachinids_genomes/results/Stat_Results/leskia_wood01dhj03/BUSCO_results/run_arthropoda_odb10/full_table.tsv
    output: /beegfs/data/soukkal/StageM2/Tachinids_genomes/results/Stat_Results/leskia_wood01dhj03/BUSCO_results/Sum_table_leskia_wood01dhj03.txt
    jobid: 100
    wildcards: Genome_ID=leskia_wood01dhj03

Submitted job 100 with external jobid 'Submitted batch job 3478870'.

[Tue Mar 15 14:16:12 2022]
rule QUAST:
    input: /beegfs/data/soukkal/StageM2/Tachinids_genomes/genomes/houghia_pallida.fna
    output: /beegfs/data/soukkal/StageM2/Tachinids_genomes/results/Stat_Results/houghia_pallida/QUAST_results/report.tsv
    jobid: 51
    wildcards: Genome_ID=houghia_pallida

Submitted job 51 with external jobid 'Submitted batch job 3478871'.

[Tue Mar 15 14:16:12 2022]
rule QUAST:
    input: /beegfs/data/soukkal/StageM2/Tachinids_genomes/genomes/lixophaga_wood06.fna
    output: /beegfs/data/soukkal/StageM2/Tachinids_genomes/results/Stat_Results/lixophaga_wood06/QUAST_results/report.tsv
    jobid: 65
    wildcards: Genome_ID=lixophaga_wood06

Submitted job 65 with external jobid 'Submitted batch job 3478872'.

[Tue Mar 15 14:16:12 2022]
rule Sum:
    input: /beegfs/data/soukkal/StageM2/Tachinids_genomes/results/Stat_Results/argyrochaetona_cubanadhj02/BUSCO_results/run_arthropoda_odb10/full_table.tsv
    output: /beegfs/data/soukkal/StageM2/Tachinids_genomes/results/Stat_Results/argyrochaetona_cubanadhj02/BUSCO_results/Sum_table_argyrochaetona_cubanadhj02.txt
    jobid: 79
    wildcards: Genome_ID=argyrochaetona_cubanadhj02

Submitted job 79 with external jobid 'Submitted batch job 3478873'.

[Tue Mar 15 14:16:12 2022]
rule Sum:
    input: /beegfs/data/soukkal/StageM2/Tachinids_genomes/results/Stat_Results/calolydella_erasmocoronadoi/BUSCO_results/run_arthropoda_odb10/full_table.tsv
    output: /beegfs/data/soukkal/StageM2/Tachinids_genomes/results/Stat_Results/calolydella_erasmocoronadoi/BUSCO_results/Sum_table_calolydella_erasmocoronadoi.txt
    jobid: 93
    wildcards: Genome_ID=calolydella_erasmocoronadoi

Submitted job 93 with external jobid 'Submitted batch job 3478874'.

[Tue Mar 15 14:16:12 2022]
rule Sum:
    input: /beegfs/data/soukkal/StageM2/Tachinids_genomes/results/Stat_Results/chrysotachina_wood02dhj02/BUSCO_results/run_arthropoda_odb10/full_table.tsv
    output: /beegfs/data/soukkal/StageM2/Tachinids_genomes/results/Stat_Results/chrysotachina_wood02dhj02/BUSCO_results/Sum_table_chrysotachina_wood02dhj02.txt
    jobid: 107
    wildcards: Genome_ID=chrysotachina_wood02dhj02

Submitted job 107 with external jobid 'Submitted batch job 3478875'.

[Tue Mar 15 14:16:12 2022]
rule BUSCO:
    input: /beegfs/data/soukkal/StageM2/Tachinids_genomes/genomes/belvosia_woodley10.fna
    output: /beegfs/data/soukkal/StageM2/Tachinids_genomes/results/Stat_Results/belvosia_woodley10/BUSCO_results/run_arthropoda_odb10/full_table.tsv
    jobid: 17
    wildcards: Genome_ID=belvosia_woodley10

Submitted job 17 with external jobid 'Submitted batch job 3478876'.

[Tue Mar 15 14:16:12 2022]
rule QUAST:
    input: /beegfs/data/soukkal/StageM2/Tachinids_genomes/genomes/houghia_bivittata.fna
    output: /beegfs/data/soukkal/StageM2/Tachinids_genomes/results/Stat_Results/houghia_bivittata/QUAST_results/report.tsv
    jobid: 45
    wildcards: Genome_ID=houghia_bivittata

Submitted job 45 with external jobid 'Submitted batch job 3478877'.

[Tue Mar 15 14:16:12 2022]
rule QUAST:
    input: /beegfs/data/soukkal/StageM2/Tachinids_genomes/genomes/leschenaultia_wood15.fna
    output: /beegfs/data/soukkal/StageM2/Tachinids_genomes/results/Stat_Results/leschenaultia_wood15/QUAST_results/report.tsv
    jobid: 59
    wildcards: Genome_ID=leschenaultia_wood15

Submitted job 59 with external jobid 'Submitted batch job 3478878'.

[Tue Mar 15 14:16:12 2022]
rule QUAST:
    input: /beegfs/data/soukkal/StageM2/Tachinids_genomes/genomes/zizyphomyia_argutadhj02.fna
    output: /beegfs/data/soukkal/StageM2/Tachinids_genomes/results/Stat_Results/zizyphomyia_argutadhj02/QUAST_results/report.tsv
    jobid: 73
    wildcards: Genome_ID=zizyphomyia_argutadhj02

Submitted job 73 with external jobid 'Submitted batch job 3478879'.

[Tue Mar 15 14:16:12 2022]
rule Sum:
    input: /beegfs/data/soukkal/StageM2/Tachinids_genomes/results/Stat_Results/argyrophylax_wood05/BUSCO_results/run_arthropoda_odb10/full_table.tsv
    output: /beegfs/data/soukkal/StageM2/Tachinids_genomes/results/Stat_Results/argyrophylax_wood05/BUSCO_results/Sum_table_argyrophylax_wood05.txt
    jobid: 83
    wildcards: Genome_ID=argyrophylax_wood05

Submitted job 83 with external jobid 'Submitted batch job 3478880'.

[Tue Mar 15 14:16:12 2022]
rule Sum:
    input: /beegfs/data/soukkal/StageM2/Tachinids_genomes/results/Stat_Results/austrophorocera_wood05/BUSCO_results/run_arthropoda_odb10/full_table.tsv
    output: /beegfs/data/soukkal/StageM2/Tachinids_genomes/results/Stat_Results/austrophorocera_wood05/BUSCO_results/Sum_table_austrophorocera_wood05.txt
    jobid: 87
    wildcards: Genome_ID=austrophorocera_wood05

Submitted job 87 with external jobid 'Submitted batch job 3478881'.

[Tue Mar 15 14:16:12 2022]
rule Sum:
    input: /beegfs/data/soukkal/StageM2/Tachinids_genomes/results/Stat_Results/chrysoexorista_wood01dhj02/BUSCO_results/run_arthropoda_odb10/full_table.tsv
    output: /beegfs/data/soukkal/StageM2/Tachinids_genomes/results/Stat_Results/chrysoexorista_wood01dhj02/BUSCO_results/Sum_table_chrysoexorista_wood01dhj02.txt
    jobid: 101
    wildcards: Genome_ID=chrysoexorista_wood01dhj02

Submitted job 101 with external jobid 'Submitted batch job 3478882'.

[Tue Mar 15 14:16:12 2022]
rule QUAST:
    input: /beegfs/data/soukkal/StageM2/Tachinids_genomes/genomes/genea_wood01.fna
    output: /beegfs/data/soukkal/StageM2/Tachinids_genomes/results/Stat_Results/genea_wood01/QUAST_results/report.tsv
    jobid: 41
    wildcards: Genome_ID=genea_wood01

Submitted job 41 with external jobid 'Submitted batch job 3478883'.

[Tue Mar 15 14:16:12 2022]
rule QUAST:
    input: /beegfs/data/soukkal/StageM2/Tachinids_genomes/genomes/aplomyopsis_wood01.fna
    output: /beegfs/data/soukkal/StageM2/Tachinids_genomes/results/Stat_Results/aplomyopsis_wood01/QUAST_results/report.tsv
    jobid: 38
    wildcards: Genome_ID=aplomyopsis_wood01

Submitted job 38 with external jobid 'Submitted batch job 3478884'.

[Tue Mar 15 14:16:12 2022]
rule QUAST:
    input: /beegfs/data/soukkal/StageM2/Tachinids_genomes/genomes/belvosia_woodley07g.fna
    output: /beegfs/data/soukkal/StageM2/Tachinids_genomes/results/Stat_Results/belvosia_woodley07g/QUAST_results/report.tsv
    jobid: 52
    wildcards: Genome_ID=belvosia_woodley07g

Submitted job 52 with external jobid 'Submitted batch job 3478885'.

[Tue Mar 15 14:16:12 2022]
rule QUAST:
    input: /beegfs/data/soukkal/StageM2/Tachinids_genomes/genomes/chrysoexorista_wood04.fna
    output: /beegfs/data/soukkal/StageM2/Tachinids_genomes/results/Stat_Results/chrysoexorista_wood04/QUAST_results/report.tsv
    jobid: 66
    wildcards: Genome_ID=chrysoexorista_wood04

Submitted job 66 with external jobid 'Submitted batch job 3478886'.

[Tue Mar 15 14:16:12 2022]
rule Sum:
    input: /beegfs/data/soukkal/StageM2/Tachinids_genomes/results/Stat_Results/genea_wood03dhj01/BUSCO_results/run_arthropoda_odb10/full_table.tsv
    output: /beegfs/data/soukkal/StageM2/Tachinids_genomes/results/Stat_Results/genea_wood03dhj01/BUSCO_results/Sum_table_genea_wood03dhj01.txt
    jobid: 80
    wildcards: Genome_ID=genea_wood03dhj01

Submitted job 80 with external jobid 'Submitted batch job 3478887'.

[Tue Mar 15 14:16:12 2022]
rule Sum:
    input: /beegfs/data/soukkal/StageM2/Tachinids_genomes/results/Stat_Results/jurinella_wood01/BUSCO_results/run_arthropoda_odb10/full_table.tsv
    output: /beegfs/data/soukkal/StageM2/Tachinids_genomes/results/Stat_Results/jurinella_wood01/BUSCO_results/Sum_table_jurinella_wood01.txt
    jobid: 94
    wildcards: Genome_ID=jurinella_wood01

Submitted job 94 with external jobid 'Submitted batch job 3478888'.

[Tue Mar 15 14:16:13 2022]
rule Sum:
    input: /beegfs/data/soukkal/StageM2/Tachinids_genomes/results/Stat_Results/siphosturmia_wood02/BUSCO_results/run_arthropoda_odb10/full_table.tsv
    output: /beegfs/data/soukkal/StageM2/Tachinids_genomes/results/Stat_Results/siphosturmia_wood02/BUSCO_results/Sum_table_siphosturmia_wood02.txt
    jobid: 108
    wildcards: Genome_ID=siphosturmia_wood02

Submitted job 108 with external jobid 'Submitted batch job 3478890'.

[Tue Mar 15 14:16:13 2022]
rule QUAST:
    input: /beegfs/data/soukkal/StageM2/Tachinids_genomes/genomes/argyrophylax_wood05.fna
    output: /beegfs/data/soukkal/StageM2/Tachinids_genomes/results/Stat_Results/argyrophylax_wood05/QUAST_results/report.tsv
    jobid: 46
    wildcards: Genome_ID=argyrophylax_wood05

Submitted job 46 with external jobid 'Submitted batch job 3478891'.

[Tue Mar 15 14:16:13 2022]
rule QUAST:
    input: /beegfs/data/soukkal/StageM2/Tachinids_genomes/genomes/campylocheta_wood03.fna
    output: /beegfs/data/soukkal/StageM2/Tachinids_genomes/results/Stat_Results/campylocheta_wood03/QUAST_results/report.tsv
    jobid: 60
    wildcards: Genome_ID=campylocheta_wood03

Submitted job 60 with external jobid 'Submitted batch job 3478892'.

[Tue Mar 15 14:16:13 2022]
rule QUAST:
    input: /beegfs/data/soukkal/StageM2/Tachinids_genomes/genomes/drino_wood06dhj01.fna
    output: /beegfs/data/soukkal/StageM2/Tachinids_genomes/results/Stat_Results/drino_wood06dhj01/QUAST_results/report.tsv
    jobid: 74
    wildcards: Genome_ID=drino_wood06dhj01

Submitted job 74 with external jobid 'Submitted batch job 3478893'.

[Tue Mar 15 14:16:13 2022]
rule Sum:
    input: /beegfs/data/soukkal/StageM2/Tachinids_genomes/results/Stat_Results/houghia_pallida/BUSCO_results/run_arthropoda_odb10/full_table.tsv
    output: /beegfs/data/soukkal/StageM2/Tachinids_genomes/results/Stat_Results/houghia_pallida/BUSCO_results/Sum_table_houghia_pallida.txt
    jobid: 88
    wildcards: Genome_ID=houghia_pallida

Submitted job 88 with external jobid 'Submitted batch job 3478894'.

[Tue Mar 15 14:16:13 2022]
rule Sum:
    input: /beegfs/data/soukkal/StageM2/Tachinids_genomes/results/Stat_Results/lixophaga_wood06/BUSCO_results/run_arthropoda_odb10/full_table.tsv
    output: /beegfs/data/soukkal/StageM2/Tachinids_genomes/results/Stat_Results/lixophaga_wood06/BUSCO_results/Sum_table_lixophaga_wood06.txt
    jobid: 102
    wildcards: Genome_ID=lixophaga_wood06

Submitted job 102 with external jobid 'Submitted batch job 3478895'.

[Tue Mar 15 14:16:13 2022]
rule QUAST:
    input: /beegfs/data/soukkal/StageM2/Tachinids_genomes/genomes/drino_wood06dhj05.fna
    output: /beegfs/data/soukkal/StageM2/Tachinids_genomes/results/Stat_Results/drino_wood06dhj05/QUAST_results/report.tsv
    jobid: 39
    wildcards: Genome_ID=drino_wood06dhj05

Submitted job 39 with external jobid 'Submitted batch job 3478896'.

[Tue Mar 15 14:16:13 2022]
rule QUAST:
    input: /beegfs/data/soukkal/StageM2/Tachinids_genomes/genomes/hyphantrophaga_virilis.fna
    output: /beegfs/data/soukkal/StageM2/Tachinids_genomes/results/Stat_Results/hyphantrophaga_virilis/QUAST_results/report.tsv
    jobid: 53
    wildcards: Genome_ID=hyphantrophaga_virilis

Submitted job 53 with external jobid 'Submitted batch job 3478897'.

[Tue Mar 15 14:16:13 2022]
rule QUAST:
    input: /beegfs/data/soukkal/StageM2/Tachinids_genomes/genomes/lixophaga_wood09.fna
    output: /beegfs/data/soukkal/StageM2/Tachinids_genomes/results/Stat_Results/lixophaga_wood09/QUAST_results/report.tsv
    jobid: 67
    wildcards: Genome_ID=lixophaga_wood09

Submitted job 67 with external jobid 'Submitted batch job 3478898'.

[Tue Mar 15 14:16:13 2022]
rule Sum:
    input: /beegfs/data/soukkal/StageM2/Tachinids_genomes/results/Stat_Results/argyrophylax_albincisadhj04/BUSCO_results/run_arthropoda_odb10/full_table.tsv
    output: /beegfs/data/soukkal/StageM2/Tachinids_genomes/results/Stat_Results/argyrophylax_albincisadhj04/BUSCO_results/Sum_table_argyrophylax_albincisadhj04.txt
    jobid: 81
    wildcards: Genome_ID=argyrophylax_albincisadhj04

Submitted job 81 with external jobid 'Submitted batch job 3478899'.

[Tue Mar 15 14:16:13 2022]
rule Sum:
    input: /beegfs/data/soukkal/StageM2/Tachinids_genomes/results/Stat_Results/calolydella_timjamesi/BUSCO_results/run_arthropoda_odb10/full_table.tsv
    output: /beegfs/data/soukkal/StageM2/Tachinids_genomes/results/Stat_Results/calolydella_timjamesi/BUSCO_results/Sum_table_calolydella_timjamesi.txt
    jobid: 95
    wildcards: Genome_ID=calolydella_timjamesi

Submitted job 95 with external jobid 'Submitted batch job 3478900'.

[Tue Mar 15 14:16:13 2022]
rule Sum:
    input: /beegfs/data/soukkal/StageM2/Tachinids_genomes/results/Stat_Results/cordyligaster_capellii/BUSCO_results/run_arthropoda_odb10/full_table.tsv
    output: /beegfs/data/soukkal/StageM2/Tachinids_genomes/results/Stat_Results/cordyligaster_capellii/BUSCO_results/Sum_table_cordyligaster_capellii.txt
    jobid: 109
    wildcards: Genome_ID=cordyligaster_capellii

Submitted job 109 with external jobid 'Submitted batch job 3478901'.

[Tue Mar 15 14:16:13 2022]
rule QUAST:
    input: /beegfs/data/soukkal/StageM2/Tachinids_genomes/genomes/houghia_brevipilosa.fna
    output: /beegfs/data/soukkal/StageM2/Tachinids_genomes/results/Stat_Results/houghia_brevipilosa/QUAST_results/report.tsv
    jobid: 47
    wildcards: Genome_ID=houghia_brevipilosa

Submitted job 47 with external jobid 'Submitted batch job 3478902'.

[Tue Mar 15 14:16:13 2022]
rule QUAST:
    input: /beegfs/data/soukkal/StageM2/Tachinids_genomes/genomes/leskia_janzen27.fna
    output: /beegfs/data/soukkal/StageM2/Tachinids_genomes/results/Stat_Results/leskia_janzen27/QUAST_results/report.tsv
    jobid: 61
    wildcards: Genome_ID=leskia_janzen27

Submitted job 61 with external jobid 'Submitted batch job 3478903'.

[Tue Mar 15 14:16:13 2022]
rule Sum:
    input: /beegfs/data/soukkal/StageM2/Tachinids_genomes/results/Stat_Results/aplomyopsis_wood01/BUSCO_results/run_arthropoda_odb10/full_table.tsv
    output: /beegfs/data/soukkal/StageM2/Tachinids_genomes/results/Stat_Results/aplomyopsis_wood01/BUSCO_results/Sum_table_aplomyopsis_wood01.txt
    jobid: 75
    wildcards: Genome_ID=aplomyopsis_wood01

Submitted job 75 with external jobid 'Submitted batch job 3478904'.

[Tue Mar 15 14:16:13 2022]
rule Sum:
    input: /beegfs/data/soukkal/StageM2/Tachinids_genomes/results/Stat_Results/belvosia_woodley07g/BUSCO_results/run_arthropoda_odb10/full_table.tsv
    output: /beegfs/data/soukkal/StageM2/Tachinids_genomes/results/Stat_Results/belvosia_woodley07g/BUSCO_results/Sum_table_belvosia_woodley07g.txt
    jobid: 89
    wildcards: Genome_ID=belvosia_woodley07g

Submitted job 89 with external jobid 'Submitted batch job 3478905'.

[Tue Mar 15 14:16:13 2022]
rule Sum:
    input: /beegfs/data/soukkal/StageM2/Tachinids_genomes/results/Stat_Results/chrysoexorista_wood04/BUSCO_results/run_arthropoda_odb10/full_table.tsv
    output: /beegfs/data/soukkal/StageM2/Tachinids_genomes/results/Stat_Results/chrysoexorista_wood04/BUSCO_results/Sum_table_chrysoexorista_wood04.txt
    jobid: 103
    wildcards: Genome_ID=chrysoexorista_wood04

Submitted job 103 with external jobid 'Submitted batch job 3478906'.

[Tue Mar 15 14:16:14 2022]
rule QUAST:
    input: /beegfs/data/soukkal/StageM2/Tachinids_genomes/genomes/hyphantrophaga_wood11.fna
    output: /beegfs/data/soukkal/StageM2/Tachinids_genomes/results/Stat_Results/hyphantrophaga_wood11/QUAST_results/report.tsv
    jobid: 55
    wildcards: Genome_ID=hyphantrophaga_wood11

Submitted job 55 with external jobid 'Submitted batch job 3478907'.

[Tue Mar 15 14:16:14 2022]
rule QUAST:
    input: /beegfs/data/soukkal/StageM2/Tachinids_genomes/genomes/archytas_wood02.fna
    output: /beegfs/data/soukkal/StageM2/Tachinids_genomes/results/Stat_Results/archytas_wood02/QUAST_results/report.tsv
    jobid: 40
    wildcards: Genome_ID=archytas_wood02

Submitted job 40 with external jobid 'Submitted batch job 3478908'.

[Tue Mar 15 14:16:14 2022]
rule QUAST:
    input: /beegfs/data/soukkal/StageM2/Tachinids_genomes/genomes/belvosia_woodley10.fna
    output: /beegfs/data/soukkal/StageM2/Tachinids_genomes/results/Stat_Results/belvosia_woodley10/QUAST_results/report.tsv
    jobid: 54
    wildcards: Genome_ID=belvosia_woodley10

Submitted job 54 with external jobid 'Submitted batch job 3478909'.

[Tue Mar 15 14:16:14 2022]
rule QUAST:
    input: /beegfs/data/soukkal/StageM2/Tachinids_genomes/genomes/chrysotachina_wood01.fna
    output: /beegfs/data/soukkal/StageM2/Tachinids_genomes/results/Stat_Results/chrysotachina_wood01/QUAST_results/report.tsv
    jobid: 68
    wildcards: Genome_ID=chrysotachina_wood01

Submitted job 68 with external jobid 'Submitted batch job 3478910'.

[Tue Mar 15 14:16:14 2022]
rule Sum:
    input: /beegfs/data/soukkal/StageM2/Tachinids_genomes/results/Stat_Results/houghia_bivittata/BUSCO_results/run_arthropoda_odb10/full_table.tsv
    output: /beegfs/data/soukkal/StageM2/Tachinids_genomes/results/Stat_Results/houghia_bivittata/BUSCO_results/Sum_table_houghia_bivittata.txt
    jobid: 82
    wildcards: Genome_ID=houghia_bivittata

Submitted job 82 with external jobid 'Submitted batch job 3478911'.

[Tue Mar 15 14:16:14 2022]
rule Sum:
    input: /beegfs/data/soukkal/StageM2/Tachinids_genomes/results/Stat_Results/leschenaultia_wood15/BUSCO_results/run_arthropoda_odb10/full_table.tsv
    output: /beegfs/data/soukkal/StageM2/Tachinids_genomes/results/Stat_Results/leschenaultia_wood15/BUSCO_results/Sum_table_leschenaultia_wood15.txt
    jobid: 96
    wildcards: Genome_ID=leschenaultia_wood15

Submitted job 96 with external jobid 'Submitted batch job 3478912'.

[Tue Mar 15 14:16:14 2022]
rule Sum:
    input: /beegfs/data/soukkal/StageM2/Tachinids_genomes/results/Stat_Results/zizyphomyia_argutadhj02/BUSCO_results/run_arthropoda_odb10/full_table.tsv
    output: /beegfs/data/soukkal/StageM2/Tachinids_genomes/results/Stat_Results/zizyphomyia_argutadhj02/BUSCO_results/Sum_table_zizyphomyia_argutadhj02.txt
    jobid: 110
    wildcards: Genome_ID=zizyphomyia_argutadhj02

Submitted job 110 with external jobid 'Submitted batch job 3478913'.

[Tue Mar 15 14:16:14 2022]
rule Sum:
    input: /beegfs/data/soukkal/StageM2/Tachinids_genomes/results/Stat_Results/drino_wood06dhj01/BUSCO_results/run_arthropoda_odb10/full_table.tsv
    output: /beegfs/data/soukkal/StageM2/Tachinids_genomes/results/Stat_Results/drino_wood06dhj01/BUSCO_results/Sum_table_drino_wood06dhj01.txt
    jobid: 111
    wildcards: Genome_ID=drino_wood06dhj01

Submitted job 111 with external jobid 'Submitted batch job 3478914'.

[Tue Mar 15 14:16:14 2022]
rule Sum:
    input: /beegfs/data/soukkal/StageM2/Tachinids_genomes/results/Stat_Results/campylocheta_wood03/BUSCO_results/run_arthropoda_odb10/full_table.tsv
    output: /beegfs/data/soukkal/StageM2/Tachinids_genomes/results/Stat_Results/campylocheta_wood03/BUSCO_results/Sum_table_campylocheta_wood03.txt
    jobid: 97
    wildcards: Genome_ID=campylocheta_wood03

Submitted job 97 with external jobid 'Submitted batch job 3478915'.
[Tue Mar 15 14:16:37 2022]
Finished job 104.
1 of 76 steps (1%) done
[Tue Mar 15 14:29:07 2022]
Finished job 76.
2 of 76 steps (3%) done
[Tue Mar 15 14:29:41 2022]
Finished job 90.
3 of 76 steps (4%) done
[Tue Mar 15 14:30:15 2022]
Finished job 84.
4 of 76 steps (5%) done
[Tue Mar 15 14:30:49 2022]
Finished job 98.
5 of 76 steps (7%) done
[Tue Mar 15 14:31:06 2022]
Finished job 77.
6 of 76 steps (8%) done
[Tue Mar 15 14:31:38 2022]
Finished job 105.
7 of 76 steps (9%) done
[Tue Mar 15 14:32:10 2022]
Finished job 85.
8 of 76 steps (11%) done
[Tue Mar 15 14:33:48 2022]
Finished job 99.
9 of 76 steps (12%) done
[Tue Mar 15 14:33:48 2022]
Finished job 78.
10 of 76 steps (13%) done
[Tue Mar 15 14:34:20 2022]
Finished job 92.
11 of 76 steps (14%) done
[Tue Mar 15 14:34:20 2022]
Finished job 106.
12 of 76 steps (16%) done
[Tue Mar 15 14:34:52 2022]
Finished job 86.
13 of 76 steps (17%) done
[Tue Mar 15 14:34:52 2022]
Finished job 100.
14 of 76 steps (18%) done
[Tue Mar 15 14:35:24 2022]
Finished job 79.
15 of 76 steps (20%) done
[Tue Mar 15 14:35:24 2022]
Finished job 93.
16 of 76 steps (21%) done
[Tue Mar 15 14:35:39 2022]
Finished job 62.
17 of 76 steps (22%) done
[Tue Mar 15 14:36:39 2022]
Finished job 48.
18 of 76 steps (24%) done
[Tue Mar 15 14:37:39 2022]
Finished job 69.
19 of 76 steps (25%) done
[Tue Mar 15 14:37:55 2022]
Finished job 107.
20 of 76 steps (26%) done
[Tue Mar 15 14:38:24 2022]
Finished job 42.
21 of 76 steps (28%) done
[Tue Mar 15 14:39:39 2022]
Finished job 70.
22 of 76 steps (29%) done
[Tue Mar 15 14:39:55 2022]
Finished job 83.
23 of 76 steps (30%) done
[Tue Mar 15 14:40:09 2022]
Finished job 56.
24 of 76 steps (32%) done
[Tue Mar 15 14:40:56 2022]
Finished job 87.
25 of 76 steps (33%) done
[Tue Mar 15 14:41:10 2022]
Finished job 49.
26 of 76 steps (34%) done
[Tue Mar 15 14:41:24 2022]
Finished job 63.
27 of 76 steps (36%) done
[Tue Mar 15 14:41:25 2022]
Finished job 101.
28 of 76 steps (37%) done
[Tue Mar 15 14:42:06 2022]
Finished job 71.
29 of 76 steps (38%) done
[Tue Mar 15 14:42:48 2022]
Finished job 57.
30 of 76 steps (39%) done
[Tue Mar 15 14:43:17 2022]
Finished job 80.
31 of 76 steps (41%) done
[Tue Mar 15 14:43:30 2022]
Finished job 43.
32 of 76 steps (42%) done
[Tue Mar 15 14:43:44 2022]
Finished job 64.
33 of 76 steps (43%) done
[Tue Mar 15 14:43:59 2022]
Finished job 94.
34 of 76 steps (45%) done
[Tue Mar 15 14:44:26 2022]
Error in rule BUSCO:
    jobid: 17
    output: /beegfs/data/soukkal/StageM2/Tachinids_genomes/results/Stat_Results/belvosia_woodley10/BUSCO_results/run_arthropoda_odb10/full_table.tsv
    shell:
        
     hostname
     cd /beegfs/data/soukkal/StageM2/Tachinids_genomes/results/Stat_Results/belvosia_woodley10/
     /beegfs/data/soft/singularity-3.7.2/bin/singularity exec --bind /beegfs/:/beegfs/ /beegfs/data/soukkal/TOOLS/BUSCO.sif busco -i /beegfs/data/soukkal/StageM2/Tachinids_genomes/genomes/belvosia_woodley10.fna  -l arthropoda_odb10 -m genome -o BUSCO_results -c 3
     
        (one of the commands exited with non-zero exit code; note that snakemake uses bash strict mode!)
    cluster_jobid: Submitted batch job 3478876

Error executing rule BUSCO on cluster (jobid: 17, external: Submitted batch job 3478876, jobscript: /beegfs/data/soukkal/StageM2/Scripts/BUSCO_jobs/.snakemake/tmp.m3qv93ud/snakejob.BUSCO.17.sh). For error details see the cluster log and the log files of the involved rule(s).
[Tue Mar 15 14:44:27 2022]
Finished job 108.
35 of 76 steps (46%) done
[Tue Mar 15 14:44:40 2022]
Finished job 44.
36 of 76 steps (47%) done
[Tue Mar 15 14:44:53 2022]
Finished job 50.
37 of 76 steps (49%) done
[Tue Mar 15 14:44:54 2022]
Finished job 88.
38 of 76 steps (50%) done
[Tue Mar 15 14:44:54 2022]
Finished job 102.
39 of 76 steps (51%) done
[Tue Mar 15 14:45:19 2022]
Finished job 72.
40 of 76 steps (53%) done
[Tue Mar 15 14:45:20 2022]
Finished job 81.
41 of 76 steps (54%) done
[Tue Mar 15 14:45:20 2022]
Finished job 95.
42 of 76 steps (55%) done
[Tue Mar 15 14:45:20 2022]
Finished job 109.
43 of 76 steps (57%) done
[Tue Mar 15 14:45:21 2022]
Finished job 75.
44 of 76 steps (58%) done
[Tue Mar 15 14:45:21 2022]
Finished job 89.
45 of 76 steps (59%) done
[Tue Mar 15 14:45:44 2022]
Finished job 58.
46 of 76 steps (61%) done
[Tue Mar 15 14:45:57 2022]
Finished job 51.
47 of 76 steps (62%) done
[Tue Mar 15 14:45:57 2022]
Finished job 45.
48 of 76 steps (63%) done
[Tue Mar 15 14:45:58 2022]
Finished job 103.
49 of 76 steps (64%) done
[Tue Mar 15 14:46:21 2022]
Finished job 65.
50 of 76 steps (66%) done
[Tue Mar 15 14:46:22 2022]
Finished job 82.
51 of 76 steps (67%) done
[Tue Mar 15 14:46:33 2022]
Finished job 59.
52 of 76 steps (68%) done
[Tue Mar 15 14:46:33 2022]
Finished job 73.
53 of 76 steps (70%) done
[Tue Mar 15 14:46:57 2022]
Finished job 38.
54 of 76 steps (71%) done
[Tue Mar 15 14:46:58 2022]
Finished job 96.
55 of 76 steps (72%) done
[Tue Mar 15 14:47:09 2022]
Finished job 41.
56 of 76 steps (74%) done
[Tue Mar 15 14:47:20 2022]
Finished job 66.
57 of 76 steps (75%) done
[Tue Mar 15 14:47:21 2022]
Finished job 110.
58 of 76 steps (76%) done
[Tue Mar 15 14:47:21 2022]
Finished job 111.
59 of 76 steps (78%) done
[Tue Mar 15 14:47:21 2022]
Finished job 97.
60 of 76 steps (79%) done
[Tue Mar 15 14:47:31 2022]
Finished job 52.
61 of 76 steps (80%) done
[Tue Mar 15 14:47:42 2022]
Finished job 46.
62 of 76 steps (82%) done
[Tue Mar 15 14:47:53 2022]
Finished job 74.
63 of 76 steps (83%) done
[Tue Mar 15 14:48:26 2022]
Finished job 60.
64 of 76 steps (84%) done
[Tue Mar 15 14:48:38 2022]
Finished job 39.
65 of 76 steps (86%) done
[Tue Mar 15 14:48:48 2022]
Finished job 53.
66 of 76 steps (87%) done
[Tue Mar 15 14:48:48 2022]
Finished job 55.
67 of 76 steps (88%) done
[Tue Mar 15 14:48:58 2022]
Finished job 61.
68 of 76 steps (89%) done
[Tue Mar 15 14:49:28 2022]
Finished job 40.
69 of 76 steps (91%) done
[Tue Mar 15 14:49:38 2022]
Finished job 47.
70 of 76 steps (92%) done
[Tue Mar 15 14:49:48 2022]
Finished job 54.
71 of 76 steps (93%) done
[Tue Mar 15 14:49:58 2022]
Finished job 67.
72 of 76 steps (95%) done
[Tue Mar 15 14:49:58 2022]
Finished job 68.
73 of 76 steps (96%) done
Shutting down, this might take some time.
Exiting because a job execution failed. Look above for error message
Complete log: /beegfs/data/soukkal/StageM2/Scripts/BUSCO_jobs/.snakemake/log/2022-03-15T141607.684587.snakemake.log
