Building DAG of jobs...
Using shell: /usr/bin/bash
Provided cluster nodes: 8000
Job counts:
	count	jobs
	40	Sum
	1	all
	41

[Mon Mar 14 14:45:40 2022]
rule Sum:
    input: /beegfs/data/soukkal/StageM2/Control_genomes/results/Stat_Results/GCA_914767935.1/BUSCO_results/run_arthropoda_odb10/full_table.tsv
    output: /beegfs/data/soukkal/StageM2/Control_genomes/results/Stat_Results/GCA_914767935.1/BUSCO_results/Sum_table_GCA_914767935.1.txt
    jobid: 104
    wildcards: Genome_ID=GCA_914767935.1

Submitted job 104 with external jobid 'Submitted batch job 3454372'.

[Mon Mar 14 14:45:40 2022]
rule Sum:
    input: /beegfs/data/soukkal/StageM2/Control_genomes/results/Stat_Results/GCA_001735545.1/BUSCO_results/run_arthropoda_odb10/full_table.tsv
    output: /beegfs/data/soukkal/StageM2/Control_genomes/results/Stat_Results/GCA_001735545.1/BUSCO_results/Sum_table_GCA_001735545.1.txt
    jobid: 90
    wildcards: Genome_ID=GCA_001735545.1

Submitted job 90 with external jobid 'Submitted batch job 3454373'.

[Mon Mar 14 14:45:40 2022]
rule Sum:
    input: /beegfs/data/soukkal/StageM2/Control_genomes/results/Stat_Results/GCF_013731165.1/BUSCO_results/run_arthropoda_odb10/full_table.tsv
    output: /beegfs/data/soukkal/StageM2/Control_genomes/results/Stat_Results/GCF_013731165.1/BUSCO_results/Sum_table_GCF_013731165.1.txt
    jobid: 118
    wildcards: Genome_ID=GCF_013731165.1

Submitted job 118 with external jobid 'Submitted batch job 3454374'.

[Mon Mar 14 14:45:40 2022]
rule Sum:
    input: /beegfs/data/soukkal/StageM2/Control_genomes/results/Stat_Results/GCA_001014935.1/BUSCO_results/run_arthropoda_odb10/full_table.tsv
    output: /beegfs/data/soukkal/StageM2/Control_genomes/results/Stat_Results/GCA_001014935.1/BUSCO_results/Sum_table_GCA_001014935.1.txt
    jobid: 84
    wildcards: Genome_ID=GCA_001014935.1

Submitted job 84 with external jobid 'Submitted batch job 3454375'.

[Mon Mar 14 14:45:40 2022]
rule Sum:
    input: /beegfs/data/soukkal/StageM2/Control_genomes/results/Stat_Results/GCA_019455685.1/BUSCO_results/run_arthropoda_odb10/full_table.tsv
    output: /beegfs/data/soukkal/StageM2/Control_genomes/results/Stat_Results/GCA_019455685.1/BUSCO_results/Sum_table_GCA_019455685.1.txt
    jobid: 98
    wildcards: Genome_ID=GCA_019455685.1

Submitted job 98 with external jobid 'Submitted batch job 3454376'.

[Mon Mar 14 14:45:40 2022]
rule Sum:
    input: /beegfs/data/soukkal/StageM2/Control_genomes/results/Stat_Results/GCF_000347755.3/BUSCO_results/run_arthropoda_odb10/full_table.tsv
    output: /beegfs/data/soukkal/StageM2/Control_genomes/results/Stat_Results/GCF_000347755.3/BUSCO_results/Sum_table_GCF_000347755.3.txt
    jobid: 112
    wildcards: Genome_ID=GCF_000347755.3

Submitted job 112 with external jobid 'Submitted batch job 3454377'.

[Mon Mar 14 14:45:40 2022]
rule Sum:
    input: /beegfs/data/soukkal/StageM2/Control_genomes/results/Stat_Results/GCA_003055125.1/BUSCO_results/run_arthropoda_odb10/full_table.tsv
    output: /beegfs/data/soukkal/StageM2/Control_genomes/results/Stat_Results/GCA_003055125.1/BUSCO_results/Sum_table_GCA_003055125.1.txt
    jobid: 91
    wildcards: Genome_ID=GCA_003055125.1

Submitted job 91 with external jobid 'Submitted batch job 3454378'.

[Mon Mar 14 14:45:40 2022]
rule Sum:
    input: /beegfs/data/soukkal/StageM2/Control_genomes/results/Stat_Results/GCA_916048285.2/BUSCO_results/run_arthropoda_odb10/full_table.tsv
    output: /beegfs/data/soukkal/StageM2/Control_genomes/results/Stat_Results/GCA_916048285.2/BUSCO_results/Sum_table_GCA_916048285.2.txt
    jobid: 105
    wildcards: Genome_ID=GCA_916048285.2

Submitted job 105 with external jobid 'Submitted batch job 3454379'.

[Mon Mar 14 14:45:40 2022]
rule Sum:
    input: /beegfs/data/soukkal/StageM2/Control_genomes/results/Stat_Results/GCF_014805625.1/BUSCO_results/run_arthropoda_odb10/full_table.tsv
    output: /beegfs/data/soukkal/StageM2/Control_genomes/results/Stat_Results/GCF_014805625.1/BUSCO_results/Sum_table_GCF_014805625.1.txt
    jobid: 119
    wildcards: Genome_ID=GCF_014805625.1

Submitted job 119 with external jobid 'Submitted batch job 3454380'.

[Mon Mar 14 14:45:40 2022]
rule Sum:
    input: /beegfs/data/soukkal/StageM2/Control_genomes/results/Stat_Results/GCA_020466095.1/BUSCO_results/run_arthropoda_odb10/full_table.tsv
    output: /beegfs/data/soukkal/StageM2/Control_genomes/results/Stat_Results/GCA_020466095.1/BUSCO_results/Sum_table_GCA_020466095.1.txt
    jobid: 99
    wildcards: Genome_ID=GCA_020466095.1

Submitted job 99 with external jobid 'Submitted batch job 3454381'.

[Mon Mar 14 14:45:40 2022]
rule Sum:
    input: /beegfs/data/soukkal/StageM2/Control_genomes/results/Stat_Results/GCF_000699065.1/BUSCO_results/run_arthropoda_odb10/full_table.tsv
    output: /beegfs/data/soukkal/StageM2/Control_genomes/results/Stat_Results/GCF_000699065.1/BUSCO_results/Sum_table_GCF_000699065.1.txt
    jobid: 113
    wildcards: Genome_ID=GCF_000699065.1

Submitted job 113 with external jobid 'Submitted batch job 3454382'.

[Mon Mar 14 14:45:40 2022]
rule Sum:
    input: /beegfs/data/soukkal/StageM2/Control_genomes/results/Stat_Results/GCA_001015075.1/BUSCO_results/run_arthropoda_odb10/full_table.tsv
    output: /beegfs/data/soukkal/StageM2/Control_genomes/results/Stat_Results/GCA_001015075.1/BUSCO_results/Sum_table_GCA_001015075.1.txt
    jobid: 85
    wildcards: Genome_ID=GCA_001015075.1

Submitted job 85 with external jobid 'Submitted batch job 3454383'.

[Mon Mar 14 14:45:40 2022]
rule Sum:
    input: /beegfs/data/soukkal/StageM2/Control_genomes/results/Stat_Results/GCA_003123925.1/BUSCO_results/run_arthropoda_odb10/full_table.tsv
    output: /beegfs/data/soukkal/StageM2/Control_genomes/results/Stat_Results/GCA_003123925.1/BUSCO_results/Sum_table_GCA_003123925.1.txt
    jobid: 92
    wildcards: Genome_ID=GCA_003123925.1

Submitted job 92 with external jobid 'Submitted batch job 3454384'.

[Mon Mar 14 14:45:40 2022]
rule Sum:
    input: /beegfs/data/soukkal/StageM2/Control_genomes/results/Stat_Results/GCA_916050605.2/BUSCO_results/run_arthropoda_odb10/full_table.tsv
    output: /beegfs/data/soukkal/StageM2/Control_genomes/results/Stat_Results/GCA_916050605.2/BUSCO_results/Sum_table_GCA_916050605.2.txt
    jobid: 106
    wildcards: Genome_ID=GCA_916050605.2

Submitted job 106 with external jobid 'Submitted batch job 3454385'.

[Mon Mar 14 14:45:40 2022]
rule Sum:
    input: /beegfs/data/soukkal/StageM2/Control_genomes/results/Stat_Results/GCF_016617805.1/BUSCO_results/run_arthropoda_odb10/full_table.tsv
    output: /beegfs/data/soukkal/StageM2/Control_genomes/results/Stat_Results/GCF_016617805.1/BUSCO_results/Sum_table_GCF_016617805.1.txt
    jobid: 120
    wildcards: Genome_ID=GCF_016617805.1

Submitted job 120 with external jobid 'Submitted batch job 3454386'.

[Mon Mar 14 14:45:40 2022]
rule Sum:
    input: /beegfs/data/soukkal/StageM2/Control_genomes/results/Stat_Results/GCA_001015115.1/BUSCO_results/run_arthropoda_odb10/full_table.tsv
    output: /beegfs/data/soukkal/StageM2/Control_genomes/results/Stat_Results/GCA_001015115.1/BUSCO_results/Sum_table_GCA_001015115.1.txt
    jobid: 86
    wildcards: Genome_ID=GCA_001015115.1

Submitted job 86 with external jobid 'Submitted batch job 3454387'.

[Mon Mar 14 14:45:40 2022]
rule Sum:
    input: /beegfs/data/soukkal/StageM2/Control_genomes/results/Stat_Results/GCA_021234595.1/BUSCO_results/run_arthropoda_odb10/full_table.tsv
    output: /beegfs/data/soukkal/StageM2/Control_genomes/results/Stat_Results/GCA_021234595.1/BUSCO_results/Sum_table_GCA_021234595.1.txt
    jobid: 100
    wildcards: Genome_ID=GCA_021234595.1

Submitted job 100 with external jobid 'Submitted batch job 3454388'.

[Mon Mar 14 14:45:40 2022]
rule Sum:
    input: /beegfs/data/soukkal/StageM2/Control_genomes/results/Stat_Results/GCF_001015335.1/BUSCO_results/run_arthropoda_odb10/full_table.tsv
    output: /beegfs/data/soukkal/StageM2/Control_genomes/results/Stat_Results/GCF_001015335.1/BUSCO_results/Sum_table_GCF_001015335.1.txt
    jobid: 114
    wildcards: Genome_ID=GCF_001015335.1

Submitted job 114 with external jobid 'Submitted batch job 3454389'.

[Mon Mar 14 14:45:40 2022]
rule Sum:
    input: /beegfs/data/soukkal/StageM2/Control_genomes/results/Stat_Results/GCA_003952975.1/BUSCO_results/run_arthropoda_odb10/full_table.tsv
    output: /beegfs/data/soukkal/StageM2/Control_genomes/results/Stat_Results/GCA_003952975.1/BUSCO_results/Sum_table_GCA_003952975.1.txt
    jobid: 93
    wildcards: Genome_ID=GCA_003952975.1

Submitted job 93 with external jobid 'Submitted batch job 3454390'.

[Mon Mar 14 14:45:40 2022]
rule Sum:
    input: /beegfs/data/soukkal/StageM2/Control_genomes/results/Stat_Results/GCA_917880715.2/BUSCO_results/run_arthropoda_odb10/full_table.tsv
    output: /beegfs/data/soukkal/StageM2/Control_genomes/results/Stat_Results/GCA_917880715.2/BUSCO_results/Sum_table_GCA_917880715.2.txt
    jobid: 107
    wildcards: Genome_ID=GCA_917880715.2

Submitted job 107 with external jobid 'Submitted batch job 3454391'.

[Mon Mar 14 14:45:40 2022]
rule Sum:
    input: /beegfs/data/soukkal/StageM2/Control_genomes/results/Stat_Results/GCA_017309665.1/BUSCO_results/run_arthropoda_odb10/full_table.tsv
    output: /beegfs/data/soukkal/StageM2/Control_genomes/results/Stat_Results/GCA_017309665.1/BUSCO_results/Sum_table_GCA_017309665.1.txt
    jobid: 97
    wildcards: Genome_ID=GCA_017309665.1

Submitted job 97 with external jobid 'Submitted batch job 3454392'.

[Mon Mar 14 14:45:40 2022]
rule Sum:
    input: /beegfs/data/soukkal/StageM2/Control_genomes/results/Stat_Results/GCA_001015175.1/BUSCO_results/run_arthropoda_odb10/full_table.tsv
    output: /beegfs/data/soukkal/StageM2/Control_genomes/results/Stat_Results/GCA_001015175.1/BUSCO_results/Sum_table_GCA_001015175.1.txt
    jobid: 87
    wildcards: Genome_ID=GCA_001015175.1

Submitted job 87 with external jobid 'Submitted batch job 3454393'.

[Mon Mar 14 14:45:40 2022]
rule Sum:
    input: /beegfs/data/soukkal/StageM2/Control_genomes/results/Stat_Results/GCA_905231855.2/BUSCO_results/run_arthropoda_odb10/full_table.tsv
    output: /beegfs/data/soukkal/StageM2/Control_genomes/results/Stat_Results/GCA_905231855.2/BUSCO_results/Sum_table_GCA_905231855.2.txt
    jobid: 101
    wildcards: Genome_ID=GCA_905231855.2

Submitted job 101 with external jobid 'Submitted batch job 3454394'.

[Mon Mar 14 14:45:41 2022]
rule Sum:
    input: /beegfs/data/soukkal/StageM2/Control_genomes/results/Stat_Results/GCF_002237135.1/BUSCO_results/run_arthropoda_odb10/full_table.tsv
    output: /beegfs/data/soukkal/StageM2/Control_genomes/results/Stat_Results/GCF_002237135.1/BUSCO_results/Sum_table_GCF_002237135.1.txt
    jobid: 115
    wildcards: Genome_ID=GCF_002237135.1

Submitted job 115 with external jobid 'Submitted batch job 3454395'.

[Mon Mar 14 14:45:41 2022]
rule Sum:
    input: /beegfs/data/soukkal/StageM2/Control_genomes/results/Stat_Results/GCA_001014675.1/BUSCO_results/run_arthropoda_odb10/full_table.tsv
    output: /beegfs/data/soukkal/StageM2/Control_genomes/results/Stat_Results/GCA_001014675.1/BUSCO_results/Sum_table_GCA_001014675.1.txt
    jobid: 83
    wildcards: Genome_ID=GCA_001014675.1

Submitted job 83 with external jobid 'Submitted batch job 3454396'.

[Mon Mar 14 14:45:41 2022]
rule Sum:
    input: /beegfs/data/soukkal/StageM2/Control_genomes/results/Stat_Results/GCA_004302925.1/BUSCO_results/run_arthropoda_odb10/full_table.tsv
    output: /beegfs/data/soukkal/StageM2/Control_genomes/results/Stat_Results/GCA_004302925.1/BUSCO_results/Sum_table_GCA_004302925.1.txt
    jobid: 94
    wildcards: Genome_ID=GCA_004302925.1

Submitted job 94 with external jobid 'Submitted batch job 3454397'.

[Mon Mar 14 14:45:41 2022]
rule Sum:
    input: /beegfs/data/soukkal/StageM2/Control_genomes/results/Stat_Results/GCA_920104205.1/BUSCO_results/run_arthropoda_odb10/full_table.tsv
    output: /beegfs/data/soukkal/StageM2/Control_genomes/results/Stat_Results/GCA_920104205.1/BUSCO_results/Sum_table_GCA_920104205.1.txt
    jobid: 108
    wildcards: Genome_ID=GCA_920104205.1

Submitted job 108 with external jobid 'Submitted batch job 3454398'.

[Mon Mar 14 14:45:41 2022]
rule Sum:
    input: /beegfs/data/soukkal/StageM2/Control_genomes/results/Stat_Results/GCA_001017275.1/BUSCO_results/run_arthropoda_odb10/full_table.tsv
    output: /beegfs/data/soukkal/StageM2/Control_genomes/results/Stat_Results/GCA_001017275.1/BUSCO_results/Sum_table_GCA_001017275.1.txt
    jobid: 88
    wildcards: Genome_ID=GCA_001017275.1

Submitted job 88 with external jobid 'Submitted batch job 3454399'.

[Mon Mar 14 14:45:41 2022]
rule Sum:
    input: /beegfs/data/soukkal/StageM2/Control_genomes/results/Stat_Results/GCA_907269105.1/BUSCO_results/run_arthropoda_odb10/full_table.tsv
    output: /beegfs/data/soukkal/StageM2/Control_genomes/results/Stat_Results/GCA_907269105.1/BUSCO_results/Sum_table_GCA_907269105.1.txt
    jobid: 102
    wildcards: Genome_ID=GCA_907269105.1

Submitted job 102 with external jobid 'Submitted batch job 3454400'.

[Mon Mar 14 14:45:41 2022]
rule Sum:
    input: /beegfs/data/soukkal/StageM2/Control_genomes/results/Stat_Results/GCF_009650485.1/BUSCO_results/run_arthropoda_odb10/full_table.tsv
    output: /beegfs/data/soukkal/StageM2/Control_genomes/results/Stat_Results/GCF_009650485.1/BUSCO_results/Sum_table_GCF_009650485.1.txt
    jobid: 116
    wildcards: Genome_ID=GCF_009650485.1

Submitted job 116 with external jobid 'Submitted batch job 3454401'.

[Mon Mar 14 14:45:41 2022]
rule Sum:
    input: /beegfs/data/soukkal/StageM2/Control_genomes/results/Stat_Results/GCA_005959815.1/BUSCO_results/run_arthropoda_odb10/full_table.tsv
    output: /beegfs/data/soukkal/StageM2/Control_genomes/results/Stat_Results/GCA_005959815.1/BUSCO_results/Sum_table_GCA_005959815.1.txt
    jobid: 95
    wildcards: Genome_ID=GCA_005959815.1

Submitted job 95 with external jobid 'Submitted batch job 3454402'.

[Mon Mar 14 14:45:41 2022]
rule Sum:
    input: /beegfs/data/soukkal/StageM2/Control_genomes/results/Stat_Results/GCA_001014415.1/BUSCO_results/run_arthropoda_odb10/full_table.tsv
    output: /beegfs/data/soukkal/StageM2/Control_genomes/results/Stat_Results/GCA_001014415.1/BUSCO_results/Sum_table_GCA_001014415.1.txt
    jobid: 81
    wildcards: Genome_ID=GCA_001014415.1

Submitted job 81 with external jobid 'Submitted batch job 3454403'.

[Mon Mar 14 14:45:41 2022]
rule Sum:
    input: /beegfs/data/soukkal/StageM2/Control_genomes/results/Stat_Results/GCA_920105625.1/BUSCO_results/run_arthropoda_odb10/full_table.tsv
    output: /beegfs/data/soukkal/StageM2/Control_genomes/results/Stat_Results/GCA_920105625.1/BUSCO_results/Sum_table_GCA_920105625.1.txt
    jobid: 109
    wildcards: Genome_ID=GCA_920105625.1

Submitted job 109 with external jobid 'Submitted batch job 3454404'.

[Mon Mar 14 14:45:41 2022]
rule Sum:
    input: /beegfs/data/soukkal/StageM2/Control_genomes/results/Stat_Results/GCA_001017515.1/BUSCO_results/run_arthropoda_odb10/full_table.tsv
    output: /beegfs/data/soukkal/StageM2/Control_genomes/results/Stat_Results/GCA_001017515.1/BUSCO_results/Sum_table_GCA_001017515.1.txt
    jobid: 89
    wildcards: Genome_ID=GCA_001017515.1

Submitted job 89 with external jobid 'Submitted batch job 3454405'.

[Mon Mar 14 14:45:41 2022]
rule Sum:
    input: /beegfs/data/soukkal/StageM2/Control_genomes/results/Stat_Results/GCA_914767635.1/BUSCO_results/run_arthropoda_odb10/full_table.tsv
    output: /beegfs/data/soukkal/StageM2/Control_genomes/results/Stat_Results/GCA_914767635.1/BUSCO_results/Sum_table_GCA_914767635.1.txt
    jobid: 103
    wildcards: Genome_ID=GCA_914767635.1

Submitted job 103 with external jobid 'Submitted batch job 3454406'.

[Mon Mar 14 14:45:41 2022]
rule Sum:
    input: /beegfs/data/soukkal/StageM2/Control_genomes/results/Stat_Results/GCF_013340165.1/BUSCO_results/run_arthropoda_odb10/full_table.tsv
    output: /beegfs/data/soukkal/StageM2/Control_genomes/results/Stat_Results/GCF_013340165.1/BUSCO_results/Sum_table_GCF_013340165.1.txt
    jobid: 117
    wildcards: Genome_ID=GCF_013340165.1

Submitted job 117 with external jobid 'Submitted batch job 3454407'.

[Mon Mar 14 14:45:41 2022]
rule Sum:
    input: /beegfs/data/soukkal/StageM2/Control_genomes/results/Stat_Results/GCA_001014575.1/BUSCO_results/run_arthropoda_odb10/full_table.tsv
    output: /beegfs/data/soukkal/StageM2/Control_genomes/results/Stat_Results/GCA_001014575.1/BUSCO_results/Sum_table_GCA_001014575.1.txt
    jobid: 82
    wildcards: Genome_ID=GCA_001014575.1

Submitted job 82 with external jobid 'Submitted batch job 3454408'.

[Mon Mar 14 14:45:41 2022]
rule Sum:
    input: /beegfs/data/soukkal/StageM2/Control_genomes/results/Stat_Results/GCA_014858695.1/BUSCO_results/run_arthropoda_odb10/full_table.tsv
    output: /beegfs/data/soukkal/StageM2/Control_genomes/results/Stat_Results/GCA_014858695.1/BUSCO_results/Sum_table_GCA_014858695.1.txt
    jobid: 96
    wildcards: Genome_ID=GCA_014858695.1

Submitted job 96 with external jobid 'Submitted batch job 3454409'.

[Mon Mar 14 14:45:41 2022]
rule Sum:
    input: /beegfs/data/soukkal/StageM2/Control_genomes/results/Stat_Results/GCA_922984085.1/BUSCO_results/run_arthropoda_odb10/full_table.tsv
    output: /beegfs/data/soukkal/StageM2/Control_genomes/results/Stat_Results/GCA_922984085.1/BUSCO_results/Sum_table_GCA_922984085.1.txt
    jobid: 110
    wildcards: Genome_ID=GCA_922984085.1

Submitted job 110 with external jobid 'Submitted batch job 3454410'.

[Mon Mar 14 14:45:41 2022]
rule Sum:
    input: /beegfs/data/soukkal/StageM2/Control_genomes/results/Stat_Results/GCF_000001215.4/BUSCO_results/run_arthropoda_odb10/full_table.tsv
    output: /beegfs/data/soukkal/StageM2/Control_genomes/results/Stat_Results/GCF_000001215.4/BUSCO_results/Sum_table_GCF_000001215.4.txt
    jobid: 111
    wildcards: Genome_ID=GCF_000001215.4

Submitted job 111 with external jobid 'Submitted batch job 3454411'.
[Mon Mar 14 14:45:49 2022]
Finished job 104.
1 of 41 steps (2%) done
[Mon Mar 14 14:45:49 2022]
Finished job 90.
2 of 41 steps (5%) done
[Mon Mar 14 14:45:50 2022]
Finished job 118.
3 of 41 steps (7%) done
[Mon Mar 14 14:45:50 2022]
Finished job 84.
4 of 41 steps (10%) done
[Mon Mar 14 14:45:50 2022]
Finished job 98.
5 of 41 steps (12%) done
[Mon Mar 14 14:45:50 2022]
Finished job 112.
6 of 41 steps (15%) done
[Mon Mar 14 14:45:50 2022]
Finished job 91.
7 of 41 steps (17%) done
[Mon Mar 14 14:45:50 2022]
Finished job 105.
8 of 41 steps (20%) done
[Mon Mar 14 14:45:50 2022]
Finished job 119.
9 of 41 steps (22%) done
[Mon Mar 14 14:45:50 2022]
Finished job 99.
10 of 41 steps (24%) done
[Mon Mar 14 14:45:51 2022]
Finished job 113.
11 of 41 steps (27%) done
[Mon Mar 14 14:45:51 2022]
Finished job 85.
12 of 41 steps (29%) done
[Mon Mar 14 14:45:51 2022]
Finished job 92.
13 of 41 steps (32%) done
[Mon Mar 14 14:45:51 2022]
Finished job 106.
14 of 41 steps (34%) done
[Mon Mar 14 14:45:51 2022]
Finished job 120.
15 of 41 steps (37%) done
[Mon Mar 14 14:45:51 2022]
Finished job 86.
16 of 41 steps (39%) done
[Mon Mar 14 14:45:51 2022]
Finished job 100.
17 of 41 steps (41%) done
[Mon Mar 14 14:45:51 2022]
Finished job 114.
18 of 41 steps (44%) done
[Mon Mar 14 14:45:51 2022]
Finished job 93.
19 of 41 steps (46%) done
[Mon Mar 14 14:45:51 2022]
Finished job 107.
20 of 41 steps (49%) done
[Mon Mar 14 14:45:52 2022]
Finished job 97.
21 of 41 steps (51%) done
[Mon Mar 14 14:45:52 2022]
Finished job 87.
22 of 41 steps (54%) done
[Mon Mar 14 14:45:52 2022]
Finished job 101.
23 of 41 steps (56%) done
[Mon Mar 14 14:45:52 2022]
Finished job 115.
24 of 41 steps (59%) done
[Mon Mar 14 14:45:52 2022]
Finished job 83.
25 of 41 steps (61%) done
[Mon Mar 14 14:45:52 2022]
Finished job 94.
26 of 41 steps (63%) done
[Mon Mar 14 14:45:52 2022]
Finished job 108.
27 of 41 steps (66%) done
[Mon Mar 14 14:45:52 2022]
Finished job 88.
28 of 41 steps (68%) done
[Mon Mar 14 14:45:52 2022]
Finished job 102.
29 of 41 steps (71%) done
[Mon Mar 14 14:45:52 2022]
Finished job 116.
30 of 41 steps (73%) done
[Mon Mar 14 14:45:53 2022]
Finished job 95.
31 of 41 steps (76%) done
[Mon Mar 14 14:45:53 2022]
Finished job 81.
32 of 41 steps (78%) done
[Mon Mar 14 14:45:53 2022]
Finished job 109.
33 of 41 steps (80%) done
[Mon Mar 14 14:45:53 2022]
Finished job 89.
34 of 41 steps (83%) done
[Mon Mar 14 14:45:53 2022]
Finished job 103.
35 of 41 steps (85%) done
[Mon Mar 14 14:45:53 2022]
Finished job 117.
36 of 41 steps (88%) done
[Mon Mar 14 14:45:53 2022]
Finished job 82.
37 of 41 steps (90%) done
[Mon Mar 14 14:45:53 2022]
Finished job 96.
38 of 41 steps (93%) done
[Mon Mar 14 14:45:53 2022]
Error in rule Sum:
    jobid: 110
    output: /beegfs/data/soukkal/StageM2/Control_genomes/results/Stat_Results/GCA_922984085.1/BUSCO_results/Sum_table_GCA_922984085.1.txt
    shell:
        
     python3 /beegfs/data/soukkal/StageM2/Scripts/BUSCO_jobs/Busco_summary.py -sum /beegfs/data/soukkal/StageM2/Control_genomes/results/Stat_Results/GCA_922984085.1/BUSCO_results/run_arthropoda_odb10/full_table.tsv  -o /beegfs/data/soukkal/StageM2/Control_genomes/results/Stat_Results/GCA_922984085.1/BUSCO_results/Sum_table_GCA_922984085.1.txt -sp GCA_922984085.1
     cp /beegfs/data/soukkal/StageM2/Control_genomes/results/Stat_Results/GCA_922984085.1/BUSCO_results/Sum_table_GCA_922984085.1.txt /beegfs/data/soukkal/StageM2/Control_genomes/results/Stat_Results/Busco_sum/Sum_table_GCA_922984085.1.txt
     
        (one of the commands exited with non-zero exit code; note that snakemake uses bash strict mode!)
    cluster_jobid: Submitted batch job 3454410

Error executing rule Sum on cluster (jobid: 110, external: Submitted batch job 3454410, jobscript: /beegfs/data/soukkal/StageM2/Scripts/BUSCO_jobs/.snakemake/tmp.jn0tt6kf/snakejob.Sum.110.sh). For error details see the cluster log and the log files of the involved rule(s).
[Mon Mar 14 14:45:53 2022]
Finished job 111.
39 of 41 steps (95%) done
Shutting down, this might take some time.
Exiting because a job execution failed. Look above for error message
Complete log: /beegfs/data/soukkal/StageM2/Scripts/BUSCO_jobs/.snakemake/log/2022-03-14T144535.983869.snakemake.log
