Building DAG of jobs...
MissingInputException in line 22 of /beegfs/data/soukkal/StageM2/Scripts/BUSCO_jobs/Snakemake_BUSCO_QUAST_Control:
Missing input files for rule all:
/beegfs/data/soukkal/StageM2/Control_genomes/results/Stat_Results/GCA_001017515.1/BUSCO_results/diptera/Sum_table_GCA_001017515.1.txt
/beegfs/data/soukkal/StageM2/Control_genomes/results/Stat_Results/GCA_017309665.1/BUSCO_results/diptera/Sum_table_GCA_017309665.1.txt
/beegfs/data/soukkal/StageM2/Control_genomes/results/Stat_Results/GCA_021234595.1/BUSCO_results/diptera/Sum_table_GCA_021234595.1.txt
/beegfs/data/soukkal/StageM2/Control_genomes/results/Stat_Results/GCA_905231855.2/BUSCO_results/diptera/Sum_table_GCA_905231855.2.txt
/beegfs/data/soukkal/StageM2/Control_genomes/results/Stat_Results/GCA_001014575.1/BUSCO_results/diptera/Sum_table_GCA_001014575.1.txt
/beegfs/data/soukkal/StageM2/Control_genomes/results/Stat_Results/GCA_914767635.1/BUSCO_results/diptera/Sum_table_GCA_914767635.1.txt
/beegfs/data/soukkal/StageM2/Control_genomes/results/Stat_Results/GCF_000699065.1/BUSCO_results/diptera/Sum_table_GCF_000699065.1.txt
/beegfs/data/soukkal/StageM2/Control_genomes/results/Stat_Results/GCF_009650485.1/BUSCO_results/diptera/Sum_table_GCF_009650485.1.txt
/beegfs/data/soukkal/StageM2/Control_genomes/results/Stat_Results/GCA_907269105.1/BUSCO_results/diptera/Sum_table_GCA_907269105.1.txt
/beegfs/data/soukkal/StageM2/Control_genomes/results/Stat_Results/GCF_013731165.1/BUSCO_results/diptera/Sum_table_GCF_013731165.1.txt
/beegfs/data/soukkal/StageM2/Control_genomes/results/Stat_Results/GCF_013340165.1/BUSCO_results/diptera/Sum_table_GCF_013340165.1.txt
/beegfs/data/soukkal/StageM2/Control_genomes/results/Stat_Results/GCA_001015115.1/BUSCO_results/diptera/Sum_table_GCA_001015115.1.txt
/beegfs/data/soukkal/StageM2/Control_genomes/results/Stat_Results/GCA_916048285.2/BUSCO_results/diptera/Sum_table_GCA_916048285.2.txt
/beegfs/data/soukkal/StageM2/Control_genomes/results/Stat_Results/GCF_000001215.4/BUSCO_results/diptera/Sum_table_GCF_000001215.4.txt
/beegfs/data/soukkal/StageM2/Control_genomes/results/Stat_Results/GCA_001014415.1/BUSCO_results/diptera/Sum_table_GCA_001014415.1.txt
/beegfs/data/soukkal/StageM2/Control_genomes/results/Stat_Results/GCA_917880715.2/BUSCO_results/diptera/Sum_table_GCA_917880715.2.txt
/beegfs/data/soukkal/StageM2/Control_genomes/results/Stat_Results/GCA_004302925.1/BUSCO_results/diptera/Sum_table_GCA_004302925.1.txt
/beegfs/data/soukkal/StageM2/Control_genomes/results/Stat_Results/GCA_003123925.1/BUSCO_results/diptera/Sum_table_GCA_003123925.1.txt
/beegfs/data/soukkal/StageM2/Control_genomes/results/Stat_Results/GCA_003952975.1/BUSCO_results/diptera/Sum_table_GCA_003952975.1.txt
/beegfs/data/soukkal/StageM2/Control_genomes/results/Stat_Results/GCA_001014935.1/BUSCO_results/diptera/Sum_table_GCA_001014935.1.txt
/beegfs/data/soukkal/StageM2/Control_genomes/results/Stat_Results/GCA_001735545.1/BUSCO_results/diptera/Sum_table_GCA_001735545.1.txt
/beegfs/data/soukkal/StageM2/Control_genomes/results/Stat_Results/GCF_002237135.1/BUSCO_results/diptera/Sum_table_GCF_002237135.1.txt
/beegfs/data/soukkal/StageM2/Control_genomes/results/Stat_Results/GCA_019455685.1/BUSCO_results/diptera/Sum_table_GCA_019455685.1.txt
/beegfs/data/soukkal/StageM2/Control_genomes/results/Stat_Results/GCA_001014675.1/BUSCO_results/diptera/Sum_table_GCA_001014675.1.txt
/beegfs/data/soukkal/StageM2/Control_genomes/results/Stat_Results/GCF_001015335.1/BUSCO_results/diptera/Sum_table_GCF_001015335.1.txt
/beegfs/data/soukkal/StageM2/Control_genomes/results/Stat_Results/GCA_914767935.1/BUSCO_results/diptera/Sum_table_GCA_914767935.1.txt
/beegfs/data/soukkal/StageM2/Control_genomes/results/Stat_Results/GCA_920105625.1/BUSCO_results/diptera/Sum_table_GCA_920105625.1.txt
/beegfs/data/soukkal/StageM2/Control_genomes/results/Stat_Results/GCA_014858695.1/BUSCO_results/diptera/Sum_table_GCA_014858695.1.txt
/beegfs/data/soukkal/StageM2/Control_genomes/results/Stat_Results/GCA_001015175.1/BUSCO_results/diptera/Sum_table_GCA_001015175.1.txt
/beegfs/data/soukkal/StageM2/Control_genomes/results/Stat_Results/GCA_001017275.1/BUSCO_results/diptera/Sum_table_GCA_001017275.1.txt
/beegfs/data/soukkal/StageM2/Control_genomes/results/Stat_Results/GCF_014805625.1/BUSCO_results/diptera/Sum_table_GCF_014805625.1.txt
/beegfs/data/soukkal/StageM2/Control_genomes/results/Stat_Results/GCA_003055125.1/BUSCO_results/diptera/Sum_table_GCA_003055125.1.txt
/beegfs/data/soukkal/StageM2/Control_genomes/results/Stat_Results/GCA_920104205.1/BUSCO_results/diptera/Sum_table_GCA_920104205.1.txt
/beegfs/data/soukkal/StageM2/Control_genomes/results/Stat_Results/GCA_005959815.1/BUSCO_results/diptera/Sum_table_GCA_005959815.1.txt
/beegfs/data/soukkal/StageM2/Control_genomes/results/Stat_Results/GCA_001015075.1/BUSCO_results/diptera/Sum_table_GCA_001015075.1.txt
/beegfs/data/soukkal/StageM2/Control_genomes/results/Stat_Results/GCF_016617805.1/BUSCO_results/diptera/Sum_table_GCF_016617805.1.txt
/beegfs/data/soukkal/StageM2/Control_genomes/results/Stat_Results/GCA_020466095.1/BUSCO_results/diptera/Sum_table_GCA_020466095.1.txt
/beegfs/data/soukkal/StageM2/Control_genomes/results/Stat_Results/GCA_916050605.2/BUSCO_results/diptera/Sum_table_GCA_916050605.2.txt
/beegfs/data/soukkal/StageM2/Control_genomes/results/Stat_Results/GCA_922984085.1/BUSCO_results/diptera/Sum_table_GCA_922984085.1.txt
/beegfs/data/soukkal/StageM2/Control_genomes/results/Stat_Results/GCF_000347755.3/BUSCO_results/diptera/Sum_table_GCF_000347755.3.txt
