Building DAG of jobs...
Using shell: /usr/bin/bash
Provided cluster nodes: 8000
Job counts:
	count	jobs
	40	BUSCO
	40	Sum
	1	all
	81

[Mon Mar 21 10:34:47 2022]
rule BUSCO:
    input: /beegfs/data/soukkal/StageM2/Control_genomes/genomes/GCA_021234595.1.fna
    output: /beegfs/data/soukkal/StageM2/Control_genomes/results/Stat_Results/GCA_021234595.1/BUSCO_results/run_diptera_odb10/full_table.tsv
    jobid: 20
    wildcards: Genome_ID=GCA_021234595.1

Submitted job 20 with external jobid 'Submitted batch job 3490360'.

[Mon Mar 21 10:34:47 2022]
rule BUSCO:
    input: /beegfs/data/soukkal/StageM2/Control_genomes/genomes/GCA_001015115.1.fna
    output: /beegfs/data/soukkal/StageM2/Control_genomes/results/Stat_Results/GCA_001015115.1/BUSCO_results/run_diptera_odb10/full_table.tsv
    jobid: 6
    wildcards: Genome_ID=GCA_001015115.1

Submitted job 6 with external jobid 'Submitted batch job 3490361'.

[Mon Mar 21 10:34:47 2022]
rule BUSCO:
    input: /beegfs/data/soukkal/StageM2/Control_genomes/genomes/GCF_001015335.1.fna
    output: /beegfs/data/soukkal/StageM2/Control_genomes/results/Stat_Results/GCF_001015335.1/BUSCO_results/run_diptera_odb10/full_table.tsv
    jobid: 34
    wildcards: Genome_ID=GCF_001015335.1

Submitted job 34 with external jobid 'Submitted batch job 3490362'.

[Mon Mar 21 10:34:48 2022]
rule BUSCO:
    input: /beegfs/data/soukkal/StageM2/Control_genomes/genomes/GCA_920104205.1.fna
    output: /beegfs/data/soukkal/StageM2/Control_genomes/results/Stat_Results/GCA_920104205.1/BUSCO_results/run_diptera_odb10/full_table.tsv
    jobid: 28
    wildcards: Genome_ID=GCA_920104205.1

Submitted job 28 with external jobid 'Submitted batch job 3490363'.

[Mon Mar 21 10:34:48 2022]
rule BUSCO:
    input: /beegfs/data/soukkal/StageM2/Control_genomes/genomes/GCA_004302925.1.fna
    output: /beegfs/data/soukkal/StageM2/Control_genomes/results/Stat_Results/GCA_004302925.1/BUSCO_results/run_diptera_odb10/full_table.tsv
    jobid: 14
    wildcards: Genome_ID=GCA_004302925.1

Submitted job 14 with external jobid 'Submitted batch job 3490364'.

[Mon Mar 21 10:34:48 2022]
rule BUSCO:
    input: /beegfs/data/soukkal/StageM2/Control_genomes/genomes/GCA_905231855.2.fna
    output: /beegfs/data/soukkal/StageM2/Control_genomes/results/Stat_Results/GCA_905231855.2/BUSCO_results/run_diptera_odb10/full_table.tsv
    jobid: 21
    wildcards: Genome_ID=GCA_905231855.2

Submitted job 21 with external jobid 'Submitted batch job 3490365'.

[Mon Mar 21 10:34:48 2022]
rule BUSCO:
    input: /beegfs/data/soukkal/StageM2/Control_genomes/genomes/GCF_002237135.1.fna
    output: /beegfs/data/soukkal/StageM2/Control_genomes/results/Stat_Results/GCF_002237135.1/BUSCO_results/run_diptera_odb10/full_table.tsv
    jobid: 35
    wildcards: Genome_ID=GCF_002237135.1

Submitted job 35 with external jobid 'Submitted batch job 3490366'.

[Mon Mar 21 10:34:48 2022]
rule BUSCO:
    input: /beegfs/data/soukkal/StageM2/Control_genomes/genomes/GCA_001015175.1.fna
    output: /beegfs/data/soukkal/StageM2/Control_genomes/results/Stat_Results/GCA_001015175.1/BUSCO_results/run_diptera_odb10/full_table.tsv
    jobid: 7
    wildcards: Genome_ID=GCA_001015175.1

Submitted job 7 with external jobid 'Submitted batch job 3490367'.

[Mon Mar 21 10:34:48 2022]
rule BUSCO:
    input: /beegfs/data/soukkal/StageM2/Control_genomes/genomes/GCA_001014415.1.fna
    output: /beegfs/data/soukkal/StageM2/Control_genomes/results/Stat_Results/GCA_001014415.1/BUSCO_results/run_diptera_odb10/full_table.tsv
    jobid: 1
    wildcards: Genome_ID=GCA_001014415.1

Submitted job 1 with external jobid 'Submitted batch job 3490368'.

[Mon Mar 21 10:34:48 2022]
rule BUSCO:
    input: /beegfs/data/soukkal/StageM2/Control_genomes/genomes/GCA_920105625.1.fna
    output: /beegfs/data/soukkal/StageM2/Control_genomes/results/Stat_Results/GCA_920105625.1/BUSCO_results/run_diptera_odb10/full_table.tsv
    jobid: 29
    wildcards: Genome_ID=GCA_920105625.1

Submitted job 29 with external jobid 'Submitted batch job 3490369'.

[Mon Mar 21 10:34:48 2022]
rule BUSCO:
    input: /beegfs/data/soukkal/StageM2/Control_genomes/genomes/GCA_005959815.1.fna
    output: /beegfs/data/soukkal/StageM2/Control_genomes/results/Stat_Results/GCA_005959815.1/BUSCO_results/run_diptera_odb10/full_table.tsv
    jobid: 15
    wildcards: Genome_ID=GCA_005959815.1

Submitted job 15 with external jobid 'Submitted batch job 3490370'.

[Mon Mar 21 10:34:48 2022]
rule BUSCO:
    input: /beegfs/data/soukkal/StageM2/Control_genomes/genomes/GCA_907269105.1.fna
    output: /beegfs/data/soukkal/StageM2/Control_genomes/results/Stat_Results/GCA_907269105.1/BUSCO_results/run_diptera_odb10/full_table.tsv
    jobid: 22
    wildcards: Genome_ID=GCA_907269105.1

Submitted job 22 with external jobid 'Submitted batch job 3490371'.

[Mon Mar 21 10:34:48 2022]
rule BUSCO:
    input: /beegfs/data/soukkal/StageM2/Control_genomes/genomes/GCF_009650485.1.fna
    output: /beegfs/data/soukkal/StageM2/Control_genomes/results/Stat_Results/GCF_009650485.1/BUSCO_results/run_diptera_odb10/full_table.tsv
    jobid: 36
    wildcards: Genome_ID=GCF_009650485.1

Submitted job 36 with external jobid 'Submitted batch job 3490372'.

[Mon Mar 21 10:34:49 2022]
rule BUSCO:
    input: /beegfs/data/soukkal/StageM2/Control_genomes/genomes/GCA_001017275.1.fna
    output: /beegfs/data/soukkal/StageM2/Control_genomes/results/Stat_Results/GCA_001017275.1/BUSCO_results/run_diptera_odb10/full_table.tsv
    jobid: 8
    wildcards: Genome_ID=GCA_001017275.1

Submitted job 8 with external jobid 'Submitted batch job 3490373'.

[Mon Mar 21 10:34:49 2022]
rule BUSCO:
    input: /beegfs/data/soukkal/StageM2/Control_genomes/genomes/GCA_922984085.1.fna
    output: /beegfs/data/soukkal/StageM2/Control_genomes/results/Stat_Results/GCA_922984085.1/BUSCO_results/run_diptera_odb10/full_table.tsv
    jobid: 30
    wildcards: Genome_ID=GCA_922984085.1

Submitted job 30 with external jobid 'Submitted batch job 3490374'.

[Mon Mar 21 10:34:49 2022]
rule BUSCO:
    input: /beegfs/data/soukkal/StageM2/Control_genomes/genomes/GCA_001014675.1.fna
    output: /beegfs/data/soukkal/StageM2/Control_genomes/results/Stat_Results/GCA_001014675.1/BUSCO_results/run_diptera_odb10/full_table.tsv
    jobid: 3
    wildcards: Genome_ID=GCA_001014675.1

Submitted job 3 with external jobid 'Submitted batch job 3490375'.

[Mon Mar 21 10:34:49 2022]
rule BUSCO:
    input: /beegfs/data/soukkal/StageM2/Control_genomes/genomes/GCA_014858695.1.fna
    output: /beegfs/data/soukkal/StageM2/Control_genomes/results/Stat_Results/GCA_014858695.1/BUSCO_results/run_diptera_odb10/full_table.tsv
    jobid: 16
    wildcards: Genome_ID=GCA_014858695.1

Submitted job 16 with external jobid 'Submitted batch job 3490376'.

[Mon Mar 21 10:34:49 2022]
rule BUSCO:
    input: /beegfs/data/soukkal/StageM2/Control_genomes/genomes/GCF_013340165.1.fna
    output: /beegfs/data/soukkal/StageM2/Control_genomes/results/Stat_Results/GCF_013340165.1/BUSCO_results/run_diptera_odb10/full_table.tsv
    jobid: 37
    wildcards: Genome_ID=GCF_013340165.1

Submitted job 37 with external jobid 'Submitted batch job 3490377'.

[Mon Mar 21 10:34:49 2022]
rule BUSCO:
    input: /beegfs/data/soukkal/StageM2/Control_genomes/genomes/GCA_914767635.1.fna
    output: /beegfs/data/soukkal/StageM2/Control_genomes/results/Stat_Results/GCA_914767635.1/BUSCO_results/run_diptera_odb10/full_table.tsv
    jobid: 23
    wildcards: Genome_ID=GCA_914767635.1

Submitted job 23 with external jobid 'Submitted batch job 3490378'.

[Mon Mar 21 10:34:49 2022]
rule BUSCO:
    input: /beegfs/data/soukkal/StageM2/Control_genomes/genomes/GCA_001017515.1.fna
    output: /beegfs/data/soukkal/StageM2/Control_genomes/results/Stat_Results/GCA_001017515.1/BUSCO_results/run_diptera_odb10/full_table.tsv
    jobid: 9
    wildcards: Genome_ID=GCA_001017515.1

Submitted job 9 with external jobid 'Submitted batch job 3490379'.

[Mon Mar 21 10:34:49 2022]
rule BUSCO:
    input: /beegfs/data/soukkal/StageM2/Control_genomes/genomes/GCF_000001215.4.fna
    output: /beegfs/data/soukkal/StageM2/Control_genomes/results/Stat_Results/GCF_000001215.4/BUSCO_results/run_diptera_odb10/full_table.tsv
    jobid: 31
    wildcards: Genome_ID=GCF_000001215.4

Submitted job 31 with external jobid 'Submitted batch job 3490380'.

[Mon Mar 21 10:34:49 2022]
rule BUSCO:
    input: /beegfs/data/soukkal/StageM2/Control_genomes/genomes/GCA_001014575.1.fna
    output: /beegfs/data/soukkal/StageM2/Control_genomes/results/Stat_Results/GCA_001014575.1/BUSCO_results/run_diptera_odb10/full_table.tsv
    jobid: 2
    wildcards: Genome_ID=GCA_001014575.1

Submitted job 2 with external jobid 'Submitted batch job 3490381'.

[Mon Mar 21 10:34:50 2022]
rule BUSCO:
    input: /beegfs/data/soukkal/StageM2/Control_genomes/genomes/GCA_017309665.1.fna
    output: /beegfs/data/soukkal/StageM2/Control_genomes/results/Stat_Results/GCA_017309665.1/BUSCO_results/run_diptera_odb10/full_table.tsv
    jobid: 17
    wildcards: Genome_ID=GCA_017309665.1

Submitted job 17 with external jobid 'Submitted batch job 3490382'.

[Mon Mar 21 10:34:50 2022]
rule BUSCO:
    input: /beegfs/data/soukkal/StageM2/Control_genomes/genomes/GCA_914767935.1.fna
    output: /beegfs/data/soukkal/StageM2/Control_genomes/results/Stat_Results/GCA_914767935.1/BUSCO_results/run_diptera_odb10/full_table.tsv
    jobid: 24
    wildcards: Genome_ID=GCA_914767935.1

Submitted job 24 with external jobid 'Submitted batch job 3490383'.

[Mon Mar 21 10:34:50 2022]
rule BUSCO:
    input: /beegfs/data/soukkal/StageM2/Control_genomes/genomes/GCF_013731165.1.fna
    output: /beegfs/data/soukkal/StageM2/Control_genomes/results/Stat_Results/GCF_013731165.1/BUSCO_results/run_diptera_odb10/full_table.tsv
    jobid: 38
    wildcards: Genome_ID=GCF_013731165.1

Submitted job 38 with external jobid 'Submitted batch job 3490384'.

[Mon Mar 21 10:34:50 2022]
rule BUSCO:
    input: /beegfs/data/soukkal/StageM2/Control_genomes/genomes/GCA_001735545.1.fna
    output: /beegfs/data/soukkal/StageM2/Control_genomes/results/Stat_Results/GCA_001735545.1/BUSCO_results/run_diptera_odb10/full_table.tsv
    jobid: 10
    wildcards: Genome_ID=GCA_001735545.1

Submitted job 10 with external jobid 'Submitted batch job 3490385'.

[Mon Mar 21 10:34:50 2022]
rule BUSCO:
    input: /beegfs/data/soukkal/StageM2/Control_genomes/genomes/GCF_000347755.3.fna
    output: /beegfs/data/soukkal/StageM2/Control_genomes/results/Stat_Results/GCF_000347755.3/BUSCO_results/run_diptera_odb10/full_table.tsv
    jobid: 32
    wildcards: Genome_ID=GCF_000347755.3

Submitted job 32 with external jobid 'Submitted batch job 3490386'.

[Mon Mar 21 10:34:50 2022]
rule BUSCO:
    input: /beegfs/data/soukkal/StageM2/Control_genomes/genomes/GCA_001014935.1.fna
    output: /beegfs/data/soukkal/StageM2/Control_genomes/results/Stat_Results/GCA_001014935.1/BUSCO_results/run_diptera_odb10/full_table.tsv
    jobid: 4
    wildcards: Genome_ID=GCA_001014935.1

Submitted job 4 with external jobid 'Submitted batch job 3490387'.

[Mon Mar 21 10:34:50 2022]
rule BUSCO:
    input: /beegfs/data/soukkal/StageM2/Control_genomes/genomes/GCA_019455685.1.fna
    output: /beegfs/data/soukkal/StageM2/Control_genomes/results/Stat_Results/GCA_019455685.1/BUSCO_results/run_diptera_odb10/full_table.tsv
    jobid: 18
    wildcards: Genome_ID=GCA_019455685.1

Submitted job 18 with external jobid 'Submitted batch job 3490388'.

[Mon Mar 21 10:34:50 2022]
rule BUSCO:
    input: /beegfs/data/soukkal/StageM2/Control_genomes/genomes/GCF_014805625.1.fna
    output: /beegfs/data/soukkal/StageM2/Control_genomes/results/Stat_Results/GCF_014805625.1/BUSCO_results/run_diptera_odb10/full_table.tsv
    jobid: 39
    wildcards: Genome_ID=GCF_014805625.1

Submitted job 39 with external jobid 'Submitted batch job 3490389'.

[Mon Mar 21 10:34:50 2022]
rule BUSCO:
    input: /beegfs/data/soukkal/StageM2/Control_genomes/genomes/GCA_916048285.2.fna
    output: /beegfs/data/soukkal/StageM2/Control_genomes/results/Stat_Results/GCA_916048285.2/BUSCO_results/run_diptera_odb10/full_table.tsv
    jobid: 25
    wildcards: Genome_ID=GCA_916048285.2

Submitted job 25 with external jobid 'Submitted batch job 3490390'.

[Mon Mar 21 10:34:50 2022]
rule BUSCO:
    input: /beegfs/data/soukkal/StageM2/Control_genomes/genomes/GCA_003055125.1.fna
    output: /beegfs/data/soukkal/StageM2/Control_genomes/results/Stat_Results/GCA_003055125.1/BUSCO_results/run_diptera_odb10/full_table.tsv
    jobid: 11
    wildcards: Genome_ID=GCA_003055125.1

Submitted job 11 with external jobid 'Submitted batch job 3490391'.

[Mon Mar 21 10:34:50 2022]
rule BUSCO:
    input: /beegfs/data/soukkal/StageM2/Control_genomes/genomes/GCF_000699065.1.fna
    output: /beegfs/data/soukkal/StageM2/Control_genomes/results/Stat_Results/GCF_000699065.1/BUSCO_results/run_diptera_odb10/full_table.tsv
    jobid: 33
    wildcards: Genome_ID=GCF_000699065.1

Submitted job 33 with external jobid 'Submitted batch job 3490392'.

[Mon Mar 21 10:34:51 2022]
rule BUSCO:
    input: /beegfs/data/soukkal/StageM2/Control_genomes/genomes/GCA_001015075.1.fna
    output: /beegfs/data/soukkal/StageM2/Control_genomes/results/Stat_Results/GCA_001015075.1/BUSCO_results/run_diptera_odb10/full_table.tsv
    jobid: 5
    wildcards: Genome_ID=GCA_001015075.1

Submitted job 5 with external jobid 'Submitted batch job 3490393'.

[Mon Mar 21 10:34:51 2022]
rule BUSCO:
    input: /beegfs/data/soukkal/StageM2/Control_genomes/genomes/GCA_020466095.1.fna
    output: /beegfs/data/soukkal/StageM2/Control_genomes/results/Stat_Results/GCA_020466095.1/BUSCO_results/run_diptera_odb10/full_table.tsv
    jobid: 19
    wildcards: Genome_ID=GCA_020466095.1

Submitted job 19 with external jobid 'Submitted batch job 3490394'.

[Mon Mar 21 10:34:51 2022]
rule BUSCO:
    input: /beegfs/data/soukkal/StageM2/Control_genomes/genomes/GCA_003952975.1.fna
    output: /beegfs/data/soukkal/StageM2/Control_genomes/results/Stat_Results/GCA_003952975.1/BUSCO_results/run_diptera_odb10/full_table.tsv
    jobid: 13
    wildcards: Genome_ID=GCA_003952975.1

Submitted job 13 with external jobid 'Submitted batch job 3490395'.

[Mon Mar 21 10:34:51 2022]
rule BUSCO:
    input: /beegfs/data/soukkal/StageM2/Control_genomes/genomes/GCA_916050605.2.fna
    output: /beegfs/data/soukkal/StageM2/Control_genomes/results/Stat_Results/GCA_916050605.2/BUSCO_results/run_diptera_odb10/full_table.tsv
    jobid: 26
    wildcards: Genome_ID=GCA_916050605.2

Submitted job 26 with external jobid 'Submitted batch job 3490396'.

[Mon Mar 21 10:34:51 2022]
rule BUSCO:
    input: /beegfs/data/soukkal/StageM2/Control_genomes/genomes/GCF_016617805.1.fna
    output: /beegfs/data/soukkal/StageM2/Control_genomes/results/Stat_Results/GCF_016617805.1/BUSCO_results/run_diptera_odb10/full_table.tsv
    jobid: 40
    wildcards: Genome_ID=GCF_016617805.1

Submitted job 40 with external jobid 'Submitted batch job 3490397'.

[Mon Mar 21 10:34:51 2022]
rule BUSCO:
    input: /beegfs/data/soukkal/StageM2/Control_genomes/genomes/GCA_003123925.1.fna
    output: /beegfs/data/soukkal/StageM2/Control_genomes/results/Stat_Results/GCA_003123925.1/BUSCO_results/run_diptera_odb10/full_table.tsv
    jobid: 12
    wildcards: Genome_ID=GCA_003123925.1

Submitted job 12 with external jobid 'Submitted batch job 3490398'.

[Mon Mar 21 10:34:51 2022]
rule BUSCO:
    input: /beegfs/data/soukkal/StageM2/Control_genomes/genomes/GCA_917880715.2.fna
    output: /beegfs/data/soukkal/StageM2/Control_genomes/results/Stat_Results/GCA_917880715.2/BUSCO_results/run_diptera_odb10/full_table.tsv
    jobid: 27
    wildcards: Genome_ID=GCA_917880715.2

Submitted job 27 with external jobid 'Submitted batch job 3490399'.
[Mon Mar 21 10:35:11 2022]
Error in rule BUSCO:
    jobid: 20
    output: /beegfs/data/soukkal/StageM2/Control_genomes/results/Stat_Results/GCA_021234595.1/BUSCO_results/run_diptera_odb10/full_table.tsv
    shell:
        
     hostname
     cd /beegfs/data/soukkal/StageM2/Control_genomes/results/Stat_Results/GCA_021234595.1/
     /beegfs/data/soft/singularity-3.7.2/bin/singularity exec --bind /beegfs/:/beegfs/ /beegfs/data/soukkal/TOOLS/BUSCO.sif busco -i /beegfs/data/soukkal/StageM2/Control_genomes/genomes/GCA_021234595.1.fna  -l diptera_odb10 -m genome -o BUSCO_results -c 3
     
        (one of the commands exited with non-zero exit code; note that snakemake uses bash strict mode!)
    cluster_jobid: Submitted batch job 3490360

Error executing rule BUSCO on cluster (jobid: 20, external: Submitted batch job 3490360, jobscript: /beegfs/data/soukkal/StageM2/Scripts/BUSCO_jobs/.snakemake/tmp._fjux2qi/snakejob.BUSCO.20.sh). For error details see the cluster log and the log files of the involved rule(s).
[Mon Mar 21 10:35:11 2022]
Error in rule BUSCO:
    jobid: 6
    output: /beegfs/data/soukkal/StageM2/Control_genomes/results/Stat_Results/GCA_001015115.1/BUSCO_results/run_diptera_odb10/full_table.tsv
    shell:
        
     hostname
     cd /beegfs/data/soukkal/StageM2/Control_genomes/results/Stat_Results/GCA_001015115.1/
     /beegfs/data/soft/singularity-3.7.2/bin/singularity exec --bind /beegfs/:/beegfs/ /beegfs/data/soukkal/TOOLS/BUSCO.sif busco -i /beegfs/data/soukkal/StageM2/Control_genomes/genomes/GCA_001015115.1.fna  -l diptera_odb10 -m genome -o BUSCO_results -c 3
     
        (one of the commands exited with non-zero exit code; note that snakemake uses bash strict mode!)
    cluster_jobid: Submitted batch job 3490361

Error executing rule BUSCO on cluster (jobid: 6, external: Submitted batch job 3490361, jobscript: /beegfs/data/soukkal/StageM2/Scripts/BUSCO_jobs/.snakemake/tmp._fjux2qi/snakejob.BUSCO.6.sh). For error details see the cluster log and the log files of the involved rule(s).
[Mon Mar 21 10:35:11 2022]
Error in rule BUSCO:
    jobid: 34
    output: /beegfs/data/soukkal/StageM2/Control_genomes/results/Stat_Results/GCF_001015335.1/BUSCO_results/run_diptera_odb10/full_table.tsv
    shell:
        
     hostname
     cd /beegfs/data/soukkal/StageM2/Control_genomes/results/Stat_Results/GCF_001015335.1/
     /beegfs/data/soft/singularity-3.7.2/bin/singularity exec --bind /beegfs/:/beegfs/ /beegfs/data/soukkal/TOOLS/BUSCO.sif busco -i /beegfs/data/soukkal/StageM2/Control_genomes/genomes/GCF_001015335.1.fna  -l diptera_odb10 -m genome -o BUSCO_results -c 3
     
        (one of the commands exited with non-zero exit code; note that snakemake uses bash strict mode!)
    cluster_jobid: Submitted batch job 3490362

Error executing rule BUSCO on cluster (jobid: 34, external: Submitted batch job 3490362, jobscript: /beegfs/data/soukkal/StageM2/Scripts/BUSCO_jobs/.snakemake/tmp._fjux2qi/snakejob.BUSCO.34.sh). For error details see the cluster log and the log files of the involved rule(s).
[Mon Mar 21 10:35:25 2022]
Error in rule BUSCO:
    jobid: 28
    output: /beegfs/data/soukkal/StageM2/Control_genomes/results/Stat_Results/GCA_920104205.1/BUSCO_results/run_diptera_odb10/full_table.tsv
    shell:
        
     hostname
     cd /beegfs/data/soukkal/StageM2/Control_genomes/results/Stat_Results/GCA_920104205.1/
     /beegfs/data/soft/singularity-3.7.2/bin/singularity exec --bind /beegfs/:/beegfs/ /beegfs/data/soukkal/TOOLS/BUSCO.sif busco -i /beegfs/data/soukkal/StageM2/Control_genomes/genomes/GCA_920104205.1.fna  -l diptera_odb10 -m genome -o BUSCO_results -c 3
     
        (one of the commands exited with non-zero exit code; note that snakemake uses bash strict mode!)
    cluster_jobid: Submitted batch job 3490363

Error executing rule BUSCO on cluster (jobid: 28, external: Submitted batch job 3490363, jobscript: /beegfs/data/soukkal/StageM2/Scripts/BUSCO_jobs/.snakemake/tmp._fjux2qi/snakejob.BUSCO.28.sh). For error details see the cluster log and the log files of the involved rule(s).
[Mon Mar 21 10:35:25 2022]
Error in rule BUSCO:
    jobid: 14
    output: /beegfs/data/soukkal/StageM2/Control_genomes/results/Stat_Results/GCA_004302925.1/BUSCO_results/run_diptera_odb10/full_table.tsv
    shell:
        
     hostname
     cd /beegfs/data/soukkal/StageM2/Control_genomes/results/Stat_Results/GCA_004302925.1/
     /beegfs/data/soft/singularity-3.7.2/bin/singularity exec --bind /beegfs/:/beegfs/ /beegfs/data/soukkal/TOOLS/BUSCO.sif busco -i /beegfs/data/soukkal/StageM2/Control_genomes/genomes/GCA_004302925.1.fna  -l diptera_odb10 -m genome -o BUSCO_results -c 3
     
        (one of the commands exited with non-zero exit code; note that snakemake uses bash strict mode!)
    cluster_jobid: Submitted batch job 3490364

Error executing rule BUSCO on cluster (jobid: 14, external: Submitted batch job 3490364, jobscript: /beegfs/data/soukkal/StageM2/Scripts/BUSCO_jobs/.snakemake/tmp._fjux2qi/snakejob.BUSCO.14.sh). For error details see the cluster log and the log files of the involved rule(s).
[Mon Mar 21 10:35:25 2022]
Error in rule BUSCO:
    jobid: 21
    output: /beegfs/data/soukkal/StageM2/Control_genomes/results/Stat_Results/GCA_905231855.2/BUSCO_results/run_diptera_odb10/full_table.tsv
    shell:
        
     hostname
     cd /beegfs/data/soukkal/StageM2/Control_genomes/results/Stat_Results/GCA_905231855.2/
     /beegfs/data/soft/singularity-3.7.2/bin/singularity exec --bind /beegfs/:/beegfs/ /beegfs/data/soukkal/TOOLS/BUSCO.sif busco -i /beegfs/data/soukkal/StageM2/Control_genomes/genomes/GCA_905231855.2.fna  -l diptera_odb10 -m genome -o BUSCO_results -c 3
     
        (one of the commands exited with non-zero exit code; note that snakemake uses bash strict mode!)
    cluster_jobid: Submitted batch job 3490365

Error executing rule BUSCO on cluster (jobid: 21, external: Submitted batch job 3490365, jobscript: /beegfs/data/soukkal/StageM2/Scripts/BUSCO_jobs/.snakemake/tmp._fjux2qi/snakejob.BUSCO.21.sh). For error details see the cluster log and the log files of the involved rule(s).
[Mon Mar 21 10:35:25 2022]
Error in rule BUSCO:
    jobid: 35
    output: /beegfs/data/soukkal/StageM2/Control_genomes/results/Stat_Results/GCF_002237135.1/BUSCO_results/run_diptera_odb10/full_table.tsv
    shell:
        
     hostname
     cd /beegfs/data/soukkal/StageM2/Control_genomes/results/Stat_Results/GCF_002237135.1/
     /beegfs/data/soft/singularity-3.7.2/bin/singularity exec --bind /beegfs/:/beegfs/ /beegfs/data/soukkal/TOOLS/BUSCO.sif busco -i /beegfs/data/soukkal/StageM2/Control_genomes/genomes/GCF_002237135.1.fna  -l diptera_odb10 -m genome -o BUSCO_results -c 3
     
        (one of the commands exited with non-zero exit code; note that snakemake uses bash strict mode!)
    cluster_jobid: Submitted batch job 3490366

Error executing rule BUSCO on cluster (jobid: 35, external: Submitted batch job 3490366, jobscript: /beegfs/data/soukkal/StageM2/Scripts/BUSCO_jobs/.snakemake/tmp._fjux2qi/snakejob.BUSCO.35.sh). For error details see the cluster log and the log files of the involved rule(s).
[Mon Mar 21 10:35:25 2022]
Error in rule BUSCO:
    jobid: 7
    output: /beegfs/data/soukkal/StageM2/Control_genomes/results/Stat_Results/GCA_001015175.1/BUSCO_results/run_diptera_odb10/full_table.tsv
    shell:
        
     hostname
     cd /beegfs/data/soukkal/StageM2/Control_genomes/results/Stat_Results/GCA_001015175.1/
     /beegfs/data/soft/singularity-3.7.2/bin/singularity exec --bind /beegfs/:/beegfs/ /beegfs/data/soukkal/TOOLS/BUSCO.sif busco -i /beegfs/data/soukkal/StageM2/Control_genomes/genomes/GCA_001015175.1.fna  -l diptera_odb10 -m genome -o BUSCO_results -c 3
     
        (one of the commands exited with non-zero exit code; note that snakemake uses bash strict mode!)
    cluster_jobid: Submitted batch job 3490367

Error executing rule BUSCO on cluster (jobid: 7, external: Submitted batch job 3490367, jobscript: /beegfs/data/soukkal/StageM2/Scripts/BUSCO_jobs/.snakemake/tmp._fjux2qi/snakejob.BUSCO.7.sh). For error details see the cluster log and the log files of the involved rule(s).
[Mon Mar 21 10:35:25 2022]
Error in rule BUSCO:
    jobid: 1
    output: /beegfs/data/soukkal/StageM2/Control_genomes/results/Stat_Results/GCA_001014415.1/BUSCO_results/run_diptera_odb10/full_table.tsv
    shell:
        
     hostname
     cd /beegfs/data/soukkal/StageM2/Control_genomes/results/Stat_Results/GCA_001014415.1/
     /beegfs/data/soft/singularity-3.7.2/bin/singularity exec --bind /beegfs/:/beegfs/ /beegfs/data/soukkal/TOOLS/BUSCO.sif busco -i /beegfs/data/soukkal/StageM2/Control_genomes/genomes/GCA_001014415.1.fna  -l diptera_odb10 -m genome -o BUSCO_results -c 3
     
        (one of the commands exited with non-zero exit code; note that snakemake uses bash strict mode!)
    cluster_jobid: Submitted batch job 3490368

Error executing rule BUSCO on cluster (jobid: 1, external: Submitted batch job 3490368, jobscript: /beegfs/data/soukkal/StageM2/Scripts/BUSCO_jobs/.snakemake/tmp._fjux2qi/snakejob.BUSCO.1.sh). For error details see the cluster log and the log files of the involved rule(s).
[Mon Mar 21 10:35:25 2022]
Error in rule BUSCO:
    jobid: 29
    output: /beegfs/data/soukkal/StageM2/Control_genomes/results/Stat_Results/GCA_920105625.1/BUSCO_results/run_diptera_odb10/full_table.tsv
    shell:
        
     hostname
     cd /beegfs/data/soukkal/StageM2/Control_genomes/results/Stat_Results/GCA_920105625.1/
     /beegfs/data/soft/singularity-3.7.2/bin/singularity exec --bind /beegfs/:/beegfs/ /beegfs/data/soukkal/TOOLS/BUSCO.sif busco -i /beegfs/data/soukkal/StageM2/Control_genomes/genomes/GCA_920105625.1.fna  -l diptera_odb10 -m genome -o BUSCO_results -c 3
     
        (one of the commands exited with non-zero exit code; note that snakemake uses bash strict mode!)
    cluster_jobid: Submitted batch job 3490369

Error executing rule BUSCO on cluster (jobid: 29, external: Submitted batch job 3490369, jobscript: /beegfs/data/soukkal/StageM2/Scripts/BUSCO_jobs/.snakemake/tmp._fjux2qi/snakejob.BUSCO.29.sh). For error details see the cluster log and the log files of the involved rule(s).
[Mon Mar 21 10:35:25 2022]
Error in rule BUSCO:
    jobid: 15
    output: /beegfs/data/soukkal/StageM2/Control_genomes/results/Stat_Results/GCA_005959815.1/BUSCO_results/run_diptera_odb10/full_table.tsv
    shell:
        
     hostname
     cd /beegfs/data/soukkal/StageM2/Control_genomes/results/Stat_Results/GCA_005959815.1/
     /beegfs/data/soft/singularity-3.7.2/bin/singularity exec --bind /beegfs/:/beegfs/ /beegfs/data/soukkal/TOOLS/BUSCO.sif busco -i /beegfs/data/soukkal/StageM2/Control_genomes/genomes/GCA_005959815.1.fna  -l diptera_odb10 -m genome -o BUSCO_results -c 3
     
        (one of the commands exited with non-zero exit code; note that snakemake uses bash strict mode!)
    cluster_jobid: Submitted batch job 3490370

Error executing rule BUSCO on cluster (jobid: 15, external: Submitted batch job 3490370, jobscript: /beegfs/data/soukkal/StageM2/Scripts/BUSCO_jobs/.snakemake/tmp._fjux2qi/snakejob.BUSCO.15.sh). For error details see the cluster log and the log files of the involved rule(s).
[Mon Mar 21 10:35:25 2022]
Error in rule BUSCO:
    jobid: 22
    output: /beegfs/data/soukkal/StageM2/Control_genomes/results/Stat_Results/GCA_907269105.1/BUSCO_results/run_diptera_odb10/full_table.tsv
    shell:
        
     hostname
     cd /beegfs/data/soukkal/StageM2/Control_genomes/results/Stat_Results/GCA_907269105.1/
     /beegfs/data/soft/singularity-3.7.2/bin/singularity exec --bind /beegfs/:/beegfs/ /beegfs/data/soukkal/TOOLS/BUSCO.sif busco -i /beegfs/data/soukkal/StageM2/Control_genomes/genomes/GCA_907269105.1.fna  -l diptera_odb10 -m genome -o BUSCO_results -c 3
     
        (one of the commands exited with non-zero exit code; note that snakemake uses bash strict mode!)
    cluster_jobid: Submitted batch job 3490371

Error executing rule BUSCO on cluster (jobid: 22, external: Submitted batch job 3490371, jobscript: /beegfs/data/soukkal/StageM2/Scripts/BUSCO_jobs/.snakemake/tmp._fjux2qi/snakejob.BUSCO.22.sh). For error details see the cluster log and the log files of the involved rule(s).
[Mon Mar 21 10:35:25 2022]
Error in rule BUSCO:
    jobid: 36
    output: /beegfs/data/soukkal/StageM2/Control_genomes/results/Stat_Results/GCF_009650485.1/BUSCO_results/run_diptera_odb10/full_table.tsv
    shell:
        
     hostname
     cd /beegfs/data/soukkal/StageM2/Control_genomes/results/Stat_Results/GCF_009650485.1/
     /beegfs/data/soft/singularity-3.7.2/bin/singularity exec --bind /beegfs/:/beegfs/ /beegfs/data/soukkal/TOOLS/BUSCO.sif busco -i /beegfs/data/soukkal/StageM2/Control_genomes/genomes/GCF_009650485.1.fna  -l diptera_odb10 -m genome -o BUSCO_results -c 3
     
        (one of the commands exited with non-zero exit code; note that snakemake uses bash strict mode!)
    cluster_jobid: Submitted batch job 3490372

Error executing rule BUSCO on cluster (jobid: 36, external: Submitted batch job 3490372, jobscript: /beegfs/data/soukkal/StageM2/Scripts/BUSCO_jobs/.snakemake/tmp._fjux2qi/snakejob.BUSCO.36.sh). For error details see the cluster log and the log files of the involved rule(s).
[Mon Mar 21 10:35:38 2022]
Error in rule BUSCO:
    jobid: 8
    output: /beegfs/data/soukkal/StageM2/Control_genomes/results/Stat_Results/GCA_001017275.1/BUSCO_results/run_diptera_odb10/full_table.tsv
    shell:
        
     hostname
     cd /beegfs/data/soukkal/StageM2/Control_genomes/results/Stat_Results/GCA_001017275.1/
     /beegfs/data/soft/singularity-3.7.2/bin/singularity exec --bind /beegfs/:/beegfs/ /beegfs/data/soukkal/TOOLS/BUSCO.sif busco -i /beegfs/data/soukkal/StageM2/Control_genomes/genomes/GCA_001017275.1.fna  -l diptera_odb10 -m genome -o BUSCO_results -c 3
     
        (one of the commands exited with non-zero exit code; note that snakemake uses bash strict mode!)
    cluster_jobid: Submitted batch job 3490373

Error executing rule BUSCO on cluster (jobid: 8, external: Submitted batch job 3490373, jobscript: /beegfs/data/soukkal/StageM2/Scripts/BUSCO_jobs/.snakemake/tmp._fjux2qi/snakejob.BUSCO.8.sh). For error details see the cluster log and the log files of the involved rule(s).
[Mon Mar 21 10:35:38 2022]
Error in rule BUSCO:
    jobid: 30
    output: /beegfs/data/soukkal/StageM2/Control_genomes/results/Stat_Results/GCA_922984085.1/BUSCO_results/run_diptera_odb10/full_table.tsv
    shell:
        
     hostname
     cd /beegfs/data/soukkal/StageM2/Control_genomes/results/Stat_Results/GCA_922984085.1/
     /beegfs/data/soft/singularity-3.7.2/bin/singularity exec --bind /beegfs/:/beegfs/ /beegfs/data/soukkal/TOOLS/BUSCO.sif busco -i /beegfs/data/soukkal/StageM2/Control_genomes/genomes/GCA_922984085.1.fna  -l diptera_odb10 -m genome -o BUSCO_results -c 3
     
        (one of the commands exited with non-zero exit code; note that snakemake uses bash strict mode!)
    cluster_jobid: Submitted batch job 3490374

Error executing rule BUSCO on cluster (jobid: 30, external: Submitted batch job 3490374, jobscript: /beegfs/data/soukkal/StageM2/Scripts/BUSCO_jobs/.snakemake/tmp._fjux2qi/snakejob.BUSCO.30.sh). For error details see the cluster log and the log files of the involved rule(s).
[Mon Mar 21 10:35:38 2022]
Error in rule BUSCO:
    jobid: 3
    output: /beegfs/data/soukkal/StageM2/Control_genomes/results/Stat_Results/GCA_001014675.1/BUSCO_results/run_diptera_odb10/full_table.tsv
    shell:
        
     hostname
     cd /beegfs/data/soukkal/StageM2/Control_genomes/results/Stat_Results/GCA_001014675.1/
     /beegfs/data/soft/singularity-3.7.2/bin/singularity exec --bind /beegfs/:/beegfs/ /beegfs/data/soukkal/TOOLS/BUSCO.sif busco -i /beegfs/data/soukkal/StageM2/Control_genomes/genomes/GCA_001014675.1.fna  -l diptera_odb10 -m genome -o BUSCO_results -c 3
     
        (one of the commands exited with non-zero exit code; note that snakemake uses bash strict mode!)
    cluster_jobid: Submitted batch job 3490375

Error executing rule BUSCO on cluster (jobid: 3, external: Submitted batch job 3490375, jobscript: /beegfs/data/soukkal/StageM2/Scripts/BUSCO_jobs/.snakemake/tmp._fjux2qi/snakejob.BUSCO.3.sh). For error details see the cluster log and the log files of the involved rule(s).
[Mon Mar 21 10:35:38 2022]
Error in rule BUSCO:
    jobid: 16
    output: /beegfs/data/soukkal/StageM2/Control_genomes/results/Stat_Results/GCA_014858695.1/BUSCO_results/run_diptera_odb10/full_table.tsv
    shell:
        
     hostname
     cd /beegfs/data/soukkal/StageM2/Control_genomes/results/Stat_Results/GCA_014858695.1/
     /beegfs/data/soft/singularity-3.7.2/bin/singularity exec --bind /beegfs/:/beegfs/ /beegfs/data/soukkal/TOOLS/BUSCO.sif busco -i /beegfs/data/soukkal/StageM2/Control_genomes/genomes/GCA_014858695.1.fna  -l diptera_odb10 -m genome -o BUSCO_results -c 3
     
        (one of the commands exited with non-zero exit code; note that snakemake uses bash strict mode!)
    cluster_jobid: Submitted batch job 3490376

Error executing rule BUSCO on cluster (jobid: 16, external: Submitted batch job 3490376, jobscript: /beegfs/data/soukkal/StageM2/Scripts/BUSCO_jobs/.snakemake/tmp._fjux2qi/snakejob.BUSCO.16.sh). For error details see the cluster log and the log files of the involved rule(s).
[Mon Mar 21 10:35:38 2022]
Error in rule BUSCO:
    jobid: 37
    output: /beegfs/data/soukkal/StageM2/Control_genomes/results/Stat_Results/GCF_013340165.1/BUSCO_results/run_diptera_odb10/full_table.tsv
    shell:
        
     hostname
     cd /beegfs/data/soukkal/StageM2/Control_genomes/results/Stat_Results/GCF_013340165.1/
     /beegfs/data/soft/singularity-3.7.2/bin/singularity exec --bind /beegfs/:/beegfs/ /beegfs/data/soukkal/TOOLS/BUSCO.sif busco -i /beegfs/data/soukkal/StageM2/Control_genomes/genomes/GCF_013340165.1.fna  -l diptera_odb10 -m genome -o BUSCO_results -c 3
     
        (one of the commands exited with non-zero exit code; note that snakemake uses bash strict mode!)
    cluster_jobid: Submitted batch job 3490377

Error executing rule BUSCO on cluster (jobid: 37, external: Submitted batch job 3490377, jobscript: /beegfs/data/soukkal/StageM2/Scripts/BUSCO_jobs/.snakemake/tmp._fjux2qi/snakejob.BUSCO.37.sh). For error details see the cluster log and the log files of the involved rule(s).
[Mon Mar 21 10:35:38 2022]
Error in rule BUSCO:
    jobid: 23
    output: /beegfs/data/soukkal/StageM2/Control_genomes/results/Stat_Results/GCA_914767635.1/BUSCO_results/run_diptera_odb10/full_table.tsv
    shell:
        
     hostname
     cd /beegfs/data/soukkal/StageM2/Control_genomes/results/Stat_Results/GCA_914767635.1/
     /beegfs/data/soft/singularity-3.7.2/bin/singularity exec --bind /beegfs/:/beegfs/ /beegfs/data/soukkal/TOOLS/BUSCO.sif busco -i /beegfs/data/soukkal/StageM2/Control_genomes/genomes/GCA_914767635.1.fna  -l diptera_odb10 -m genome -o BUSCO_results -c 3
     
        (one of the commands exited with non-zero exit code; note that snakemake uses bash strict mode!)
    cluster_jobid: Submitted batch job 3490378

Error executing rule BUSCO on cluster (jobid: 23, external: Submitted batch job 3490378, jobscript: /beegfs/data/soukkal/StageM2/Scripts/BUSCO_jobs/.snakemake/tmp._fjux2qi/snakejob.BUSCO.23.sh). For error details see the cluster log and the log files of the involved rule(s).
[Mon Mar 21 10:35:38 2022]
Error in rule BUSCO:
    jobid: 9
    output: /beegfs/data/soukkal/StageM2/Control_genomes/results/Stat_Results/GCA_001017515.1/BUSCO_results/run_diptera_odb10/full_table.tsv
    shell:
        
     hostname
     cd /beegfs/data/soukkal/StageM2/Control_genomes/results/Stat_Results/GCA_001017515.1/
     /beegfs/data/soft/singularity-3.7.2/bin/singularity exec --bind /beegfs/:/beegfs/ /beegfs/data/soukkal/TOOLS/BUSCO.sif busco -i /beegfs/data/soukkal/StageM2/Control_genomes/genomes/GCA_001017515.1.fna  -l diptera_odb10 -m genome -o BUSCO_results -c 3
     
        (one of the commands exited with non-zero exit code; note that snakemake uses bash strict mode!)
    cluster_jobid: Submitted batch job 3490379

Error executing rule BUSCO on cluster (jobid: 9, external: Submitted batch job 3490379, jobscript: /beegfs/data/soukkal/StageM2/Scripts/BUSCO_jobs/.snakemake/tmp._fjux2qi/snakejob.BUSCO.9.sh). For error details see the cluster log and the log files of the involved rule(s).
[Mon Mar 21 10:35:38 2022]
Error in rule BUSCO:
    jobid: 31
    output: /beegfs/data/soukkal/StageM2/Control_genomes/results/Stat_Results/GCF_000001215.4/BUSCO_results/run_diptera_odb10/full_table.tsv
    shell:
        
     hostname
     cd /beegfs/data/soukkal/StageM2/Control_genomes/results/Stat_Results/GCF_000001215.4/
     /beegfs/data/soft/singularity-3.7.2/bin/singularity exec --bind /beegfs/:/beegfs/ /beegfs/data/soukkal/TOOLS/BUSCO.sif busco -i /beegfs/data/soukkal/StageM2/Control_genomes/genomes/GCF_000001215.4.fna  -l diptera_odb10 -m genome -o BUSCO_results -c 3
     
        (one of the commands exited with non-zero exit code; note that snakemake uses bash strict mode!)
    cluster_jobid: Submitted batch job 3490380

Error executing rule BUSCO on cluster (jobid: 31, external: Submitted batch job 3490380, jobscript: /beegfs/data/soukkal/StageM2/Scripts/BUSCO_jobs/.snakemake/tmp._fjux2qi/snakejob.BUSCO.31.sh). For error details see the cluster log and the log files of the involved rule(s).
[Mon Mar 21 10:35:38 2022]
Error in rule BUSCO:
    jobid: 2
    output: /beegfs/data/soukkal/StageM2/Control_genomes/results/Stat_Results/GCA_001014575.1/BUSCO_results/run_diptera_odb10/full_table.tsv
    shell:
        
     hostname
     cd /beegfs/data/soukkal/StageM2/Control_genomes/results/Stat_Results/GCA_001014575.1/
     /beegfs/data/soft/singularity-3.7.2/bin/singularity exec --bind /beegfs/:/beegfs/ /beegfs/data/soukkal/TOOLS/BUSCO.sif busco -i /beegfs/data/soukkal/StageM2/Control_genomes/genomes/GCA_001014575.1.fna  -l diptera_odb10 -m genome -o BUSCO_results -c 3
     
        (one of the commands exited with non-zero exit code; note that snakemake uses bash strict mode!)
    cluster_jobid: Submitted batch job 3490381

Error executing rule BUSCO on cluster (jobid: 2, external: Submitted batch job 3490381, jobscript: /beegfs/data/soukkal/StageM2/Scripts/BUSCO_jobs/.snakemake/tmp._fjux2qi/snakejob.BUSCO.2.sh). For error details see the cluster log and the log files of the involved rule(s).
[Mon Mar 21 10:35:38 2022]
Error in rule BUSCO:
    jobid: 17
    output: /beegfs/data/soukkal/StageM2/Control_genomes/results/Stat_Results/GCA_017309665.1/BUSCO_results/run_diptera_odb10/full_table.tsv
    shell:
        
     hostname
     cd /beegfs/data/soukkal/StageM2/Control_genomes/results/Stat_Results/GCA_017309665.1/
     /beegfs/data/soft/singularity-3.7.2/bin/singularity exec --bind /beegfs/:/beegfs/ /beegfs/data/soukkal/TOOLS/BUSCO.sif busco -i /beegfs/data/soukkal/StageM2/Control_genomes/genomes/GCA_017309665.1.fna  -l diptera_odb10 -m genome -o BUSCO_results -c 3
     
        (one of the commands exited with non-zero exit code; note that snakemake uses bash strict mode!)
    cluster_jobid: Submitted batch job 3490382

Error executing rule BUSCO on cluster (jobid: 17, external: Submitted batch job 3490382, jobscript: /beegfs/data/soukkal/StageM2/Scripts/BUSCO_jobs/.snakemake/tmp._fjux2qi/snakejob.BUSCO.17.sh). For error details see the cluster log and the log files of the involved rule(s).
[Mon Mar 21 10:35:50 2022]
Error in rule BUSCO:
    jobid: 24
    output: /beegfs/data/soukkal/StageM2/Control_genomes/results/Stat_Results/GCA_914767935.1/BUSCO_results/run_diptera_odb10/full_table.tsv
    shell:
        
     hostname
     cd /beegfs/data/soukkal/StageM2/Control_genomes/results/Stat_Results/GCA_914767935.1/
     /beegfs/data/soft/singularity-3.7.2/bin/singularity exec --bind /beegfs/:/beegfs/ /beegfs/data/soukkal/TOOLS/BUSCO.sif busco -i /beegfs/data/soukkal/StageM2/Control_genomes/genomes/GCA_914767935.1.fna  -l diptera_odb10 -m genome -o BUSCO_results -c 3
     
        (one of the commands exited with non-zero exit code; note that snakemake uses bash strict mode!)
    cluster_jobid: Submitted batch job 3490383

Error executing rule BUSCO on cluster (jobid: 24, external: Submitted batch job 3490383, jobscript: /beegfs/data/soukkal/StageM2/Scripts/BUSCO_jobs/.snakemake/tmp._fjux2qi/snakejob.BUSCO.24.sh). For error details see the cluster log and the log files of the involved rule(s).
[Mon Mar 21 10:35:50 2022]
Error in rule BUSCO:
    jobid: 38
    output: /beegfs/data/soukkal/StageM2/Control_genomes/results/Stat_Results/GCF_013731165.1/BUSCO_results/run_diptera_odb10/full_table.tsv
    shell:
        
     hostname
     cd /beegfs/data/soukkal/StageM2/Control_genomes/results/Stat_Results/GCF_013731165.1/
     /beegfs/data/soft/singularity-3.7.2/bin/singularity exec --bind /beegfs/:/beegfs/ /beegfs/data/soukkal/TOOLS/BUSCO.sif busco -i /beegfs/data/soukkal/StageM2/Control_genomes/genomes/GCF_013731165.1.fna  -l diptera_odb10 -m genome -o BUSCO_results -c 3
     
        (one of the commands exited with non-zero exit code; note that snakemake uses bash strict mode!)
    cluster_jobid: Submitted batch job 3490384

Error executing rule BUSCO on cluster (jobid: 38, external: Submitted batch job 3490384, jobscript: /beegfs/data/soukkal/StageM2/Scripts/BUSCO_jobs/.snakemake/tmp._fjux2qi/snakejob.BUSCO.38.sh). For error details see the cluster log and the log files of the involved rule(s).
[Mon Mar 21 10:35:50 2022]
Error in rule BUSCO:
    jobid: 10
    output: /beegfs/data/soukkal/StageM2/Control_genomes/results/Stat_Results/GCA_001735545.1/BUSCO_results/run_diptera_odb10/full_table.tsv
    shell:
        
     hostname
     cd /beegfs/data/soukkal/StageM2/Control_genomes/results/Stat_Results/GCA_001735545.1/
     /beegfs/data/soft/singularity-3.7.2/bin/singularity exec --bind /beegfs/:/beegfs/ /beegfs/data/soukkal/TOOLS/BUSCO.sif busco -i /beegfs/data/soukkal/StageM2/Control_genomes/genomes/GCA_001735545.1.fna  -l diptera_odb10 -m genome -o BUSCO_results -c 3
     
        (one of the commands exited with non-zero exit code; note that snakemake uses bash strict mode!)
    cluster_jobid: Submitted batch job 3490385

Error executing rule BUSCO on cluster (jobid: 10, external: Submitted batch job 3490385, jobscript: /beegfs/data/soukkal/StageM2/Scripts/BUSCO_jobs/.snakemake/tmp._fjux2qi/snakejob.BUSCO.10.sh). For error details see the cluster log and the log files of the involved rule(s).
[Mon Mar 21 10:35:50 2022]
Error in rule BUSCO:
    jobid: 32
    output: /beegfs/data/soukkal/StageM2/Control_genomes/results/Stat_Results/GCF_000347755.3/BUSCO_results/run_diptera_odb10/full_table.tsv
    shell:
        
     hostname
     cd /beegfs/data/soukkal/StageM2/Control_genomes/results/Stat_Results/GCF_000347755.3/
     /beegfs/data/soft/singularity-3.7.2/bin/singularity exec --bind /beegfs/:/beegfs/ /beegfs/data/soukkal/TOOLS/BUSCO.sif busco -i /beegfs/data/soukkal/StageM2/Control_genomes/genomes/GCF_000347755.3.fna  -l diptera_odb10 -m genome -o BUSCO_results -c 3
     
        (one of the commands exited with non-zero exit code; note that snakemake uses bash strict mode!)
    cluster_jobid: Submitted batch job 3490386

Error executing rule BUSCO on cluster (jobid: 32, external: Submitted batch job 3490386, jobscript: /beegfs/data/soukkal/StageM2/Scripts/BUSCO_jobs/.snakemake/tmp._fjux2qi/snakejob.BUSCO.32.sh). For error details see the cluster log and the log files of the involved rule(s).
[Mon Mar 21 10:35:50 2022]
Error in rule BUSCO:
    jobid: 4
    output: /beegfs/data/soukkal/StageM2/Control_genomes/results/Stat_Results/GCA_001014935.1/BUSCO_results/run_diptera_odb10/full_table.tsv
    shell:
        
     hostname
     cd /beegfs/data/soukkal/StageM2/Control_genomes/results/Stat_Results/GCA_001014935.1/
     /beegfs/data/soft/singularity-3.7.2/bin/singularity exec --bind /beegfs/:/beegfs/ /beegfs/data/soukkal/TOOLS/BUSCO.sif busco -i /beegfs/data/soukkal/StageM2/Control_genomes/genomes/GCA_001014935.1.fna  -l diptera_odb10 -m genome -o BUSCO_results -c 3
     
        (one of the commands exited with non-zero exit code; note that snakemake uses bash strict mode!)
    cluster_jobid: Submitted batch job 3490387

Error executing rule BUSCO on cluster (jobid: 4, external: Submitted batch job 3490387, jobscript: /beegfs/data/soukkal/StageM2/Scripts/BUSCO_jobs/.snakemake/tmp._fjux2qi/snakejob.BUSCO.4.sh). For error details see the cluster log and the log files of the involved rule(s).
[Mon Mar 21 10:35:50 2022]
Error in rule BUSCO:
    jobid: 18
    output: /beegfs/data/soukkal/StageM2/Control_genomes/results/Stat_Results/GCA_019455685.1/BUSCO_results/run_diptera_odb10/full_table.tsv
    shell:
        
     hostname
     cd /beegfs/data/soukkal/StageM2/Control_genomes/results/Stat_Results/GCA_019455685.1/
     /beegfs/data/soft/singularity-3.7.2/bin/singularity exec --bind /beegfs/:/beegfs/ /beegfs/data/soukkal/TOOLS/BUSCO.sif busco -i /beegfs/data/soukkal/StageM2/Control_genomes/genomes/GCA_019455685.1.fna  -l diptera_odb10 -m genome -o BUSCO_results -c 3
     
        (one of the commands exited with non-zero exit code; note that snakemake uses bash strict mode!)
    cluster_jobid: Submitted batch job 3490388

Error executing rule BUSCO on cluster (jobid: 18, external: Submitted batch job 3490388, jobscript: /beegfs/data/soukkal/StageM2/Scripts/BUSCO_jobs/.snakemake/tmp._fjux2qi/snakejob.BUSCO.18.sh). For error details see the cluster log and the log files of the involved rule(s).
[Mon Mar 21 10:35:50 2022]
Error in rule BUSCO:
    jobid: 39
    output: /beegfs/data/soukkal/StageM2/Control_genomes/results/Stat_Results/GCF_014805625.1/BUSCO_results/run_diptera_odb10/full_table.tsv
    shell:
        
     hostname
     cd /beegfs/data/soukkal/StageM2/Control_genomes/results/Stat_Results/GCF_014805625.1/
     /beegfs/data/soft/singularity-3.7.2/bin/singularity exec --bind /beegfs/:/beegfs/ /beegfs/data/soukkal/TOOLS/BUSCO.sif busco -i /beegfs/data/soukkal/StageM2/Control_genomes/genomes/GCF_014805625.1.fna  -l diptera_odb10 -m genome -o BUSCO_results -c 3
     
        (one of the commands exited with non-zero exit code; note that snakemake uses bash strict mode!)
    cluster_jobid: Submitted batch job 3490389

Error executing rule BUSCO on cluster (jobid: 39, external: Submitted batch job 3490389, jobscript: /beegfs/data/soukkal/StageM2/Scripts/BUSCO_jobs/.snakemake/tmp._fjux2qi/snakejob.BUSCO.39.sh). For error details see the cluster log and the log files of the involved rule(s).
[Mon Mar 21 10:35:50 2022]
Error in rule BUSCO:
    jobid: 25
    output: /beegfs/data/soukkal/StageM2/Control_genomes/results/Stat_Results/GCA_916048285.2/BUSCO_results/run_diptera_odb10/full_table.tsv
    shell:
        
     hostname
     cd /beegfs/data/soukkal/StageM2/Control_genomes/results/Stat_Results/GCA_916048285.2/
     /beegfs/data/soft/singularity-3.7.2/bin/singularity exec --bind /beegfs/:/beegfs/ /beegfs/data/soukkal/TOOLS/BUSCO.sif busco -i /beegfs/data/soukkal/StageM2/Control_genomes/genomes/GCA_916048285.2.fna  -l diptera_odb10 -m genome -o BUSCO_results -c 3
     
        (one of the commands exited with non-zero exit code; note that snakemake uses bash strict mode!)
    cluster_jobid: Submitted batch job 3490390

Error executing rule BUSCO on cluster (jobid: 25, external: Submitted batch job 3490390, jobscript: /beegfs/data/soukkal/StageM2/Scripts/BUSCO_jobs/.snakemake/tmp._fjux2qi/snakejob.BUSCO.25.sh). For error details see the cluster log and the log files of the involved rule(s).
[Mon Mar 21 10:36:01 2022]
Error in rule BUSCO:
    jobid: 11
    output: /beegfs/data/soukkal/StageM2/Control_genomes/results/Stat_Results/GCA_003055125.1/BUSCO_results/run_diptera_odb10/full_table.tsv
    shell:
        
     hostname
     cd /beegfs/data/soukkal/StageM2/Control_genomes/results/Stat_Results/GCA_003055125.1/
     /beegfs/data/soft/singularity-3.7.2/bin/singularity exec --bind /beegfs/:/beegfs/ /beegfs/data/soukkal/TOOLS/BUSCO.sif busco -i /beegfs/data/soukkal/StageM2/Control_genomes/genomes/GCA_003055125.1.fna  -l diptera_odb10 -m genome -o BUSCO_results -c 3
     
        (one of the commands exited with non-zero exit code; note that snakemake uses bash strict mode!)
    cluster_jobid: Submitted batch job 3490391

Error executing rule BUSCO on cluster (jobid: 11, external: Submitted batch job 3490391, jobscript: /beegfs/data/soukkal/StageM2/Scripts/BUSCO_jobs/.snakemake/tmp._fjux2qi/snakejob.BUSCO.11.sh). For error details see the cluster log and the log files of the involved rule(s).
[Mon Mar 21 10:36:01 2022]
Error in rule BUSCO:
    jobid: 33
    output: /beegfs/data/soukkal/StageM2/Control_genomes/results/Stat_Results/GCF_000699065.1/BUSCO_results/run_diptera_odb10/full_table.tsv
    shell:
        
     hostname
     cd /beegfs/data/soukkal/StageM2/Control_genomes/results/Stat_Results/GCF_000699065.1/
     /beegfs/data/soft/singularity-3.7.2/bin/singularity exec --bind /beegfs/:/beegfs/ /beegfs/data/soukkal/TOOLS/BUSCO.sif busco -i /beegfs/data/soukkal/StageM2/Control_genomes/genomes/GCF_000699065.1.fna  -l diptera_odb10 -m genome -o BUSCO_results -c 3
     
        (one of the commands exited with non-zero exit code; note that snakemake uses bash strict mode!)
    cluster_jobid: Submitted batch job 3490392

Error executing rule BUSCO on cluster (jobid: 33, external: Submitted batch job 3490392, jobscript: /beegfs/data/soukkal/StageM2/Scripts/BUSCO_jobs/.snakemake/tmp._fjux2qi/snakejob.BUSCO.33.sh). For error details see the cluster log and the log files of the involved rule(s).
[Mon Mar 21 10:36:01 2022]
Error in rule BUSCO:
    jobid: 5
    output: /beegfs/data/soukkal/StageM2/Control_genomes/results/Stat_Results/GCA_001015075.1/BUSCO_results/run_diptera_odb10/full_table.tsv
    shell:
        
     hostname
     cd /beegfs/data/soukkal/StageM2/Control_genomes/results/Stat_Results/GCA_001015075.1/
     /beegfs/data/soft/singularity-3.7.2/bin/singularity exec --bind /beegfs/:/beegfs/ /beegfs/data/soukkal/TOOLS/BUSCO.sif busco -i /beegfs/data/soukkal/StageM2/Control_genomes/genomes/GCA_001015075.1.fna  -l diptera_odb10 -m genome -o BUSCO_results -c 3
     
        (one of the commands exited with non-zero exit code; note that snakemake uses bash strict mode!)
    cluster_jobid: Submitted batch job 3490393

Error executing rule BUSCO on cluster (jobid: 5, external: Submitted batch job 3490393, jobscript: /beegfs/data/soukkal/StageM2/Scripts/BUSCO_jobs/.snakemake/tmp._fjux2qi/snakejob.BUSCO.5.sh). For error details see the cluster log and the log files of the involved rule(s).
[Mon Mar 21 10:36:01 2022]
Error in rule BUSCO:
    jobid: 19
    output: /beegfs/data/soukkal/StageM2/Control_genomes/results/Stat_Results/GCA_020466095.1/BUSCO_results/run_diptera_odb10/full_table.tsv
    shell:
        
     hostname
     cd /beegfs/data/soukkal/StageM2/Control_genomes/results/Stat_Results/GCA_020466095.1/
     /beegfs/data/soft/singularity-3.7.2/bin/singularity exec --bind /beegfs/:/beegfs/ /beegfs/data/soukkal/TOOLS/BUSCO.sif busco -i /beegfs/data/soukkal/StageM2/Control_genomes/genomes/GCA_020466095.1.fna  -l diptera_odb10 -m genome -o BUSCO_results -c 3
     
        (one of the commands exited with non-zero exit code; note that snakemake uses bash strict mode!)
    cluster_jobid: Submitted batch job 3490394

Error executing rule BUSCO on cluster (jobid: 19, external: Submitted batch job 3490394, jobscript: /beegfs/data/soukkal/StageM2/Scripts/BUSCO_jobs/.snakemake/tmp._fjux2qi/snakejob.BUSCO.19.sh). For error details see the cluster log and the log files of the involved rule(s).
[Mon Mar 21 10:36:01 2022]
Error in rule BUSCO:
    jobid: 13
    output: /beegfs/data/soukkal/StageM2/Control_genomes/results/Stat_Results/GCA_003952975.1/BUSCO_results/run_diptera_odb10/full_table.tsv
    shell:
        
     hostname
     cd /beegfs/data/soukkal/StageM2/Control_genomes/results/Stat_Results/GCA_003952975.1/
     /beegfs/data/soft/singularity-3.7.2/bin/singularity exec --bind /beegfs/:/beegfs/ /beegfs/data/soukkal/TOOLS/BUSCO.sif busco -i /beegfs/data/soukkal/StageM2/Control_genomes/genomes/GCA_003952975.1.fna  -l diptera_odb10 -m genome -o BUSCO_results -c 3
     
        (one of the commands exited with non-zero exit code; note that snakemake uses bash strict mode!)
    cluster_jobid: Submitted batch job 3490395

Error executing rule BUSCO on cluster (jobid: 13, external: Submitted batch job 3490395, jobscript: /beegfs/data/soukkal/StageM2/Scripts/BUSCO_jobs/.snakemake/tmp._fjux2qi/snakejob.BUSCO.13.sh). For error details see the cluster log and the log files of the involved rule(s).
[Mon Mar 21 10:36:01 2022]
Error in rule BUSCO:
    jobid: 26
    output: /beegfs/data/soukkal/StageM2/Control_genomes/results/Stat_Results/GCA_916050605.2/BUSCO_results/run_diptera_odb10/full_table.tsv
    shell:
        
     hostname
     cd /beegfs/data/soukkal/StageM2/Control_genomes/results/Stat_Results/GCA_916050605.2/
     /beegfs/data/soft/singularity-3.7.2/bin/singularity exec --bind /beegfs/:/beegfs/ /beegfs/data/soukkal/TOOLS/BUSCO.sif busco -i /beegfs/data/soukkal/StageM2/Control_genomes/genomes/GCA_916050605.2.fna  -l diptera_odb10 -m genome -o BUSCO_results -c 3
     
        (one of the commands exited with non-zero exit code; note that snakemake uses bash strict mode!)
    cluster_jobid: Submitted batch job 3490396

Error executing rule BUSCO on cluster (jobid: 26, external: Submitted batch job 3490396, jobscript: /beegfs/data/soukkal/StageM2/Scripts/BUSCO_jobs/.snakemake/tmp._fjux2qi/snakejob.BUSCO.26.sh). For error details see the cluster log and the log files of the involved rule(s).
[Mon Mar 21 10:36:01 2022]
Error in rule BUSCO:
    jobid: 40
    output: /beegfs/data/soukkal/StageM2/Control_genomes/results/Stat_Results/GCF_016617805.1/BUSCO_results/run_diptera_odb10/full_table.tsv
    shell:
        
     hostname
     cd /beegfs/data/soukkal/StageM2/Control_genomes/results/Stat_Results/GCF_016617805.1/
     /beegfs/data/soft/singularity-3.7.2/bin/singularity exec --bind /beegfs/:/beegfs/ /beegfs/data/soukkal/TOOLS/BUSCO.sif busco -i /beegfs/data/soukkal/StageM2/Control_genomes/genomes/GCF_016617805.1.fna  -l diptera_odb10 -m genome -o BUSCO_results -c 3
     
        (one of the commands exited with non-zero exit code; note that snakemake uses bash strict mode!)
    cluster_jobid: Submitted batch job 3490397

Error executing rule BUSCO on cluster (jobid: 40, external: Submitted batch job 3490397, jobscript: /beegfs/data/soukkal/StageM2/Scripts/BUSCO_jobs/.snakemake/tmp._fjux2qi/snakejob.BUSCO.40.sh). For error details see the cluster log and the log files of the involved rule(s).
[Mon Mar 21 10:36:01 2022]
Error in rule BUSCO:
    jobid: 12
    output: /beegfs/data/soukkal/StageM2/Control_genomes/results/Stat_Results/GCA_003123925.1/BUSCO_results/run_diptera_odb10/full_table.tsv
    shell:
        
     hostname
     cd /beegfs/data/soukkal/StageM2/Control_genomes/results/Stat_Results/GCA_003123925.1/
     /beegfs/data/soft/singularity-3.7.2/bin/singularity exec --bind /beegfs/:/beegfs/ /beegfs/data/soukkal/TOOLS/BUSCO.sif busco -i /beegfs/data/soukkal/StageM2/Control_genomes/genomes/GCA_003123925.1.fna  -l diptera_odb10 -m genome -o BUSCO_results -c 3
     
        (one of the commands exited with non-zero exit code; note that snakemake uses bash strict mode!)
    cluster_jobid: Submitted batch job 3490398

Error executing rule BUSCO on cluster (jobid: 12, external: Submitted batch job 3490398, jobscript: /beegfs/data/soukkal/StageM2/Scripts/BUSCO_jobs/.snakemake/tmp._fjux2qi/snakejob.BUSCO.12.sh). For error details see the cluster log and the log files of the involved rule(s).
[Mon Mar 21 10:36:11 2022]
Error in rule BUSCO:
    jobid: 27
    output: /beegfs/data/soukkal/StageM2/Control_genomes/results/Stat_Results/GCA_917880715.2/BUSCO_results/run_diptera_odb10/full_table.tsv
    shell:
        
     hostname
     cd /beegfs/data/soukkal/StageM2/Control_genomes/results/Stat_Results/GCA_917880715.2/
     /beegfs/data/soft/singularity-3.7.2/bin/singularity exec --bind /beegfs/:/beegfs/ /beegfs/data/soukkal/TOOLS/BUSCO.sif busco -i /beegfs/data/soukkal/StageM2/Control_genomes/genomes/GCA_917880715.2.fna  -l diptera_odb10 -m genome -o BUSCO_results -c 3
     
        (one of the commands exited with non-zero exit code; note that snakemake uses bash strict mode!)
    cluster_jobid: Submitted batch job 3490399

Error executing rule BUSCO on cluster (jobid: 27, external: Submitted batch job 3490399, jobscript: /beegfs/data/soukkal/StageM2/Scripts/BUSCO_jobs/.snakemake/tmp._fjux2qi/snakejob.BUSCO.27.sh). For error details see the cluster log and the log files of the involved rule(s).
Shutting down, this might take some time.
Exiting because a job execution failed. Look above for error message
Complete log: /beegfs/data/soukkal/StageM2/Scripts/BUSCO_jobs/.snakemake/log/2022-03-21T103438.088636.snakemake.log
