Building DAG of jobs...
Using shell: /usr/bin/bash
Provided cluster nodes: 8000
Job counts:
	count	jobs
	1	BUSCO
	37	Sum
	1	all
	39

[Tue Mar 22 12:00:30 2022]
rule Sum:
    input: /beegfs/data/soukkal/StageM2/Tachinids_genomes/results/Stat_Results/argyrophylax_wood05/BUSCO_results/run_diptera_odb10/full_table.tsv
    output: /beegfs/data/soukkal/StageM2/Tachinids_genomes/results/Stat_Results/argyrophylax_wood05/BUSCO_results/run_diptera_odb10/Sum_table_argyrophylax_wood05.txt
    jobid: 83
    wildcards: Genome_ID=argyrophylax_wood05

Submitted job 83 with external jobid 'Submitted batch job 3505419'.

[Tue Mar 22 12:00:32 2022]
rule Sum:
    input: /beegfs/data/soukkal/StageM2/Tachinids_genomes/results/Stat_Results/hyphantrophaga_virilis/BUSCO_results/run_diptera_odb10/full_table.tsv
    output: /beegfs/data/soukkal/StageM2/Tachinids_genomes/results/Stat_Results/hyphantrophaga_virilis/BUSCO_results/run_diptera_odb10/Sum_table_hyphantrophaga_virilis.txt
    jobid: 90
    wildcards: Genome_ID=hyphantrophaga_virilis

Submitted job 90 with external jobid 'Submitted batch job 3505420'.

[Tue Mar 22 12:00:32 2022]
rule Sum:
    input: /beegfs/data/soukkal/StageM2/Tachinids_genomes/results/Stat_Results/drino_wood06dhj05/BUSCO_results/run_diptera_odb10/full_table.tsv
    output: /beegfs/data/soukkal/StageM2/Tachinids_genomes/results/Stat_Results/drino_wood06dhj05/BUSCO_results/run_diptera_odb10/Sum_table_drino_wood06dhj05.txt
    jobid: 76
    wildcards: Genome_ID=drino_wood06dhj05

Submitted job 76 with external jobid 'Submitted batch job 3505421'.

[Tue Mar 22 12:00:32 2022]
rule Sum:
    input: /beegfs/data/soukkal/StageM2/Tachinids_genomes/results/Stat_Results/lixophaga_wood09/BUSCO_results/run_diptera_odb10/full_table.tsv
    output: /beegfs/data/soukkal/StageM2/Tachinids_genomes/results/Stat_Results/lixophaga_wood09/BUSCO_results/run_diptera_odb10/Sum_table_lixophaga_wood09.txt
    jobid: 104
    wildcards: Genome_ID=lixophaga_wood09

Submitted job 104 with external jobid 'Submitted batch job 3505422'.

[Tue Mar 22 12:00:32 2022]
rule Sum:
    input: /beegfs/data/soukkal/StageM2/Tachinids_genomes/results/Stat_Results/leskia_janzen27/BUSCO_results/run_diptera_odb10/full_table.tsv
    output: /beegfs/data/soukkal/StageM2/Tachinids_genomes/results/Stat_Results/leskia_janzen27/BUSCO_results/run_diptera_odb10/Sum_table_leskia_janzen27.txt
    jobid: 98
    wildcards: Genome_ID=leskia_janzen27

Submitted job 98 with external jobid 'Submitted batch job 3505423'.

[Tue Mar 22 12:00:32 2022]
rule Sum:
    input: /beegfs/data/soukkal/StageM2/Tachinids_genomes/results/Stat_Results/archytas_wood02/BUSCO_results/run_diptera_odb10/full_table.tsv
    output: /beegfs/data/soukkal/StageM2/Tachinids_genomes/results/Stat_Results/archytas_wood02/BUSCO_results/run_diptera_odb10/Sum_table_archytas_wood02.txt
    jobid: 77
    wildcards: Genome_ID=archytas_wood02

Submitted job 77 with external jobid 'Submitted batch job 3505424'.

[Tue Mar 22 12:00:32 2022]
rule Sum:
    input: /beegfs/data/soukkal/StageM2/Tachinids_genomes/results/Stat_Results/belvosia_woodley10/BUSCO_results/run_diptera_odb10/full_table.tsv
    output: /beegfs/data/soukkal/StageM2/Tachinids_genomes/results/Stat_Results/belvosia_woodley10/BUSCO_results/run_diptera_odb10/Sum_table_belvosia_woodley10.txt
    jobid: 91
    wildcards: Genome_ID=belvosia_woodley10

Submitted job 91 with external jobid 'Submitted batch job 3505425'.

[Tue Mar 22 12:00:32 2022]
rule Sum:
    input: /beegfs/data/soukkal/StageM2/Tachinids_genomes/results/Stat_Results/chrysotachina_wood01/BUSCO_results/run_diptera_odb10/full_table.tsv
    output: /beegfs/data/soukkal/StageM2/Tachinids_genomes/results/Stat_Results/chrysotachina_wood01/BUSCO_results/run_diptera_odb10/Sum_table_chrysotachina_wood01.txt
    jobid: 105
    wildcards: Genome_ID=chrysotachina_wood01

Submitted job 105 with external jobid 'Submitted batch job 3505426'.

[Tue Mar 22 12:00:32 2022]
rule Sum:
    input: /beegfs/data/soukkal/StageM2/Tachinids_genomes/results/Stat_Results/chetogena_scutellarisdhj01/BUSCO_results/run_diptera_odb10/full_table.tsv
    output: /beegfs/data/soukkal/StageM2/Tachinids_genomes/results/Stat_Results/chetogena_scutellarisdhj01/BUSCO_results/run_diptera_odb10/Sum_table_chetogena_scutellarisdhj01.txt
    jobid: 99
    wildcards: Genome_ID=chetogena_scutellarisdhj01

Submitted job 99 with external jobid 'Submitted batch job 3505427'.

[Tue Mar 22 12:00:32 2022]
rule Sum:
    input: /beegfs/data/soukkal/StageM2/Tachinids_genomes/results/Stat_Results/atacta_brasiliensisdhj01/BUSCO_results/run_diptera_odb10/full_table.tsv
    output: /beegfs/data/soukkal/StageM2/Tachinids_genomes/results/Stat_Results/atacta_brasiliensisdhj01/BUSCO_results/run_diptera_odb10/Sum_table_atacta_brasiliensisdhj01.txt
    jobid: 85
    wildcards: Genome_ID=atacta_brasiliensisdhj01

Submitted job 85 with external jobid 'Submitted batch job 3505428'.

[Tue Mar 22 12:00:32 2022]
rule Sum:
    input: /beegfs/data/soukkal/StageM2/Tachinids_genomes/results/Stat_Results/genea_wood01/BUSCO_results/run_diptera_odb10/full_table.tsv
    output: /beegfs/data/soukkal/StageM2/Tachinids_genomes/results/Stat_Results/genea_wood01/BUSCO_results/run_diptera_odb10/Sum_table_genea_wood01.txt
    jobid: 78
    wildcards: Genome_ID=genea_wood01

Submitted job 78 with external jobid 'Submitted batch job 3505429'.

[Tue Mar 22 12:00:32 2022]
rule Sum:
    input: /beegfs/data/soukkal/StageM2/Tachinids_genomes/results/Stat_Results/hyphantrophaga_wood11/BUSCO_results/run_diptera_odb10/full_table.tsv
    output: /beegfs/data/soukkal/StageM2/Tachinids_genomes/results/Stat_Results/hyphantrophaga_wood11/BUSCO_results/run_diptera_odb10/Sum_table_hyphantrophaga_wood11.txt
    jobid: 92
    wildcards: Genome_ID=hyphantrophaga_wood11

Submitted job 92 with external jobid 'Submitted batch job 3505430'.

[Tue Mar 22 12:00:32 2022]
rule Sum:
    input: /beegfs/data/soukkal/StageM2/Tachinids_genomes/results/Stat_Results/siphosturmia_rafaelidhj03/BUSCO_results/run_diptera_odb10/full_table.tsv
    output: /beegfs/data/soukkal/StageM2/Tachinids_genomes/results/Stat_Results/siphosturmia_rafaelidhj03/BUSCO_results/run_diptera_odb10/Sum_table_siphosturmia_rafaelidhj03.txt
    jobid: 106
    wildcards: Genome_ID=siphosturmia_rafaelidhj03

Submitted job 106 with external jobid 'Submitted batch job 3505431'.

[Tue Mar 22 12:00:32 2022]
rule Sum:
    input: /beegfs/data/soukkal/StageM2/Tachinids_genomes/results/Stat_Results/houghia_graciloides/BUSCO_results/run_diptera_odb10/full_table.tsv
    output: /beegfs/data/soukkal/StageM2/Tachinids_genomes/results/Stat_Results/houghia_graciloides/BUSCO_results/run_diptera_odb10/Sum_table_houghia_graciloides.txt
    jobid: 86
    wildcards: Genome_ID=houghia_graciloides

Submitted job 86 with external jobid 'Submitted batch job 3505432'.

[Tue Mar 22 12:00:32 2022]
rule Sum:
    input: /beegfs/data/soukkal/StageM2/Tachinids_genomes/results/Stat_Results/leskia_wood01dhj03/BUSCO_results/run_diptera_odb10/full_table.tsv
    output: /beegfs/data/soukkal/StageM2/Tachinids_genomes/results/Stat_Results/leskia_wood01dhj03/BUSCO_results/run_diptera_odb10/Sum_table_leskia_wood01dhj03.txt
    jobid: 100
    wildcards: Genome_ID=leskia_wood01dhj03

Submitted job 100 with external jobid 'Submitted batch job 3505433'.

[Tue Mar 22 12:00:32 2022]
rule Sum:
    input: /beegfs/data/soukkal/StageM2/Tachinids_genomes/results/Stat_Results/calolydella_erasmocoronadoi/BUSCO_results/run_diptera_odb10/full_table.tsv
    output: /beegfs/data/soukkal/StageM2/Tachinids_genomes/results/Stat_Results/calolydella_erasmocoronadoi/BUSCO_results/run_diptera_odb10/Sum_table_calolydella_erasmocoronadoi.txt
    jobid: 93
    wildcards: Genome_ID=calolydella_erasmocoronadoi

Submitted job 93 with external jobid 'Submitted batch job 3505434'.

[Tue Mar 22 12:00:32 2022]
rule Sum:
    input: /beegfs/data/soukkal/StageM2/Tachinids_genomes/results/Stat_Results/chrysotachina_wood02dhj02/BUSCO_results/run_diptera_odb10/full_table.tsv
    output: /beegfs/data/soukkal/StageM2/Tachinids_genomes/results/Stat_Results/chrysotachina_wood02dhj02/BUSCO_results/run_diptera_odb10/Sum_table_chrysotachina_wood02dhj02.txt
    jobid: 107
    wildcards: Genome_ID=chrysotachina_wood02dhj02

Submitted job 107 with external jobid 'Submitted batch job 3505435'.

[Tue Mar 22 12:00:32 2022]
rule Sum:
    input: /beegfs/data/soukkal/StageM2/Tachinids_genomes/results/Stat_Results/argyrochaetona_cubanadhj02/BUSCO_results/run_diptera_odb10/full_table.tsv
    output: /beegfs/data/soukkal/StageM2/Tachinids_genomes/results/Stat_Results/argyrochaetona_cubanadhj02/BUSCO_results/run_diptera_odb10/Sum_table_argyrochaetona_cubanadhj02.txt
    jobid: 79
    wildcards: Genome_ID=argyrochaetona_cubanadhj02

Submitted job 79 with external jobid 'Submitted batch job 3505436'.

[Tue Mar 22 12:00:32 2022]
rule Sum:
    input: /beegfs/data/soukkal/StageM2/Tachinids_genomes/results/Stat_Results/austrophorocera_wood05/BUSCO_results/run_diptera_odb10/full_table.tsv
    output: /beegfs/data/soukkal/StageM2/Tachinids_genomes/results/Stat_Results/austrophorocera_wood05/BUSCO_results/run_diptera_odb10/Sum_table_austrophorocera_wood05.txt
    jobid: 87
    wildcards: Genome_ID=austrophorocera_wood05

Submitted job 87 with external jobid 'Submitted batch job 3505437'.

[Tue Mar 22 12:00:32 2022]
rule Sum:
    input: /beegfs/data/soukkal/StageM2/Tachinids_genomes/results/Stat_Results/chrysoexorista_wood01dhj02/BUSCO_results/run_diptera_odb10/full_table.tsv
    output: /beegfs/data/soukkal/StageM2/Tachinids_genomes/results/Stat_Results/chrysoexorista_wood01dhj02/BUSCO_results/run_diptera_odb10/Sum_table_chrysoexorista_wood01dhj02.txt
    jobid: 101
    wildcards: Genome_ID=chrysoexorista_wood01dhj02

Submitted job 101 with external jobid 'Submitted batch job 3505438'.

[Tue Mar 22 12:00:33 2022]
rule BUSCO:
    input: /beegfs/data/soukkal/StageM2/Tachinids_genomes/genomes/houghia_brevipilosa.fna
    output: /beegfs/data/soukkal/StageM2/Tachinids_genomes/results/Stat_Results/houghia_brevipilosa/BUSCO_results/run_diptera_odb10/full_table.tsv
    jobid: 10
    wildcards: Genome_ID=houghia_brevipilosa

Submitted job 10 with external jobid 'Submitted batch job 3505439'.

[Tue Mar 22 12:00:33 2022]
rule Sum:
    input: /beegfs/data/soukkal/StageM2/Tachinids_genomes/results/Stat_Results/genea_wood03dhj01/BUSCO_results/run_diptera_odb10/full_table.tsv
    output: /beegfs/data/soukkal/StageM2/Tachinids_genomes/results/Stat_Results/genea_wood03dhj01/BUSCO_results/run_diptera_odb10/Sum_table_genea_wood03dhj01.txt
    jobid: 80
    wildcards: Genome_ID=genea_wood03dhj01

Submitted job 80 with external jobid 'Submitted batch job 3505440'.

[Tue Mar 22 12:00:33 2022]
rule Sum:
    input: /beegfs/data/soukkal/StageM2/Tachinids_genomes/results/Stat_Results/jurinella_wood01/BUSCO_results/run_diptera_odb10/full_table.tsv
    output: /beegfs/data/soukkal/StageM2/Tachinids_genomes/results/Stat_Results/jurinella_wood01/BUSCO_results/run_diptera_odb10/Sum_table_jurinella_wood01.txt
    jobid: 94
    wildcards: Genome_ID=jurinella_wood01

Submitted job 94 with external jobid 'Submitted batch job 3505441'.

[Tue Mar 22 12:00:33 2022]
rule Sum:
    input: /beegfs/data/soukkal/StageM2/Tachinids_genomes/results/Stat_Results/siphosturmia_wood02/BUSCO_results/run_diptera_odb10/full_table.tsv
    output: /beegfs/data/soukkal/StageM2/Tachinids_genomes/results/Stat_Results/siphosturmia_wood02/BUSCO_results/run_diptera_odb10/Sum_table_siphosturmia_wood02.txt
    jobid: 108
    wildcards: Genome_ID=siphosturmia_wood02

Submitted job 108 with external jobid 'Submitted batch job 3505442'.

[Tue Mar 22 12:00:33 2022]
rule Sum:
    input: /beegfs/data/soukkal/StageM2/Tachinids_genomes/results/Stat_Results/houghia_pallida/BUSCO_results/run_diptera_odb10/full_table.tsv
    output: /beegfs/data/soukkal/StageM2/Tachinids_genomes/results/Stat_Results/houghia_pallida/BUSCO_results/run_diptera_odb10/Sum_table_houghia_pallida.txt
    jobid: 88
    wildcards: Genome_ID=houghia_pallida

Submitted job 88 with external jobid 'Submitted batch job 3505443'.

[Tue Mar 22 12:00:33 2022]
rule Sum:
    input: /beegfs/data/soukkal/StageM2/Tachinids_genomes/results/Stat_Results/lixophaga_wood06/BUSCO_results/run_diptera_odb10/full_table.tsv
    output: /beegfs/data/soukkal/StageM2/Tachinids_genomes/results/Stat_Results/lixophaga_wood06/BUSCO_results/run_diptera_odb10/Sum_table_lixophaga_wood06.txt
    jobid: 102
    wildcards: Genome_ID=lixophaga_wood06

Submitted job 102 with external jobid 'Submitted batch job 3505444'.

[Tue Mar 22 12:00:33 2022]
rule Sum:
    input: /beegfs/data/soukkal/StageM2/Tachinids_genomes/results/Stat_Results/argyrophylax_albincisadhj04/BUSCO_results/run_diptera_odb10/full_table.tsv
    output: /beegfs/data/soukkal/StageM2/Tachinids_genomes/results/Stat_Results/argyrophylax_albincisadhj04/BUSCO_results/run_diptera_odb10/Sum_table_argyrophylax_albincisadhj04.txt
    jobid: 81
    wildcards: Genome_ID=argyrophylax_albincisadhj04

Submitted job 81 with external jobid 'Submitted batch job 3505445'.

[Tue Mar 22 12:00:33 2022]
rule Sum:
    input: /beegfs/data/soukkal/StageM2/Tachinids_genomes/results/Stat_Results/calolydella_timjamesi/BUSCO_results/run_diptera_odb10/full_table.tsv
    output: /beegfs/data/soukkal/StageM2/Tachinids_genomes/results/Stat_Results/calolydella_timjamesi/BUSCO_results/run_diptera_odb10/Sum_table_calolydella_timjamesi.txt
    jobid: 95
    wildcards: Genome_ID=calolydella_timjamesi

Submitted job 95 with external jobid 'Submitted batch job 3505446'.

[Tue Mar 22 12:00:33 2022]
rule Sum:
    input: /beegfs/data/soukkal/StageM2/Tachinids_genomes/results/Stat_Results/cordyligaster_capellii/BUSCO_results/run_diptera_odb10/full_table.tsv
    output: /beegfs/data/soukkal/StageM2/Tachinids_genomes/results/Stat_Results/cordyligaster_capellii/BUSCO_results/run_diptera_odb10/Sum_table_cordyligaster_capellii.txt
    jobid: 109
    wildcards: Genome_ID=cordyligaster_capellii

Submitted job 109 with external jobid 'Submitted batch job 3505447'.

[Tue Mar 22 12:00:33 2022]
rule Sum:
    input: /beegfs/data/soukkal/StageM2/Tachinids_genomes/results/Stat_Results/aplomyopsis_wood01/BUSCO_results/run_diptera_odb10/full_table.tsv
    output: /beegfs/data/soukkal/StageM2/Tachinids_genomes/results/Stat_Results/aplomyopsis_wood01/BUSCO_results/run_diptera_odb10/Sum_table_aplomyopsis_wood01.txt
    jobid: 75
    wildcards: Genome_ID=aplomyopsis_wood01

Submitted job 75 with external jobid 'Submitted batch job 3505448'.

[Tue Mar 22 12:00:33 2022]
rule Sum:
    input: /beegfs/data/soukkal/StageM2/Tachinids_genomes/results/Stat_Results/belvosia_woodley07g/BUSCO_results/run_diptera_odb10/full_table.tsv
    output: /beegfs/data/soukkal/StageM2/Tachinids_genomes/results/Stat_Results/belvosia_woodley07g/BUSCO_results/run_diptera_odb10/Sum_table_belvosia_woodley07g.txt
    jobid: 89
    wildcards: Genome_ID=belvosia_woodley07g

Submitted job 89 with external jobid 'Submitted batch job 3505449'.

[Tue Mar 22 12:00:33 2022]
rule Sum:
    input: /beegfs/data/soukkal/StageM2/Tachinids_genomes/results/Stat_Results/chrysoexorista_wood04/BUSCO_results/run_diptera_odb10/full_table.tsv
    output: /beegfs/data/soukkal/StageM2/Tachinids_genomes/results/Stat_Results/chrysoexorista_wood04/BUSCO_results/run_diptera_odb10/Sum_table_chrysoexorista_wood04.txt
    jobid: 103
    wildcards: Genome_ID=chrysoexorista_wood04

Submitted job 103 with external jobid 'Submitted batch job 3505450'.

[Tue Mar 22 12:00:33 2022]
rule Sum:
    input: /beegfs/data/soukkal/StageM2/Tachinids_genomes/results/Stat_Results/houghia_bivittata/BUSCO_results/run_diptera_odb10/full_table.tsv
    output: /beegfs/data/soukkal/StageM2/Tachinids_genomes/results/Stat_Results/houghia_bivittata/BUSCO_results/run_diptera_odb10/Sum_table_houghia_bivittata.txt
    jobid: 82
    wildcards: Genome_ID=houghia_bivittata

Submitted job 82 with external jobid 'Submitted batch job 3505451'.

[Tue Mar 22 12:00:33 2022]
rule Sum:
    input: /beegfs/data/soukkal/StageM2/Tachinids_genomes/results/Stat_Results/leschenaultia_wood15/BUSCO_results/run_diptera_odb10/full_table.tsv
    output: /beegfs/data/soukkal/StageM2/Tachinids_genomes/results/Stat_Results/leschenaultia_wood15/BUSCO_results/run_diptera_odb10/Sum_table_leschenaultia_wood15.txt
    jobid: 96
    wildcards: Genome_ID=leschenaultia_wood15

Submitted job 96 with external jobid 'Submitted batch job 3505452'.

[Tue Mar 22 12:00:33 2022]
rule Sum:
    input: /beegfs/data/soukkal/StageM2/Tachinids_genomes/results/Stat_Results/zizyphomyia_argutadhj02/BUSCO_results/run_diptera_odb10/full_table.tsv
    output: /beegfs/data/soukkal/StageM2/Tachinids_genomes/results/Stat_Results/zizyphomyia_argutadhj02/BUSCO_results/run_diptera_odb10/Sum_table_zizyphomyia_argutadhj02.txt
    jobid: 110
    wildcards: Genome_ID=zizyphomyia_argutadhj02

Submitted job 110 with external jobid 'Submitted batch job 3505453'.

[Tue Mar 22 12:00:33 2022]
rule Sum:
    input: /beegfs/data/soukkal/StageM2/Tachinids_genomes/results/Stat_Results/drino_wood06dhj01/BUSCO_results/run_diptera_odb10/full_table.tsv
    output: /beegfs/data/soukkal/StageM2/Tachinids_genomes/results/Stat_Results/drino_wood06dhj01/BUSCO_results/run_diptera_odb10/Sum_table_drino_wood06dhj01.txt
    jobid: 111
    wildcards: Genome_ID=drino_wood06dhj01

Submitted job 111 with external jobid 'Submitted batch job 3505454'.

[Tue Mar 22 12:00:33 2022]
rule Sum:
    input: /beegfs/data/soukkal/StageM2/Tachinids_genomes/results/Stat_Results/campylocheta_wood03/BUSCO_results/run_diptera_odb10/full_table.tsv
    output: /beegfs/data/soukkal/StageM2/Tachinids_genomes/results/Stat_Results/campylocheta_wood03/BUSCO_results/run_diptera_odb10/Sum_table_campylocheta_wood03.txt
    jobid: 97
    wildcards: Genome_ID=campylocheta_wood03

Submitted job 97 with external jobid 'Submitted batch job 3505455'.
[Tue Mar 22 12:00:53 2022]
Finished job 83.
1 of 39 steps (3%) done
[Tue Mar 22 12:00:53 2022]
Finished job 90.
2 of 39 steps (5%) done
[Tue Mar 22 12:00:53 2022]
Finished job 76.
3 of 39 steps (8%) done
[Tue Mar 22 12:00:53 2022]
Finished job 104.
4 of 39 steps (10%) done
[Tue Mar 22 12:00:53 2022]
Finished job 98.
5 of 39 steps (13%) done
[Tue Mar 22 12:00:54 2022]
Finished job 77.
6 of 39 steps (15%) done
[Tue Mar 22 12:00:54 2022]
Finished job 91.
7 of 39 steps (18%) done
[Tue Mar 22 12:00:54 2022]
Finished job 105.
8 of 39 steps (21%) done
[Tue Mar 22 12:00:54 2022]
Finished job 99.
9 of 39 steps (23%) done
[Tue Mar 22 12:00:54 2022]
Finished job 85.
10 of 39 steps (26%) done
[Tue Mar 22 12:00:54 2022]
Error in rule Sum:
    jobid: 78
    output: /beegfs/data/soukkal/StageM2/Tachinids_genomes/results/Stat_Results/genea_wood01/BUSCO_results/run_diptera_odb10/Sum_table_genea_wood01.txt
    shell:
        
     python3 /beegfs/data/soukkal/StageM2/Scripts/BUSCO_jobs/Busco_summary.py -sum /beegfs/data/soukkal/StageM2/Tachinids_genomes/results/Stat_Results/genea_wood01/BUSCO_results/run_diptera_odb10/full_table.tsv  -o /beegfs/data/soukkal/StageM2/Tachinids_genomes/results/Stat_Results/genea_wood01/BUSCO_results/run_diptera_odb10/Sum_table_genea_wood01.txt -sp genea_wood01
     cp /beegfs/data/soukkal/StageM2/Tachinids_genomes/results/Stat_Results/genea_wood01/BUSCO_results/run_diptera_odb10/Sum_table_genea_wood01.txt /beegfs/data/soukkal/StageM2/Tachinids_genomes/results/Stat_Results/Busco_sum/diptera/Sum_table_genea_wood01.txt
     
        (one of the commands exited with non-zero exit code; note that snakemake uses bash strict mode!)
    cluster_jobid: Submitted batch job 3505429

Error executing rule Sum on cluster (jobid: 78, external: Submitted batch job 3505429, jobscript: /beegfs/data/soukkal/StageM2/Scripts/BUSCO_jobs/.snakemake/tmp.ff59jnpk/snakejob.Sum.78.sh). For error details see the cluster log and the log files of the involved rule(s).
[Tue Mar 22 12:00:54 2022]
Finished job 92.
11 of 39 steps (28%) done
[Tue Mar 22 12:00:54 2022]
Finished job 106.
12 of 39 steps (31%) done
[Tue Mar 22 12:00:55 2022]
Finished job 86.
13 of 39 steps (33%) done
[Tue Mar 22 12:00:55 2022]
Error in rule Sum:
    jobid: 100
    output: /beegfs/data/soukkal/StageM2/Tachinids_genomes/results/Stat_Results/leskia_wood01dhj03/BUSCO_results/run_diptera_odb10/Sum_table_leskia_wood01dhj03.txt
    shell:
        
     python3 /beegfs/data/soukkal/StageM2/Scripts/BUSCO_jobs/Busco_summary.py -sum /beegfs/data/soukkal/StageM2/Tachinids_genomes/results/Stat_Results/leskia_wood01dhj03/BUSCO_results/run_diptera_odb10/full_table.tsv  -o /beegfs/data/soukkal/StageM2/Tachinids_genomes/results/Stat_Results/leskia_wood01dhj03/BUSCO_results/run_diptera_odb10/Sum_table_leskia_wood01dhj03.txt -sp leskia_wood01dhj03
     cp /beegfs/data/soukkal/StageM2/Tachinids_genomes/results/Stat_Results/leskia_wood01dhj03/BUSCO_results/run_diptera_odb10/Sum_table_leskia_wood01dhj03.txt /beegfs/data/soukkal/StageM2/Tachinids_genomes/results/Stat_Results/Busco_sum/diptera/Sum_table_leskia_wood01dhj03.txt
     
        (one of the commands exited with non-zero exit code; note that snakemake uses bash strict mode!)
    cluster_jobid: Submitted batch job 3505433

Error executing rule Sum on cluster (jobid: 100, external: Submitted batch job 3505433, jobscript: /beegfs/data/soukkal/StageM2/Scripts/BUSCO_jobs/.snakemake/tmp.ff59jnpk/snakejob.Sum.100.sh). For error details see the cluster log and the log files of the involved rule(s).
[Tue Mar 22 12:00:55 2022]
Error in rule Sum:
    jobid: 93
    output: /beegfs/data/soukkal/StageM2/Tachinids_genomes/results/Stat_Results/calolydella_erasmocoronadoi/BUSCO_results/run_diptera_odb10/Sum_table_calolydella_erasmocoronadoi.txt
    shell:
        
     python3 /beegfs/data/soukkal/StageM2/Scripts/BUSCO_jobs/Busco_summary.py -sum /beegfs/data/soukkal/StageM2/Tachinids_genomes/results/Stat_Results/calolydella_erasmocoronadoi/BUSCO_results/run_diptera_odb10/full_table.tsv  -o /beegfs/data/soukkal/StageM2/Tachinids_genomes/results/Stat_Results/calolydella_erasmocoronadoi/BUSCO_results/run_diptera_odb10/Sum_table_calolydella_erasmocoronadoi.txt -sp calolydella_erasmocoronadoi
     cp /beegfs/data/soukkal/StageM2/Tachinids_genomes/results/Stat_Results/calolydella_erasmocoronadoi/BUSCO_results/run_diptera_odb10/Sum_table_calolydella_erasmocoronadoi.txt /beegfs/data/soukkal/StageM2/Tachinids_genomes/results/Stat_Results/Busco_sum/diptera/Sum_table_calolydella_erasmocoronadoi.txt
     
        (one of the commands exited with non-zero exit code; note that snakemake uses bash strict mode!)
    cluster_jobid: Submitted batch job 3505434

Error executing rule Sum on cluster (jobid: 93, external: Submitted batch job 3505434, jobscript: /beegfs/data/soukkal/StageM2/Scripts/BUSCO_jobs/.snakemake/tmp.ff59jnpk/snakejob.Sum.93.sh). For error details see the cluster log and the log files of the involved rule(s).
[Tue Mar 22 12:00:55 2022]
Finished job 107.
14 of 39 steps (36%) done
[Tue Mar 22 12:00:55 2022]
Finished job 79.
15 of 39 steps (38%) done
[Tue Mar 22 12:00:55 2022]
Error in rule Sum:
    jobid: 87
    output: /beegfs/data/soukkal/StageM2/Tachinids_genomes/results/Stat_Results/austrophorocera_wood05/BUSCO_results/run_diptera_odb10/Sum_table_austrophorocera_wood05.txt
    shell:
        
     python3 /beegfs/data/soukkal/StageM2/Scripts/BUSCO_jobs/Busco_summary.py -sum /beegfs/data/soukkal/StageM2/Tachinids_genomes/results/Stat_Results/austrophorocera_wood05/BUSCO_results/run_diptera_odb10/full_table.tsv  -o /beegfs/data/soukkal/StageM2/Tachinids_genomes/results/Stat_Results/austrophorocera_wood05/BUSCO_results/run_diptera_odb10/Sum_table_austrophorocera_wood05.txt -sp austrophorocera_wood05
     cp /beegfs/data/soukkal/StageM2/Tachinids_genomes/results/Stat_Results/austrophorocera_wood05/BUSCO_results/run_diptera_odb10/Sum_table_austrophorocera_wood05.txt /beegfs/data/soukkal/StageM2/Tachinids_genomes/results/Stat_Results/Busco_sum/diptera/Sum_table_austrophorocera_wood05.txt
     
        (one of the commands exited with non-zero exit code; note that snakemake uses bash strict mode!)
    cluster_jobid: Submitted batch job 3505437

Error executing rule Sum on cluster (jobid: 87, external: Submitted batch job 3505437, jobscript: /beegfs/data/soukkal/StageM2/Scripts/BUSCO_jobs/.snakemake/tmp.ff59jnpk/snakejob.Sum.87.sh). For error details see the cluster log and the log files of the involved rule(s).
[Tue Mar 22 12:00:55 2022]
Finished job 101.
16 of 39 steps (41%) done
[Tue Mar 22 12:00:55 2022]
Finished job 80.
17 of 39 steps (44%) done
[Tue Mar 22 12:00:56 2022]
Finished job 94.
18 of 39 steps (46%) done
[Tue Mar 22 12:00:56 2022]
Finished job 108.
19 of 39 steps (49%) done
[Tue Mar 22 12:00:56 2022]
Finished job 88.
20 of 39 steps (51%) done
[Tue Mar 22 12:00:56 2022]
Finished job 102.
21 of 39 steps (54%) done
[Tue Mar 22 12:00:56 2022]
Finished job 81.
22 of 39 steps (56%) done
[Tue Mar 22 12:00:56 2022]
Error in rule Sum:
    jobid: 95
    output: /beegfs/data/soukkal/StageM2/Tachinids_genomes/results/Stat_Results/calolydella_timjamesi/BUSCO_results/run_diptera_odb10/Sum_table_calolydella_timjamesi.txt
    shell:
        
     python3 /beegfs/data/soukkal/StageM2/Scripts/BUSCO_jobs/Busco_summary.py -sum /beegfs/data/soukkal/StageM2/Tachinids_genomes/results/Stat_Results/calolydella_timjamesi/BUSCO_results/run_diptera_odb10/full_table.tsv  -o /beegfs/data/soukkal/StageM2/Tachinids_genomes/results/Stat_Results/calolydella_timjamesi/BUSCO_results/run_diptera_odb10/Sum_table_calolydella_timjamesi.txt -sp calolydella_timjamesi
     cp /beegfs/data/soukkal/StageM2/Tachinids_genomes/results/Stat_Results/calolydella_timjamesi/BUSCO_results/run_diptera_odb10/Sum_table_calolydella_timjamesi.txt /beegfs/data/soukkal/StageM2/Tachinids_genomes/results/Stat_Results/Busco_sum/diptera/Sum_table_calolydella_timjamesi.txt
     
        (one of the commands exited with non-zero exit code; note that snakemake uses bash strict mode!)
    cluster_jobid: Submitted batch job 3505446

Error executing rule Sum on cluster (jobid: 95, external: Submitted batch job 3505446, jobscript: /beegfs/data/soukkal/StageM2/Scripts/BUSCO_jobs/.snakemake/tmp.ff59jnpk/snakejob.Sum.95.sh). For error details see the cluster log and the log files of the involved rule(s).
[Tue Mar 22 12:00:56 2022]
Finished job 109.
23 of 39 steps (59%) done
[Tue Mar 22 12:00:56 2022]
Finished job 75.
24 of 39 steps (62%) done
[Tue Mar 22 12:00:56 2022]
Error in rule Sum:
    jobid: 89
    output: /beegfs/data/soukkal/StageM2/Tachinids_genomes/results/Stat_Results/belvosia_woodley07g/BUSCO_results/run_diptera_odb10/Sum_table_belvosia_woodley07g.txt
    shell:
        
     python3 /beegfs/data/soukkal/StageM2/Scripts/BUSCO_jobs/Busco_summary.py -sum /beegfs/data/soukkal/StageM2/Tachinids_genomes/results/Stat_Results/belvosia_woodley07g/BUSCO_results/run_diptera_odb10/full_table.tsv  -o /beegfs/data/soukkal/StageM2/Tachinids_genomes/results/Stat_Results/belvosia_woodley07g/BUSCO_results/run_diptera_odb10/Sum_table_belvosia_woodley07g.txt -sp belvosia_woodley07g
     cp /beegfs/data/soukkal/StageM2/Tachinids_genomes/results/Stat_Results/belvosia_woodley07g/BUSCO_results/run_diptera_odb10/Sum_table_belvosia_woodley07g.txt /beegfs/data/soukkal/StageM2/Tachinids_genomes/results/Stat_Results/Busco_sum/diptera/Sum_table_belvosia_woodley07g.txt
     
        (one of the commands exited with non-zero exit code; note that snakemake uses bash strict mode!)
    cluster_jobid: Submitted batch job 3505449

Error executing rule Sum on cluster (jobid: 89, external: Submitted batch job 3505449, jobscript: /beegfs/data/soukkal/StageM2/Scripts/BUSCO_jobs/.snakemake/tmp.ff59jnpk/snakejob.Sum.89.sh). For error details see the cluster log and the log files of the involved rule(s).
[Tue Mar 22 12:00:57 2022]
Finished job 103.
25 of 39 steps (64%) done
[Tue Mar 22 12:00:57 2022]
Finished job 82.
26 of 39 steps (67%) done
[Tue Mar 22 12:00:57 2022]
Finished job 96.
27 of 39 steps (69%) done
[Tue Mar 22 12:00:57 2022]
Finished job 110.
28 of 39 steps (72%) done
[Tue Mar 22 12:00:57 2022]
Finished job 111.
29 of 39 steps (74%) done
[Tue Mar 22 12:00:57 2022]
Finished job 97.
30 of 39 steps (77%) done
[Tue Mar 22 14:19:36 2022]
Finished job 10.
31 of 39 steps (79%) done
Shutting down, this might take some time.
Exiting because a job execution failed. Look above for error message
Complete log: /beegfs/data/soukkal/StageM2/Scripts/BUSCO_jobs/.snakemake/log/2022-03-22T120026.921756.snakemake.log
