Building DAG of jobs...
Using shell: /usr/bin/bash
Provided cluster nodes: 8000
Job counts:
	count	jobs
	3	BUSCO
	5	QUAST
	5	Sum
	1	all
	14

[Thu Apr 28 11:06:09 2022]
rule BUSCO:
    input: /beegfs/data/soukkal/StageM2/Hymenoptera_genomes/genomes/GCA_011057455.1.fna
    output: /beegfs/data/soukkal/StageM2/Hymenoptera_genomes/results/Stat_Results/GCA_011057455.1/BUSCO_results/run_hymenoptera_odb10/full_table.tsv
    jobid: 2
    wildcards: Genome_ID=GCA_011057455.1

Submitted job 2 with external jobid 'Submitted batch job 3678733'.

[Thu Apr 28 11:06:09 2022]
rule QUAST:
    input: /beegfs/data/soukkal/StageM2/Hymenoptera_genomes/genomes/GCA_001855655.1.fna
    output: /beegfs/data/soukkal/StageM2/Hymenoptera_genomes/results/Stat_Results/GCA_001855655.1/QUAST_results/report.tsv
    jobid: 6
    wildcards: Genome_ID=GCA_001855655.1

Submitted job 6 with external jobid 'Submitted batch job 3678734'.

[Thu Apr 28 11:06:09 2022]
rule QUAST:
    input: /beegfs/data/soukkal/StageM2/Hymenoptera_genomes/genomes/GCF_015476425.1.fna
    output: /beegfs/data/soukkal/StageM2/Hymenoptera_genomes/results/Stat_Results/GCF_015476425.1/QUAST_results/report.tsv
    jobid: 8
    wildcards: Genome_ID=GCF_015476425.1

Submitted job 8 with external jobid 'Submitted batch job 3678735'.

[Thu Apr 28 11:06:09 2022]
rule QUAST:
    input: /beegfs/data/soukkal/StageM2/Hymenoptera_genomes/genomes/GCA_019393585.1.fna
    output: /beegfs/data/soukkal/StageM2/Hymenoptera_genomes/results/Stat_Results/GCA_019393585.1/QUAST_results/report.tsv
    jobid: 10
    wildcards: Genome_ID=GCA_019393585.1

Submitted job 10 with external jobid 'Submitted batch job 3678736'.

[Thu Apr 28 11:06:09 2022]
rule BUSCO:
    input: /beegfs/data/soukkal/StageM2/Hymenoptera_genomes/genomes/GCF_015476425.1.fna
    output: /beegfs/data/soukkal/StageM2/Hymenoptera_genomes/results/Stat_Results/GCF_015476425.1/BUSCO_results/run_hymenoptera_odb10/full_table.tsv
    jobid: 3
    wildcards: Genome_ID=GCF_015476425.1

Submitted job 3 with external jobid 'Submitted batch job 3678737'.

[Thu Apr 28 11:06:09 2022]
rule BUSCO:
    input: /beegfs/data/soukkal/StageM2/Hymenoptera_genomes/genomes/GCA_009823575.1.fna
    output: /beegfs/data/soukkal/StageM2/Hymenoptera_genomes/results/Stat_Results/GCA_009823575.1/BUSCO_results/run_hymenoptera_odb10/full_table.tsv
    jobid: 4
    wildcards: Genome_ID=GCA_009823575.1

Submitted job 4 with external jobid 'Submitted batch job 3678738'.

[Thu Apr 28 11:06:09 2022]
rule QUAST:
    input: /beegfs/data/soukkal/StageM2/Hymenoptera_genomes/genomes/GCA_011057455.1.fna
    output: /beegfs/data/soukkal/StageM2/Hymenoptera_genomes/results/Stat_Results/GCA_011057455.1/QUAST_results/report.tsv
    jobid: 7
    wildcards: Genome_ID=GCA_011057455.1

Submitted job 7 with external jobid 'Submitted batch job 3678739'.

[Thu Apr 28 11:06:09 2022]
rule QUAST:
    input: /beegfs/data/soukkal/StageM2/Hymenoptera_genomes/genomes/GCA_009823575.1.fna
    output: /beegfs/data/soukkal/StageM2/Hymenoptera_genomes/results/Stat_Results/GCA_009823575.1/QUAST_results/report.tsv
    jobid: 9
    wildcards: Genome_ID=GCA_009823575.1

Submitted job 9 with external jobid 'Submitted batch job 3678740'.

[Thu Apr 28 11:06:09 2022]
rule Sum:
    input: /beegfs/data/soukkal/StageM2/Hymenoptera_genomes/results/Stat_Results/GCA_001855655.1/BUSCO_results/run_hymenoptera_odb10/full_table.tsv
    output: /beegfs/data/soukkal/StageM2/Hymenoptera_genomes/results/Stat_Results/GCA_001855655.1/BUSCO_results/Sum_table_GCA_001855655.1.txt
    jobid: 11
    wildcards: Genome_ID=GCA_001855655.1

Submitted job 11 with external jobid 'Submitted batch job 3678741'.

[Thu Apr 28 11:06:09 2022]
rule Sum:
    input: /beegfs/data/soukkal/StageM2/Hymenoptera_genomes/results/Stat_Results/GCA_019393585.1/BUSCO_results/run_hymenoptera_odb10/full_table.tsv
    output: /beegfs/data/soukkal/StageM2/Hymenoptera_genomes/results/Stat_Results/GCA_019393585.1/BUSCO_results/Sum_table_GCA_019393585.1.txt
    jobid: 15
    wildcards: Genome_ID=GCA_019393585.1

Submitted job 15 with external jobid 'Submitted batch job 3678742'.
[Thu Apr 28 11:06:19 2022]
Error in rule Sum:
    jobid: 11
    output: /beegfs/data/soukkal/StageM2/Hymenoptera_genomes/results/Stat_Results/GCA_001855655.1/BUSCO_results/Sum_table_GCA_001855655.1.txt
    shell:
        
     python3 /beegfs/data/soukkal/StageM2/Scripts/BUSCO_jobs/Busco_summary.py -sum /beegfs/data/soukkal/StageM2/Hymenoptera_genomes/results/Stat_Results/GCA_001855655.1/BUSCO_results/run_hymenoptera_odb10/full_table.tsv  -o /beegfs/data/soukkal/StageM2/Hymenoptera_genomes/results/Stat_Results/GCA_001855655.1/BUSCO_results/Sum_table_GCA_001855655.1.txt -sp GCA_001855655.1
     cp /beegfs/data/soukkal/StageM2/Hymenoptera_genomes/results/Stat_Results/GCA_001855655.1/BUSCO_results/Sum_table_GCA_001855655.1.txt /beegfs/data/soukkal/StageM2/Hymenoptera_genomes/results/Stat_Results/Busco_sum/Sum_table_GCA_001855655.1.txt
     
        (one of the commands exited with non-zero exit code; note that snakemake uses bash strict mode!)
    cluster_jobid: Submitted batch job 3678741

Error executing rule Sum on cluster (jobid: 11, external: Submitted batch job 3678741, jobscript: /beegfs/data/soukkal/StageM2/Scripts/BUSCO_jobs/.snakemake/tmp.8142ycmm/snakejob.Sum.11.sh). For error details see the cluster log and the log files of the involved rule(s).
[Thu Apr 28 11:06:19 2022]
Error in rule Sum:
    jobid: 15
    output: /beegfs/data/soukkal/StageM2/Hymenoptera_genomes/results/Stat_Results/GCA_019393585.1/BUSCO_results/Sum_table_GCA_019393585.1.txt
    shell:
        
     python3 /beegfs/data/soukkal/StageM2/Scripts/BUSCO_jobs/Busco_summary.py -sum /beegfs/data/soukkal/StageM2/Hymenoptera_genomes/results/Stat_Results/GCA_019393585.1/BUSCO_results/run_hymenoptera_odb10/full_table.tsv  -o /beegfs/data/soukkal/StageM2/Hymenoptera_genomes/results/Stat_Results/GCA_019393585.1/BUSCO_results/Sum_table_GCA_019393585.1.txt -sp GCA_019393585.1
     cp /beegfs/data/soukkal/StageM2/Hymenoptera_genomes/results/Stat_Results/GCA_019393585.1/BUSCO_results/Sum_table_GCA_019393585.1.txt /beegfs/data/soukkal/StageM2/Hymenoptera_genomes/results/Stat_Results/Busco_sum/Sum_table_GCA_019393585.1.txt
     
        (one of the commands exited with non-zero exit code; note that snakemake uses bash strict mode!)
    cluster_jobid: Submitted batch job 3678742

Error executing rule Sum on cluster (jobid: 15, external: Submitted batch job 3678742, jobscript: /beegfs/data/soukkal/StageM2/Scripts/BUSCO_jobs/.snakemake/tmp.8142ycmm/snakejob.Sum.15.sh). For error details see the cluster log and the log files of the involved rule(s).
[Thu Apr 28 11:07:10 2022]
Finished job 6.
1 of 14 steps (7%) done
[Thu Apr 28 11:07:10 2022]
Finished job 10.
2 of 14 steps (14%) done
[Thu Apr 28 11:07:30 2022]
Finished job 8.
3 of 14 steps (21%) done
[Thu Apr 28 11:07:40 2022]
Finished job 7.
4 of 14 steps (29%) done
[Thu Apr 28 11:08:00 2022]
Finished job 9.
5 of 14 steps (36%) done
