Building DAG of jobs...
Using shell: /usr/bin/bash
Provided cluster nodes: 8000
Job counts:
	count	jobs
	37	BUSCO
	37	QUAST
	1	all
	75

[Fri Mar 11 18:00:35 2022]
rule BUSCO:
    input: /beegfs/data/soukkal/StageM2/Tachinids_genomes/genomes/siphosturmia_wood02.fna
    output: /beegfs/data/soukkal/StageM2/Tachinids_genomes/results/Stat_Results/siphosturmia_wood02/BUSCO_results/run_arthropoda_odb10/full_table.tsv
    jobid: 34
    wildcards: Genome_ID=siphosturmia_wood02

Submitted job 34 with external jobid 'Submitted batch job 3452464'.

[Fri Mar 11 18:00:35 2022]
rule QUAST:
    input: /beegfs/data/soukkal/StageM2/Tachinids_genomes/genomes/chetogena_scutellarisdhj01.fna
    output: /beegfs/data/soukkal/StageM2/Tachinids_genomes/results/Stat_Results/chetogena_scutellarisdhj01/QUAST_results/report.tsv
    jobid: 62
    wildcards: Genome_ID=chetogena_scutellarisdhj01

Submitted job 62 with external jobid 'Submitted batch job 3452465'.

[Fri Mar 11 18:00:35 2022]
rule BUSCO:
    input: /beegfs/data/soukkal/StageM2/Tachinids_genomes/genomes/jurinella_wood01.fna
    output: /beegfs/data/soukkal/StageM2/Tachinids_genomes/results/Stat_Results/jurinella_wood01/BUSCO_results/run_arthropoda_odb10/full_table.tsv
    jobid: 20
    wildcards: Genome_ID=jurinella_wood01

Submitted job 20 with external jobid 'Submitted batch job 3452466'.

[Fri Mar 11 18:00:35 2022]
rule QUAST:
    input: /beegfs/data/soukkal/StageM2/Tachinids_genomes/genomes/atacta_brasiliensisdhj01.fna
    output: /beegfs/data/soukkal/StageM2/Tachinids_genomes/results/Stat_Results/atacta_brasiliensisdhj01/QUAST_results/report.tsv
    jobid: 48
    wildcards: Genome_ID=atacta_brasiliensisdhj01

Submitted job 48 with external jobid 'Submitted batch job 3452467'.

[Fri Mar 11 18:00:36 2022]
rule BUSCO:
    input: /beegfs/data/soukkal/StageM2/Tachinids_genomes/genomes/genea_wood03dhj01.fna
    output: /beegfs/data/soukkal/StageM2/Tachinids_genomes/results/Stat_Results/genea_wood03dhj01/BUSCO_results/run_arthropoda_odb10/full_table.tsv
    jobid: 6
    wildcards: Genome_ID=genea_wood03dhj01

Submitted job 6 with external jobid 'Submitted batch job 3452468'.

[Fri Mar 11 18:00:36 2022]
rule BUSCO:
    input: /beegfs/data/soukkal/StageM2/Tachinids_genomes/genomes/houghia_pallida.fna
    output: /beegfs/data/soukkal/StageM2/Tachinids_genomes/results/Stat_Results/houghia_pallida/BUSCO_results/run_arthropoda_odb10/full_table.tsv
    jobid: 14
    wildcards: Genome_ID=houghia_pallida

Submitted job 14 with external jobid 'Submitted batch job 3452469'.

[Fri Mar 11 18:00:36 2022]
rule BUSCO:
    input: /beegfs/data/soukkal/StageM2/Tachinids_genomes/genomes/lixophaga_wood06.fna
    output: /beegfs/data/soukkal/StageM2/Tachinids_genomes/results/Stat_Results/lixophaga_wood06/BUSCO_results/run_arthropoda_odb10/full_table.tsv
    jobid: 28
    wildcards: Genome_ID=lixophaga_wood06

Submitted job 28 with external jobid 'Submitted batch job 3452470'.

[Fri Mar 11 18:00:36 2022]
rule QUAST:
    input: /beegfs/data/soukkal/StageM2/Tachinids_genomes/genomes/argyrochaetona_cubanadhj02.fna
    output: /beegfs/data/soukkal/StageM2/Tachinids_genomes/results/Stat_Results/argyrochaetona_cubanadhj02/QUAST_results/report.tsv
    jobid: 42
    wildcards: Genome_ID=argyrochaetona_cubanadhj02

Submitted job 42 with external jobid 'Submitted batch job 3452471'.

[Fri Mar 11 18:00:36 2022]
rule QUAST:
    input: /beegfs/data/soukkal/StageM2/Tachinids_genomes/genomes/calolydella_erasmocoronadoi.fna
    output: /beegfs/data/soukkal/StageM2/Tachinids_genomes/results/Stat_Results/calolydella_erasmocoronadoi/QUAST_results/report.tsv
    jobid: 56
    wildcards: Genome_ID=calolydella_erasmocoronadoi

Submitted job 56 with external jobid 'Submitted batch job 3452472'.

[Fri Mar 11 18:00:36 2022]
rule QUAST:
    input: /beegfs/data/soukkal/StageM2/Tachinids_genomes/genomes/chrysotachina_wood02dhj02.fna
    output: /beegfs/data/soukkal/StageM2/Tachinids_genomes/results/Stat_Results/chrysotachina_wood02dhj02/QUAST_results/report.tsv
    jobid: 70
    wildcards: Genome_ID=chrysotachina_wood02dhj02

Submitted job 70 with external jobid 'Submitted batch job 3452473'.

[Fri Mar 11 18:00:36 2022]
rule BUSCO:
    input: /beegfs/data/soukkal/StageM2/Tachinids_genomes/genomes/chrysoexorista_wood01dhj02.fna
    output: /beegfs/data/soukkal/StageM2/Tachinids_genomes/results/Stat_Results/chrysoexorista_wood01dhj02/BUSCO_results/run_arthropoda_odb10/full_table.tsv
    jobid: 27
    wildcards: Genome_ID=chrysoexorista_wood01dhj02

Submitted job 27 with external jobid 'Submitted batch job 3452474'.

[Fri Mar 11 18:00:36 2022]
rule BUSCO:
    input: /beegfs/data/soukkal/StageM2/Tachinids_genomes/genomes/argyrophylax_albincisadhj04.fna
    output: /beegfs/data/soukkal/StageM2/Tachinids_genomes/results/Stat_Results/argyrophylax_albincisadhj04/BUSCO_results/run_arthropoda_odb10/full_table.tsv
    jobid: 7
    wildcards: Genome_ID=argyrophylax_albincisadhj04

Submitted job 7 with external jobid 'Submitted batch job 3452475'.

[Fri Mar 11 18:00:36 2022]
rule BUSCO:
    input: /beegfs/data/soukkal/StageM2/Tachinids_genomes/genomes/calolydella_timjamesi.fna
    output: /beegfs/data/soukkal/StageM2/Tachinids_genomes/results/Stat_Results/calolydella_timjamesi/BUSCO_results/run_arthropoda_odb10/full_table.tsv
    jobid: 21
    wildcards: Genome_ID=calolydella_timjamesi

Submitted job 21 with external jobid 'Submitted batch job 3452476'.

[Fri Mar 11 18:00:36 2022]
rule BUSCO:
    input: /beegfs/data/soukkal/StageM2/Tachinids_genomes/genomes/cordyligaster_capellii.fna
    output: /beegfs/data/soukkal/StageM2/Tachinids_genomes/results/Stat_Results/cordyligaster_capellii/BUSCO_results/run_arthropoda_odb10/full_table.tsv
    jobid: 35
    wildcards: Genome_ID=cordyligaster_capellii

Submitted job 35 with external jobid 'Submitted batch job 3452477'.

[Fri Mar 11 18:00:36 2022]
rule QUAST:
    input: /beegfs/data/soukkal/StageM2/Tachinids_genomes/genomes/houghia_graciloides.fna
    output: /beegfs/data/soukkal/StageM2/Tachinids_genomes/results/Stat_Results/houghia_graciloides/QUAST_results/report.tsv
    jobid: 49
    wildcards: Genome_ID=houghia_graciloides

Submitted job 49 with external jobid 'Submitted batch job 3452478'.

[Fri Mar 11 18:00:36 2022]
rule QUAST:
    input: /beegfs/data/soukkal/StageM2/Tachinids_genomes/genomes/leskia_wood01dhj03.fna
    output: /beegfs/data/soukkal/StageM2/Tachinids_genomes/results/Stat_Results/leskia_wood01dhj03/QUAST_results/report.tsv
    jobid: 63
    wildcards: Genome_ID=leskia_wood01dhj03

Submitted job 63 with external jobid 'Submitted batch job 3452479'.

[Fri Mar 11 18:00:36 2022]
rule BUSCO:
    input: /beegfs/data/soukkal/StageM2/Tachinids_genomes/genomes/drino_wood06dhj05.fna
    output: /beegfs/data/soukkal/StageM2/Tachinids_genomes/results/Stat_Results/drino_wood06dhj05/BUSCO_results/run_arthropoda_odb10/full_table.tsv
    jobid: 2
    wildcards: Genome_ID=drino_wood06dhj05

Submitted job 2 with external jobid 'Submitted batch job 3452480'.

[Fri Mar 11 18:00:36 2022]
rule BUSCO:
    input: /beegfs/data/soukkal/StageM2/Tachinids_genomes/genomes/chrysoexorista_wood04.fna
    output: /beegfs/data/soukkal/StageM2/Tachinids_genomes/results/Stat_Results/chrysoexorista_wood04/BUSCO_results/run_arthropoda_odb10/full_table.tsv
    jobid: 29
    wildcards: Genome_ID=chrysoexorista_wood04

Submitted job 29 with external jobid 'Submitted batch job 3452481'.

[Fri Mar 11 18:00:36 2022]
rule BUSCO:
    input: /beegfs/data/soukkal/StageM2/Tachinids_genomes/genomes/belvosia_woodley07g.fna
    output: /beegfs/data/soukkal/StageM2/Tachinids_genomes/results/Stat_Results/belvosia_woodley07g/BUSCO_results/run_arthropoda_odb10/full_table.tsv
    jobid: 15
    wildcards: Genome_ID=belvosia_woodley07g

Submitted job 15 with external jobid 'Submitted batch job 3452482'.

[Fri Mar 11 18:00:36 2022]
rule QUAST:
    input: /beegfs/data/soukkal/StageM2/Tachinids_genomes/genomes/genea_wood03dhj01.fna
    output: /beegfs/data/soukkal/StageM2/Tachinids_genomes/results/Stat_Results/genea_wood03dhj01/QUAST_results/report.tsv
    jobid: 43
    wildcards: Genome_ID=genea_wood03dhj01

Submitted job 43 with external jobid 'Submitted batch job 3452483'.

[Fri Mar 11 18:00:36 2022]
rule QUAST:
    input: /beegfs/data/soukkal/StageM2/Tachinids_genomes/genomes/jurinella_wood01.fna
    output: /beegfs/data/soukkal/StageM2/Tachinids_genomes/results/Stat_Results/jurinella_wood01/QUAST_results/report.tsv
    jobid: 57
    wildcards: Genome_ID=jurinella_wood01

Submitted job 57 with external jobid 'Submitted batch job 3452484'.

[Fri Mar 11 18:00:36 2022]
rule QUAST:
    input: /beegfs/data/soukkal/StageM2/Tachinids_genomes/genomes/siphosturmia_wood02.fna
    output: /beegfs/data/soukkal/StageM2/Tachinids_genomes/results/Stat_Results/siphosturmia_wood02/QUAST_results/report.tsv
    jobid: 71
    wildcards: Genome_ID=siphosturmia_wood02

Submitted job 71 with external jobid 'Submitted batch job 3452485'.

[Fri Mar 11 18:00:36 2022]
rule BUSCO:
    input: /beegfs/data/soukkal/StageM2/Tachinids_genomes/genomes/houghia_bivittata.fna
    output: /beegfs/data/soukkal/StageM2/Tachinids_genomes/results/Stat_Results/houghia_bivittata/BUSCO_results/run_arthropoda_odb10/full_table.tsv
    jobid: 8
    wildcards: Genome_ID=houghia_bivittata

Submitted job 8 with external jobid 'Submitted batch job 3452486'.

[Fri Mar 11 18:00:36 2022]
rule BUSCO:
    input: /beegfs/data/soukkal/StageM2/Tachinids_genomes/genomes/leschenaultia_wood15.fna
    output: /beegfs/data/soukkal/StageM2/Tachinids_genomes/results/Stat_Results/leschenaultia_wood15/BUSCO_results/run_arthropoda_odb10/full_table.tsv
    jobid: 22
    wildcards: Genome_ID=leschenaultia_wood15

Submitted job 22 with external jobid 'Submitted batch job 3452487'.

[Fri Mar 11 18:00:36 2022]
rule BUSCO:
    input: /beegfs/data/soukkal/StageM2/Tachinids_genomes/genomes/zizyphomyia_argutadhj02.fna
    output: /beegfs/data/soukkal/StageM2/Tachinids_genomes/results/Stat_Results/zizyphomyia_argutadhj02/BUSCO_results/run_arthropoda_odb10/full_table.tsv
    jobid: 36
    wildcards: Genome_ID=zizyphomyia_argutadhj02

Submitted job 36 with external jobid 'Submitted batch job 3452488'.

[Fri Mar 11 18:00:36 2022]
rule QUAST:
    input: /beegfs/data/soukkal/StageM2/Tachinids_genomes/genomes/austrophorocera_wood05.fna
    output: /beegfs/data/soukkal/StageM2/Tachinids_genomes/results/Stat_Results/austrophorocera_wood05/QUAST_results/report.tsv
    jobid: 50
    wildcards: Genome_ID=austrophorocera_wood05

Submitted job 50 with external jobid 'Submitted batch job 3452489'.

[Fri Mar 11 18:00:36 2022]
rule QUAST:
    input: /beegfs/data/soukkal/StageM2/Tachinids_genomes/genomes/chrysoexorista_wood01dhj02.fna
    output: /beegfs/data/soukkal/StageM2/Tachinids_genomes/results/Stat_Results/chrysoexorista_wood01dhj02/QUAST_results/report.tsv
    jobid: 64
    wildcards: Genome_ID=chrysoexorista_wood01dhj02

Submitted job 64 with external jobid 'Submitted batch job 3452490'.

[Fri Mar 11 18:00:36 2022]
rule BUSCO:
    input: /beegfs/data/soukkal/StageM2/Tachinids_genomes/genomes/aplomyopsis_wood01.fna
    output: /beegfs/data/soukkal/StageM2/Tachinids_genomes/results/Stat_Results/aplomyopsis_wood01/BUSCO_results/run_arthropoda_odb10/full_table.tsv
    jobid: 1
    wildcards: Genome_ID=aplomyopsis_wood01

Submitted job 1 with external jobid 'Submitted batch job 3452491'.

[Fri Mar 11 18:00:36 2022]
rule BUSCO:
    input: /beegfs/data/soukkal/StageM2/Tachinids_genomes/genomes/hyphantrophaga_virilis.fna
    output: /beegfs/data/soukkal/StageM2/Tachinids_genomes/results/Stat_Results/hyphantrophaga_virilis/BUSCO_results/run_arthropoda_odb10/full_table.tsv
    jobid: 16
    wildcards: Genome_ID=hyphantrophaga_virilis

Submitted job 16 with external jobid 'Submitted batch job 3452492'.

[Fri Mar 11 18:00:36 2022]
rule BUSCO:
    input: /beegfs/data/soukkal/StageM2/Tachinids_genomes/genomes/lixophaga_wood09.fna
    output: /beegfs/data/soukkal/StageM2/Tachinids_genomes/results/Stat_Results/lixophaga_wood09/BUSCO_results/run_arthropoda_odb10/full_table.tsv
    jobid: 30
    wildcards: Genome_ID=lixophaga_wood09

Submitted job 30 with external jobid 'Submitted batch job 3452493'.

[Fri Mar 11 18:00:36 2022]
rule QUAST:
    input: /beegfs/data/soukkal/StageM2/Tachinids_genomes/genomes/argyrophylax_albincisadhj04.fna
    output: /beegfs/data/soukkal/StageM2/Tachinids_genomes/results/Stat_Results/argyrophylax_albincisadhj04/QUAST_results/report.tsv
    jobid: 44
    wildcards: Genome_ID=argyrophylax_albincisadhj04

Submitted job 44 with external jobid 'Submitted batch job 3452494'.

[Fri Mar 11 18:00:36 2022]
rule QUAST:
    input: /beegfs/data/soukkal/StageM2/Tachinids_genomes/genomes/calolydella_timjamesi.fna
    output: /beegfs/data/soukkal/StageM2/Tachinids_genomes/results/Stat_Results/calolydella_timjamesi/QUAST_results/report.tsv
    jobid: 58
    wildcards: Genome_ID=calolydella_timjamesi

Submitted job 58 with external jobid 'Submitted batch job 3452495'.

[Fri Mar 11 18:00:37 2022]
rule QUAST:
    input: /beegfs/data/soukkal/StageM2/Tachinids_genomes/genomes/cordyligaster_capellii.fna
    output: /beegfs/data/soukkal/StageM2/Tachinids_genomes/results/Stat_Results/cordyligaster_capellii/QUAST_results/report.tsv
    jobid: 72
    wildcards: Genome_ID=cordyligaster_capellii

Submitted job 72 with external jobid 'Submitted batch job 3452496'.

[Fri Mar 11 18:00:37 2022]
rule BUSCO:
    input: /beegfs/data/soukkal/StageM2/Tachinids_genomes/genomes/argyrophylax_wood05.fna
    output: /beegfs/data/soukkal/StageM2/Tachinids_genomes/results/Stat_Results/argyrophylax_wood05/BUSCO_results/run_arthropoda_odb10/full_table.tsv
    jobid: 9
    wildcards: Genome_ID=argyrophylax_wood05

Submitted job 9 with external jobid 'Submitted batch job 3452497'.

[Fri Mar 11 18:00:37 2022]
rule BUSCO:
    input: /beegfs/data/soukkal/StageM2/Tachinids_genomes/genomes/campylocheta_wood03.fna
    output: /beegfs/data/soukkal/StageM2/Tachinids_genomes/results/Stat_Results/campylocheta_wood03/BUSCO_results/run_arthropoda_odb10/full_table.tsv
    jobid: 23
    wildcards: Genome_ID=campylocheta_wood03

Submitted job 23 with external jobid 'Submitted batch job 3452498'.

[Fri Mar 11 18:00:37 2022]
rule BUSCO:
    input: /beegfs/data/soukkal/StageM2/Tachinids_genomes/genomes/drino_wood06dhj01.fna
    output: /beegfs/data/soukkal/StageM2/Tachinids_genomes/results/Stat_Results/drino_wood06dhj01/BUSCO_results/run_arthropoda_odb10/full_table.tsv
    jobid: 37
    wildcards: Genome_ID=drino_wood06dhj01

Submitted job 37 with external jobid 'Submitted batch job 3452499'.

[Fri Mar 11 18:00:37 2022]
rule QUAST:
    input: /beegfs/data/soukkal/StageM2/Tachinids_genomes/genomes/genea_wood01.fna
    output: /beegfs/data/soukkal/StageM2/Tachinids_genomes/results/Stat_Results/genea_wood01/QUAST_results/report.tsv
    jobid: 41
    wildcards: Genome_ID=genea_wood01

Submitted job 41 with external jobid 'Submitted batch job 3452500'.

[Fri Mar 11 18:00:37 2022]
rule QUAST:
    input: /beegfs/data/soukkal/StageM2/Tachinids_genomes/genomes/houghia_pallida.fna
    output: /beegfs/data/soukkal/StageM2/Tachinids_genomes/results/Stat_Results/houghia_pallida/QUAST_results/report.tsv
    jobid: 51
    wildcards: Genome_ID=houghia_pallida

Submitted job 51 with external jobid 'Submitted batch job 3452501'.

[Fri Mar 11 18:00:37 2022]
rule QUAST:
    input: /beegfs/data/soukkal/StageM2/Tachinids_genomes/genomes/lixophaga_wood06.fna
    output: /beegfs/data/soukkal/StageM2/Tachinids_genomes/results/Stat_Results/lixophaga_wood06/QUAST_results/report.tsv
    jobid: 65
    wildcards: Genome_ID=lixophaga_wood06

Submitted job 65 with external jobid 'Submitted batch job 3452502'.

[Fri Mar 11 18:00:37 2022]
rule BUSCO:
    input: /beegfs/data/soukkal/StageM2/Tachinids_genomes/genomes/archytas_wood02.fna
    output: /beegfs/data/soukkal/StageM2/Tachinids_genomes/results/Stat_Results/archytas_wood02/BUSCO_results/run_arthropoda_odb10/full_table.tsv
    jobid: 3
    wildcards: Genome_ID=archytas_wood02

Submitted job 3 with external jobid 'Submitted batch job 3452503'.

[Fri Mar 11 18:00:37 2022]
rule BUSCO:
    input: /beegfs/data/soukkal/StageM2/Tachinids_genomes/genomes/belvosia_woodley10.fna
    output: /beegfs/data/soukkal/StageM2/Tachinids_genomes/results/Stat_Results/belvosia_woodley10/BUSCO_results/run_arthropoda_odb10/full_table.tsv
    jobid: 17
    wildcards: Genome_ID=belvosia_woodley10

Submitted job 17 with external jobid 'Submitted batch job 3452504'.

[Fri Mar 11 18:00:37 2022]
rule BUSCO:
    input: /beegfs/data/soukkal/StageM2/Tachinids_genomes/genomes/chrysotachina_wood01.fna
    output: /beegfs/data/soukkal/StageM2/Tachinids_genomes/results/Stat_Results/chrysotachina_wood01/BUSCO_results/run_arthropoda_odb10/full_table.tsv
    jobid: 31
    wildcards: Genome_ID=chrysotachina_wood01

Submitted job 31 with external jobid 'Submitted batch job 3452505'.

[Fri Mar 11 18:00:37 2022]
rule QUAST:
    input: /beegfs/data/soukkal/StageM2/Tachinids_genomes/genomes/houghia_bivittata.fna
    output: /beegfs/data/soukkal/StageM2/Tachinids_genomes/results/Stat_Results/houghia_bivittata/QUAST_results/report.tsv
    jobid: 45
    wildcards: Genome_ID=houghia_bivittata

Submitted job 45 with external jobid 'Submitted batch job 3452506'.

[Fri Mar 11 18:00:37 2022]
rule QUAST:
    input: /beegfs/data/soukkal/StageM2/Tachinids_genomes/genomes/leschenaultia_wood15.fna
    output: /beegfs/data/soukkal/StageM2/Tachinids_genomes/results/Stat_Results/leschenaultia_wood15/QUAST_results/report.tsv
    jobid: 59
    wildcards: Genome_ID=leschenaultia_wood15

Submitted job 59 with external jobid 'Submitted batch job 3452507'.

[Fri Mar 11 18:00:37 2022]
rule QUAST:
    input: /beegfs/data/soukkal/StageM2/Tachinids_genomes/genomes/zizyphomyia_argutadhj02.fna
    output: /beegfs/data/soukkal/StageM2/Tachinids_genomes/results/Stat_Results/zizyphomyia_argutadhj02/QUAST_results/report.tsv
    jobid: 73
    wildcards: Genome_ID=zizyphomyia_argutadhj02

Submitted job 73 with external jobid 'Submitted batch job 3452508'.

[Fri Mar 11 18:00:37 2022]
rule BUSCO:
    input: /beegfs/data/soukkal/StageM2/Tachinids_genomes/genomes/houghia_brevipilosa.fna
    output: /beegfs/data/soukkal/StageM2/Tachinids_genomes/results/Stat_Results/houghia_brevipilosa/BUSCO_results/run_arthropoda_odb10/full_table.tsv
    jobid: 10
    wildcards: Genome_ID=houghia_brevipilosa

Submitted job 10 with external jobid 'Submitted batch job 3452509'.

[Fri Mar 11 18:00:37 2022]
rule BUSCO:
    input: /beegfs/data/soukkal/StageM2/Tachinids_genomes/genomes/leskia_janzen27.fna
    output: /beegfs/data/soukkal/StageM2/Tachinids_genomes/results/Stat_Results/leskia_janzen27/BUSCO_results/run_arthropoda_odb10/full_table.tsv
    jobid: 24
    wildcards: Genome_ID=leskia_janzen27

Submitted job 24 with external jobid 'Submitted batch job 3452510'.

[Fri Mar 11 18:00:37 2022]
rule QUAST:
    input: /beegfs/data/soukkal/StageM2/Tachinids_genomes/genomes/aplomyopsis_wood01.fna
    output: /beegfs/data/soukkal/StageM2/Tachinids_genomes/results/Stat_Results/aplomyopsis_wood01/QUAST_results/report.tsv
    jobid: 38
    wildcards: Genome_ID=aplomyopsis_wood01

Submitted job 38 with external jobid 'Submitted batch job 3452511'.

[Fri Mar 11 18:00:37 2022]
rule QUAST:
    input: /beegfs/data/soukkal/StageM2/Tachinids_genomes/genomes/belvosia_woodley07g.fna
    output: /beegfs/data/soukkal/StageM2/Tachinids_genomes/results/Stat_Results/belvosia_woodley07g/QUAST_results/report.tsv
    jobid: 52
    wildcards: Genome_ID=belvosia_woodley07g

Submitted job 52 with external jobid 'Submitted batch job 3452512'.

[Fri Mar 11 18:00:37 2022]
rule QUAST:
    input: /beegfs/data/soukkal/StageM2/Tachinids_genomes/genomes/chrysoexorista_wood04.fna
    output: /beegfs/data/soukkal/StageM2/Tachinids_genomes/results/Stat_Results/chrysoexorista_wood04/QUAST_results/report.tsv
    jobid: 66
    wildcards: Genome_ID=chrysoexorista_wood04

Submitted job 66 with external jobid 'Submitted batch job 3452513'.

[Fri Mar 11 18:00:37 2022]
rule BUSCO:
    input: /beegfs/data/soukkal/StageM2/Tachinids_genomes/genomes/genea_wood01.fna
    output: /beegfs/data/soukkal/StageM2/Tachinids_genomes/results/Stat_Results/genea_wood01/BUSCO_results/run_arthropoda_odb10/full_table.tsv
    jobid: 4
    wildcards: Genome_ID=genea_wood01

Submitted job 4 with external jobid 'Submitted batch job 3452514'.

[Fri Mar 11 18:00:37 2022]
rule BUSCO:
    input: /beegfs/data/soukkal/StageM2/Tachinids_genomes/genomes/hyphantrophaga_wood11.fna
    output: /beegfs/data/soukkal/StageM2/Tachinids_genomes/results/Stat_Results/hyphantrophaga_wood11/BUSCO_results/run_arthropoda_odb10/full_table.tsv
    jobid: 18
    wildcards: Genome_ID=hyphantrophaga_wood11

Submitted job 18 with external jobid 'Submitted batch job 3452515'.

[Fri Mar 11 18:00:37 2022]
rule BUSCO:
    input: /beegfs/data/soukkal/StageM2/Tachinids_genomes/genomes/siphosturmia_rafaelidhj03.fna
    output: /beegfs/data/soukkal/StageM2/Tachinids_genomes/results/Stat_Results/siphosturmia_rafaelidhj03/BUSCO_results/run_arthropoda_odb10/full_table.tsv
    jobid: 32
    wildcards: Genome_ID=siphosturmia_rafaelidhj03

Submitted job 32 with external jobid 'Submitted batch job 3452516'.

[Fri Mar 11 18:00:37 2022]
rule QUAST:
    input: /beegfs/data/soukkal/StageM2/Tachinids_genomes/genomes/argyrophylax_wood05.fna
    output: /beegfs/data/soukkal/StageM2/Tachinids_genomes/results/Stat_Results/argyrophylax_wood05/QUAST_results/report.tsv
    jobid: 46
    wildcards: Genome_ID=argyrophylax_wood05

Submitted job 46 with external jobid 'Submitted batch job 3452517'.

[Fri Mar 11 18:00:37 2022]
rule QUAST:
    input: /beegfs/data/soukkal/StageM2/Tachinids_genomes/genomes/campylocheta_wood03.fna
    output: /beegfs/data/soukkal/StageM2/Tachinids_genomes/results/Stat_Results/campylocheta_wood03/QUAST_results/report.tsv
    jobid: 60
    wildcards: Genome_ID=campylocheta_wood03

Submitted job 60 with external jobid 'Submitted batch job 3452518'.

[Fri Mar 11 18:00:37 2022]
rule QUAST:
    input: /beegfs/data/soukkal/StageM2/Tachinids_genomes/genomes/drino_wood06dhj01.fna
    output: /beegfs/data/soukkal/StageM2/Tachinids_genomes/results/Stat_Results/drino_wood06dhj01/QUAST_results/report.tsv
    jobid: 74
    wildcards: Genome_ID=drino_wood06dhj01

Submitted job 74 with external jobid 'Submitted batch job 3452519'.

[Fri Mar 11 18:00:37 2022]
rule BUSCO:
    input: /beegfs/data/soukkal/StageM2/Tachinids_genomes/genomes/atacta_brasiliensisdhj01.fna
    output: /beegfs/data/soukkal/StageM2/Tachinids_genomes/results/Stat_Results/atacta_brasiliensisdhj01/BUSCO_results/run_arthropoda_odb10/full_table.tsv
    jobid: 11
    wildcards: Genome_ID=atacta_brasiliensisdhj01

Submitted job 11 with external jobid 'Submitted batch job 3452520'.

[Fri Mar 11 18:00:37 2022]
rule BUSCO:
    input: /beegfs/data/soukkal/StageM2/Tachinids_genomes/genomes/chetogena_scutellarisdhj01.fna
    output: /beegfs/data/soukkal/StageM2/Tachinids_genomes/results/Stat_Results/chetogena_scutellarisdhj01/BUSCO_results/run_arthropoda_odb10/full_table.tsv
    jobid: 25
    wildcards: Genome_ID=chetogena_scutellarisdhj01

Submitted job 25 with external jobid 'Submitted batch job 3452521'.

[Fri Mar 11 18:00:38 2022]
rule QUAST:
    input: /beegfs/data/soukkal/StageM2/Tachinids_genomes/genomes/drino_wood06dhj05.fna
    output: /beegfs/data/soukkal/StageM2/Tachinids_genomes/results/Stat_Results/drino_wood06dhj05/QUAST_results/report.tsv
    jobid: 39
    wildcards: Genome_ID=drino_wood06dhj05

Submitted job 39 with external jobid 'Submitted batch job 3452522'.

[Fri Mar 11 18:00:38 2022]
rule QUAST:
    input: /beegfs/data/soukkal/StageM2/Tachinids_genomes/genomes/hyphantrophaga_virilis.fna
    output: /beegfs/data/soukkal/StageM2/Tachinids_genomes/results/Stat_Results/hyphantrophaga_virilis/QUAST_results/report.tsv
    jobid: 53
    wildcards: Genome_ID=hyphantrophaga_virilis

Submitted job 53 with external jobid 'Submitted batch job 3452523'.

[Fri Mar 11 18:00:38 2022]
rule QUAST:
    input: /beegfs/data/soukkal/StageM2/Tachinids_genomes/genomes/lixophaga_wood09.fna
    output: /beegfs/data/soukkal/StageM2/Tachinids_genomes/results/Stat_Results/lixophaga_wood09/QUAST_results/report.tsv
    jobid: 67
    wildcards: Genome_ID=lixophaga_wood09

Submitted job 67 with external jobid 'Submitted batch job 3452524'.

[Fri Mar 11 18:00:38 2022]
rule QUAST:
    input: /beegfs/data/soukkal/StageM2/Tachinids_genomes/genomes/hyphantrophaga_wood11.fna
    output: /beegfs/data/soukkal/StageM2/Tachinids_genomes/results/Stat_Results/hyphantrophaga_wood11/QUAST_results/report.tsv
    jobid: 55
    wildcards: Genome_ID=hyphantrophaga_wood11

Submitted job 55 with external jobid 'Submitted batch job 3452525'.

[Fri Mar 11 18:00:38 2022]
rule BUSCO:
    input: /beegfs/data/soukkal/StageM2/Tachinids_genomes/genomes/argyrochaetona_cubanadhj02.fna
    output: /beegfs/data/soukkal/StageM2/Tachinids_genomes/results/Stat_Results/argyrochaetona_cubanadhj02/BUSCO_results/run_arthropoda_odb10/full_table.tsv
    jobid: 5
    wildcards: Genome_ID=argyrochaetona_cubanadhj02

Submitted job 5 with external jobid 'Submitted batch job 3452526'.

[Fri Mar 11 18:00:38 2022]
rule BUSCO:
    input: /beegfs/data/soukkal/StageM2/Tachinids_genomes/genomes/calolydella_erasmocoronadoi.fna
    output: /beegfs/data/soukkal/StageM2/Tachinids_genomes/results/Stat_Results/calolydella_erasmocoronadoi/BUSCO_results/run_arthropoda_odb10/full_table.tsv
    jobid: 19
    wildcards: Genome_ID=calolydella_erasmocoronadoi

Submitted job 19 with external jobid 'Submitted batch job 3452527'.

[Fri Mar 11 18:00:38 2022]
rule BUSCO:
    input: /beegfs/data/soukkal/StageM2/Tachinids_genomes/genomes/chrysotachina_wood02dhj02.fna
    output: /beegfs/data/soukkal/StageM2/Tachinids_genomes/results/Stat_Results/chrysotachina_wood02dhj02/BUSCO_results/run_arthropoda_odb10/full_table.tsv
    jobid: 33
    wildcards: Genome_ID=chrysotachina_wood02dhj02

Submitted job 33 with external jobid 'Submitted batch job 3452528'.

[Fri Mar 11 18:00:38 2022]
rule QUAST:
    input: /beegfs/data/soukkal/StageM2/Tachinids_genomes/genomes/houghia_brevipilosa.fna
    output: /beegfs/data/soukkal/StageM2/Tachinids_genomes/results/Stat_Results/houghia_brevipilosa/QUAST_results/report.tsv
    jobid: 47
    wildcards: Genome_ID=houghia_brevipilosa

Submitted job 47 with external jobid 'Submitted batch job 3452529'.

[Fri Mar 11 18:00:38 2022]
rule QUAST:
    input: /beegfs/data/soukkal/StageM2/Tachinids_genomes/genomes/leskia_janzen27.fna
    output: /beegfs/data/soukkal/StageM2/Tachinids_genomes/results/Stat_Results/leskia_janzen27/QUAST_results/report.tsv
    jobid: 61
    wildcards: Genome_ID=leskia_janzen27

Submitted job 61 with external jobid 'Submitted batch job 3452530'.

[Fri Mar 11 18:00:38 2022]
rule BUSCO:
    input: /beegfs/data/soukkal/StageM2/Tachinids_genomes/genomes/houghia_graciloides.fna
    output: /beegfs/data/soukkal/StageM2/Tachinids_genomes/results/Stat_Results/houghia_graciloides/BUSCO_results/run_arthropoda_odb10/full_table.tsv
    jobid: 12
    wildcards: Genome_ID=houghia_graciloides

Submitted job 12 with external jobid 'Submitted batch job 3452531'.

[Fri Mar 11 18:00:38 2022]
rule BUSCO:
    input: /beegfs/data/soukkal/StageM2/Tachinids_genomes/genomes/leskia_wood01dhj03.fna
    output: /beegfs/data/soukkal/StageM2/Tachinids_genomes/results/Stat_Results/leskia_wood01dhj03/BUSCO_results/run_arthropoda_odb10/full_table.tsv
    jobid: 26
    wildcards: Genome_ID=leskia_wood01dhj03

Submitted job 26 with external jobid 'Submitted batch job 3452532'.

[Fri Mar 11 18:00:38 2022]
rule QUAST:
    input: /beegfs/data/soukkal/StageM2/Tachinids_genomes/genomes/archytas_wood02.fna
    output: /beegfs/data/soukkal/StageM2/Tachinids_genomes/results/Stat_Results/archytas_wood02/QUAST_results/report.tsv
    jobid: 40
    wildcards: Genome_ID=archytas_wood02

Submitted job 40 with external jobid 'Submitted batch job 3452533'.

[Fri Mar 11 18:00:38 2022]
rule QUAST:
    input: /beegfs/data/soukkal/StageM2/Tachinids_genomes/genomes/belvosia_woodley10.fna
    output: /beegfs/data/soukkal/StageM2/Tachinids_genomes/results/Stat_Results/belvosia_woodley10/QUAST_results/report.tsv
    jobid: 54
    wildcards: Genome_ID=belvosia_woodley10

Submitted job 54 with external jobid 'Submitted batch job 3452534'.

[Fri Mar 11 18:00:38 2022]
rule QUAST:
    input: /beegfs/data/soukkal/StageM2/Tachinids_genomes/genomes/chrysotachina_wood01.fna
    output: /beegfs/data/soukkal/StageM2/Tachinids_genomes/results/Stat_Results/chrysotachina_wood01/QUAST_results/report.tsv
    jobid: 68
    wildcards: Genome_ID=chrysotachina_wood01

Submitted job 68 with external jobid 'Submitted batch job 3452535'.

[Fri Mar 11 18:00:38 2022]
rule BUSCO:
    input: /beegfs/data/soukkal/StageM2/Tachinids_genomes/genomes/austrophorocera_wood05.fna
    output: /beegfs/data/soukkal/StageM2/Tachinids_genomes/results/Stat_Results/austrophorocera_wood05/BUSCO_results/run_arthropoda_odb10/full_table.tsv
    jobid: 13
    wildcards: Genome_ID=austrophorocera_wood05

Submitted job 13 with external jobid 'Submitted batch job 3452536'.

[Fri Mar 11 18:00:38 2022]
rule QUAST:
    input: /beegfs/data/soukkal/StageM2/Tachinids_genomes/genomes/siphosturmia_rafaelidhj03.fna
    output: /beegfs/data/soukkal/StageM2/Tachinids_genomes/results/Stat_Results/siphosturmia_rafaelidhj03/QUAST_results/report.tsv
    jobid: 69
    wildcards: Genome_ID=siphosturmia_rafaelidhj03

Submitted job 69 with external jobid 'Submitted batch job 3452537'.
Will exit after finishing currently running jobs.
