Building DAG of jobs...
Using shell: /usr/bin/bash
Provided cluster nodes: 8000
Job counts:
	count	jobs
	40	BUSCO
	1	all
	41

[Thu Mar 10 09:59:45 2022]
rule BUSCO:
    input: /beegfs/data/soukkal/StageM2/Control_genomes/genomes/GCF_001015335.1.fna
    output: /beegfs/data/soukkal/StageM2/Control_genomes/results/BUSCO_Results/GCF_001015335.1/BUSCO_results/full_table.tsv
    jobid: 34
    wildcards: Genome_ID=GCF_001015335.1

Submitted job 34 with external jobid 'Submitted batch job 3452083'.

[Thu Mar 10 09:59:45 2022]
rule BUSCO:
    input: /beegfs/data/soukkal/StageM2/Control_genomes/genomes/GCA_021234595.1.fna
    output: /beegfs/data/soukkal/StageM2/Control_genomes/results/BUSCO_Results/GCA_021234595.1/BUSCO_results/full_table.tsv
    jobid: 20
    wildcards: Genome_ID=GCA_021234595.1

Submitted job 20 with external jobid 'Submitted batch job 3452084'.

[Thu Mar 10 09:59:45 2022]
rule BUSCO:
    input: /beegfs/data/soukkal/StageM2/Control_genomes/genomes/GCA_001015115.1.fna
    output: /beegfs/data/soukkal/StageM2/Control_genomes/results/BUSCO_Results/GCA_001015115.1/BUSCO_results/full_table.tsv
    jobid: 6
    wildcards: Genome_ID=GCA_001015115.1

Submitted job 6 with external jobid 'Submitted batch job 3452085'.

[Thu Mar 10 09:59:45 2022]
rule BUSCO:
    input: /beegfs/data/soukkal/StageM2/Control_genomes/genomes/GCA_004302925.1.fna
    output: /beegfs/data/soukkal/StageM2/Control_genomes/results/BUSCO_Results/GCA_004302925.1/BUSCO_results/full_table.tsv
    jobid: 14
    wildcards: Genome_ID=GCA_004302925.1

Submitted job 14 with external jobid 'Submitted batch job 3452086'.

[Thu Mar 10 09:59:45 2022]
rule BUSCO:
    input: /beegfs/data/soukkal/StageM2/Control_genomes/genomes/GCA_920104205.1.fna
    output: /beegfs/data/soukkal/StageM2/Control_genomes/results/BUSCO_Results/GCA_920104205.1/BUSCO_results/full_table.tsv
    jobid: 28
    wildcards: Genome_ID=GCA_920104205.1

Submitted job 28 with external jobid 'Submitted batch job 3452087'.

[Thu Mar 10 09:59:45 2022]
rule BUSCO:
    input: /beegfs/data/soukkal/StageM2/Control_genomes/genomes/GCA_001015175.1.fna
    output: /beegfs/data/soukkal/StageM2/Control_genomes/results/BUSCO_Results/GCA_001015175.1/BUSCO_results/full_table.tsv
    jobid: 7
    wildcards: Genome_ID=GCA_001015175.1

Submitted job 7 with external jobid 'Submitted batch job 3452088'.

[Thu Mar 10 09:59:45 2022]
rule BUSCO:
    input: /beegfs/data/soukkal/StageM2/Control_genomes/genomes/GCA_905231855.2.fna
    output: /beegfs/data/soukkal/StageM2/Control_genomes/results/BUSCO_Results/GCA_905231855.2/BUSCO_results/full_table.tsv
    jobid: 21
    wildcards: Genome_ID=GCA_905231855.2

Submitted job 21 with external jobid 'Submitted batch job 3452089'.

[Thu Mar 10 09:59:45 2022]
rule BUSCO:
    input: /beegfs/data/soukkal/StageM2/Control_genomes/genomes/GCF_002237135.1.fna
    output: /beegfs/data/soukkal/StageM2/Control_genomes/results/BUSCO_Results/GCF_002237135.1/BUSCO_results/full_table.tsv
    jobid: 35
    wildcards: Genome_ID=GCF_002237135.1

Submitted job 35 with external jobid 'Submitted batch job 3452090'.

[Thu Mar 10 09:59:45 2022]
rule BUSCO:
    input: /beegfs/data/soukkal/StageM2/Control_genomes/genomes/GCA_001014415.1.fna
    output: /beegfs/data/soukkal/StageM2/Control_genomes/results/BUSCO_Results/GCA_001014415.1/BUSCO_results/full_table.tsv
    jobid: 1
    wildcards: Genome_ID=GCA_001014415.1

Submitted job 1 with external jobid 'Submitted batch job 3452091'.

[Thu Mar 10 09:59:45 2022]
rule BUSCO:
    input: /beegfs/data/soukkal/StageM2/Control_genomes/genomes/GCA_920105625.1.fna
    output: /beegfs/data/soukkal/StageM2/Control_genomes/results/BUSCO_Results/GCA_920105625.1/BUSCO_results/full_table.tsv
    jobid: 29
    wildcards: Genome_ID=GCA_920105625.1

Submitted job 29 with external jobid 'Submitted batch job 3452092'.

[Thu Mar 10 09:59:45 2022]
rule BUSCO:
    input: /beegfs/data/soukkal/StageM2/Control_genomes/genomes/GCA_005959815.1.fna
    output: /beegfs/data/soukkal/StageM2/Control_genomes/results/BUSCO_Results/GCA_005959815.1/BUSCO_results/full_table.tsv
    jobid: 15
    wildcards: Genome_ID=GCA_005959815.1

Submitted job 15 with external jobid 'Submitted batch job 3452093'.

[Thu Mar 10 09:59:45 2022]
rule BUSCO:
    input: /beegfs/data/soukkal/StageM2/Control_genomes/genomes/GCA_001017275.1.fna
    output: /beegfs/data/soukkal/StageM2/Control_genomes/results/BUSCO_Results/GCA_001017275.1/BUSCO_results/full_table.tsv
    jobid: 8
    wildcards: Genome_ID=GCA_001017275.1

Submitted job 8 with external jobid 'Submitted batch job 3452094'.

[Thu Mar 10 09:59:45 2022]
rule BUSCO:
    input: /beegfs/data/soukkal/StageM2/Control_genomes/genomes/GCA_907269105.1.fna
    output: /beegfs/data/soukkal/StageM2/Control_genomes/results/BUSCO_Results/GCA_907269105.1/BUSCO_results/full_table.tsv
    jobid: 22
    wildcards: Genome_ID=GCA_907269105.1

Submitted job 22 with external jobid 'Submitted batch job 3452095'.

[Thu Mar 10 09:59:45 2022]
rule BUSCO:
    input: /beegfs/data/soukkal/StageM2/Control_genomes/genomes/GCF_009650485.1.fna
    output: /beegfs/data/soukkal/StageM2/Control_genomes/results/BUSCO_Results/GCF_009650485.1/BUSCO_results/full_table.tsv
    jobid: 36
    wildcards: Genome_ID=GCF_009650485.1

Submitted job 36 with external jobid 'Submitted batch job 3452096'.

[Thu Mar 10 09:59:45 2022]
rule BUSCO:
    input: /beegfs/data/soukkal/StageM2/Control_genomes/genomes/GCA_001014675.1.fna
    output: /beegfs/data/soukkal/StageM2/Control_genomes/results/BUSCO_Results/GCA_001014675.1/BUSCO_results/full_table.tsv
    jobid: 3
    wildcards: Genome_ID=GCA_001014675.1

Submitted job 3 with external jobid 'Submitted batch job 3452097'.

[Thu Mar 10 09:59:45 2022]
rule BUSCO:
    input: /beegfs/data/soukkal/StageM2/Control_genomes/genomes/GCA_014858695.1.fna
    output: /beegfs/data/soukkal/StageM2/Control_genomes/results/BUSCO_Results/GCA_014858695.1/BUSCO_results/full_table.tsv
    jobid: 16
    wildcards: Genome_ID=GCA_014858695.1

Submitted job 16 with external jobid 'Submitted batch job 3452098'.

[Thu Mar 10 09:59:46 2022]
rule BUSCO:
    input: /beegfs/data/soukkal/StageM2/Control_genomes/genomes/GCA_922984085.1.fna
    output: /beegfs/data/soukkal/StageM2/Control_genomes/results/BUSCO_Results/GCA_922984085.1/BUSCO_results/full_table.tsv
    jobid: 30
    wildcards: Genome_ID=GCA_922984085.1

Submitted job 30 with external jobid 'Submitted batch job 3452099'.

[Thu Mar 10 09:59:46 2022]
rule BUSCO:
    input: /beegfs/data/soukkal/StageM2/Control_genomes/genomes/GCA_001017515.1.fna
    output: /beegfs/data/soukkal/StageM2/Control_genomes/results/BUSCO_Results/GCA_001017515.1/BUSCO_results/full_table.tsv
    jobid: 9
    wildcards: Genome_ID=GCA_001017515.1

Submitted job 9 with external jobid 'Submitted batch job 3452100'.

[Thu Mar 10 09:59:46 2022]
rule BUSCO:
    input: /beegfs/data/soukkal/StageM2/Control_genomes/genomes/GCA_914767635.1.fna
    output: /beegfs/data/soukkal/StageM2/Control_genomes/results/BUSCO_Results/GCA_914767635.1/BUSCO_results/full_table.tsv
    jobid: 23
    wildcards: Genome_ID=GCA_914767635.1

Submitted job 23 with external jobid 'Submitted batch job 3452101'.

[Thu Mar 10 09:59:46 2022]
rule BUSCO:
    input: /beegfs/data/soukkal/StageM2/Control_genomes/genomes/GCF_013340165.1.fna
    output: /beegfs/data/soukkal/StageM2/Control_genomes/results/BUSCO_Results/GCF_013340165.1/BUSCO_results/full_table.tsv
    jobid: 37
    wildcards: Genome_ID=GCF_013340165.1

Submitted job 37 with external jobid 'Submitted batch job 3452102'.

[Thu Mar 10 09:59:46 2022]
rule BUSCO:
    input: /beegfs/data/soukkal/StageM2/Control_genomes/genomes/GCA_001014575.1.fna
    output: /beegfs/data/soukkal/StageM2/Control_genomes/results/BUSCO_Results/GCA_001014575.1/BUSCO_results/full_table.tsv
    jobid: 2
    wildcards: Genome_ID=GCA_001014575.1

Submitted job 2 with external jobid 'Submitted batch job 3452103'.

[Thu Mar 10 09:59:46 2022]
rule BUSCO:
    input: /beegfs/data/soukkal/StageM2/Control_genomes/genomes/GCA_017309665.1.fna
    output: /beegfs/data/soukkal/StageM2/Control_genomes/results/BUSCO_Results/GCA_017309665.1/BUSCO_results/full_table.tsv
    jobid: 17
    wildcards: Genome_ID=GCA_017309665.1

Submitted job 17 with external jobid 'Submitted batch job 3452104'.

[Thu Mar 10 09:59:46 2022]
rule BUSCO:
    input: /beegfs/data/soukkal/StageM2/Control_genomes/genomes/GCF_000001215.4.fna
    output: /beegfs/data/soukkal/StageM2/Control_genomes/results/BUSCO_Results/GCF_000001215.4/BUSCO_results/full_table.tsv
    jobid: 31
    wildcards: Genome_ID=GCF_000001215.4

Submitted job 31 with external jobid 'Submitted batch job 3452105'.

[Thu Mar 10 09:59:46 2022]
rule BUSCO:
    input: /beegfs/data/soukkal/StageM2/Control_genomes/genomes/GCA_001735545.1.fna
    output: /beegfs/data/soukkal/StageM2/Control_genomes/results/BUSCO_Results/GCA_001735545.1/BUSCO_results/full_table.tsv
    jobid: 10
    wildcards: Genome_ID=GCA_001735545.1

Submitted job 10 with external jobid 'Submitted batch job 3452106'.

[Thu Mar 10 09:59:46 2022]
rule BUSCO:
    input: /beegfs/data/soukkal/StageM2/Control_genomes/genomes/GCA_914767935.1.fna
    output: /beegfs/data/soukkal/StageM2/Control_genomes/results/BUSCO_Results/GCA_914767935.1/BUSCO_results/full_table.tsv
    jobid: 24
    wildcards: Genome_ID=GCA_914767935.1

Submitted job 24 with external jobid 'Submitted batch job 3452107'.

[Thu Mar 10 09:59:46 2022]
rule BUSCO:
    input: /beegfs/data/soukkal/StageM2/Control_genomes/genomes/GCF_013731165.1.fna
    output: /beegfs/data/soukkal/StageM2/Control_genomes/results/BUSCO_Results/GCF_013731165.1/BUSCO_results/full_table.tsv
    jobid: 38
    wildcards: Genome_ID=GCF_013731165.1

Submitted job 38 with external jobid 'Submitted batch job 3452108'.

[Thu Mar 10 09:59:46 2022]
rule BUSCO:
    input: /beegfs/data/soukkal/StageM2/Control_genomes/genomes/GCA_001014935.1.fna
    output: /beegfs/data/soukkal/StageM2/Control_genomes/results/BUSCO_Results/GCA_001014935.1/BUSCO_results/full_table.tsv
    jobid: 4
    wildcards: Genome_ID=GCA_001014935.1

Submitted job 4 with external jobid 'Submitted batch job 3452109'.

[Thu Mar 10 09:59:46 2022]
rule BUSCO:
    input: /beegfs/data/soukkal/StageM2/Control_genomes/genomes/GCA_019455685.1.fna
    output: /beegfs/data/soukkal/StageM2/Control_genomes/results/BUSCO_Results/GCA_019455685.1/BUSCO_results/full_table.tsv
    jobid: 18
    wildcards: Genome_ID=GCA_019455685.1

Submitted job 18 with external jobid 'Submitted batch job 3452110'.

[Thu Mar 10 09:59:46 2022]
rule BUSCO:
    input: /beegfs/data/soukkal/StageM2/Control_genomes/genomes/GCF_000347755.3.fna
    output: /beegfs/data/soukkal/StageM2/Control_genomes/results/BUSCO_Results/GCF_000347755.3/BUSCO_results/full_table.tsv
    jobid: 32
    wildcards: Genome_ID=GCF_000347755.3

Submitted job 32 with external jobid 'Submitted batch job 3452111'.

[Thu Mar 10 09:59:46 2022]
rule BUSCO:
    input: /beegfs/data/soukkal/StageM2/Control_genomes/genomes/GCA_003055125.1.fna
    output: /beegfs/data/soukkal/StageM2/Control_genomes/results/BUSCO_Results/GCA_003055125.1/BUSCO_results/full_table.tsv
    jobid: 11
    wildcards: Genome_ID=GCA_003055125.1

Submitted job 11 with external jobid 'Submitted batch job 3452112'.

[Thu Mar 10 09:59:46 2022]
rule BUSCO:
    input: /beegfs/data/soukkal/StageM2/Control_genomes/genomes/GCA_916048285.2.fna
    output: /beegfs/data/soukkal/StageM2/Control_genomes/results/BUSCO_Results/GCA_916048285.2/BUSCO_results/full_table.tsv
    jobid: 25
    wildcards: Genome_ID=GCA_916048285.2

Submitted job 25 with external jobid 'Submitted batch job 3452113'.

[Thu Mar 10 09:59:46 2022]
rule BUSCO:
    input: /beegfs/data/soukkal/StageM2/Control_genomes/genomes/GCF_014805625.1.fna
    output: /beegfs/data/soukkal/StageM2/Control_genomes/results/BUSCO_Results/GCF_014805625.1/BUSCO_results/full_table.tsv
    jobid: 39
    wildcards: Genome_ID=GCF_014805625.1

Submitted job 39 with external jobid 'Submitted batch job 3452114'.

[Thu Mar 10 09:59:46 2022]
rule BUSCO:
    input: /beegfs/data/soukkal/StageM2/Control_genomes/genomes/GCA_003952975.1.fna
    output: /beegfs/data/soukkal/StageM2/Control_genomes/results/BUSCO_Results/GCA_003952975.1/BUSCO_results/full_table.tsv
    jobid: 13
    wildcards: Genome_ID=GCA_003952975.1

Submitted job 13 with external jobid 'Submitted batch job 3452115'.

[Thu Mar 10 09:59:46 2022]
rule BUSCO:
    input: /beegfs/data/soukkal/StageM2/Control_genomes/genomes/GCA_001015075.1.fna
    output: /beegfs/data/soukkal/StageM2/Control_genomes/results/BUSCO_Results/GCA_001015075.1/BUSCO_results/full_table.tsv
    jobid: 5
    wildcards: Genome_ID=GCA_001015075.1

Submitted job 5 with external jobid 'Submitted batch job 3452116'.

[Thu Mar 10 09:59:46 2022]
rule BUSCO:
    input: /beegfs/data/soukkal/StageM2/Control_genomes/genomes/GCA_020466095.1.fna
    output: /beegfs/data/soukkal/StageM2/Control_genomes/results/BUSCO_Results/GCA_020466095.1/BUSCO_results/full_table.tsv
    jobid: 19
    wildcards: Genome_ID=GCA_020466095.1

Submitted job 19 with external jobid 'Submitted batch job 3452117'.

[Thu Mar 10 09:59:46 2022]
rule BUSCO:
    input: /beegfs/data/soukkal/StageM2/Control_genomes/genomes/GCF_000699065.1.fna
    output: /beegfs/data/soukkal/StageM2/Control_genomes/results/BUSCO_Results/GCF_000699065.1/BUSCO_results/full_table.tsv
    jobid: 33
    wildcards: Genome_ID=GCF_000699065.1

Submitted job 33 with external jobid 'Submitted batch job 3452118'.

[Thu Mar 10 09:59:47 2022]
rule BUSCO:
    input: /beegfs/data/soukkal/StageM2/Control_genomes/genomes/GCA_003123925.1.fna
    output: /beegfs/data/soukkal/StageM2/Control_genomes/results/BUSCO_Results/GCA_003123925.1/BUSCO_results/full_table.tsv
    jobid: 12
    wildcards: Genome_ID=GCA_003123925.1

Submitted job 12 with external jobid 'Submitted batch job 3452119'.

[Thu Mar 10 09:59:47 2022]
rule BUSCO:
    input: /beegfs/data/soukkal/StageM2/Control_genomes/genomes/GCA_916050605.2.fna
    output: /beegfs/data/soukkal/StageM2/Control_genomes/results/BUSCO_Results/GCA_916050605.2/BUSCO_results/full_table.tsv
    jobid: 26
    wildcards: Genome_ID=GCA_916050605.2

Submitted job 26 with external jobid 'Submitted batch job 3452120'.

[Thu Mar 10 09:59:47 2022]
rule BUSCO:
    input: /beegfs/data/soukkal/StageM2/Control_genomes/genomes/GCF_016617805.1.fna
    output: /beegfs/data/soukkal/StageM2/Control_genomes/results/BUSCO_Results/GCF_016617805.1/BUSCO_results/full_table.tsv
    jobid: 40
    wildcards: Genome_ID=GCF_016617805.1

Submitted job 40 with external jobid 'Submitted batch job 3452121'.

[Thu Mar 10 09:59:47 2022]
rule BUSCO:
    input: /beegfs/data/soukkal/StageM2/Control_genomes/genomes/GCA_917880715.2.fna
    output: /beegfs/data/soukkal/StageM2/Control_genomes/results/BUSCO_Results/GCA_917880715.2/BUSCO_results/full_table.tsv
    jobid: 27
    wildcards: Genome_ID=GCA_917880715.2

Submitted job 27 with external jobid 'Submitted batch job 3452122'.
[Thu Mar 10 10:00:09 2022]
Error in rule BUSCO:
    jobid: 34
    output: /beegfs/data/soukkal/StageM2/Control_genomes/results/BUSCO_Results/GCF_001015335.1/BUSCO_results/full_table.tsv
    shell:
        
     hostname
     cd /beegfs/data/soukkal/StageM2/Control_genomes/results/BUSCO_Results/GCF_001015335.1/
     /beegfs/data/soft/singularity-3.7.2/bin/singularity exec --bind /beegfs/:/beegfs/ /beegfs/data/soukkal/TOOLS/BUSCO.sif busco -i /beegfs/data/soukkal/StageM2/Control_genomes/genomes/GCF_001015335.1.fna  -l arthropoda_odb10 -m genome -o BUSCO_results -c 3-f
     
        (one of the commands exited with non-zero exit code; note that snakemake uses bash strict mode!)
    cluster_jobid: Submitted batch job 3452083

Error executing rule BUSCO on cluster (jobid: 34, external: Submitted batch job 3452083, jobscript: /beegfs/data/soukkal/StageM2/Scripts/BUSCO_jobs/.snakemake/tmp.zlagvufs/snakejob.BUSCO.34.sh). For error details see the cluster log and the log files of the involved rule(s).
[Thu Mar 10 10:00:09 2022]
Error in rule BUSCO:
    jobid: 20
    output: /beegfs/data/soukkal/StageM2/Control_genomes/results/BUSCO_Results/GCA_021234595.1/BUSCO_results/full_table.tsv
    shell:
        
     hostname
     cd /beegfs/data/soukkal/StageM2/Control_genomes/results/BUSCO_Results/GCA_021234595.1/
     /beegfs/data/soft/singularity-3.7.2/bin/singularity exec --bind /beegfs/:/beegfs/ /beegfs/data/soukkal/TOOLS/BUSCO.sif busco -i /beegfs/data/soukkal/StageM2/Control_genomes/genomes/GCA_021234595.1.fna  -l arthropoda_odb10 -m genome -o BUSCO_results -c 3-f
     
        (one of the commands exited with non-zero exit code; note that snakemake uses bash strict mode!)
    cluster_jobid: Submitted batch job 3452084

Error executing rule BUSCO on cluster (jobid: 20, external: Submitted batch job 3452084, jobscript: /beegfs/data/soukkal/StageM2/Scripts/BUSCO_jobs/.snakemake/tmp.zlagvufs/snakejob.BUSCO.20.sh). For error details see the cluster log and the log files of the involved rule(s).
[Thu Mar 10 10:00:49 2022]
Error in rule BUSCO:
    jobid: 6
    output: /beegfs/data/soukkal/StageM2/Control_genomes/results/BUSCO_Results/GCA_001015115.1/BUSCO_results/full_table.tsv
    shell:
        
     hostname
     cd /beegfs/data/soukkal/StageM2/Control_genomes/results/BUSCO_Results/GCA_001015115.1/
     /beegfs/data/soft/singularity-3.7.2/bin/singularity exec --bind /beegfs/:/beegfs/ /beegfs/data/soukkal/TOOLS/BUSCO.sif busco -i /beegfs/data/soukkal/StageM2/Control_genomes/genomes/GCA_001015115.1.fna  -l arthropoda_odb10 -m genome -o BUSCO_results -c 3-f
     
        (one of the commands exited with non-zero exit code; note that snakemake uses bash strict mode!)
    cluster_jobid: Submitted batch job 3452085

Error executing rule BUSCO on cluster (jobid: 6, external: Submitted batch job 3452085, jobscript: /beegfs/data/soukkal/StageM2/Scripts/BUSCO_jobs/.snakemake/tmp.zlagvufs/snakejob.BUSCO.6.sh). For error details see the cluster log and the log files of the involved rule(s).
[Thu Mar 10 10:00:49 2022]
Error in rule BUSCO:
    jobid: 14
    output: /beegfs/data/soukkal/StageM2/Control_genomes/results/BUSCO_Results/GCA_004302925.1/BUSCO_results/full_table.tsv
    shell:
        
     hostname
     cd /beegfs/data/soukkal/StageM2/Control_genomes/results/BUSCO_Results/GCA_004302925.1/
     /beegfs/data/soft/singularity-3.7.2/bin/singularity exec --bind /beegfs/:/beegfs/ /beegfs/data/soukkal/TOOLS/BUSCO.sif busco -i /beegfs/data/soukkal/StageM2/Control_genomes/genomes/GCA_004302925.1.fna  -l arthropoda_odb10 -m genome -o BUSCO_results -c 3-f
     
        (one of the commands exited with non-zero exit code; note that snakemake uses bash strict mode!)
    cluster_jobid: Submitted batch job 3452086

Error executing rule BUSCO on cluster (jobid: 14, external: Submitted batch job 3452086, jobscript: /beegfs/data/soukkal/StageM2/Scripts/BUSCO_jobs/.snakemake/tmp.zlagvufs/snakejob.BUSCO.14.sh). For error details see the cluster log and the log files of the involved rule(s).
[Thu Mar 10 10:01:15 2022]
Error in rule BUSCO:
    jobid: 28
    output: /beegfs/data/soukkal/StageM2/Control_genomes/results/BUSCO_Results/GCA_920104205.1/BUSCO_results/full_table.tsv
    shell:
        
     hostname
     cd /beegfs/data/soukkal/StageM2/Control_genomes/results/BUSCO_Results/GCA_920104205.1/
     /beegfs/data/soft/singularity-3.7.2/bin/singularity exec --bind /beegfs/:/beegfs/ /beegfs/data/soukkal/TOOLS/BUSCO.sif busco -i /beegfs/data/soukkal/StageM2/Control_genomes/genomes/GCA_920104205.1.fna  -l arthropoda_odb10 -m genome -o BUSCO_results -c 3-f
     
        (one of the commands exited with non-zero exit code; note that snakemake uses bash strict mode!)
    cluster_jobid: Submitted batch job 3452087

Error executing rule BUSCO on cluster (jobid: 28, external: Submitted batch job 3452087, jobscript: /beegfs/data/soukkal/StageM2/Scripts/BUSCO_jobs/.snakemake/tmp.zlagvufs/snakejob.BUSCO.28.sh). For error details see the cluster log and the log files of the involved rule(s).
[Thu Mar 10 10:01:15 2022]
Error in rule BUSCO:
    jobid: 7
    output: /beegfs/data/soukkal/StageM2/Control_genomes/results/BUSCO_Results/GCA_001015175.1/BUSCO_results/full_table.tsv
    shell:
        
     hostname
     cd /beegfs/data/soukkal/StageM2/Control_genomes/results/BUSCO_Results/GCA_001015175.1/
     /beegfs/data/soft/singularity-3.7.2/bin/singularity exec --bind /beegfs/:/beegfs/ /beegfs/data/soukkal/TOOLS/BUSCO.sif busco -i /beegfs/data/soukkal/StageM2/Control_genomes/genomes/GCA_001015175.1.fna  -l arthropoda_odb10 -m genome -o BUSCO_results -c 3-f
     
        (one of the commands exited with non-zero exit code; note that snakemake uses bash strict mode!)
    cluster_jobid: Submitted batch job 3452088

Error executing rule BUSCO on cluster (jobid: 7, external: Submitted batch job 3452088, jobscript: /beegfs/data/soukkal/StageM2/Scripts/BUSCO_jobs/.snakemake/tmp.zlagvufs/snakejob.BUSCO.7.sh). For error details see the cluster log and the log files of the involved rule(s).
[Thu Mar 10 10:01:41 2022]
Error in rule BUSCO:
    jobid: 21
    output: /beegfs/data/soukkal/StageM2/Control_genomes/results/BUSCO_Results/GCA_905231855.2/BUSCO_results/full_table.tsv
    shell:
        
     hostname
     cd /beegfs/data/soukkal/StageM2/Control_genomes/results/BUSCO_Results/GCA_905231855.2/
     /beegfs/data/soft/singularity-3.7.2/bin/singularity exec --bind /beegfs/:/beegfs/ /beegfs/data/soukkal/TOOLS/BUSCO.sif busco -i /beegfs/data/soukkal/StageM2/Control_genomes/genomes/GCA_905231855.2.fna  -l arthropoda_odb10 -m genome -o BUSCO_results -c 3-f
     
        (one of the commands exited with non-zero exit code; note that snakemake uses bash strict mode!)
    cluster_jobid: Submitted batch job 3452089

Error executing rule BUSCO on cluster (jobid: 21, external: Submitted batch job 3452089, jobscript: /beegfs/data/soukkal/StageM2/Scripts/BUSCO_jobs/.snakemake/tmp.zlagvufs/snakejob.BUSCO.21.sh). For error details see the cluster log and the log files of the involved rule(s).
[Thu Mar 10 10:01:41 2022]
Error in rule BUSCO:
    jobid: 35
    output: /beegfs/data/soukkal/StageM2/Control_genomes/results/BUSCO_Results/GCF_002237135.1/BUSCO_results/full_table.tsv
    shell:
        
     hostname
     cd /beegfs/data/soukkal/StageM2/Control_genomes/results/BUSCO_Results/GCF_002237135.1/
     /beegfs/data/soft/singularity-3.7.2/bin/singularity exec --bind /beegfs/:/beegfs/ /beegfs/data/soukkal/TOOLS/BUSCO.sif busco -i /beegfs/data/soukkal/StageM2/Control_genomes/genomes/GCF_002237135.1.fna  -l arthropoda_odb10 -m genome -o BUSCO_results -c 3-f
     
        (one of the commands exited with non-zero exit code; note that snakemake uses bash strict mode!)
    cluster_jobid: Submitted batch job 3452090

Error executing rule BUSCO on cluster (jobid: 35, external: Submitted batch job 3452090, jobscript: /beegfs/data/soukkal/StageM2/Scripts/BUSCO_jobs/.snakemake/tmp.zlagvufs/snakejob.BUSCO.35.sh). For error details see the cluster log and the log files of the involved rule(s).
[Thu Mar 10 10:02:20 2022]
Error in rule BUSCO:
    jobid: 1
    output: /beegfs/data/soukkal/StageM2/Control_genomes/results/BUSCO_Results/GCA_001014415.1/BUSCO_results/full_table.tsv
    shell:
        
     hostname
     cd /beegfs/data/soukkal/StageM2/Control_genomes/results/BUSCO_Results/GCA_001014415.1/
     /beegfs/data/soft/singularity-3.7.2/bin/singularity exec --bind /beegfs/:/beegfs/ /beegfs/data/soukkal/TOOLS/BUSCO.sif busco -i /beegfs/data/soukkal/StageM2/Control_genomes/genomes/GCA_001014415.1.fna  -l arthropoda_odb10 -m genome -o BUSCO_results -c 3-f
     
        (one of the commands exited with non-zero exit code; note that snakemake uses bash strict mode!)
    cluster_jobid: Submitted batch job 3452091

Error executing rule BUSCO on cluster (jobid: 1, external: Submitted batch job 3452091, jobscript: /beegfs/data/soukkal/StageM2/Scripts/BUSCO_jobs/.snakemake/tmp.zlagvufs/snakejob.BUSCO.1.sh). For error details see the cluster log and the log files of the involved rule(s).
[Thu Mar 10 10:02:20 2022]
Error in rule BUSCO:
    jobid: 29
    output: /beegfs/data/soukkal/StageM2/Control_genomes/results/BUSCO_Results/GCA_920105625.1/BUSCO_results/full_table.tsv
    shell:
        
     hostname
     cd /beegfs/data/soukkal/StageM2/Control_genomes/results/BUSCO_Results/GCA_920105625.1/
     /beegfs/data/soft/singularity-3.7.2/bin/singularity exec --bind /beegfs/:/beegfs/ /beegfs/data/soukkal/TOOLS/BUSCO.sif busco -i /beegfs/data/soukkal/StageM2/Control_genomes/genomes/GCA_920105625.1.fna  -l arthropoda_odb10 -m genome -o BUSCO_results -c 3-f
     
        (one of the commands exited with non-zero exit code; note that snakemake uses bash strict mode!)
    cluster_jobid: Submitted batch job 3452092

Error executing rule BUSCO on cluster (jobid: 29, external: Submitted batch job 3452092, jobscript: /beegfs/data/soukkal/StageM2/Scripts/BUSCO_jobs/.snakemake/tmp.zlagvufs/snakejob.BUSCO.29.sh). For error details see the cluster log and the log files of the involved rule(s).
[Thu Mar 10 10:02:46 2022]
Error in rule BUSCO:
    jobid: 15
    output: /beegfs/data/soukkal/StageM2/Control_genomes/results/BUSCO_Results/GCA_005959815.1/BUSCO_results/full_table.tsv
    shell:
        
     hostname
     cd /beegfs/data/soukkal/StageM2/Control_genomes/results/BUSCO_Results/GCA_005959815.1/
     /beegfs/data/soft/singularity-3.7.2/bin/singularity exec --bind /beegfs/:/beegfs/ /beegfs/data/soukkal/TOOLS/BUSCO.sif busco -i /beegfs/data/soukkal/StageM2/Control_genomes/genomes/GCA_005959815.1.fna  -l arthropoda_odb10 -m genome -o BUSCO_results -c 3-f
     
        (one of the commands exited with non-zero exit code; note that snakemake uses bash strict mode!)
    cluster_jobid: Submitted batch job 3452093

Error executing rule BUSCO on cluster (jobid: 15, external: Submitted batch job 3452093, jobscript: /beegfs/data/soukkal/StageM2/Scripts/BUSCO_jobs/.snakemake/tmp.zlagvufs/snakejob.BUSCO.15.sh). For error details see the cluster log and the log files of the involved rule(s).
[Thu Mar 10 10:02:46 2022]
Error in rule BUSCO:
    jobid: 8
    output: /beegfs/data/soukkal/StageM2/Control_genomes/results/BUSCO_Results/GCA_001017275.1/BUSCO_results/full_table.tsv
    shell:
        
     hostname
     cd /beegfs/data/soukkal/StageM2/Control_genomes/results/BUSCO_Results/GCA_001017275.1/
     /beegfs/data/soft/singularity-3.7.2/bin/singularity exec --bind /beegfs/:/beegfs/ /beegfs/data/soukkal/TOOLS/BUSCO.sif busco -i /beegfs/data/soukkal/StageM2/Control_genomes/genomes/GCA_001017275.1.fna  -l arthropoda_odb10 -m genome -o BUSCO_results -c 3-f
     
        (one of the commands exited with non-zero exit code; note that snakemake uses bash strict mode!)
    cluster_jobid: Submitted batch job 3452094

Error executing rule BUSCO on cluster (jobid: 8, external: Submitted batch job 3452094, jobscript: /beegfs/data/soukkal/StageM2/Scripts/BUSCO_jobs/.snakemake/tmp.zlagvufs/snakejob.BUSCO.8.sh). For error details see the cluster log and the log files of the involved rule(s).
Will exit after finishing currently running jobs.
