Building DAG of jobs...
Using shell: /usr/bin/bash
Provided cluster nodes: 8000
Job counts:
	count	jobs
	40	Sum
	1	all
	41

[Mon Mar 14 13:48:23 2022]
rule Sum:
    input: /beegfs/data/soukkal/StageM2/Control_genomes/results/Stat_Results/GCF_013731165.1/BUSCO_results/run_arthropoda_odb10/full_table.tsv
    output: /beegfs/data/soukkal/StageM2/Control_genomes/results/Stat_Results/GCF_013731165.1/BUSCO_results/Sum_table_GCF_013731165.1.txt
    jobid: 118
    wildcards: Genome_ID=GCF_013731165.1

Submitted job 118 with external jobid 'Submitted batch job 3454299'.

[Mon Mar 14 13:48:23 2022]
rule Sum:
    input: /beegfs/data/soukkal/StageM2/Control_genomes/results/Stat_Results/GCA_001735545.1/BUSCO_results/run_arthropoda_odb10/full_table.tsv
    output: /beegfs/data/soukkal/StageM2/Control_genomes/results/Stat_Results/GCA_001735545.1/BUSCO_results/Sum_table_GCA_001735545.1.txt
    jobid: 90
    wildcards: Genome_ID=GCA_001735545.1

Submitted job 90 with external jobid 'Submitted batch job 3454300'.

[Mon Mar 14 13:48:23 2022]
rule Sum:
    input: /beegfs/data/soukkal/StageM2/Control_genomes/results/Stat_Results/GCA_914767935.1/BUSCO_results/run_arthropoda_odb10/full_table.tsv
    output: /beegfs/data/soukkal/StageM2/Control_genomes/results/Stat_Results/GCA_914767935.1/BUSCO_results/Sum_table_GCA_914767935.1.txt
    jobid: 104
    wildcards: Genome_ID=GCA_914767935.1

Submitted job 104 with external jobid 'Submitted batch job 3454301'.

[Mon Mar 14 13:48:23 2022]
rule Sum:
    input: /beegfs/data/soukkal/StageM2/Control_genomes/results/Stat_Results/GCA_019455685.1/BUSCO_results/run_arthropoda_odb10/full_table.tsv
    output: /beegfs/data/soukkal/StageM2/Control_genomes/results/Stat_Results/GCA_019455685.1/BUSCO_results/Sum_table_GCA_019455685.1.txt
    jobid: 98
    wildcards: Genome_ID=GCA_019455685.1

Submitted job 98 with external jobid 'Submitted batch job 3454302'.

[Mon Mar 14 13:48:23 2022]
rule Sum:
    input: /beegfs/data/soukkal/StageM2/Control_genomes/results/Stat_Results/GCA_001014935.1/BUSCO_results/run_arthropoda_odb10/full_table.tsv
    output: /beegfs/data/soukkal/StageM2/Control_genomes/results/Stat_Results/GCA_001014935.1/BUSCO_results/Sum_table_GCA_001014935.1.txt
    jobid: 84
    wildcards: Genome_ID=GCA_001014935.1

Submitted job 84 with external jobid 'Submitted batch job 3454303'.

[Mon Mar 14 13:48:23 2022]
rule Sum:
    input: /beegfs/data/soukkal/StageM2/Control_genomes/results/Stat_Results/GCF_000347755.3/BUSCO_results/run_arthropoda_odb10/full_table.tsv
    output: /beegfs/data/soukkal/StageM2/Control_genomes/results/Stat_Results/GCF_000347755.3/BUSCO_results/Sum_table_GCF_000347755.3.txt
    jobid: 112
    wildcards: Genome_ID=GCF_000347755.3

Submitted job 112 with external jobid 'Submitted batch job 3454304'.

[Mon Mar 14 13:48:23 2022]
rule Sum:
    input: /beegfs/data/soukkal/StageM2/Control_genomes/results/Stat_Results/GCA_003055125.1/BUSCO_results/run_arthropoda_odb10/full_table.tsv
    output: /beegfs/data/soukkal/StageM2/Control_genomes/results/Stat_Results/GCA_003055125.1/BUSCO_results/Sum_table_GCA_003055125.1.txt
    jobid: 91
    wildcards: Genome_ID=GCA_003055125.1

Submitted job 91 with external jobid 'Submitted batch job 3454305'.

[Mon Mar 14 13:48:23 2022]
rule Sum:
    input: /beegfs/data/soukkal/StageM2/Control_genomes/results/Stat_Results/GCA_916048285.2/BUSCO_results/run_arthropoda_odb10/full_table.tsv
    output: /beegfs/data/soukkal/StageM2/Control_genomes/results/Stat_Results/GCA_916048285.2/BUSCO_results/Sum_table_GCA_916048285.2.txt
    jobid: 105
    wildcards: Genome_ID=GCA_916048285.2

Submitted job 105 with external jobid 'Submitted batch job 3454306'.

[Mon Mar 14 13:48:23 2022]
rule Sum:
    input: /beegfs/data/soukkal/StageM2/Control_genomes/results/Stat_Results/GCF_014805625.1/BUSCO_results/run_arthropoda_odb10/full_table.tsv
    output: /beegfs/data/soukkal/StageM2/Control_genomes/results/Stat_Results/GCF_014805625.1/BUSCO_results/Sum_table_GCF_014805625.1.txt
    jobid: 119
    wildcards: Genome_ID=GCF_014805625.1

Submitted job 119 with external jobid 'Submitted batch job 3454307'.

[Mon Mar 14 13:48:23 2022]
rule Sum:
    input: /beegfs/data/soukkal/StageM2/Control_genomes/results/Stat_Results/GCF_000699065.1/BUSCO_results/run_arthropoda_odb10/full_table.tsv
    output: /beegfs/data/soukkal/StageM2/Control_genomes/results/Stat_Results/GCF_000699065.1/BUSCO_results/Sum_table_GCF_000699065.1.txt
    jobid: 113
    wildcards: Genome_ID=GCF_000699065.1

Submitted job 113 with external jobid 'Submitted batch job 3454308'.

[Mon Mar 14 13:48:23 2022]
rule Sum:
    input: /beegfs/data/soukkal/StageM2/Control_genomes/results/Stat_Results/GCA_001015075.1/BUSCO_results/run_arthropoda_odb10/full_table.tsv
    output: /beegfs/data/soukkal/StageM2/Control_genomes/results/Stat_Results/GCA_001015075.1/BUSCO_results/Sum_table_GCA_001015075.1.txt
    jobid: 85
    wildcards: Genome_ID=GCA_001015075.1

Submitted job 85 with external jobid 'Submitted batch job 3454309'.

[Mon Mar 14 13:48:23 2022]
rule Sum:
    input: /beegfs/data/soukkal/StageM2/Control_genomes/results/Stat_Results/GCA_020466095.1/BUSCO_results/run_arthropoda_odb10/full_table.tsv
    output: /beegfs/data/soukkal/StageM2/Control_genomes/results/Stat_Results/GCA_020466095.1/BUSCO_results/Sum_table_GCA_020466095.1.txt
    jobid: 99
    wildcards: Genome_ID=GCA_020466095.1

Submitted job 99 with external jobid 'Submitted batch job 3454310'.

[Mon Mar 14 13:48:23 2022]
rule Sum:
    input: /beegfs/data/soukkal/StageM2/Control_genomes/results/Stat_Results/GCA_017309665.1/BUSCO_results/run_arthropoda_odb10/full_table.tsv
    output: /beegfs/data/soukkal/StageM2/Control_genomes/results/Stat_Results/GCA_017309665.1/BUSCO_results/Sum_table_GCA_017309665.1.txt
    jobid: 97
    wildcards: Genome_ID=GCA_017309665.1

Submitted job 97 with external jobid 'Submitted batch job 3454311'.

[Mon Mar 14 13:48:23 2022]
rule Sum:
    input: /beegfs/data/soukkal/StageM2/Control_genomes/results/Stat_Results/GCA_003123925.1/BUSCO_results/run_arthropoda_odb10/full_table.tsv
    output: /beegfs/data/soukkal/StageM2/Control_genomes/results/Stat_Results/GCA_003123925.1/BUSCO_results/Sum_table_GCA_003123925.1.txt
    jobid: 92
    wildcards: Genome_ID=GCA_003123925.1

Submitted job 92 with external jobid 'Submitted batch job 3454312'.

[Mon Mar 14 13:48:23 2022]
rule Sum:
    input: /beegfs/data/soukkal/StageM2/Control_genomes/results/Stat_Results/GCA_916050605.2/BUSCO_results/run_arthropoda_odb10/full_table.tsv
    output: /beegfs/data/soukkal/StageM2/Control_genomes/results/Stat_Results/GCA_916050605.2/BUSCO_results/Sum_table_GCA_916050605.2.txt
    jobid: 106
    wildcards: Genome_ID=GCA_916050605.2

Submitted job 106 with external jobid 'Submitted batch job 3454313'.

[Mon Mar 14 13:48:23 2022]
rule Sum:
    input: /beegfs/data/soukkal/StageM2/Control_genomes/results/Stat_Results/GCF_016617805.1/BUSCO_results/run_arthropoda_odb10/full_table.tsv
    output: /beegfs/data/soukkal/StageM2/Control_genomes/results/Stat_Results/GCF_016617805.1/BUSCO_results/Sum_table_GCF_016617805.1.txt
    jobid: 120
    wildcards: Genome_ID=GCF_016617805.1

Submitted job 120 with external jobid 'Submitted batch job 3454314'.

[Mon Mar 14 13:48:23 2022]
rule Sum:
    input: /beegfs/data/soukkal/StageM2/Control_genomes/results/Stat_Results/GCA_001015115.1/BUSCO_results/run_arthropoda_odb10/full_table.tsv
    output: /beegfs/data/soukkal/StageM2/Control_genomes/results/Stat_Results/GCA_001015115.1/BUSCO_results/Sum_table_GCA_001015115.1.txt
    jobid: 86
    wildcards: Genome_ID=GCA_001015115.1

Submitted job 86 with external jobid 'Submitted batch job 3454315'.

[Mon Mar 14 13:48:23 2022]
rule Sum:
    input: /beegfs/data/soukkal/StageM2/Control_genomes/results/Stat_Results/GCA_021234595.1/BUSCO_results/run_arthropoda_odb10/full_table.tsv
    output: /beegfs/data/soukkal/StageM2/Control_genomes/results/Stat_Results/GCA_021234595.1/BUSCO_results/Sum_table_GCA_021234595.1.txt
    jobid: 100
    wildcards: Genome_ID=GCA_021234595.1

Submitted job 100 with external jobid 'Submitted batch job 3454316'.

[Mon Mar 14 13:48:23 2022]
rule Sum:
    input: /beegfs/data/soukkal/StageM2/Control_genomes/results/Stat_Results/GCF_001015335.1/BUSCO_results/run_arthropoda_odb10/full_table.tsv
    output: /beegfs/data/soukkal/StageM2/Control_genomes/results/Stat_Results/GCF_001015335.1/BUSCO_results/Sum_table_GCF_001015335.1.txt
    jobid: 114
    wildcards: Genome_ID=GCF_001015335.1

Submitted job 114 with external jobid 'Submitted batch job 3454317'.

[Mon Mar 14 13:48:24 2022]
rule Sum:
    input: /beegfs/data/soukkal/StageM2/Control_genomes/results/Stat_Results/GCA_003952975.1/BUSCO_results/run_arthropoda_odb10/full_table.tsv
    output: /beegfs/data/soukkal/StageM2/Control_genomes/results/Stat_Results/GCA_003952975.1/BUSCO_results/Sum_table_GCA_003952975.1.txt
    jobid: 93
    wildcards: Genome_ID=GCA_003952975.1

Submitted job 93 with external jobid 'Submitted batch job 3454318'.

[Mon Mar 14 13:48:24 2022]
rule Sum:
    input: /beegfs/data/soukkal/StageM2/Control_genomes/results/Stat_Results/GCA_917880715.2/BUSCO_results/run_arthropoda_odb10/full_table.tsv
    output: /beegfs/data/soukkal/StageM2/Control_genomes/results/Stat_Results/GCA_917880715.2/BUSCO_results/Sum_table_GCA_917880715.2.txt
    jobid: 107
    wildcards: Genome_ID=GCA_917880715.2

Submitted job 107 with external jobid 'Submitted batch job 3454319'.

[Mon Mar 14 13:48:24 2022]
rule Sum:
    input: /beegfs/data/soukkal/StageM2/Control_genomes/results/Stat_Results/GCA_001015175.1/BUSCO_results/run_arthropoda_odb10/full_table.tsv
    output: /beegfs/data/soukkal/StageM2/Control_genomes/results/Stat_Results/GCA_001015175.1/BUSCO_results/Sum_table_GCA_001015175.1.txt
    jobid: 87
    wildcards: Genome_ID=GCA_001015175.1

Submitted job 87 with external jobid 'Submitted batch job 3454320'.

[Mon Mar 14 13:48:24 2022]
rule Sum:
    input: /beegfs/data/soukkal/StageM2/Control_genomes/results/Stat_Results/GCA_905231855.2/BUSCO_results/run_arthropoda_odb10/full_table.tsv
    output: /beegfs/data/soukkal/StageM2/Control_genomes/results/Stat_Results/GCA_905231855.2/BUSCO_results/Sum_table_GCA_905231855.2.txt
    jobid: 101
    wildcards: Genome_ID=GCA_905231855.2

Submitted job 101 with external jobid 'Submitted batch job 3454321'.

[Mon Mar 14 13:48:24 2022]
rule Sum:
    input: /beegfs/data/soukkal/StageM2/Control_genomes/results/Stat_Results/GCF_002237135.1/BUSCO_results/run_arthropoda_odb10/full_table.tsv
    output: /beegfs/data/soukkal/StageM2/Control_genomes/results/Stat_Results/GCF_002237135.1/BUSCO_results/Sum_table_GCF_002237135.1.txt
    jobid: 115
    wildcards: Genome_ID=GCF_002237135.1

Submitted job 115 with external jobid 'Submitted batch job 3454322'.

[Mon Mar 14 13:48:24 2022]
rule Sum:
    input: /beegfs/data/soukkal/StageM2/Control_genomes/results/Stat_Results/GCA_004302925.1/BUSCO_results/run_arthropoda_odb10/full_table.tsv
    output: /beegfs/data/soukkal/StageM2/Control_genomes/results/Stat_Results/GCA_004302925.1/BUSCO_results/Sum_table_GCA_004302925.1.txt
    jobid: 94
    wildcards: Genome_ID=GCA_004302925.1

Submitted job 94 with external jobid 'Submitted batch job 3454323'.

[Mon Mar 14 13:48:24 2022]
rule Sum:
    input: /beegfs/data/soukkal/StageM2/Control_genomes/results/Stat_Results/GCA_920104205.1/BUSCO_results/run_arthropoda_odb10/full_table.tsv
    output: /beegfs/data/soukkal/StageM2/Control_genomes/results/Stat_Results/GCA_920104205.1/BUSCO_results/Sum_table_GCA_920104205.1.txt
    jobid: 108
    wildcards: Genome_ID=GCA_920104205.1

Submitted job 108 with external jobid 'Submitted batch job 3454324'.

[Mon Mar 14 13:48:24 2022]
rule Sum:
    input: /beegfs/data/soukkal/StageM2/Control_genomes/results/Stat_Results/GCA_001017275.1/BUSCO_results/run_arthropoda_odb10/full_table.tsv
    output: /beegfs/data/soukkal/StageM2/Control_genomes/results/Stat_Results/GCA_001017275.1/BUSCO_results/Sum_table_GCA_001017275.1.txt
    jobid: 88
    wildcards: Genome_ID=GCA_001017275.1

Submitted job 88 with external jobid 'Submitted batch job 3454325'.

[Mon Mar 14 13:48:24 2022]
rule Sum:
    input: /beegfs/data/soukkal/StageM2/Control_genomes/results/Stat_Results/GCA_907269105.1/BUSCO_results/run_arthropoda_odb10/full_table.tsv
    output: /beegfs/data/soukkal/StageM2/Control_genomes/results/Stat_Results/GCA_907269105.1/BUSCO_results/Sum_table_GCA_907269105.1.txt
    jobid: 102
    wildcards: Genome_ID=GCA_907269105.1

Submitted job 102 with external jobid 'Submitted batch job 3454326'.

[Mon Mar 14 13:48:24 2022]
rule Sum:
    input: /beegfs/data/soukkal/StageM2/Control_genomes/results/Stat_Results/GCF_009650485.1/BUSCO_results/run_arthropoda_odb10/full_table.tsv
    output: /beegfs/data/soukkal/StageM2/Control_genomes/results/Stat_Results/GCF_009650485.1/BUSCO_results/Sum_table_GCF_009650485.1.txt
    jobid: 116
    wildcards: Genome_ID=GCF_009650485.1

Submitted job 116 with external jobid 'Submitted batch job 3454327'.

[Mon Mar 14 13:48:24 2022]
rule Sum:
    input: /beegfs/data/soukkal/StageM2/Control_genomes/results/Stat_Results/GCA_005959815.1/BUSCO_results/run_arthropoda_odb10/full_table.tsv
    output: /beegfs/data/soukkal/StageM2/Control_genomes/results/Stat_Results/GCA_005959815.1/BUSCO_results/Sum_table_GCA_005959815.1.txt
    jobid: 95
    wildcards: Genome_ID=GCA_005959815.1

Submitted job 95 with external jobid 'Submitted batch job 3454328'.

[Mon Mar 14 13:48:24 2022]
rule Sum:
    input: /beegfs/data/soukkal/StageM2/Control_genomes/results/Stat_Results/GCA_001014415.1/BUSCO_results/run_arthropoda_odb10/full_table.tsv
    output: /beegfs/data/soukkal/StageM2/Control_genomes/results/Stat_Results/GCA_001014415.1/BUSCO_results/Sum_table_GCA_001014415.1.txt
    jobid: 81
    wildcards: Genome_ID=GCA_001014415.1

Submitted job 81 with external jobid 'Submitted batch job 3454329'.

[Mon Mar 14 13:48:24 2022]
rule Sum:
    input: /beegfs/data/soukkal/StageM2/Control_genomes/results/Stat_Results/GCA_920105625.1/BUSCO_results/run_arthropoda_odb10/full_table.tsv
    output: /beegfs/data/soukkal/StageM2/Control_genomes/results/Stat_Results/GCA_920105625.1/BUSCO_results/Sum_table_GCA_920105625.1.txt
    jobid: 109
    wildcards: Genome_ID=GCA_920105625.1

Submitted job 109 with external jobid 'Submitted batch job 3454330'.

[Mon Mar 14 13:48:24 2022]
rule Sum:
    input: /beegfs/data/soukkal/StageM2/Control_genomes/results/Stat_Results/GCA_001017515.1/BUSCO_results/run_arthropoda_odb10/full_table.tsv
    output: /beegfs/data/soukkal/StageM2/Control_genomes/results/Stat_Results/GCA_001017515.1/BUSCO_results/Sum_table_GCA_001017515.1.txt
    jobid: 89
    wildcards: Genome_ID=GCA_001017515.1

Submitted job 89 with external jobid 'Submitted batch job 3454331'.

[Mon Mar 14 13:48:24 2022]
rule Sum:
    input: /beegfs/data/soukkal/StageM2/Control_genomes/results/Stat_Results/GCA_914767635.1/BUSCO_results/run_arthropoda_odb10/full_table.tsv
    output: /beegfs/data/soukkal/StageM2/Control_genomes/results/Stat_Results/GCA_914767635.1/BUSCO_results/Sum_table_GCA_914767635.1.txt
    jobid: 103
    wildcards: Genome_ID=GCA_914767635.1

Submitted job 103 with external jobid 'Submitted batch job 3454332'.

[Mon Mar 14 13:48:24 2022]
rule Sum:
    input: /beegfs/data/soukkal/StageM2/Control_genomes/results/Stat_Results/GCF_013340165.1/BUSCO_results/run_arthropoda_odb10/full_table.tsv
    output: /beegfs/data/soukkal/StageM2/Control_genomes/results/Stat_Results/GCF_013340165.1/BUSCO_results/Sum_table_GCF_013340165.1.txt
    jobid: 117
    wildcards: Genome_ID=GCF_013340165.1

Submitted job 117 with external jobid 'Submitted batch job 3454333'.

[Mon Mar 14 13:48:24 2022]
rule Sum:
    input: /beegfs/data/soukkal/StageM2/Control_genomes/results/Stat_Results/GCA_001014575.1/BUSCO_results/run_arthropoda_odb10/full_table.tsv
    output: /beegfs/data/soukkal/StageM2/Control_genomes/results/Stat_Results/GCA_001014575.1/BUSCO_results/Sum_table_GCA_001014575.1.txt
    jobid: 82
    wildcards: Genome_ID=GCA_001014575.1

Submitted job 82 with external jobid 'Submitted batch job 3454334'.

[Mon Mar 14 13:48:24 2022]
rule Sum:
    input: /beegfs/data/soukkal/StageM2/Control_genomes/results/Stat_Results/GCA_014858695.1/BUSCO_results/run_arthropoda_odb10/full_table.tsv
    output: /beegfs/data/soukkal/StageM2/Control_genomes/results/Stat_Results/GCA_014858695.1/BUSCO_results/Sum_table_GCA_014858695.1.txt
    jobid: 96
    wildcards: Genome_ID=GCA_014858695.1

Submitted job 96 with external jobid 'Submitted batch job 3454335'.

[Mon Mar 14 13:48:24 2022]
rule Sum:
    input: /beegfs/data/soukkal/StageM2/Control_genomes/results/Stat_Results/GCA_922984085.1/BUSCO_results/run_arthropoda_odb10/full_table.tsv
    output: /beegfs/data/soukkal/StageM2/Control_genomes/results/Stat_Results/GCA_922984085.1/BUSCO_results/Sum_table_GCA_922984085.1.txt
    jobid: 110
    wildcards: Genome_ID=GCA_922984085.1

Submitted job 110 with external jobid 'Submitted batch job 3454336'.

[Mon Mar 14 13:48:24 2022]
rule Sum:
    input: /beegfs/data/soukkal/StageM2/Control_genomes/results/Stat_Results/GCF_000001215.4/BUSCO_results/run_arthropoda_odb10/full_table.tsv
    output: /beegfs/data/soukkal/StageM2/Control_genomes/results/Stat_Results/GCF_000001215.4/BUSCO_results/Sum_table_GCF_000001215.4.txt
    jobid: 111
    wildcards: Genome_ID=GCF_000001215.4

Submitted job 111 with external jobid 'Submitted batch job 3454337'.

[Mon Mar 14 13:48:24 2022]
rule Sum:
    input: /beegfs/data/soukkal/StageM2/Control_genomes/results/Stat_Results/GCA_001014675.1/BUSCO_results/run_arthropoda_odb10/full_table.tsv
    output: /beegfs/data/soukkal/StageM2/Control_genomes/results/Stat_Results/GCA_001014675.1/BUSCO_results/Sum_table_GCA_001014675.1.txt
    jobid: 83
    wildcards: Genome_ID=GCA_001014675.1

Submitted job 83 with external jobid 'Submitted batch job 3454338'.
[Mon Mar 14 13:48:33 2022]
Finished job 118.
1 of 41 steps (2%) done
[Mon Mar 14 13:48:33 2022]
Finished job 90.
2 of 41 steps (5%) done
[Mon Mar 14 13:48:33 2022]
Finished job 104.
3 of 41 steps (7%) done
[Mon Mar 14 13:48:33 2022]
Finished job 98.
4 of 41 steps (10%) done
[Mon Mar 14 13:48:33 2022]
Finished job 84.
5 of 41 steps (12%) done
[Mon Mar 14 13:48:33 2022]
Finished job 112.
6 of 41 steps (15%) done
[Mon Mar 14 13:48:33 2022]
Finished job 91.
7 of 41 steps (17%) done
[Mon Mar 14 13:48:33 2022]
Finished job 105.
8 of 41 steps (20%) done
[Mon Mar 14 13:48:33 2022]
Finished job 119.
9 of 41 steps (22%) done
[Mon Mar 14 13:48:33 2022]
Finished job 113.
10 of 41 steps (24%) done
[Mon Mar 14 13:48:34 2022]
Finished job 85.
11 of 41 steps (27%) done
[Mon Mar 14 13:48:34 2022]
Finished job 99.
12 of 41 steps (29%) done
[Mon Mar 14 13:48:34 2022]
Finished job 97.
13 of 41 steps (32%) done
[Mon Mar 14 13:48:34 2022]
Finished job 92.
14 of 41 steps (34%) done
[Mon Mar 14 13:48:34 2022]
Finished job 106.
15 of 41 steps (37%) done
[Mon Mar 14 13:48:34 2022]
Finished job 120.
16 of 41 steps (39%) done
[Mon Mar 14 13:48:34 2022]
Finished job 93.
17 of 41 steps (41%) done
[Mon Mar 14 13:48:35 2022]
Finished job 107.
18 of 41 steps (44%) done
[Mon Mar 14 13:48:35 2022]
Finished job 87.
19 of 41 steps (46%) done
[Mon Mar 14 13:48:35 2022]
Finished job 101.
20 of 41 steps (49%) done
[Mon Mar 14 13:48:35 2022]
Finished job 115.
21 of 41 steps (51%) done
[Mon Mar 14 13:48:35 2022]
Finished job 94.
22 of 41 steps (54%) done
[Mon Mar 14 13:48:35 2022]
Finished job 108.
23 of 41 steps (56%) done
[Mon Mar 14 13:48:35 2022]
Finished job 88.
24 of 41 steps (59%) done
[Mon Mar 14 13:48:35 2022]
Finished job 95.
25 of 41 steps (61%) done
[Mon Mar 14 13:48:36 2022]
Finished job 81.
26 of 41 steps (63%) done
[Mon Mar 14 13:48:36 2022]
Finished job 109.
27 of 41 steps (66%) done
[Mon Mar 14 13:48:36 2022]
Finished job 89.
28 of 41 steps (68%) done
[Mon Mar 14 13:48:36 2022]
Finished job 103.
29 of 41 steps (71%) done
[Mon Mar 14 13:48:36 2022]
Finished job 117.
30 of 41 steps (73%) done
[Mon Mar 14 13:48:36 2022]
Finished job 82.
31 of 41 steps (76%) done
[Mon Mar 14 13:48:47 2022]
Finished job 86.
32 of 41 steps (78%) done
[Mon Mar 14 13:48:47 2022]
Finished job 100.
33 of 41 steps (80%) done
[Mon Mar 14 13:48:47 2022]
Finished job 114.
34 of 41 steps (83%) done
[Mon Mar 14 13:48:47 2022]
Finished job 102.
35 of 41 steps (85%) done
[Mon Mar 14 13:48:47 2022]
Finished job 116.
36 of 41 steps (88%) done
[Mon Mar 14 13:48:47 2022]
Finished job 96.
37 of 41 steps (90%) done
[Mon Mar 14 13:48:47 2022]
Error in rule Sum:
    jobid: 110
    output: /beegfs/data/soukkal/StageM2/Control_genomes/results/Stat_Results/GCA_922984085.1/BUSCO_results/Sum_table_GCA_922984085.1.txt
    shell:
        
     python3 /beegfs/data/soukkal/StageM2/Scripts/BUSCO_jobs/Busco_summary.py -sum /beegfs/data/soukkal/StageM2/Control_genomes/results/Stat_Results/GCA_922984085.1/BUSCO_results/run_arthropoda_odb10/full_table.tsv  -o /beegfs/data/soukkal/StageM2/Control_genomes/results/Stat_Results/GCA_922984085.1/BUSCO_results/Sum_table_GCA_922984085.1.txt -sp GCA_922984085.1
     cp /beegfs/data/soukkal/StageM2/Control_genomes/results/Stat_Results/GCA_922984085.1/BUSCO_results/Sum_table_GCA_922984085.1.txt /beegfs/data/soukkal/StageM2/Control_genomes/results/Stat_Results/Busco_sum/Sum_table_GCA_922984085.1.txt
     
        (one of the commands exited with non-zero exit code; note that snakemake uses bash strict mode!)
    cluster_jobid: Submitted batch job 3454336

Error executing rule Sum on cluster (jobid: 110, external: Submitted batch job 3454336, jobscript: /beegfs/data/soukkal/StageM2/Scripts/BUSCO_jobs/.snakemake/tmp._emj0swr/snakejob.Sum.110.sh). For error details see the cluster log and the log files of the involved rule(s).
[Mon Mar 14 13:48:47 2022]
Finished job 111.
38 of 41 steps (93%) done
[Mon Mar 14 13:48:47 2022]
Finished job 83.
39 of 41 steps (95%) done
Shutting down, this might take some time.
Exiting because a job execution failed. Look above for error message
Complete log: /beegfs/data/soukkal/StageM2/Scripts/BUSCO_jobs/.snakemake/log/2022-03-14T134819.858683.snakemake.log
