Building DAG of jobs...
Using shell: /usr/bin/bash
Provided cluster nodes: 8000
Job counts:
	count	jobs
	40	QUAST
	1	Sum
	1	all
	42

[Tue Mar 15 13:45:52 2022]
rule QUAST:
    input: /beegfs/data/soukkal/StageM2/Control_genomes/genomes/GCA_907269105.1.fna
    output: /beegfs/data/soukkal/StageM2/Control_genomes/results/Stat_Results/GCA_907269105.1/QUAST_results/report.tsv
    jobid: 62
    wildcards: Genome_ID=GCA_907269105.1

Submitted job 62 with external jobid 'Submitted batch job 3478253'.

[Tue Mar 15 13:45:52 2022]
rule QUAST:
    input: /beegfs/data/soukkal/StageM2/Control_genomes/genomes/GCF_009650485.1.fna
    output: /beegfs/data/soukkal/StageM2/Control_genomes/results/Stat_Results/GCF_009650485.1/QUAST_results/report.tsv
    jobid: 76
    wildcards: Genome_ID=GCF_009650485.1

Submitted job 76 with external jobid 'Submitted batch job 3478254'.

[Tue Mar 15 13:45:52 2022]
rule QUAST:
    input: /beegfs/data/soukkal/StageM2/Control_genomes/genomes/GCA_001017275.1.fna
    output: /beegfs/data/soukkal/StageM2/Control_genomes/results/Stat_Results/GCA_001017275.1/QUAST_results/report.tsv
    jobid: 48
    wildcards: Genome_ID=GCA_001017275.1

Submitted job 48 with external jobid 'Submitted batch job 3478255'.

[Tue Mar 15 13:45:52 2022]
rule QUAST:
    input: /beegfs/data/soukkal/StageM2/Control_genomes/genomes/GCA_014858695.1.fna
    output: /beegfs/data/soukkal/StageM2/Control_genomes/results/Stat_Results/GCA_014858695.1/QUAST_results/report.tsv
    jobid: 56
    wildcards: Genome_ID=GCA_014858695.1

Submitted job 56 with external jobid 'Submitted batch job 3478256'.

[Tue Mar 15 13:45:52 2022]
rule QUAST:
    input: /beegfs/data/soukkal/StageM2/Control_genomes/genomes/GCA_001014575.1.fna
    output: /beegfs/data/soukkal/StageM2/Control_genomes/results/Stat_Results/GCA_001014575.1/QUAST_results/report.tsv
    jobid: 42
    wildcards: Genome_ID=GCA_001014575.1

Submitted job 42 with external jobid 'Submitted batch job 3478257'.

[Tue Mar 15 13:45:53 2022]
rule QUAST:
    input: /beegfs/data/soukkal/StageM2/Control_genomes/genomes/GCA_922984085.1.fna
    output: /beegfs/data/soukkal/StageM2/Control_genomes/results/Stat_Results/GCA_922984085.1/QUAST_results/report.tsv
    jobid: 70
    wildcards: Genome_ID=GCA_922984085.1

Submitted job 70 with external jobid 'Submitted batch job 3478258'.

[Tue Mar 15 13:45:53 2022]
rule QUAST:
    input: /beegfs/data/soukkal/StageM2/Control_genomes/genomes/GCA_001017515.1.fna
    output: /beegfs/data/soukkal/StageM2/Control_genomes/results/Stat_Results/GCA_001017515.1/QUAST_results/report.tsv
    jobid: 49
    wildcards: Genome_ID=GCA_001017515.1

Submitted job 49 with external jobid 'Submitted batch job 3478259'.

[Tue Mar 15 13:45:53 2022]
rule QUAST:
    input: /beegfs/data/soukkal/StageM2/Control_genomes/genomes/GCA_914767635.1.fna
    output: /beegfs/data/soukkal/StageM2/Control_genomes/results/Stat_Results/GCA_914767635.1/QUAST_results/report.tsv
    jobid: 63
    wildcards: Genome_ID=GCA_914767635.1

Submitted job 63 with external jobid 'Submitted batch job 3478260'.

[Tue Mar 15 13:45:53 2022]
rule QUAST:
    input: /beegfs/data/soukkal/StageM2/Control_genomes/genomes/GCF_013340165.1.fna
    output: /beegfs/data/soukkal/StageM2/Control_genomes/results/Stat_Results/GCF_013340165.1/QUAST_results/report.tsv
    jobid: 77
    wildcards: Genome_ID=GCF_013340165.1

Submitted job 77 with external jobid 'Submitted batch job 3478261'.

[Tue Mar 15 13:45:53 2022]
rule QUAST:
    input: /beegfs/data/soukkal/StageM2/Control_genomes/genomes/GCA_001014675.1.fna
    output: /beegfs/data/soukkal/StageM2/Control_genomes/results/Stat_Results/GCA_001014675.1/QUAST_results/report.tsv
    jobid: 43
    wildcards: Genome_ID=GCA_001014675.1

Submitted job 43 with external jobid 'Submitted batch job 3478262'.

[Tue Mar 15 13:45:53 2022]
rule QUAST:
    input: /beegfs/data/soukkal/StageM2/Control_genomes/genomes/GCA_017309665.1.fna
    output: /beegfs/data/soukkal/StageM2/Control_genomes/results/Stat_Results/GCA_017309665.1/QUAST_results/report.tsv
    jobid: 57
    wildcards: Genome_ID=GCA_017309665.1

Submitted job 57 with external jobid 'Submitted batch job 3478263'.

[Tue Mar 15 13:45:53 2022]
rule QUAST:
    input: /beegfs/data/soukkal/StageM2/Control_genomes/genomes/GCF_000001215.4.fna
    output: /beegfs/data/soukkal/StageM2/Control_genomes/results/Stat_Results/GCF_000001215.4/QUAST_results/report.tsv
    jobid: 71
    wildcards: Genome_ID=GCF_000001215.4

Submitted job 71 with external jobid 'Submitted batch job 3478264'.

[Tue Mar 15 13:45:53 2022]
rule QUAST:
    input: /beegfs/data/soukkal/StageM2/Control_genomes/genomes/GCA_001735545.1.fna
    output: /beegfs/data/soukkal/StageM2/Control_genomes/results/Stat_Results/GCA_001735545.1/QUAST_results/report.tsv
    jobid: 50
    wildcards: Genome_ID=GCA_001735545.1

Submitted job 50 with external jobid 'Submitted batch job 3478265'.

[Tue Mar 15 13:45:53 2022]
rule QUAST:
    input: /beegfs/data/soukkal/StageM2/Control_genomes/genomes/GCA_914767935.1.fna
    output: /beegfs/data/soukkal/StageM2/Control_genomes/results/Stat_Results/GCA_914767935.1/QUAST_results/report.tsv
    jobid: 64
    wildcards: Genome_ID=GCA_914767935.1

Submitted job 64 with external jobid 'Submitted batch job 3478266'.

[Tue Mar 15 13:45:53 2022]
rule QUAST:
    input: /beegfs/data/soukkal/StageM2/Control_genomes/genomes/GCF_013731165.1.fna
    output: /beegfs/data/soukkal/StageM2/Control_genomes/results/Stat_Results/GCF_013731165.1/QUAST_results/report.tsv
    jobid: 78
    wildcards: Genome_ID=GCF_013731165.1

Submitted job 78 with external jobid 'Submitted batch job 3478267'.

[Tue Mar 15 13:45:53 2022]
rule QUAST:
    input: /beegfs/data/soukkal/StageM2/Control_genomes/genomes/GCA_001014935.1.fna
    output: /beegfs/data/soukkal/StageM2/Control_genomes/results/Stat_Results/GCA_001014935.1/QUAST_results/report.tsv
    jobid: 44
    wildcards: Genome_ID=GCA_001014935.1

Submitted job 44 with external jobid 'Submitted batch job 3478268'.

[Tue Mar 15 13:45:53 2022]
rule QUAST:
    input: /beegfs/data/soukkal/StageM2/Control_genomes/genomes/GCA_019455685.1.fna
    output: /beegfs/data/soukkal/StageM2/Control_genomes/results/Stat_Results/GCA_019455685.1/QUAST_results/report.tsv
    jobid: 58
    wildcards: Genome_ID=GCA_019455685.1

Submitted job 58 with external jobid 'Submitted batch job 3478269'.

[Tue Mar 15 13:45:53 2022]
rule QUAST:
    input: /beegfs/data/soukkal/StageM2/Control_genomes/genomes/GCF_000347755.3.fna
    output: /beegfs/data/soukkal/StageM2/Control_genomes/results/Stat_Results/GCF_000347755.3/QUAST_results/report.tsv
    jobid: 72
    wildcards: Genome_ID=GCF_000347755.3

Submitted job 72 with external jobid 'Submitted batch job 3478270'.

[Tue Mar 15 13:45:53 2022]
rule QUAST:
    input: /beegfs/data/soukkal/StageM2/Control_genomes/genomes/GCA_005959815.1.fna
    output: /beegfs/data/soukkal/StageM2/Control_genomes/results/Stat_Results/GCA_005959815.1/QUAST_results/report.tsv
    jobid: 55
    wildcards: Genome_ID=GCA_005959815.1

Submitted job 55 with external jobid 'Submitted batch job 3478271'.

[Tue Mar 15 13:45:53 2022]
rule QUAST:
    input: /beegfs/data/soukkal/StageM2/Control_genomes/genomes/GCA_003055125.1.fna
    output: /beegfs/data/soukkal/StageM2/Control_genomes/results/Stat_Results/GCA_003055125.1/QUAST_results/report.tsv
    jobid: 51
    wildcards: Genome_ID=GCA_003055125.1

Submitted job 51 with external jobid 'Submitted batch job 3478272'.

[Tue Mar 15 13:45:53 2022]
rule QUAST:
    input: /beegfs/data/soukkal/StageM2/Control_genomes/genomes/GCA_916048285.2.fna
    output: /beegfs/data/soukkal/StageM2/Control_genomes/results/Stat_Results/GCA_916048285.2/QUAST_results/report.tsv
    jobid: 65
    wildcards: Genome_ID=GCA_916048285.2

Submitted job 65 with external jobid 'Submitted batch job 3478273'.

[Tue Mar 15 13:45:53 2022]
rule QUAST:
    input: /beegfs/data/soukkal/StageM2/Control_genomes/genomes/GCF_014805625.1.fna
    output: /beegfs/data/soukkal/StageM2/Control_genomes/results/Stat_Results/GCF_014805625.1/QUAST_results/report.tsv
    jobid: 79
    wildcards: Genome_ID=GCF_014805625.1

Submitted job 79 with external jobid 'Submitted batch job 3478274'.

[Tue Mar 15 13:45:53 2022]
rule QUAST:
    input: /beegfs/data/soukkal/StageM2/Control_genomes/genomes/GCA_001015075.1.fna
    output: /beegfs/data/soukkal/StageM2/Control_genomes/results/Stat_Results/GCA_001015075.1/QUAST_results/report.tsv
    jobid: 45
    wildcards: Genome_ID=GCA_001015075.1

Submitted job 45 with external jobid 'Submitted batch job 3478275'.

[Tue Mar 15 13:45:53 2022]
rule QUAST:
    input: /beegfs/data/soukkal/StageM2/Control_genomes/genomes/GCA_020466095.1.fna
    output: /beegfs/data/soukkal/StageM2/Control_genomes/results/Stat_Results/GCA_020466095.1/QUAST_results/report.tsv
    jobid: 59
    wildcards: Genome_ID=GCA_020466095.1

Submitted job 59 with external jobid 'Submitted batch job 3478276'.

[Tue Mar 15 13:45:53 2022]
rule QUAST:
    input: /beegfs/data/soukkal/StageM2/Control_genomes/genomes/GCF_000699065.1.fna
    output: /beegfs/data/soukkal/StageM2/Control_genomes/results/Stat_Results/GCF_000699065.1/QUAST_results/report.tsv
    jobid: 73
    wildcards: Genome_ID=GCF_000699065.1

Submitted job 73 with external jobid 'Submitted batch job 3478277'.

[Tue Mar 15 13:45:53 2022]
rule QUAST:
    input: /beegfs/data/soukkal/StageM2/Control_genomes/genomes/GCA_003123925.1.fna
    output: /beegfs/data/soukkal/StageM2/Control_genomes/results/Stat_Results/GCA_003123925.1/QUAST_results/report.tsv
    jobid: 52
    wildcards: Genome_ID=GCA_003123925.1

Submitted job 52 with external jobid 'Submitted batch job 3478278'.

[Tue Mar 15 13:45:53 2022]
rule QUAST:
    input: /beegfs/data/soukkal/StageM2/Control_genomes/genomes/GCA_916050605.2.fna
    output: /beegfs/data/soukkal/StageM2/Control_genomes/results/Stat_Results/GCA_916050605.2/QUAST_results/report.tsv
    jobid: 66
    wildcards: Genome_ID=GCA_916050605.2

Submitted job 66 with external jobid 'Submitted batch job 3478279'.

[Tue Mar 15 13:45:54 2022]
rule QUAST:
    input: /beegfs/data/soukkal/StageM2/Control_genomes/genomes/GCF_016617805.1.fna
    output: /beegfs/data/soukkal/StageM2/Control_genomes/results/Stat_Results/GCF_016617805.1/QUAST_results/report.tsv
    jobid: 80
    wildcards: Genome_ID=GCF_016617805.1

Submitted job 80 with external jobid 'Submitted batch job 3478280'.

[Tue Mar 15 13:45:54 2022]
rule QUAST:
    input: /beegfs/data/soukkal/StageM2/Control_genomes/genomes/GCA_001015115.1.fna
    output: /beegfs/data/soukkal/StageM2/Control_genomes/results/Stat_Results/GCA_001015115.1/QUAST_results/report.tsv
    jobid: 46
    wildcards: Genome_ID=GCA_001015115.1

Submitted job 46 with external jobid 'Submitted batch job 3478281'.

[Tue Mar 15 13:45:54 2022]
rule QUAST:
    input: /beegfs/data/soukkal/StageM2/Control_genomes/genomes/GCA_021234595.1.fna
    output: /beegfs/data/soukkal/StageM2/Control_genomes/results/Stat_Results/GCA_021234595.1/QUAST_results/report.tsv
    jobid: 60
    wildcards: Genome_ID=GCA_021234595.1

Submitted job 60 with external jobid 'Submitted batch job 3478282'.

[Tue Mar 15 13:45:54 2022]
rule QUAST:
    input: /beegfs/data/soukkal/StageM2/Control_genomes/genomes/GCF_001015335.1.fna
    output: /beegfs/data/soukkal/StageM2/Control_genomes/results/Stat_Results/GCF_001015335.1/QUAST_results/report.tsv
    jobid: 74
    wildcards: Genome_ID=GCF_001015335.1

Submitted job 74 with external jobid 'Submitted batch job 3478283'.

[Tue Mar 15 13:45:54 2022]
rule QUAST:
    input: /beegfs/data/soukkal/StageM2/Control_genomes/genomes/GCA_003952975.1.fna
    output: /beegfs/data/soukkal/StageM2/Control_genomes/results/Stat_Results/GCA_003952975.1/QUAST_results/report.tsv
    jobid: 53
    wildcards: Genome_ID=GCA_003952975.1

Submitted job 53 with external jobid 'Submitted batch job 3478284'.

[Tue Mar 15 13:45:54 2022]
rule QUAST:
    input: /beegfs/data/soukkal/StageM2/Control_genomes/genomes/GCA_917880715.2.fna
    output: /beegfs/data/soukkal/StageM2/Control_genomes/results/Stat_Results/GCA_917880715.2/QUAST_results/report.tsv
    jobid: 67
    wildcards: Genome_ID=GCA_917880715.2

Submitted job 67 with external jobid 'Submitted batch job 3478285'.

[Tue Mar 15 13:45:54 2022]
rule QUAST:
    input: /beegfs/data/soukkal/StageM2/Control_genomes/genomes/GCA_001014415.1.fna
    output: /beegfs/data/soukkal/StageM2/Control_genomes/results/Stat_Results/GCA_001014415.1/QUAST_results/report.tsv
    jobid: 41
    wildcards: Genome_ID=GCA_001014415.1

Submitted job 41 with external jobid 'Submitted batch job 3478286'.

[Tue Mar 15 13:45:54 2022]
rule QUAST:
    input: /beegfs/data/soukkal/StageM2/Control_genomes/genomes/GCA_001015175.1.fna
    output: /beegfs/data/soukkal/StageM2/Control_genomes/results/Stat_Results/GCA_001015175.1/QUAST_results/report.tsv
    jobid: 47
    wildcards: Genome_ID=GCA_001015175.1

Submitted job 47 with external jobid 'Submitted batch job 3478287'.

[Tue Mar 15 13:45:54 2022]
rule QUAST:
    input: /beegfs/data/soukkal/StageM2/Control_genomes/genomes/GCA_905231855.2.fna
    output: /beegfs/data/soukkal/StageM2/Control_genomes/results/Stat_Results/GCA_905231855.2/QUAST_results/report.tsv
    jobid: 61
    wildcards: Genome_ID=GCA_905231855.2

Submitted job 61 with external jobid 'Submitted batch job 3478288'.

[Tue Mar 15 13:45:54 2022]
rule QUAST:
    input: /beegfs/data/soukkal/StageM2/Control_genomes/genomes/GCF_002237135.1.fna
    output: /beegfs/data/soukkal/StageM2/Control_genomes/results/Stat_Results/GCF_002237135.1/QUAST_results/report.tsv
    jobid: 75
    wildcards: Genome_ID=GCF_002237135.1

Submitted job 75 with external jobid 'Submitted batch job 3478289'.

[Tue Mar 15 13:45:54 2022]
rule QUAST:
    input: /beegfs/data/soukkal/StageM2/Control_genomes/genomes/GCA_004302925.1.fna
    output: /beegfs/data/soukkal/StageM2/Control_genomes/results/Stat_Results/GCA_004302925.1/QUAST_results/report.tsv
    jobid: 54
    wildcards: Genome_ID=GCA_004302925.1

Submitted job 54 with external jobid 'Submitted batch job 3478290'.

[Tue Mar 15 13:45:54 2022]
rule QUAST:
    input: /beegfs/data/soukkal/StageM2/Control_genomes/genomes/GCA_920104205.1.fna
    output: /beegfs/data/soukkal/StageM2/Control_genomes/results/Stat_Results/GCA_920104205.1/QUAST_results/report.tsv
    jobid: 68
    wildcards: Genome_ID=GCA_920104205.1

Submitted job 68 with external jobid 'Submitted batch job 3478291'.

[Tue Mar 15 13:45:54 2022]
rule Sum:
    input: /beegfs/data/soukkal/StageM2/Control_genomes/results/Stat_Results/GCA_922984085.1/BUSCO_results/run_arthropoda_odb10/full_table.tsv
    output: /beegfs/data/soukkal/StageM2/Control_genomes/results/Stat_Results/GCA_922984085.1/BUSCO_results/Sum_table_GCA_922984085.1.txt
    jobid: 110
    wildcards: Genome_ID=GCA_922984085.1

Submitted job 110 with external jobid 'Submitted batch job 3478292'.

[Tue Mar 15 13:45:54 2022]
rule QUAST:
    input: /beegfs/data/soukkal/StageM2/Control_genomes/genomes/GCA_920105625.1.fna
    output: /beegfs/data/soukkal/StageM2/Control_genomes/results/Stat_Results/GCA_920105625.1/QUAST_results/report.tsv
    jobid: 69
    wildcards: Genome_ID=GCA_920105625.1

Submitted job 69 with external jobid 'Submitted batch job 3478293'.
[Tue Mar 15 13:48:11 2022]
Error in rule Sum:
    jobid: 110
    output: /beegfs/data/soukkal/StageM2/Control_genomes/results/Stat_Results/GCA_922984085.1/BUSCO_results/Sum_table_GCA_922984085.1.txt
    shell:
        
     python3 /beegfs/data/soukkal/StageM2/Scripts/BUSCO_jobs/Busco_summary.py -sum /beegfs/data/soukkal/StageM2/Control_genomes/results/Stat_Results/GCA_922984085.1/BUSCO_results/run_arthropoda_odb10/full_table.tsv  -o /beegfs/data/soukkal/StageM2/Control_genomes/results/Stat_Results/GCA_922984085.1/BUSCO_results/Sum_table_GCA_922984085.1.txt -sp GCA_922984085.1
     cp /beegfs/data/soukkal/StageM2/Control_genomes/results/Stat_Results/GCA_922984085.1/BUSCO_results/Sum_table_GCA_922984085.1.txt /beegfs/data/soukkal/StageM2/Control_genomes/results/Stat_Results/Busco_sum/Sum_table_GCA_922984085.1.txt
     
        (one of the commands exited with non-zero exit code; note that snakemake uses bash strict mode!)
    cluster_jobid: Submitted batch job 3478292

Error executing rule Sum on cluster (jobid: 110, external: Submitted batch job 3478292, jobscript: /beegfs/data/soukkal/StageM2/Scripts/BUSCO_jobs/.snakemake/tmp.1fptjgmk/snakejob.Sum.110.sh). For error details see the cluster log and the log files of the involved rule(s).
[Tue Mar 15 13:52:07 2022]
Finished job 76.
1 of 42 steps (2%) done
[Tue Mar 15 13:52:34 2022]
Finished job 56.
2 of 42 steps (5%) done
[Tue Mar 15 13:52:34 2022]
Finished job 42.
3 of 42 steps (7%) done
[Tue Mar 15 13:52:47 2022]
Finished job 62.
4 of 42 steps (10%) done
[Tue Mar 15 13:52:47 2022]
Finished job 70.
5 of 42 steps (12%) done
[Tue Mar 15 13:53:00 2022]
Finished job 48.
6 of 42 steps (14%) done
[Tue Mar 15 13:53:00 2022]
Finished job 49.
7 of 42 steps (17%) done
[Tue Mar 15 13:53:13 2022]
Finished job 77.
8 of 42 steps (19%) done
[Tue Mar 15 13:53:39 2022]
Finished job 57.
9 of 42 steps (21%) done
[Tue Mar 15 13:53:40 2022]
Finished job 71.
10 of 42 steps (24%) done
[Tue Mar 15 13:54:19 2022]
Finished job 43.
11 of 42 steps (26%) done
[Tue Mar 15 13:54:32 2022]
Finished job 44.
12 of 42 steps (29%) done
[Tue Mar 15 13:54:44 2022]
Finished job 63.
13 of 42 steps (31%) done
[Tue Mar 15 13:55:20 2022]
Finished job 50.
14 of 42 steps (33%) done
[Tue Mar 15 13:55:44 2022]
Finished job 64.
15 of 42 steps (36%) done
[Tue Mar 15 13:55:44 2022]
Finished job 58.
16 of 42 steps (38%) done
[Tue Mar 15 13:55:44 2022]
Finished job 55.
17 of 42 steps (40%) done
[Tue Mar 15 13:55:56 2022]
Finished job 72.
18 of 42 steps (43%) done
[Tue Mar 15 13:56:08 2022]
Finished job 78.
19 of 42 steps (45%) done
[Tue Mar 15 13:56:32 2022]
Finished job 51.
20 of 42 steps (48%) done
[Tue Mar 15 13:56:56 2022]
Finished job 73.
21 of 42 steps (50%) done
[Tue Mar 15 13:57:08 2022]
Finished job 45.
22 of 42 steps (52%) done
[Tue Mar 15 13:57:08 2022]
Finished job 59.
23 of 42 steps (55%) done
[Tue Mar 15 13:57:19 2022]
Finished job 65.
24 of 42 steps (57%) done
[Tue Mar 15 13:57:19 2022]
Finished job 79.
25 of 42 steps (60%) done
[Tue Mar 15 13:58:14 2022]
Finished job 52.
26 of 42 steps (62%) done
[Tue Mar 15 13:58:25 2022]
Finished job 66.
27 of 42 steps (64%) done
[Tue Mar 15 13:58:25 2022]
Finished job 80.
28 of 42 steps (67%) done
[Tue Mar 15 13:58:25 2022]
Finished job 46.
29 of 42 steps (69%) done
[Tue Mar 15 13:59:09 2022]
Finished job 41.
30 of 42 steps (71%) done
[Tue Mar 15 13:59:20 2022]
Finished job 53.
31 of 42 steps (74%) done
[Tue Mar 15 13:59:41 2022]
Finished job 67.
32 of 42 steps (76%) done
[Tue Mar 15 13:59:41 2022]
Finished job 47.
33 of 42 steps (79%) done
[Tue Mar 15 14:00:12 2022]
Finished job 74.
34 of 42 steps (81%) done
[Tue Mar 15 14:00:42 2022]
Finished job 54.
35 of 42 steps (83%) done
[Tue Mar 15 14:01:02 2022]
Finished job 60.
36 of 42 steps (86%) done
[Tue Mar 15 14:01:02 2022]
Finished job 61.
37 of 42 steps (88%) done
[Tue Mar 15 14:01:02 2022]
Finished job 75.
38 of 42 steps (90%) done
[Tue Mar 15 14:01:22 2022]
Finished job 68.
39 of 42 steps (93%) done
[Tue Mar 15 14:03:22 2022]
Finished job 69.
40 of 42 steps (95%) done
Shutting down, this might take some time.
Exiting because a job execution failed. Look above for error message
Complete log: /beegfs/data/soukkal/StageM2/Scripts/BUSCO_jobs/.snakemake/log/2022-03-15T134549.501623.snakemake.log
