Building DAG of jobs...
Using shell: /usr/bin/bash
Provided cluster nodes: 8000
Job counts:
	count	jobs
	37	BUSCO
	37	Sum
	1	all
	75

[Mon Mar 21 10:37:26 2022]
rule BUSCO:
    input: /beegfs/data/soukkal/StageM2/Tachinids_genomes/genomes/siphosturmia_wood02.fna
    output: /beegfs/data/soukkal/StageM2/Tachinids_genomes/results/Stat_Results/siphosturmia_wood02/BUSCO_results/run_diptera_odb10/full_table.tsv
    jobid: 34
    wildcards: Genome_ID=siphosturmia_wood02

Submitted job 34 with external jobid 'Submitted batch job 3490400'.

[Mon Mar 21 10:37:26 2022]
rule BUSCO:
    input: /beegfs/data/soukkal/StageM2/Tachinids_genomes/genomes/jurinella_wood01.fna
    output: /beegfs/data/soukkal/StageM2/Tachinids_genomes/results/Stat_Results/jurinella_wood01/BUSCO_results/run_diptera_odb10/full_table.tsv
    jobid: 20
    wildcards: Genome_ID=jurinella_wood01

Submitted job 20 with external jobid 'Submitted batch job 3490401'.

[Mon Mar 21 10:37:26 2022]
rule BUSCO:
    input: /beegfs/data/soukkal/StageM2/Tachinids_genomes/genomes/genea_wood03dhj01.fna
    output: /beegfs/data/soukkal/StageM2/Tachinids_genomes/results/Stat_Results/genea_wood03dhj01/BUSCO_results/run_diptera_odb10/full_table.tsv
    jobid: 6
    wildcards: Genome_ID=genea_wood03dhj01

Submitted job 6 with external jobid 'Submitted batch job 3490402'.

[Mon Mar 21 10:37:26 2022]
rule BUSCO:
    input: /beegfs/data/soukkal/StageM2/Tachinids_genomes/genomes/lixophaga_wood06.fna
    output: /beegfs/data/soukkal/StageM2/Tachinids_genomes/results/Stat_Results/lixophaga_wood06/BUSCO_results/run_diptera_odb10/full_table.tsv
    jobid: 28
    wildcards: Genome_ID=lixophaga_wood06

Submitted job 28 with external jobid 'Submitted batch job 3490403'.

[Mon Mar 21 10:37:26 2022]
rule BUSCO:
    input: /beegfs/data/soukkal/StageM2/Tachinids_genomes/genomes/houghia_pallida.fna
    output: /beegfs/data/soukkal/StageM2/Tachinids_genomes/results/Stat_Results/houghia_pallida/BUSCO_results/run_diptera_odb10/full_table.tsv
    jobid: 14
    wildcards: Genome_ID=houghia_pallida

Submitted job 14 with external jobid 'Submitted batch job 3490404'.

[Mon Mar 21 10:37:26 2022]
rule BUSCO:
    input: /beegfs/data/soukkal/StageM2/Tachinids_genomes/genomes/argyrophylax_albincisadhj04.fna
    output: /beegfs/data/soukkal/StageM2/Tachinids_genomes/results/Stat_Results/argyrophylax_albincisadhj04/BUSCO_results/run_diptera_odb10/full_table.tsv
    jobid: 7
    wildcards: Genome_ID=argyrophylax_albincisadhj04

Submitted job 7 with external jobid 'Submitted batch job 3490405'.

[Mon Mar 21 10:37:26 2022]
rule BUSCO:
    input: /beegfs/data/soukkal/StageM2/Tachinids_genomes/genomes/calolydella_timjamesi.fna
    output: /beegfs/data/soukkal/StageM2/Tachinids_genomes/results/Stat_Results/calolydella_timjamesi/BUSCO_results/run_diptera_odb10/full_table.tsv
    jobid: 21
    wildcards: Genome_ID=calolydella_timjamesi

Submitted job 21 with external jobid 'Submitted batch job 3490406'.

[Mon Mar 21 10:37:26 2022]
rule BUSCO:
    input: /beegfs/data/soukkal/StageM2/Tachinids_genomes/genomes/cordyligaster_capellii.fna
    output: /beegfs/data/soukkal/StageM2/Tachinids_genomes/results/Stat_Results/cordyligaster_capellii/BUSCO_results/run_diptera_odb10/full_table.tsv
    jobid: 35
    wildcards: Genome_ID=cordyligaster_capellii

Submitted job 35 with external jobid 'Submitted batch job 3490407'.

[Mon Mar 21 10:37:26 2022]
rule BUSCO:
    input: /beegfs/data/soukkal/StageM2/Tachinids_genomes/genomes/chrysoexorista_wood04.fna
    output: /beegfs/data/soukkal/StageM2/Tachinids_genomes/results/Stat_Results/chrysoexorista_wood04/BUSCO_results/run_diptera_odb10/full_table.tsv
    jobid: 29
    wildcards: Genome_ID=chrysoexorista_wood04

Submitted job 29 with external jobid 'Submitted batch job 3490408'.

[Mon Mar 21 10:37:26 2022]
rule BUSCO:
    input: /beegfs/data/soukkal/StageM2/Tachinids_genomes/genomes/aplomyopsis_wood01.fna
    output: /beegfs/data/soukkal/StageM2/Tachinids_genomes/results/Stat_Results/aplomyopsis_wood01/BUSCO_results/run_diptera_odb10/full_table.tsv
    jobid: 1
    wildcards: Genome_ID=aplomyopsis_wood01

Submitted job 1 with external jobid 'Submitted batch job 3490409'.

[Mon Mar 21 10:37:27 2022]
rule BUSCO:
    input: /beegfs/data/soukkal/StageM2/Tachinids_genomes/genomes/belvosia_woodley07g.fna
    output: /beegfs/data/soukkal/StageM2/Tachinids_genomes/results/Stat_Results/belvosia_woodley07g/BUSCO_results/run_diptera_odb10/full_table.tsv
    jobid: 15
    wildcards: Genome_ID=belvosia_woodley07g

Submitted job 15 with external jobid 'Submitted batch job 3490410'.

[Mon Mar 21 10:37:27 2022]
rule BUSCO:
    input: /beegfs/data/soukkal/StageM2/Tachinids_genomes/genomes/houghia_bivittata.fna
    output: /beegfs/data/soukkal/StageM2/Tachinids_genomes/results/Stat_Results/houghia_bivittata/BUSCO_results/run_diptera_odb10/full_table.tsv
    jobid: 8
    wildcards: Genome_ID=houghia_bivittata

Submitted job 8 with external jobid 'Submitted batch job 3490411'.

[Mon Mar 21 10:37:27 2022]
rule BUSCO:
    input: /beegfs/data/soukkal/StageM2/Tachinids_genomes/genomes/leschenaultia_wood15.fna
    output: /beegfs/data/soukkal/StageM2/Tachinids_genomes/results/Stat_Results/leschenaultia_wood15/BUSCO_results/run_diptera_odb10/full_table.tsv
    jobid: 22
    wildcards: Genome_ID=leschenaultia_wood15

Submitted job 22 with external jobid 'Submitted batch job 3490412'.

[Mon Mar 21 10:37:27 2022]
rule BUSCO:
    input: /beegfs/data/soukkal/StageM2/Tachinids_genomes/genomes/zizyphomyia_argutadhj02.fna
    output: /beegfs/data/soukkal/StageM2/Tachinids_genomes/results/Stat_Results/zizyphomyia_argutadhj02/BUSCO_results/run_diptera_odb10/full_table.tsv
    jobid: 36
    wildcards: Genome_ID=zizyphomyia_argutadhj02

Submitted job 36 with external jobid 'Submitted batch job 3490413'.

[Mon Mar 21 10:37:27 2022]
rule BUSCO:
    input: /beegfs/data/soukkal/StageM2/Tachinids_genomes/genomes/archytas_wood02.fna
    output: /beegfs/data/soukkal/StageM2/Tachinids_genomes/results/Stat_Results/archytas_wood02/BUSCO_results/run_diptera_odb10/full_table.tsv
    jobid: 3
    wildcards: Genome_ID=archytas_wood02

Submitted job 3 with external jobid 'Submitted batch job 3490414'.

[Mon Mar 21 10:37:27 2022]
rule BUSCO:
    input: /beegfs/data/soukkal/StageM2/Tachinids_genomes/genomes/hyphantrophaga_virilis.fna
    output: /beegfs/data/soukkal/StageM2/Tachinids_genomes/results/Stat_Results/hyphantrophaga_virilis/BUSCO_results/run_diptera_odb10/full_table.tsv
    jobid: 16
    wildcards: Genome_ID=hyphantrophaga_virilis

Submitted job 16 with external jobid 'Submitted batch job 3490415'.

[Mon Mar 21 10:37:27 2022]
rule BUSCO:
    input: /beegfs/data/soukkal/StageM2/Tachinids_genomes/genomes/lixophaga_wood09.fna
    output: /beegfs/data/soukkal/StageM2/Tachinids_genomes/results/Stat_Results/lixophaga_wood09/BUSCO_results/run_diptera_odb10/full_table.tsv
    jobid: 30
    wildcards: Genome_ID=lixophaga_wood09

Submitted job 30 with external jobid 'Submitted batch job 3490416'.

[Mon Mar 21 10:37:27 2022]
rule BUSCO:
    input: /beegfs/data/soukkal/StageM2/Tachinids_genomes/genomes/campylocheta_wood03.fna
    output: /beegfs/data/soukkal/StageM2/Tachinids_genomes/results/Stat_Results/campylocheta_wood03/BUSCO_results/run_diptera_odb10/full_table.tsv
    jobid: 23
    wildcards: Genome_ID=campylocheta_wood03

Submitted job 23 with external jobid 'Submitted batch job 3490417'.

[Mon Mar 21 10:37:27 2022]
rule BUSCO:
    input: /beegfs/data/soukkal/StageM2/Tachinids_genomes/genomes/argyrophylax_wood05.fna
    output: /beegfs/data/soukkal/StageM2/Tachinids_genomes/results/Stat_Results/argyrophylax_wood05/BUSCO_results/run_diptera_odb10/full_table.tsv
    jobid: 9
    wildcards: Genome_ID=argyrophylax_wood05

Submitted job 9 with external jobid 'Submitted batch job 3490418'.

[Mon Mar 21 10:37:27 2022]
rule BUSCO:
    input: /beegfs/data/soukkal/StageM2/Tachinids_genomes/genomes/drino_wood06dhj01.fna
    output: /beegfs/data/soukkal/StageM2/Tachinids_genomes/results/Stat_Results/drino_wood06dhj01/BUSCO_results/run_diptera_odb10/full_table.tsv
    jobid: 37
    wildcards: Genome_ID=drino_wood06dhj01

Submitted job 37 with external jobid 'Submitted batch job 3490419'.

[Mon Mar 21 10:37:27 2022]
rule BUSCO:
    input: /beegfs/data/soukkal/StageM2/Tachinids_genomes/genomes/drino_wood06dhj05.fna
    output: /beegfs/data/soukkal/StageM2/Tachinids_genomes/results/Stat_Results/drino_wood06dhj05/BUSCO_results/run_diptera_odb10/full_table.tsv
    jobid: 2
    wildcards: Genome_ID=drino_wood06dhj05

Submitted job 2 with external jobid 'Submitted batch job 3490420'.

[Mon Mar 21 10:37:27 2022]
rule BUSCO:
    input: /beegfs/data/soukkal/StageM2/Tachinids_genomes/genomes/belvosia_woodley10.fna
    output: /beegfs/data/soukkal/StageM2/Tachinids_genomes/results/Stat_Results/belvosia_woodley10/BUSCO_results/run_diptera_odb10/full_table.tsv
    jobid: 17
    wildcards: Genome_ID=belvosia_woodley10

Submitted job 17 with external jobid 'Submitted batch job 3490421'.

[Mon Mar 21 10:37:27 2022]
rule BUSCO:
    input: /beegfs/data/soukkal/StageM2/Tachinids_genomes/genomes/chrysotachina_wood01.fna
    output: /beegfs/data/soukkal/StageM2/Tachinids_genomes/results/Stat_Results/chrysotachina_wood01/BUSCO_results/run_diptera_odb10/full_table.tsv
    jobid: 31
    wildcards: Genome_ID=chrysotachina_wood01

Submitted job 31 with external jobid 'Submitted batch job 3490422'.

[Mon Mar 21 10:37:27 2022]
rule BUSCO:
    input: /beegfs/data/soukkal/StageM2/Tachinids_genomes/genomes/austrophorocera_wood05.fna
    output: /beegfs/data/soukkal/StageM2/Tachinids_genomes/results/Stat_Results/austrophorocera_wood05/BUSCO_results/run_diptera_odb10/full_table.tsv
    jobid: 13
    wildcards: Genome_ID=austrophorocera_wood05

Submitted job 13 with external jobid 'Submitted batch job 3490423'.

[Mon Mar 21 10:37:27 2022]
rule BUSCO:
    input: /beegfs/data/soukkal/StageM2/Tachinids_genomes/genomes/houghia_brevipilosa.fna
    output: /beegfs/data/soukkal/StageM2/Tachinids_genomes/results/Stat_Results/houghia_brevipilosa/BUSCO_results/run_diptera_odb10/full_table.tsv
    jobid: 10
    wildcards: Genome_ID=houghia_brevipilosa

Submitted job 10 with external jobid 'Submitted batch job 3490424'.

[Mon Mar 21 10:37:27 2022]
rule BUSCO:
    input: /beegfs/data/soukkal/StageM2/Tachinids_genomes/genomes/leskia_janzen27.fna
    output: /beegfs/data/soukkal/StageM2/Tachinids_genomes/results/Stat_Results/leskia_janzen27/BUSCO_results/run_diptera_odb10/full_table.tsv
    jobid: 24
    wildcards: Genome_ID=leskia_janzen27

Submitted job 24 with external jobid 'Submitted batch job 3490425'.

[Mon Mar 21 10:37:27 2022]
rule BUSCO:
    input: /beegfs/data/soukkal/StageM2/Tachinids_genomes/genomes/genea_wood01.fna
    output: /beegfs/data/soukkal/StageM2/Tachinids_genomes/results/Stat_Results/genea_wood01/BUSCO_results/run_diptera_odb10/full_table.tsv
    jobid: 4
    wildcards: Genome_ID=genea_wood01

Submitted job 4 with external jobid 'Submitted batch job 3490426'.

[Mon Mar 21 10:37:27 2022]
rule BUSCO:
    input: /beegfs/data/soukkal/StageM2/Tachinids_genomes/genomes/hyphantrophaga_wood11.fna
    output: /beegfs/data/soukkal/StageM2/Tachinids_genomes/results/Stat_Results/hyphantrophaga_wood11/BUSCO_results/run_diptera_odb10/full_table.tsv
    jobid: 18
    wildcards: Genome_ID=hyphantrophaga_wood11

Submitted job 18 with external jobid 'Submitted batch job 3490427'.

[Mon Mar 21 10:37:27 2022]
rule BUSCO:
    input: /beegfs/data/soukkal/StageM2/Tachinids_genomes/genomes/siphosturmia_rafaelidhj03.fna
    output: /beegfs/data/soukkal/StageM2/Tachinids_genomes/results/Stat_Results/siphosturmia_rafaelidhj03/BUSCO_results/run_diptera_odb10/full_table.tsv
    jobid: 32
    wildcards: Genome_ID=siphosturmia_rafaelidhj03

Submitted job 32 with external jobid 'Submitted batch job 3490428'.

[Mon Mar 21 10:37:27 2022]
rule BUSCO:
    input: /beegfs/data/soukkal/StageM2/Tachinids_genomes/genomes/atacta_brasiliensisdhj01.fna
    output: /beegfs/data/soukkal/StageM2/Tachinids_genomes/results/Stat_Results/atacta_brasiliensisdhj01/BUSCO_results/run_diptera_odb10/full_table.tsv
    jobid: 11
    wildcards: Genome_ID=atacta_brasiliensisdhj01

Submitted job 11 with external jobid 'Submitted batch job 3490429'.

[Mon Mar 21 10:37:27 2022]
rule BUSCO:
    input: /beegfs/data/soukkal/StageM2/Tachinids_genomes/genomes/chetogena_scutellarisdhj01.fna
    output: /beegfs/data/soukkal/StageM2/Tachinids_genomes/results/Stat_Results/chetogena_scutellarisdhj01/BUSCO_results/run_diptera_odb10/full_table.tsv
    jobid: 25
    wildcards: Genome_ID=chetogena_scutellarisdhj01

Submitted job 25 with external jobid 'Submitted batch job 3490430'.

[Mon Mar 21 10:37:27 2022]
rule BUSCO:
    input: /beegfs/data/soukkal/StageM2/Tachinids_genomes/genomes/argyrochaetona_cubanadhj02.fna
    output: /beegfs/data/soukkal/StageM2/Tachinids_genomes/results/Stat_Results/argyrochaetona_cubanadhj02/BUSCO_results/run_diptera_odb10/full_table.tsv
    jobid: 5
    wildcards: Genome_ID=argyrochaetona_cubanadhj02

Submitted job 5 with external jobid 'Submitted batch job 3490431'.

[Mon Mar 21 10:37:27 2022]
rule BUSCO:
    input: /beegfs/data/soukkal/StageM2/Tachinids_genomes/genomes/calolydella_erasmocoronadoi.fna
    output: /beegfs/data/soukkal/StageM2/Tachinids_genomes/results/Stat_Results/calolydella_erasmocoronadoi/BUSCO_results/run_diptera_odb10/full_table.tsv
    jobid: 19
    wildcards: Genome_ID=calolydella_erasmocoronadoi

Submitted job 19 with external jobid 'Submitted batch job 3490432'.

[Mon Mar 21 10:37:27 2022]
rule BUSCO:
    input: /beegfs/data/soukkal/StageM2/Tachinids_genomes/genomes/chrysotachina_wood02dhj02.fna
    output: /beegfs/data/soukkal/StageM2/Tachinids_genomes/results/Stat_Results/chrysotachina_wood02dhj02/BUSCO_results/run_diptera_odb10/full_table.tsv
    jobid: 33
    wildcards: Genome_ID=chrysotachina_wood02dhj02

Submitted job 33 with external jobid 'Submitted batch job 3490433'.

[Mon Mar 21 10:37:27 2022]
rule BUSCO:
    input: /beegfs/data/soukkal/StageM2/Tachinids_genomes/genomes/houghia_graciloides.fna
    output: /beegfs/data/soukkal/StageM2/Tachinids_genomes/results/Stat_Results/houghia_graciloides/BUSCO_results/run_diptera_odb10/full_table.tsv
    jobid: 12
    wildcards: Genome_ID=houghia_graciloides

Submitted job 12 with external jobid 'Submitted batch job 3490434'.

[Mon Mar 21 10:37:27 2022]
rule BUSCO:
    input: /beegfs/data/soukkal/StageM2/Tachinids_genomes/genomes/leskia_wood01dhj03.fna
    output: /beegfs/data/soukkal/StageM2/Tachinids_genomes/results/Stat_Results/leskia_wood01dhj03/BUSCO_results/run_diptera_odb10/full_table.tsv
    jobid: 26
    wildcards: Genome_ID=leskia_wood01dhj03

Submitted job 26 with external jobid 'Submitted batch job 3490435'.

[Mon Mar 21 10:37:28 2022]
rule BUSCO:
    input: /beegfs/data/soukkal/StageM2/Tachinids_genomes/genomes/chrysoexorista_wood01dhj02.fna
    output: /beegfs/data/soukkal/StageM2/Tachinids_genomes/results/Stat_Results/chrysoexorista_wood01dhj02/BUSCO_results/run_diptera_odb10/full_table.tsv
    jobid: 27
    wildcards: Genome_ID=chrysoexorista_wood01dhj02

Submitted job 27 with external jobid 'Submitted batch job 3490436'.
[Mon Mar 21 10:37:36 2022]
Error in rule BUSCO:
    jobid: 34
    output: /beegfs/data/soukkal/StageM2/Tachinids_genomes/results/Stat_Results/siphosturmia_wood02/BUSCO_results/run_diptera_odb10/full_table.tsv
    shell:
        
     hostname
     cd /beegfs/data/soukkal/StageM2/Tachinids_genomes/results/Stat_Results/siphosturmia_wood02/
     /beegfs/data/soft/singularity-3.7.2/bin/singularity exec --bind /beegfs/:/beegfs/ /beegfs/data/soukkal/TOOLS/BUSCO.sif busco -i /beegfs/data/soukkal/StageM2/Tachinids_genomes/genomes/siphosturmia_wood02.fna  -l diptera_odb10 -m genome -o BUSCO_results -c 3
     
        (one of the commands exited with non-zero exit code; note that snakemake uses bash strict mode!)
    cluster_jobid: Submitted batch job 3490400

Error executing rule BUSCO on cluster (jobid: 34, external: Submitted batch job 3490400, jobscript: /beegfs/data/soukkal/StageM2/Scripts/BUSCO_jobs/.snakemake/tmp.htiqztbp/snakejob.BUSCO.34.sh). For error details see the cluster log and the log files of the involved rule(s).
[Mon Mar 21 10:37:36 2022]
Error in rule BUSCO:
    jobid: 20
    output: /beegfs/data/soukkal/StageM2/Tachinids_genomes/results/Stat_Results/jurinella_wood01/BUSCO_results/run_diptera_odb10/full_table.tsv
    shell:
        
     hostname
     cd /beegfs/data/soukkal/StageM2/Tachinids_genomes/results/Stat_Results/jurinella_wood01/
     /beegfs/data/soft/singularity-3.7.2/bin/singularity exec --bind /beegfs/:/beegfs/ /beegfs/data/soukkal/TOOLS/BUSCO.sif busco -i /beegfs/data/soukkal/StageM2/Tachinids_genomes/genomes/jurinella_wood01.fna  -l diptera_odb10 -m genome -o BUSCO_results -c 3
     
        (one of the commands exited with non-zero exit code; note that snakemake uses bash strict mode!)
    cluster_jobid: Submitted batch job 3490401

Error executing rule BUSCO on cluster (jobid: 20, external: Submitted batch job 3490401, jobscript: /beegfs/data/soukkal/StageM2/Scripts/BUSCO_jobs/.snakemake/tmp.htiqztbp/snakejob.BUSCO.20.sh). For error details see the cluster log and the log files of the involved rule(s).
[Mon Mar 21 10:37:36 2022]
Error in rule BUSCO:
    jobid: 6
    output: /beegfs/data/soukkal/StageM2/Tachinids_genomes/results/Stat_Results/genea_wood03dhj01/BUSCO_results/run_diptera_odb10/full_table.tsv
    shell:
        
     hostname
     cd /beegfs/data/soukkal/StageM2/Tachinids_genomes/results/Stat_Results/genea_wood03dhj01/
     /beegfs/data/soft/singularity-3.7.2/bin/singularity exec --bind /beegfs/:/beegfs/ /beegfs/data/soukkal/TOOLS/BUSCO.sif busco -i /beegfs/data/soukkal/StageM2/Tachinids_genomes/genomes/genea_wood03dhj01.fna  -l diptera_odb10 -m genome -o BUSCO_results -c 3
     
        (one of the commands exited with non-zero exit code; note that snakemake uses bash strict mode!)
    cluster_jobid: Submitted batch job 3490402

Error executing rule BUSCO on cluster (jobid: 6, external: Submitted batch job 3490402, jobscript: /beegfs/data/soukkal/StageM2/Scripts/BUSCO_jobs/.snakemake/tmp.htiqztbp/snakejob.BUSCO.6.sh). For error details see the cluster log and the log files of the involved rule(s).
[Mon Mar 21 10:37:36 2022]
Error in rule BUSCO:
    jobid: 28
    output: /beegfs/data/soukkal/StageM2/Tachinids_genomes/results/Stat_Results/lixophaga_wood06/BUSCO_results/run_diptera_odb10/full_table.tsv
    shell:
        
     hostname
     cd /beegfs/data/soukkal/StageM2/Tachinids_genomes/results/Stat_Results/lixophaga_wood06/
     /beegfs/data/soft/singularity-3.7.2/bin/singularity exec --bind /beegfs/:/beegfs/ /beegfs/data/soukkal/TOOLS/BUSCO.sif busco -i /beegfs/data/soukkal/StageM2/Tachinids_genomes/genomes/lixophaga_wood06.fna  -l diptera_odb10 -m genome -o BUSCO_results -c 3
     
        (one of the commands exited with non-zero exit code; note that snakemake uses bash strict mode!)
    cluster_jobid: Submitted batch job 3490403

Error executing rule BUSCO on cluster (jobid: 28, external: Submitted batch job 3490403, jobscript: /beegfs/data/soukkal/StageM2/Scripts/BUSCO_jobs/.snakemake/tmp.htiqztbp/snakejob.BUSCO.28.sh). For error details see the cluster log and the log files of the involved rule(s).
[Mon Mar 21 10:37:36 2022]
Error in rule BUSCO:
    jobid: 14
    output: /beegfs/data/soukkal/StageM2/Tachinids_genomes/results/Stat_Results/houghia_pallida/BUSCO_results/run_diptera_odb10/full_table.tsv
    shell:
        
     hostname
     cd /beegfs/data/soukkal/StageM2/Tachinids_genomes/results/Stat_Results/houghia_pallida/
     /beegfs/data/soft/singularity-3.7.2/bin/singularity exec --bind /beegfs/:/beegfs/ /beegfs/data/soukkal/TOOLS/BUSCO.sif busco -i /beegfs/data/soukkal/StageM2/Tachinids_genomes/genomes/houghia_pallida.fna  -l diptera_odb10 -m genome -o BUSCO_results -c 3
     
        (one of the commands exited with non-zero exit code; note that snakemake uses bash strict mode!)
    cluster_jobid: Submitted batch job 3490404

Error executing rule BUSCO on cluster (jobid: 14, external: Submitted batch job 3490404, jobscript: /beegfs/data/soukkal/StageM2/Scripts/BUSCO_jobs/.snakemake/tmp.htiqztbp/snakejob.BUSCO.14.sh). For error details see the cluster log and the log files of the involved rule(s).
[Mon Mar 21 10:37:49 2022]
Error in rule BUSCO:
    jobid: 7
    output: /beegfs/data/soukkal/StageM2/Tachinids_genomes/results/Stat_Results/argyrophylax_albincisadhj04/BUSCO_results/run_diptera_odb10/full_table.tsv
    shell:
        
     hostname
     cd /beegfs/data/soukkal/StageM2/Tachinids_genomes/results/Stat_Results/argyrophylax_albincisadhj04/
     /beegfs/data/soft/singularity-3.7.2/bin/singularity exec --bind /beegfs/:/beegfs/ /beegfs/data/soukkal/TOOLS/BUSCO.sif busco -i /beegfs/data/soukkal/StageM2/Tachinids_genomes/genomes/argyrophylax_albincisadhj04.fna  -l diptera_odb10 -m genome -o BUSCO_results -c 3
     
        (one of the commands exited with non-zero exit code; note that snakemake uses bash strict mode!)
    cluster_jobid: Submitted batch job 3490405

Error executing rule BUSCO on cluster (jobid: 7, external: Submitted batch job 3490405, jobscript: /beegfs/data/soukkal/StageM2/Scripts/BUSCO_jobs/.snakemake/tmp.htiqztbp/snakejob.BUSCO.7.sh). For error details see the cluster log and the log files of the involved rule(s).
[Mon Mar 21 10:37:49 2022]
Error in rule BUSCO:
    jobid: 21
    output: /beegfs/data/soukkal/StageM2/Tachinids_genomes/results/Stat_Results/calolydella_timjamesi/BUSCO_results/run_diptera_odb10/full_table.tsv
    shell:
        
     hostname
     cd /beegfs/data/soukkal/StageM2/Tachinids_genomes/results/Stat_Results/calolydella_timjamesi/
     /beegfs/data/soft/singularity-3.7.2/bin/singularity exec --bind /beegfs/:/beegfs/ /beegfs/data/soukkal/TOOLS/BUSCO.sif busco -i /beegfs/data/soukkal/StageM2/Tachinids_genomes/genomes/calolydella_timjamesi.fna  -l diptera_odb10 -m genome -o BUSCO_results -c 3
     
        (one of the commands exited with non-zero exit code; note that snakemake uses bash strict mode!)
    cluster_jobid: Submitted batch job 3490406

Error executing rule BUSCO on cluster (jobid: 21, external: Submitted batch job 3490406, jobscript: /beegfs/data/soukkal/StageM2/Scripts/BUSCO_jobs/.snakemake/tmp.htiqztbp/snakejob.BUSCO.21.sh). For error details see the cluster log and the log files of the involved rule(s).
[Mon Mar 21 10:37:49 2022]
Error in rule BUSCO:
    jobid: 35
    output: /beegfs/data/soukkal/StageM2/Tachinids_genomes/results/Stat_Results/cordyligaster_capellii/BUSCO_results/run_diptera_odb10/full_table.tsv
    shell:
        
     hostname
     cd /beegfs/data/soukkal/StageM2/Tachinids_genomes/results/Stat_Results/cordyligaster_capellii/
     /beegfs/data/soft/singularity-3.7.2/bin/singularity exec --bind /beegfs/:/beegfs/ /beegfs/data/soukkal/TOOLS/BUSCO.sif busco -i /beegfs/data/soukkal/StageM2/Tachinids_genomes/genomes/cordyligaster_capellii.fna  -l diptera_odb10 -m genome -o BUSCO_results -c 3
     
        (one of the commands exited with non-zero exit code; note that snakemake uses bash strict mode!)
    cluster_jobid: Submitted batch job 3490407

Error executing rule BUSCO on cluster (jobid: 35, external: Submitted batch job 3490407, jobscript: /beegfs/data/soukkal/StageM2/Scripts/BUSCO_jobs/.snakemake/tmp.htiqztbp/snakejob.BUSCO.35.sh). For error details see the cluster log and the log files of the involved rule(s).
[Mon Mar 21 10:37:49 2022]
Error in rule BUSCO:
    jobid: 29
    output: /beegfs/data/soukkal/StageM2/Tachinids_genomes/results/Stat_Results/chrysoexorista_wood04/BUSCO_results/run_diptera_odb10/full_table.tsv
    shell:
        
     hostname
     cd /beegfs/data/soukkal/StageM2/Tachinids_genomes/results/Stat_Results/chrysoexorista_wood04/
     /beegfs/data/soft/singularity-3.7.2/bin/singularity exec --bind /beegfs/:/beegfs/ /beegfs/data/soukkal/TOOLS/BUSCO.sif busco -i /beegfs/data/soukkal/StageM2/Tachinids_genomes/genomes/chrysoexorista_wood04.fna  -l diptera_odb10 -m genome -o BUSCO_results -c 3
     
        (one of the commands exited with non-zero exit code; note that snakemake uses bash strict mode!)
    cluster_jobid: Submitted batch job 3490408

Error executing rule BUSCO on cluster (jobid: 29, external: Submitted batch job 3490408, jobscript: /beegfs/data/soukkal/StageM2/Scripts/BUSCO_jobs/.snakemake/tmp.htiqztbp/snakejob.BUSCO.29.sh). For error details see the cluster log and the log files of the involved rule(s).
[Mon Mar 21 10:37:49 2022]
Error in rule BUSCO:
    jobid: 1
    output: /beegfs/data/soukkal/StageM2/Tachinids_genomes/results/Stat_Results/aplomyopsis_wood01/BUSCO_results/run_diptera_odb10/full_table.tsv
    shell:
        
     hostname
     cd /beegfs/data/soukkal/StageM2/Tachinids_genomes/results/Stat_Results/aplomyopsis_wood01/
     /beegfs/data/soft/singularity-3.7.2/bin/singularity exec --bind /beegfs/:/beegfs/ /beegfs/data/soukkal/TOOLS/BUSCO.sif busco -i /beegfs/data/soukkal/StageM2/Tachinids_genomes/genomes/aplomyopsis_wood01.fna  -l diptera_odb10 -m genome -o BUSCO_results -c 3
     
        (one of the commands exited with non-zero exit code; note that snakemake uses bash strict mode!)
    cluster_jobid: Submitted batch job 3490409

Error executing rule BUSCO on cluster (jobid: 1, external: Submitted batch job 3490409, jobscript: /beegfs/data/soukkal/StageM2/Scripts/BUSCO_jobs/.snakemake/tmp.htiqztbp/snakejob.BUSCO.1.sh). For error details see the cluster log and the log files of the involved rule(s).
[Mon Mar 21 10:37:49 2022]
Error in rule BUSCO:
    jobid: 15
    output: /beegfs/data/soukkal/StageM2/Tachinids_genomes/results/Stat_Results/belvosia_woodley07g/BUSCO_results/run_diptera_odb10/full_table.tsv
    shell:
        
     hostname
     cd /beegfs/data/soukkal/StageM2/Tachinids_genomes/results/Stat_Results/belvosia_woodley07g/
     /beegfs/data/soft/singularity-3.7.2/bin/singularity exec --bind /beegfs/:/beegfs/ /beegfs/data/soukkal/TOOLS/BUSCO.sif busco -i /beegfs/data/soukkal/StageM2/Tachinids_genomes/genomes/belvosia_woodley07g.fna  -l diptera_odb10 -m genome -o BUSCO_results -c 3
     
        (one of the commands exited with non-zero exit code; note that snakemake uses bash strict mode!)
    cluster_jobid: Submitted batch job 3490410

Error executing rule BUSCO on cluster (jobid: 15, external: Submitted batch job 3490410, jobscript: /beegfs/data/soukkal/StageM2/Scripts/BUSCO_jobs/.snakemake/tmp.htiqztbp/snakejob.BUSCO.15.sh). For error details see the cluster log and the log files of the involved rule(s).
[Mon Mar 21 10:37:49 2022]
Error in rule BUSCO:
    jobid: 8
    output: /beegfs/data/soukkal/StageM2/Tachinids_genomes/results/Stat_Results/houghia_bivittata/BUSCO_results/run_diptera_odb10/full_table.tsv
    shell:
        
     hostname
     cd /beegfs/data/soukkal/StageM2/Tachinids_genomes/results/Stat_Results/houghia_bivittata/
     /beegfs/data/soft/singularity-3.7.2/bin/singularity exec --bind /beegfs/:/beegfs/ /beegfs/data/soukkal/TOOLS/BUSCO.sif busco -i /beegfs/data/soukkal/StageM2/Tachinids_genomes/genomes/houghia_bivittata.fna  -l diptera_odb10 -m genome -o BUSCO_results -c 3
     
        (one of the commands exited with non-zero exit code; note that snakemake uses bash strict mode!)
    cluster_jobid: Submitted batch job 3490411

Error executing rule BUSCO on cluster (jobid: 8, external: Submitted batch job 3490411, jobscript: /beegfs/data/soukkal/StageM2/Scripts/BUSCO_jobs/.snakemake/tmp.htiqztbp/snakejob.BUSCO.8.sh). For error details see the cluster log and the log files of the involved rule(s).
[Mon Mar 21 10:38:02 2022]
Error in rule BUSCO:
    jobid: 22
    output: /beegfs/data/soukkal/StageM2/Tachinids_genomes/results/Stat_Results/leschenaultia_wood15/BUSCO_results/run_diptera_odb10/full_table.tsv
    shell:
        
     hostname
     cd /beegfs/data/soukkal/StageM2/Tachinids_genomes/results/Stat_Results/leschenaultia_wood15/
     /beegfs/data/soft/singularity-3.7.2/bin/singularity exec --bind /beegfs/:/beegfs/ /beegfs/data/soukkal/TOOLS/BUSCO.sif busco -i /beegfs/data/soukkal/StageM2/Tachinids_genomes/genomes/leschenaultia_wood15.fna  -l diptera_odb10 -m genome -o BUSCO_results -c 3
     
        (one of the commands exited with non-zero exit code; note that snakemake uses bash strict mode!)
    cluster_jobid: Submitted batch job 3490412

Error executing rule BUSCO on cluster (jobid: 22, external: Submitted batch job 3490412, jobscript: /beegfs/data/soukkal/StageM2/Scripts/BUSCO_jobs/.snakemake/tmp.htiqztbp/snakejob.BUSCO.22.sh). For error details see the cluster log and the log files of the involved rule(s).
[Mon Mar 21 10:38:02 2022]
Error in rule BUSCO:
    jobid: 36
    output: /beegfs/data/soukkal/StageM2/Tachinids_genomes/results/Stat_Results/zizyphomyia_argutadhj02/BUSCO_results/run_diptera_odb10/full_table.tsv
    shell:
        
     hostname
     cd /beegfs/data/soukkal/StageM2/Tachinids_genomes/results/Stat_Results/zizyphomyia_argutadhj02/
     /beegfs/data/soft/singularity-3.7.2/bin/singularity exec --bind /beegfs/:/beegfs/ /beegfs/data/soukkal/TOOLS/BUSCO.sif busco -i /beegfs/data/soukkal/StageM2/Tachinids_genomes/genomes/zizyphomyia_argutadhj02.fna  -l diptera_odb10 -m genome -o BUSCO_results -c 3
     
        (one of the commands exited with non-zero exit code; note that snakemake uses bash strict mode!)
    cluster_jobid: Submitted batch job 3490413

Error executing rule BUSCO on cluster (jobid: 36, external: Submitted batch job 3490413, jobscript: /beegfs/data/soukkal/StageM2/Scripts/BUSCO_jobs/.snakemake/tmp.htiqztbp/snakejob.BUSCO.36.sh). For error details see the cluster log and the log files of the involved rule(s).
[Mon Mar 21 10:38:02 2022]
Error in rule BUSCO:
    jobid: 3
    output: /beegfs/data/soukkal/StageM2/Tachinids_genomes/results/Stat_Results/archytas_wood02/BUSCO_results/run_diptera_odb10/full_table.tsv
    shell:
        
     hostname
     cd /beegfs/data/soukkal/StageM2/Tachinids_genomes/results/Stat_Results/archytas_wood02/
     /beegfs/data/soft/singularity-3.7.2/bin/singularity exec --bind /beegfs/:/beegfs/ /beegfs/data/soukkal/TOOLS/BUSCO.sif busco -i /beegfs/data/soukkal/StageM2/Tachinids_genomes/genomes/archytas_wood02.fna  -l diptera_odb10 -m genome -o BUSCO_results -c 3
     
        (one of the commands exited with non-zero exit code; note that snakemake uses bash strict mode!)
    cluster_jobid: Submitted batch job 3490414

Error executing rule BUSCO on cluster (jobid: 3, external: Submitted batch job 3490414, jobscript: /beegfs/data/soukkal/StageM2/Scripts/BUSCO_jobs/.snakemake/tmp.htiqztbp/snakejob.BUSCO.3.sh). For error details see the cluster log and the log files of the involved rule(s).
[Mon Mar 21 10:38:02 2022]
Error in rule BUSCO:
    jobid: 16
    output: /beegfs/data/soukkal/StageM2/Tachinids_genomes/results/Stat_Results/hyphantrophaga_virilis/BUSCO_results/run_diptera_odb10/full_table.tsv
    shell:
        
     hostname
     cd /beegfs/data/soukkal/StageM2/Tachinids_genomes/results/Stat_Results/hyphantrophaga_virilis/
     /beegfs/data/soft/singularity-3.7.2/bin/singularity exec --bind /beegfs/:/beegfs/ /beegfs/data/soukkal/TOOLS/BUSCO.sif busco -i /beegfs/data/soukkal/StageM2/Tachinids_genomes/genomes/hyphantrophaga_virilis.fna  -l diptera_odb10 -m genome -o BUSCO_results -c 3
     
        (one of the commands exited with non-zero exit code; note that snakemake uses bash strict mode!)
    cluster_jobid: Submitted batch job 3490415

Error executing rule BUSCO on cluster (jobid: 16, external: Submitted batch job 3490415, jobscript: /beegfs/data/soukkal/StageM2/Scripts/BUSCO_jobs/.snakemake/tmp.htiqztbp/snakejob.BUSCO.16.sh). For error details see the cluster log and the log files of the involved rule(s).
[Mon Mar 21 10:38:02 2022]
Error in rule BUSCO:
    jobid: 30
    output: /beegfs/data/soukkal/StageM2/Tachinids_genomes/results/Stat_Results/lixophaga_wood09/BUSCO_results/run_diptera_odb10/full_table.tsv
    shell:
        
     hostname
     cd /beegfs/data/soukkal/StageM2/Tachinids_genomes/results/Stat_Results/lixophaga_wood09/
     /beegfs/data/soft/singularity-3.7.2/bin/singularity exec --bind /beegfs/:/beegfs/ /beegfs/data/soukkal/TOOLS/BUSCO.sif busco -i /beegfs/data/soukkal/StageM2/Tachinids_genomes/genomes/lixophaga_wood09.fna  -l diptera_odb10 -m genome -o BUSCO_results -c 3
     
        (one of the commands exited with non-zero exit code; note that snakemake uses bash strict mode!)
    cluster_jobid: Submitted batch job 3490416

Error executing rule BUSCO on cluster (jobid: 30, external: Submitted batch job 3490416, jobscript: /beegfs/data/soukkal/StageM2/Scripts/BUSCO_jobs/.snakemake/tmp.htiqztbp/snakejob.BUSCO.30.sh). For error details see the cluster log and the log files of the involved rule(s).
[Mon Mar 21 10:38:02 2022]
Error in rule BUSCO:
    jobid: 23
    output: /beegfs/data/soukkal/StageM2/Tachinids_genomes/results/Stat_Results/campylocheta_wood03/BUSCO_results/run_diptera_odb10/full_table.tsv
    shell:
        
     hostname
     cd /beegfs/data/soukkal/StageM2/Tachinids_genomes/results/Stat_Results/campylocheta_wood03/
     /beegfs/data/soft/singularity-3.7.2/bin/singularity exec --bind /beegfs/:/beegfs/ /beegfs/data/soukkal/TOOLS/BUSCO.sif busco -i /beegfs/data/soukkal/StageM2/Tachinids_genomes/genomes/campylocheta_wood03.fna  -l diptera_odb10 -m genome -o BUSCO_results -c 3
     
        (one of the commands exited with non-zero exit code; note that snakemake uses bash strict mode!)
    cluster_jobid: Submitted batch job 3490417

Error executing rule BUSCO on cluster (jobid: 23, external: Submitted batch job 3490417, jobscript: /beegfs/data/soukkal/StageM2/Scripts/BUSCO_jobs/.snakemake/tmp.htiqztbp/snakejob.BUSCO.23.sh). For error details see the cluster log and the log files of the involved rule(s).
[Mon Mar 21 10:38:02 2022]
Error in rule BUSCO:
    jobid: 9
    output: /beegfs/data/soukkal/StageM2/Tachinids_genomes/results/Stat_Results/argyrophylax_wood05/BUSCO_results/run_diptera_odb10/full_table.tsv
    shell:
        
     hostname
     cd /beegfs/data/soukkal/StageM2/Tachinids_genomes/results/Stat_Results/argyrophylax_wood05/
     /beegfs/data/soft/singularity-3.7.2/bin/singularity exec --bind /beegfs/:/beegfs/ /beegfs/data/soukkal/TOOLS/BUSCO.sif busco -i /beegfs/data/soukkal/StageM2/Tachinids_genomes/genomes/argyrophylax_wood05.fna  -l diptera_odb10 -m genome -o BUSCO_results -c 3
     
        (one of the commands exited with non-zero exit code; note that snakemake uses bash strict mode!)
    cluster_jobid: Submitted batch job 3490418

Error executing rule BUSCO on cluster (jobid: 9, external: Submitted batch job 3490418, jobscript: /beegfs/data/soukkal/StageM2/Scripts/BUSCO_jobs/.snakemake/tmp.htiqztbp/snakejob.BUSCO.9.sh). For error details see the cluster log and the log files of the involved rule(s).
[Mon Mar 21 10:38:02 2022]
Error in rule BUSCO:
    jobid: 37
    output: /beegfs/data/soukkal/StageM2/Tachinids_genomes/results/Stat_Results/drino_wood06dhj01/BUSCO_results/run_diptera_odb10/full_table.tsv
    shell:
        
     hostname
     cd /beegfs/data/soukkal/StageM2/Tachinids_genomes/results/Stat_Results/drino_wood06dhj01/
     /beegfs/data/soft/singularity-3.7.2/bin/singularity exec --bind /beegfs/:/beegfs/ /beegfs/data/soukkal/TOOLS/BUSCO.sif busco -i /beegfs/data/soukkal/StageM2/Tachinids_genomes/genomes/drino_wood06dhj01.fna  -l diptera_odb10 -m genome -o BUSCO_results -c 3
     
        (one of the commands exited with non-zero exit code; note that snakemake uses bash strict mode!)
    cluster_jobid: Submitted batch job 3490419

Error executing rule BUSCO on cluster (jobid: 37, external: Submitted batch job 3490419, jobscript: /beegfs/data/soukkal/StageM2/Scripts/BUSCO_jobs/.snakemake/tmp.htiqztbp/snakejob.BUSCO.37.sh). For error details see the cluster log and the log files of the involved rule(s).
[Mon Mar 21 10:38:14 2022]
Error in rule BUSCO:
    jobid: 2
    output: /beegfs/data/soukkal/StageM2/Tachinids_genomes/results/Stat_Results/drino_wood06dhj05/BUSCO_results/run_diptera_odb10/full_table.tsv
    shell:
        
     hostname
     cd /beegfs/data/soukkal/StageM2/Tachinids_genomes/results/Stat_Results/drino_wood06dhj05/
     /beegfs/data/soft/singularity-3.7.2/bin/singularity exec --bind /beegfs/:/beegfs/ /beegfs/data/soukkal/TOOLS/BUSCO.sif busco -i /beegfs/data/soukkal/StageM2/Tachinids_genomes/genomes/drino_wood06dhj05.fna  -l diptera_odb10 -m genome -o BUSCO_results -c 3
     
        (one of the commands exited with non-zero exit code; note that snakemake uses bash strict mode!)
    cluster_jobid: Submitted batch job 3490420

Error executing rule BUSCO on cluster (jobid: 2, external: Submitted batch job 3490420, jobscript: /beegfs/data/soukkal/StageM2/Scripts/BUSCO_jobs/.snakemake/tmp.htiqztbp/snakejob.BUSCO.2.sh). For error details see the cluster log and the log files of the involved rule(s).
[Mon Mar 21 10:38:14 2022]
Error in rule BUSCO:
    jobid: 17
    output: /beegfs/data/soukkal/StageM2/Tachinids_genomes/results/Stat_Results/belvosia_woodley10/BUSCO_results/run_diptera_odb10/full_table.tsv
    shell:
        
     hostname
     cd /beegfs/data/soukkal/StageM2/Tachinids_genomes/results/Stat_Results/belvosia_woodley10/
     /beegfs/data/soft/singularity-3.7.2/bin/singularity exec --bind /beegfs/:/beegfs/ /beegfs/data/soukkal/TOOLS/BUSCO.sif busco -i /beegfs/data/soukkal/StageM2/Tachinids_genomes/genomes/belvosia_woodley10.fna  -l diptera_odb10 -m genome -o BUSCO_results -c 3
     
        (one of the commands exited with non-zero exit code; note that snakemake uses bash strict mode!)
    cluster_jobid: Submitted batch job 3490421

Error executing rule BUSCO on cluster (jobid: 17, external: Submitted batch job 3490421, jobscript: /beegfs/data/soukkal/StageM2/Scripts/BUSCO_jobs/.snakemake/tmp.htiqztbp/snakejob.BUSCO.17.sh). For error details see the cluster log and the log files of the involved rule(s).
[Mon Mar 21 10:38:14 2022]
Error in rule BUSCO:
    jobid: 31
    output: /beegfs/data/soukkal/StageM2/Tachinids_genomes/results/Stat_Results/chrysotachina_wood01/BUSCO_results/run_diptera_odb10/full_table.tsv
    shell:
        
     hostname
     cd /beegfs/data/soukkal/StageM2/Tachinids_genomes/results/Stat_Results/chrysotachina_wood01/
     /beegfs/data/soft/singularity-3.7.2/bin/singularity exec --bind /beegfs/:/beegfs/ /beegfs/data/soukkal/TOOLS/BUSCO.sif busco -i /beegfs/data/soukkal/StageM2/Tachinids_genomes/genomes/chrysotachina_wood01.fna  -l diptera_odb10 -m genome -o BUSCO_results -c 3
     
        (one of the commands exited with non-zero exit code; note that snakemake uses bash strict mode!)
    cluster_jobid: Submitted batch job 3490422

Error executing rule BUSCO on cluster (jobid: 31, external: Submitted batch job 3490422, jobscript: /beegfs/data/soukkal/StageM2/Scripts/BUSCO_jobs/.snakemake/tmp.htiqztbp/snakejob.BUSCO.31.sh). For error details see the cluster log and the log files of the involved rule(s).
[Mon Mar 21 10:38:14 2022]
Error in rule BUSCO:
    jobid: 13
    output: /beegfs/data/soukkal/StageM2/Tachinids_genomes/results/Stat_Results/austrophorocera_wood05/BUSCO_results/run_diptera_odb10/full_table.tsv
    shell:
        
     hostname
     cd /beegfs/data/soukkal/StageM2/Tachinids_genomes/results/Stat_Results/austrophorocera_wood05/
     /beegfs/data/soft/singularity-3.7.2/bin/singularity exec --bind /beegfs/:/beegfs/ /beegfs/data/soukkal/TOOLS/BUSCO.sif busco -i /beegfs/data/soukkal/StageM2/Tachinids_genomes/genomes/austrophorocera_wood05.fna  -l diptera_odb10 -m genome -o BUSCO_results -c 3
     
        (one of the commands exited with non-zero exit code; note that snakemake uses bash strict mode!)
    cluster_jobid: Submitted batch job 3490423

Error executing rule BUSCO on cluster (jobid: 13, external: Submitted batch job 3490423, jobscript: /beegfs/data/soukkal/StageM2/Scripts/BUSCO_jobs/.snakemake/tmp.htiqztbp/snakejob.BUSCO.13.sh). For error details see the cluster log and the log files of the involved rule(s).
[Mon Mar 21 10:38:14 2022]
Error in rule BUSCO:
    jobid: 10
    output: /beegfs/data/soukkal/StageM2/Tachinids_genomes/results/Stat_Results/houghia_brevipilosa/BUSCO_results/run_diptera_odb10/full_table.tsv
    shell:
        
     hostname
     cd /beegfs/data/soukkal/StageM2/Tachinids_genomes/results/Stat_Results/houghia_brevipilosa/
     /beegfs/data/soft/singularity-3.7.2/bin/singularity exec --bind /beegfs/:/beegfs/ /beegfs/data/soukkal/TOOLS/BUSCO.sif busco -i /beegfs/data/soukkal/StageM2/Tachinids_genomes/genomes/houghia_brevipilosa.fna  -l diptera_odb10 -m genome -o BUSCO_results -c 3
     
        (one of the commands exited with non-zero exit code; note that snakemake uses bash strict mode!)
    cluster_jobid: Submitted batch job 3490424

Error executing rule BUSCO on cluster (jobid: 10, external: Submitted batch job 3490424, jobscript: /beegfs/data/soukkal/StageM2/Scripts/BUSCO_jobs/.snakemake/tmp.htiqztbp/snakejob.BUSCO.10.sh). For error details see the cluster log and the log files of the involved rule(s).
[Mon Mar 21 10:38:14 2022]
Error in rule BUSCO:
    jobid: 24
    output: /beegfs/data/soukkal/StageM2/Tachinids_genomes/results/Stat_Results/leskia_janzen27/BUSCO_results/run_diptera_odb10/full_table.tsv
    shell:
        
     hostname
     cd /beegfs/data/soukkal/StageM2/Tachinids_genomes/results/Stat_Results/leskia_janzen27/
     /beegfs/data/soft/singularity-3.7.2/bin/singularity exec --bind /beegfs/:/beegfs/ /beegfs/data/soukkal/TOOLS/BUSCO.sif busco -i /beegfs/data/soukkal/StageM2/Tachinids_genomes/genomes/leskia_janzen27.fna  -l diptera_odb10 -m genome -o BUSCO_results -c 3
     
        (one of the commands exited with non-zero exit code; note that snakemake uses bash strict mode!)
    cluster_jobid: Submitted batch job 3490425

Error executing rule BUSCO on cluster (jobid: 24, external: Submitted batch job 3490425, jobscript: /beegfs/data/soukkal/StageM2/Scripts/BUSCO_jobs/.snakemake/tmp.htiqztbp/snakejob.BUSCO.24.sh). For error details see the cluster log and the log files of the involved rule(s).
[Mon Mar 21 10:38:14 2022]
Error in rule BUSCO:
    jobid: 4
    output: /beegfs/data/soukkal/StageM2/Tachinids_genomes/results/Stat_Results/genea_wood01/BUSCO_results/run_diptera_odb10/full_table.tsv
    shell:
        
     hostname
     cd /beegfs/data/soukkal/StageM2/Tachinids_genomes/results/Stat_Results/genea_wood01/
     /beegfs/data/soft/singularity-3.7.2/bin/singularity exec --bind /beegfs/:/beegfs/ /beegfs/data/soukkal/TOOLS/BUSCO.sif busco -i /beegfs/data/soukkal/StageM2/Tachinids_genomes/genomes/genea_wood01.fna  -l diptera_odb10 -m genome -o BUSCO_results -c 3
     
        (one of the commands exited with non-zero exit code; note that snakemake uses bash strict mode!)
    cluster_jobid: Submitted batch job 3490426

Error executing rule BUSCO on cluster (jobid: 4, external: Submitted batch job 3490426, jobscript: /beegfs/data/soukkal/StageM2/Scripts/BUSCO_jobs/.snakemake/tmp.htiqztbp/snakejob.BUSCO.4.sh). For error details see the cluster log and the log files of the involved rule(s).
[Mon Mar 21 10:38:14 2022]
Error in rule BUSCO:
    jobid: 18
    output: /beegfs/data/soukkal/StageM2/Tachinids_genomes/results/Stat_Results/hyphantrophaga_wood11/BUSCO_results/run_diptera_odb10/full_table.tsv
    shell:
        
     hostname
     cd /beegfs/data/soukkal/StageM2/Tachinids_genomes/results/Stat_Results/hyphantrophaga_wood11/
     /beegfs/data/soft/singularity-3.7.2/bin/singularity exec --bind /beegfs/:/beegfs/ /beegfs/data/soukkal/TOOLS/BUSCO.sif busco -i /beegfs/data/soukkal/StageM2/Tachinids_genomes/genomes/hyphantrophaga_wood11.fna  -l diptera_odb10 -m genome -o BUSCO_results -c 3
     
        (one of the commands exited with non-zero exit code; note that snakemake uses bash strict mode!)
    cluster_jobid: Submitted batch job 3490427

Error executing rule BUSCO on cluster (jobid: 18, external: Submitted batch job 3490427, jobscript: /beegfs/data/soukkal/StageM2/Scripts/BUSCO_jobs/.snakemake/tmp.htiqztbp/snakejob.BUSCO.18.sh). For error details see the cluster log and the log files of the involved rule(s).
[Mon Mar 21 10:38:25 2022]
Error in rule BUSCO:
    jobid: 32
    output: /beegfs/data/soukkal/StageM2/Tachinids_genomes/results/Stat_Results/siphosturmia_rafaelidhj03/BUSCO_results/run_diptera_odb10/full_table.tsv
    shell:
        
     hostname
     cd /beegfs/data/soukkal/StageM2/Tachinids_genomes/results/Stat_Results/siphosturmia_rafaelidhj03/
     /beegfs/data/soft/singularity-3.7.2/bin/singularity exec --bind /beegfs/:/beegfs/ /beegfs/data/soukkal/TOOLS/BUSCO.sif busco -i /beegfs/data/soukkal/StageM2/Tachinids_genomes/genomes/siphosturmia_rafaelidhj03.fna  -l diptera_odb10 -m genome -o BUSCO_results -c 3
     
        (one of the commands exited with non-zero exit code; note that snakemake uses bash strict mode!)
    cluster_jobid: Submitted batch job 3490428

Error executing rule BUSCO on cluster (jobid: 32, external: Submitted batch job 3490428, jobscript: /beegfs/data/soukkal/StageM2/Scripts/BUSCO_jobs/.snakemake/tmp.htiqztbp/snakejob.BUSCO.32.sh). For error details see the cluster log and the log files of the involved rule(s).
[Mon Mar 21 10:38:25 2022]
Error in rule BUSCO:
    jobid: 11
    output: /beegfs/data/soukkal/StageM2/Tachinids_genomes/results/Stat_Results/atacta_brasiliensisdhj01/BUSCO_results/run_diptera_odb10/full_table.tsv
    shell:
        
     hostname
     cd /beegfs/data/soukkal/StageM2/Tachinids_genomes/results/Stat_Results/atacta_brasiliensisdhj01/
     /beegfs/data/soft/singularity-3.7.2/bin/singularity exec --bind /beegfs/:/beegfs/ /beegfs/data/soukkal/TOOLS/BUSCO.sif busco -i /beegfs/data/soukkal/StageM2/Tachinids_genomes/genomes/atacta_brasiliensisdhj01.fna  -l diptera_odb10 -m genome -o BUSCO_results -c 3
     
        (one of the commands exited with non-zero exit code; note that snakemake uses bash strict mode!)
    cluster_jobid: Submitted batch job 3490429

Error executing rule BUSCO on cluster (jobid: 11, external: Submitted batch job 3490429, jobscript: /beegfs/data/soukkal/StageM2/Scripts/BUSCO_jobs/.snakemake/tmp.htiqztbp/snakejob.BUSCO.11.sh). For error details see the cluster log and the log files of the involved rule(s).
[Mon Mar 21 10:38:25 2022]
Error in rule BUSCO:
    jobid: 25
    output: /beegfs/data/soukkal/StageM2/Tachinids_genomes/results/Stat_Results/chetogena_scutellarisdhj01/BUSCO_results/run_diptera_odb10/full_table.tsv
    shell:
        
     hostname
     cd /beegfs/data/soukkal/StageM2/Tachinids_genomes/results/Stat_Results/chetogena_scutellarisdhj01/
     /beegfs/data/soft/singularity-3.7.2/bin/singularity exec --bind /beegfs/:/beegfs/ /beegfs/data/soukkal/TOOLS/BUSCO.sif busco -i /beegfs/data/soukkal/StageM2/Tachinids_genomes/genomes/chetogena_scutellarisdhj01.fna  -l diptera_odb10 -m genome -o BUSCO_results -c 3
     
        (one of the commands exited with non-zero exit code; note that snakemake uses bash strict mode!)
    cluster_jobid: Submitted batch job 3490430

Error executing rule BUSCO on cluster (jobid: 25, external: Submitted batch job 3490430, jobscript: /beegfs/data/soukkal/StageM2/Scripts/BUSCO_jobs/.snakemake/tmp.htiqztbp/snakejob.BUSCO.25.sh). For error details see the cluster log and the log files of the involved rule(s).
[Mon Mar 21 10:38:25 2022]
Error in rule BUSCO:
    jobid: 5
    output: /beegfs/data/soukkal/StageM2/Tachinids_genomes/results/Stat_Results/argyrochaetona_cubanadhj02/BUSCO_results/run_diptera_odb10/full_table.tsv
    shell:
        
     hostname
     cd /beegfs/data/soukkal/StageM2/Tachinids_genomes/results/Stat_Results/argyrochaetona_cubanadhj02/
     /beegfs/data/soft/singularity-3.7.2/bin/singularity exec --bind /beegfs/:/beegfs/ /beegfs/data/soukkal/TOOLS/BUSCO.sif busco -i /beegfs/data/soukkal/StageM2/Tachinids_genomes/genomes/argyrochaetona_cubanadhj02.fna  -l diptera_odb10 -m genome -o BUSCO_results -c 3
     
        (one of the commands exited with non-zero exit code; note that snakemake uses bash strict mode!)
    cluster_jobid: Submitted batch job 3490431

Error executing rule BUSCO on cluster (jobid: 5, external: Submitted batch job 3490431, jobscript: /beegfs/data/soukkal/StageM2/Scripts/BUSCO_jobs/.snakemake/tmp.htiqztbp/snakejob.BUSCO.5.sh). For error details see the cluster log and the log files of the involved rule(s).
[Mon Mar 21 10:38:26 2022]
Error in rule BUSCO:
    jobid: 19
    output: /beegfs/data/soukkal/StageM2/Tachinids_genomes/results/Stat_Results/calolydella_erasmocoronadoi/BUSCO_results/run_diptera_odb10/full_table.tsv
    shell:
        
     hostname
     cd /beegfs/data/soukkal/StageM2/Tachinids_genomes/results/Stat_Results/calolydella_erasmocoronadoi/
     /beegfs/data/soft/singularity-3.7.2/bin/singularity exec --bind /beegfs/:/beegfs/ /beegfs/data/soukkal/TOOLS/BUSCO.sif busco -i /beegfs/data/soukkal/StageM2/Tachinids_genomes/genomes/calolydella_erasmocoronadoi.fna  -l diptera_odb10 -m genome -o BUSCO_results -c 3
     
        (one of the commands exited with non-zero exit code; note that snakemake uses bash strict mode!)
    cluster_jobid: Submitted batch job 3490432

Error executing rule BUSCO on cluster (jobid: 19, external: Submitted batch job 3490432, jobscript: /beegfs/data/soukkal/StageM2/Scripts/BUSCO_jobs/.snakemake/tmp.htiqztbp/snakejob.BUSCO.19.sh). For error details see the cluster log and the log files of the involved rule(s).
[Mon Mar 21 10:38:36 2022]
Error in rule BUSCO:
    jobid: 33
    output: /beegfs/data/soukkal/StageM2/Tachinids_genomes/results/Stat_Results/chrysotachina_wood02dhj02/BUSCO_results/run_diptera_odb10/full_table.tsv
    shell:
        
     hostname
     cd /beegfs/data/soukkal/StageM2/Tachinids_genomes/results/Stat_Results/chrysotachina_wood02dhj02/
     /beegfs/data/soft/singularity-3.7.2/bin/singularity exec --bind /beegfs/:/beegfs/ /beegfs/data/soukkal/TOOLS/BUSCO.sif busco -i /beegfs/data/soukkal/StageM2/Tachinids_genomes/genomes/chrysotachina_wood02dhj02.fna  -l diptera_odb10 -m genome -o BUSCO_results -c 3
     
        (one of the commands exited with non-zero exit code; note that snakemake uses bash strict mode!)
    cluster_jobid: Submitted batch job 3490433

Error executing rule BUSCO on cluster (jobid: 33, external: Submitted batch job 3490433, jobscript: /beegfs/data/soukkal/StageM2/Scripts/BUSCO_jobs/.snakemake/tmp.htiqztbp/snakejob.BUSCO.33.sh). For error details see the cluster log and the log files of the involved rule(s).
[Mon Mar 21 10:38:36 2022]
Error in rule BUSCO:
    jobid: 12
    output: /beegfs/data/soukkal/StageM2/Tachinids_genomes/results/Stat_Results/houghia_graciloides/BUSCO_results/run_diptera_odb10/full_table.tsv
    shell:
        
     hostname
     cd /beegfs/data/soukkal/StageM2/Tachinids_genomes/results/Stat_Results/houghia_graciloides/
     /beegfs/data/soft/singularity-3.7.2/bin/singularity exec --bind /beegfs/:/beegfs/ /beegfs/data/soukkal/TOOLS/BUSCO.sif busco -i /beegfs/data/soukkal/StageM2/Tachinids_genomes/genomes/houghia_graciloides.fna  -l diptera_odb10 -m genome -o BUSCO_results -c 3
     
        (one of the commands exited with non-zero exit code; note that snakemake uses bash strict mode!)
    cluster_jobid: Submitted batch job 3490434

Error executing rule BUSCO on cluster (jobid: 12, external: Submitted batch job 3490434, jobscript: /beegfs/data/soukkal/StageM2/Scripts/BUSCO_jobs/.snakemake/tmp.htiqztbp/snakejob.BUSCO.12.sh). For error details see the cluster log and the log files of the involved rule(s).
[Mon Mar 21 10:38:36 2022]
Error in rule BUSCO:
    jobid: 26
    output: /beegfs/data/soukkal/StageM2/Tachinids_genomes/results/Stat_Results/leskia_wood01dhj03/BUSCO_results/run_diptera_odb10/full_table.tsv
    shell:
        
     hostname
     cd /beegfs/data/soukkal/StageM2/Tachinids_genomes/results/Stat_Results/leskia_wood01dhj03/
     /beegfs/data/soft/singularity-3.7.2/bin/singularity exec --bind /beegfs/:/beegfs/ /beegfs/data/soukkal/TOOLS/BUSCO.sif busco -i /beegfs/data/soukkal/StageM2/Tachinids_genomes/genomes/leskia_wood01dhj03.fna  -l diptera_odb10 -m genome -o BUSCO_results -c 3
     
        (one of the commands exited with non-zero exit code; note that snakemake uses bash strict mode!)
    cluster_jobid: Submitted batch job 3490435

Error executing rule BUSCO on cluster (jobid: 26, external: Submitted batch job 3490435, jobscript: /beegfs/data/soukkal/StageM2/Scripts/BUSCO_jobs/.snakemake/tmp.htiqztbp/snakejob.BUSCO.26.sh). For error details see the cluster log and the log files of the involved rule(s).
[Mon Mar 21 10:38:36 2022]
Error in rule BUSCO:
    jobid: 27
    output: /beegfs/data/soukkal/StageM2/Tachinids_genomes/results/Stat_Results/chrysoexorista_wood01dhj02/BUSCO_results/run_diptera_odb10/full_table.tsv
    shell:
        
     hostname
     cd /beegfs/data/soukkal/StageM2/Tachinids_genomes/results/Stat_Results/chrysoexorista_wood01dhj02/
     /beegfs/data/soft/singularity-3.7.2/bin/singularity exec --bind /beegfs/:/beegfs/ /beegfs/data/soukkal/TOOLS/BUSCO.sif busco -i /beegfs/data/soukkal/StageM2/Tachinids_genomes/genomes/chrysoexorista_wood01dhj02.fna  -l diptera_odb10 -m genome -o BUSCO_results -c 3
     
        (one of the commands exited with non-zero exit code; note that snakemake uses bash strict mode!)
    cluster_jobid: Submitted batch job 3490436

Error executing rule BUSCO on cluster (jobid: 27, external: Submitted batch job 3490436, jobscript: /beegfs/data/soukkal/StageM2/Scripts/BUSCO_jobs/.snakemake/tmp.htiqztbp/snakejob.BUSCO.27.sh). For error details see the cluster log and the log files of the involved rule(s).
Shutting down, this might take some time.
Exiting because a job execution failed. Look above for error message
Complete log: /beegfs/data/soukkal/StageM2/Scripts/BUSCO_jobs/.snakemake/log/2022-03-21T103723.939459.snakemake.log
