Building DAG of jobs...
Using shell: /usr/bin/bash
Provided cluster nodes: 8000
Job counts:
	count	jobs
	40	BUSCO
	1	all
	41

[Thu Mar 10 10:29:21 2022]
rule BUSCO:
    input: /beegfs/data/soukkal/StageM2/Control_genomes/genomes/GCF_001015335.1.fna
    output: /beegfs/data/soukkal/StageM2/Control_genomes/results/BUSCO_Results/GCF_001015335.1/BUSCO_results/full_table.tsv
    jobid: 34
    wildcards: Genome_ID=GCF_001015335.1

Submitted job 34 with external jobid 'Submitted batch job 3452126'.

[Thu Mar 10 10:29:21 2022]
rule BUSCO:
    input: /beegfs/data/soukkal/StageM2/Control_genomes/genomes/GCA_001015115.1.fna
    output: /beegfs/data/soukkal/StageM2/Control_genomes/results/BUSCO_Results/GCA_001015115.1/BUSCO_results/full_table.tsv
    jobid: 6
    wildcards: Genome_ID=GCA_001015115.1

Submitted job 6 with external jobid 'Submitted batch job 3452127'.

[Thu Mar 10 10:29:21 2022]
rule BUSCO:
    input: /beegfs/data/soukkal/StageM2/Control_genomes/genomes/GCA_021234595.1.fna
    output: /beegfs/data/soukkal/StageM2/Control_genomes/results/BUSCO_Results/GCA_021234595.1/BUSCO_results/full_table.tsv
    jobid: 20
    wildcards: Genome_ID=GCA_021234595.1

Submitted job 20 with external jobid 'Submitted batch job 3452128'.

[Thu Mar 10 10:29:21 2022]
rule BUSCO:
    input: /beegfs/data/soukkal/StageM2/Control_genomes/genomes/GCA_920104205.1.fna
    output: /beegfs/data/soukkal/StageM2/Control_genomes/results/BUSCO_Results/GCA_920104205.1/BUSCO_results/full_table.tsv
    jobid: 28
    wildcards: Genome_ID=GCA_920104205.1

Submitted job 28 with external jobid 'Submitted batch job 3452129'.

[Thu Mar 10 10:29:21 2022]
rule BUSCO:
    input: /beegfs/data/soukkal/StageM2/Control_genomes/genomes/GCA_004302925.1.fna
    output: /beegfs/data/soukkal/StageM2/Control_genomes/results/BUSCO_Results/GCA_004302925.1/BUSCO_results/full_table.tsv
    jobid: 14
    wildcards: Genome_ID=GCA_004302925.1

Submitted job 14 with external jobid 'Submitted batch job 3452130'.

[Thu Mar 10 10:29:21 2022]
rule BUSCO:
    input: /beegfs/data/soukkal/StageM2/Control_genomes/genomes/GCA_001015175.1.fna
    output: /beegfs/data/soukkal/StageM2/Control_genomes/results/BUSCO_Results/GCA_001015175.1/BUSCO_results/full_table.tsv
    jobid: 7
    wildcards: Genome_ID=GCA_001015175.1

Submitted job 7 with external jobid 'Submitted batch job 3452131'.

[Thu Mar 10 10:29:21 2022]
rule BUSCO:
    input: /beegfs/data/soukkal/StageM2/Control_genomes/genomes/GCA_905231855.2.fna
    output: /beegfs/data/soukkal/StageM2/Control_genomes/results/BUSCO_Results/GCA_905231855.2/BUSCO_results/full_table.tsv
    jobid: 21
    wildcards: Genome_ID=GCA_905231855.2

Submitted job 21 with external jobid 'Submitted batch job 3452132'.

[Thu Mar 10 10:29:21 2022]
rule BUSCO:
    input: /beegfs/data/soukkal/StageM2/Control_genomes/genomes/GCF_002237135.1.fna
    output: /beegfs/data/soukkal/StageM2/Control_genomes/results/BUSCO_Results/GCF_002237135.1/BUSCO_results/full_table.tsv
    jobid: 35
    wildcards: Genome_ID=GCF_002237135.1

Submitted job 35 with external jobid 'Submitted batch job 3452133'.

[Thu Mar 10 10:29:21 2022]
rule BUSCO:
    input: /beegfs/data/soukkal/StageM2/Control_genomes/genomes/GCA_920105625.1.fna
    output: /beegfs/data/soukkal/StageM2/Control_genomes/results/BUSCO_Results/GCA_920105625.1/BUSCO_results/full_table.tsv
    jobid: 29
    wildcards: Genome_ID=GCA_920105625.1

Submitted job 29 with external jobid 'Submitted batch job 3452134'.

[Thu Mar 10 10:29:21 2022]
rule BUSCO:
    input: /beegfs/data/soukkal/StageM2/Control_genomes/genomes/GCA_005959815.1.fna
    output: /beegfs/data/soukkal/StageM2/Control_genomes/results/BUSCO_Results/GCA_005959815.1/BUSCO_results/full_table.tsv
    jobid: 15
    wildcards: Genome_ID=GCA_005959815.1

Submitted job 15 with external jobid 'Submitted batch job 3452135'.

[Thu Mar 10 10:29:21 2022]
rule BUSCO:
    input: /beegfs/data/soukkal/StageM2/Control_genomes/genomes/GCA_001014415.1.fna
    output: /beegfs/data/soukkal/StageM2/Control_genomes/results/BUSCO_Results/GCA_001014415.1/BUSCO_results/full_table.tsv
    jobid: 1
    wildcards: Genome_ID=GCA_001014415.1

Submitted job 1 with external jobid 'Submitted batch job 3452136'.

[Thu Mar 10 10:29:21 2022]
rule BUSCO:
    input: /beegfs/data/soukkal/StageM2/Control_genomes/genomes/GCA_001017275.1.fna
    output: /beegfs/data/soukkal/StageM2/Control_genomes/results/BUSCO_Results/GCA_001017275.1/BUSCO_results/full_table.tsv
    jobid: 8
    wildcards: Genome_ID=GCA_001017275.1

Submitted job 8 with external jobid 'Submitted batch job 3452137'.

[Thu Mar 10 10:29:21 2022]
rule BUSCO:
    input: /beegfs/data/soukkal/StageM2/Control_genomes/genomes/GCA_907269105.1.fna
    output: /beegfs/data/soukkal/StageM2/Control_genomes/results/BUSCO_Results/GCA_907269105.1/BUSCO_results/full_table.tsv
    jobid: 22
    wildcards: Genome_ID=GCA_907269105.1

Submitted job 22 with external jobid 'Submitted batch job 3452138'.

[Thu Mar 10 10:29:21 2022]
rule BUSCO:
    input: /beegfs/data/soukkal/StageM2/Control_genomes/genomes/GCF_009650485.1.fna
    output: /beegfs/data/soukkal/StageM2/Control_genomes/results/BUSCO_Results/GCF_009650485.1/BUSCO_results/full_table.tsv
    jobid: 36
    wildcards: Genome_ID=GCF_009650485.1

Submitted job 36 with external jobid 'Submitted batch job 3452139'.

[Thu Mar 10 10:29:21 2022]
rule BUSCO:
    input: /beegfs/data/soukkal/StageM2/Control_genomes/genomes/GCA_001014675.1.fna
    output: /beegfs/data/soukkal/StageM2/Control_genomes/results/BUSCO_Results/GCA_001014675.1/BUSCO_results/full_table.tsv
    jobid: 3
    wildcards: Genome_ID=GCA_001014675.1

Submitted job 3 with external jobid 'Submitted batch job 3452140'.

[Thu Mar 10 10:29:21 2022]
rule BUSCO:
    input: /beegfs/data/soukkal/StageM2/Control_genomes/genomes/GCA_014858695.1.fna
    output: /beegfs/data/soukkal/StageM2/Control_genomes/results/BUSCO_Results/GCA_014858695.1/BUSCO_results/full_table.tsv
    jobid: 16
    wildcards: Genome_ID=GCA_014858695.1

Submitted job 16 with external jobid 'Submitted batch job 3452141'.

[Thu Mar 10 10:29:21 2022]
rule BUSCO:
    input: /beegfs/data/soukkal/StageM2/Control_genomes/genomes/GCA_922984085.1.fna
    output: /beegfs/data/soukkal/StageM2/Control_genomes/results/BUSCO_Results/GCA_922984085.1/BUSCO_results/full_table.tsv
    jobid: 30
    wildcards: Genome_ID=GCA_922984085.1

Submitted job 30 with external jobid 'Submitted batch job 3452142'.

[Thu Mar 10 10:29:21 2022]
rule BUSCO:
    input: /beegfs/data/soukkal/StageM2/Control_genomes/genomes/GCA_914767635.1.fna
    output: /beegfs/data/soukkal/StageM2/Control_genomes/results/BUSCO_Results/GCA_914767635.1/BUSCO_results/full_table.tsv
    jobid: 23
    wildcards: Genome_ID=GCA_914767635.1

Submitted job 23 with external jobid 'Submitted batch job 3452143'.

[Thu Mar 10 10:29:21 2022]
rule BUSCO:
    input: /beegfs/data/soukkal/StageM2/Control_genomes/genomes/GCA_001017515.1.fna
    output: /beegfs/data/soukkal/StageM2/Control_genomes/results/BUSCO_Results/GCA_001017515.1/BUSCO_results/full_table.tsv
    jobid: 9
    wildcards: Genome_ID=GCA_001017515.1

Submitted job 9 with external jobid 'Submitted batch job 3452144'.

[Thu Mar 10 10:29:21 2022]
rule BUSCO:
    input: /beegfs/data/soukkal/StageM2/Control_genomes/genomes/GCF_013340165.1.fna
    output: /beegfs/data/soukkal/StageM2/Control_genomes/results/BUSCO_Results/GCF_013340165.1/BUSCO_results/full_table.tsv
    jobid: 37
    wildcards: Genome_ID=GCF_013340165.1

Submitted job 37 with external jobid 'Submitted batch job 3452145'.

[Thu Mar 10 10:29:21 2022]
rule BUSCO:
    input: /beegfs/data/soukkal/StageM2/Control_genomes/genomes/GCA_001014575.1.fna
    output: /beegfs/data/soukkal/StageM2/Control_genomes/results/BUSCO_Results/GCA_001014575.1/BUSCO_results/full_table.tsv
    jobid: 2
    wildcards: Genome_ID=GCA_001014575.1

Submitted job 2 with external jobid 'Submitted batch job 3452146'.

[Thu Mar 10 10:29:22 2022]
rule BUSCO:
    input: /beegfs/data/soukkal/StageM2/Control_genomes/genomes/GCA_017309665.1.fna
    output: /beegfs/data/soukkal/StageM2/Control_genomes/results/BUSCO_Results/GCA_017309665.1/BUSCO_results/full_table.tsv
    jobid: 17
    wildcards: Genome_ID=GCA_017309665.1

Submitted job 17 with external jobid 'Submitted batch job 3452147'.

[Thu Mar 10 10:29:22 2022]
rule BUSCO:
    input: /beegfs/data/soukkal/StageM2/Control_genomes/genomes/GCF_000001215.4.fna
    output: /beegfs/data/soukkal/StageM2/Control_genomes/results/BUSCO_Results/GCF_000001215.4/BUSCO_results/full_table.tsv
    jobid: 31
    wildcards: Genome_ID=GCF_000001215.4

Submitted job 31 with external jobid 'Submitted batch job 3452148'.

[Thu Mar 10 10:29:22 2022]
rule BUSCO:
    input: /beegfs/data/soukkal/StageM2/Control_genomes/genomes/GCA_003952975.1.fna
    output: /beegfs/data/soukkal/StageM2/Control_genomes/results/BUSCO_Results/GCA_003952975.1/BUSCO_results/full_table.tsv
    jobid: 13
    wildcards: Genome_ID=GCA_003952975.1

Submitted job 13 with external jobid 'Submitted batch job 3452149'.

[Thu Mar 10 10:29:22 2022]
rule BUSCO:
    input: /beegfs/data/soukkal/StageM2/Control_genomes/genomes/GCA_001735545.1.fna
    output: /beegfs/data/soukkal/StageM2/Control_genomes/results/BUSCO_Results/GCA_001735545.1/BUSCO_results/full_table.tsv
    jobid: 10
    wildcards: Genome_ID=GCA_001735545.1

Submitted job 10 with external jobid 'Submitted batch job 3452150'.

[Thu Mar 10 10:29:22 2022]
rule BUSCO:
    input: /beegfs/data/soukkal/StageM2/Control_genomes/genomes/GCA_914767935.1.fna
    output: /beegfs/data/soukkal/StageM2/Control_genomes/results/BUSCO_Results/GCA_914767935.1/BUSCO_results/full_table.tsv
    jobid: 24
    wildcards: Genome_ID=GCA_914767935.1

Submitted job 24 with external jobid 'Submitted batch job 3452151'.

[Thu Mar 10 10:29:22 2022]
rule BUSCO:
    input: /beegfs/data/soukkal/StageM2/Control_genomes/genomes/GCF_013731165.1.fna
    output: /beegfs/data/soukkal/StageM2/Control_genomes/results/BUSCO_Results/GCF_013731165.1/BUSCO_results/full_table.tsv
    jobid: 38
    wildcards: Genome_ID=GCF_013731165.1

Submitted job 38 with external jobid 'Submitted batch job 3452152'.

[Thu Mar 10 10:29:22 2022]
rule BUSCO:
    input: /beegfs/data/soukkal/StageM2/Control_genomes/genomes/GCA_001014935.1.fna
    output: /beegfs/data/soukkal/StageM2/Control_genomes/results/BUSCO_Results/GCA_001014935.1/BUSCO_results/full_table.tsv
    jobid: 4
    wildcards: Genome_ID=GCA_001014935.1

Submitted job 4 with external jobid 'Submitted batch job 3452153'.

[Thu Mar 10 10:29:22 2022]
rule BUSCO:
    input: /beegfs/data/soukkal/StageM2/Control_genomes/genomes/GCA_019455685.1.fna
    output: /beegfs/data/soukkal/StageM2/Control_genomes/results/BUSCO_Results/GCA_019455685.1/BUSCO_results/full_table.tsv
    jobid: 18
    wildcards: Genome_ID=GCA_019455685.1

Submitted job 18 with external jobid 'Submitted batch job 3452154'.

[Thu Mar 10 10:29:22 2022]
rule BUSCO:
    input: /beegfs/data/soukkal/StageM2/Control_genomes/genomes/GCF_000347755.3.fna
    output: /beegfs/data/soukkal/StageM2/Control_genomes/results/BUSCO_Results/GCF_000347755.3/BUSCO_results/full_table.tsv
    jobid: 32
    wildcards: Genome_ID=GCF_000347755.3

Submitted job 32 with external jobid 'Submitted batch job 3452155'.

[Thu Mar 10 10:29:22 2022]
rule BUSCO:
    input: /beegfs/data/soukkal/StageM2/Control_genomes/genomes/GCA_003055125.1.fna
    output: /beegfs/data/soukkal/StageM2/Control_genomes/results/BUSCO_Results/GCA_003055125.1/BUSCO_results/full_table.tsv
    jobid: 11
    wildcards: Genome_ID=GCA_003055125.1

Submitted job 11 with external jobid 'Submitted batch job 3452156'.

[Thu Mar 10 10:29:22 2022]
rule BUSCO:
    input: /beegfs/data/soukkal/StageM2/Control_genomes/genomes/GCA_916048285.2.fna
    output: /beegfs/data/soukkal/StageM2/Control_genomes/results/BUSCO_Results/GCA_916048285.2/BUSCO_results/full_table.tsv
    jobid: 25
    wildcards: Genome_ID=GCA_916048285.2

Submitted job 25 with external jobid 'Submitted batch job 3452157'.

[Thu Mar 10 10:29:22 2022]
rule BUSCO:
    input: /beegfs/data/soukkal/StageM2/Control_genomes/genomes/GCF_014805625.1.fna
    output: /beegfs/data/soukkal/StageM2/Control_genomes/results/BUSCO_Results/GCF_014805625.1/BUSCO_results/full_table.tsv
    jobid: 39
    wildcards: Genome_ID=GCF_014805625.1

Submitted job 39 with external jobid 'Submitted batch job 3452158'.

[Thu Mar 10 10:29:22 2022]
rule BUSCO:
    input: /beegfs/data/soukkal/StageM2/Control_genomes/genomes/GCA_001015075.1.fna
    output: /beegfs/data/soukkal/StageM2/Control_genomes/results/BUSCO_Results/GCA_001015075.1/BUSCO_results/full_table.tsv
    jobid: 5
    wildcards: Genome_ID=GCA_001015075.1

Submitted job 5 with external jobid 'Submitted batch job 3452159'.

[Thu Mar 10 10:29:22 2022]
rule BUSCO:
    input: /beegfs/data/soukkal/StageM2/Control_genomes/genomes/GCA_020466095.1.fna
    output: /beegfs/data/soukkal/StageM2/Control_genomes/results/BUSCO_Results/GCA_020466095.1/BUSCO_results/full_table.tsv
    jobid: 19
    wildcards: Genome_ID=GCA_020466095.1

Submitted job 19 with external jobid 'Submitted batch job 3452160'.

[Thu Mar 10 10:29:22 2022]
rule BUSCO:
    input: /beegfs/data/soukkal/StageM2/Control_genomes/genomes/GCF_000699065.1.fna
    output: /beegfs/data/soukkal/StageM2/Control_genomes/results/BUSCO_Results/GCF_000699065.1/BUSCO_results/full_table.tsv
    jobid: 33
    wildcards: Genome_ID=GCF_000699065.1

Submitted job 33 with external jobid 'Submitted batch job 3452161'.

[Thu Mar 10 10:29:22 2022]
rule BUSCO:
    input: /beegfs/data/soukkal/StageM2/Control_genomes/genomes/GCA_003123925.1.fna
    output: /beegfs/data/soukkal/StageM2/Control_genomes/results/BUSCO_Results/GCA_003123925.1/BUSCO_results/full_table.tsv
    jobid: 12
    wildcards: Genome_ID=GCA_003123925.1

Submitted job 12 with external jobid 'Submitted batch job 3452162'.

[Thu Mar 10 10:29:22 2022]
rule BUSCO:
    input: /beegfs/data/soukkal/StageM2/Control_genomes/genomes/GCA_916050605.2.fna
    output: /beegfs/data/soukkal/StageM2/Control_genomes/results/BUSCO_Results/GCA_916050605.2/BUSCO_results/full_table.tsv
    jobid: 26
    wildcards: Genome_ID=GCA_916050605.2

Submitted job 26 with external jobid 'Submitted batch job 3452163'.

[Thu Mar 10 10:29:22 2022]
rule BUSCO:
    input: /beegfs/data/soukkal/StageM2/Control_genomes/genomes/GCF_016617805.1.fna
    output: /beegfs/data/soukkal/StageM2/Control_genomes/results/BUSCO_Results/GCF_016617805.1/BUSCO_results/full_table.tsv
    jobid: 40
    wildcards: Genome_ID=GCF_016617805.1

Submitted job 40 with external jobid 'Submitted batch job 3452164'.

[Thu Mar 10 10:29:22 2022]
rule BUSCO:
    input: /beegfs/data/soukkal/StageM2/Control_genomes/genomes/GCA_917880715.2.fna
    output: /beegfs/data/soukkal/StageM2/Control_genomes/results/BUSCO_Results/GCA_917880715.2/BUSCO_results/full_table.tsv
    jobid: 27
    wildcards: Genome_ID=GCA_917880715.2

Submitted job 27 with external jobid 'Submitted batch job 3452165'.
[Thu Mar 10 12:49:34 2022]
Error in rule BUSCO:
    jobid: 6
    output: /beegfs/data/soukkal/StageM2/Control_genomes/results/BUSCO_Results/GCA_001015115.1/BUSCO_results/full_table.tsv
    shell:
        
     hostname
     cd /beegfs/data/soukkal/StageM2/Control_genomes/results/BUSCO_Results/GCA_001015115.1/
     /beegfs/data/soft/singularity-3.7.2/bin/singularity exec --bind /beegfs/:/beegfs/ /beegfs/data/soukkal/TOOLS/BUSCO.sif busco -i /beegfs/data/soukkal/StageM2/Control_genomes/genomes/GCA_001015115.1.fna  -l arthropoda_odb10 -m genome -o BUSCO_results -c 3 -f
     
        (one of the commands exited with non-zero exit code; note that snakemake uses bash strict mode!)
    cluster_jobid: Submitted batch job 3452127

Error executing rule BUSCO on cluster (jobid: 6, external: Submitted batch job 3452127, jobscript: /beegfs/data/soukkal/StageM2/Scripts/BUSCO_jobs/.snakemake/tmp.4wm1s212/snakejob.BUSCO.6.sh). For error details see the cluster log and the log files of the involved rule(s).
[Thu Mar 10 13:51:16 2022]
Error in rule BUSCO:
    jobid: 14
    output: /beegfs/data/soukkal/StageM2/Control_genomes/results/BUSCO_Results/GCA_004302925.1/BUSCO_results/full_table.tsv
    shell:
        
     hostname
     cd /beegfs/data/soukkal/StageM2/Control_genomes/results/BUSCO_Results/GCA_004302925.1/
     /beegfs/data/soft/singularity-3.7.2/bin/singularity exec --bind /beegfs/:/beegfs/ /beegfs/data/soukkal/TOOLS/BUSCO.sif busco -i /beegfs/data/soukkal/StageM2/Control_genomes/genomes/GCA_004302925.1.fna  -l arthropoda_odb10 -m genome -o BUSCO_results -c 3 -f
     
        (one of the commands exited with non-zero exit code; note that snakemake uses bash strict mode!)
    cluster_jobid: Submitted batch job 3452130

Error executing rule BUSCO on cluster (jobid: 14, external: Submitted batch job 3452130, jobscript: /beegfs/data/soukkal/StageM2/Scripts/BUSCO_jobs/.snakemake/tmp.4wm1s212/snakejob.BUSCO.14.sh). For error details see the cluster log and the log files of the involved rule(s).
[Thu Mar 10 14:05:23 2022]
Error in rule BUSCO:
    jobid: 7
    output: /beegfs/data/soukkal/StageM2/Control_genomes/results/BUSCO_Results/GCA_001015175.1/BUSCO_results/full_table.tsv
    shell:
        
     hostname
     cd /beegfs/data/soukkal/StageM2/Control_genomes/results/BUSCO_Results/GCA_001015175.1/
     /beegfs/data/soft/singularity-3.7.2/bin/singularity exec --bind /beegfs/:/beegfs/ /beegfs/data/soukkal/TOOLS/BUSCO.sif busco -i /beegfs/data/soukkal/StageM2/Control_genomes/genomes/GCA_001015175.1.fna  -l arthropoda_odb10 -m genome -o BUSCO_results -c 3 -f
     
        (one of the commands exited with non-zero exit code; note that snakemake uses bash strict mode!)
    cluster_jobid: Submitted batch job 3452131

Error executing rule BUSCO on cluster (jobid: 7, external: Submitted batch job 3452131, jobscript: /beegfs/data/soukkal/StageM2/Scripts/BUSCO_jobs/.snakemake/tmp.4wm1s212/snakejob.BUSCO.7.sh). For error details see the cluster log and the log files of the involved rule(s).
[Thu Mar 10 14:05:23 2022]
Error in rule BUSCO:
    jobid: 1
    output: /beegfs/data/soukkal/StageM2/Control_genomes/results/BUSCO_Results/GCA_001014415.1/BUSCO_results/full_table.tsv
    shell:
        
     hostname
     cd /beegfs/data/soukkal/StageM2/Control_genomes/results/BUSCO_Results/GCA_001014415.1/
     /beegfs/data/soft/singularity-3.7.2/bin/singularity exec --bind /beegfs/:/beegfs/ /beegfs/data/soukkal/TOOLS/BUSCO.sif busco -i /beegfs/data/soukkal/StageM2/Control_genomes/genomes/GCA_001014415.1.fna  -l arthropoda_odb10 -m genome -o BUSCO_results -c 3 -f
     
        (one of the commands exited with non-zero exit code; note that snakemake uses bash strict mode!)
    cluster_jobid: Submitted batch job 3452136

Error executing rule BUSCO on cluster (jobid: 1, external: Submitted batch job 3452136, jobscript: /beegfs/data/soukkal/StageM2/Scripts/BUSCO_jobs/.snakemake/tmp.4wm1s212/snakejob.BUSCO.1.sh). For error details see the cluster log and the log files of the involved rule(s).
[Thu Mar 10 14:11:41 2022]
Error in rule BUSCO:
    jobid: 36
    output: /beegfs/data/soukkal/StageM2/Control_genomes/results/BUSCO_Results/GCF_009650485.1/BUSCO_results/full_table.tsv
    shell:
        
     hostname
     cd /beegfs/data/soukkal/StageM2/Control_genomes/results/BUSCO_Results/GCF_009650485.1/
     /beegfs/data/soft/singularity-3.7.2/bin/singularity exec --bind /beegfs/:/beegfs/ /beegfs/data/soukkal/TOOLS/BUSCO.sif busco -i /beegfs/data/soukkal/StageM2/Control_genomes/genomes/GCF_009650485.1.fna  -l arthropoda_odb10 -m genome -o BUSCO_results -c 3 -f
     
        (one of the commands exited with non-zero exit code; note that snakemake uses bash strict mode!)
    cluster_jobid: Submitted batch job 3452139

Error executing rule BUSCO on cluster (jobid: 36, external: Submitted batch job 3452139, jobscript: /beegfs/data/soukkal/StageM2/Scripts/BUSCO_jobs/.snakemake/tmp.4wm1s212/snakejob.BUSCO.36.sh). For error details see the cluster log and the log files of the involved rule(s).
[Thu Mar 10 14:45:08 2022]
Error in rule BUSCO:
    jobid: 16
    output: /beegfs/data/soukkal/StageM2/Control_genomes/results/BUSCO_Results/GCA_014858695.1/BUSCO_results/full_table.tsv
    shell:
        
     hostname
     cd /beegfs/data/soukkal/StageM2/Control_genomes/results/BUSCO_Results/GCA_014858695.1/
     /beegfs/data/soft/singularity-3.7.2/bin/singularity exec --bind /beegfs/:/beegfs/ /beegfs/data/soukkal/TOOLS/BUSCO.sif busco -i /beegfs/data/soukkal/StageM2/Control_genomes/genomes/GCA_014858695.1.fna  -l arthropoda_odb10 -m genome -o BUSCO_results -c 3 -f
     
        (one of the commands exited with non-zero exit code; note that snakemake uses bash strict mode!)
    cluster_jobid: Submitted batch job 3452141

Error executing rule BUSCO on cluster (jobid: 16, external: Submitted batch job 3452141, jobscript: /beegfs/data/soukkal/StageM2/Scripts/BUSCO_jobs/.snakemake/tmp.4wm1s212/snakejob.BUSCO.16.sh). For error details see the cluster log and the log files of the involved rule(s).
[Thu Mar 10 14:52:57 2022]
Error in rule BUSCO:
    jobid: 2
    output: /beegfs/data/soukkal/StageM2/Control_genomes/results/BUSCO_Results/GCA_001014575.1/BUSCO_results/full_table.tsv
    shell:
        
     hostname
     cd /beegfs/data/soukkal/StageM2/Control_genomes/results/BUSCO_Results/GCA_001014575.1/
     /beegfs/data/soft/singularity-3.7.2/bin/singularity exec --bind /beegfs/:/beegfs/ /beegfs/data/soukkal/TOOLS/BUSCO.sif busco -i /beegfs/data/soukkal/StageM2/Control_genomes/genomes/GCA_001014575.1.fna  -l arthropoda_odb10 -m genome -o BUSCO_results -c 3 -f
     
        (one of the commands exited with non-zero exit code; note that snakemake uses bash strict mode!)
    cluster_jobid: Submitted batch job 3452146

Error executing rule BUSCO on cluster (jobid: 2, external: Submitted batch job 3452146, jobscript: /beegfs/data/soukkal/StageM2/Scripts/BUSCO_jobs/.snakemake/tmp.4wm1s212/snakejob.BUSCO.2.sh). For error details see the cluster log and the log files of the involved rule(s).
[Thu Mar 10 15:00:59 2022]
Error in rule BUSCO:
    jobid: 31
    output: /beegfs/data/soukkal/StageM2/Control_genomes/results/BUSCO_Results/GCF_000001215.4/BUSCO_results/full_table.tsv
    shell:
        
     hostname
     cd /beegfs/data/soukkal/StageM2/Control_genomes/results/BUSCO_Results/GCF_000001215.4/
     /beegfs/data/soft/singularity-3.7.2/bin/singularity exec --bind /beegfs/:/beegfs/ /beegfs/data/soukkal/TOOLS/BUSCO.sif busco -i /beegfs/data/soukkal/StageM2/Control_genomes/genomes/GCF_000001215.4.fna  -l arthropoda_odb10 -m genome -o BUSCO_results -c 3 -f
     
        (one of the commands exited with non-zero exit code; note that snakemake uses bash strict mode!)
    cluster_jobid: Submitted batch job 3452148

Error executing rule BUSCO on cluster (jobid: 31, external: Submitted batch job 3452148, jobscript: /beegfs/data/soukkal/StageM2/Scripts/BUSCO_jobs/.snakemake/tmp.4wm1s212/snakejob.BUSCO.31.sh). For error details see the cluster log and the log files of the involved rule(s).
[Thu Mar 10 15:05:07 2022]
Error in rule BUSCO:
    jobid: 30
    output: /beegfs/data/soukkal/StageM2/Control_genomes/results/BUSCO_Results/GCA_922984085.1/BUSCO_results/full_table.tsv
    shell:
        
     hostname
     cd /beegfs/data/soukkal/StageM2/Control_genomes/results/BUSCO_Results/GCA_922984085.1/
     /beegfs/data/soft/singularity-3.7.2/bin/singularity exec --bind /beegfs/:/beegfs/ /beegfs/data/soukkal/TOOLS/BUSCO.sif busco -i /beegfs/data/soukkal/StageM2/Control_genomes/genomes/GCA_922984085.1.fna  -l arthropoda_odb10 -m genome -o BUSCO_results -c 3 -f
     
        (one of the commands exited with non-zero exit code; note that snakemake uses bash strict mode!)
    cluster_jobid: Submitted batch job 3452142

Error executing rule BUSCO on cluster (jobid: 30, external: Submitted batch job 3452142, jobscript: /beegfs/data/soukkal/StageM2/Scripts/BUSCO_jobs/.snakemake/tmp.4wm1s212/snakejob.BUSCO.30.sh). For error details see the cluster log and the log files of the involved rule(s).
[Thu Mar 10 15:08:09 2022]
Error in rule BUSCO:
    jobid: 13
    output: /beegfs/data/soukkal/StageM2/Control_genomes/results/BUSCO_Results/GCA_003952975.1/BUSCO_results/full_table.tsv
    shell:
        
     hostname
     cd /beegfs/data/soukkal/StageM2/Control_genomes/results/BUSCO_Results/GCA_003952975.1/
     /beegfs/data/soft/singularity-3.7.2/bin/singularity exec --bind /beegfs/:/beegfs/ /beegfs/data/soukkal/TOOLS/BUSCO.sif busco -i /beegfs/data/soukkal/StageM2/Control_genomes/genomes/GCA_003952975.1.fna  -l arthropoda_odb10 -m genome -o BUSCO_results -c 3 -f
     
        (one of the commands exited with non-zero exit code; note that snakemake uses bash strict mode!)
    cluster_jobid: Submitted batch job 3452149

Error executing rule BUSCO on cluster (jobid: 13, external: Submitted batch job 3452149, jobscript: /beegfs/data/soukkal/StageM2/Scripts/BUSCO_jobs/.snakemake/tmp.4wm1s212/snakejob.BUSCO.13.sh). For error details see the cluster log and the log files of the involved rule(s).
[Thu Mar 10 15:09:52 2022]
Error in rule BUSCO:
    jobid: 8
    output: /beegfs/data/soukkal/StageM2/Control_genomes/results/BUSCO_Results/GCA_001017275.1/BUSCO_results/full_table.tsv
    shell:
        
     hostname
     cd /beegfs/data/soukkal/StageM2/Control_genomes/results/BUSCO_Results/GCA_001017275.1/
     /beegfs/data/soft/singularity-3.7.2/bin/singularity exec --bind /beegfs/:/beegfs/ /beegfs/data/soukkal/TOOLS/BUSCO.sif busco -i /beegfs/data/soukkal/StageM2/Control_genomes/genomes/GCA_001017275.1.fna  -l arthropoda_odb10 -m genome -o BUSCO_results -c 3 -f
     
        (one of the commands exited with non-zero exit code; note that snakemake uses bash strict mode!)
    cluster_jobid: Submitted batch job 3452137

Error executing rule BUSCO on cluster (jobid: 8, external: Submitted batch job 3452137, jobscript: /beegfs/data/soukkal/StageM2/Scripts/BUSCO_jobs/.snakemake/tmp.4wm1s212/snakejob.BUSCO.8.sh). For error details see the cluster log and the log files of the involved rule(s).
[Thu Mar 10 15:12:55 2022]
Error in rule BUSCO:
    jobid: 4
    output: /beegfs/data/soukkal/StageM2/Control_genomes/results/BUSCO_Results/GCA_001014935.1/BUSCO_results/full_table.tsv
    shell:
        
     hostname
     cd /beegfs/data/soukkal/StageM2/Control_genomes/results/BUSCO_Results/GCA_001014935.1/
     /beegfs/data/soft/singularity-3.7.2/bin/singularity exec --bind /beegfs/:/beegfs/ /beegfs/data/soukkal/TOOLS/BUSCO.sif busco -i /beegfs/data/soukkal/StageM2/Control_genomes/genomes/GCA_001014935.1.fna  -l arthropoda_odb10 -m genome -o BUSCO_results -c 3 -f
     
        (one of the commands exited with non-zero exit code; note that snakemake uses bash strict mode!)
    cluster_jobid: Submitted batch job 3452153

Error executing rule BUSCO on cluster (jobid: 4, external: Submitted batch job 3452153, jobscript: /beegfs/data/soukkal/StageM2/Scripts/BUSCO_jobs/.snakemake/tmp.4wm1s212/snakejob.BUSCO.4.sh). For error details see the cluster log and the log files of the involved rule(s).
[Thu Mar 10 15:13:30 2022]
Error in rule BUSCO:
    jobid: 3
    output: /beegfs/data/soukkal/StageM2/Control_genomes/results/BUSCO_Results/GCA_001014675.1/BUSCO_results/full_table.tsv
    shell:
        
     hostname
     cd /beegfs/data/soukkal/StageM2/Control_genomes/results/BUSCO_Results/GCA_001014675.1/
     /beegfs/data/soft/singularity-3.7.2/bin/singularity exec --bind /beegfs/:/beegfs/ /beegfs/data/soukkal/TOOLS/BUSCO.sif busco -i /beegfs/data/soukkal/StageM2/Control_genomes/genomes/GCA_001014675.1.fna  -l arthropoda_odb10 -m genome -o BUSCO_results -c 3 -f
     
        (one of the commands exited with non-zero exit code; note that snakemake uses bash strict mode!)
    cluster_jobid: Submitted batch job 3452140

Error executing rule BUSCO on cluster (jobid: 3, external: Submitted batch job 3452140, jobscript: /beegfs/data/soukkal/StageM2/Scripts/BUSCO_jobs/.snakemake/tmp.4wm1s212/snakejob.BUSCO.3.sh). For error details see the cluster log and the log files of the involved rule(s).
[Thu Mar 10 15:27:56 2022]
Error in rule BUSCO:
    jobid: 37
    output: /beegfs/data/soukkal/StageM2/Control_genomes/results/BUSCO_Results/GCF_013340165.1/BUSCO_results/full_table.tsv
    shell:
        
     hostname
     cd /beegfs/data/soukkal/StageM2/Control_genomes/results/BUSCO_Results/GCF_013340165.1/
     /beegfs/data/soft/singularity-3.7.2/bin/singularity exec --bind /beegfs/:/beegfs/ /beegfs/data/soukkal/TOOLS/BUSCO.sif busco -i /beegfs/data/soukkal/StageM2/Control_genomes/genomes/GCF_013340165.1.fna  -l arthropoda_odb10 -m genome -o BUSCO_results -c 3 -f
     
        (one of the commands exited with non-zero exit code; note that snakemake uses bash strict mode!)
    cluster_jobid: Submitted batch job 3452145

Error executing rule BUSCO on cluster (jobid: 37, external: Submitted batch job 3452145, jobscript: /beegfs/data/soukkal/StageM2/Scripts/BUSCO_jobs/.snakemake/tmp.4wm1s212/snakejob.BUSCO.37.sh). For error details see the cluster log and the log files of the involved rule(s).
[Thu Mar 10 15:30:08 2022]
Error in rule BUSCO:
    jobid: 21
    output: /beegfs/data/soukkal/StageM2/Control_genomes/results/BUSCO_Results/GCA_905231855.2/BUSCO_results/full_table.tsv
    shell:
        
     hostname
     cd /beegfs/data/soukkal/StageM2/Control_genomes/results/BUSCO_Results/GCA_905231855.2/
     /beegfs/data/soft/singularity-3.7.2/bin/singularity exec --bind /beegfs/:/beegfs/ /beegfs/data/soukkal/TOOLS/BUSCO.sif busco -i /beegfs/data/soukkal/StageM2/Control_genomes/genomes/GCA_905231855.2.fna  -l arthropoda_odb10 -m genome -o BUSCO_results -c 3 -f
     
        (one of the commands exited with non-zero exit code; note that snakemake uses bash strict mode!)
    cluster_jobid: Submitted batch job 3452132

Error executing rule BUSCO on cluster (jobid: 21, external: Submitted batch job 3452132, jobscript: /beegfs/data/soukkal/StageM2/Scripts/BUSCO_jobs/.snakemake/tmp.4wm1s212/snakejob.BUSCO.21.sh). For error details see the cluster log and the log files of the involved rule(s).
[Thu Mar 10 15:36:44 2022]
Error in rule BUSCO:
    jobid: 17
    output: /beegfs/data/soukkal/StageM2/Control_genomes/results/BUSCO_Results/GCA_017309665.1/BUSCO_results/full_table.tsv
    shell:
        
     hostname
     cd /beegfs/data/soukkal/StageM2/Control_genomes/results/BUSCO_Results/GCA_017309665.1/
     /beegfs/data/soft/singularity-3.7.2/bin/singularity exec --bind /beegfs/:/beegfs/ /beegfs/data/soukkal/TOOLS/BUSCO.sif busco -i /beegfs/data/soukkal/StageM2/Control_genomes/genomes/GCA_017309665.1.fna  -l arthropoda_odb10 -m genome -o BUSCO_results -c 3 -f
     
        (one of the commands exited with non-zero exit code; note that snakemake uses bash strict mode!)
    cluster_jobid: Submitted batch job 3452147

Error executing rule BUSCO on cluster (jobid: 17, external: Submitted batch job 3452147, jobscript: /beegfs/data/soukkal/StageM2/Scripts/BUSCO_jobs/.snakemake/tmp.4wm1s212/snakejob.BUSCO.17.sh). For error details see the cluster log and the log files of the involved rule(s).
[Thu Mar 10 15:48:58 2022]
Error in rule BUSCO:
    jobid: 15
    output: /beegfs/data/soukkal/StageM2/Control_genomes/results/BUSCO_Results/GCA_005959815.1/BUSCO_results/full_table.tsv
    shell:
        
     hostname
     cd /beegfs/data/soukkal/StageM2/Control_genomes/results/BUSCO_Results/GCA_005959815.1/
     /beegfs/data/soft/singularity-3.7.2/bin/singularity exec --bind /beegfs/:/beegfs/ /beegfs/data/soukkal/TOOLS/BUSCO.sif busco -i /beegfs/data/soukkal/StageM2/Control_genomes/genomes/GCA_005959815.1.fna  -l arthropoda_odb10 -m genome -o BUSCO_results -c 3 -f
     
        (one of the commands exited with non-zero exit code; note that snakemake uses bash strict mode!)
    cluster_jobid: Submitted batch job 3452135

Error executing rule BUSCO on cluster (jobid: 15, external: Submitted batch job 3452135, jobscript: /beegfs/data/soukkal/StageM2/Scripts/BUSCO_jobs/.snakemake/tmp.4wm1s212/snakejob.BUSCO.15.sh). For error details see the cluster log and the log files of the involved rule(s).
[Thu Mar 10 15:49:46 2022]
Error in rule BUSCO:
    jobid: 35
    output: /beegfs/data/soukkal/StageM2/Control_genomes/results/BUSCO_Results/GCF_002237135.1/BUSCO_results/full_table.tsv
    shell:
        
     hostname
     cd /beegfs/data/soukkal/StageM2/Control_genomes/results/BUSCO_Results/GCF_002237135.1/
     /beegfs/data/soft/singularity-3.7.2/bin/singularity exec --bind /beegfs/:/beegfs/ /beegfs/data/soukkal/TOOLS/BUSCO.sif busco -i /beegfs/data/soukkal/StageM2/Control_genomes/genomes/GCF_002237135.1.fna  -l arthropoda_odb10 -m genome -o BUSCO_results -c 3 -f
     
        (one of the commands exited with non-zero exit code; note that snakemake uses bash strict mode!)
    cluster_jobid: Submitted batch job 3452133

Error executing rule BUSCO on cluster (jobid: 35, external: Submitted batch job 3452133, jobscript: /beegfs/data/soukkal/StageM2/Scripts/BUSCO_jobs/.snakemake/tmp.4wm1s212/snakejob.BUSCO.35.sh). For error details see the cluster log and the log files of the involved rule(s).
[Thu Mar 10 16:01:35 2022]
Error in rule BUSCO:
    jobid: 10
    output: /beegfs/data/soukkal/StageM2/Control_genomes/results/BUSCO_Results/GCA_001735545.1/BUSCO_results/full_table.tsv
    shell:
        
     hostname
     cd /beegfs/data/soukkal/StageM2/Control_genomes/results/BUSCO_Results/GCA_001735545.1/
     /beegfs/data/soft/singularity-3.7.2/bin/singularity exec --bind /beegfs/:/beegfs/ /beegfs/data/soukkal/TOOLS/BUSCO.sif busco -i /beegfs/data/soukkal/StageM2/Control_genomes/genomes/GCA_001735545.1.fna  -l arthropoda_odb10 -m genome -o BUSCO_results -c 3 -f
     
        (one of the commands exited with non-zero exit code; note that snakemake uses bash strict mode!)
    cluster_jobid: Submitted batch job 3452150

Error executing rule BUSCO on cluster (jobid: 10, external: Submitted batch job 3452150, jobscript: /beegfs/data/soukkal/StageM2/Scripts/BUSCO_jobs/.snakemake/tmp.4wm1s212/snakejob.BUSCO.10.sh). For error details see the cluster log and the log files of the involved rule(s).
[Thu Mar 10 16:10:36 2022]
Error in rule BUSCO:
    jobid: 34
    output: /beegfs/data/soukkal/StageM2/Control_genomes/results/BUSCO_Results/GCF_001015335.1/BUSCO_results/full_table.tsv
    shell:
        
     hostname
     cd /beegfs/data/soukkal/StageM2/Control_genomes/results/BUSCO_Results/GCF_001015335.1/
     /beegfs/data/soft/singularity-3.7.2/bin/singularity exec --bind /beegfs/:/beegfs/ /beegfs/data/soukkal/TOOLS/BUSCO.sif busco -i /beegfs/data/soukkal/StageM2/Control_genomes/genomes/GCF_001015335.1.fna  -l arthropoda_odb10 -m genome -o BUSCO_results -c 3 -f
     
        (one of the commands exited with non-zero exit code; note that snakemake uses bash strict mode!)
    cluster_jobid: Submitted batch job 3452126

Error executing rule BUSCO on cluster (jobid: 34, external: Submitted batch job 3452126, jobscript: /beegfs/data/soukkal/StageM2/Scripts/BUSCO_jobs/.snakemake/tmp.4wm1s212/snakejob.BUSCO.34.sh). For error details see the cluster log and the log files of the involved rule(s).
[Thu Mar 10 16:15:25 2022]
Error in rule BUSCO:
    jobid: 28
    output: /beegfs/data/soukkal/StageM2/Control_genomes/results/BUSCO_Results/GCA_920104205.1/BUSCO_results/full_table.tsv
    shell:
        
     hostname
     cd /beegfs/data/soukkal/StageM2/Control_genomes/results/BUSCO_Results/GCA_920104205.1/
     /beegfs/data/soft/singularity-3.7.2/bin/singularity exec --bind /beegfs/:/beegfs/ /beegfs/data/soukkal/TOOLS/BUSCO.sif busco -i /beegfs/data/soukkal/StageM2/Control_genomes/genomes/GCA_920104205.1.fna  -l arthropoda_odb10 -m genome -o BUSCO_results -c 3 -f
     
        (one of the commands exited with non-zero exit code; note that snakemake uses bash strict mode!)
    cluster_jobid: Submitted batch job 3452129

Error executing rule BUSCO on cluster (jobid: 28, external: Submitted batch job 3452129, jobscript: /beegfs/data/soukkal/StageM2/Scripts/BUSCO_jobs/.snakemake/tmp.4wm1s212/snakejob.BUSCO.28.sh). For error details see the cluster log and the log files of the involved rule(s).
[Thu Mar 10 16:24:27 2022]
Error in rule BUSCO:
    jobid: 33
    output: /beegfs/data/soukkal/StageM2/Control_genomes/results/BUSCO_Results/GCF_000699065.1/BUSCO_results/full_table.tsv
    shell:
        
     hostname
     cd /beegfs/data/soukkal/StageM2/Control_genomes/results/BUSCO_Results/GCF_000699065.1/
     /beegfs/data/soft/singularity-3.7.2/bin/singularity exec --bind /beegfs/:/beegfs/ /beegfs/data/soukkal/TOOLS/BUSCO.sif busco -i /beegfs/data/soukkal/StageM2/Control_genomes/genomes/GCF_000699065.1.fna  -l arthropoda_odb10 -m genome -o BUSCO_results -c 3 -f
     
        (one of the commands exited with non-zero exit code; note that snakemake uses bash strict mode!)
    cluster_jobid: Submitted batch job 3452161

Error executing rule BUSCO on cluster (jobid: 33, external: Submitted batch job 3452161, jobscript: /beegfs/data/soukkal/StageM2/Scripts/BUSCO_jobs/.snakemake/tmp.4wm1s212/snakejob.BUSCO.33.sh). For error details see the cluster log and the log files of the involved rule(s).
[Thu Mar 10 16:28:07 2022]
Error in rule BUSCO:
    jobid: 9
    output: /beegfs/data/soukkal/StageM2/Control_genomes/results/BUSCO_Results/GCA_001017515.1/BUSCO_results/full_table.tsv
    shell:
        
     hostname
     cd /beegfs/data/soukkal/StageM2/Control_genomes/results/BUSCO_Results/GCA_001017515.1/
     /beegfs/data/soft/singularity-3.7.2/bin/singularity exec --bind /beegfs/:/beegfs/ /beegfs/data/soukkal/TOOLS/BUSCO.sif busco -i /beegfs/data/soukkal/StageM2/Control_genomes/genomes/GCA_001017515.1.fna  -l arthropoda_odb10 -m genome -o BUSCO_results -c 3 -f
     
        (one of the commands exited with non-zero exit code; note that snakemake uses bash strict mode!)
    cluster_jobid: Submitted batch job 3452144

Error executing rule BUSCO on cluster (jobid: 9, external: Submitted batch job 3452144, jobscript: /beegfs/data/soukkal/StageM2/Scripts/BUSCO_jobs/.snakemake/tmp.4wm1s212/snakejob.BUSCO.9.sh). For error details see the cluster log and the log files of the involved rule(s).
[Thu Mar 10 16:30:31 2022]
Error in rule BUSCO:
    jobid: 39
    output: /beegfs/data/soukkal/StageM2/Control_genomes/results/BUSCO_Results/GCF_014805625.1/BUSCO_results/full_table.tsv
    shell:
        
     hostname
     cd /beegfs/data/soukkal/StageM2/Control_genomes/results/BUSCO_Results/GCF_014805625.1/
     /beegfs/data/soft/singularity-3.7.2/bin/singularity exec --bind /beegfs/:/beegfs/ /beegfs/data/soukkal/TOOLS/BUSCO.sif busco -i /beegfs/data/soukkal/StageM2/Control_genomes/genomes/GCF_014805625.1.fna  -l arthropoda_odb10 -m genome -o BUSCO_results -c 3 -f
     
        (one of the commands exited with non-zero exit code; note that snakemake uses bash strict mode!)
    cluster_jobid: Submitted batch job 3452158

Error executing rule BUSCO on cluster (jobid: 39, external: Submitted batch job 3452158, jobscript: /beegfs/data/soukkal/StageM2/Scripts/BUSCO_jobs/.snakemake/tmp.4wm1s212/snakejob.BUSCO.39.sh). For error details see the cluster log and the log files of the involved rule(s).
[Thu Mar 10 16:48:19 2022]
Error in rule BUSCO:
    jobid: 32
    output: /beegfs/data/soukkal/StageM2/Control_genomes/results/BUSCO_Results/GCF_000347755.3/BUSCO_results/full_table.tsv
    shell:
        
     hostname
     cd /beegfs/data/soukkal/StageM2/Control_genomes/results/BUSCO_Results/GCF_000347755.3/
     /beegfs/data/soft/singularity-3.7.2/bin/singularity exec --bind /beegfs/:/beegfs/ /beegfs/data/soukkal/TOOLS/BUSCO.sif busco -i /beegfs/data/soukkal/StageM2/Control_genomes/genomes/GCF_000347755.3.fna  -l arthropoda_odb10 -m genome -o BUSCO_results -c 3 -f
     
        (one of the commands exited with non-zero exit code; note that snakemake uses bash strict mode!)
    cluster_jobid: Submitted batch job 3452155

Error executing rule BUSCO on cluster (jobid: 32, external: Submitted batch job 3452155, jobscript: /beegfs/data/soukkal/StageM2/Scripts/BUSCO_jobs/.snakemake/tmp.4wm1s212/snakejob.BUSCO.32.sh). For error details see the cluster log and the log files of the involved rule(s).
[Thu Mar 10 17:11:27 2022]
Error in rule BUSCO:
    jobid: 11
    output: /beegfs/data/soukkal/StageM2/Control_genomes/results/BUSCO_Results/GCA_003055125.1/BUSCO_results/full_table.tsv
    shell:
        
     hostname
     cd /beegfs/data/soukkal/StageM2/Control_genomes/results/BUSCO_Results/GCA_003055125.1/
     /beegfs/data/soft/singularity-3.7.2/bin/singularity exec --bind /beegfs/:/beegfs/ /beegfs/data/soukkal/TOOLS/BUSCO.sif busco -i /beegfs/data/soukkal/StageM2/Control_genomes/genomes/GCA_003055125.1.fna  -l arthropoda_odb10 -m genome -o BUSCO_results -c 3 -f
     
        (one of the commands exited with non-zero exit code; note that snakemake uses bash strict mode!)
    cluster_jobid: Submitted batch job 3452156

Error executing rule BUSCO on cluster (jobid: 11, external: Submitted batch job 3452156, jobscript: /beegfs/data/soukkal/StageM2/Scripts/BUSCO_jobs/.snakemake/tmp.4wm1s212/snakejob.BUSCO.11.sh). For error details see the cluster log and the log files of the involved rule(s).
[Thu Mar 10 17:13:30 2022]
Error in rule BUSCO:
    jobid: 27
    output: /beegfs/data/soukkal/StageM2/Control_genomes/results/BUSCO_Results/GCA_917880715.2/BUSCO_results/full_table.tsv
    shell:
        
     hostname
     cd /beegfs/data/soukkal/StageM2/Control_genomes/results/BUSCO_Results/GCA_917880715.2/
     /beegfs/data/soft/singularity-3.7.2/bin/singularity exec --bind /beegfs/:/beegfs/ /beegfs/data/soukkal/TOOLS/BUSCO.sif busco -i /beegfs/data/soukkal/StageM2/Control_genomes/genomes/GCA_917880715.2.fna  -l arthropoda_odb10 -m genome -o BUSCO_results -c 3 -f
     
        (one of the commands exited with non-zero exit code; note that snakemake uses bash strict mode!)
    cluster_jobid: Submitted batch job 3452165

Error executing rule BUSCO on cluster (jobid: 27, external: Submitted batch job 3452165, jobscript: /beegfs/data/soukkal/StageM2/Scripts/BUSCO_jobs/.snakemake/tmp.4wm1s212/snakejob.BUSCO.27.sh). For error details see the cluster log and the log files of the involved rule(s).
[Thu Mar 10 17:20:49 2022]
Error in rule BUSCO:
    jobid: 23
    output: /beegfs/data/soukkal/StageM2/Control_genomes/results/BUSCO_Results/GCA_914767635.1/BUSCO_results/full_table.tsv
    shell:
        
     hostname
     cd /beegfs/data/soukkal/StageM2/Control_genomes/results/BUSCO_Results/GCA_914767635.1/
     /beegfs/data/soft/singularity-3.7.2/bin/singularity exec --bind /beegfs/:/beegfs/ /beegfs/data/soukkal/TOOLS/BUSCO.sif busco -i /beegfs/data/soukkal/StageM2/Control_genomes/genomes/GCA_914767635.1.fna  -l arthropoda_odb10 -m genome -o BUSCO_results -c 3 -f
     
        (one of the commands exited with non-zero exit code; note that snakemake uses bash strict mode!)
    cluster_jobid: Submitted batch job 3452143

Error executing rule BUSCO on cluster (jobid: 23, external: Submitted batch job 3452143, jobscript: /beegfs/data/soukkal/StageM2/Scripts/BUSCO_jobs/.snakemake/tmp.4wm1s212/snakejob.BUSCO.23.sh). For error details see the cluster log and the log files of the involved rule(s).
[Thu Mar 10 17:21:45 2022]
Error in rule BUSCO:
    jobid: 19
    output: /beegfs/data/soukkal/StageM2/Control_genomes/results/BUSCO_Results/GCA_020466095.1/BUSCO_results/full_table.tsv
    shell:
        
     hostname
     cd /beegfs/data/soukkal/StageM2/Control_genomes/results/BUSCO_Results/GCA_020466095.1/
     /beegfs/data/soft/singularity-3.7.2/bin/singularity exec --bind /beegfs/:/beegfs/ /beegfs/data/soukkal/TOOLS/BUSCO.sif busco -i /beegfs/data/soukkal/StageM2/Control_genomes/genomes/GCA_020466095.1.fna  -l arthropoda_odb10 -m genome -o BUSCO_results -c 3 -f
     
        (one of the commands exited with non-zero exit code; note that snakemake uses bash strict mode!)
    cluster_jobid: Submitted batch job 3452160

Error executing rule BUSCO on cluster (jobid: 19, external: Submitted batch job 3452160, jobscript: /beegfs/data/soukkal/StageM2/Scripts/BUSCO_jobs/.snakemake/tmp.4wm1s212/snakejob.BUSCO.19.sh). For error details see the cluster log and the log files of the involved rule(s).
[Thu Mar 10 17:29:38 2022]
Error in rule BUSCO:
    jobid: 25
    output: /beegfs/data/soukkal/StageM2/Control_genomes/results/BUSCO_Results/GCA_916048285.2/BUSCO_results/full_table.tsv
    shell:
        
     hostname
     cd /beegfs/data/soukkal/StageM2/Control_genomes/results/BUSCO_Results/GCA_916048285.2/
     /beegfs/data/soft/singularity-3.7.2/bin/singularity exec --bind /beegfs/:/beegfs/ /beegfs/data/soukkal/TOOLS/BUSCO.sif busco -i /beegfs/data/soukkal/StageM2/Control_genomes/genomes/GCA_916048285.2.fna  -l arthropoda_odb10 -m genome -o BUSCO_results -c 3 -f
     
        (one of the commands exited with non-zero exit code; note that snakemake uses bash strict mode!)
    cluster_jobid: Submitted batch job 3452157

Error executing rule BUSCO on cluster (jobid: 25, external: Submitted batch job 3452157, jobscript: /beegfs/data/soukkal/StageM2/Scripts/BUSCO_jobs/.snakemake/tmp.4wm1s212/snakejob.BUSCO.25.sh). For error details see the cluster log and the log files of the involved rule(s).
[Thu Mar 10 17:38:05 2022]
Error in rule BUSCO:
    jobid: 20
    output: /beegfs/data/soukkal/StageM2/Control_genomes/results/BUSCO_Results/GCA_021234595.1/BUSCO_results/full_table.tsv
    shell:
        
     hostname
     cd /beegfs/data/soukkal/StageM2/Control_genomes/results/BUSCO_Results/GCA_021234595.1/
     /beegfs/data/soft/singularity-3.7.2/bin/singularity exec --bind /beegfs/:/beegfs/ /beegfs/data/soukkal/TOOLS/BUSCO.sif busco -i /beegfs/data/soukkal/StageM2/Control_genomes/genomes/GCA_021234595.1.fna  -l arthropoda_odb10 -m genome -o BUSCO_results -c 3 -f
     
        (one of the commands exited with non-zero exit code; note that snakemake uses bash strict mode!)
    cluster_jobid: Submitted batch job 3452128

Error executing rule BUSCO on cluster (jobid: 20, external: Submitted batch job 3452128, jobscript: /beegfs/data/soukkal/StageM2/Scripts/BUSCO_jobs/.snakemake/tmp.4wm1s212/snakejob.BUSCO.20.sh). For error details see the cluster log and the log files of the involved rule(s).
[Thu Mar 10 17:39:46 2022]
Error in rule BUSCO:
    jobid: 5
    output: /beegfs/data/soukkal/StageM2/Control_genomes/results/BUSCO_Results/GCA_001015075.1/BUSCO_results/full_table.tsv
    shell:
        
     hostname
     cd /beegfs/data/soukkal/StageM2/Control_genomes/results/BUSCO_Results/GCA_001015075.1/
     /beegfs/data/soft/singularity-3.7.2/bin/singularity exec --bind /beegfs/:/beegfs/ /beegfs/data/soukkal/TOOLS/BUSCO.sif busco -i /beegfs/data/soukkal/StageM2/Control_genomes/genomes/GCA_001015075.1.fna  -l arthropoda_odb10 -m genome -o BUSCO_results -c 3 -f
     
        (one of the commands exited with non-zero exit code; note that snakemake uses bash strict mode!)
    cluster_jobid: Submitted batch job 3452159

Error executing rule BUSCO on cluster (jobid: 5, external: Submitted batch job 3452159, jobscript: /beegfs/data/soukkal/StageM2/Scripts/BUSCO_jobs/.snakemake/tmp.4wm1s212/snakejob.BUSCO.5.sh). For error details see the cluster log and the log files of the involved rule(s).
[Thu Mar 10 18:01:49 2022]
Error in rule BUSCO:
    jobid: 22
    output: /beegfs/data/soukkal/StageM2/Control_genomes/results/BUSCO_Results/GCA_907269105.1/BUSCO_results/full_table.tsv
    shell:
        
     hostname
     cd /beegfs/data/soukkal/StageM2/Control_genomes/results/BUSCO_Results/GCA_907269105.1/
     /beegfs/data/soft/singularity-3.7.2/bin/singularity exec --bind /beegfs/:/beegfs/ /beegfs/data/soukkal/TOOLS/BUSCO.sif busco -i /beegfs/data/soukkal/StageM2/Control_genomes/genomes/GCA_907269105.1.fna  -l arthropoda_odb10 -m genome -o BUSCO_results -c 3 -f
     
        (one of the commands exited with non-zero exit code; note that snakemake uses bash strict mode!)
    cluster_jobid: Submitted batch job 3452138

Error executing rule BUSCO on cluster (jobid: 22, external: Submitted batch job 3452138, jobscript: /beegfs/data/soukkal/StageM2/Scripts/BUSCO_jobs/.snakemake/tmp.4wm1s212/snakejob.BUSCO.22.sh). For error details see the cluster log and the log files of the involved rule(s).
[Thu Mar 10 18:25:41 2022]
Error in rule BUSCO:
    jobid: 40
    output: /beegfs/data/soukkal/StageM2/Control_genomes/results/BUSCO_Results/GCF_016617805.1/BUSCO_results/full_table.tsv
    shell:
        
     hostname
     cd /beegfs/data/soukkal/StageM2/Control_genomes/results/BUSCO_Results/GCF_016617805.1/
     /beegfs/data/soft/singularity-3.7.2/bin/singularity exec --bind /beegfs/:/beegfs/ /beegfs/data/soukkal/TOOLS/BUSCO.sif busco -i /beegfs/data/soukkal/StageM2/Control_genomes/genomes/GCF_016617805.1.fna  -l arthropoda_odb10 -m genome -o BUSCO_results -c 3 -f
     
        (one of the commands exited with non-zero exit code; note that snakemake uses bash strict mode!)
    cluster_jobid: Submitted batch job 3452164

Error executing rule BUSCO on cluster (jobid: 40, external: Submitted batch job 3452164, jobscript: /beegfs/data/soukkal/StageM2/Scripts/BUSCO_jobs/.snakemake/tmp.4wm1s212/snakejob.BUSCO.40.sh). For error details see the cluster log and the log files of the involved rule(s).
[Thu Mar 10 19:03:25 2022]
Error in rule BUSCO:
    jobid: 18
    output: /beegfs/data/soukkal/StageM2/Control_genomes/results/BUSCO_Results/GCA_019455685.1/BUSCO_results/full_table.tsv
    shell:
        
     hostname
     cd /beegfs/data/soukkal/StageM2/Control_genomes/results/BUSCO_Results/GCA_019455685.1/
     /beegfs/data/soft/singularity-3.7.2/bin/singularity exec --bind /beegfs/:/beegfs/ /beegfs/data/soukkal/TOOLS/BUSCO.sif busco -i /beegfs/data/soukkal/StageM2/Control_genomes/genomes/GCA_019455685.1.fna  -l arthropoda_odb10 -m genome -o BUSCO_results -c 3 -f
     
        (one of the commands exited with non-zero exit code; note that snakemake uses bash strict mode!)
    cluster_jobid: Submitted batch job 3452154

Error executing rule BUSCO on cluster (jobid: 18, external: Submitted batch job 3452154, jobscript: /beegfs/data/soukkal/StageM2/Scripts/BUSCO_jobs/.snakemake/tmp.4wm1s212/snakejob.BUSCO.18.sh). For error details see the cluster log and the log files of the involved rule(s).
[Thu Mar 10 19:04:35 2022]
Error in rule BUSCO:
    jobid: 29
    output: /beegfs/data/soukkal/StageM2/Control_genomes/results/BUSCO_Results/GCA_920105625.1/BUSCO_results/full_table.tsv
    shell:
        
     hostname
     cd /beegfs/data/soukkal/StageM2/Control_genomes/results/BUSCO_Results/GCA_920105625.1/
     /beegfs/data/soft/singularity-3.7.2/bin/singularity exec --bind /beegfs/:/beegfs/ /beegfs/data/soukkal/TOOLS/BUSCO.sif busco -i /beegfs/data/soukkal/StageM2/Control_genomes/genomes/GCA_920105625.1.fna  -l arthropoda_odb10 -m genome -o BUSCO_results -c 3 -f
     
        (one of the commands exited with non-zero exit code; note that snakemake uses bash strict mode!)
    cluster_jobid: Submitted batch job 3452134

Error executing rule BUSCO on cluster (jobid: 29, external: Submitted batch job 3452134, jobscript: /beegfs/data/soukkal/StageM2/Scripts/BUSCO_jobs/.snakemake/tmp.4wm1s212/snakejob.BUSCO.29.sh). For error details see the cluster log and the log files of the involved rule(s).
[Thu Mar 10 19:12:06 2022]
Error in rule BUSCO:
    jobid: 24
    output: /beegfs/data/soukkal/StageM2/Control_genomes/results/BUSCO_Results/GCA_914767935.1/BUSCO_results/full_table.tsv
    shell:
        
     hostname
     cd /beegfs/data/soukkal/StageM2/Control_genomes/results/BUSCO_Results/GCA_914767935.1/
     /beegfs/data/soft/singularity-3.7.2/bin/singularity exec --bind /beegfs/:/beegfs/ /beegfs/data/soukkal/TOOLS/BUSCO.sif busco -i /beegfs/data/soukkal/StageM2/Control_genomes/genomes/GCA_914767935.1.fna  -l arthropoda_odb10 -m genome -o BUSCO_results -c 3 -f
     
        (one of the commands exited with non-zero exit code; note that snakemake uses bash strict mode!)
    cluster_jobid: Submitted batch job 3452151

Error executing rule BUSCO on cluster (jobid: 24, external: Submitted batch job 3452151, jobscript: /beegfs/data/soukkal/StageM2/Scripts/BUSCO_jobs/.snakemake/tmp.4wm1s212/snakejob.BUSCO.24.sh). For error details see the cluster log and the log files of the involved rule(s).
[Thu Mar 10 19:20:56 2022]
Error in rule BUSCO:
    jobid: 26
    output: /beegfs/data/soukkal/StageM2/Control_genomes/results/BUSCO_Results/GCA_916050605.2/BUSCO_results/full_table.tsv
    shell:
        
     hostname
     cd /beegfs/data/soukkal/StageM2/Control_genomes/results/BUSCO_Results/GCA_916050605.2/
     /beegfs/data/soft/singularity-3.7.2/bin/singularity exec --bind /beegfs/:/beegfs/ /beegfs/data/soukkal/TOOLS/BUSCO.sif busco -i /beegfs/data/soukkal/StageM2/Control_genomes/genomes/GCA_916050605.2.fna  -l arthropoda_odb10 -m genome -o BUSCO_results -c 3 -f
     
        (one of the commands exited with non-zero exit code; note that snakemake uses bash strict mode!)
    cluster_jobid: Submitted batch job 3452163

Error executing rule BUSCO on cluster (jobid: 26, external: Submitted batch job 3452163, jobscript: /beegfs/data/soukkal/StageM2/Scripts/BUSCO_jobs/.snakemake/tmp.4wm1s212/snakejob.BUSCO.26.sh). For error details see the cluster log and the log files of the involved rule(s).
[Thu Mar 10 20:25:12 2022]
Error in rule BUSCO:
    jobid: 12
    output: /beegfs/data/soukkal/StageM2/Control_genomes/results/BUSCO_Results/GCA_003123925.1/BUSCO_results/full_table.tsv
    shell:
        
     hostname
     cd /beegfs/data/soukkal/StageM2/Control_genomes/results/BUSCO_Results/GCA_003123925.1/
     /beegfs/data/soft/singularity-3.7.2/bin/singularity exec --bind /beegfs/:/beegfs/ /beegfs/data/soukkal/TOOLS/BUSCO.sif busco -i /beegfs/data/soukkal/StageM2/Control_genomes/genomes/GCA_003123925.1.fna  -l arthropoda_odb10 -m genome -o BUSCO_results -c 3 -f
     
        (one of the commands exited with non-zero exit code; note that snakemake uses bash strict mode!)
    cluster_jobid: Submitted batch job 3452162

Error executing rule BUSCO on cluster (jobid: 12, external: Submitted batch job 3452162, jobscript: /beegfs/data/soukkal/StageM2/Scripts/BUSCO_jobs/.snakemake/tmp.4wm1s212/snakejob.BUSCO.12.sh). For error details see the cluster log and the log files of the involved rule(s).
[Thu Mar 10 21:10:35 2022]
Error in rule BUSCO:
    jobid: 38
    output: /beegfs/data/soukkal/StageM2/Control_genomes/results/BUSCO_Results/GCF_013731165.1/BUSCO_results/full_table.tsv
    shell:
        
     hostname
     cd /beegfs/data/soukkal/StageM2/Control_genomes/results/BUSCO_Results/GCF_013731165.1/
     /beegfs/data/soft/singularity-3.7.2/bin/singularity exec --bind /beegfs/:/beegfs/ /beegfs/data/soukkal/TOOLS/BUSCO.sif busco -i /beegfs/data/soukkal/StageM2/Control_genomes/genomes/GCF_013731165.1.fna  -l arthropoda_odb10 -m genome -o BUSCO_results -c 3 -f
     
        (one of the commands exited with non-zero exit code; note that snakemake uses bash strict mode!)
    cluster_jobid: Submitted batch job 3452152

Error executing rule BUSCO on cluster (jobid: 38, external: Submitted batch job 3452152, jobscript: /beegfs/data/soukkal/StageM2/Scripts/BUSCO_jobs/.snakemake/tmp.4wm1s212/snakejob.BUSCO.38.sh). For error details see the cluster log and the log files of the involved rule(s).
Shutting down, this might take some time.
Exiting because a job execution failed. Look above for error message
Complete log: /beegfs/data/soukkal/StageM2/Scripts/BUSCO_jobs/.snakemake/log/2022-03-10T102917.768499.snakemake.log
