Building DAG of jobs...
Using shell: /usr/bin/bash
Provided cluster nodes: 8000
Job counts:
	count	jobs
	40	BUSCO
	40	Sum
	1	all
	81

[Mon Mar 21 10:42:40 2022]
rule BUSCO:
    input: /beegfs/data/soukkal/StageM2/Control_genomes/genomes/GCF_001015335.1.fna
    output: /beegfs/data/soukkal/StageM2/Control_genomes/results/Stat_Results/GCF_001015335.1/BUSCO_results/run_diptera_odb10/full_table.tsv
    jobid: 34
    wildcards: Genome_ID=GCF_001015335.1

Submitted job 34 with external jobid 'Submitted batch job 3490495'.

[Mon Mar 21 10:42:40 2022]
rule BUSCO:
    input: /beegfs/data/soukkal/StageM2/Control_genomes/genomes/GCA_001015115.1.fna
    output: /beegfs/data/soukkal/StageM2/Control_genomes/results/Stat_Results/GCA_001015115.1/BUSCO_results/run_diptera_odb10/full_table.tsv
    jobid: 6
    wildcards: Genome_ID=GCA_001015115.1

Submitted job 6 with external jobid 'Submitted batch job 3490496'.

[Mon Mar 21 10:42:40 2022]
rule BUSCO:
    input: /beegfs/data/soukkal/StageM2/Control_genomes/genomes/GCA_021234595.1.fna
    output: /beegfs/data/soukkal/StageM2/Control_genomes/results/Stat_Results/GCA_021234595.1/BUSCO_results/run_diptera_odb10/full_table.tsv
    jobid: 20
    wildcards: Genome_ID=GCA_021234595.1

Submitted job 20 with external jobid 'Submitted batch job 3490497'.

[Mon Mar 21 10:42:40 2022]
rule BUSCO:
    input: /beegfs/data/soukkal/StageM2/Control_genomes/genomes/GCA_004302925.1.fna
    output: /beegfs/data/soukkal/StageM2/Control_genomes/results/Stat_Results/GCA_004302925.1/BUSCO_results/run_diptera_odb10/full_table.tsv
    jobid: 14
    wildcards: Genome_ID=GCA_004302925.1

Submitted job 14 with external jobid 'Submitted batch job 3490498'.

[Mon Mar 21 10:42:40 2022]
rule BUSCO:
    input: /beegfs/data/soukkal/StageM2/Control_genomes/genomes/GCA_920104205.1.fna
    output: /beegfs/data/soukkal/StageM2/Control_genomes/results/Stat_Results/GCA_920104205.1/BUSCO_results/run_diptera_odb10/full_table.tsv
    jobid: 28
    wildcards: Genome_ID=GCA_920104205.1

Submitted job 28 with external jobid 'Submitted batch job 3490499'.

[Mon Mar 21 10:42:40 2022]
rule BUSCO:
    input: /beegfs/data/soukkal/StageM2/Control_genomes/genomes/GCF_002237135.1.fna
    output: /beegfs/data/soukkal/StageM2/Control_genomes/results/Stat_Results/GCF_002237135.1/BUSCO_results/run_diptera_odb10/full_table.tsv
    jobid: 35
    wildcards: Genome_ID=GCF_002237135.1

Submitted job 35 with external jobid 'Submitted batch job 3490500'.

[Mon Mar 21 10:42:40 2022]
rule BUSCO:
    input: /beegfs/data/soukkal/StageM2/Control_genomes/genomes/GCA_001015175.1.fna
    output: /beegfs/data/soukkal/StageM2/Control_genomes/results/Stat_Results/GCA_001015175.1/BUSCO_results/run_diptera_odb10/full_table.tsv
    jobid: 7
    wildcards: Genome_ID=GCA_001015175.1

Submitted job 7 with external jobid 'Submitted batch job 3490501'.

[Mon Mar 21 10:42:40 2022]
rule BUSCO:
    input: /beegfs/data/soukkal/StageM2/Control_genomes/genomes/GCA_905231855.2.fna
    output: /beegfs/data/soukkal/StageM2/Control_genomes/results/Stat_Results/GCA_905231855.2/BUSCO_results/run_diptera_odb10/full_table.tsv
    jobid: 21
    wildcards: Genome_ID=GCA_905231855.2

Submitted job 21 with external jobid 'Submitted batch job 3490502'.

[Mon Mar 21 10:42:40 2022]
rule BUSCO:
    input: /beegfs/data/soukkal/StageM2/Control_genomes/genomes/GCA_005959815.1.fna
    output: /beegfs/data/soukkal/StageM2/Control_genomes/results/Stat_Results/GCA_005959815.1/BUSCO_results/run_diptera_odb10/full_table.tsv
    jobid: 15
    wildcards: Genome_ID=GCA_005959815.1

Submitted job 15 with external jobid 'Submitted batch job 3490503'.

[Mon Mar 21 10:42:40 2022]
rule BUSCO:
    input: /beegfs/data/soukkal/StageM2/Control_genomes/genomes/GCA_001014415.1.fna
    output: /beegfs/data/soukkal/StageM2/Control_genomes/results/Stat_Results/GCA_001014415.1/BUSCO_results/run_diptera_odb10/full_table.tsv
    jobid: 1
    wildcards: Genome_ID=GCA_001014415.1

Submitted job 1 with external jobid 'Submitted batch job 3490504'.

[Mon Mar 21 10:42:40 2022]
rule BUSCO:
    input: /beegfs/data/soukkal/StageM2/Control_genomes/genomes/GCA_920105625.1.fna
    output: /beegfs/data/soukkal/StageM2/Control_genomes/results/Stat_Results/GCA_920105625.1/BUSCO_results/run_diptera_odb10/full_table.tsv
    jobid: 29
    wildcards: Genome_ID=GCA_920105625.1

Submitted job 29 with external jobid 'Submitted batch job 3490505'.

[Mon Mar 21 10:42:40 2022]
rule BUSCO:
    input: /beegfs/data/soukkal/StageM2/Control_genomes/genomes/GCF_009650485.1.fna
    output: /beegfs/data/soukkal/StageM2/Control_genomes/results/Stat_Results/GCF_009650485.1/BUSCO_results/run_diptera_odb10/full_table.tsv
    jobid: 36
    wildcards: Genome_ID=GCF_009650485.1

Submitted job 36 with external jobid 'Submitted batch job 3490506'.

[Mon Mar 21 10:42:40 2022]
rule BUSCO:
    input: /beegfs/data/soukkal/StageM2/Control_genomes/genomes/GCA_001017275.1.fna
    output: /beegfs/data/soukkal/StageM2/Control_genomes/results/Stat_Results/GCA_001017275.1/BUSCO_results/run_diptera_odb10/full_table.tsv
    jobid: 8
    wildcards: Genome_ID=GCA_001017275.1

Submitted job 8 with external jobid 'Submitted batch job 3490507'.

[Mon Mar 21 10:42:40 2022]
rule BUSCO:
    input: /beegfs/data/soukkal/StageM2/Control_genomes/genomes/GCA_907269105.1.fna
    output: /beegfs/data/soukkal/StageM2/Control_genomes/results/Stat_Results/GCA_907269105.1/BUSCO_results/run_diptera_odb10/full_table.tsv
    jobid: 22
    wildcards: Genome_ID=GCA_907269105.1

Submitted job 22 with external jobid 'Submitted batch job 3490508'.

[Mon Mar 21 10:42:41 2022]
rule BUSCO:
    input: /beegfs/data/soukkal/StageM2/Control_genomes/genomes/GCA_001014675.1.fna
    output: /beegfs/data/soukkal/StageM2/Control_genomes/results/Stat_Results/GCA_001014675.1/BUSCO_results/run_diptera_odb10/full_table.tsv
    jobid: 3
    wildcards: Genome_ID=GCA_001014675.1

Submitted job 3 with external jobid 'Submitted batch job 3490509'.

[Mon Mar 21 10:42:41 2022]
rule BUSCO:
    input: /beegfs/data/soukkal/StageM2/Control_genomes/genomes/GCA_014858695.1.fna
    output: /beegfs/data/soukkal/StageM2/Control_genomes/results/Stat_Results/GCA_014858695.1/BUSCO_results/run_diptera_odb10/full_table.tsv
    jobid: 16
    wildcards: Genome_ID=GCA_014858695.1

Submitted job 16 with external jobid 'Submitted batch job 3490510'.

[Mon Mar 21 10:42:41 2022]
rule BUSCO:
    input: /beegfs/data/soukkal/StageM2/Control_genomes/genomes/GCA_922984085.1.fna
    output: /beegfs/data/soukkal/StageM2/Control_genomes/results/Stat_Results/GCA_922984085.1/BUSCO_results/run_diptera_odb10/full_table.tsv
    jobid: 30
    wildcards: Genome_ID=GCA_922984085.1

Submitted job 30 with external jobid 'Submitted batch job 3490511'.

[Mon Mar 21 10:42:41 2022]
rule BUSCO:
    input: /beegfs/data/soukkal/StageM2/Control_genomes/genomes/GCF_013340165.1.fna
    output: /beegfs/data/soukkal/StageM2/Control_genomes/results/Stat_Results/GCF_013340165.1/BUSCO_results/run_diptera_odb10/full_table.tsv
    jobid: 37
    wildcards: Genome_ID=GCF_013340165.1

Submitted job 37 with external jobid 'Submitted batch job 3490512'.

[Mon Mar 21 10:42:41 2022]
rule BUSCO:
    input: /beegfs/data/soukkal/StageM2/Control_genomes/genomes/GCA_001017515.1.fna
    output: /beegfs/data/soukkal/StageM2/Control_genomes/results/Stat_Results/GCA_001017515.1/BUSCO_results/run_diptera_odb10/full_table.tsv
    jobid: 9
    wildcards: Genome_ID=GCA_001017515.1

Submitted job 9 with external jobid 'Submitted batch job 3490513'.

[Mon Mar 21 10:42:41 2022]
rule BUSCO:
    input: /beegfs/data/soukkal/StageM2/Control_genomes/genomes/GCA_914767635.1.fna
    output: /beegfs/data/soukkal/StageM2/Control_genomes/results/Stat_Results/GCA_914767635.1/BUSCO_results/run_diptera_odb10/full_table.tsv
    jobid: 23
    wildcards: Genome_ID=GCA_914767635.1

Submitted job 23 with external jobid 'Submitted batch job 3490514'.

[Mon Mar 21 10:42:41 2022]
rule BUSCO:
    input: /beegfs/data/soukkal/StageM2/Control_genomes/genomes/GCA_001014575.1.fna
    output: /beegfs/data/soukkal/StageM2/Control_genomes/results/Stat_Results/GCA_001014575.1/BUSCO_results/run_diptera_odb10/full_table.tsv
    jobid: 2
    wildcards: Genome_ID=GCA_001014575.1

Submitted job 2 with external jobid 'Submitted batch job 3490515'.

[Mon Mar 21 10:42:41 2022]
rule BUSCO:
    input: /beegfs/data/soukkal/StageM2/Control_genomes/genomes/GCA_017309665.1.fna
    output: /beegfs/data/soukkal/StageM2/Control_genomes/results/Stat_Results/GCA_017309665.1/BUSCO_results/run_diptera_odb10/full_table.tsv
    jobid: 17
    wildcards: Genome_ID=GCA_017309665.1

Submitted job 17 with external jobid 'Submitted batch job 3490516'.

[Mon Mar 21 10:42:41 2022]
rule BUSCO:
    input: /beegfs/data/soukkal/StageM2/Control_genomes/genomes/GCF_000001215.4.fna
    output: /beegfs/data/soukkal/StageM2/Control_genomes/results/Stat_Results/GCF_000001215.4/BUSCO_results/run_diptera_odb10/full_table.tsv
    jobid: 31
    wildcards: Genome_ID=GCF_000001215.4

Submitted job 31 with external jobid 'Submitted batch job 3490517'.

[Mon Mar 21 10:42:41 2022]
rule BUSCO:
    input: /beegfs/data/soukkal/StageM2/Control_genomes/genomes/GCF_013731165.1.fna
    output: /beegfs/data/soukkal/StageM2/Control_genomes/results/Stat_Results/GCF_013731165.1/BUSCO_results/run_diptera_odb10/full_table.tsv
    jobid: 38
    wildcards: Genome_ID=GCF_013731165.1

Submitted job 38 with external jobid 'Submitted batch job 3490518'.

[Mon Mar 21 10:42:41 2022]
rule BUSCO:
    input: /beegfs/data/soukkal/StageM2/Control_genomes/genomes/GCA_001735545.1.fna
    output: /beegfs/data/soukkal/StageM2/Control_genomes/results/Stat_Results/GCA_001735545.1/BUSCO_results/run_diptera_odb10/full_table.tsv
    jobid: 10
    wildcards: Genome_ID=GCA_001735545.1

Submitted job 10 with external jobid 'Submitted batch job 3490519'.

[Mon Mar 21 10:42:41 2022]
rule BUSCO:
    input: /beegfs/data/soukkal/StageM2/Control_genomes/genomes/GCA_914767935.1.fna
    output: /beegfs/data/soukkal/StageM2/Control_genomes/results/Stat_Results/GCA_914767935.1/BUSCO_results/run_diptera_odb10/full_table.tsv
    jobid: 24
    wildcards: Genome_ID=GCA_914767935.1

Submitted job 24 with external jobid 'Submitted batch job 3490520'.

[Mon Mar 21 10:42:41 2022]
rule BUSCO:
    input: /beegfs/data/soukkal/StageM2/Control_genomes/genomes/GCA_001014935.1.fna
    output: /beegfs/data/soukkal/StageM2/Control_genomes/results/Stat_Results/GCA_001014935.1/BUSCO_results/run_diptera_odb10/full_table.tsv
    jobid: 4
    wildcards: Genome_ID=GCA_001014935.1

Submitted job 4 with external jobid 'Submitted batch job 3490521'.

[Mon Mar 21 10:42:41 2022]
rule BUSCO:
    input: /beegfs/data/soukkal/StageM2/Control_genomes/genomes/GCA_019455685.1.fna
    output: /beegfs/data/soukkal/StageM2/Control_genomes/results/Stat_Results/GCA_019455685.1/BUSCO_results/run_diptera_odb10/full_table.tsv
    jobid: 18
    wildcards: Genome_ID=GCA_019455685.1

Submitted job 18 with external jobid 'Submitted batch job 3490522'.

[Mon Mar 21 10:42:42 2022]
rule BUSCO:
    input: /beegfs/data/soukkal/StageM2/Control_genomes/genomes/GCF_000347755.3.fna
    output: /beegfs/data/soukkal/StageM2/Control_genomes/results/Stat_Results/GCF_000347755.3/BUSCO_results/run_diptera_odb10/full_table.tsv
    jobid: 32
    wildcards: Genome_ID=GCF_000347755.3

Submitted job 32 with external jobid 'Submitted batch job 3490523'.

[Mon Mar 21 10:42:42 2022]
rule BUSCO:
    input: /beegfs/data/soukkal/StageM2/Control_genomes/genomes/GCF_014805625.1.fna
    output: /beegfs/data/soukkal/StageM2/Control_genomes/results/Stat_Results/GCF_014805625.1/BUSCO_results/run_diptera_odb10/full_table.tsv
    jobid: 39
    wildcards: Genome_ID=GCF_014805625.1

Submitted job 39 with external jobid 'Submitted batch job 3490524'.

[Mon Mar 21 10:42:42 2022]
rule BUSCO:
    input: /beegfs/data/soukkal/StageM2/Control_genomes/genomes/GCA_003055125.1.fna
    output: /beegfs/data/soukkal/StageM2/Control_genomes/results/Stat_Results/GCA_003055125.1/BUSCO_results/run_diptera_odb10/full_table.tsv
    jobid: 11
    wildcards: Genome_ID=GCA_003055125.1

Submitted job 11 with external jobid 'Submitted batch job 3490525'.

[Mon Mar 21 10:42:42 2022]
rule BUSCO:
    input: /beegfs/data/soukkal/StageM2/Control_genomes/genomes/GCA_916048285.2.fna
    output: /beegfs/data/soukkal/StageM2/Control_genomes/results/Stat_Results/GCA_916048285.2/BUSCO_results/run_diptera_odb10/full_table.tsv
    jobid: 25
    wildcards: Genome_ID=GCA_916048285.2

Submitted job 25 with external jobid 'Submitted batch job 3490526'.

[Mon Mar 21 10:42:42 2022]
rule BUSCO:
    input: /beegfs/data/soukkal/StageM2/Control_genomes/genomes/GCA_001015075.1.fna
    output: /beegfs/data/soukkal/StageM2/Control_genomes/results/Stat_Results/GCA_001015075.1/BUSCO_results/run_diptera_odb10/full_table.tsv
    jobid: 5
    wildcards: Genome_ID=GCA_001015075.1

Submitted job 5 with external jobid 'Submitted batch job 3490527'.

[Mon Mar 21 10:42:42 2022]
rule BUSCO:
    input: /beegfs/data/soukkal/StageM2/Control_genomes/genomes/GCA_020466095.1.fna
    output: /beegfs/data/soukkal/StageM2/Control_genomes/results/Stat_Results/GCA_020466095.1/BUSCO_results/run_diptera_odb10/full_table.tsv
    jobid: 19
    wildcards: Genome_ID=GCA_020466095.1

Submitted job 19 with external jobid 'Submitted batch job 3490528'.

[Mon Mar 21 10:42:42 2022]
rule BUSCO:
    input: /beegfs/data/soukkal/StageM2/Control_genomes/genomes/GCF_000699065.1.fna
    output: /beegfs/data/soukkal/StageM2/Control_genomes/results/Stat_Results/GCF_000699065.1/BUSCO_results/run_diptera_odb10/full_table.tsv
    jobid: 33
    wildcards: Genome_ID=GCF_000699065.1

Submitted job 33 with external jobid 'Submitted batch job 3490529'.

[Mon Mar 21 10:42:42 2022]
rule BUSCO:
    input: /beegfs/data/soukkal/StageM2/Control_genomes/genomes/GCA_003952975.1.fna
    output: /beegfs/data/soukkal/StageM2/Control_genomes/results/Stat_Results/GCA_003952975.1/BUSCO_results/run_diptera_odb10/full_table.tsv
    jobid: 13
    wildcards: Genome_ID=GCA_003952975.1

Submitted job 13 with external jobid 'Submitted batch job 3490530'.

[Mon Mar 21 10:42:42 2022]
rule BUSCO:
    input: /beegfs/data/soukkal/StageM2/Control_genomes/genomes/GCF_016617805.1.fna
    output: /beegfs/data/soukkal/StageM2/Control_genomes/results/Stat_Results/GCF_016617805.1/BUSCO_results/run_diptera_odb10/full_table.tsv
    jobid: 40
    wildcards: Genome_ID=GCF_016617805.1

Submitted job 40 with external jobid 'Submitted batch job 3490531'.

[Mon Mar 21 10:42:42 2022]
rule BUSCO:
    input: /beegfs/data/soukkal/StageM2/Control_genomes/genomes/GCA_003123925.1.fna
    output: /beegfs/data/soukkal/StageM2/Control_genomes/results/Stat_Results/GCA_003123925.1/BUSCO_results/run_diptera_odb10/full_table.tsv
    jobid: 12
    wildcards: Genome_ID=GCA_003123925.1

Submitted job 12 with external jobid 'Submitted batch job 3490532'.

[Mon Mar 21 10:42:42 2022]
rule BUSCO:
    input: /beegfs/data/soukkal/StageM2/Control_genomes/genomes/GCA_916050605.2.fna
    output: /beegfs/data/soukkal/StageM2/Control_genomes/results/Stat_Results/GCA_916050605.2/BUSCO_results/run_diptera_odb10/full_table.tsv
    jobid: 26
    wildcards: Genome_ID=GCA_916050605.2

Submitted job 26 with external jobid 'Submitted batch job 3490533'.

[Mon Mar 21 10:42:42 2022]
rule BUSCO:
    input: /beegfs/data/soukkal/StageM2/Control_genomes/genomes/GCA_917880715.2.fna
    output: /beegfs/data/soukkal/StageM2/Control_genomes/results/Stat_Results/GCA_917880715.2/BUSCO_results/run_diptera_odb10/full_table.tsv
    jobid: 27
    wildcards: Genome_ID=GCA_917880715.2

Submitted job 27 with external jobid 'Submitted batch job 3490534'.
[Mon Mar 21 15:51:19 2022]
Finished job 6.
1 of 81 steps (1%) done

[Mon Mar 21 15:51:19 2022]
rule Sum:
    input: /beegfs/data/soukkal/StageM2/Control_genomes/results/Stat_Results/GCA_001015115.1/BUSCO_results/run_diptera_odb10/full_table.tsv
    output: /beegfs/data/soukkal/StageM2/Control_genomes/results/Stat_Results/GCA_001015115.1/BUSCO_results/run_diptera_odb10/Sum_table_GCA_001015115.1.txt
    jobid: 86
    wildcards: Genome_ID=GCA_001015115.1

Submitted job 86 with external jobid 'Submitted batch job 3490573'.
[Mon Mar 21 16:22:24 2022]
Finished job 1.
2 of 81 steps (2%) done

[Mon Mar 21 16:22:24 2022]
rule Sum:
    input: /beegfs/data/soukkal/StageM2/Control_genomes/results/Stat_Results/GCA_001014415.1/BUSCO_results/run_diptera_odb10/full_table.tsv
    output: /beegfs/data/soukkal/StageM2/Control_genomes/results/Stat_Results/GCA_001014415.1/BUSCO_results/run_diptera_odb10/Sum_table_GCA_001014415.1.txt
    jobid: 81
    wildcards: Genome_ID=GCA_001014415.1

Submitted job 81 with external jobid 'Submitted batch job 3490574'.
[Mon Mar 21 16:38:46 2022]
Finished job 14.
3 of 81 steps (4%) done

[Mon Mar 21 16:38:46 2022]
rule Sum:
    input: /beegfs/data/soukkal/StageM2/Control_genomes/results/Stat_Results/GCA_004302925.1/BUSCO_results/run_diptera_odb10/full_table.tsv
    output: /beegfs/data/soukkal/StageM2/Control_genomes/results/Stat_Results/GCA_004302925.1/BUSCO_results/run_diptera_odb10/Sum_table_GCA_004302925.1.txt
    jobid: 94
    wildcards: Genome_ID=GCA_004302925.1

Submitted job 94 with external jobid 'Submitted batch job 3490575'.
[Mon Mar 21 16:45:05 2022]
Finished job 36.
4 of 81 steps (5%) done

[Mon Mar 21 16:45:05 2022]
rule Sum:
    input: /beegfs/data/soukkal/StageM2/Control_genomes/results/Stat_Results/GCF_009650485.1/BUSCO_results/run_diptera_odb10/full_table.tsv
    output: /beegfs/data/soukkal/StageM2/Control_genomes/results/Stat_Results/GCF_009650485.1/BUSCO_results/run_diptera_odb10/Sum_table_GCF_009650485.1.txt
    jobid: 116
    wildcards: Genome_ID=GCF_009650485.1

Submitted job 116 with external jobid 'Submitted batch job 3490576'.
[Mon Mar 21 17:03:46 2022]
Finished job 7.
5 of 81 steps (6%) done

[Mon Mar 21 17:03:46 2022]
rule Sum:
    input: /beegfs/data/soukkal/StageM2/Control_genomes/results/Stat_Results/GCA_001015175.1/BUSCO_results/run_diptera_odb10/full_table.tsv
    output: /beegfs/data/soukkal/StageM2/Control_genomes/results/Stat_Results/GCA_001015175.1/BUSCO_results/run_diptera_odb10/Sum_table_GCA_001015175.1.txt
    jobid: 87
    wildcards: Genome_ID=GCA_001015175.1

Submitted job 87 with external jobid 'Submitted batch job 3490578'.
[Mon Mar 21 17:11:16 2022]
Finished job 16.
6 of 81 steps (7%) done

[Mon Mar 21 17:11:16 2022]
rule Sum:
    input: /beegfs/data/soukkal/StageM2/Control_genomes/results/Stat_Results/GCA_014858695.1/BUSCO_results/run_diptera_odb10/full_table.tsv
    output: /beegfs/data/soukkal/StageM2/Control_genomes/results/Stat_Results/GCA_014858695.1/BUSCO_results/run_diptera_odb10/Sum_table_GCA_014858695.1.txt
    jobid: 96
    wildcards: Genome_ID=GCA_014858695.1

Submitted job 96 with external jobid 'Submitted batch job 3490579'.
[Mon Mar 21 17:13:07 2022]
Finished job 35.
7 of 81 steps (9%) done

[Mon Mar 21 17:13:07 2022]
rule Sum:
    input: /beegfs/data/soukkal/StageM2/Control_genomes/results/Stat_Results/GCF_002237135.1/BUSCO_results/run_diptera_odb10/full_table.tsv
    output: /beegfs/data/soukkal/StageM2/Control_genomes/results/Stat_Results/GCF_002237135.1/BUSCO_results/run_diptera_odb10/Sum_table_GCF_002237135.1.txt
    jobid: 115
    wildcards: Genome_ID=GCF_002237135.1

Submitted job 115 with external jobid 'Submitted batch job 3490580'.
[Mon Mar 21 17:27:11 2022]
Finished job 2.
8 of 81 steps (10%) done

[Mon Mar 21 17:27:13 2022]
rule Sum:
    input: /beegfs/data/soukkal/StageM2/Control_genomes/results/Stat_Results/GCA_001014575.1/BUSCO_results/run_diptera_odb10/full_table.tsv
    output: /beegfs/data/soukkal/StageM2/Control_genomes/results/Stat_Results/GCA_001014575.1/BUSCO_results/run_diptera_odb10/Sum_table_GCA_001014575.1.txt
    jobid: 82
    wildcards: Genome_ID=GCA_001014575.1

Submitted job 82 with external jobid 'Submitted batch job 3490583'.
[Mon Mar 21 17:29:32 2022]
Finished job 15.
9 of 81 steps (11%) done

[Mon Mar 21 17:29:32 2022]
rule Sum:
    input: /beegfs/data/soukkal/StageM2/Control_genomes/results/Stat_Results/GCA_005959815.1/BUSCO_results/run_diptera_odb10/full_table.tsv
    output: /beegfs/data/soukkal/StageM2/Control_genomes/results/Stat_Results/GCA_005959815.1/BUSCO_results/run_diptera_odb10/Sum_table_GCA_005959815.1.txt
    jobid: 95
    wildcards: Genome_ID=GCA_005959815.1

Submitted job 95 with external jobid 'Submitted batch job 3490584'.
[Mon Mar 21 17:38:25 2022]
Finished job 8.
10 of 81 steps (12%) done

[Mon Mar 21 17:38:25 2022]
rule Sum:
    input: /beegfs/data/soukkal/StageM2/Control_genomes/results/Stat_Results/GCA_001017275.1/BUSCO_results/run_diptera_odb10/full_table.tsv
    output: /beegfs/data/soukkal/StageM2/Control_genomes/results/Stat_Results/GCA_001017275.1/BUSCO_results/run_diptera_odb10/Sum_table_GCA_001017275.1.txt
    jobid: 88
    wildcards: Genome_ID=GCA_001017275.1

Submitted job 88 with external jobid 'Submitted batch job 3490585'.
[Mon Mar 21 17:38:53 2022]
Finished job 37.
11 of 81 steps (14%) done

[Mon Mar 21 17:38:53 2022]
rule Sum:
    input: /beegfs/data/soukkal/StageM2/Control_genomes/results/Stat_Results/GCF_013340165.1/BUSCO_results/run_diptera_odb10/full_table.tsv
    output: /beegfs/data/soukkal/StageM2/Control_genomes/results/Stat_Results/GCF_013340165.1/BUSCO_results/run_diptera_odb10/Sum_table_GCF_013340165.1.txt
    jobid: 117
    wildcards: Genome_ID=GCF_013340165.1

Submitted job 117 with external jobid 'Submitted batch job 3490586'.
[Mon Mar 21 17:41:27 2022]
Finished job 3.
12 of 81 steps (15%) done

[Mon Mar 21 17:41:27 2022]
rule Sum:
    input: /beegfs/data/soukkal/StageM2/Control_genomes/results/Stat_Results/GCA_001014675.1/BUSCO_results/run_diptera_odb10/full_table.tsv
    output: /beegfs/data/soukkal/StageM2/Control_genomes/results/Stat_Results/GCA_001014675.1/BUSCO_results/run_diptera_odb10/Sum_table_GCA_001014675.1.txt
    jobid: 83
    wildcards: Genome_ID=GCA_001014675.1

Submitted job 83 with external jobid 'Submitted batch job 3490587'.
[Mon Mar 21 17:43:34 2022]
Finished job 4.
13 of 81 steps (16%) done

[Mon Mar 21 17:43:34 2022]
rule Sum:
    input: /beegfs/data/soukkal/StageM2/Control_genomes/results/Stat_Results/GCA_001014935.1/BUSCO_results/run_diptera_odb10/full_table.tsv
    output: /beegfs/data/soukkal/StageM2/Control_genomes/results/Stat_Results/GCA_001014935.1/BUSCO_results/run_diptera_odb10/Sum_table_GCA_001014935.1.txt
    jobid: 84
    wildcards: Genome_ID=GCA_001014935.1

Submitted job 84 with external jobid 'Submitted batch job 3490588'.
[Mon Mar 21 17:44:15 2022]
Finished job 21.
14 of 81 steps (17%) done

[Mon Mar 21 17:44:15 2022]
rule Sum:
    input: /beegfs/data/soukkal/StageM2/Control_genomes/results/Stat_Results/GCA_905231855.2/BUSCO_results/run_diptera_odb10/full_table.tsv
    output: /beegfs/data/soukkal/StageM2/Control_genomes/results/Stat_Results/GCA_905231855.2/BUSCO_results/run_diptera_odb10/Sum_table_GCA_905231855.2.txt
    jobid: 101
    wildcards: Genome_ID=GCA_905231855.2

Submitted job 101 with external jobid 'Submitted batch job 3490589'.
[Mon Mar 21 17:44:16 2022]
Finished job 31.
15 of 81 steps (19%) done

[Mon Mar 21 17:44:16 2022]
rule Sum:
    input: /beegfs/data/soukkal/StageM2/Control_genomes/results/Stat_Results/GCF_000001215.4/BUSCO_results/run_diptera_odb10/full_table.tsv
    output: /beegfs/data/soukkal/StageM2/Control_genomes/results/Stat_Results/GCF_000001215.4/BUSCO_results/run_diptera_odb10/Sum_table_GCF_000001215.4.txt
    jobid: 111
    wildcards: Genome_ID=GCF_000001215.4

Submitted job 111 with external jobid 'Submitted batch job 3490590'.
[Mon Mar 21 17:44:43 2022]
Error in rule Sum:
    jobid: 86
    output: /beegfs/data/soukkal/StageM2/Control_genomes/results/Stat_Results/GCA_001015115.1/BUSCO_results/run_diptera_odb10/Sum_table_GCA_001015115.1.txt
    shell:
        
     python3 /beegfs/data/soukkal/StageM2/Scripts/BUSCO_jobs/Busco_summary.py -sum /beegfs/data/soukkal/StageM2/Control_genomes/results/Stat_Results/GCA_001015115.1/BUSCO_results/run_diptera_odb10/full_table.tsv  -o /beegfs/data/soukkal/StageM2/Control_genomes/results/Stat_Results/GCA_001015115.1/BUSCO_results/run_diptera_odb10/Sum_table_GCA_001015115.1.txt -sp GCA_001015115.1
     cp /beegfs/data/soukkal/StageM2/Control_genomes/results/Stat_Results/GCA_001015115.1/BUSCO_results/run_diptera_odb10/Sum_table_GCA_001015115.1.txt /beegfs/data/soukkal/StageM2/Control_genomes/results/Stat_Results/Busco_sum/diptera/Sum_table_GCA_001015115.1.txt
     
        (one of the commands exited with non-zero exit code; note that snakemake uses bash strict mode!)
    cluster_jobid: Submitted batch job 3490573

Error executing rule Sum on cluster (jobid: 86, external: Submitted batch job 3490573, jobscript: /beegfs/data/soukkal/StageM2/Scripts/BUSCO_jobs/.snakemake/tmp.hpqx0o0r/snakejob.Sum.86.sh). For error details see the cluster log and the log files of the involved rule(s).
[Mon Mar 21 17:45:10 2022]
Error in rule Sum:
    jobid: 81
    output: /beegfs/data/soukkal/StageM2/Control_genomes/results/Stat_Results/GCA_001014415.1/BUSCO_results/run_diptera_odb10/Sum_table_GCA_001014415.1.txt
    shell:
        
     python3 /beegfs/data/soukkal/StageM2/Scripts/BUSCO_jobs/Busco_summary.py -sum /beegfs/data/soukkal/StageM2/Control_genomes/results/Stat_Results/GCA_001014415.1/BUSCO_results/run_diptera_odb10/full_table.tsv  -o /beegfs/data/soukkal/StageM2/Control_genomes/results/Stat_Results/GCA_001014415.1/BUSCO_results/run_diptera_odb10/Sum_table_GCA_001014415.1.txt -sp GCA_001014415.1
     cp /beegfs/data/soukkal/StageM2/Control_genomes/results/Stat_Results/GCA_001014415.1/BUSCO_results/run_diptera_odb10/Sum_table_GCA_001014415.1.txt /beegfs/data/soukkal/StageM2/Control_genomes/results/Stat_Results/Busco_sum/diptera/Sum_table_GCA_001014415.1.txt
     
        (one of the commands exited with non-zero exit code; note that snakemake uses bash strict mode!)
    cluster_jobid: Submitted batch job 3490574

Error executing rule Sum on cluster (jobid: 81, external: Submitted batch job 3490574, jobscript: /beegfs/data/soukkal/StageM2/Scripts/BUSCO_jobs/.snakemake/tmp.hpqx0o0r/snakejob.Sum.81.sh). For error details see the cluster log and the log files of the involved rule(s).
[Mon Mar 21 17:45:37 2022]
Error in rule Sum:
    jobid: 94
    output: /beegfs/data/soukkal/StageM2/Control_genomes/results/Stat_Results/GCA_004302925.1/BUSCO_results/run_diptera_odb10/Sum_table_GCA_004302925.1.txt
    shell:
        
     python3 /beegfs/data/soukkal/StageM2/Scripts/BUSCO_jobs/Busco_summary.py -sum /beegfs/data/soukkal/StageM2/Control_genomes/results/Stat_Results/GCA_004302925.1/BUSCO_results/run_diptera_odb10/full_table.tsv  -o /beegfs/data/soukkal/StageM2/Control_genomes/results/Stat_Results/GCA_004302925.1/BUSCO_results/run_diptera_odb10/Sum_table_GCA_004302925.1.txt -sp GCA_004302925.1
     cp /beegfs/data/soukkal/StageM2/Control_genomes/results/Stat_Results/GCA_004302925.1/BUSCO_results/run_diptera_odb10/Sum_table_GCA_004302925.1.txt /beegfs/data/soukkal/StageM2/Control_genomes/results/Stat_Results/Busco_sum/diptera/Sum_table_GCA_004302925.1.txt
     
        (one of the commands exited with non-zero exit code; note that snakemake uses bash strict mode!)
    cluster_jobid: Submitted batch job 3490575

Error executing rule Sum on cluster (jobid: 94, external: Submitted batch job 3490575, jobscript: /beegfs/data/soukkal/StageM2/Scripts/BUSCO_jobs/.snakemake/tmp.hpqx0o0r/snakejob.Sum.94.sh). For error details see the cluster log and the log files of the involved rule(s).
[Mon Mar 21 17:46:16 2022]
Error in rule Sum:
    jobid: 116
    output: /beegfs/data/soukkal/StageM2/Control_genomes/results/Stat_Results/GCF_009650485.1/BUSCO_results/run_diptera_odb10/Sum_table_GCF_009650485.1.txt
    shell:
        
     python3 /beegfs/data/soukkal/StageM2/Scripts/BUSCO_jobs/Busco_summary.py -sum /beegfs/data/soukkal/StageM2/Control_genomes/results/Stat_Results/GCF_009650485.1/BUSCO_results/run_diptera_odb10/full_table.tsv  -o /beegfs/data/soukkal/StageM2/Control_genomes/results/Stat_Results/GCF_009650485.1/BUSCO_results/run_diptera_odb10/Sum_table_GCF_009650485.1.txt -sp GCF_009650485.1
     cp /beegfs/data/soukkal/StageM2/Control_genomes/results/Stat_Results/GCF_009650485.1/BUSCO_results/run_diptera_odb10/Sum_table_GCF_009650485.1.txt /beegfs/data/soukkal/StageM2/Control_genomes/results/Stat_Results/Busco_sum/diptera/Sum_table_GCF_009650485.1.txt
     
        (one of the commands exited with non-zero exit code; note that snakemake uses bash strict mode!)
    cluster_jobid: Submitted batch job 3490576

Error executing rule Sum on cluster (jobid: 116, external: Submitted batch job 3490576, jobscript: /beegfs/data/soukkal/StageM2/Scripts/BUSCO_jobs/.snakemake/tmp.hpqx0o0r/snakejob.Sum.116.sh). For error details see the cluster log and the log files of the involved rule(s).
[Mon Mar 21 17:46:42 2022]
Error in rule Sum:
    jobid: 87
    output: /beegfs/data/soukkal/StageM2/Control_genomes/results/Stat_Results/GCA_001015175.1/BUSCO_results/run_diptera_odb10/Sum_table_GCA_001015175.1.txt
    shell:
        
     python3 /beegfs/data/soukkal/StageM2/Scripts/BUSCO_jobs/Busco_summary.py -sum /beegfs/data/soukkal/StageM2/Control_genomes/results/Stat_Results/GCA_001015175.1/BUSCO_results/run_diptera_odb10/full_table.tsv  -o /beegfs/data/soukkal/StageM2/Control_genomes/results/Stat_Results/GCA_001015175.1/BUSCO_results/run_diptera_odb10/Sum_table_GCA_001015175.1.txt -sp GCA_001015175.1
     cp /beegfs/data/soukkal/StageM2/Control_genomes/results/Stat_Results/GCA_001015175.1/BUSCO_results/run_diptera_odb10/Sum_table_GCA_001015175.1.txt /beegfs/data/soukkal/StageM2/Control_genomes/results/Stat_Results/Busco_sum/diptera/Sum_table_GCA_001015175.1.txt
     
        (one of the commands exited with non-zero exit code; note that snakemake uses bash strict mode!)
    cluster_jobid: Submitted batch job 3490578

Error executing rule Sum on cluster (jobid: 87, external: Submitted batch job 3490578, jobscript: /beegfs/data/soukkal/StageM2/Scripts/BUSCO_jobs/.snakemake/tmp.hpqx0o0r/snakejob.Sum.87.sh). For error details see the cluster log and the log files of the involved rule(s).
[Mon Mar 21 17:47:07 2022]
Error in rule Sum:
    jobid: 96
    output: /beegfs/data/soukkal/StageM2/Control_genomes/results/Stat_Results/GCA_014858695.1/BUSCO_results/run_diptera_odb10/Sum_table_GCA_014858695.1.txt
    shell:
        
     python3 /beegfs/data/soukkal/StageM2/Scripts/BUSCO_jobs/Busco_summary.py -sum /beegfs/data/soukkal/StageM2/Control_genomes/results/Stat_Results/GCA_014858695.1/BUSCO_results/run_diptera_odb10/full_table.tsv  -o /beegfs/data/soukkal/StageM2/Control_genomes/results/Stat_Results/GCA_014858695.1/BUSCO_results/run_diptera_odb10/Sum_table_GCA_014858695.1.txt -sp GCA_014858695.1
     cp /beegfs/data/soukkal/StageM2/Control_genomes/results/Stat_Results/GCA_014858695.1/BUSCO_results/run_diptera_odb10/Sum_table_GCA_014858695.1.txt /beegfs/data/soukkal/StageM2/Control_genomes/results/Stat_Results/Busco_sum/diptera/Sum_table_GCA_014858695.1.txt
     
        (one of the commands exited with non-zero exit code; note that snakemake uses bash strict mode!)
    cluster_jobid: Submitted batch job 3490579

Error executing rule Sum on cluster (jobid: 96, external: Submitted batch job 3490579, jobscript: /beegfs/data/soukkal/StageM2/Scripts/BUSCO_jobs/.snakemake/tmp.hpqx0o0r/snakejob.Sum.96.sh). For error details see the cluster log and the log files of the involved rule(s).
[Mon Mar 21 17:47:33 2022]
Error in rule Sum:
    jobid: 115
    output: /beegfs/data/soukkal/StageM2/Control_genomes/results/Stat_Results/GCF_002237135.1/BUSCO_results/run_diptera_odb10/Sum_table_GCF_002237135.1.txt
    shell:
        
     python3 /beegfs/data/soukkal/StageM2/Scripts/BUSCO_jobs/Busco_summary.py -sum /beegfs/data/soukkal/StageM2/Control_genomes/results/Stat_Results/GCF_002237135.1/BUSCO_results/run_diptera_odb10/full_table.tsv  -o /beegfs/data/soukkal/StageM2/Control_genomes/results/Stat_Results/GCF_002237135.1/BUSCO_results/run_diptera_odb10/Sum_table_GCF_002237135.1.txt -sp GCF_002237135.1
     cp /beegfs/data/soukkal/StageM2/Control_genomes/results/Stat_Results/GCF_002237135.1/BUSCO_results/run_diptera_odb10/Sum_table_GCF_002237135.1.txt /beegfs/data/soukkal/StageM2/Control_genomes/results/Stat_Results/Busco_sum/diptera/Sum_table_GCF_002237135.1.txt
     
        (one of the commands exited with non-zero exit code; note that snakemake uses bash strict mode!)
    cluster_jobid: Submitted batch job 3490580

Error executing rule Sum on cluster (jobid: 115, external: Submitted batch job 3490580, jobscript: /beegfs/data/soukkal/StageM2/Scripts/BUSCO_jobs/.snakemake/tmp.hpqx0o0r/snakejob.Sum.115.sh). For error details see the cluster log and the log files of the involved rule(s).
[Mon Mar 21 17:48:12 2022]
Error in rule Sum:
    jobid: 82
    output: /beegfs/data/soukkal/StageM2/Control_genomes/results/Stat_Results/GCA_001014575.1/BUSCO_results/run_diptera_odb10/Sum_table_GCA_001014575.1.txt
    shell:
        
     python3 /beegfs/data/soukkal/StageM2/Scripts/BUSCO_jobs/Busco_summary.py -sum /beegfs/data/soukkal/StageM2/Control_genomes/results/Stat_Results/GCA_001014575.1/BUSCO_results/run_diptera_odb10/full_table.tsv  -o /beegfs/data/soukkal/StageM2/Control_genomes/results/Stat_Results/GCA_001014575.1/BUSCO_results/run_diptera_odb10/Sum_table_GCA_001014575.1.txt -sp GCA_001014575.1
     cp /beegfs/data/soukkal/StageM2/Control_genomes/results/Stat_Results/GCA_001014575.1/BUSCO_results/run_diptera_odb10/Sum_table_GCA_001014575.1.txt /beegfs/data/soukkal/StageM2/Control_genomes/results/Stat_Results/Busco_sum/diptera/Sum_table_GCA_001014575.1.txt
     
        (one of the commands exited with non-zero exit code; note that snakemake uses bash strict mode!)
    cluster_jobid: Submitted batch job 3490583

Error executing rule Sum on cluster (jobid: 82, external: Submitted batch job 3490583, jobscript: /beegfs/data/soukkal/StageM2/Scripts/BUSCO_jobs/.snakemake/tmp.hpqx0o0r/snakejob.Sum.82.sh). For error details see the cluster log and the log files of the involved rule(s).
[Mon Mar 21 17:48:38 2022]
Error in rule Sum:
    jobid: 95
    output: /beegfs/data/soukkal/StageM2/Control_genomes/results/Stat_Results/GCA_005959815.1/BUSCO_results/run_diptera_odb10/Sum_table_GCA_005959815.1.txt
    shell:
        
     python3 /beegfs/data/soukkal/StageM2/Scripts/BUSCO_jobs/Busco_summary.py -sum /beegfs/data/soukkal/StageM2/Control_genomes/results/Stat_Results/GCA_005959815.1/BUSCO_results/run_diptera_odb10/full_table.tsv  -o /beegfs/data/soukkal/StageM2/Control_genomes/results/Stat_Results/GCA_005959815.1/BUSCO_results/run_diptera_odb10/Sum_table_GCA_005959815.1.txt -sp GCA_005959815.1
     cp /beegfs/data/soukkal/StageM2/Control_genomes/results/Stat_Results/GCA_005959815.1/BUSCO_results/run_diptera_odb10/Sum_table_GCA_005959815.1.txt /beegfs/data/soukkal/StageM2/Control_genomes/results/Stat_Results/Busco_sum/diptera/Sum_table_GCA_005959815.1.txt
     
        (one of the commands exited with non-zero exit code; note that snakemake uses bash strict mode!)
    cluster_jobid: Submitted batch job 3490584

Error executing rule Sum on cluster (jobid: 95, external: Submitted batch job 3490584, jobscript: /beegfs/data/soukkal/StageM2/Scripts/BUSCO_jobs/.snakemake/tmp.hpqx0o0r/snakejob.Sum.95.sh). For error details see the cluster log and the log files of the involved rule(s).
[Mon Mar 21 17:49:04 2022]
Error in rule Sum:
    jobid: 88
    output: /beegfs/data/soukkal/StageM2/Control_genomes/results/Stat_Results/GCA_001017275.1/BUSCO_results/run_diptera_odb10/Sum_table_GCA_001017275.1.txt
    shell:
        
     python3 /beegfs/data/soukkal/StageM2/Scripts/BUSCO_jobs/Busco_summary.py -sum /beegfs/data/soukkal/StageM2/Control_genomes/results/Stat_Results/GCA_001017275.1/BUSCO_results/run_diptera_odb10/full_table.tsv  -o /beegfs/data/soukkal/StageM2/Control_genomes/results/Stat_Results/GCA_001017275.1/BUSCO_results/run_diptera_odb10/Sum_table_GCA_001017275.1.txt -sp GCA_001017275.1
     cp /beegfs/data/soukkal/StageM2/Control_genomes/results/Stat_Results/GCA_001017275.1/BUSCO_results/run_diptera_odb10/Sum_table_GCA_001017275.1.txt /beegfs/data/soukkal/StageM2/Control_genomes/results/Stat_Results/Busco_sum/diptera/Sum_table_GCA_001017275.1.txt
     
        (one of the commands exited with non-zero exit code; note that snakemake uses bash strict mode!)
    cluster_jobid: Submitted batch job 3490585

Error executing rule Sum on cluster (jobid: 88, external: Submitted batch job 3490585, jobscript: /beegfs/data/soukkal/StageM2/Scripts/BUSCO_jobs/.snakemake/tmp.hpqx0o0r/snakejob.Sum.88.sh). For error details see the cluster log and the log files of the involved rule(s).
[Mon Mar 21 17:49:18 2022]
Finished job 30.
16 of 81 steps (20%) done
[Mon Mar 21 17:49:42 2022]
Error in rule Sum:
    jobid: 83
    output: /beegfs/data/soukkal/StageM2/Control_genomes/results/Stat_Results/GCA_001014675.1/BUSCO_results/run_diptera_odb10/Sum_table_GCA_001014675.1.txt
    shell:
        
     python3 /beegfs/data/soukkal/StageM2/Scripts/BUSCO_jobs/Busco_summary.py -sum /beegfs/data/soukkal/StageM2/Control_genomes/results/Stat_Results/GCA_001014675.1/BUSCO_results/run_diptera_odb10/full_table.tsv  -o /beegfs/data/soukkal/StageM2/Control_genomes/results/Stat_Results/GCA_001014675.1/BUSCO_results/run_diptera_odb10/Sum_table_GCA_001014675.1.txt -sp GCA_001014675.1
     cp /beegfs/data/soukkal/StageM2/Control_genomes/results/Stat_Results/GCA_001014675.1/BUSCO_results/run_diptera_odb10/Sum_table_GCA_001014675.1.txt /beegfs/data/soukkal/StageM2/Control_genomes/results/Stat_Results/Busco_sum/diptera/Sum_table_GCA_001014675.1.txt
     
        (one of the commands exited with non-zero exit code; note that snakemake uses bash strict mode!)
    cluster_jobid: Submitted batch job 3490587

Error executing rule Sum on cluster (jobid: 83, external: Submitted batch job 3490587, jobscript: /beegfs/data/soukkal/StageM2/Scripts/BUSCO_jobs/.snakemake/tmp.hpqx0o0r/snakejob.Sum.83.sh). For error details see the cluster log and the log files of the involved rule(s).
[Mon Mar 21 17:49:42 2022]
Error in rule Sum:
    jobid: 117
    output: /beegfs/data/soukkal/StageM2/Control_genomes/results/Stat_Results/GCF_013340165.1/BUSCO_results/run_diptera_odb10/Sum_table_GCF_013340165.1.txt
    shell:
        
     python3 /beegfs/data/soukkal/StageM2/Scripts/BUSCO_jobs/Busco_summary.py -sum /beegfs/data/soukkal/StageM2/Control_genomes/results/Stat_Results/GCF_013340165.1/BUSCO_results/run_diptera_odb10/full_table.tsv  -o /beegfs/data/soukkal/StageM2/Control_genomes/results/Stat_Results/GCF_013340165.1/BUSCO_results/run_diptera_odb10/Sum_table_GCF_013340165.1.txt -sp GCF_013340165.1
     cp /beegfs/data/soukkal/StageM2/Control_genomes/results/Stat_Results/GCF_013340165.1/BUSCO_results/run_diptera_odb10/Sum_table_GCF_013340165.1.txt /beegfs/data/soukkal/StageM2/Control_genomes/results/Stat_Results/Busco_sum/diptera/Sum_table_GCF_013340165.1.txt
     
        (one of the commands exited with non-zero exit code; note that snakemake uses bash strict mode!)
    cluster_jobid: Submitted batch job 3490586

Error executing rule Sum on cluster (jobid: 117, external: Submitted batch job 3490586, jobscript: /beegfs/data/soukkal/StageM2/Scripts/BUSCO_jobs/.snakemake/tmp.hpqx0o0r/snakejob.Sum.117.sh). For error details see the cluster log and the log files of the involved rule(s).
[Mon Mar 21 17:50:06 2022]
Error in rule Sum:
    jobid: 101
    output: /beegfs/data/soukkal/StageM2/Control_genomes/results/Stat_Results/GCA_905231855.2/BUSCO_results/run_diptera_odb10/Sum_table_GCA_905231855.2.txt
    shell:
        
     python3 /beegfs/data/soukkal/StageM2/Scripts/BUSCO_jobs/Busco_summary.py -sum /beegfs/data/soukkal/StageM2/Control_genomes/results/Stat_Results/GCA_905231855.2/BUSCO_results/run_diptera_odb10/full_table.tsv  -o /beegfs/data/soukkal/StageM2/Control_genomes/results/Stat_Results/GCA_905231855.2/BUSCO_results/run_diptera_odb10/Sum_table_GCA_905231855.2.txt -sp GCA_905231855.2
     cp /beegfs/data/soukkal/StageM2/Control_genomes/results/Stat_Results/GCA_905231855.2/BUSCO_results/run_diptera_odb10/Sum_table_GCA_905231855.2.txt /beegfs/data/soukkal/StageM2/Control_genomes/results/Stat_Results/Busco_sum/diptera/Sum_table_GCA_905231855.2.txt
     
        (one of the commands exited with non-zero exit code; note that snakemake uses bash strict mode!)
    cluster_jobid: Submitted batch job 3490589

Error executing rule Sum on cluster (jobid: 101, external: Submitted batch job 3490589, jobscript: /beegfs/data/soukkal/StageM2/Scripts/BUSCO_jobs/.snakemake/tmp.hpqx0o0r/snakejob.Sum.101.sh). For error details see the cluster log and the log files of the involved rule(s).
[Mon Mar 21 17:50:06 2022]
Error in rule Sum:
    jobid: 84
    output: /beegfs/data/soukkal/StageM2/Control_genomes/results/Stat_Results/GCA_001014935.1/BUSCO_results/run_diptera_odb10/Sum_table_GCA_001014935.1.txt
    shell:
        
     python3 /beegfs/data/soukkal/StageM2/Scripts/BUSCO_jobs/Busco_summary.py -sum /beegfs/data/soukkal/StageM2/Control_genomes/results/Stat_Results/GCA_001014935.1/BUSCO_results/run_diptera_odb10/full_table.tsv  -o /beegfs/data/soukkal/StageM2/Control_genomes/results/Stat_Results/GCA_001014935.1/BUSCO_results/run_diptera_odb10/Sum_table_GCA_001014935.1.txt -sp GCA_001014935.1
     cp /beegfs/data/soukkal/StageM2/Control_genomes/results/Stat_Results/GCA_001014935.1/BUSCO_results/run_diptera_odb10/Sum_table_GCA_001014935.1.txt /beegfs/data/soukkal/StageM2/Control_genomes/results/Stat_Results/Busco_sum/diptera/Sum_table_GCA_001014935.1.txt
     
        (one of the commands exited with non-zero exit code; note that snakemake uses bash strict mode!)
    cluster_jobid: Submitted batch job 3490588

Error executing rule Sum on cluster (jobid: 84, external: Submitted batch job 3490588, jobscript: /beegfs/data/soukkal/StageM2/Scripts/BUSCO_jobs/.snakemake/tmp.hpqx0o0r/snakejob.Sum.84.sh). For error details see the cluster log and the log files of the involved rule(s).
[Mon Mar 21 17:50:42 2022]
Error in rule Sum:
    jobid: 111
    output: /beegfs/data/soukkal/StageM2/Control_genomes/results/Stat_Results/GCF_000001215.4/BUSCO_results/run_diptera_odb10/Sum_table_GCF_000001215.4.txt
    shell:
        
     python3 /beegfs/data/soukkal/StageM2/Scripts/BUSCO_jobs/Busco_summary.py -sum /beegfs/data/soukkal/StageM2/Control_genomes/results/Stat_Results/GCF_000001215.4/BUSCO_results/run_diptera_odb10/full_table.tsv  -o /beegfs/data/soukkal/StageM2/Control_genomes/results/Stat_Results/GCF_000001215.4/BUSCO_results/run_diptera_odb10/Sum_table_GCF_000001215.4.txt -sp GCF_000001215.4
     cp /beegfs/data/soukkal/StageM2/Control_genomes/results/Stat_Results/GCF_000001215.4/BUSCO_results/run_diptera_odb10/Sum_table_GCF_000001215.4.txt /beegfs/data/soukkal/StageM2/Control_genomes/results/Stat_Results/Busco_sum/diptera/Sum_table_GCF_000001215.4.txt
     
        (one of the commands exited with non-zero exit code; note that snakemake uses bash strict mode!)
    cluster_jobid: Submitted batch job 3490590

Error executing rule Sum on cluster (jobid: 111, external: Submitted batch job 3490590, jobscript: /beegfs/data/soukkal/StageM2/Scripts/BUSCO_jobs/.snakemake/tmp.hpqx0o0r/snakejob.Sum.111.sh). For error details see the cluster log and the log files of the involved rule(s).
[Mon Mar 21 17:57:07 2022]
Finished job 17.
17 of 81 steps (21%) done
[Mon Mar 21 18:30:22 2022]
Finished job 9.
18 of 81 steps (22%) done
[Mon Mar 21 18:43:35 2022]
Finished job 28.
19 of 81 steps (23%) done
[Mon Mar 21 18:44:24 2022]
Finished job 13.
20 of 81 steps (25%) done
[Mon Mar 21 18:50:12 2022]
Finished job 10.
21 of 81 steps (26%) done
[Mon Mar 21 19:01:58 2022]
Finished job 39.
22 of 81 steps (27%) done
[Mon Mar 21 19:01:59 2022]
Finished job 33.
23 of 81 steps (28%) done
[Mon Mar 21 19:06:22 2022]
Finished job 34.
24 of 81 steps (30%) done
[Mon Mar 21 19:13:21 2022]
Finished job 11.
25 of 81 steps (31%) done
[Mon Mar 21 19:18:07 2022]
Finished job 32.
26 of 81 steps (32%) done
[Mon Mar 21 19:35:45 2022]
Finished job 20.
27 of 81 steps (33%) done
[Mon Mar 21 19:41:05 2022]
Finished job 19.
28 of 81 steps (35%) done
[Mon Mar 21 19:48:36 2022]
Finished job 25.
29 of 81 steps (36%) done
[Mon Mar 21 19:51:10 2022]
Finished job 5.
30 of 81 steps (37%) done
[Mon Mar 21 20:12:28 2022]
Finished job 23.
31 of 81 steps (38%) done
[Mon Mar 21 20:14:49 2022]
Finished job 40.
32 of 81 steps (40%) done
[Mon Mar 21 20:39:11 2022]
Finished job 27.
33 of 81 steps (41%) done
[Mon Mar 21 20:43:22 2022]
Finished job 18.
34 of 81 steps (42%) done
[Mon Mar 21 20:54:13 2022]
Finished job 24.
35 of 81 steps (43%) done
[Mon Mar 21 21:07:04 2022]
Finished job 29.
36 of 81 steps (44%) done
[Mon Mar 21 21:07:04 2022]
Finished job 26.
37 of 81 steps (46%) done
[Mon Mar 21 21:20:45 2022]
Finished job 12.
38 of 81 steps (47%) done
[Mon Mar 21 21:30:26 2022]
Finished job 22.
39 of 81 steps (48%) done
[Mon Mar 21 21:54:28 2022]
Finished job 38.
40 of 81 steps (49%) done
Shutting down, this might take some time.
Exiting because a job execution failed. Look above for error message
Complete log: /beegfs/data/soukkal/StageM2/Scripts/BUSCO_jobs/.snakemake/log/2022-03-21T104237.347713.snakemake.log
