Building DAG of jobs...
Using shell: /usr/bin/bash
Provided cluster nodes: 8000
Job counts:
	count	jobs
	37	BUSCO
	37	QUAST
	1	all
	75

[Mon Mar 14 09:25:55 2022]
rule BUSCO:
    input: /beegfs/data/soukkal/StageM2/Tachinids_genomes/genomes/genea_wood03dhj01.fna
    output: /beegfs/data/soukkal/StageM2/Tachinids_genomes/results/Stat_Results/genea_wood03dhj01/BUSCO_results/run_arthropoda_odb10/full_table.tsv
    jobid: 6
    wildcards: Genome_ID=genea_wood03dhj01

Submitted job 6 with external jobid 'Submitted batch job 3453857'.

[Mon Mar 14 09:25:55 2022]
rule BUSCO:
    input: /beegfs/data/soukkal/StageM2/Tachinids_genomes/genomes/siphosturmia_wood02.fna
    output: /beegfs/data/soukkal/StageM2/Tachinids_genomes/results/Stat_Results/siphosturmia_wood02/BUSCO_results/run_arthropoda_odb10/full_table.tsv
    jobid: 34
    wildcards: Genome_ID=siphosturmia_wood02

Submitted job 34 with external jobid 'Submitted batch job 3453858'.

[Mon Mar 14 09:25:55 2022]
rule QUAST:
    input: /beegfs/data/soukkal/StageM2/Tachinids_genomes/genomes/chetogena_scutellarisdhj01.fna
    output: /beegfs/data/soukkal/StageM2/Tachinids_genomes/results/Stat_Results/chetogena_scutellarisdhj01/QUAST_results/report.tsv
    jobid: 62
    wildcards: Genome_ID=chetogena_scutellarisdhj01

Submitted job 62 with external jobid 'Submitted batch job 3453859'.

[Mon Mar 14 09:25:55 2022]
rule BUSCO:
    input: /beegfs/data/soukkal/StageM2/Tachinids_genomes/genomes/jurinella_wood01.fna
    output: /beegfs/data/soukkal/StageM2/Tachinids_genomes/results/Stat_Results/jurinella_wood01/BUSCO_results/run_arthropoda_odb10/full_table.tsv
    jobid: 20
    wildcards: Genome_ID=jurinella_wood01

Submitted job 20 with external jobid 'Submitted batch job 3453860'.

[Mon Mar 14 09:25:55 2022]
rule QUAST:
    input: /beegfs/data/soukkal/StageM2/Tachinids_genomes/genomes/atacta_brasiliensisdhj01.fna
    output: /beegfs/data/soukkal/StageM2/Tachinids_genomes/results/Stat_Results/atacta_brasiliensisdhj01/QUAST_results/report.tsv
    jobid: 48
    wildcards: Genome_ID=atacta_brasiliensisdhj01

Submitted job 48 with external jobid 'Submitted batch job 3453861'.

[Mon Mar 14 09:25:55 2022]
rule BUSCO:
    input: /beegfs/data/soukkal/StageM2/Tachinids_genomes/genomes/houghia_pallida.fna
    output: /beegfs/data/soukkal/StageM2/Tachinids_genomes/results/Stat_Results/houghia_pallida/BUSCO_results/run_arthropoda_odb10/full_table.tsv
    jobid: 14
    wildcards: Genome_ID=houghia_pallida

Submitted job 14 with external jobid 'Submitted batch job 3453862'.

[Mon Mar 14 09:25:55 2022]
rule BUSCO:
    input: /beegfs/data/soukkal/StageM2/Tachinids_genomes/genomes/lixophaga_wood06.fna
    output: /beegfs/data/soukkal/StageM2/Tachinids_genomes/results/Stat_Results/lixophaga_wood06/BUSCO_results/run_arthropoda_odb10/full_table.tsv
    jobid: 28
    wildcards: Genome_ID=lixophaga_wood06

Submitted job 28 with external jobid 'Submitted batch job 3453863'.

[Mon Mar 14 09:25:55 2022]
rule QUAST:
    input: /beegfs/data/soukkal/StageM2/Tachinids_genomes/genomes/argyrochaetona_cubanadhj02.fna
    output: /beegfs/data/soukkal/StageM2/Tachinids_genomes/results/Stat_Results/argyrochaetona_cubanadhj02/QUAST_results/report.tsv
    jobid: 42
    wildcards: Genome_ID=argyrochaetona_cubanadhj02

Submitted job 42 with external jobid 'Submitted batch job 3453864'.

[Mon Mar 14 09:25:55 2022]
rule QUAST:
    input: /beegfs/data/soukkal/StageM2/Tachinids_genomes/genomes/calolydella_erasmocoronadoi.fna
    output: /beegfs/data/soukkal/StageM2/Tachinids_genomes/results/Stat_Results/calolydella_erasmocoronadoi/QUAST_results/report.tsv
    jobid: 56
    wildcards: Genome_ID=calolydella_erasmocoronadoi

Submitted job 56 with external jobid 'Submitted batch job 3453865'.

[Mon Mar 14 09:25:55 2022]
rule QUAST:
    input: /beegfs/data/soukkal/StageM2/Tachinids_genomes/genomes/chrysotachina_wood02dhj02.fna
    output: /beegfs/data/soukkal/StageM2/Tachinids_genomes/results/Stat_Results/chrysotachina_wood02dhj02/QUAST_results/report.tsv
    jobid: 70
    wildcards: Genome_ID=chrysotachina_wood02dhj02

Submitted job 70 with external jobid 'Submitted batch job 3453866'.

[Mon Mar 14 09:25:55 2022]
rule BUSCO:
    input: /beegfs/data/soukkal/StageM2/Tachinids_genomes/genomes/argyrophylax_albincisadhj04.fna
    output: /beegfs/data/soukkal/StageM2/Tachinids_genomes/results/Stat_Results/argyrophylax_albincisadhj04/BUSCO_results/run_arthropoda_odb10/full_table.tsv
    jobid: 7
    wildcards: Genome_ID=argyrophylax_albincisadhj04

Submitted job 7 with external jobid 'Submitted batch job 3453867'.

[Mon Mar 14 09:25:55 2022]
rule BUSCO:
    input: /beegfs/data/soukkal/StageM2/Tachinids_genomes/genomes/calolydella_timjamesi.fna
    output: /beegfs/data/soukkal/StageM2/Tachinids_genomes/results/Stat_Results/calolydella_timjamesi/BUSCO_results/run_arthropoda_odb10/full_table.tsv
    jobid: 21
    wildcards: Genome_ID=calolydella_timjamesi

Submitted job 21 with external jobid 'Submitted batch job 3453868'.

[Mon Mar 14 09:25:56 2022]
rule BUSCO:
    input: /beegfs/data/soukkal/StageM2/Tachinids_genomes/genomes/cordyligaster_capellii.fna
    output: /beegfs/data/soukkal/StageM2/Tachinids_genomes/results/Stat_Results/cordyligaster_capellii/BUSCO_results/run_arthropoda_odb10/full_table.tsv
    jobid: 35
    wildcards: Genome_ID=cordyligaster_capellii

Submitted job 35 with external jobid 'Submitted batch job 3453869'.

[Mon Mar 14 09:25:56 2022]
rule QUAST:
    input: /beegfs/data/soukkal/StageM2/Tachinids_genomes/genomes/houghia_graciloides.fna
    output: /beegfs/data/soukkal/StageM2/Tachinids_genomes/results/Stat_Results/houghia_graciloides/QUAST_results/report.tsv
    jobid: 49
    wildcards: Genome_ID=houghia_graciloides

Submitted job 49 with external jobid 'Submitted batch job 3453870'.

[Mon Mar 14 09:25:56 2022]
rule QUAST:
    input: /beegfs/data/soukkal/StageM2/Tachinids_genomes/genomes/leskia_wood01dhj03.fna
    output: /beegfs/data/soukkal/StageM2/Tachinids_genomes/results/Stat_Results/leskia_wood01dhj03/QUAST_results/report.tsv
    jobid: 63
    wildcards: Genome_ID=leskia_wood01dhj03

Submitted job 63 with external jobid 'Submitted batch job 3453871'.

[Mon Mar 14 09:25:56 2022]
rule BUSCO:
    input: /beegfs/data/soukkal/StageM2/Tachinids_genomes/genomes/belvosia_woodley07g.fna
    output: /beegfs/data/soukkal/StageM2/Tachinids_genomes/results/Stat_Results/belvosia_woodley07g/BUSCO_results/run_arthropoda_odb10/full_table.tsv
    jobid: 15
    wildcards: Genome_ID=belvosia_woodley07g

Submitted job 15 with external jobid 'Submitted batch job 3453872'.

[Mon Mar 14 09:25:56 2022]
rule QUAST:
    input: /beegfs/data/soukkal/StageM2/Tachinids_genomes/genomes/genea_wood03dhj01.fna
    output: /beegfs/data/soukkal/StageM2/Tachinids_genomes/results/Stat_Results/genea_wood03dhj01/QUAST_results/report.tsv
    jobid: 43
    wildcards: Genome_ID=genea_wood03dhj01

Submitted job 43 with external jobid 'Submitted batch job 3453873'.

[Mon Mar 14 09:25:56 2022]
rule BUSCO:
    input: /beegfs/data/soukkal/StageM2/Tachinids_genomes/genomes/chrysoexorista_wood04.fna
    output: /beegfs/data/soukkal/StageM2/Tachinids_genomes/results/Stat_Results/chrysoexorista_wood04/BUSCO_results/run_arthropoda_odb10/full_table.tsv
    jobid: 29
    wildcards: Genome_ID=chrysoexorista_wood04

Submitted job 29 with external jobid 'Submitted batch job 3453874'.

[Mon Mar 14 09:25:56 2022]
rule BUSCO:
    input: /beegfs/data/soukkal/StageM2/Tachinids_genomes/genomes/drino_wood06dhj05.fna
    output: /beegfs/data/soukkal/StageM2/Tachinids_genomes/results/Stat_Results/drino_wood06dhj05/BUSCO_results/run_arthropoda_odb10/full_table.tsv
    jobid: 2
    wildcards: Genome_ID=drino_wood06dhj05

Submitted job 2 with external jobid 'Submitted batch job 3453875'.

[Mon Mar 14 09:25:56 2022]
rule QUAST:
    input: /beegfs/data/soukkal/StageM2/Tachinids_genomes/genomes/jurinella_wood01.fna
    output: /beegfs/data/soukkal/StageM2/Tachinids_genomes/results/Stat_Results/jurinella_wood01/QUAST_results/report.tsv
    jobid: 57
    wildcards: Genome_ID=jurinella_wood01

Submitted job 57 with external jobid 'Submitted batch job 3453876'.

[Mon Mar 14 09:25:56 2022]
rule QUAST:
    input: /beegfs/data/soukkal/StageM2/Tachinids_genomes/genomes/siphosturmia_wood02.fna
    output: /beegfs/data/soukkal/StageM2/Tachinids_genomes/results/Stat_Results/siphosturmia_wood02/QUAST_results/report.tsv
    jobid: 71
    wildcards: Genome_ID=siphosturmia_wood02

Submitted job 71 with external jobid 'Submitted batch job 3453877'.

[Mon Mar 14 09:25:56 2022]
rule BUSCO:
    input: /beegfs/data/soukkal/StageM2/Tachinids_genomes/genomes/austrophorocera_wood05.fna
    output: /beegfs/data/soukkal/StageM2/Tachinids_genomes/results/Stat_Results/austrophorocera_wood05/BUSCO_results/run_arthropoda_odb10/full_table.tsv
    jobid: 13
    wildcards: Genome_ID=austrophorocera_wood05

Submitted job 13 with external jobid 'Submitted batch job 3453878'.

[Mon Mar 14 09:25:56 2022]
rule BUSCO:
    input: /beegfs/data/soukkal/StageM2/Tachinids_genomes/genomes/houghia_bivittata.fna
    output: /beegfs/data/soukkal/StageM2/Tachinids_genomes/results/Stat_Results/houghia_bivittata/BUSCO_results/run_arthropoda_odb10/full_table.tsv
    jobid: 8
    wildcards: Genome_ID=houghia_bivittata

Submitted job 8 with external jobid 'Submitted batch job 3453879'.

[Mon Mar 14 09:25:56 2022]
rule BUSCO:
    input: /beegfs/data/soukkal/StageM2/Tachinids_genomes/genomes/leschenaultia_wood15.fna
    output: /beegfs/data/soukkal/StageM2/Tachinids_genomes/results/Stat_Results/leschenaultia_wood15/BUSCO_results/run_arthropoda_odb10/full_table.tsv
    jobid: 22
    wildcards: Genome_ID=leschenaultia_wood15

Submitted job 22 with external jobid 'Submitted batch job 3453880'.

[Mon Mar 14 09:25:56 2022]
rule BUSCO:
    input: /beegfs/data/soukkal/StageM2/Tachinids_genomes/genomes/zizyphomyia_argutadhj02.fna
    output: /beegfs/data/soukkal/StageM2/Tachinids_genomes/results/Stat_Results/zizyphomyia_argutadhj02/BUSCO_results/run_arthropoda_odb10/full_table.tsv
    jobid: 36
    wildcards: Genome_ID=zizyphomyia_argutadhj02

Submitted job 36 with external jobid 'Submitted batch job 3453881'.

[Mon Mar 14 09:25:56 2022]
rule QUAST:
    input: /beegfs/data/soukkal/StageM2/Tachinids_genomes/genomes/austrophorocera_wood05.fna
    output: /beegfs/data/soukkal/StageM2/Tachinids_genomes/results/Stat_Results/austrophorocera_wood05/QUAST_results/report.tsv
    jobid: 50
    wildcards: Genome_ID=austrophorocera_wood05

Submitted job 50 with external jobid 'Submitted batch job 3453882'.

[Mon Mar 14 09:25:56 2022]
rule QUAST:
    input: /beegfs/data/soukkal/StageM2/Tachinids_genomes/genomes/chrysoexorista_wood01dhj02.fna
    output: /beegfs/data/soukkal/StageM2/Tachinids_genomes/results/Stat_Results/chrysoexorista_wood01dhj02/QUAST_results/report.tsv
    jobid: 64
    wildcards: Genome_ID=chrysoexorista_wood01dhj02

Submitted job 64 with external jobid 'Submitted batch job 3453883'.

[Mon Mar 14 09:25:56 2022]
rule BUSCO:
    input: /beegfs/data/soukkal/StageM2/Tachinids_genomes/genomes/aplomyopsis_wood01.fna
    output: /beegfs/data/soukkal/StageM2/Tachinids_genomes/results/Stat_Results/aplomyopsis_wood01/BUSCO_results/run_arthropoda_odb10/full_table.tsv
    jobid: 1
    wildcards: Genome_ID=aplomyopsis_wood01

Submitted job 1 with external jobid 'Submitted batch job 3453884'.

[Mon Mar 14 09:25:56 2022]
rule BUSCO:
    input: /beegfs/data/soukkal/StageM2/Tachinids_genomes/genomes/hyphantrophaga_virilis.fna
    output: /beegfs/data/soukkal/StageM2/Tachinids_genomes/results/Stat_Results/hyphantrophaga_virilis/BUSCO_results/run_arthropoda_odb10/full_table.tsv
    jobid: 16
    wildcards: Genome_ID=hyphantrophaga_virilis

Submitted job 16 with external jobid 'Submitted batch job 3453885'.

[Mon Mar 14 09:25:56 2022]
rule BUSCO:
    input: /beegfs/data/soukkal/StageM2/Tachinids_genomes/genomes/lixophaga_wood09.fna
    output: /beegfs/data/soukkal/StageM2/Tachinids_genomes/results/Stat_Results/lixophaga_wood09/BUSCO_results/run_arthropoda_odb10/full_table.tsv
    jobid: 30
    wildcards: Genome_ID=lixophaga_wood09

Submitted job 30 with external jobid 'Submitted batch job 3453886'.

[Mon Mar 14 09:25:56 2022]
rule QUAST:
    input: /beegfs/data/soukkal/StageM2/Tachinids_genomes/genomes/argyrophylax_albincisadhj04.fna
    output: /beegfs/data/soukkal/StageM2/Tachinids_genomes/results/Stat_Results/argyrophylax_albincisadhj04/QUAST_results/report.tsv
    jobid: 44
    wildcards: Genome_ID=argyrophylax_albincisadhj04

Submitted job 44 with external jobid 'Submitted batch job 3453887'.

[Mon Mar 14 09:25:56 2022]
rule QUAST:
    input: /beegfs/data/soukkal/StageM2/Tachinids_genomes/genomes/calolydella_timjamesi.fna
    output: /beegfs/data/soukkal/StageM2/Tachinids_genomes/results/Stat_Results/calolydella_timjamesi/QUAST_results/report.tsv
    jobid: 58
    wildcards: Genome_ID=calolydella_timjamesi

Submitted job 58 with external jobid 'Submitted batch job 3453888'.

[Mon Mar 14 09:25:56 2022]
rule QUAST:
    input: /beegfs/data/soukkal/StageM2/Tachinids_genomes/genomes/cordyligaster_capellii.fna
    output: /beegfs/data/soukkal/StageM2/Tachinids_genomes/results/Stat_Results/cordyligaster_capellii/QUAST_results/report.tsv
    jobid: 72
    wildcards: Genome_ID=cordyligaster_capellii

Submitted job 72 with external jobid 'Submitted batch job 3453889'.

[Mon Mar 14 09:25:56 2022]
rule BUSCO:
    input: /beegfs/data/soukkal/StageM2/Tachinids_genomes/genomes/argyrophylax_wood05.fna
    output: /beegfs/data/soukkal/StageM2/Tachinids_genomes/results/Stat_Results/argyrophylax_wood05/BUSCO_results/run_arthropoda_odb10/full_table.tsv
    jobid: 9
    wildcards: Genome_ID=argyrophylax_wood05

Submitted job 9 with external jobid 'Submitted batch job 3453890'.

[Mon Mar 14 09:25:56 2022]
rule BUSCO:
    input: /beegfs/data/soukkal/StageM2/Tachinids_genomes/genomes/campylocheta_wood03.fna
    output: /beegfs/data/soukkal/StageM2/Tachinids_genomes/results/Stat_Results/campylocheta_wood03/BUSCO_results/run_arthropoda_odb10/full_table.tsv
    jobid: 23
    wildcards: Genome_ID=campylocheta_wood03

Submitted job 23 with external jobid 'Submitted batch job 3453891'.

[Mon Mar 14 09:25:56 2022]
rule BUSCO:
    input: /beegfs/data/soukkal/StageM2/Tachinids_genomes/genomes/drino_wood06dhj01.fna
    output: /beegfs/data/soukkal/StageM2/Tachinids_genomes/results/Stat_Results/drino_wood06dhj01/BUSCO_results/run_arthropoda_odb10/full_table.tsv
    jobid: 37
    wildcards: Genome_ID=drino_wood06dhj01

Submitted job 37 with external jobid 'Submitted batch job 3453892'.

[Mon Mar 14 09:25:56 2022]
rule QUAST:
    input: /beegfs/data/soukkal/StageM2/Tachinids_genomes/genomes/houghia_pallida.fna
    output: /beegfs/data/soukkal/StageM2/Tachinids_genomes/results/Stat_Results/houghia_pallida/QUAST_results/report.tsv
    jobid: 51
    wildcards: Genome_ID=houghia_pallida

Submitted job 51 with external jobid 'Submitted batch job 3453893'.

[Mon Mar 14 09:25:57 2022]
rule QUAST:
    input: /beegfs/data/soukkal/StageM2/Tachinids_genomes/genomes/lixophaga_wood06.fna
    output: /beegfs/data/soukkal/StageM2/Tachinids_genomes/results/Stat_Results/lixophaga_wood06/QUAST_results/report.tsv
    jobid: 65
    wildcards: Genome_ID=lixophaga_wood06

Submitted job 65 with external jobid 'Submitted batch job 3453894'.

[Mon Mar 14 09:25:57 2022]
rule QUAST:
    input: /beegfs/data/soukkal/StageM2/Tachinids_genomes/genomes/siphosturmia_rafaelidhj03.fna
    output: /beegfs/data/soukkal/StageM2/Tachinids_genomes/results/Stat_Results/siphosturmia_rafaelidhj03/QUAST_results/report.tsv
    jobid: 69
    wildcards: Genome_ID=siphosturmia_rafaelidhj03

Submitted job 69 with external jobid 'Submitted batch job 3453895'.

[Mon Mar 14 09:25:57 2022]
rule BUSCO:
    input: /beegfs/data/soukkal/StageM2/Tachinids_genomes/genomes/archytas_wood02.fna
    output: /beegfs/data/soukkal/StageM2/Tachinids_genomes/results/Stat_Results/archytas_wood02/BUSCO_results/run_arthropoda_odb10/full_table.tsv
    jobid: 3
    wildcards: Genome_ID=archytas_wood02

Submitted job 3 with external jobid 'Submitted batch job 3453896'.

[Mon Mar 14 09:25:57 2022]
rule BUSCO:
    input: /beegfs/data/soukkal/StageM2/Tachinids_genomes/genomes/belvosia_woodley10.fna
    output: /beegfs/data/soukkal/StageM2/Tachinids_genomes/results/Stat_Results/belvosia_woodley10/BUSCO_results/run_arthropoda_odb10/full_table.tsv
    jobid: 17
    wildcards: Genome_ID=belvosia_woodley10

Submitted job 17 with external jobid 'Submitted batch job 3453897'.

[Mon Mar 14 09:25:57 2022]
rule BUSCO:
    input: /beegfs/data/soukkal/StageM2/Tachinids_genomes/genomes/chrysoexorista_wood01dhj02.fna
    output: /beegfs/data/soukkal/StageM2/Tachinids_genomes/results/Stat_Results/chrysoexorista_wood01dhj02/BUSCO_results/run_arthropoda_odb10/full_table.tsv
    jobid: 27
    wildcards: Genome_ID=chrysoexorista_wood01dhj02

Submitted job 27 with external jobid 'Submitted batch job 3453898'.

[Mon Mar 14 09:25:57 2022]
rule BUSCO:
    input: /beegfs/data/soukkal/StageM2/Tachinids_genomes/genomes/chrysotachina_wood01.fna
    output: /beegfs/data/soukkal/StageM2/Tachinids_genomes/results/Stat_Results/chrysotachina_wood01/BUSCO_results/run_arthropoda_odb10/full_table.tsv
    jobid: 31
    wildcards: Genome_ID=chrysotachina_wood01

Submitted job 31 with external jobid 'Submitted batch job 3453899'.

[Mon Mar 14 09:25:57 2022]
rule QUAST:
    input: /beegfs/data/soukkal/StageM2/Tachinids_genomes/genomes/houghia_bivittata.fna
    output: /beegfs/data/soukkal/StageM2/Tachinids_genomes/results/Stat_Results/houghia_bivittata/QUAST_results/report.tsv
    jobid: 45
    wildcards: Genome_ID=houghia_bivittata

Submitted job 45 with external jobid 'Submitted batch job 3453900'.

[Mon Mar 14 09:25:57 2022]
rule QUAST:
    input: /beegfs/data/soukkal/StageM2/Tachinids_genomes/genomes/leschenaultia_wood15.fna
    output: /beegfs/data/soukkal/StageM2/Tachinids_genomes/results/Stat_Results/leschenaultia_wood15/QUAST_results/report.tsv
    jobid: 59
    wildcards: Genome_ID=leschenaultia_wood15

Submitted job 59 with external jobid 'Submitted batch job 3453901'.

[Mon Mar 14 09:25:57 2022]
rule QUAST:
    input: /beegfs/data/soukkal/StageM2/Tachinids_genomes/genomes/zizyphomyia_argutadhj02.fna
    output: /beegfs/data/soukkal/StageM2/Tachinids_genomes/results/Stat_Results/zizyphomyia_argutadhj02/QUAST_results/report.tsv
    jobid: 73
    wildcards: Genome_ID=zizyphomyia_argutadhj02

Submitted job 73 with external jobid 'Submitted batch job 3453902'.

[Mon Mar 14 09:25:57 2022]
rule BUSCO:
    input: /beegfs/data/soukkal/StageM2/Tachinids_genomes/genomes/houghia_brevipilosa.fna
    output: /beegfs/data/soukkal/StageM2/Tachinids_genomes/results/Stat_Results/houghia_brevipilosa/BUSCO_results/run_arthropoda_odb10/full_table.tsv
    jobid: 10
    wildcards: Genome_ID=houghia_brevipilosa

Submitted job 10 with external jobid 'Submitted batch job 3453903'.

[Mon Mar 14 09:25:57 2022]
rule BUSCO:
    input: /beegfs/data/soukkal/StageM2/Tachinids_genomes/genomes/leskia_janzen27.fna
    output: /beegfs/data/soukkal/StageM2/Tachinids_genomes/results/Stat_Results/leskia_janzen27/BUSCO_results/run_arthropoda_odb10/full_table.tsv
    jobid: 24
    wildcards: Genome_ID=leskia_janzen27

Submitted job 24 with external jobid 'Submitted batch job 3453904'.

[Mon Mar 14 09:25:57 2022]
rule QUAST:
    input: /beegfs/data/soukkal/StageM2/Tachinids_genomes/genomes/aplomyopsis_wood01.fna
    output: /beegfs/data/soukkal/StageM2/Tachinids_genomes/results/Stat_Results/aplomyopsis_wood01/QUAST_results/report.tsv
    jobid: 38
    wildcards: Genome_ID=aplomyopsis_wood01

Submitted job 38 with external jobid 'Submitted batch job 3453905'.

[Mon Mar 14 09:25:57 2022]
rule QUAST:
    input: /beegfs/data/soukkal/StageM2/Tachinids_genomes/genomes/belvosia_woodley07g.fna
    output: /beegfs/data/soukkal/StageM2/Tachinids_genomes/results/Stat_Results/belvosia_woodley07g/QUAST_results/report.tsv
    jobid: 52
    wildcards: Genome_ID=belvosia_woodley07g

Submitted job 52 with external jobid 'Submitted batch job 3453906'.

[Mon Mar 14 09:25:57 2022]
rule QUAST:
    input: /beegfs/data/soukkal/StageM2/Tachinids_genomes/genomes/chrysoexorista_wood04.fna
    output: /beegfs/data/soukkal/StageM2/Tachinids_genomes/results/Stat_Results/chrysoexorista_wood04/QUAST_results/report.tsv
    jobid: 66
    wildcards: Genome_ID=chrysoexorista_wood04

Submitted job 66 with external jobid 'Submitted batch job 3453907'.

[Mon Mar 14 09:25:57 2022]
rule BUSCO:
    input: /beegfs/data/soukkal/StageM2/Tachinids_genomes/genomes/genea_wood01.fna
    output: /beegfs/data/soukkal/StageM2/Tachinids_genomes/results/Stat_Results/genea_wood01/BUSCO_results/run_arthropoda_odb10/full_table.tsv
    jobid: 4
    wildcards: Genome_ID=genea_wood01

Submitted job 4 with external jobid 'Submitted batch job 3453908'.

[Mon Mar 14 09:25:57 2022]
rule BUSCO:
    input: /beegfs/data/soukkal/StageM2/Tachinids_genomes/genomes/hyphantrophaga_wood11.fna
    output: /beegfs/data/soukkal/StageM2/Tachinids_genomes/results/Stat_Results/hyphantrophaga_wood11/BUSCO_results/run_arthropoda_odb10/full_table.tsv
    jobid: 18
    wildcards: Genome_ID=hyphantrophaga_wood11

Submitted job 18 with external jobid 'Submitted batch job 3453909'.

[Mon Mar 14 09:25:57 2022]
rule BUSCO:
    input: /beegfs/data/soukkal/StageM2/Tachinids_genomes/genomes/siphosturmia_rafaelidhj03.fna
    output: /beegfs/data/soukkal/StageM2/Tachinids_genomes/results/Stat_Results/siphosturmia_rafaelidhj03/BUSCO_results/run_arthropoda_odb10/full_table.tsv
    jobid: 32
    wildcards: Genome_ID=siphosturmia_rafaelidhj03

Submitted job 32 with external jobid 'Submitted batch job 3453910'.

[Mon Mar 14 09:25:57 2022]
rule QUAST:
    input: /beegfs/data/soukkal/StageM2/Tachinids_genomes/genomes/argyrophylax_wood05.fna
    output: /beegfs/data/soukkal/StageM2/Tachinids_genomes/results/Stat_Results/argyrophylax_wood05/QUAST_results/report.tsv
    jobid: 46
    wildcards: Genome_ID=argyrophylax_wood05

Submitted job 46 with external jobid 'Submitted batch job 3453911'.

[Mon Mar 14 09:25:57 2022]
rule QUAST:
    input: /beegfs/data/soukkal/StageM2/Tachinids_genomes/genomes/campylocheta_wood03.fna
    output: /beegfs/data/soukkal/StageM2/Tachinids_genomes/results/Stat_Results/campylocheta_wood03/QUAST_results/report.tsv
    jobid: 60
    wildcards: Genome_ID=campylocheta_wood03

Submitted job 60 with external jobid 'Submitted batch job 3453912'.

[Mon Mar 14 09:25:57 2022]
rule QUAST:
    input: /beegfs/data/soukkal/StageM2/Tachinids_genomes/genomes/drino_wood06dhj01.fna
    output: /beegfs/data/soukkal/StageM2/Tachinids_genomes/results/Stat_Results/drino_wood06dhj01/QUAST_results/report.tsv
    jobid: 74
    wildcards: Genome_ID=drino_wood06dhj01

Submitted job 74 with external jobid 'Submitted batch job 3453913'.

[Mon Mar 14 09:25:57 2022]
rule BUSCO:
    input: /beegfs/data/soukkal/StageM2/Tachinids_genomes/genomes/atacta_brasiliensisdhj01.fna
    output: /beegfs/data/soukkal/StageM2/Tachinids_genomes/results/Stat_Results/atacta_brasiliensisdhj01/BUSCO_results/run_arthropoda_odb10/full_table.tsv
    jobid: 11
    wildcards: Genome_ID=atacta_brasiliensisdhj01

Submitted job 11 with external jobid 'Submitted batch job 3453914'.

[Mon Mar 14 09:25:57 2022]
rule BUSCO:
    input: /beegfs/data/soukkal/StageM2/Tachinids_genomes/genomes/chetogena_scutellarisdhj01.fna
    output: /beegfs/data/soukkal/StageM2/Tachinids_genomes/results/Stat_Results/chetogena_scutellarisdhj01/BUSCO_results/run_arthropoda_odb10/full_table.tsv
    jobid: 25
    wildcards: Genome_ID=chetogena_scutellarisdhj01

Submitted job 25 with external jobid 'Submitted batch job 3453915'.

[Mon Mar 14 09:25:57 2022]
rule QUAST:
    input: /beegfs/data/soukkal/StageM2/Tachinids_genomes/genomes/drino_wood06dhj05.fna
    output: /beegfs/data/soukkal/StageM2/Tachinids_genomes/results/Stat_Results/drino_wood06dhj05/QUAST_results/report.tsv
    jobid: 39
    wildcards: Genome_ID=drino_wood06dhj05

Submitted job 39 with external jobid 'Submitted batch job 3453916'.

[Mon Mar 14 09:25:57 2022]
rule QUAST:
    input: /beegfs/data/soukkal/StageM2/Tachinids_genomes/genomes/hyphantrophaga_virilis.fna
    output: /beegfs/data/soukkal/StageM2/Tachinids_genomes/results/Stat_Results/hyphantrophaga_virilis/QUAST_results/report.tsv
    jobid: 53
    wildcards: Genome_ID=hyphantrophaga_virilis

Submitted job 53 with external jobid 'Submitted batch job 3453917'.

[Mon Mar 14 09:25:57 2022]
rule QUAST:
    input: /beegfs/data/soukkal/StageM2/Tachinids_genomes/genomes/lixophaga_wood09.fna
    output: /beegfs/data/soukkal/StageM2/Tachinids_genomes/results/Stat_Results/lixophaga_wood09/QUAST_results/report.tsv
    jobid: 67
    wildcards: Genome_ID=lixophaga_wood09

Submitted job 67 with external jobid 'Submitted batch job 3453918'.

[Mon Mar 14 09:25:58 2022]
rule QUAST:
    input: /beegfs/data/soukkal/StageM2/Tachinids_genomes/genomes/genea_wood01.fna
    output: /beegfs/data/soukkal/StageM2/Tachinids_genomes/results/Stat_Results/genea_wood01/QUAST_results/report.tsv
    jobid: 41
    wildcards: Genome_ID=genea_wood01

Submitted job 41 with external jobid 'Submitted batch job 3453919'.

[Mon Mar 14 09:25:58 2022]
rule BUSCO:
    input: /beegfs/data/soukkal/StageM2/Tachinids_genomes/genomes/argyrochaetona_cubanadhj02.fna
    output: /beegfs/data/soukkal/StageM2/Tachinids_genomes/results/Stat_Results/argyrochaetona_cubanadhj02/BUSCO_results/run_arthropoda_odb10/full_table.tsv
    jobid: 5
    wildcards: Genome_ID=argyrochaetona_cubanadhj02

Submitted job 5 with external jobid 'Submitted batch job 3453920'.

[Mon Mar 14 09:25:58 2022]
rule BUSCO:
    input: /beegfs/data/soukkal/StageM2/Tachinids_genomes/genomes/calolydella_erasmocoronadoi.fna
    output: /beegfs/data/soukkal/StageM2/Tachinids_genomes/results/Stat_Results/calolydella_erasmocoronadoi/BUSCO_results/run_arthropoda_odb10/full_table.tsv
    jobid: 19
    wildcards: Genome_ID=calolydella_erasmocoronadoi

Submitted job 19 with external jobid 'Submitted batch job 3453921'.

[Mon Mar 14 09:25:58 2022]
rule BUSCO:
    input: /beegfs/data/soukkal/StageM2/Tachinids_genomes/genomes/chrysotachina_wood02dhj02.fna
    output: /beegfs/data/soukkal/StageM2/Tachinids_genomes/results/Stat_Results/chrysotachina_wood02dhj02/BUSCO_results/run_arthropoda_odb10/full_table.tsv
    jobid: 33
    wildcards: Genome_ID=chrysotachina_wood02dhj02

Submitted job 33 with external jobid 'Submitted batch job 3453922'.

[Mon Mar 14 09:25:58 2022]
rule QUAST:
    input: /beegfs/data/soukkal/StageM2/Tachinids_genomes/genomes/houghia_brevipilosa.fna
    output: /beegfs/data/soukkal/StageM2/Tachinids_genomes/results/Stat_Results/houghia_brevipilosa/QUAST_results/report.tsv
    jobid: 47
    wildcards: Genome_ID=houghia_brevipilosa

Submitted job 47 with external jobid 'Submitted batch job 3453923'.

[Mon Mar 14 09:25:58 2022]
rule QUAST:
    input: /beegfs/data/soukkal/StageM2/Tachinids_genomes/genomes/leskia_janzen27.fna
    output: /beegfs/data/soukkal/StageM2/Tachinids_genomes/results/Stat_Results/leskia_janzen27/QUAST_results/report.tsv
    jobid: 61
    wildcards: Genome_ID=leskia_janzen27

Submitted job 61 with external jobid 'Submitted batch job 3453924'.

[Mon Mar 14 09:25:58 2022]
rule BUSCO:
    input: /beegfs/data/soukkal/StageM2/Tachinids_genomes/genomes/houghia_graciloides.fna
    output: /beegfs/data/soukkal/StageM2/Tachinids_genomes/results/Stat_Results/houghia_graciloides/BUSCO_results/run_arthropoda_odb10/full_table.tsv
    jobid: 12
    wildcards: Genome_ID=houghia_graciloides

Submitted job 12 with external jobid 'Submitted batch job 3453925'.

[Mon Mar 14 09:25:58 2022]
rule BUSCO:
    input: /beegfs/data/soukkal/StageM2/Tachinids_genomes/genomes/leskia_wood01dhj03.fna
    output: /beegfs/data/soukkal/StageM2/Tachinids_genomes/results/Stat_Results/leskia_wood01dhj03/BUSCO_results/run_arthropoda_odb10/full_table.tsv
    jobid: 26
    wildcards: Genome_ID=leskia_wood01dhj03

Submitted job 26 with external jobid 'Submitted batch job 3453926'.

[Mon Mar 14 09:25:58 2022]
rule QUAST:
    input: /beegfs/data/soukkal/StageM2/Tachinids_genomes/genomes/archytas_wood02.fna
    output: /beegfs/data/soukkal/StageM2/Tachinids_genomes/results/Stat_Results/archytas_wood02/QUAST_results/report.tsv
    jobid: 40
    wildcards: Genome_ID=archytas_wood02

Submitted job 40 with external jobid 'Submitted batch job 3453927'.

[Mon Mar 14 09:25:58 2022]
rule QUAST:
    input: /beegfs/data/soukkal/StageM2/Tachinids_genomes/genomes/belvosia_woodley10.fna
    output: /beegfs/data/soukkal/StageM2/Tachinids_genomes/results/Stat_Results/belvosia_woodley10/QUAST_results/report.tsv
    jobid: 54
    wildcards: Genome_ID=belvosia_woodley10

Submitted job 54 with external jobid 'Submitted batch job 3453928'.

[Mon Mar 14 09:25:58 2022]
rule QUAST:
    input: /beegfs/data/soukkal/StageM2/Tachinids_genomes/genomes/chrysotachina_wood01.fna
    output: /beegfs/data/soukkal/StageM2/Tachinids_genomes/results/Stat_Results/chrysotachina_wood01/QUAST_results/report.tsv
    jobid: 68
    wildcards: Genome_ID=chrysotachina_wood01

Submitted job 68 with external jobid 'Submitted batch job 3453929'.

[Mon Mar 14 09:25:58 2022]
rule QUAST:
    input: /beegfs/data/soukkal/StageM2/Tachinids_genomes/genomes/hyphantrophaga_wood11.fna
    output: /beegfs/data/soukkal/StageM2/Tachinids_genomes/results/Stat_Results/hyphantrophaga_wood11/QUAST_results/report.tsv
    jobid: 55
    wildcards: Genome_ID=hyphantrophaga_wood11

Submitted job 55 with external jobid 'Submitted batch job 3453930'.
[Mon Mar 14 09:50:18 2022]
Error in rule BUSCO:
    jobid: 17
    output: /beegfs/data/soukkal/StageM2/Tachinids_genomes/results/Stat_Results/belvosia_woodley10/BUSCO_results/run_arthropoda_odb10/full_table.tsv
    shell:
        
     hostname
     cd /beegfs/data/soukkal/StageM2/Tachinids_genomes/results/Stat_Results/belvosia_woodley10/
     /beegfs/data/soft/singularity-3.7.2/bin/singularity exec --bind /beegfs/:/beegfs/ /beegfs/data/soukkal/TOOLS/BUSCO.sif busco -i /beegfs/data/soukkal/StageM2/Tachinids_genomes/genomes/belvosia_woodley10.fna  -l arthropoda_odb10 -m genome -o BUSCO_results -c 3 -f
     
        (one of the commands exited with non-zero exit code; note that snakemake uses bash strict mode!)
    cluster_jobid: Submitted batch job 3453897

Error executing rule BUSCO on cluster (jobid: 17, external: Submitted batch job 3453897, jobscript: /beegfs/data/soukkal/StageM2/Scripts/BUSCO_jobs/.snakemake/tmp.mfcx1lf2/snakejob.BUSCO.17.sh). For error details see the cluster log and the log files of the involved rule(s).
[Mon Mar 14 10:42:31 2022]
Finished job 35.
1 of 75 steps (1%) done
[Mon Mar 14 10:51:02 2022]
Finished job 7.
2 of 75 steps (3%) done
[Mon Mar 14 10:54:26 2022]
Finished job 34.
3 of 75 steps (4%) done
[Mon Mar 14 11:31:41 2022]
Finished job 9.
4 of 75 steps (5%) done
[Mon Mar 14 11:38:22 2022]
Finished job 36.
5 of 75 steps (7%) done
[Mon Mar 14 11:44:33 2022]
Finished job 24.
6 of 75 steps (8%) done
[Mon Mar 14 11:44:45 2022]
Finished job 6.
7 of 75 steps (9%) done
[Mon Mar 14 11:49:27 2022]
Finished job 5.
8 of 75 steps (11%) done
[Mon Mar 14 11:57:43 2022]
Finished job 18.
9 of 75 steps (12%) done
[Mon Mar 14 12:01:29 2022]
Finished job 12.
10 of 75 steps (13%) done
[Mon Mar 14 12:08:25 2022]
Finished job 32.
11 of 75 steps (15%) done
[Mon Mar 14 12:10:32 2022]
Finished job 1.
12 of 75 steps (16%) done
[Mon Mar 14 12:16:11 2022]
Finished job 33.
13 of 75 steps (17%) done
[Mon Mar 14 12:22:32 2022]
Finished job 8.
14 of 75 steps (19%) done
[Mon Mar 14 12:22:47 2022]
Finished job 14.
15 of 75 steps (20%) done
[Mon Mar 14 12:26:06 2022]
Finished job 3.
16 of 75 steps (21%) done
[Mon Mar 14 12:31:22 2022]
Finished job 31.
17 of 75 steps (23%) done
[Mon Mar 14 12:31:38 2022]
Finished job 11.
18 of 75 steps (24%) done
[Mon Mar 14 12:36:07 2022]
Finished job 27.
19 of 75 steps (25%) done
[Mon Mar 14 12:48:38 2022]
Finished job 37.
20 of 75 steps (27%) done
[Mon Mar 14 12:49:55 2022]
Finished job 26.
21 of 75 steps (28%) done
[Mon Mar 14 12:54:23 2022]
Finished job 2.
22 of 75 steps (29%) done
[Mon Mar 14 13:00:53 2022]
Finished job 28.
23 of 75 steps (31%) done
[Mon Mar 14 13:02:23 2022]
Finished job 20.
24 of 75 steps (32%) done
[Mon Mar 14 13:23:55 2022]
Finished job 15.
25 of 75 steps (33%) done
[Mon Mar 14 13:26:57 2022]
Finished job 29.
26 of 75 steps (35%) done
[Mon Mar 14 13:49:54 2022]
Finished job 10.
27 of 75 steps (36%) done
[Mon Mar 14 14:14:12 2022]
Finished job 30.
28 of 75 steps (37%) done
[Mon Mar 14 14:15:09 2022]
Finished job 4.
29 of 75 steps (39%) done
[Mon Mar 14 14:37:21 2022]
Finished job 16.
30 of 75 steps (40%) done
[Mon Mar 14 14:54:39 2022]
Finished job 22.
31 of 75 steps (41%) done
[Mon Mar 14 15:09:52 2022]
Finished job 23.
32 of 75 steps (43%) done
[Mon Mar 14 15:31:08 2022]
Finished job 13.
33 of 75 steps (44%) done
[Mon Mar 14 15:50:18 2022]
Finished job 21.
34 of 75 steps (45%) done
[Mon Mar 14 16:13:09 2022]
Finished job 25.
35 of 75 steps (47%) done
[Mon Mar 14 17:19:11 2022]
Finished job 19.
36 of 75 steps (48%) done
Will exit after finishing currently running jobs.
