Building DAG of jobs...
Using shell: /usr/bin/bash
Provided cluster nodes: 8000
Job counts:
	count	jobs
	40	QUAST
	1	all
	41

[Mon Mar 14 11:04:15 2022]
rule QUAST:
    input: /beegfs/data/soukkal/StageM2/Control_genomes/genomes/GCA_907269105.1.fna
    output: /beegfs/data/soukkal/StageM2/Control_genomes/results/Stat_Results/GCA_907269105.1/QUAST_results/report.tsv
    jobid: 62
    wildcards: Genome_ID=GCA_907269105.1

Submitted job 62 with external jobid 'Submitted batch job 3454237'.

[Mon Mar 14 11:04:15 2022]
rule QUAST:
    input: /beegfs/data/soukkal/StageM2/Control_genomes/genomes/GCA_001017275.1.fna
    output: /beegfs/data/soukkal/StageM2/Control_genomes/results/Stat_Results/GCA_001017275.1/QUAST_results/report.tsv
    jobid: 48
    wildcards: Genome_ID=GCA_001017275.1

Submitted job 48 with external jobid 'Submitted batch job 3454238'.

[Mon Mar 14 11:04:15 2022]
rule QUAST:
    input: /beegfs/data/soukkal/StageM2/Control_genomes/genomes/GCF_009650485.1.fna
    output: /beegfs/data/soukkal/StageM2/Control_genomes/results/Stat_Results/GCF_009650485.1/QUAST_results/report.tsv
    jobid: 76
    wildcards: Genome_ID=GCF_009650485.1

Submitted job 76 with external jobid 'Submitted batch job 3454239'.

[Mon Mar 14 11:04:15 2022]
rule QUAST:
    input: /beegfs/data/soukkal/StageM2/Control_genomes/genomes/GCA_014858695.1.fna
    output: /beegfs/data/soukkal/StageM2/Control_genomes/results/Stat_Results/GCA_014858695.1/QUAST_results/report.tsv
    jobid: 56
    wildcards: Genome_ID=GCA_014858695.1

Submitted job 56 with external jobid 'Submitted batch job 3454240'.

[Mon Mar 14 11:04:15 2022]
rule QUAST:
    input: /beegfs/data/soukkal/StageM2/Control_genomes/genomes/GCA_001014575.1.fna
    output: /beegfs/data/soukkal/StageM2/Control_genomes/results/Stat_Results/GCA_001014575.1/QUAST_results/report.tsv
    jobid: 42
    wildcards: Genome_ID=GCA_001014575.1

Submitted job 42 with external jobid 'Submitted batch job 3454241'.

[Mon Mar 14 11:04:15 2022]
rule QUAST:
    input: /beegfs/data/soukkal/StageM2/Control_genomes/genomes/GCA_922984085.1.fna
    output: /beegfs/data/soukkal/StageM2/Control_genomes/results/Stat_Results/GCA_922984085.1/QUAST_results/report.tsv
    jobid: 70
    wildcards: Genome_ID=GCA_922984085.1

Submitted job 70 with external jobid 'Submitted batch job 3454242'.

[Mon Mar 14 11:04:15 2022]
rule QUAST:
    input: /beegfs/data/soukkal/StageM2/Control_genomes/genomes/GCA_001017515.1.fna
    output: /beegfs/data/soukkal/StageM2/Control_genomes/results/Stat_Results/GCA_001017515.1/QUAST_results/report.tsv
    jobid: 49
    wildcards: Genome_ID=GCA_001017515.1

Submitted job 49 with external jobid 'Submitted batch job 3454243'.

[Mon Mar 14 11:04:15 2022]
rule QUAST:
    input: /beegfs/data/soukkal/StageM2/Control_genomes/genomes/GCA_914767635.1.fna
    output: /beegfs/data/soukkal/StageM2/Control_genomes/results/Stat_Results/GCA_914767635.1/QUAST_results/report.tsv
    jobid: 63
    wildcards: Genome_ID=GCA_914767635.1

Submitted job 63 with external jobid 'Submitted batch job 3454244'.

[Mon Mar 14 11:04:15 2022]
rule QUAST:
    input: /beegfs/data/soukkal/StageM2/Control_genomes/genomes/GCF_013340165.1.fna
    output: /beegfs/data/soukkal/StageM2/Control_genomes/results/Stat_Results/GCF_013340165.1/QUAST_results/report.tsv
    jobid: 77
    wildcards: Genome_ID=GCF_013340165.1

Submitted job 77 with external jobid 'Submitted batch job 3454245'.

[Mon Mar 14 11:04:15 2022]
rule QUAST:
    input: /beegfs/data/soukkal/StageM2/Control_genomes/genomes/GCF_000001215.4.fna
    output: /beegfs/data/soukkal/StageM2/Control_genomes/results/Stat_Results/GCF_000001215.4/QUAST_results/report.tsv
    jobid: 71
    wildcards: Genome_ID=GCF_000001215.4

Submitted job 71 with external jobid 'Submitted batch job 3454246'.

[Mon Mar 14 11:04:15 2022]
rule QUAST:
    input: /beegfs/data/soukkal/StageM2/Control_genomes/genomes/GCA_017309665.1.fna
    output: /beegfs/data/soukkal/StageM2/Control_genomes/results/Stat_Results/GCA_017309665.1/QUAST_results/report.tsv
    jobid: 57
    wildcards: Genome_ID=GCA_017309665.1

Submitted job 57 with external jobid 'Submitted batch job 3454247'.

[Mon Mar 14 11:04:15 2022]
rule QUAST:
    input: /beegfs/data/soukkal/StageM2/Control_genomes/genomes/GCA_001014675.1.fna
    output: /beegfs/data/soukkal/StageM2/Control_genomes/results/Stat_Results/GCA_001014675.1/QUAST_results/report.tsv
    jobid: 43
    wildcards: Genome_ID=GCA_001014675.1

Submitted job 43 with external jobid 'Submitted batch job 3454248'.

[Mon Mar 14 11:04:15 2022]
rule QUAST:
    input: /beegfs/data/soukkal/StageM2/Control_genomes/genomes/GCA_001735545.1.fna
    output: /beegfs/data/soukkal/StageM2/Control_genomes/results/Stat_Results/GCA_001735545.1/QUAST_results/report.tsv
    jobid: 50
    wildcards: Genome_ID=GCA_001735545.1

Submitted job 50 with external jobid 'Submitted batch job 3454249'.

[Mon Mar 14 11:04:15 2022]
rule QUAST:
    input: /beegfs/data/soukkal/StageM2/Control_genomes/genomes/GCA_914767935.1.fna
    output: /beegfs/data/soukkal/StageM2/Control_genomes/results/Stat_Results/GCA_914767935.1/QUAST_results/report.tsv
    jobid: 64
    wildcards: Genome_ID=GCA_914767935.1

Submitted job 64 with external jobid 'Submitted batch job 3454250'.

[Mon Mar 14 11:04:15 2022]
rule QUAST:
    input: /beegfs/data/soukkal/StageM2/Control_genomes/genomes/GCF_013731165.1.fna
    output: /beegfs/data/soukkal/StageM2/Control_genomes/results/Stat_Results/GCF_013731165.1/QUAST_results/report.tsv
    jobid: 78
    wildcards: Genome_ID=GCF_013731165.1

Submitted job 78 with external jobid 'Submitted batch job 3454251'.

[Mon Mar 14 11:04:16 2022]
rule QUAST:
    input: /beegfs/data/soukkal/StageM2/Control_genomes/genomes/GCA_001014935.1.fna
    output: /beegfs/data/soukkal/StageM2/Control_genomes/results/Stat_Results/GCA_001014935.1/QUAST_results/report.tsv
    jobid: 44
    wildcards: Genome_ID=GCA_001014935.1

Submitted job 44 with external jobid 'Submitted batch job 3454252'.

[Mon Mar 14 11:04:16 2022]
rule QUAST:
    input: /beegfs/data/soukkal/StageM2/Control_genomes/genomes/GCA_019455685.1.fna
    output: /beegfs/data/soukkal/StageM2/Control_genomes/results/Stat_Results/GCA_019455685.1/QUAST_results/report.tsv
    jobid: 58
    wildcards: Genome_ID=GCA_019455685.1

Submitted job 58 with external jobid 'Submitted batch job 3454253'.

[Mon Mar 14 11:04:16 2022]
rule QUAST:
    input: /beegfs/data/soukkal/StageM2/Control_genomes/genomes/GCF_000347755.3.fna
    output: /beegfs/data/soukkal/StageM2/Control_genomes/results/Stat_Results/GCF_000347755.3/QUAST_results/report.tsv
    jobid: 72
    wildcards: Genome_ID=GCF_000347755.3

Submitted job 72 with external jobid 'Submitted batch job 3454254'.

[Mon Mar 14 11:04:16 2022]
rule QUAST:
    input: /beegfs/data/soukkal/StageM2/Control_genomes/genomes/GCA_005959815.1.fna
    output: /beegfs/data/soukkal/StageM2/Control_genomes/results/Stat_Results/GCA_005959815.1/QUAST_results/report.tsv
    jobid: 55
    wildcards: Genome_ID=GCA_005959815.1

Submitted job 55 with external jobid 'Submitted batch job 3454255'.

[Mon Mar 14 11:04:16 2022]
rule QUAST:
    input: /beegfs/data/soukkal/StageM2/Control_genomes/genomes/GCA_003055125.1.fna
    output: /beegfs/data/soukkal/StageM2/Control_genomes/results/Stat_Results/GCA_003055125.1/QUAST_results/report.tsv
    jobid: 51
    wildcards: Genome_ID=GCA_003055125.1

Submitted job 51 with external jobid 'Submitted batch job 3454256'.

[Mon Mar 14 11:04:16 2022]
rule QUAST:
    input: /beegfs/data/soukkal/StageM2/Control_genomes/genomes/GCA_916048285.2.fna
    output: /beegfs/data/soukkal/StageM2/Control_genomes/results/Stat_Results/GCA_916048285.2/QUAST_results/report.tsv
    jobid: 65
    wildcards: Genome_ID=GCA_916048285.2

Submitted job 65 with external jobid 'Submitted batch job 3454257'.

[Mon Mar 14 11:04:16 2022]
rule QUAST:
    input: /beegfs/data/soukkal/StageM2/Control_genomes/genomes/GCF_014805625.1.fna
    output: /beegfs/data/soukkal/StageM2/Control_genomes/results/Stat_Results/GCF_014805625.1/QUAST_results/report.tsv
    jobid: 79
    wildcards: Genome_ID=GCF_014805625.1

Submitted job 79 with external jobid 'Submitted batch job 3454258'.

[Mon Mar 14 11:04:16 2022]
rule QUAST:
    input: /beegfs/data/soukkal/StageM2/Control_genomes/genomes/GCA_001015075.1.fna
    output: /beegfs/data/soukkal/StageM2/Control_genomes/results/Stat_Results/GCA_001015075.1/QUAST_results/report.tsv
    jobid: 45
    wildcards: Genome_ID=GCA_001015075.1

Submitted job 45 with external jobid 'Submitted batch job 3454259'.

[Mon Mar 14 11:04:16 2022]
rule QUAST:
    input: /beegfs/data/soukkal/StageM2/Control_genomes/genomes/GCA_020466095.1.fna
    output: /beegfs/data/soukkal/StageM2/Control_genomes/results/Stat_Results/GCA_020466095.1/QUAST_results/report.tsv
    jobid: 59
    wildcards: Genome_ID=GCA_020466095.1

Submitted job 59 with external jobid 'Submitted batch job 3454260'.

[Mon Mar 14 11:04:16 2022]
rule QUAST:
    input: /beegfs/data/soukkal/StageM2/Control_genomes/genomes/GCF_000699065.1.fna
    output: /beegfs/data/soukkal/StageM2/Control_genomes/results/Stat_Results/GCF_000699065.1/QUAST_results/report.tsv
    jobid: 73
    wildcards: Genome_ID=GCF_000699065.1

Submitted job 73 with external jobid 'Submitted batch job 3454261'.

[Mon Mar 14 11:04:16 2022]
rule QUAST:
    input: /beegfs/data/soukkal/StageM2/Control_genomes/genomes/GCA_003123925.1.fna
    output: /beegfs/data/soukkal/StageM2/Control_genomes/results/Stat_Results/GCA_003123925.1/QUAST_results/report.tsv
    jobid: 52
    wildcards: Genome_ID=GCA_003123925.1

Submitted job 52 with external jobid 'Submitted batch job 3454262'.

[Mon Mar 14 11:04:16 2022]
rule QUAST:
    input: /beegfs/data/soukkal/StageM2/Control_genomes/genomes/GCA_916050605.2.fna
    output: /beegfs/data/soukkal/StageM2/Control_genomes/results/Stat_Results/GCA_916050605.2/QUAST_results/report.tsv
    jobid: 66
    wildcards: Genome_ID=GCA_916050605.2

Submitted job 66 with external jobid 'Submitted batch job 3454263'.

[Mon Mar 14 11:04:16 2022]
rule QUAST:
    input: /beegfs/data/soukkal/StageM2/Control_genomes/genomes/GCF_016617805.1.fna
    output: /beegfs/data/soukkal/StageM2/Control_genomes/results/Stat_Results/GCF_016617805.1/QUAST_results/report.tsv
    jobid: 80
    wildcards: Genome_ID=GCF_016617805.1

Submitted job 80 with external jobid 'Submitted batch job 3454264'.

[Mon Mar 14 11:04:16 2022]
rule QUAST:
    input: /beegfs/data/soukkal/StageM2/Control_genomes/genomes/GCA_001015115.1.fna
    output: /beegfs/data/soukkal/StageM2/Control_genomes/results/Stat_Results/GCA_001015115.1/QUAST_results/report.tsv
    jobid: 46
    wildcards: Genome_ID=GCA_001015115.1

Submitted job 46 with external jobid 'Submitted batch job 3454265'.

[Mon Mar 14 11:04:16 2022]
rule QUAST:
    input: /beegfs/data/soukkal/StageM2/Control_genomes/genomes/GCA_021234595.1.fna
    output: /beegfs/data/soukkal/StageM2/Control_genomes/results/Stat_Results/GCA_021234595.1/QUAST_results/report.tsv
    jobid: 60
    wildcards: Genome_ID=GCA_021234595.1

Submitted job 60 with external jobid 'Submitted batch job 3454266'.

[Mon Mar 14 11:04:16 2022]
rule QUAST:
    input: /beegfs/data/soukkal/StageM2/Control_genomes/genomes/GCF_001015335.1.fna
    output: /beegfs/data/soukkal/StageM2/Control_genomes/results/Stat_Results/GCF_001015335.1/QUAST_results/report.tsv
    jobid: 74
    wildcards: Genome_ID=GCF_001015335.1

Submitted job 74 with external jobid 'Submitted batch job 3454267'.

[Mon Mar 14 11:04:16 2022]
rule QUAST:
    input: /beegfs/data/soukkal/StageM2/Control_genomes/genomes/GCA_003952975.1.fna
    output: /beegfs/data/soukkal/StageM2/Control_genomes/results/Stat_Results/GCA_003952975.1/QUAST_results/report.tsv
    jobid: 53
    wildcards: Genome_ID=GCA_003952975.1

Submitted job 53 with external jobid 'Submitted batch job 3454268'.

[Mon Mar 14 11:04:16 2022]
rule QUAST:
    input: /beegfs/data/soukkal/StageM2/Control_genomes/genomes/GCA_917880715.2.fna
    output: /beegfs/data/soukkal/StageM2/Control_genomes/results/Stat_Results/GCA_917880715.2/QUAST_results/report.tsv
    jobid: 67
    wildcards: Genome_ID=GCA_917880715.2

Submitted job 67 with external jobid 'Submitted batch job 3454269'.

[Mon Mar 14 11:04:16 2022]
rule QUAST:
    input: /beegfs/data/soukkal/StageM2/Control_genomes/genomes/GCA_001014415.1.fna
    output: /beegfs/data/soukkal/StageM2/Control_genomes/results/Stat_Results/GCA_001014415.1/QUAST_results/report.tsv
    jobid: 41
    wildcards: Genome_ID=GCA_001014415.1

Submitted job 41 with external jobid 'Submitted batch job 3454270'.

[Mon Mar 14 11:04:16 2022]
rule QUAST:
    input: /beegfs/data/soukkal/StageM2/Control_genomes/genomes/GCA_001015175.1.fna
    output: /beegfs/data/soukkal/StageM2/Control_genomes/results/Stat_Results/GCA_001015175.1/QUAST_results/report.tsv
    jobid: 47
    wildcards: Genome_ID=GCA_001015175.1

Submitted job 47 with external jobid 'Submitted batch job 3454271'.

[Mon Mar 14 11:04:16 2022]
rule QUAST:
    input: /beegfs/data/soukkal/StageM2/Control_genomes/genomes/GCA_905231855.2.fna
    output: /beegfs/data/soukkal/StageM2/Control_genomes/results/Stat_Results/GCA_905231855.2/QUAST_results/report.tsv
    jobid: 61
    wildcards: Genome_ID=GCA_905231855.2

Submitted job 61 with external jobid 'Submitted batch job 3454272'.

[Mon Mar 14 11:04:16 2022]
rule QUAST:
    input: /beegfs/data/soukkal/StageM2/Control_genomes/genomes/GCF_002237135.1.fna
    output: /beegfs/data/soukkal/StageM2/Control_genomes/results/Stat_Results/GCF_002237135.1/QUAST_results/report.tsv
    jobid: 75
    wildcards: Genome_ID=GCF_002237135.1

Submitted job 75 with external jobid 'Submitted batch job 3454273'.

[Mon Mar 14 11:04:16 2022]
rule QUAST:
    input: /beegfs/data/soukkal/StageM2/Control_genomes/genomes/GCA_004302925.1.fna
    output: /beegfs/data/soukkal/StageM2/Control_genomes/results/Stat_Results/GCA_004302925.1/QUAST_results/report.tsv
    jobid: 54
    wildcards: Genome_ID=GCA_004302925.1

Submitted job 54 with external jobid 'Submitted batch job 3454274'.

[Mon Mar 14 11:04:16 2022]
rule QUAST:
    input: /beegfs/data/soukkal/StageM2/Control_genomes/genomes/GCA_920104205.1.fna
    output: /beegfs/data/soukkal/StageM2/Control_genomes/results/Stat_Results/GCA_920104205.1/QUAST_results/report.tsv
    jobid: 68
    wildcards: Genome_ID=GCA_920104205.1

Submitted job 68 with external jobid 'Submitted batch job 3454275'.

[Mon Mar 14 11:04:16 2022]
rule QUAST:
    input: /beegfs/data/soukkal/StageM2/Control_genomes/genomes/GCA_920105625.1.fna
    output: /beegfs/data/soukkal/StageM2/Control_genomes/results/Stat_Results/GCA_920105625.1/QUAST_results/report.tsv
    jobid: 69
    wildcards: Genome_ID=GCA_920105625.1

Submitted job 69 with external jobid 'Submitted batch job 3454276'.
[Mon Mar 14 11:04:53 2022]
Finished job 76.
1 of 41 steps (2%) done
[Mon Mar 14 11:05:20 2022]
Finished job 48.
2 of 41 steps (5%) done
[Mon Mar 14 11:05:33 2022]
Finished job 56.
3 of 41 steps (7%) done
[Mon Mar 14 11:05:46 2022]
Finished job 42.
4 of 41 steps (10%) done
[Mon Mar 14 11:06:12 2022]
Finished job 62.
5 of 41 steps (12%) done
[Mon Mar 14 11:06:12 2022]
Finished job 70.
6 of 41 steps (15%) done
[Mon Mar 14 11:06:38 2022]
Finished job 49.
7 of 41 steps (17%) done
[Mon Mar 14 11:06:51 2022]
Finished job 77.
8 of 41 steps (20%) done
[Mon Mar 14 11:07:17 2022]
Finished job 71.
9 of 41 steps (22%) done
[Mon Mar 14 11:07:30 2022]
Finished job 63.
10 of 41 steps (24%) done
[Mon Mar 14 11:07:30 2022]
Finished job 57.
11 of 41 steps (27%) done
[Mon Mar 14 11:08:07 2022]
Finished job 43.
12 of 41 steps (29%) done
[Mon Mar 14 11:08:32 2022]
Finished job 50.
13 of 41 steps (32%) done
[Mon Mar 14 11:08:44 2022]
Finished job 44.
14 of 41 steps (34%) done
[Mon Mar 14 11:09:20 2022]
Finished job 64.
15 of 41 steps (37%) done
[Mon Mar 14 11:09:44 2022]
Finished job 72.
16 of 41 steps (39%) done
[Mon Mar 14 11:10:20 2022]
Finished job 79.
17 of 41 steps (41%) done
[Mon Mar 14 11:10:32 2022]
Finished job 78.
18 of 41 steps (44%) done
[Mon Mar 14 11:10:32 2022]
Finished job 58.
19 of 41 steps (46%) done
[Mon Mar 14 11:10:32 2022]
Finished job 55.
20 of 41 steps (49%) done
[Mon Mar 14 11:10:32 2022]
Finished job 51.
21 of 41 steps (51%) done
[Mon Mar 14 11:10:55 2022]
Finished job 65.
22 of 41 steps (54%) done
[Mon Mar 14 11:11:17 2022]
Finished job 45.
23 of 41 steps (56%) done
[Mon Mar 14 11:11:17 2022]
Finished job 59.
24 of 41 steps (59%) done
[Mon Mar 14 11:11:17 2022]
Finished job 73.
25 of 41 steps (61%) done
[Mon Mar 14 11:11:50 2022]
Finished job 46.
26 of 41 steps (63%) done
[Mon Mar 14 11:12:01 2022]
Finished job 66.
27 of 41 steps (66%) done
[Mon Mar 14 11:12:23 2022]
Finished job 80.
28 of 41 steps (68%) done
[Mon Mar 14 11:12:23 2022]
Finished job 53.
29 of 41 steps (71%) done
[Mon Mar 14 11:12:45 2022]
Finished job 52.
30 of 41 steps (73%) done
[Mon Mar 14 11:12:56 2022]
Finished job 74.
31 of 41 steps (76%) done
[Mon Mar 14 11:12:56 2022]
Finished job 41.
32 of 41 steps (78%) done
[Mon Mar 14 11:13:07 2022]
Finished job 67.
33 of 41 steps (80%) done
[Mon Mar 14 11:13:17 2022]
Finished job 47.
34 of 41 steps (83%) done
[Mon Mar 14 11:13:57 2022]
Finished job 60.
35 of 41 steps (85%) done
[Mon Mar 14 11:14:07 2022]
Finished job 61.
36 of 41 steps (88%) done
[Mon Mar 14 11:14:07 2022]
Finished job 54.
37 of 41 steps (90%) done
[Mon Mar 14 11:14:27 2022]
Finished job 75.
38 of 41 steps (93%) done
[Mon Mar 14 11:14:58 2022]
Finished job 68.
39 of 41 steps (95%) done
[Mon Mar 14 11:15:28 2022]
Finished job 69.
40 of 41 steps (98%) done

[Mon Mar 14 11:15:28 2022]
localrule all:
    input: /beegfs/data/soukkal/StageM2/Control_genomes/results/Stat_Results/GCA_001014415.1/BUSCO_results/run_arthropoda_odb10/full_table.tsv, /beegfs/data/soukkal/StageM2/Control_genomes/results/Stat_Results/GCA_001014575.1/BUSCO_results/run_arthropoda_odb10/full_table.tsv, /beegfs/data/soukkal/StageM2/Control_genomes/results/Stat_Results/GCA_001014675.1/BUSCO_results/run_arthropoda_odb10/full_table.tsv, /beegfs/data/soukkal/StageM2/Control_genomes/results/Stat_Results/GCA_001014935.1/BUSCO_results/run_arthropoda_odb10/full_table.tsv, /beegfs/data/soukkal/StageM2/Control_genomes/results/Stat_Results/GCA_001015075.1/BUSCO_results/run_arthropoda_odb10/full_table.tsv, /beegfs/data/soukkal/StageM2/Control_genomes/results/Stat_Results/GCA_001015115.1/BUSCO_results/run_arthropoda_odb10/full_table.tsv, /beegfs/data/soukkal/StageM2/Control_genomes/results/Stat_Results/GCA_001015175.1/BUSCO_results/run_arthropoda_odb10/full_table.tsv, /beegfs/data/soukkal/StageM2/Control_genomes/results/Stat_Results/GCA_001017275.1/BUSCO_results/run_arthropoda_odb10/full_table.tsv, /beegfs/data/soukkal/StageM2/Control_genomes/results/Stat_Results/GCA_001017515.1/BUSCO_results/run_arthropoda_odb10/full_table.tsv, /beegfs/data/soukkal/StageM2/Control_genomes/results/Stat_Results/GCA_001735545.1/BUSCO_results/run_arthropoda_odb10/full_table.tsv, /beegfs/data/soukkal/StageM2/Control_genomes/results/Stat_Results/GCA_003055125.1/BUSCO_results/run_arthropoda_odb10/full_table.tsv, /beegfs/data/soukkal/StageM2/Control_genomes/results/Stat_Results/GCA_003123925.1/BUSCO_results/run_arthropoda_odb10/full_table.tsv, /beegfs/data/soukkal/StageM2/Control_genomes/results/Stat_Results/GCA_003952975.1/BUSCO_results/run_arthropoda_odb10/full_table.tsv, /beegfs/data/soukkal/StageM2/Control_genomes/results/Stat_Results/GCA_004302925.1/BUSCO_results/run_arthropoda_odb10/full_table.tsv, /beegfs/data/soukkal/StageM2/Control_genomes/results/Stat_Results/GCA_005959815.1/BUSCO_results/run_arthropoda_odb10/full_table.tsv, /beegfs/data/soukkal/StageM2/Control_genomes/results/Stat_Results/GCA_014858695.1/BUSCO_results/run_arthropoda_odb10/full_table.tsv, /beegfs/data/soukkal/StageM2/Control_genomes/results/Stat_Results/GCA_017309665.1/BUSCO_results/run_arthropoda_odb10/full_table.tsv, /beegfs/data/soukkal/StageM2/Control_genomes/results/Stat_Results/GCA_019455685.1/BUSCO_results/run_arthropoda_odb10/full_table.tsv, /beegfs/data/soukkal/StageM2/Control_genomes/results/Stat_Results/GCA_020466095.1/BUSCO_results/run_arthropoda_odb10/full_table.tsv, /beegfs/data/soukkal/StageM2/Control_genomes/results/Stat_Results/GCA_021234595.1/BUSCO_results/run_arthropoda_odb10/full_table.tsv, /beegfs/data/soukkal/StageM2/Control_genomes/results/Stat_Results/GCA_905231855.2/BUSCO_results/run_arthropoda_odb10/full_table.tsv, /beegfs/data/soukkal/StageM2/Control_genomes/results/Stat_Results/GCA_907269105.1/BUSCO_results/run_arthropoda_odb10/full_table.tsv, /beegfs/data/soukkal/StageM2/Control_genomes/results/Stat_Results/GCA_914767635.1/BUSCO_results/run_arthropoda_odb10/full_table.tsv, /beegfs/data/soukkal/StageM2/Control_genomes/results/Stat_Results/GCA_914767935.1/BUSCO_results/run_arthropoda_odb10/full_table.tsv, /beegfs/data/soukkal/StageM2/Control_genomes/results/Stat_Results/GCA_916048285.2/BUSCO_results/run_arthropoda_odb10/full_table.tsv, /beegfs/data/soukkal/StageM2/Control_genomes/results/Stat_Results/GCA_916050605.2/BUSCO_results/run_arthropoda_odb10/full_table.tsv, /beegfs/data/soukkal/StageM2/Control_genomes/results/Stat_Results/GCA_917880715.2/BUSCO_results/run_arthropoda_odb10/full_table.tsv, /beegfs/data/soukkal/StageM2/Control_genomes/results/Stat_Results/GCA_920104205.1/BUSCO_results/run_arthropoda_odb10/full_table.tsv, /beegfs/data/soukkal/StageM2/Control_genomes/results/Stat_Results/GCA_920105625.1/BUSCO_results/run_arthropoda_odb10/full_table.tsv, /beegfs/data/soukkal/StageM2/Control_genomes/results/Stat_Results/GCA_922984085.1/BUSCO_results/run_arthropoda_odb10/full_table.tsv, /beegfs/data/soukkal/StageM2/Control_genomes/results/Stat_Results/GCF_000001215.4/BUSCO_results/run_arthropoda_odb10/full_table.tsv, /beegfs/data/soukkal/StageM2/Control_genomes/results/Stat_Results/GCF_000347755.3/BUSCO_results/run_arthropoda_odb10/full_table.tsv, /beegfs/data/soukkal/StageM2/Control_genomes/results/Stat_Results/GCF_000699065.1/BUSCO_results/run_arthropoda_odb10/full_table.tsv, /beegfs/data/soukkal/StageM2/Control_genomes/results/Stat_Results/GCF_001015335.1/BUSCO_results/run_arthropoda_odb10/full_table.tsv, /beegfs/data/soukkal/StageM2/Control_genomes/results/Stat_Results/GCF_002237135.1/BUSCO_results/run_arthropoda_odb10/full_table.tsv, /beegfs/data/soukkal/StageM2/Control_genomes/results/Stat_Results/GCF_009650485.1/BUSCO_results/run_arthropoda_odb10/full_table.tsv, /beegfs/data/soukkal/StageM2/Control_genomes/results/Stat_Results/GCF_013340165.1/BUSCO_results/run_arthropoda_odb10/full_table.tsv, /beegfs/data/soukkal/StageM2/Control_genomes/results/Stat_Results/GCF_013731165.1/BUSCO_results/run_arthropoda_odb10/full_table.tsv, /beegfs/data/soukkal/StageM2/Control_genomes/results/Stat_Results/GCF_014805625.1/BUSCO_results/run_arthropoda_odb10/full_table.tsv, /beegfs/data/soukkal/StageM2/Control_genomes/results/Stat_Results/GCF_016617805.1/BUSCO_results/run_arthropoda_odb10/full_table.tsv, /beegfs/data/soukkal/StageM2/Control_genomes/results/Stat_Results/GCA_001014415.1/QUAST_results/report.tsv, /beegfs/data/soukkal/StageM2/Control_genomes/results/Stat_Results/GCA_001014575.1/QUAST_results/report.tsv, /beegfs/data/soukkal/StageM2/Control_genomes/results/Stat_Results/GCA_001014675.1/QUAST_results/report.tsv, /beegfs/data/soukkal/StageM2/Control_genomes/results/Stat_Results/GCA_001014935.1/QUAST_results/report.tsv, /beegfs/data/soukkal/StageM2/Control_genomes/results/Stat_Results/GCA_001015075.1/QUAST_results/report.tsv, /beegfs/data/soukkal/StageM2/Control_genomes/results/Stat_Results/GCA_001015115.1/QUAST_results/report.tsv, /beegfs/data/soukkal/StageM2/Control_genomes/results/Stat_Results/GCA_001015175.1/QUAST_results/report.tsv, /beegfs/data/soukkal/StageM2/Control_genomes/results/Stat_Results/GCA_001017275.1/QUAST_results/report.tsv, /beegfs/data/soukkal/StageM2/Control_genomes/results/Stat_Results/GCA_001017515.1/QUAST_results/report.tsv, /beegfs/data/soukkal/StageM2/Control_genomes/results/Stat_Results/GCA_001735545.1/QUAST_results/report.tsv, /beegfs/data/soukkal/StageM2/Control_genomes/results/Stat_Results/GCA_003055125.1/QUAST_results/report.tsv, /beegfs/data/soukkal/StageM2/Control_genomes/results/Stat_Results/GCA_003123925.1/QUAST_results/report.tsv, /beegfs/data/soukkal/StageM2/Control_genomes/results/Stat_Results/GCA_003952975.1/QUAST_results/report.tsv, /beegfs/data/soukkal/StageM2/Control_genomes/results/Stat_Results/GCA_004302925.1/QUAST_results/report.tsv, /beegfs/data/soukkal/StageM2/Control_genomes/results/Stat_Results/GCA_005959815.1/QUAST_results/report.tsv, /beegfs/data/soukkal/StageM2/Control_genomes/results/Stat_Results/GCA_014858695.1/QUAST_results/report.tsv, /beegfs/data/soukkal/StageM2/Control_genomes/results/Stat_Results/GCA_017309665.1/QUAST_results/report.tsv, /beegfs/data/soukkal/StageM2/Control_genomes/results/Stat_Results/GCA_019455685.1/QUAST_results/report.tsv, /beegfs/data/soukkal/StageM2/Control_genomes/results/Stat_Results/GCA_020466095.1/QUAST_results/report.tsv, /beegfs/data/soukkal/StageM2/Control_genomes/results/Stat_Results/GCA_021234595.1/QUAST_results/report.tsv, /beegfs/data/soukkal/StageM2/Control_genomes/results/Stat_Results/GCA_905231855.2/QUAST_results/report.tsv, /beegfs/data/soukkal/StageM2/Control_genomes/results/Stat_Results/GCA_907269105.1/QUAST_results/report.tsv, /beegfs/data/soukkal/StageM2/Control_genomes/results/Stat_Results/GCA_914767635.1/QUAST_results/report.tsv, /beegfs/data/soukkal/StageM2/Control_genomes/results/Stat_Results/GCA_914767935.1/QUAST_results/report.tsv, /beegfs/data/soukkal/StageM2/Control_genomes/results/Stat_Results/GCA_916048285.2/QUAST_results/report.tsv, /beegfs/data/soukkal/StageM2/Control_genomes/results/Stat_Results/GCA_916050605.2/QUAST_results/report.tsv, /beegfs/data/soukkal/StageM2/Control_genomes/results/Stat_Results/GCA_917880715.2/QUAST_results/report.tsv, /beegfs/data/soukkal/StageM2/Control_genomes/results/Stat_Results/GCA_920104205.1/QUAST_results/report.tsv, /beegfs/data/soukkal/StageM2/Control_genomes/results/Stat_Results/GCA_920105625.1/QUAST_results/report.tsv, /beegfs/data/soukkal/StageM2/Control_genomes/results/Stat_Results/GCA_922984085.1/QUAST_results/report.tsv, /beegfs/data/soukkal/StageM2/Control_genomes/results/Stat_Results/GCF_000001215.4/QUAST_results/report.tsv, /beegfs/data/soukkal/StageM2/Control_genomes/results/Stat_Results/GCF_000347755.3/QUAST_results/report.tsv, /beegfs/data/soukkal/StageM2/Control_genomes/results/Stat_Results/GCF_000699065.1/QUAST_results/report.tsv, /beegfs/data/soukkal/StageM2/Control_genomes/results/Stat_Results/GCF_001015335.1/QUAST_results/report.tsv, /beegfs/data/soukkal/StageM2/Control_genomes/results/Stat_Results/GCF_002237135.1/QUAST_results/report.tsv, /beegfs/data/soukkal/StageM2/Control_genomes/results/Stat_Results/GCF_009650485.1/QUAST_results/report.tsv, /beegfs/data/soukkal/StageM2/Control_genomes/results/Stat_Results/GCF_013340165.1/QUAST_results/report.tsv, /beegfs/data/soukkal/StageM2/Control_genomes/results/Stat_Results/GCF_013731165.1/QUAST_results/report.tsv, /beegfs/data/soukkal/StageM2/Control_genomes/results/Stat_Results/GCF_014805625.1/QUAST_results/report.tsv, /beegfs/data/soukkal/StageM2/Control_genomes/results/Stat_Results/GCF_016617805.1/QUAST_results/report.tsv
    jobid: 0

[Mon Mar 14 11:15:28 2022]
Finished job 0.
41 of 41 steps (100%) done
Complete log: /beegfs/data/soukkal/StageM2/Scripts/BUSCO_jobs/.snakemake/log/2022-03-14T110408.291950.snakemake.log
