Building DAG of jobs...
Using shell: /usr/bin/bash
Provided cluster nodes: 8000
Job counts:
	count	jobs
	1	BUSCO
	37	QUAST
	37	Sum
	1	all
	76

[Tue Mar 15 13:23:53 2022]
rule QUAST:
    input: /beegfs/data/soukkal/StageM2/Tachinids_genomes/genomes/drino_wood06dhj01.fna
    output: /beegfs/data/soukkal/StageM2/Tachinids_genomes/results/Stat_Results/drino_wood06dhj01/QUAST_results/report.tsv
    jobid: 74
    wildcards: Genome_ID=drino_wood06dhj01

Submitted job 74 with external jobid 'Submitted batch job 3477754'.

[Tue Mar 15 13:23:53 2022]
rule QUAST:
    input: /beegfs/data/soukkal/StageM2/Tachinids_genomes/genomes/campylocheta_wood03.fna
    output: /beegfs/data/soukkal/StageM2/Tachinids_genomes/results/Stat_Results/campylocheta_wood03/QUAST_results/report.tsv
    jobid: 60
    wildcards: Genome_ID=campylocheta_wood03

Submitted job 60 with external jobid 'Submitted batch job 3477755'.

[Tue Mar 15 13:23:53 2022]
rule QUAST:
    input: /beegfs/data/soukkal/StageM2/Tachinids_genomes/genomes/argyrophylax_wood05.fna
    output: /beegfs/data/soukkal/StageM2/Tachinids_genomes/results/Stat_Results/argyrophylax_wood05/QUAST_results/report.tsv
    jobid: 46
    wildcards: Genome_ID=argyrophylax_wood05

Submitted job 46 with external jobid 'Submitted batch job 3477756'.

[Tue Mar 15 13:23:53 2022]
rule Sum:
    input: /beegfs/data/soukkal/StageM2/Tachinids_genomes/results/Stat_Results/houghia_pallida/BUSCO_results/run_arthropoda_odb10/full_table.tsv
    output: /beegfs/data/soukkal/StageM2/Tachinids_genomes/results/Stat_Results/houghia_pallida/BUSCO_results/Sum_table_houghia_pallida.txt
    jobid: 88
    wildcards: Genome_ID=houghia_pallida

Submitted job 88 with external jobid 'Submitted batch job 3477757'.

[Tue Mar 15 13:23:53 2022]
rule Sum:
    input: /beegfs/data/soukkal/StageM2/Tachinids_genomes/results/Stat_Results/lixophaga_wood06/BUSCO_results/run_arthropoda_odb10/full_table.tsv
    output: /beegfs/data/soukkal/StageM2/Tachinids_genomes/results/Stat_Results/lixophaga_wood06/BUSCO_results/Sum_table_lixophaga_wood06.txt
    jobid: 102
    wildcards: Genome_ID=lixophaga_wood06

Submitted job 102 with external jobid 'Submitted batch job 3477758'.

[Tue Mar 15 13:23:53 2022]
rule QUAST:
    input: /beegfs/data/soukkal/StageM2/Tachinids_genomes/genomes/archytas_wood02.fna
    output: /beegfs/data/soukkal/StageM2/Tachinids_genomes/results/Stat_Results/archytas_wood02/QUAST_results/report.tsv
    jobid: 40
    wildcards: Genome_ID=archytas_wood02

Submitted job 40 with external jobid 'Submitted batch job 3477759'.

[Tue Mar 15 13:23:53 2022]
rule QUAST:
    input: /beegfs/data/soukkal/StageM2/Tachinids_genomes/genomes/belvosia_woodley10.fna
    output: /beegfs/data/soukkal/StageM2/Tachinids_genomes/results/Stat_Results/belvosia_woodley10/QUAST_results/report.tsv
    jobid: 54
    wildcards: Genome_ID=belvosia_woodley10

Submitted job 54 with external jobid 'Submitted batch job 3477760'.

[Tue Mar 15 13:23:53 2022]
rule QUAST:
    input: /beegfs/data/soukkal/StageM2/Tachinids_genomes/genomes/chrysotachina_wood01.fna
    output: /beegfs/data/soukkal/StageM2/Tachinids_genomes/results/Stat_Results/chrysotachina_wood01/QUAST_results/report.tsv
    jobid: 68
    wildcards: Genome_ID=chrysotachina_wood01

Submitted job 68 with external jobid 'Submitted batch job 3477761'.

[Tue Mar 15 13:23:53 2022]
rule Sum:
    input: /beegfs/data/soukkal/StageM2/Tachinids_genomes/results/Stat_Results/houghia_bivittata/BUSCO_results/run_arthropoda_odb10/full_table.tsv
    output: /beegfs/data/soukkal/StageM2/Tachinids_genomes/results/Stat_Results/houghia_bivittata/BUSCO_results/Sum_table_houghia_bivittata.txt
    jobid: 82
    wildcards: Genome_ID=houghia_bivittata

Submitted job 82 with external jobid 'Submitted batch job 3477762'.

[Tue Mar 15 13:23:53 2022]
rule Sum:
    input: /beegfs/data/soukkal/StageM2/Tachinids_genomes/results/Stat_Results/leschenaultia_wood15/BUSCO_results/run_arthropoda_odb10/full_table.tsv
    output: /beegfs/data/soukkal/StageM2/Tachinids_genomes/results/Stat_Results/leschenaultia_wood15/BUSCO_results/Sum_table_leschenaultia_wood15.txt
    jobid: 96
    wildcards: Genome_ID=leschenaultia_wood15

Submitted job 96 with external jobid 'Submitted batch job 3477763'.

[Tue Mar 15 13:23:53 2022]
rule Sum:
    input: /beegfs/data/soukkal/StageM2/Tachinids_genomes/results/Stat_Results/zizyphomyia_argutadhj02/BUSCO_results/run_arthropoda_odb10/full_table.tsv
    output: /beegfs/data/soukkal/StageM2/Tachinids_genomes/results/Stat_Results/zizyphomyia_argutadhj02/BUSCO_results/Sum_table_zizyphomyia_argutadhj02.txt
    jobid: 110
    wildcards: Genome_ID=zizyphomyia_argutadhj02

Submitted job 110 with external jobid 'Submitted batch job 3477764'.

[Tue Mar 15 13:23:53 2022]
rule QUAST:
    input: /beegfs/data/soukkal/StageM2/Tachinids_genomes/genomes/hyphantrophaga_virilis.fna
    output: /beegfs/data/soukkal/StageM2/Tachinids_genomes/results/Stat_Results/hyphantrophaga_virilis/QUAST_results/report.tsv
    jobid: 53
    wildcards: Genome_ID=hyphantrophaga_virilis

Submitted job 53 with external jobid 'Submitted batch job 3477765'.

[Tue Mar 15 13:23:53 2022]
rule QUAST:
    input: /beegfs/data/soukkal/StageM2/Tachinids_genomes/genomes/houghia_brevipilosa.fna
    output: /beegfs/data/soukkal/StageM2/Tachinids_genomes/results/Stat_Results/houghia_brevipilosa/QUAST_results/report.tsv
    jobid: 47
    wildcards: Genome_ID=houghia_brevipilosa

Submitted job 47 with external jobid 'Submitted batch job 3477766'.

[Tue Mar 15 13:23:53 2022]
rule QUAST:
    input: /beegfs/data/soukkal/StageM2/Tachinids_genomes/genomes/leskia_janzen27.fna
    output: /beegfs/data/soukkal/StageM2/Tachinids_genomes/results/Stat_Results/leskia_janzen27/QUAST_results/report.tsv
    jobid: 61
    wildcards: Genome_ID=leskia_janzen27

Submitted job 61 with external jobid 'Submitted batch job 3477767'.

[Tue Mar 15 13:23:54 2022]
rule Sum:
    input: /beegfs/data/soukkal/StageM2/Tachinids_genomes/results/Stat_Results/aplomyopsis_wood01/BUSCO_results/run_arthropoda_odb10/full_table.tsv
    output: /beegfs/data/soukkal/StageM2/Tachinids_genomes/results/Stat_Results/aplomyopsis_wood01/BUSCO_results/Sum_table_aplomyopsis_wood01.txt
    jobid: 75
    wildcards: Genome_ID=aplomyopsis_wood01

Submitted job 75 with external jobid 'Submitted batch job 3477768'.

[Tue Mar 15 13:23:54 2022]
rule Sum:
    input: /beegfs/data/soukkal/StageM2/Tachinids_genomes/results/Stat_Results/belvosia_woodley07g/BUSCO_results/run_arthropoda_odb10/full_table.tsv
    output: /beegfs/data/soukkal/StageM2/Tachinids_genomes/results/Stat_Results/belvosia_woodley07g/BUSCO_results/Sum_table_belvosia_woodley07g.txt
    jobid: 89
    wildcards: Genome_ID=belvosia_woodley07g

Submitted job 89 with external jobid 'Submitted batch job 3477769'.

[Tue Mar 15 13:23:54 2022]
rule Sum:
    input: /beegfs/data/soukkal/StageM2/Tachinids_genomes/results/Stat_Results/chrysoexorista_wood04/BUSCO_results/run_arthropoda_odb10/full_table.tsv
    output: /beegfs/data/soukkal/StageM2/Tachinids_genomes/results/Stat_Results/chrysoexorista_wood04/BUSCO_results/Sum_table_chrysoexorista_wood04.txt
    jobid: 103
    wildcards: Genome_ID=chrysoexorista_wood04

Submitted job 103 with external jobid 'Submitted batch job 3477770'.

[Tue Mar 15 13:23:54 2022]
rule QUAST:
    input: /beegfs/data/soukkal/StageM2/Tachinids_genomes/genomes/hyphantrophaga_wood11.fna
    output: /beegfs/data/soukkal/StageM2/Tachinids_genomes/results/Stat_Results/hyphantrophaga_wood11/QUAST_results/report.tsv
    jobid: 55
    wildcards: Genome_ID=hyphantrophaga_wood11

Submitted job 55 with external jobid 'Submitted batch job 3477771'.

[Tue Mar 15 13:23:54 2022]
rule QUAST:
    input: /beegfs/data/soukkal/StageM2/Tachinids_genomes/genomes/genea_wood01.fna
    output: /beegfs/data/soukkal/StageM2/Tachinids_genomes/results/Stat_Results/genea_wood01/QUAST_results/report.tsv
    jobid: 41
    wildcards: Genome_ID=genea_wood01

Submitted job 41 with external jobid 'Submitted batch job 3477772'.

[Tue Mar 15 13:23:54 2022]
rule QUAST:
    input: /beegfs/data/soukkal/StageM2/Tachinids_genomes/genomes/siphosturmia_rafaelidhj03.fna
    output: /beegfs/data/soukkal/StageM2/Tachinids_genomes/results/Stat_Results/siphosturmia_rafaelidhj03/QUAST_results/report.tsv
    jobid: 69
    wildcards: Genome_ID=siphosturmia_rafaelidhj03

Submitted job 69 with external jobid 'Submitted batch job 3477773'.

[Tue Mar 15 13:23:54 2022]
rule Sum:
    input: /beegfs/data/soukkal/StageM2/Tachinids_genomes/results/Stat_Results/argyrophylax_wood05/BUSCO_results/run_arthropoda_odb10/full_table.tsv
    output: /beegfs/data/soukkal/StageM2/Tachinids_genomes/results/Stat_Results/argyrophylax_wood05/BUSCO_results/Sum_table_argyrophylax_wood05.txt
    jobid: 83
    wildcards: Genome_ID=argyrophylax_wood05

Submitted job 83 with external jobid 'Submitted batch job 3477774'.

[Tue Mar 15 13:23:54 2022]
rule Sum:
    input: /beegfs/data/soukkal/StageM2/Tachinids_genomes/results/Stat_Results/campylocheta_wood03/BUSCO_results/run_arthropoda_odb10/full_table.tsv
    output: /beegfs/data/soukkal/StageM2/Tachinids_genomes/results/Stat_Results/campylocheta_wood03/BUSCO_results/Sum_table_campylocheta_wood03.txt
    jobid: 97
    wildcards: Genome_ID=campylocheta_wood03

Submitted job 97 with external jobid 'Submitted batch job 3477776'.

[Tue Mar 15 13:23:54 2022]
rule Sum:
    input: /beegfs/data/soukkal/StageM2/Tachinids_genomes/results/Stat_Results/drino_wood06dhj01/BUSCO_results/run_arthropoda_odb10/full_table.tsv
    output: /beegfs/data/soukkal/StageM2/Tachinids_genomes/results/Stat_Results/drino_wood06dhj01/BUSCO_results/Sum_table_drino_wood06dhj01.txt
    jobid: 111
    wildcards: Genome_ID=drino_wood06dhj01

Submitted job 111 with external jobid 'Submitted batch job 3477777'.

[Tue Mar 15 13:23:54 2022]
rule QUAST:
    input: /beegfs/data/soukkal/StageM2/Tachinids_genomes/genomes/atacta_brasiliensisdhj01.fna
    output: /beegfs/data/soukkal/StageM2/Tachinids_genomes/results/Stat_Results/atacta_brasiliensisdhj01/QUAST_results/report.tsv
    jobid: 48
    wildcards: Genome_ID=atacta_brasiliensisdhj01

Submitted job 48 with external jobid 'Submitted batch job 3477778'.

[Tue Mar 15 13:23:54 2022]
rule QUAST:
    input: /beegfs/data/soukkal/StageM2/Tachinids_genomes/genomes/chetogena_scutellarisdhj01.fna
    output: /beegfs/data/soukkal/StageM2/Tachinids_genomes/results/Stat_Results/chetogena_scutellarisdhj01/QUAST_results/report.tsv
    jobid: 62
    wildcards: Genome_ID=chetogena_scutellarisdhj01

Submitted job 62 with external jobid 'Submitted batch job 3477779'.

[Tue Mar 15 13:23:54 2022]
rule Sum:
    input: /beegfs/data/soukkal/StageM2/Tachinids_genomes/results/Stat_Results/drino_wood06dhj05/BUSCO_results/run_arthropoda_odb10/full_table.tsv
    output: /beegfs/data/soukkal/StageM2/Tachinids_genomes/results/Stat_Results/drino_wood06dhj05/BUSCO_results/Sum_table_drino_wood06dhj05.txt
    jobid: 76
    wildcards: Genome_ID=drino_wood06dhj05

Submitted job 76 with external jobid 'Submitted batch job 3477780'.

[Tue Mar 15 13:23:54 2022]
rule Sum:
    input: /beegfs/data/soukkal/StageM2/Tachinids_genomes/results/Stat_Results/hyphantrophaga_virilis/BUSCO_results/run_arthropoda_odb10/full_table.tsv
    output: /beegfs/data/soukkal/StageM2/Tachinids_genomes/results/Stat_Results/hyphantrophaga_virilis/BUSCO_results/Sum_table_hyphantrophaga_virilis.txt
    jobid: 90
    wildcards: Genome_ID=hyphantrophaga_virilis

Submitted job 90 with external jobid 'Submitted batch job 3477781'.

[Tue Mar 15 13:23:54 2022]
rule Sum:
    input: /beegfs/data/soukkal/StageM2/Tachinids_genomes/results/Stat_Results/lixophaga_wood09/BUSCO_results/run_arthropoda_odb10/full_table.tsv
    output: /beegfs/data/soukkal/StageM2/Tachinids_genomes/results/Stat_Results/lixophaga_wood09/BUSCO_results/Sum_table_lixophaga_wood09.txt
    jobid: 104
    wildcards: Genome_ID=lixophaga_wood09

Submitted job 104 with external jobid 'Submitted batch job 3477782'.

[Tue Mar 15 13:23:54 2022]
rule QUAST:
    input: /beegfs/data/soukkal/StageM2/Tachinids_genomes/genomes/argyrochaetona_cubanadhj02.fna
    output: /beegfs/data/soukkal/StageM2/Tachinids_genomes/results/Stat_Results/argyrochaetona_cubanadhj02/QUAST_results/report.tsv
    jobid: 42
    wildcards: Genome_ID=argyrochaetona_cubanadhj02

Submitted job 42 with external jobid 'Submitted batch job 3477783'.

[Tue Mar 15 13:23:54 2022]
rule QUAST:
    input: /beegfs/data/soukkal/StageM2/Tachinids_genomes/genomes/calolydella_erasmocoronadoi.fna
    output: /beegfs/data/soukkal/StageM2/Tachinids_genomes/results/Stat_Results/calolydella_erasmocoronadoi/QUAST_results/report.tsv
    jobid: 56
    wildcards: Genome_ID=calolydella_erasmocoronadoi

Submitted job 56 with external jobid 'Submitted batch job 3477784'.

[Tue Mar 15 13:23:54 2022]
rule QUAST:
    input: /beegfs/data/soukkal/StageM2/Tachinids_genomes/genomes/chrysotachina_wood02dhj02.fna
    output: /beegfs/data/soukkal/StageM2/Tachinids_genomes/results/Stat_Results/chrysotachina_wood02dhj02/QUAST_results/report.tsv
    jobid: 70
    wildcards: Genome_ID=chrysotachina_wood02dhj02

Submitted job 70 with external jobid 'Submitted batch job 3477785'.

[Tue Mar 15 13:23:54 2022]
rule Sum:
    input: /beegfs/data/soukkal/StageM2/Tachinids_genomes/results/Stat_Results/houghia_brevipilosa/BUSCO_results/run_arthropoda_odb10/full_table.tsv
    output: /beegfs/data/soukkal/StageM2/Tachinids_genomes/results/Stat_Results/houghia_brevipilosa/BUSCO_results/Sum_table_houghia_brevipilosa.txt
    jobid: 84
    wildcards: Genome_ID=houghia_brevipilosa

Submitted job 84 with external jobid 'Submitted batch job 3477786'.

[Tue Mar 15 13:23:54 2022]
rule Sum:
    input: /beegfs/data/soukkal/StageM2/Tachinids_genomes/results/Stat_Results/leskia_janzen27/BUSCO_results/run_arthropoda_odb10/full_table.tsv
    output: /beegfs/data/soukkal/StageM2/Tachinids_genomes/results/Stat_Results/leskia_janzen27/BUSCO_results/Sum_table_leskia_janzen27.txt
    jobid: 98
    wildcards: Genome_ID=leskia_janzen27

Submitted job 98 with external jobid 'Submitted batch job 3477787'.

[Tue Mar 15 13:23:54 2022]
rule QUAST:
    input: /beegfs/data/soukkal/StageM2/Tachinids_genomes/genomes/houghia_graciloides.fna
    output: /beegfs/data/soukkal/StageM2/Tachinids_genomes/results/Stat_Results/houghia_graciloides/QUAST_results/report.tsv
    jobid: 49
    wildcards: Genome_ID=houghia_graciloides

Submitted job 49 with external jobid 'Submitted batch job 3477788'.

[Tue Mar 15 13:23:55 2022]
rule QUAST:
    input: /beegfs/data/soukkal/StageM2/Tachinids_genomes/genomes/leskia_wood01dhj03.fna
    output: /beegfs/data/soukkal/StageM2/Tachinids_genomes/results/Stat_Results/leskia_wood01dhj03/QUAST_results/report.tsv
    jobid: 63
    wildcards: Genome_ID=leskia_wood01dhj03

Submitted job 63 with external jobid 'Submitted batch job 3477789'.

[Tue Mar 15 13:23:55 2022]
rule QUAST:
    input: /beegfs/data/soukkal/StageM2/Tachinids_genomes/genomes/lixophaga_wood09.fna
    output: /beegfs/data/soukkal/StageM2/Tachinids_genomes/results/Stat_Results/lixophaga_wood09/QUAST_results/report.tsv
    jobid: 67
    wildcards: Genome_ID=lixophaga_wood09

Submitted job 67 with external jobid 'Submitted batch job 3477790'.

[Tue Mar 15 13:23:55 2022]
rule Sum:
    input: /beegfs/data/soukkal/StageM2/Tachinids_genomes/results/Stat_Results/archytas_wood02/BUSCO_results/run_arthropoda_odb10/full_table.tsv
    output: /beegfs/data/soukkal/StageM2/Tachinids_genomes/results/Stat_Results/archytas_wood02/BUSCO_results/Sum_table_archytas_wood02.txt
    jobid: 77
    wildcards: Genome_ID=archytas_wood02

Submitted job 77 with external jobid 'Submitted batch job 3477791'.

[Tue Mar 15 13:23:55 2022]
rule Sum:
    input: /beegfs/data/soukkal/StageM2/Tachinids_genomes/results/Stat_Results/calolydella_timjamesi/BUSCO_results/run_arthropoda_odb10/full_table.tsv
    output: /beegfs/data/soukkal/StageM2/Tachinids_genomes/results/Stat_Results/calolydella_timjamesi/BUSCO_results/Sum_table_calolydella_timjamesi.txt
    jobid: 95
    wildcards: Genome_ID=calolydella_timjamesi

Submitted job 95 with external jobid 'Submitted batch job 3477792'.

[Tue Mar 15 13:23:55 2022]
rule Sum:
    input: /beegfs/data/soukkal/StageM2/Tachinids_genomes/results/Stat_Results/chrysotachina_wood01/BUSCO_results/run_arthropoda_odb10/full_table.tsv
    output: /beegfs/data/soukkal/StageM2/Tachinids_genomes/results/Stat_Results/chrysotachina_wood01/BUSCO_results/Sum_table_chrysotachina_wood01.txt
    jobid: 105
    wildcards: Genome_ID=chrysotachina_wood01

Submitted job 105 with external jobid 'Submitted batch job 3477793'.

[Tue Mar 15 13:23:55 2022]
rule QUAST:
    input: /beegfs/data/soukkal/StageM2/Tachinids_genomes/genomes/genea_wood03dhj01.fna
    output: /beegfs/data/soukkal/StageM2/Tachinids_genomes/results/Stat_Results/genea_wood03dhj01/QUAST_results/report.tsv
    jobid: 43
    wildcards: Genome_ID=genea_wood03dhj01

Submitted job 43 with external jobid 'Submitted batch job 3477794'.

[Tue Mar 15 13:23:55 2022]
rule QUAST:
    input: /beegfs/data/soukkal/StageM2/Tachinids_genomes/genomes/jurinella_wood01.fna
    output: /beegfs/data/soukkal/StageM2/Tachinids_genomes/results/Stat_Results/jurinella_wood01/QUAST_results/report.tsv
    jobid: 57
    wildcards: Genome_ID=jurinella_wood01

Submitted job 57 with external jobid 'Submitted batch job 3477795'.

[Tue Mar 15 13:23:55 2022]
rule QUAST:
    input: /beegfs/data/soukkal/StageM2/Tachinids_genomes/genomes/siphosturmia_wood02.fna
    output: /beegfs/data/soukkal/StageM2/Tachinids_genomes/results/Stat_Results/siphosturmia_wood02/QUAST_results/report.tsv
    jobid: 71
    wildcards: Genome_ID=siphosturmia_wood02

Submitted job 71 with external jobid 'Submitted batch job 3477796'.

[Tue Mar 15 13:23:55 2022]
rule Sum:
    input: /beegfs/data/soukkal/StageM2/Tachinids_genomes/results/Stat_Results/atacta_brasiliensisdhj01/BUSCO_results/run_arthropoda_odb10/full_table.tsv
    output: /beegfs/data/soukkal/StageM2/Tachinids_genomes/results/Stat_Results/atacta_brasiliensisdhj01/BUSCO_results/Sum_table_atacta_brasiliensisdhj01.txt
    jobid: 85
    wildcards: Genome_ID=atacta_brasiliensisdhj01

Submitted job 85 with external jobid 'Submitted batch job 3477797'.

[Tue Mar 15 13:23:55 2022]
rule Sum:
    input: /beegfs/data/soukkal/StageM2/Tachinids_genomes/results/Stat_Results/chetogena_scutellarisdhj01/BUSCO_results/run_arthropoda_odb10/full_table.tsv
    output: /beegfs/data/soukkal/StageM2/Tachinids_genomes/results/Stat_Results/chetogena_scutellarisdhj01/BUSCO_results/Sum_table_chetogena_scutellarisdhj01.txt
    jobid: 99
    wildcards: Genome_ID=chetogena_scutellarisdhj01

Submitted job 99 with external jobid 'Submitted batch job 3477798'.

[Tue Mar 15 13:23:55 2022]
rule QUAST:
    input: /beegfs/data/soukkal/StageM2/Tachinids_genomes/genomes/austrophorocera_wood05.fna
    output: /beegfs/data/soukkal/StageM2/Tachinids_genomes/results/Stat_Results/austrophorocera_wood05/QUAST_results/report.tsv
    jobid: 50
    wildcards: Genome_ID=austrophorocera_wood05

Submitted job 50 with external jobid 'Submitted batch job 3477799'.

[Tue Mar 15 13:23:55 2022]
rule QUAST:
    input: /beegfs/data/soukkal/StageM2/Tachinids_genomes/genomes/chrysoexorista_wood01dhj02.fna
    output: /beegfs/data/soukkal/StageM2/Tachinids_genomes/results/Stat_Results/chrysoexorista_wood01dhj02/QUAST_results/report.tsv
    jobid: 64
    wildcards: Genome_ID=chrysoexorista_wood01dhj02

Submitted job 64 with external jobid 'Submitted batch job 3477800'.

[Tue Mar 15 13:23:55 2022]
rule Sum:
    input: /beegfs/data/soukkal/StageM2/Tachinids_genomes/results/Stat_Results/genea_wood01/BUSCO_results/run_arthropoda_odb10/full_table.tsv
    output: /beegfs/data/soukkal/StageM2/Tachinids_genomes/results/Stat_Results/genea_wood01/BUSCO_results/Sum_table_genea_wood01.txt
    jobid: 78
    wildcards: Genome_ID=genea_wood01

Submitted job 78 with external jobid 'Submitted batch job 3477801'.

[Tue Mar 15 13:23:55 2022]
rule Sum:
    input: /beegfs/data/soukkal/StageM2/Tachinids_genomes/results/Stat_Results/hyphantrophaga_wood11/BUSCO_results/run_arthropoda_odb10/full_table.tsv
    output: /beegfs/data/soukkal/StageM2/Tachinids_genomes/results/Stat_Results/hyphantrophaga_wood11/BUSCO_results/Sum_table_hyphantrophaga_wood11.txt
    jobid: 92
    wildcards: Genome_ID=hyphantrophaga_wood11

Submitted job 92 with external jobid 'Submitted batch job 3477802'.

[Tue Mar 15 13:23:55 2022]
rule Sum:
    input: /beegfs/data/soukkal/StageM2/Tachinids_genomes/results/Stat_Results/siphosturmia_rafaelidhj03/BUSCO_results/run_arthropoda_odb10/full_table.tsv
    output: /beegfs/data/soukkal/StageM2/Tachinids_genomes/results/Stat_Results/siphosturmia_rafaelidhj03/BUSCO_results/Sum_table_siphosturmia_rafaelidhj03.txt
    jobid: 106
    wildcards: Genome_ID=siphosturmia_rafaelidhj03

Submitted job 106 with external jobid 'Submitted batch job 3477803'.

[Tue Mar 15 13:23:55 2022]
rule QUAST:
    input: /beegfs/data/soukkal/StageM2/Tachinids_genomes/genomes/argyrophylax_albincisadhj04.fna
    output: /beegfs/data/soukkal/StageM2/Tachinids_genomes/results/Stat_Results/argyrophylax_albincisadhj04/QUAST_results/report.tsv
    jobid: 44
    wildcards: Genome_ID=argyrophylax_albincisadhj04

Submitted job 44 with external jobid 'Submitted batch job 3477804'.

[Tue Mar 15 13:23:55 2022]
rule QUAST:
    input: /beegfs/data/soukkal/StageM2/Tachinids_genomes/genomes/calolydella_timjamesi.fna
    output: /beegfs/data/soukkal/StageM2/Tachinids_genomes/results/Stat_Results/calolydella_timjamesi/QUAST_results/report.tsv
    jobid: 58
    wildcards: Genome_ID=calolydella_timjamesi

Submitted job 58 with external jobid 'Submitted batch job 3477805'.

[Tue Mar 15 13:23:55 2022]
rule QUAST:
    input: /beegfs/data/soukkal/StageM2/Tachinids_genomes/genomes/cordyligaster_capellii.fna
    output: /beegfs/data/soukkal/StageM2/Tachinids_genomes/results/Stat_Results/cordyligaster_capellii/QUAST_results/report.tsv
    jobid: 72
    wildcards: Genome_ID=cordyligaster_capellii

Submitted job 72 with external jobid 'Submitted batch job 3477806'.

[Tue Mar 15 13:23:55 2022]
rule Sum:
    input: /beegfs/data/soukkal/StageM2/Tachinids_genomes/results/Stat_Results/houghia_graciloides/BUSCO_results/run_arthropoda_odb10/full_table.tsv
    output: /beegfs/data/soukkal/StageM2/Tachinids_genomes/results/Stat_Results/houghia_graciloides/BUSCO_results/Sum_table_houghia_graciloides.txt
    jobid: 86
    wildcards: Genome_ID=houghia_graciloides

Submitted job 86 with external jobid 'Submitted batch job 3477807'.

[Tue Mar 15 13:23:55 2022]
rule Sum:
    input: /beegfs/data/soukkal/StageM2/Tachinids_genomes/results/Stat_Results/leskia_wood01dhj03/BUSCO_results/run_arthropoda_odb10/full_table.tsv
    output: /beegfs/data/soukkal/StageM2/Tachinids_genomes/results/Stat_Results/leskia_wood01dhj03/BUSCO_results/Sum_table_leskia_wood01dhj03.txt
    jobid: 100
    wildcards: Genome_ID=leskia_wood01dhj03

Submitted job 100 with external jobid 'Submitted batch job 3477808'.

[Tue Mar 15 13:23:55 2022]
rule QUAST:
    input: /beegfs/data/soukkal/StageM2/Tachinids_genomes/genomes/houghia_pallida.fna
    output: /beegfs/data/soukkal/StageM2/Tachinids_genomes/results/Stat_Results/houghia_pallida/QUAST_results/report.tsv
    jobid: 51
    wildcards: Genome_ID=houghia_pallida

Submitted job 51 with external jobid 'Submitted batch job 3477809'.

[Tue Mar 15 13:23:55 2022]
rule QUAST:
    input: /beegfs/data/soukkal/StageM2/Tachinids_genomes/genomes/lixophaga_wood06.fna
    output: /beegfs/data/soukkal/StageM2/Tachinids_genomes/results/Stat_Results/lixophaga_wood06/QUAST_results/report.tsv
    jobid: 65
    wildcards: Genome_ID=lixophaga_wood06

Submitted job 65 with external jobid 'Submitted batch job 3477810'.

[Tue Mar 15 13:23:56 2022]
rule Sum:
    input: /beegfs/data/soukkal/StageM2/Tachinids_genomes/results/Stat_Results/argyrochaetona_cubanadhj02/BUSCO_results/run_arthropoda_odb10/full_table.tsv
    output: /beegfs/data/soukkal/StageM2/Tachinids_genomes/results/Stat_Results/argyrochaetona_cubanadhj02/BUSCO_results/Sum_table_argyrochaetona_cubanadhj02.txt
    jobid: 79
    wildcards: Genome_ID=argyrochaetona_cubanadhj02

Submitted job 79 with external jobid 'Submitted batch job 3477811'.

[Tue Mar 15 13:23:56 2022]
rule Sum:
    input: /beegfs/data/soukkal/StageM2/Tachinids_genomes/results/Stat_Results/calolydella_erasmocoronadoi/BUSCO_results/run_arthropoda_odb10/full_table.tsv
    output: /beegfs/data/soukkal/StageM2/Tachinids_genomes/results/Stat_Results/calolydella_erasmocoronadoi/BUSCO_results/Sum_table_calolydella_erasmocoronadoi.txt
    jobid: 93
    wildcards: Genome_ID=calolydella_erasmocoronadoi

Submitted job 93 with external jobid 'Submitted batch job 3477812'.

[Tue Mar 15 13:23:56 2022]
rule Sum:
    input: /beegfs/data/soukkal/StageM2/Tachinids_genomes/results/Stat_Results/chrysotachina_wood02dhj02/BUSCO_results/run_arthropoda_odb10/full_table.tsv
    output: /beegfs/data/soukkal/StageM2/Tachinids_genomes/results/Stat_Results/chrysotachina_wood02dhj02/BUSCO_results/Sum_table_chrysotachina_wood02dhj02.txt
    jobid: 107
    wildcards: Genome_ID=chrysotachina_wood02dhj02

Submitted job 107 with external jobid 'Submitted batch job 3477813'.

[Tue Mar 15 13:23:56 2022]
rule BUSCO:
    input: /beegfs/data/soukkal/StageM2/Tachinids_genomes/genomes/belvosia_woodley10.fna
    output: /beegfs/data/soukkal/StageM2/Tachinids_genomes/results/Stat_Results/belvosia_woodley10/BUSCO_results/run_arthropoda_odb10/full_table.tsv
    jobid: 17
    wildcards: Genome_ID=belvosia_woodley10

Submitted job 17 with external jobid 'Submitted batch job 3477814'.

[Tue Mar 15 13:23:56 2022]
rule QUAST:
    input: /beegfs/data/soukkal/StageM2/Tachinids_genomes/genomes/houghia_bivittata.fna
    output: /beegfs/data/soukkal/StageM2/Tachinids_genomes/results/Stat_Results/houghia_bivittata/QUAST_results/report.tsv
    jobid: 45
    wildcards: Genome_ID=houghia_bivittata

Submitted job 45 with external jobid 'Submitted batch job 3477815'.

[Tue Mar 15 13:23:56 2022]
rule QUAST:
    input: /beegfs/data/soukkal/StageM2/Tachinids_genomes/genomes/leschenaultia_wood15.fna
    output: /beegfs/data/soukkal/StageM2/Tachinids_genomes/results/Stat_Results/leschenaultia_wood15/QUAST_results/report.tsv
    jobid: 59
    wildcards: Genome_ID=leschenaultia_wood15

Submitted job 59 with external jobid 'Submitted batch job 3477816'.

[Tue Mar 15 13:23:56 2022]
rule QUAST:
    input: /beegfs/data/soukkal/StageM2/Tachinids_genomes/genomes/zizyphomyia_argutadhj02.fna
    output: /beegfs/data/soukkal/StageM2/Tachinids_genomes/results/Stat_Results/zizyphomyia_argutadhj02/QUAST_results/report.tsv
    jobid: 73
    wildcards: Genome_ID=zizyphomyia_argutadhj02

Submitted job 73 with external jobid 'Submitted batch job 3477817'.

[Tue Mar 15 13:23:56 2022]
rule Sum:
    input: /beegfs/data/soukkal/StageM2/Tachinids_genomes/results/Stat_Results/austrophorocera_wood05/BUSCO_results/run_arthropoda_odb10/full_table.tsv
    output: /beegfs/data/soukkal/StageM2/Tachinids_genomes/results/Stat_Results/austrophorocera_wood05/BUSCO_results/Sum_table_austrophorocera_wood05.txt
    jobid: 87
    wildcards: Genome_ID=austrophorocera_wood05

Submitted job 87 with external jobid 'Submitted batch job 3477818'.

[Tue Mar 15 13:23:56 2022]
rule Sum:
    input: /beegfs/data/soukkal/StageM2/Tachinids_genomes/results/Stat_Results/chrysoexorista_wood01dhj02/BUSCO_results/run_arthropoda_odb10/full_table.tsv
    output: /beegfs/data/soukkal/StageM2/Tachinids_genomes/results/Stat_Results/chrysoexorista_wood01dhj02/BUSCO_results/Sum_table_chrysoexorista_wood01dhj02.txt
    jobid: 101
    wildcards: Genome_ID=chrysoexorista_wood01dhj02

Submitted job 101 with external jobid 'Submitted batch job 3477819'.

[Tue Mar 15 13:23:56 2022]
rule QUAST:
    input: /beegfs/data/soukkal/StageM2/Tachinids_genomes/genomes/drino_wood06dhj05.fna
    output: /beegfs/data/soukkal/StageM2/Tachinids_genomes/results/Stat_Results/drino_wood06dhj05/QUAST_results/report.tsv
    jobid: 39
    wildcards: Genome_ID=drino_wood06dhj05

Submitted job 39 with external jobid 'Submitted batch job 3477820'.

[Tue Mar 15 13:23:56 2022]
rule Sum:
    input: /beegfs/data/soukkal/StageM2/Tachinids_genomes/results/Stat_Results/argyrophylax_albincisadhj04/BUSCO_results/run_arthropoda_odb10/full_table.tsv
    output: /beegfs/data/soukkal/StageM2/Tachinids_genomes/results/Stat_Results/argyrophylax_albincisadhj04/BUSCO_results/Sum_table_argyrophylax_albincisadhj04.txt
    jobid: 81
    wildcards: Genome_ID=argyrophylax_albincisadhj04

Submitted job 81 with external jobid 'Submitted batch job 3477821'.

[Tue Mar 15 13:23:56 2022]
rule QUAST:
    input: /beegfs/data/soukkal/StageM2/Tachinids_genomes/genomes/aplomyopsis_wood01.fna
    output: /beegfs/data/soukkal/StageM2/Tachinids_genomes/results/Stat_Results/aplomyopsis_wood01/QUAST_results/report.tsv
    jobid: 38
    wildcards: Genome_ID=aplomyopsis_wood01

Submitted job 38 with external jobid 'Submitted batch job 3477822'.

[Tue Mar 15 13:23:56 2022]
rule QUAST:
    input: /beegfs/data/soukkal/StageM2/Tachinids_genomes/genomes/belvosia_woodley07g.fna
    output: /beegfs/data/soukkal/StageM2/Tachinids_genomes/results/Stat_Results/belvosia_woodley07g/QUAST_results/report.tsv
    jobid: 52
    wildcards: Genome_ID=belvosia_woodley07g

Submitted job 52 with external jobid 'Submitted batch job 3477823'.

[Tue Mar 15 13:23:56 2022]
rule QUAST:
    input: /beegfs/data/soukkal/StageM2/Tachinids_genomes/genomes/chrysoexorista_wood04.fna
    output: /beegfs/data/soukkal/StageM2/Tachinids_genomes/results/Stat_Results/chrysoexorista_wood04/QUAST_results/report.tsv
    jobid: 66
    wildcards: Genome_ID=chrysoexorista_wood04

Submitted job 66 with external jobid 'Submitted batch job 3477824'.

[Tue Mar 15 13:23:56 2022]
rule Sum:
    input: /beegfs/data/soukkal/StageM2/Tachinids_genomes/results/Stat_Results/genea_wood03dhj01/BUSCO_results/run_arthropoda_odb10/full_table.tsv
    output: /beegfs/data/soukkal/StageM2/Tachinids_genomes/results/Stat_Results/genea_wood03dhj01/BUSCO_results/Sum_table_genea_wood03dhj01.txt
    jobid: 80
    wildcards: Genome_ID=genea_wood03dhj01

Submitted job 80 with external jobid 'Submitted batch job 3477825'.

[Tue Mar 15 13:23:56 2022]
rule Sum:
    input: /beegfs/data/soukkal/StageM2/Tachinids_genomes/results/Stat_Results/jurinella_wood01/BUSCO_results/run_arthropoda_odb10/full_table.tsv
    output: /beegfs/data/soukkal/StageM2/Tachinids_genomes/results/Stat_Results/jurinella_wood01/BUSCO_results/Sum_table_jurinella_wood01.txt
    jobid: 94
    wildcards: Genome_ID=jurinella_wood01

Submitted job 94 with external jobid 'Submitted batch job 3477826'.

[Tue Mar 15 13:23:56 2022]
rule Sum:
    input: /beegfs/data/soukkal/StageM2/Tachinids_genomes/results/Stat_Results/siphosturmia_wood02/BUSCO_results/run_arthropoda_odb10/full_table.tsv
    output: /beegfs/data/soukkal/StageM2/Tachinids_genomes/results/Stat_Results/siphosturmia_wood02/BUSCO_results/Sum_table_siphosturmia_wood02.txt
    jobid: 108
    wildcards: Genome_ID=siphosturmia_wood02

Submitted job 108 with external jobid 'Submitted batch job 3477828'.

[Tue Mar 15 13:23:56 2022]
rule Sum:
    input: /beegfs/data/soukkal/StageM2/Tachinids_genomes/results/Stat_Results/cordyligaster_capellii/BUSCO_results/run_arthropoda_odb10/full_table.tsv
    output: /beegfs/data/soukkal/StageM2/Tachinids_genomes/results/Stat_Results/cordyligaster_capellii/BUSCO_results/Sum_table_cordyligaster_capellii.txt
    jobid: 109
    wildcards: Genome_ID=cordyligaster_capellii

Submitted job 109 with external jobid 'Submitted batch job 3477829'.
[Tue Mar 15 13:35:42 2022]
Error in rule Sum:
    jobid: 88
    output: /beegfs/data/soukkal/StageM2/Tachinids_genomes/results/Stat_Results/houghia_pallida/BUSCO_results/Sum_table_houghia_pallida.txt
    shell:
        
     python3 /beegfs/data/soukkal/StageM2/Scripts/BUSCO_jobs/Busco_summary.py -sum /beegfs/data/soukkal/StageM2/Tachinids_genomes/results/Stat_Results/houghia_pallida/BUSCO_results/run_arthropoda_odb10/full_table.tsv  -o /beegfs/data/soukkal/StageM2/Tachinids_genomes/results/Stat_Results/houghia_pallida/BUSCO_results/Sum_table_houghia_pallida.txt -sp houghia_pallida
     cp /beegfs/data/soukkal/StageM2/Tachinids_genomes/results/Stat_Results/houghia_pallida/BUSCO_results/Sum_table_houghia_pallida.txt /beegfs/data/soukkal/StageM2/Tachinids_genomes/results/Stat_Results/Busco_sum/Sum_table_houghia_pallida.txt
     
        (one of the commands exited with non-zero exit code; note that snakemake uses bash strict mode!)
    cluster_jobid: Submitted batch job 3477757

Error executing rule Sum on cluster (jobid: 88, external: Submitted batch job 3477757, jobscript: /beegfs/data/soukkal/StageM2/Scripts/BUSCO_jobs/.snakemake/tmp.6ryeb1_u/snakejob.Sum.88.sh). For error details see the cluster log and the log files of the involved rule(s).
[Tue Mar 15 13:35:59 2022]
Error in rule Sum:
    jobid: 102
    output: /beegfs/data/soukkal/StageM2/Tachinids_genomes/results/Stat_Results/lixophaga_wood06/BUSCO_results/Sum_table_lixophaga_wood06.txt
    shell:
        
     python3 /beegfs/data/soukkal/StageM2/Scripts/BUSCO_jobs/Busco_summary.py -sum /beegfs/data/soukkal/StageM2/Tachinids_genomes/results/Stat_Results/lixophaga_wood06/BUSCO_results/run_arthropoda_odb10/full_table.tsv  -o /beegfs/data/soukkal/StageM2/Tachinids_genomes/results/Stat_Results/lixophaga_wood06/BUSCO_results/Sum_table_lixophaga_wood06.txt -sp lixophaga_wood06
     cp /beegfs/data/soukkal/StageM2/Tachinids_genomes/results/Stat_Results/lixophaga_wood06/BUSCO_results/Sum_table_lixophaga_wood06.txt /beegfs/data/soukkal/StageM2/Tachinids_genomes/results/Stat_Results/Busco_sum/Sum_table_lixophaga_wood06.txt
     
        (one of the commands exited with non-zero exit code; note that snakemake uses bash strict mode!)
    cluster_jobid: Submitted batch job 3477758

Error executing rule Sum on cluster (jobid: 102, external: Submitted batch job 3477758, jobscript: /beegfs/data/soukkal/StageM2/Scripts/BUSCO_jobs/.snakemake/tmp.6ryeb1_u/snakejob.Sum.102.sh). For error details see the cluster log and the log files of the involved rule(s).
[Tue Mar 15 13:36:33 2022]
Error in rule Sum:
    jobid: 82
    output: /beegfs/data/soukkal/StageM2/Tachinids_genomes/results/Stat_Results/houghia_bivittata/BUSCO_results/Sum_table_houghia_bivittata.txt
    shell:
        
     python3 /beegfs/data/soukkal/StageM2/Scripts/BUSCO_jobs/Busco_summary.py -sum /beegfs/data/soukkal/StageM2/Tachinids_genomes/results/Stat_Results/houghia_bivittata/BUSCO_results/run_arthropoda_odb10/full_table.tsv  -o /beegfs/data/soukkal/StageM2/Tachinids_genomes/results/Stat_Results/houghia_bivittata/BUSCO_results/Sum_table_houghia_bivittata.txt -sp houghia_bivittata
     cp /beegfs/data/soukkal/StageM2/Tachinids_genomes/results/Stat_Results/houghia_bivittata/BUSCO_results/Sum_table_houghia_bivittata.txt /beegfs/data/soukkal/StageM2/Tachinids_genomes/results/Stat_Results/Busco_sum/Sum_table_houghia_bivittata.txt
     
        (one of the commands exited with non-zero exit code; note that snakemake uses bash strict mode!)
    cluster_jobid: Submitted batch job 3477762

Error executing rule Sum on cluster (jobid: 82, external: Submitted batch job 3477762, jobscript: /beegfs/data/soukkal/StageM2/Scripts/BUSCO_jobs/.snakemake/tmp.6ryeb1_u/snakejob.Sum.82.sh). For error details see the cluster log and the log files of the involved rule(s).
[Tue Mar 15 13:36:50 2022]
Finished job 74.
1 of 76 steps (1%) done
[Tue Mar 15 13:37:07 2022]
Error in rule Sum:
    jobid: 96
    output: /beegfs/data/soukkal/StageM2/Tachinids_genomes/results/Stat_Results/leschenaultia_wood15/BUSCO_results/Sum_table_leschenaultia_wood15.txt
    shell:
        
     python3 /beegfs/data/soukkal/StageM2/Scripts/BUSCO_jobs/Busco_summary.py -sum /beegfs/data/soukkal/StageM2/Tachinids_genomes/results/Stat_Results/leschenaultia_wood15/BUSCO_results/run_arthropoda_odb10/full_table.tsv  -o /beegfs/data/soukkal/StageM2/Tachinids_genomes/results/Stat_Results/leschenaultia_wood15/BUSCO_results/Sum_table_leschenaultia_wood15.txt -sp leschenaultia_wood15
     cp /beegfs/data/soukkal/StageM2/Tachinids_genomes/results/Stat_Results/leschenaultia_wood15/BUSCO_results/Sum_table_leschenaultia_wood15.txt /beegfs/data/soukkal/StageM2/Tachinids_genomes/results/Stat_Results/Busco_sum/Sum_table_leschenaultia_wood15.txt
     
        (one of the commands exited with non-zero exit code; note that snakemake uses bash strict mode!)
    cluster_jobid: Submitted batch job 3477763

Error executing rule Sum on cluster (jobid: 96, external: Submitted batch job 3477763, jobscript: /beegfs/data/soukkal/StageM2/Scripts/BUSCO_jobs/.snakemake/tmp.6ryeb1_u/snakejob.Sum.96.sh). For error details see the cluster log and the log files of the involved rule(s).
[Tue Mar 15 13:37:40 2022]
Finished job 46.
2 of 76 steps (3%) done
[Tue Mar 15 13:37:40 2022]
Error in rule Sum:
    jobid: 110
    output: /beegfs/data/soukkal/StageM2/Tachinids_genomes/results/Stat_Results/zizyphomyia_argutadhj02/BUSCO_results/Sum_table_zizyphomyia_argutadhj02.txt
    shell:
        
     python3 /beegfs/data/soukkal/StageM2/Scripts/BUSCO_jobs/Busco_summary.py -sum /beegfs/data/soukkal/StageM2/Tachinids_genomes/results/Stat_Results/zizyphomyia_argutadhj02/BUSCO_results/run_arthropoda_odb10/full_table.tsv  -o /beegfs/data/soukkal/StageM2/Tachinids_genomes/results/Stat_Results/zizyphomyia_argutadhj02/BUSCO_results/Sum_table_zizyphomyia_argutadhj02.txt -sp zizyphomyia_argutadhj02
     cp /beegfs/data/soukkal/StageM2/Tachinids_genomes/results/Stat_Results/zizyphomyia_argutadhj02/BUSCO_results/Sum_table_zizyphomyia_argutadhj02.txt /beegfs/data/soukkal/StageM2/Tachinids_genomes/results/Stat_Results/Busco_sum/Sum_table_zizyphomyia_argutadhj02.txt
     
        (one of the commands exited with non-zero exit code; note that snakemake uses bash strict mode!)
    cluster_jobid: Submitted batch job 3477764

Error executing rule Sum on cluster (jobid: 110, external: Submitted batch job 3477764, jobscript: /beegfs/data/soukkal/StageM2/Scripts/BUSCO_jobs/.snakemake/tmp.6ryeb1_u/snakejob.Sum.110.sh). For error details see the cluster log and the log files of the involved rule(s).
[Tue Mar 15 13:38:12 2022]
Error in rule Sum:
    jobid: 75
    output: /beegfs/data/soukkal/StageM2/Tachinids_genomes/results/Stat_Results/aplomyopsis_wood01/BUSCO_results/Sum_table_aplomyopsis_wood01.txt
    shell:
        
     python3 /beegfs/data/soukkal/StageM2/Scripts/BUSCO_jobs/Busco_summary.py -sum /beegfs/data/soukkal/StageM2/Tachinids_genomes/results/Stat_Results/aplomyopsis_wood01/BUSCO_results/run_arthropoda_odb10/full_table.tsv  -o /beegfs/data/soukkal/StageM2/Tachinids_genomes/results/Stat_Results/aplomyopsis_wood01/BUSCO_results/Sum_table_aplomyopsis_wood01.txt -sp aplomyopsis_wood01
     cp /beegfs/data/soukkal/StageM2/Tachinids_genomes/results/Stat_Results/aplomyopsis_wood01/BUSCO_results/Sum_table_aplomyopsis_wood01.txt /beegfs/data/soukkal/StageM2/Tachinids_genomes/results/Stat_Results/Busco_sum/Sum_table_aplomyopsis_wood01.txt
     
        (one of the commands exited with non-zero exit code; note that snakemake uses bash strict mode!)
    cluster_jobid: Submitted batch job 3477768

Error executing rule Sum on cluster (jobid: 75, external: Submitted batch job 3477768, jobscript: /beegfs/data/soukkal/StageM2/Scripts/BUSCO_jobs/.snakemake/tmp.6ryeb1_u/snakejob.Sum.75.sh). For error details see the cluster log and the log files of the involved rule(s).
[Tue Mar 15 13:38:12 2022]
Error in rule Sum:
    jobid: 89
    output: /beegfs/data/soukkal/StageM2/Tachinids_genomes/results/Stat_Results/belvosia_woodley07g/BUSCO_results/Sum_table_belvosia_woodley07g.txt
    shell:
        
     python3 /beegfs/data/soukkal/StageM2/Scripts/BUSCO_jobs/Busco_summary.py -sum /beegfs/data/soukkal/StageM2/Tachinids_genomes/results/Stat_Results/belvosia_woodley07g/BUSCO_results/run_arthropoda_odb10/full_table.tsv  -o /beegfs/data/soukkal/StageM2/Tachinids_genomes/results/Stat_Results/belvosia_woodley07g/BUSCO_results/Sum_table_belvosia_woodley07g.txt -sp belvosia_woodley07g
     cp /beegfs/data/soukkal/StageM2/Tachinids_genomes/results/Stat_Results/belvosia_woodley07g/BUSCO_results/Sum_table_belvosia_woodley07g.txt /beegfs/data/soukkal/StageM2/Tachinids_genomes/results/Stat_Results/Busco_sum/Sum_table_belvosia_woodley07g.txt
     
        (one of the commands exited with non-zero exit code; note that snakemake uses bash strict mode!)
    cluster_jobid: Submitted batch job 3477769

Error executing rule Sum on cluster (jobid: 89, external: Submitted batch job 3477769, jobscript: /beegfs/data/soukkal/StageM2/Scripts/BUSCO_jobs/.snakemake/tmp.6ryeb1_u/snakejob.Sum.89.sh). For error details see the cluster log and the log files of the involved rule(s).
[Tue Mar 15 13:38:12 2022]
Error in rule Sum:
    jobid: 103
    output: /beegfs/data/soukkal/StageM2/Tachinids_genomes/results/Stat_Results/chrysoexorista_wood04/BUSCO_results/Sum_table_chrysoexorista_wood04.txt
    shell:
        
     python3 /beegfs/data/soukkal/StageM2/Scripts/BUSCO_jobs/Busco_summary.py -sum /beegfs/data/soukkal/StageM2/Tachinids_genomes/results/Stat_Results/chrysoexorista_wood04/BUSCO_results/run_arthropoda_odb10/full_table.tsv  -o /beegfs/data/soukkal/StageM2/Tachinids_genomes/results/Stat_Results/chrysoexorista_wood04/BUSCO_results/Sum_table_chrysoexorista_wood04.txt -sp chrysoexorista_wood04
     cp /beegfs/data/soukkal/StageM2/Tachinids_genomes/results/Stat_Results/chrysoexorista_wood04/BUSCO_results/Sum_table_chrysoexorista_wood04.txt /beegfs/data/soukkal/StageM2/Tachinids_genomes/results/Stat_Results/Busco_sum/Sum_table_chrysoexorista_wood04.txt
     
        (one of the commands exited with non-zero exit code; note that snakemake uses bash strict mode!)
    cluster_jobid: Submitted batch job 3477770

Error executing rule Sum on cluster (jobid: 103, external: Submitted batch job 3477770, jobscript: /beegfs/data/soukkal/StageM2/Scripts/BUSCO_jobs/.snakemake/tmp.6ryeb1_u/snakejob.Sum.103.sh). For error details see the cluster log and the log files of the involved rule(s).
[Tue Mar 15 13:39:01 2022]
Error in rule Sum:
    jobid: 83
    output: /beegfs/data/soukkal/StageM2/Tachinids_genomes/results/Stat_Results/argyrophylax_wood05/BUSCO_results/Sum_table_argyrophylax_wood05.txt
    shell:
        
     python3 /beegfs/data/soukkal/StageM2/Scripts/BUSCO_jobs/Busco_summary.py -sum /beegfs/data/soukkal/StageM2/Tachinids_genomes/results/Stat_Results/argyrophylax_wood05/BUSCO_results/run_arthropoda_odb10/full_table.tsv  -o /beegfs/data/soukkal/StageM2/Tachinids_genomes/results/Stat_Results/argyrophylax_wood05/BUSCO_results/Sum_table_argyrophylax_wood05.txt -sp argyrophylax_wood05
     cp /beegfs/data/soukkal/StageM2/Tachinids_genomes/results/Stat_Results/argyrophylax_wood05/BUSCO_results/Sum_table_argyrophylax_wood05.txt /beegfs/data/soukkal/StageM2/Tachinids_genomes/results/Stat_Results/Busco_sum/Sum_table_argyrophylax_wood05.txt
     
        (one of the commands exited with non-zero exit code; note that snakemake uses bash strict mode!)
    cluster_jobid: Submitted batch job 3477774

Error executing rule Sum on cluster (jobid: 83, external: Submitted batch job 3477774, jobscript: /beegfs/data/soukkal/StageM2/Scripts/BUSCO_jobs/.snakemake/tmp.6ryeb1_u/snakejob.Sum.83.sh). For error details see the cluster log and the log files of the involved rule(s).
[Tue Mar 15 13:39:01 2022]
Error in rule Sum:
    jobid: 97
    output: /beegfs/data/soukkal/StageM2/Tachinids_genomes/results/Stat_Results/campylocheta_wood03/BUSCO_results/Sum_table_campylocheta_wood03.txt
    shell:
        
     python3 /beegfs/data/soukkal/StageM2/Scripts/BUSCO_jobs/Busco_summary.py -sum /beegfs/data/soukkal/StageM2/Tachinids_genomes/results/Stat_Results/campylocheta_wood03/BUSCO_results/run_arthropoda_odb10/full_table.tsv  -o /beegfs/data/soukkal/StageM2/Tachinids_genomes/results/Stat_Results/campylocheta_wood03/BUSCO_results/Sum_table_campylocheta_wood03.txt -sp campylocheta_wood03
     cp /beegfs/data/soukkal/StageM2/Tachinids_genomes/results/Stat_Results/campylocheta_wood03/BUSCO_results/Sum_table_campylocheta_wood03.txt /beegfs/data/soukkal/StageM2/Tachinids_genomes/results/Stat_Results/Busco_sum/Sum_table_campylocheta_wood03.txt
     
        (one of the commands exited with non-zero exit code; note that snakemake uses bash strict mode!)
    cluster_jobid: Submitted batch job 3477776

Error executing rule Sum on cluster (jobid: 97, external: Submitted batch job 3477776, jobscript: /beegfs/data/soukkal/StageM2/Scripts/BUSCO_jobs/.snakemake/tmp.6ryeb1_u/snakejob.Sum.97.sh). For error details see the cluster log and the log files of the involved rule(s).
[Tue Mar 15 13:39:01 2022]
Error in rule Sum:
    jobid: 111
    output: /beegfs/data/soukkal/StageM2/Tachinids_genomes/results/Stat_Results/drino_wood06dhj01/BUSCO_results/Sum_table_drino_wood06dhj01.txt
    shell:
        
     python3 /beegfs/data/soukkal/StageM2/Scripts/BUSCO_jobs/Busco_summary.py -sum /beegfs/data/soukkal/StageM2/Tachinids_genomes/results/Stat_Results/drino_wood06dhj01/BUSCO_results/run_arthropoda_odb10/full_table.tsv  -o /beegfs/data/soukkal/StageM2/Tachinids_genomes/results/Stat_Results/drino_wood06dhj01/BUSCO_results/Sum_table_drino_wood06dhj01.txt -sp drino_wood06dhj01
     cp /beegfs/data/soukkal/StageM2/Tachinids_genomes/results/Stat_Results/drino_wood06dhj01/BUSCO_results/Sum_table_drino_wood06dhj01.txt /beegfs/data/soukkal/StageM2/Tachinids_genomes/results/Stat_Results/Busco_sum/Sum_table_drino_wood06dhj01.txt
     
        (one of the commands exited with non-zero exit code; note that snakemake uses bash strict mode!)
    cluster_jobid: Submitted batch job 3477777

Error executing rule Sum on cluster (jobid: 111, external: Submitted batch job 3477777, jobscript: /beegfs/data/soukkal/StageM2/Scripts/BUSCO_jobs/.snakemake/tmp.6ryeb1_u/snakejob.Sum.111.sh). For error details see the cluster log and the log files of the involved rule(s).
[Tue Mar 15 13:39:32 2022]
Finished job 60.
3 of 76 steps (4%) done
[Tue Mar 15 13:39:32 2022]
Finished job 40.
4 of 76 steps (5%) done
[Tue Mar 15 13:39:33 2022]
Error in rule Sum:
    jobid: 76
    output: /beegfs/data/soukkal/StageM2/Tachinids_genomes/results/Stat_Results/drino_wood06dhj05/BUSCO_results/Sum_table_drino_wood06dhj05.txt
    shell:
        
     python3 /beegfs/data/soukkal/StageM2/Scripts/BUSCO_jobs/Busco_summary.py -sum /beegfs/data/soukkal/StageM2/Tachinids_genomes/results/Stat_Results/drino_wood06dhj05/BUSCO_results/run_arthropoda_odb10/full_table.tsv  -o /beegfs/data/soukkal/StageM2/Tachinids_genomes/results/Stat_Results/drino_wood06dhj05/BUSCO_results/Sum_table_drino_wood06dhj05.txt -sp drino_wood06dhj05
     cp /beegfs/data/soukkal/StageM2/Tachinids_genomes/results/Stat_Results/drino_wood06dhj05/BUSCO_results/Sum_table_drino_wood06dhj05.txt /beegfs/data/soukkal/StageM2/Tachinids_genomes/results/Stat_Results/Busco_sum/Sum_table_drino_wood06dhj05.txt
     
        (one of the commands exited with non-zero exit code; note that snakemake uses bash strict mode!)
    cluster_jobid: Submitted batch job 3477780

Error executing rule Sum on cluster (jobid: 76, external: Submitted batch job 3477780, jobscript: /beegfs/data/soukkal/StageM2/Scripts/BUSCO_jobs/.snakemake/tmp.6ryeb1_u/snakejob.Sum.76.sh). For error details see the cluster log and the log files of the involved rule(s).
[Tue Mar 15 13:40:04 2022]
Error in rule Sum:
    jobid: 90
    output: /beegfs/data/soukkal/StageM2/Tachinids_genomes/results/Stat_Results/hyphantrophaga_virilis/BUSCO_results/Sum_table_hyphantrophaga_virilis.txt
    shell:
        
     python3 /beegfs/data/soukkal/StageM2/Scripts/BUSCO_jobs/Busco_summary.py -sum /beegfs/data/soukkal/StageM2/Tachinids_genomes/results/Stat_Results/hyphantrophaga_virilis/BUSCO_results/run_arthropoda_odb10/full_table.tsv  -o /beegfs/data/soukkal/StageM2/Tachinids_genomes/results/Stat_Results/hyphantrophaga_virilis/BUSCO_results/Sum_table_hyphantrophaga_virilis.txt -sp hyphantrophaga_virilis
     cp /beegfs/data/soukkal/StageM2/Tachinids_genomes/results/Stat_Results/hyphantrophaga_virilis/BUSCO_results/Sum_table_hyphantrophaga_virilis.txt /beegfs/data/soukkal/StageM2/Tachinids_genomes/results/Stat_Results/Busco_sum/Sum_table_hyphantrophaga_virilis.txt
     
        (one of the commands exited with non-zero exit code; note that snakemake uses bash strict mode!)
    cluster_jobid: Submitted batch job 3477781

Error executing rule Sum on cluster (jobid: 90, external: Submitted batch job 3477781, jobscript: /beegfs/data/soukkal/StageM2/Scripts/BUSCO_jobs/.snakemake/tmp.6ryeb1_u/snakejob.Sum.90.sh). For error details see the cluster log and the log files of the involved rule(s).
[Tue Mar 15 13:40:34 2022]
Error in rule Sum:
    jobid: 104
    output: /beegfs/data/soukkal/StageM2/Tachinids_genomes/results/Stat_Results/lixophaga_wood09/BUSCO_results/Sum_table_lixophaga_wood09.txt
    shell:
        
     python3 /beegfs/data/soukkal/StageM2/Scripts/BUSCO_jobs/Busco_summary.py -sum /beegfs/data/soukkal/StageM2/Tachinids_genomes/results/Stat_Results/lixophaga_wood09/BUSCO_results/run_arthropoda_odb10/full_table.tsv  -o /beegfs/data/soukkal/StageM2/Tachinids_genomes/results/Stat_Results/lixophaga_wood09/BUSCO_results/Sum_table_lixophaga_wood09.txt -sp lixophaga_wood09
     cp /beegfs/data/soukkal/StageM2/Tachinids_genomes/results/Stat_Results/lixophaga_wood09/BUSCO_results/Sum_table_lixophaga_wood09.txt /beegfs/data/soukkal/StageM2/Tachinids_genomes/results/Stat_Results/Busco_sum/Sum_table_lixophaga_wood09.txt
     
        (one of the commands exited with non-zero exit code; note that snakemake uses bash strict mode!)
    cluster_jobid: Submitted batch job 3477782

Error executing rule Sum on cluster (jobid: 104, external: Submitted batch job 3477782, jobscript: /beegfs/data/soukkal/StageM2/Scripts/BUSCO_jobs/.snakemake/tmp.6ryeb1_u/snakejob.Sum.104.sh). For error details see the cluster log and the log files of the involved rule(s).
[Tue Mar 15 13:40:48 2022]
Finished job 54.
5 of 76 steps (7%) done
[Tue Mar 15 13:41:04 2022]
Finished job 68.
6 of 76 steps (8%) done
[Tue Mar 15 13:41:05 2022]
Error in rule Sum:
    jobid: 84
    output: /beegfs/data/soukkal/StageM2/Tachinids_genomes/results/Stat_Results/houghia_brevipilosa/BUSCO_results/Sum_table_houghia_brevipilosa.txt
    shell:
        
     python3 /beegfs/data/soukkal/StageM2/Scripts/BUSCO_jobs/Busco_summary.py -sum /beegfs/data/soukkal/StageM2/Tachinids_genomes/results/Stat_Results/houghia_brevipilosa/BUSCO_results/run_arthropoda_odb10/full_table.tsv  -o /beegfs/data/soukkal/StageM2/Tachinids_genomes/results/Stat_Results/houghia_brevipilosa/BUSCO_results/Sum_table_houghia_brevipilosa.txt -sp houghia_brevipilosa
     cp /beegfs/data/soukkal/StageM2/Tachinids_genomes/results/Stat_Results/houghia_brevipilosa/BUSCO_results/Sum_table_houghia_brevipilosa.txt /beegfs/data/soukkal/StageM2/Tachinids_genomes/results/Stat_Results/Busco_sum/Sum_table_houghia_brevipilosa.txt
     
        (one of the commands exited with non-zero exit code; note that snakemake uses bash strict mode!)
    cluster_jobid: Submitted batch job 3477786

Error executing rule Sum on cluster (jobid: 84, external: Submitted batch job 3477786, jobscript: /beegfs/data/soukkal/StageM2/Scripts/BUSCO_jobs/.snakemake/tmp.6ryeb1_u/snakejob.Sum.84.sh). For error details see the cluster log and the log files of the involved rule(s).
[Tue Mar 15 13:42:05 2022]
Error in rule Sum:
    jobid: 98
    output: /beegfs/data/soukkal/StageM2/Tachinids_genomes/results/Stat_Results/leskia_janzen27/BUSCO_results/Sum_table_leskia_janzen27.txt
    shell:
        
     python3 /beegfs/data/soukkal/StageM2/Scripts/BUSCO_jobs/Busco_summary.py -sum /beegfs/data/soukkal/StageM2/Tachinids_genomes/results/Stat_Results/leskia_janzen27/BUSCO_results/run_arthropoda_odb10/full_table.tsv  -o /beegfs/data/soukkal/StageM2/Tachinids_genomes/results/Stat_Results/leskia_janzen27/BUSCO_results/Sum_table_leskia_janzen27.txt -sp leskia_janzen27
     cp /beegfs/data/soukkal/StageM2/Tachinids_genomes/results/Stat_Results/leskia_janzen27/BUSCO_results/Sum_table_leskia_janzen27.txt /beegfs/data/soukkal/StageM2/Tachinids_genomes/results/Stat_Results/Busco_sum/Sum_table_leskia_janzen27.txt
     
        (one of the commands exited with non-zero exit code; note that snakemake uses bash strict mode!)
    cluster_jobid: Submitted batch job 3477787

Error executing rule Sum on cluster (jobid: 98, external: Submitted batch job 3477787, jobscript: /beegfs/data/soukkal/StageM2/Scripts/BUSCO_jobs/.snakemake/tmp.6ryeb1_u/snakejob.Sum.98.sh). For error details see the cluster log and the log files of the involved rule(s).
[Tue Mar 15 13:42:05 2022]
Error in rule Sum:
    jobid: 77
    output: /beegfs/data/soukkal/StageM2/Tachinids_genomes/results/Stat_Results/archytas_wood02/BUSCO_results/Sum_table_archytas_wood02.txt
    shell:
        
     python3 /beegfs/data/soukkal/StageM2/Scripts/BUSCO_jobs/Busco_summary.py -sum /beegfs/data/soukkal/StageM2/Tachinids_genomes/results/Stat_Results/archytas_wood02/BUSCO_results/run_arthropoda_odb10/full_table.tsv  -o /beegfs/data/soukkal/StageM2/Tachinids_genomes/results/Stat_Results/archytas_wood02/BUSCO_results/Sum_table_archytas_wood02.txt -sp archytas_wood02
     cp /beegfs/data/soukkal/StageM2/Tachinids_genomes/results/Stat_Results/archytas_wood02/BUSCO_results/Sum_table_archytas_wood02.txt /beegfs/data/soukkal/StageM2/Tachinids_genomes/results/Stat_Results/Busco_sum/Sum_table_archytas_wood02.txt
     
        (one of the commands exited with non-zero exit code; note that snakemake uses bash strict mode!)
    cluster_jobid: Submitted batch job 3477791

Error executing rule Sum on cluster (jobid: 77, external: Submitted batch job 3477791, jobscript: /beegfs/data/soukkal/StageM2/Scripts/BUSCO_jobs/.snakemake/tmp.6ryeb1_u/snakejob.Sum.77.sh). For error details see the cluster log and the log files of the involved rule(s).
[Tue Mar 15 13:42:05 2022]
Error in rule Sum:
    jobid: 95
    output: /beegfs/data/soukkal/StageM2/Tachinids_genomes/results/Stat_Results/calolydella_timjamesi/BUSCO_results/Sum_table_calolydella_timjamesi.txt
    shell:
        
     python3 /beegfs/data/soukkal/StageM2/Scripts/BUSCO_jobs/Busco_summary.py -sum /beegfs/data/soukkal/StageM2/Tachinids_genomes/results/Stat_Results/calolydella_timjamesi/BUSCO_results/run_arthropoda_odb10/full_table.tsv  -o /beegfs/data/soukkal/StageM2/Tachinids_genomes/results/Stat_Results/calolydella_timjamesi/BUSCO_results/Sum_table_calolydella_timjamesi.txt -sp calolydella_timjamesi
     cp /beegfs/data/soukkal/StageM2/Tachinids_genomes/results/Stat_Results/calolydella_timjamesi/BUSCO_results/Sum_table_calolydella_timjamesi.txt /beegfs/data/soukkal/StageM2/Tachinids_genomes/results/Stat_Results/Busco_sum/Sum_table_calolydella_timjamesi.txt
     
        (one of the commands exited with non-zero exit code; note that snakemake uses bash strict mode!)
    cluster_jobid: Submitted batch job 3477792

Error executing rule Sum on cluster (jobid: 95, external: Submitted batch job 3477792, jobscript: /beegfs/data/soukkal/StageM2/Scripts/BUSCO_jobs/.snakemake/tmp.6ryeb1_u/snakejob.Sum.95.sh). For error details see the cluster log and the log files of the involved rule(s).
[Tue Mar 15 13:42:05 2022]
Error in rule Sum:
    jobid: 105
    output: /beegfs/data/soukkal/StageM2/Tachinids_genomes/results/Stat_Results/chrysotachina_wood01/BUSCO_results/Sum_table_chrysotachina_wood01.txt
    shell:
        
     python3 /beegfs/data/soukkal/StageM2/Scripts/BUSCO_jobs/Busco_summary.py -sum /beegfs/data/soukkal/StageM2/Tachinids_genomes/results/Stat_Results/chrysotachina_wood01/BUSCO_results/run_arthropoda_odb10/full_table.tsv  -o /beegfs/data/soukkal/StageM2/Tachinids_genomes/results/Stat_Results/chrysotachina_wood01/BUSCO_results/Sum_table_chrysotachina_wood01.txt -sp chrysotachina_wood01
     cp /beegfs/data/soukkal/StageM2/Tachinids_genomes/results/Stat_Results/chrysotachina_wood01/BUSCO_results/Sum_table_chrysotachina_wood01.txt /beegfs/data/soukkal/StageM2/Tachinids_genomes/results/Stat_Results/Busco_sum/Sum_table_chrysotachina_wood01.txt
     
        (one of the commands exited with non-zero exit code; note that snakemake uses bash strict mode!)
    cluster_jobid: Submitted batch job 3477793

Error executing rule Sum on cluster (jobid: 105, external: Submitted batch job 3477793, jobscript: /beegfs/data/soukkal/StageM2/Scripts/BUSCO_jobs/.snakemake/tmp.6ryeb1_u/snakejob.Sum.105.sh). For error details see the cluster log and the log files of the involved rule(s).
[Tue Mar 15 13:42:34 2022]
Error in rule Sum:
    jobid: 85
    output: /beegfs/data/soukkal/StageM2/Tachinids_genomes/results/Stat_Results/atacta_brasiliensisdhj01/BUSCO_results/Sum_table_atacta_brasiliensisdhj01.txt
    shell:
        
     python3 /beegfs/data/soukkal/StageM2/Scripts/BUSCO_jobs/Busco_summary.py -sum /beegfs/data/soukkal/StageM2/Tachinids_genomes/results/Stat_Results/atacta_brasiliensisdhj01/BUSCO_results/run_arthropoda_odb10/full_table.tsv  -o /beegfs/data/soukkal/StageM2/Tachinids_genomes/results/Stat_Results/atacta_brasiliensisdhj01/BUSCO_results/Sum_table_atacta_brasiliensisdhj01.txt -sp atacta_brasiliensisdhj01
     cp /beegfs/data/soukkal/StageM2/Tachinids_genomes/results/Stat_Results/atacta_brasiliensisdhj01/BUSCO_results/Sum_table_atacta_brasiliensisdhj01.txt /beegfs/data/soukkal/StageM2/Tachinids_genomes/results/Stat_Results/Busco_sum/Sum_table_atacta_brasiliensisdhj01.txt
     
        (one of the commands exited with non-zero exit code; note that snakemake uses bash strict mode!)
    cluster_jobid: Submitted batch job 3477797

Error executing rule Sum on cluster (jobid: 85, external: Submitted batch job 3477797, jobscript: /beegfs/data/soukkal/StageM2/Scripts/BUSCO_jobs/.snakemake/tmp.6ryeb1_u/snakejob.Sum.85.sh). For error details see the cluster log and the log files of the involved rule(s).
[Tue Mar 15 13:42:34 2022]
Error in rule Sum:
    jobid: 99
    output: /beegfs/data/soukkal/StageM2/Tachinids_genomes/results/Stat_Results/chetogena_scutellarisdhj01/BUSCO_results/Sum_table_chetogena_scutellarisdhj01.txt
    shell:
        
     python3 /beegfs/data/soukkal/StageM2/Scripts/BUSCO_jobs/Busco_summary.py -sum /beegfs/data/soukkal/StageM2/Tachinids_genomes/results/Stat_Results/chetogena_scutellarisdhj01/BUSCO_results/run_arthropoda_odb10/full_table.tsv  -o /beegfs/data/soukkal/StageM2/Tachinids_genomes/results/Stat_Results/chetogena_scutellarisdhj01/BUSCO_results/Sum_table_chetogena_scutellarisdhj01.txt -sp chetogena_scutellarisdhj01
     cp /beegfs/data/soukkal/StageM2/Tachinids_genomes/results/Stat_Results/chetogena_scutellarisdhj01/BUSCO_results/Sum_table_chetogena_scutellarisdhj01.txt /beegfs/data/soukkal/StageM2/Tachinids_genomes/results/Stat_Results/Busco_sum/Sum_table_chetogena_scutellarisdhj01.txt
     
        (one of the commands exited with non-zero exit code; note that snakemake uses bash strict mode!)
    cluster_jobid: Submitted batch job 3477798

Error executing rule Sum on cluster (jobid: 99, external: Submitted batch job 3477798, jobscript: /beegfs/data/soukkal/StageM2/Scripts/BUSCO_jobs/.snakemake/tmp.6ryeb1_u/snakejob.Sum.99.sh). For error details see the cluster log and the log files of the involved rule(s).
[Tue Mar 15 13:42:35 2022]
Error in rule Sum:
    jobid: 78
    output: /beegfs/data/soukkal/StageM2/Tachinids_genomes/results/Stat_Results/genea_wood01/BUSCO_results/Sum_table_genea_wood01.txt
    shell:
        
     python3 /beegfs/data/soukkal/StageM2/Scripts/BUSCO_jobs/Busco_summary.py -sum /beegfs/data/soukkal/StageM2/Tachinids_genomes/results/Stat_Results/genea_wood01/BUSCO_results/run_arthropoda_odb10/full_table.tsv  -o /beegfs/data/soukkal/StageM2/Tachinids_genomes/results/Stat_Results/genea_wood01/BUSCO_results/Sum_table_genea_wood01.txt -sp genea_wood01
     cp /beegfs/data/soukkal/StageM2/Tachinids_genomes/results/Stat_Results/genea_wood01/BUSCO_results/Sum_table_genea_wood01.txt /beegfs/data/soukkal/StageM2/Tachinids_genomes/results/Stat_Results/Busco_sum/Sum_table_genea_wood01.txt
     
        (one of the commands exited with non-zero exit code; note that snakemake uses bash strict mode!)
    cluster_jobid: Submitted batch job 3477801

Error executing rule Sum on cluster (jobid: 78, external: Submitted batch job 3477801, jobscript: /beegfs/data/soukkal/StageM2/Scripts/BUSCO_jobs/.snakemake/tmp.6ryeb1_u/snakejob.Sum.78.sh). For error details see the cluster log and the log files of the involved rule(s).
[Tue Mar 15 13:42:35 2022]
Error in rule Sum:
    jobid: 92
    output: /beegfs/data/soukkal/StageM2/Tachinids_genomes/results/Stat_Results/hyphantrophaga_wood11/BUSCO_results/Sum_table_hyphantrophaga_wood11.txt
    shell:
        
     python3 /beegfs/data/soukkal/StageM2/Scripts/BUSCO_jobs/Busco_summary.py -sum /beegfs/data/soukkal/StageM2/Tachinids_genomes/results/Stat_Results/hyphantrophaga_wood11/BUSCO_results/run_arthropoda_odb10/full_table.tsv  -o /beegfs/data/soukkal/StageM2/Tachinids_genomes/results/Stat_Results/hyphantrophaga_wood11/BUSCO_results/Sum_table_hyphantrophaga_wood11.txt -sp hyphantrophaga_wood11
     cp /beegfs/data/soukkal/StageM2/Tachinids_genomes/results/Stat_Results/hyphantrophaga_wood11/BUSCO_results/Sum_table_hyphantrophaga_wood11.txt /beegfs/data/soukkal/StageM2/Tachinids_genomes/results/Stat_Results/Busco_sum/Sum_table_hyphantrophaga_wood11.txt
     
        (one of the commands exited with non-zero exit code; note that snakemake uses bash strict mode!)
    cluster_jobid: Submitted batch job 3477802

Error executing rule Sum on cluster (jobid: 92, external: Submitted batch job 3477802, jobscript: /beegfs/data/soukkal/StageM2/Scripts/BUSCO_jobs/.snakemake/tmp.6ryeb1_u/snakejob.Sum.92.sh). For error details see the cluster log and the log files of the involved rule(s).
[Tue Mar 15 13:42:47 2022]
Finished job 47.
7 of 76 steps (9%) done
[Tue Mar 15 13:43:01 2022]
Finished job 53.
8 of 76 steps (11%) done
[Tue Mar 15 13:43:44 2022]
Error in rule Sum:
    jobid: 106
    output: /beegfs/data/soukkal/StageM2/Tachinids_genomes/results/Stat_Results/siphosturmia_rafaelidhj03/BUSCO_results/Sum_table_siphosturmia_rafaelidhj03.txt
    shell:
        
     python3 /beegfs/data/soukkal/StageM2/Scripts/BUSCO_jobs/Busco_summary.py -sum /beegfs/data/soukkal/StageM2/Tachinids_genomes/results/Stat_Results/siphosturmia_rafaelidhj03/BUSCO_results/run_arthropoda_odb10/full_table.tsv  -o /beegfs/data/soukkal/StageM2/Tachinids_genomes/results/Stat_Results/siphosturmia_rafaelidhj03/BUSCO_results/Sum_table_siphosturmia_rafaelidhj03.txt -sp siphosturmia_rafaelidhj03
     cp /beegfs/data/soukkal/StageM2/Tachinids_genomes/results/Stat_Results/siphosturmia_rafaelidhj03/BUSCO_results/Sum_table_siphosturmia_rafaelidhj03.txt /beegfs/data/soukkal/StageM2/Tachinids_genomes/results/Stat_Results/Busco_sum/Sum_table_siphosturmia_rafaelidhj03.txt
     
        (one of the commands exited with non-zero exit code; note that snakemake uses bash strict mode!)
    cluster_jobid: Submitted batch job 3477803

Error executing rule Sum on cluster (jobid: 106, external: Submitted batch job 3477803, jobscript: /beegfs/data/soukkal/StageM2/Scripts/BUSCO_jobs/.snakemake/tmp.6ryeb1_u/snakejob.Sum.106.sh). For error details see the cluster log and the log files of the involved rule(s).
[Tue Mar 15 13:44:13 2022]
Error in rule Sum:
    jobid: 86
    output: /beegfs/data/soukkal/StageM2/Tachinids_genomes/results/Stat_Results/houghia_graciloides/BUSCO_results/Sum_table_houghia_graciloides.txt
    shell:
        
     python3 /beegfs/data/soukkal/StageM2/Scripts/BUSCO_jobs/Busco_summary.py -sum /beegfs/data/soukkal/StageM2/Tachinids_genomes/results/Stat_Results/houghia_graciloides/BUSCO_results/run_arthropoda_odb10/full_table.tsv  -o /beegfs/data/soukkal/StageM2/Tachinids_genomes/results/Stat_Results/houghia_graciloides/BUSCO_results/Sum_table_houghia_graciloides.txt -sp houghia_graciloides
     cp /beegfs/data/soukkal/StageM2/Tachinids_genomes/results/Stat_Results/houghia_graciloides/BUSCO_results/Sum_table_houghia_graciloides.txt /beegfs/data/soukkal/StageM2/Tachinids_genomes/results/Stat_Results/Busco_sum/Sum_table_houghia_graciloides.txt
     
        (one of the commands exited with non-zero exit code; note that snakemake uses bash strict mode!)
    cluster_jobid: Submitted batch job 3477807

Error executing rule Sum on cluster (jobid: 86, external: Submitted batch job 3477807, jobscript: /beegfs/data/soukkal/StageM2/Scripts/BUSCO_jobs/.snakemake/tmp.6ryeb1_u/snakejob.Sum.86.sh). For error details see the cluster log and the log files of the involved rule(s).
[Tue Mar 15 13:44:13 2022]
Error in rule Sum:
    jobid: 100
    output: /beegfs/data/soukkal/StageM2/Tachinids_genomes/results/Stat_Results/leskia_wood01dhj03/BUSCO_results/Sum_table_leskia_wood01dhj03.txt
    shell:
        
     python3 /beegfs/data/soukkal/StageM2/Scripts/BUSCO_jobs/Busco_summary.py -sum /beegfs/data/soukkal/StageM2/Tachinids_genomes/results/Stat_Results/leskia_wood01dhj03/BUSCO_results/run_arthropoda_odb10/full_table.tsv  -o /beegfs/data/soukkal/StageM2/Tachinids_genomes/results/Stat_Results/leskia_wood01dhj03/BUSCO_results/Sum_table_leskia_wood01dhj03.txt -sp leskia_wood01dhj03
     cp /beegfs/data/soukkal/StageM2/Tachinids_genomes/results/Stat_Results/leskia_wood01dhj03/BUSCO_results/Sum_table_leskia_wood01dhj03.txt /beegfs/data/soukkal/StageM2/Tachinids_genomes/results/Stat_Results/Busco_sum/Sum_table_leskia_wood01dhj03.txt
     
        (one of the commands exited with non-zero exit code; note that snakemake uses bash strict mode!)
    cluster_jobid: Submitted batch job 3477808

Error executing rule Sum on cluster (jobid: 100, external: Submitted batch job 3477808, jobscript: /beegfs/data/soukkal/StageM2/Scripts/BUSCO_jobs/.snakemake/tmp.6ryeb1_u/snakejob.Sum.100.sh). For error details see the cluster log and the log files of the involved rule(s).
[Tue Mar 15 13:44:13 2022]
Error in rule Sum:
    jobid: 79
    output: /beegfs/data/soukkal/StageM2/Tachinids_genomes/results/Stat_Results/argyrochaetona_cubanadhj02/BUSCO_results/Sum_table_argyrochaetona_cubanadhj02.txt
    shell:
        
     python3 /beegfs/data/soukkal/StageM2/Scripts/BUSCO_jobs/Busco_summary.py -sum /beegfs/data/soukkal/StageM2/Tachinids_genomes/results/Stat_Results/argyrochaetona_cubanadhj02/BUSCO_results/run_arthropoda_odb10/full_table.tsv  -o /beegfs/data/soukkal/StageM2/Tachinids_genomes/results/Stat_Results/argyrochaetona_cubanadhj02/BUSCO_results/Sum_table_argyrochaetona_cubanadhj02.txt -sp argyrochaetona_cubanadhj02
     cp /beegfs/data/soukkal/StageM2/Tachinids_genomes/results/Stat_Results/argyrochaetona_cubanadhj02/BUSCO_results/Sum_table_argyrochaetona_cubanadhj02.txt /beegfs/data/soukkal/StageM2/Tachinids_genomes/results/Stat_Results/Busco_sum/Sum_table_argyrochaetona_cubanadhj02.txt
     
        (one of the commands exited with non-zero exit code; note that snakemake uses bash strict mode!)
    cluster_jobid: Submitted batch job 3477811

Error executing rule Sum on cluster (jobid: 79, external: Submitted batch job 3477811, jobscript: /beegfs/data/soukkal/StageM2/Scripts/BUSCO_jobs/.snakemake/tmp.6ryeb1_u/snakejob.Sum.79.sh). For error details see the cluster log and the log files of the involved rule(s).
[Tue Mar 15 13:44:13 2022]
Error in rule Sum:
    jobid: 93
    output: /beegfs/data/soukkal/StageM2/Tachinids_genomes/results/Stat_Results/calolydella_erasmocoronadoi/BUSCO_results/Sum_table_calolydella_erasmocoronadoi.txt
    shell:
        
     python3 /beegfs/data/soukkal/StageM2/Scripts/BUSCO_jobs/Busco_summary.py -sum /beegfs/data/soukkal/StageM2/Tachinids_genomes/results/Stat_Results/calolydella_erasmocoronadoi/BUSCO_results/run_arthropoda_odb10/full_table.tsv  -o /beegfs/data/soukkal/StageM2/Tachinids_genomes/results/Stat_Results/calolydella_erasmocoronadoi/BUSCO_results/Sum_table_calolydella_erasmocoronadoi.txt -sp calolydella_erasmocoronadoi
     cp /beegfs/data/soukkal/StageM2/Tachinids_genomes/results/Stat_Results/calolydella_erasmocoronadoi/BUSCO_results/Sum_table_calolydella_erasmocoronadoi.txt /beegfs/data/soukkal/StageM2/Tachinids_genomes/results/Stat_Results/Busco_sum/Sum_table_calolydella_erasmocoronadoi.txt
     
        (one of the commands exited with non-zero exit code; note that snakemake uses bash strict mode!)
    cluster_jobid: Submitted batch job 3477812

Error executing rule Sum on cluster (jobid: 93, external: Submitted batch job 3477812, jobscript: /beegfs/data/soukkal/StageM2/Scripts/BUSCO_jobs/.snakemake/tmp.6ryeb1_u/snakejob.Sum.93.sh). For error details see the cluster log and the log files of the involved rule(s).
[Tue Mar 15 13:44:25 2022]
Finished job 61.
9 of 76 steps (12%) done
[Tue Mar 15 13:44:25 2022]
Finished job 55.
10 of 76 steps (13%) done
[Tue Mar 15 13:44:25 2022]
Finished job 69.
11 of 76 steps (14%) done
[Tue Mar 15 13:44:39 2022]
Error in rule Sum:
    jobid: 107
    output: /beegfs/data/soukkal/StageM2/Tachinids_genomes/results/Stat_Results/chrysotachina_wood02dhj02/BUSCO_results/Sum_table_chrysotachina_wood02dhj02.txt
    shell:
        
     python3 /beegfs/data/soukkal/StageM2/Scripts/BUSCO_jobs/Busco_summary.py -sum /beegfs/data/soukkal/StageM2/Tachinids_genomes/results/Stat_Results/chrysotachina_wood02dhj02/BUSCO_results/run_arthropoda_odb10/full_table.tsv  -o /beegfs/data/soukkal/StageM2/Tachinids_genomes/results/Stat_Results/chrysotachina_wood02dhj02/BUSCO_results/Sum_table_chrysotachina_wood02dhj02.txt -sp chrysotachina_wood02dhj02
     cp /beegfs/data/soukkal/StageM2/Tachinids_genomes/results/Stat_Results/chrysotachina_wood02dhj02/BUSCO_results/Sum_table_chrysotachina_wood02dhj02.txt /beegfs/data/soukkal/StageM2/Tachinids_genomes/results/Stat_Results/Busco_sum/Sum_table_chrysotachina_wood02dhj02.txt
     
        (one of the commands exited with non-zero exit code; note that snakemake uses bash strict mode!)
    cluster_jobid: Submitted batch job 3477813

Error executing rule Sum on cluster (jobid: 107, external: Submitted batch job 3477813, jobscript: /beegfs/data/soukkal/StageM2/Scripts/BUSCO_jobs/.snakemake/tmp.6ryeb1_u/snakejob.Sum.107.sh). For error details see the cluster log and the log files of the involved rule(s).
[Tue Mar 15 13:44:40 2022]
Error in rule Sum:
    jobid: 87
    output: /beegfs/data/soukkal/StageM2/Tachinids_genomes/results/Stat_Results/austrophorocera_wood05/BUSCO_results/Sum_table_austrophorocera_wood05.txt
    shell:
        
     python3 /beegfs/data/soukkal/StageM2/Scripts/BUSCO_jobs/Busco_summary.py -sum /beegfs/data/soukkal/StageM2/Tachinids_genomes/results/Stat_Results/austrophorocera_wood05/BUSCO_results/run_arthropoda_odb10/full_table.tsv  -o /beegfs/data/soukkal/StageM2/Tachinids_genomes/results/Stat_Results/austrophorocera_wood05/BUSCO_results/Sum_table_austrophorocera_wood05.txt -sp austrophorocera_wood05
     cp /beegfs/data/soukkal/StageM2/Tachinids_genomes/results/Stat_Results/austrophorocera_wood05/BUSCO_results/Sum_table_austrophorocera_wood05.txt /beegfs/data/soukkal/StageM2/Tachinids_genomes/results/Stat_Results/Busco_sum/Sum_table_austrophorocera_wood05.txt
     
        (one of the commands exited with non-zero exit code; note that snakemake uses bash strict mode!)
    cluster_jobid: Submitted batch job 3477818

Error executing rule Sum on cluster (jobid: 87, external: Submitted batch job 3477818, jobscript: /beegfs/data/soukkal/StageM2/Scripts/BUSCO_jobs/.snakemake/tmp.6ryeb1_u/snakejob.Sum.87.sh). For error details see the cluster log and the log files of the involved rule(s).
[Tue Mar 15 13:44:40 2022]
Error in rule Sum:
    jobid: 101
    output: /beegfs/data/soukkal/StageM2/Tachinids_genomes/results/Stat_Results/chrysoexorista_wood01dhj02/BUSCO_results/Sum_table_chrysoexorista_wood01dhj02.txt
    shell:
        
     python3 /beegfs/data/soukkal/StageM2/Scripts/BUSCO_jobs/Busco_summary.py -sum /beegfs/data/soukkal/StageM2/Tachinids_genomes/results/Stat_Results/chrysoexorista_wood01dhj02/BUSCO_results/run_arthropoda_odb10/full_table.tsv  -o /beegfs/data/soukkal/StageM2/Tachinids_genomes/results/Stat_Results/chrysoexorista_wood01dhj02/BUSCO_results/Sum_table_chrysoexorista_wood01dhj02.txt -sp chrysoexorista_wood01dhj02
     cp /beegfs/data/soukkal/StageM2/Tachinids_genomes/results/Stat_Results/chrysoexorista_wood01dhj02/BUSCO_results/Sum_table_chrysoexorista_wood01dhj02.txt /beegfs/data/soukkal/StageM2/Tachinids_genomes/results/Stat_Results/Busco_sum/Sum_table_chrysoexorista_wood01dhj02.txt
     
        (one of the commands exited with non-zero exit code; note that snakemake uses bash strict mode!)
    cluster_jobid: Submitted batch job 3477819

Error executing rule Sum on cluster (jobid: 101, external: Submitted batch job 3477819, jobscript: /beegfs/data/soukkal/StageM2/Scripts/BUSCO_jobs/.snakemake/tmp.6ryeb1_u/snakejob.Sum.101.sh). For error details see the cluster log and the log files of the involved rule(s).
[Tue Mar 15 13:45:17 2022]
Finished job 41.
12 of 76 steps (16%) done
[Tue Mar 15 13:45:45 2022]
Error in rule Sum:
    jobid: 81
    output: /beegfs/data/soukkal/StageM2/Tachinids_genomes/results/Stat_Results/argyrophylax_albincisadhj04/BUSCO_results/Sum_table_argyrophylax_albincisadhj04.txt
    shell:
        
     python3 /beegfs/data/soukkal/StageM2/Scripts/BUSCO_jobs/Busco_summary.py -sum /beegfs/data/soukkal/StageM2/Tachinids_genomes/results/Stat_Results/argyrophylax_albincisadhj04/BUSCO_results/run_arthropoda_odb10/full_table.tsv  -o /beegfs/data/soukkal/StageM2/Tachinids_genomes/results/Stat_Results/argyrophylax_albincisadhj04/BUSCO_results/Sum_table_argyrophylax_albincisadhj04.txt -sp argyrophylax_albincisadhj04
     cp /beegfs/data/soukkal/StageM2/Tachinids_genomes/results/Stat_Results/argyrophylax_albincisadhj04/BUSCO_results/Sum_table_argyrophylax_albincisadhj04.txt /beegfs/data/soukkal/StageM2/Tachinids_genomes/results/Stat_Results/Busco_sum/Sum_table_argyrophylax_albincisadhj04.txt
     
        (one of the commands exited with non-zero exit code; note that snakemake uses bash strict mode!)
    cluster_jobid: Submitted batch job 3477821

Error executing rule Sum on cluster (jobid: 81, external: Submitted batch job 3477821, jobscript: /beegfs/data/soukkal/StageM2/Scripts/BUSCO_jobs/.snakemake/tmp.6ryeb1_u/snakejob.Sum.81.sh). For error details see the cluster log and the log files of the involved rule(s).
[Tue Mar 15 13:45:56 2022]
Finished job 48.
13 of 76 steps (17%) done
[Tue Mar 15 13:45:56 2022]
Finished job 42.
14 of 76 steps (18%) done
[Tue Mar 15 13:46:11 2022]
Error in rule Sum:
    jobid: 80
    output: /beegfs/data/soukkal/StageM2/Tachinids_genomes/results/Stat_Results/genea_wood03dhj01/BUSCO_results/Sum_table_genea_wood03dhj01.txt
    shell:
        
     python3 /beegfs/data/soukkal/StageM2/Scripts/BUSCO_jobs/Busco_summary.py -sum /beegfs/data/soukkal/StageM2/Tachinids_genomes/results/Stat_Results/genea_wood03dhj01/BUSCO_results/run_arthropoda_odb10/full_table.tsv  -o /beegfs/data/soukkal/StageM2/Tachinids_genomes/results/Stat_Results/genea_wood03dhj01/BUSCO_results/Sum_table_genea_wood03dhj01.txt -sp genea_wood03dhj01
     cp /beegfs/data/soukkal/StageM2/Tachinids_genomes/results/Stat_Results/genea_wood03dhj01/BUSCO_results/Sum_table_genea_wood03dhj01.txt /beegfs/data/soukkal/StageM2/Tachinids_genomes/results/Stat_Results/Busco_sum/Sum_table_genea_wood03dhj01.txt
     
        (one of the commands exited with non-zero exit code; note that snakemake uses bash strict mode!)
    cluster_jobid: Submitted batch job 3477825

Error executing rule Sum on cluster (jobid: 80, external: Submitted batch job 3477825, jobscript: /beegfs/data/soukkal/StageM2/Scripts/BUSCO_jobs/.snakemake/tmp.6ryeb1_u/snakejob.Sum.80.sh). For error details see the cluster log and the log files of the involved rule(s).
[Tue Mar 15 13:46:33 2022]
Finished job 62.
15 of 76 steps (20%) done
[Tue Mar 15 13:46:35 2022]
Error in rule Sum:
    jobid: 94
    output: /beegfs/data/soukkal/StageM2/Tachinids_genomes/results/Stat_Results/jurinella_wood01/BUSCO_results/Sum_table_jurinella_wood01.txt
    shell:
        
     python3 /beegfs/data/soukkal/StageM2/Scripts/BUSCO_jobs/Busco_summary.py -sum /beegfs/data/soukkal/StageM2/Tachinids_genomes/results/Stat_Results/jurinella_wood01/BUSCO_results/run_arthropoda_odb10/full_table.tsv  -o /beegfs/data/soukkal/StageM2/Tachinids_genomes/results/Stat_Results/jurinella_wood01/BUSCO_results/Sum_table_jurinella_wood01.txt -sp jurinella_wood01
     cp /beegfs/data/soukkal/StageM2/Tachinids_genomes/results/Stat_Results/jurinella_wood01/BUSCO_results/Sum_table_jurinella_wood01.txt /beegfs/data/soukkal/StageM2/Tachinids_genomes/results/Stat_Results/Busco_sum/Sum_table_jurinella_wood01.txt
     
        (one of the commands exited with non-zero exit code; note that snakemake uses bash strict mode!)
    cluster_jobid: Submitted batch job 3477826

Error executing rule Sum on cluster (jobid: 94, external: Submitted batch job 3477826, jobscript: /beegfs/data/soukkal/StageM2/Scripts/BUSCO_jobs/.snakemake/tmp.6ryeb1_u/snakejob.Sum.94.sh). For error details see the cluster log and the log files of the involved rule(s).
[Tue Mar 15 13:46:57 2022]
Finished job 70.
16 of 76 steps (21%) done
[Tue Mar 15 13:47:09 2022]
Finished job 49.
17 of 76 steps (22%) done
[Tue Mar 15 13:47:11 2022]
Error in rule Sum:
    jobid: 108
    output: /beegfs/data/soukkal/StageM2/Tachinids_genomes/results/Stat_Results/siphosturmia_wood02/BUSCO_results/Sum_table_siphosturmia_wood02.txt
    shell:
        
     python3 /beegfs/data/soukkal/StageM2/Scripts/BUSCO_jobs/Busco_summary.py -sum /beegfs/data/soukkal/StageM2/Tachinids_genomes/results/Stat_Results/siphosturmia_wood02/BUSCO_results/run_arthropoda_odb10/full_table.tsv  -o /beegfs/data/soukkal/StageM2/Tachinids_genomes/results/Stat_Results/siphosturmia_wood02/BUSCO_results/Sum_table_siphosturmia_wood02.txt -sp siphosturmia_wood02
     cp /beegfs/data/soukkal/StageM2/Tachinids_genomes/results/Stat_Results/siphosturmia_wood02/BUSCO_results/Sum_table_siphosturmia_wood02.txt /beegfs/data/soukkal/StageM2/Tachinids_genomes/results/Stat_Results/Busco_sum/Sum_table_siphosturmia_wood02.txt
     
        (one of the commands exited with non-zero exit code; note that snakemake uses bash strict mode!)
    cluster_jobid: Submitted batch job 3477828

Error executing rule Sum on cluster (jobid: 108, external: Submitted batch job 3477828, jobscript: /beegfs/data/soukkal/StageM2/Scripts/BUSCO_jobs/.snakemake/tmp.6ryeb1_u/snakejob.Sum.108.sh). For error details see the cluster log and the log files of the involved rule(s).
[Tue Mar 15 13:47:12 2022]
Error in rule Sum:
    jobid: 109
    output: /beegfs/data/soukkal/StageM2/Tachinids_genomes/results/Stat_Results/cordyligaster_capellii/BUSCO_results/Sum_table_cordyligaster_capellii.txt
    shell:
        
     python3 /beegfs/data/soukkal/StageM2/Scripts/BUSCO_jobs/Busco_summary.py -sum /beegfs/data/soukkal/StageM2/Tachinids_genomes/results/Stat_Results/cordyligaster_capellii/BUSCO_results/run_arthropoda_odb10/full_table.tsv  -o /beegfs/data/soukkal/StageM2/Tachinids_genomes/results/Stat_Results/cordyligaster_capellii/BUSCO_results/Sum_table_cordyligaster_capellii.txt -sp cordyligaster_capellii
     cp /beegfs/data/soukkal/StageM2/Tachinids_genomes/results/Stat_Results/cordyligaster_capellii/BUSCO_results/Sum_table_cordyligaster_capellii.txt /beegfs/data/soukkal/StageM2/Tachinids_genomes/results/Stat_Results/Busco_sum/Sum_table_cordyligaster_capellii.txt
     
        (one of the commands exited with non-zero exit code; note that snakemake uses bash strict mode!)
    cluster_jobid: Submitted batch job 3477829

Error executing rule Sum on cluster (jobid: 109, external: Submitted batch job 3477829, jobscript: /beegfs/data/soukkal/StageM2/Scripts/BUSCO_jobs/.snakemake/tmp.6ryeb1_u/snakejob.Sum.109.sh). For error details see the cluster log and the log files of the involved rule(s).
[Tue Mar 15 13:47:34 2022]
Finished job 56.
18 of 76 steps (24%) done
[Tue Mar 15 13:47:34 2022]
Finished job 63.
19 of 76 steps (25%) done
[Tue Mar 15 13:47:46 2022]
Finished job 43.
20 of 76 steps (26%) done
[Tue Mar 15 13:48:19 2022]
Finished job 67.
21 of 76 steps (28%) done
[Tue Mar 15 13:48:30 2022]
Finished job 71.
22 of 76 steps (29%) done
[Tue Mar 15 13:48:52 2022]
Finished job 57.
23 of 76 steps (30%) done
[Tue Mar 15 13:48:52 2022]
Finished job 44.
24 of 76 steps (32%) done
[Tue Mar 15 13:49:03 2022]
Finished job 64.
25 of 76 steps (33%) done
[Tue Mar 15 13:49:14 2022]
Error in rule BUSCO:
    jobid: 17
    output: /beegfs/data/soukkal/StageM2/Tachinids_genomes/results/Stat_Results/belvosia_woodley10/BUSCO_results/run_arthropoda_odb10/full_table.tsv
    shell:
        
     hostname
     cd /beegfs/data/soukkal/StageM2/Tachinids_genomes/results/Stat_Results/belvosia_woodley10/
     /beegfs/data/soft/singularity-3.7.2/bin/singularity exec --bind /beegfs/:/beegfs/ /beegfs/data/soukkal/TOOLS/BUSCO.sif busco -i /beegfs/data/soukkal/StageM2/Tachinids_genomes/genomes/belvosia_woodley10.fna  -l arthropoda_odb10 -m genome -o BUSCO_results -c 3
     
        (one of the commands exited with non-zero exit code; note that snakemake uses bash strict mode!)
    cluster_jobid: Submitted batch job 3477814

Error executing rule BUSCO on cluster (jobid: 17, external: Submitted batch job 3477814, jobscript: /beegfs/data/soukkal/StageM2/Scripts/BUSCO_jobs/.snakemake/tmp.6ryeb1_u/snakejob.BUSCO.17.sh). For error details see the cluster log and the log files of the involved rule(s).
[Tue Mar 15 13:49:26 2022]
Finished job 72.
26 of 76 steps (34%) done
[Tue Mar 15 13:49:26 2022]
Finished job 51.
27 of 76 steps (36%) done
[Tue Mar 15 13:49:48 2022]
Finished job 58.
28 of 76 steps (37%) done
[Tue Mar 15 13:50:19 2022]
Finished job 45.
29 of 76 steps (38%) done
[Tue Mar 15 13:50:29 2022]
Finished job 73.
30 of 76 steps (39%) done
[Tue Mar 15 13:51:09 2022]
Finished job 50.
31 of 76 steps (41%) done
[Tue Mar 15 13:51:09 2022]
Finished job 65.
32 of 76 steps (42%) done
[Tue Mar 15 13:51:29 2022]
Finished job 52.
33 of 76 steps (43%) done
[Tue Mar 15 13:51:39 2022]
Finished job 38.
34 of 76 steps (45%) done
[Tue Mar 15 13:51:49 2022]
Finished job 39.
35 of 76 steps (46%) done
[Tue Mar 15 13:51:59 2022]
Finished job 59.
36 of 76 steps (47%) done
[Tue Mar 15 13:52:19 2022]
Finished job 66.
37 of 76 steps (49%) done
Shutting down, this might take some time.
Exiting because a job execution failed. Look above for error message
Complete log: /beegfs/data/soukkal/StageM2/Scripts/BUSCO_jobs/.snakemake/log/2022-03-15T132349.842799.snakemake.log
