Building DAG of jobs...
MissingInputException in line 23 of /beegfs/data/soukkal/StageM2/Scripts/Homology_search/Snakemake_viral_homology_Tachinids:
Missing input files for rule all:
/beegfs/data/soukkal/StageM2/Tachinids_genomes/results/Viral_Homology_results/argyrophylax_wood05/run_mmseqs2/result_mmseqs2_strand_summary_V.m8
/beegfs/data/soukkal/StageM2/Tachinids_genomes/results/Viral_Homology_results/houghia_pallida/run_mmseqs2/result_mmseqs2_strand_summary_V.m8
/beegfs/data/soukkal/StageM2/Tachinids_genomes/results/Viral_Homology_results/leskia_wood01dhj03/run_mmseqs2/result_mmseqs2_strand_summary_V.m8
/beegfs/data/soukkal/StageM2/Tachinids_genomes/results/Viral_Homology_results/hyphantrophaga_wood11/run_mmseqs2/result_mmseqs2_strand_summary_V.m8
/beegfs/data/soukkal/StageM2/Tachinids_genomes/results/Viral_Homology_results/argyrophylax_albincisadhj04/run_mmseqs2/result_mmseqs2_strand_summary_V.m8
/beegfs/data/soukkal/StageM2/Tachinids_genomes/results/Viral_Homology_results/leschenaultia_wood15/run_mmseqs2/result_mmseqs2_strand_summary_V.m8
/beegfs/data/soukkal/StageM2/Tachinids_genomes/results/Viral_Homology_results/drino_wood06dhj05/run_mmseqs2/result_mmseqs2_strand_summary_V.m8
/beegfs/data/soukkal/StageM2/Tachinids_genomes/results/Viral_Homology_results/siphosturmia_rafaelidhj03/run_mmseqs2/result_mmseqs2_strand_summary_V.m8
/beegfs/data/soukkal/StageM2/Tachinids_genomes/results/Viral_Homology_results/hyphantrophaga_virilis/run_mmseqs2/result_mmseqs2_strand_summary_V.m8
/beegfs/data/soukkal/StageM2/Tachinids_genomes/results/Viral_Homology_results/genea_wood01/run_mmseqs2/result_mmseqs2_strand_summary_V.m8
/beegfs/data/soukkal/StageM2/Tachinids_genomes/results/Viral_Homology_results/chrysoexorista_wood01dhj02/run_mmseqs2/result_mmseqs2_strand_summary_V.m8
/beegfs/data/soukkal/StageM2/Tachinids_genomes/results/Viral_Homology_results/chrysotachina_wood01/run_mmseqs2/result_mmseqs2_strand_summary_V.m8
/beegfs/data/soukkal/StageM2/Tachinids_genomes/results/Viral_Homology_results/lixophaga_wood06/run_mmseqs2/result_mmseqs2_strand_summary_V.m8
/beegfs/data/soukkal/StageM2/Tachinids_genomes/results/Viral_Homology_results/chetogena_scutellarisdhj01/run_mmseqs2/result_mmseqs2_strand_summary_V.m8
/beegfs/data/soukkal/StageM2/Tachinids_genomes/results/Viral_Homology_results/zizyphomyia_argutadhj02/run_mmseqs2/result_mmseqs2_strand_summary_V.m8
/beegfs/data/soukkal/StageM2/Tachinids_genomes/results/Viral_Homology_results/drino_wood06dhj01/run_mmseqs2/result_mmseqs2_strand_summary_V.m8
/beegfs/data/soukkal/StageM2/Tachinids_genomes/results/Viral_Homology_results/belvosia_woodley10/run_mmseqs2/result_mmseqs2_strand_summary_V.m8
/beegfs/data/soukkal/StageM2/Tachinids_genomes/results/Viral_Homology_results/campylocheta_wood03/run_mmseqs2/result_mmseqs2_strand_summary_V.m8
/beegfs/data/soukkal/StageM2/Tachinids_genomes/results/Viral_Homology_results/leskia_janzen27/run_mmseqs2/result_mmseqs2_strand_summary_V.m8
/beegfs/data/soukkal/StageM2/Tachinids_genomes/results/Viral_Homology_results/calolydella_erasmocoronadoi/run_mmseqs2/result_mmseqs2_strand_summary_V.m8
/beegfs/data/soukkal/StageM2/Tachinids_genomes/results/Viral_Homology_results/archytas_wood02/run_mmseqs2/result_mmseqs2_strand_summary_V.m8
/beegfs/data/soukkal/StageM2/Tachinids_genomes/results/Viral_Homology_results/houghia_brevipilosa/run_mmseqs2/result_mmseqs2_strand_summary_V.m8
/beegfs/data/soukkal/StageM2/Tachinids_genomes/results/Viral_Homology_results/atacta_brasiliensisdhj01/run_mmseqs2/result_mmseqs2_strand_summary_V.m8
/beegfs/data/soukkal/StageM2/Tachinids_genomes/results/Viral_Homology_results/austrophorocera_wood05/run_mmseqs2/result_mmseqs2_strand_summary_V.m8
/beegfs/data/soukkal/StageM2/Tachinids_genomes/results/Viral_Homology_results/belvosia_woodley07g/run_mmseqs2/result_mmseqs2_strand_summary_V.m8
/beegfs/data/soukkal/StageM2/Tachinids_genomes/results/Viral_Homology_results/argyrochaetona_cubanadhj02/run_mmseqs2/result_mmseqs2_strand_summary_V.m8
/beegfs/data/soukkal/StageM2/Tachinids_genomes/results/Viral_Homology_results/genea_wood03dhj01/run_mmseqs2/result_mmseqs2_strand_summary_V.m8
/beegfs/data/soukkal/StageM2/Tachinids_genomes/results/Viral_Homology_results/houghia_graciloides/run_mmseqs2/result_mmseqs2_strand_summary_V.m8
/beegfs/data/soukkal/StageM2/Tachinids_genomes/results/Viral_Homology_results/lixophaga_wood09/run_mmseqs2/result_mmseqs2_strand_summary_V.m8
/beegfs/data/soukkal/StageM2/Tachinids_genomes/results/Viral_Homology_results/siphosturmia_wood02/run_mmseqs2/result_mmseqs2_strand_summary_V.m8
/beegfs/data/soukkal/StageM2/Tachinids_genomes/results/Viral_Homology_results/aplomyopsis_wood01/run_mmseqs2/result_mmseqs2_strand_summary_V.m8
/beegfs/data/soukkal/StageM2/Tachinids_genomes/results/Viral_Homology_results/cordyligaster_capellii/run_mmseqs2/result_mmseqs2_strand_summary_V.m8
/beegfs/data/soukkal/StageM2/Tachinids_genomes/results/Viral_Homology_results/chrysotachina_wood02dhj02/run_mmseqs2/result_mmseqs2_strand_summary_V.m8
/beegfs/data/soukkal/StageM2/Tachinids_genomes/results/Viral_Homology_results/calolydella_timjamesi/run_mmseqs2/result_mmseqs2_strand_summary_V.m8
/beegfs/data/soukkal/StageM2/Tachinids_genomes/results/Viral_Homology_results/houghia_bivittata/run_mmseqs2/result_mmseqs2_strand_summary_V.m8
/beegfs/data/soukkal/StageM2/Tachinids_genomes/results/Viral_Homology_results/chrysoexorista_wood04/run_mmseqs2/result_mmseqs2_strand_summary_V.m8
/beegfs/data/soukkal/StageM2/Tachinids_genomes/results/Viral_Homology_results/jurinella_wood01/run_mmseqs2/result_mmseqs2_strand_summary_V.m8
