Building DAG of jobs...
Using shell: /usr/bin/bash
Provided cluster nodes: 200
Job counts:
	count	jobs
	37	Extract_loci
	37	Translate_loci
	75

[Wed Apr  6 08:41:56 2022]
rule Extract_loci:
    input: /beegfs/data/soukkal/StageM2/Tachinids_genomes/results/Viral_Homology_results/belvosia_woodley07g/run_mmseqs2/result_mmseqs2_strand_summary_V.bed, /beegfs/data/soukkal/StageM2/Tachinids_genomes/genomes/belvosia_woodley07g.fna
    output: /beegfs/data/soukkal/StageM2/Tachinids_genomes/results/Viral_Homology_results/belvosia_woodley07g/Test.bed, /beegfs/data/soukkal/StageM2/Tachinids_genomes/results/Viral_Homology_results/belvosia_woodley07g/Fasta_viral_loci1.fna, /beegfs/data/soukkal/StageM2/Tachinids_genomes/results/Viral_Homology_results/belvosia_woodley07g/Fasta_viral_loci.fna
    jobid: 90
    wildcards: Genome_ID=belvosia_woodley07g

Submitted job 90 with external jobid 'Submitted batch job 3612746'.

[Wed Apr  6 08:41:56 2022]
rule Extract_loci:
    input: /beegfs/data/soukkal/StageM2/Tachinids_genomes/results/Viral_Homology_results/aplomyopsis_wood01/run_mmseqs2/result_mmseqs2_strand_summary_V.bed, /beegfs/data/soukkal/StageM2/Tachinids_genomes/genomes/aplomyopsis_wood01.fna
    output: /beegfs/data/soukkal/StageM2/Tachinids_genomes/results/Viral_Homology_results/aplomyopsis_wood01/Test.bed, /beegfs/data/soukkal/StageM2/Tachinids_genomes/results/Viral_Homology_results/aplomyopsis_wood01/Fasta_viral_loci1.fna, /beegfs/data/soukkal/StageM2/Tachinids_genomes/results/Viral_Homology_results/aplomyopsis_wood01/Fasta_viral_loci.fna
    jobid: 76
    wildcards: Genome_ID=aplomyopsis_wood01

Submitted job 76 with external jobid 'Submitted batch job 3612747'.

[Wed Apr  6 08:41:56 2022]
rule Extract_loci:
    input: /beegfs/data/soukkal/StageM2/Tachinids_genomes/results/Viral_Homology_results/chrysoexorista_wood04/run_mmseqs2/result_mmseqs2_strand_summary_V.bed, /beegfs/data/soukkal/StageM2/Tachinids_genomes/genomes/chrysoexorista_wood04.fna
    output: /beegfs/data/soukkal/StageM2/Tachinids_genomes/results/Viral_Homology_results/chrysoexorista_wood04/Test.bed, /beegfs/data/soukkal/StageM2/Tachinids_genomes/results/Viral_Homology_results/chrysoexorista_wood04/Fasta_viral_loci1.fna, /beegfs/data/soukkal/StageM2/Tachinids_genomes/results/Viral_Homology_results/chrysoexorista_wood04/Fasta_viral_loci.fna
    jobid: 104
    wildcards: Genome_ID=chrysoexorista_wood04

Submitted job 104 with external jobid 'Submitted batch job 3612748'.

[Wed Apr  6 08:41:56 2022]
rule Extract_loci:
    input: /beegfs/data/soukkal/StageM2/Tachinids_genomes/results/Viral_Homology_results/campylocheta_wood03/run_mmseqs2/result_mmseqs2_strand_summary_V.bed, /beegfs/data/soukkal/StageM2/Tachinids_genomes/genomes/campylocheta_wood03.fna
    output: /beegfs/data/soukkal/StageM2/Tachinids_genomes/results/Viral_Homology_results/campylocheta_wood03/Test.bed, /beegfs/data/soukkal/StageM2/Tachinids_genomes/results/Viral_Homology_results/campylocheta_wood03/Fasta_viral_loci1.fna, /beegfs/data/soukkal/StageM2/Tachinids_genomes/results/Viral_Homology_results/campylocheta_wood03/Fasta_viral_loci.fna
    jobid: 98
    wildcards: Genome_ID=campylocheta_wood03

Submitted job 98 with external jobid 'Submitted batch job 3612749'.

[Wed Apr  6 08:41:56 2022]
rule Extract_loci:
    input: /beegfs/data/soukkal/StageM2/Tachinids_genomes/results/Viral_Homology_results/argyrophylax_wood05/run_mmseqs2/result_mmseqs2_strand_summary_V.bed, /beegfs/data/soukkal/StageM2/Tachinids_genomes/genomes/argyrophylax_wood05.fna
    output: /beegfs/data/soukkal/StageM2/Tachinids_genomes/results/Viral_Homology_results/argyrophylax_wood05/Test.bed, /beegfs/data/soukkal/StageM2/Tachinids_genomes/results/Viral_Homology_results/argyrophylax_wood05/Fasta_viral_loci1.fna, /beegfs/data/soukkal/StageM2/Tachinids_genomes/results/Viral_Homology_results/argyrophylax_wood05/Fasta_viral_loci.fna
    jobid: 84
    wildcards: Genome_ID=argyrophylax_wood05

Submitted job 84 with external jobid 'Submitted batch job 3612750'.

[Wed Apr  6 08:41:57 2022]
rule Extract_loci:
    input: /beegfs/data/soukkal/StageM2/Tachinids_genomes/results/Viral_Homology_results/drino_wood06dhj01/run_mmseqs2/result_mmseqs2_strand_summary_V.bed, /beegfs/data/soukkal/StageM2/Tachinids_genomes/genomes/drino_wood06dhj01.fna
    output: /beegfs/data/soukkal/StageM2/Tachinids_genomes/results/Viral_Homology_results/drino_wood06dhj01/Test.bed, /beegfs/data/soukkal/StageM2/Tachinids_genomes/results/Viral_Homology_results/drino_wood06dhj01/Fasta_viral_loci1.fna, /beegfs/data/soukkal/StageM2/Tachinids_genomes/results/Viral_Homology_results/drino_wood06dhj01/Fasta_viral_loci.fna
    jobid: 112
    wildcards: Genome_ID=drino_wood06dhj01

Submitted job 112 with external jobid 'Submitted batch job 3612751'.

[Wed Apr  6 08:41:57 2022]
rule Extract_loci:
    input: /beegfs/data/soukkal/StageM2/Tachinids_genomes/results/Viral_Homology_results/drino_wood06dhj05/run_mmseqs2/result_mmseqs2_strand_summary_V.bed, /beegfs/data/soukkal/StageM2/Tachinids_genomes/genomes/drino_wood06dhj05.fna
    output: /beegfs/data/soukkal/StageM2/Tachinids_genomes/results/Viral_Homology_results/drino_wood06dhj05/Test.bed, /beegfs/data/soukkal/StageM2/Tachinids_genomes/results/Viral_Homology_results/drino_wood06dhj05/Fasta_viral_loci1.fna, /beegfs/data/soukkal/StageM2/Tachinids_genomes/results/Viral_Homology_results/drino_wood06dhj05/Fasta_viral_loci.fna
    jobid: 77
    wildcards: Genome_ID=drino_wood06dhj05

Submitted job 77 with external jobid 'Submitted batch job 3612752'.

[Wed Apr  6 08:41:57 2022]
rule Extract_loci:
    input: /beegfs/data/soukkal/StageM2/Tachinids_genomes/results/Viral_Homology_results/hyphantrophaga_virilis/run_mmseqs2/result_mmseqs2_strand_summary_V.bed, /beegfs/data/soukkal/StageM2/Tachinids_genomes/genomes/hyphantrophaga_virilis.fna
    output: /beegfs/data/soukkal/StageM2/Tachinids_genomes/results/Viral_Homology_results/hyphantrophaga_virilis/Test.bed, /beegfs/data/soukkal/StageM2/Tachinids_genomes/results/Viral_Homology_results/hyphantrophaga_virilis/Fasta_viral_loci1.fna, /beegfs/data/soukkal/StageM2/Tachinids_genomes/results/Viral_Homology_results/hyphantrophaga_virilis/Fasta_viral_loci.fna
    jobid: 91
    wildcards: Genome_ID=hyphantrophaga_virilis

Submitted job 91 with external jobid 'Submitted batch job 3612753'.

[Wed Apr  6 08:41:57 2022]
rule Extract_loci:
    input: /beegfs/data/soukkal/StageM2/Tachinids_genomes/results/Viral_Homology_results/lixophaga_wood09/run_mmseqs2/result_mmseqs2_strand_summary_V.bed, /beegfs/data/soukkal/StageM2/Tachinids_genomes/genomes/lixophaga_wood09.fna
    output: /beegfs/data/soukkal/StageM2/Tachinids_genomes/results/Viral_Homology_results/lixophaga_wood09/Test.bed, /beegfs/data/soukkal/StageM2/Tachinids_genomes/results/Viral_Homology_results/lixophaga_wood09/Fasta_viral_loci1.fna, /beegfs/data/soukkal/StageM2/Tachinids_genomes/results/Viral_Homology_results/lixophaga_wood09/Fasta_viral_loci.fna
    jobid: 105
    wildcards: Genome_ID=lixophaga_wood09

Submitted job 105 with external jobid 'Submitted batch job 3612754'.

[Wed Apr  6 08:41:57 2022]
rule Extract_loci:
    input: /beegfs/data/soukkal/StageM2/Tachinids_genomes/results/Viral_Homology_results/leskia_janzen27/run_mmseqs2/result_mmseqs2_strand_summary_V.bed, /beegfs/data/soukkal/StageM2/Tachinids_genomes/genomes/leskia_janzen27.fna
    output: /beegfs/data/soukkal/StageM2/Tachinids_genomes/results/Viral_Homology_results/leskia_janzen27/Test.bed, /beegfs/data/soukkal/StageM2/Tachinids_genomes/results/Viral_Homology_results/leskia_janzen27/Fasta_viral_loci1.fna, /beegfs/data/soukkal/StageM2/Tachinids_genomes/results/Viral_Homology_results/leskia_janzen27/Fasta_viral_loci.fna
    jobid: 99
    wildcards: Genome_ID=leskia_janzen27

Submitted job 99 with external jobid 'Submitted batch job 3612755'.

[Wed Apr  6 08:41:57 2022]
rule Extract_loci:
    input: /beegfs/data/soukkal/StageM2/Tachinids_genomes/results/Viral_Homology_results/houghia_brevipilosa/run_mmseqs2/result_mmseqs2_strand_summary_V.bed, /beegfs/data/soukkal/StageM2/Tachinids_genomes/genomes/houghia_brevipilosa.fna
    output: /beegfs/data/soukkal/StageM2/Tachinids_genomes/results/Viral_Homology_results/houghia_brevipilosa/Test.bed, /beegfs/data/soukkal/StageM2/Tachinids_genomes/results/Viral_Homology_results/houghia_brevipilosa/Fasta_viral_loci1.fna, /beegfs/data/soukkal/StageM2/Tachinids_genomes/results/Viral_Homology_results/houghia_brevipilosa/Fasta_viral_loci.fna
    jobid: 85
    wildcards: Genome_ID=houghia_brevipilosa

Submitted job 85 with external jobid 'Submitted batch job 3612756'.

[Wed Apr  6 08:41:57 2022]
rule Extract_loci:
    input: /beegfs/data/soukkal/StageM2/Tachinids_genomes/results/Viral_Homology_results/archytas_wood02/run_mmseqs2/result_mmseqs2_strand_summary_V.bed, /beegfs/data/soukkal/StageM2/Tachinids_genomes/genomes/archytas_wood02.fna
    output: /beegfs/data/soukkal/StageM2/Tachinids_genomes/results/Viral_Homology_results/archytas_wood02/Test.bed, /beegfs/data/soukkal/StageM2/Tachinids_genomes/results/Viral_Homology_results/archytas_wood02/Fasta_viral_loci1.fna, /beegfs/data/soukkal/StageM2/Tachinids_genomes/results/Viral_Homology_results/archytas_wood02/Fasta_viral_loci.fna
    jobid: 78
    wildcards: Genome_ID=archytas_wood02

Submitted job 78 with external jobid 'Submitted batch job 3612757'.

[Wed Apr  6 08:41:57 2022]
rule Extract_loci:
    input: /beegfs/data/soukkal/StageM2/Tachinids_genomes/results/Viral_Homology_results/belvosia_woodley10/run_mmseqs2/result_mmseqs2_strand_summary_V.bed, /beegfs/data/soukkal/StageM2/Tachinids_genomes/genomes/belvosia_woodley10.fna
    output: /beegfs/data/soukkal/StageM2/Tachinids_genomes/results/Viral_Homology_results/belvosia_woodley10/Test.bed, /beegfs/data/soukkal/StageM2/Tachinids_genomes/results/Viral_Homology_results/belvosia_woodley10/Fasta_viral_loci1.fna, /beegfs/data/soukkal/StageM2/Tachinids_genomes/results/Viral_Homology_results/belvosia_woodley10/Fasta_viral_loci.fna
    jobid: 92
    wildcards: Genome_ID=belvosia_woodley10

Submitted job 92 with external jobid 'Submitted batch job 3612758'.

[Wed Apr  6 08:41:57 2022]
rule Extract_loci:
    input: /beegfs/data/soukkal/StageM2/Tachinids_genomes/results/Viral_Homology_results/chrysotachina_wood01/run_mmseqs2/result_mmseqs2_strand_summary_V.bed, /beegfs/data/soukkal/StageM2/Tachinids_genomes/genomes/chrysotachina_wood01.fna
    output: /beegfs/data/soukkal/StageM2/Tachinids_genomes/results/Viral_Homology_results/chrysotachina_wood01/Test.bed, /beegfs/data/soukkal/StageM2/Tachinids_genomes/results/Viral_Homology_results/chrysotachina_wood01/Fasta_viral_loci1.fna, /beegfs/data/soukkal/StageM2/Tachinids_genomes/results/Viral_Homology_results/chrysotachina_wood01/Fasta_viral_loci.fna
    jobid: 106
    wildcards: Genome_ID=chrysotachina_wood01

Submitted job 106 with external jobid 'Submitted batch job 3612759'.

[Wed Apr  6 08:41:57 2022]
rule Extract_loci:
    input: /beegfs/data/soukkal/StageM2/Tachinids_genomes/results/Viral_Homology_results/atacta_brasiliensisdhj01/run_mmseqs2/result_mmseqs2_strand_summary_V.bed, /beegfs/data/soukkal/StageM2/Tachinids_genomes/genomes/atacta_brasiliensisdhj01.fna
    output: /beegfs/data/soukkal/StageM2/Tachinids_genomes/results/Viral_Homology_results/atacta_brasiliensisdhj01/Test.bed, /beegfs/data/soukkal/StageM2/Tachinids_genomes/results/Viral_Homology_results/atacta_brasiliensisdhj01/Fasta_viral_loci1.fna, /beegfs/data/soukkal/StageM2/Tachinids_genomes/results/Viral_Homology_results/atacta_brasiliensisdhj01/Fasta_viral_loci.fna
    jobid: 86
    wildcards: Genome_ID=atacta_brasiliensisdhj01

Submitted job 86 with external jobid 'Submitted batch job 3612760'.

[Wed Apr  6 08:41:57 2022]
rule Extract_loci:
    input: /beegfs/data/soukkal/StageM2/Tachinids_genomes/results/Viral_Homology_results/chetogena_scutellarisdhj01/run_mmseqs2/result_mmseqs2_strand_summary_V.bed, /beegfs/data/soukkal/StageM2/Tachinids_genomes/genomes/chetogena_scutellarisdhj01.fna
    output: /beegfs/data/soukkal/StageM2/Tachinids_genomes/results/Viral_Homology_results/chetogena_scutellarisdhj01/Test.bed, /beegfs/data/soukkal/StageM2/Tachinids_genomes/results/Viral_Homology_results/chetogena_scutellarisdhj01/Fasta_viral_loci1.fna, /beegfs/data/soukkal/StageM2/Tachinids_genomes/results/Viral_Homology_results/chetogena_scutellarisdhj01/Fasta_viral_loci.fna
    jobid: 100
    wildcards: Genome_ID=chetogena_scutellarisdhj01

Submitted job 100 with external jobid 'Submitted batch job 3612761'.

[Wed Apr  6 08:41:57 2022]
rule Extract_loci:
    input: /beegfs/data/soukkal/StageM2/Tachinids_genomes/results/Viral_Homology_results/genea_wood01/run_mmseqs2/result_mmseqs2_strand_summary_V.bed, /beegfs/data/soukkal/StageM2/Tachinids_genomes/genomes/genea_wood01.fna
    output: /beegfs/data/soukkal/StageM2/Tachinids_genomes/results/Viral_Homology_results/genea_wood01/Test.bed, /beegfs/data/soukkal/StageM2/Tachinids_genomes/results/Viral_Homology_results/genea_wood01/Fasta_viral_loci1.fna, /beegfs/data/soukkal/StageM2/Tachinids_genomes/results/Viral_Homology_results/genea_wood01/Fasta_viral_loci.fna
    jobid: 79
    wildcards: Genome_ID=genea_wood01

Submitted job 79 with external jobid 'Submitted batch job 3612762'.

[Wed Apr  6 08:41:57 2022]
rule Extract_loci:
    input: /beegfs/data/soukkal/StageM2/Tachinids_genomes/results/Viral_Homology_results/hyphantrophaga_wood11/run_mmseqs2/result_mmseqs2_strand_summary_V.bed, /beegfs/data/soukkal/StageM2/Tachinids_genomes/genomes/hyphantrophaga_wood11.fna
    output: /beegfs/data/soukkal/StageM2/Tachinids_genomes/results/Viral_Homology_results/hyphantrophaga_wood11/Test.bed, /beegfs/data/soukkal/StageM2/Tachinids_genomes/results/Viral_Homology_results/hyphantrophaga_wood11/Fasta_viral_loci1.fna, /beegfs/data/soukkal/StageM2/Tachinids_genomes/results/Viral_Homology_results/hyphantrophaga_wood11/Fasta_viral_loci.fna
    jobid: 93
    wildcards: Genome_ID=hyphantrophaga_wood11

Submitted job 93 with external jobid 'Submitted batch job 3612763'.

[Wed Apr  6 08:41:57 2022]
rule Extract_loci:
    input: /beegfs/data/soukkal/StageM2/Tachinids_genomes/results/Viral_Homology_results/siphosturmia_rafaelidhj03/run_mmseqs2/result_mmseqs2_strand_summary_V.bed, /beegfs/data/soukkal/StageM2/Tachinids_genomes/genomes/siphosturmia_rafaelidhj03.fna
    output: /beegfs/data/soukkal/StageM2/Tachinids_genomes/results/Viral_Homology_results/siphosturmia_rafaelidhj03/Test.bed, /beegfs/data/soukkal/StageM2/Tachinids_genomes/results/Viral_Homology_results/siphosturmia_rafaelidhj03/Fasta_viral_loci1.fna, /beegfs/data/soukkal/StageM2/Tachinids_genomes/results/Viral_Homology_results/siphosturmia_rafaelidhj03/Fasta_viral_loci.fna
    jobid: 107
    wildcards: Genome_ID=siphosturmia_rafaelidhj03

Submitted job 107 with external jobid 'Submitted batch job 3612764'.

[Wed Apr  6 08:41:57 2022]
rule Extract_loci:
    input: /beegfs/data/soukkal/StageM2/Tachinids_genomes/results/Viral_Homology_results/houghia_graciloides/run_mmseqs2/result_mmseqs2_strand_summary_V.bed, /beegfs/data/soukkal/StageM2/Tachinids_genomes/genomes/houghia_graciloides.fna
    output: /beegfs/data/soukkal/StageM2/Tachinids_genomes/results/Viral_Homology_results/houghia_graciloides/Test.bed, /beegfs/data/soukkal/StageM2/Tachinids_genomes/results/Viral_Homology_results/houghia_graciloides/Fasta_viral_loci1.fna, /beegfs/data/soukkal/StageM2/Tachinids_genomes/results/Viral_Homology_results/houghia_graciloides/Fasta_viral_loci.fna
    jobid: 87
    wildcards: Genome_ID=houghia_graciloides

Submitted job 87 with external jobid 'Submitted batch job 3612765'.

[Wed Apr  6 08:41:57 2022]
rule Extract_loci:
    input: /beegfs/data/soukkal/StageM2/Tachinids_genomes/results/Viral_Homology_results/leskia_wood01dhj03/run_mmseqs2/result_mmseqs2_strand_summary_V.bed, /beegfs/data/soukkal/StageM2/Tachinids_genomes/genomes/leskia_wood01dhj03.fna
    output: /beegfs/data/soukkal/StageM2/Tachinids_genomes/results/Viral_Homology_results/leskia_wood01dhj03/Test.bed, /beegfs/data/soukkal/StageM2/Tachinids_genomes/results/Viral_Homology_results/leskia_wood01dhj03/Fasta_viral_loci1.fna, /beegfs/data/soukkal/StageM2/Tachinids_genomes/results/Viral_Homology_results/leskia_wood01dhj03/Fasta_viral_loci.fna
    jobid: 101
    wildcards: Genome_ID=leskia_wood01dhj03

Submitted job 101 with external jobid 'Submitted batch job 3612766'.

[Wed Apr  6 08:41:57 2022]
rule Extract_loci:
    input: /beegfs/data/soukkal/StageM2/Tachinids_genomes/results/Viral_Homology_results/argyrochaetona_cubanadhj02/run_mmseqs2/result_mmseqs2_strand_summary_V.bed, /beegfs/data/soukkal/StageM2/Tachinids_genomes/genomes/argyrochaetona_cubanadhj02.fna
    output: /beegfs/data/soukkal/StageM2/Tachinids_genomes/results/Viral_Homology_results/argyrochaetona_cubanadhj02/Test.bed, /beegfs/data/soukkal/StageM2/Tachinids_genomes/results/Viral_Homology_results/argyrochaetona_cubanadhj02/Fasta_viral_loci1.fna, /beegfs/data/soukkal/StageM2/Tachinids_genomes/results/Viral_Homology_results/argyrochaetona_cubanadhj02/Fasta_viral_loci.fna
    jobid: 80
    wildcards: Genome_ID=argyrochaetona_cubanadhj02

Submitted job 80 with external jobid 'Submitted batch job 3612767'.

[Wed Apr  6 08:41:58 2022]
rule Extract_loci:
    input: /beegfs/data/soukkal/StageM2/Tachinids_genomes/results/Viral_Homology_results/calolydella_erasmocoronadoi/run_mmseqs2/result_mmseqs2_strand_summary_V.bed, /beegfs/data/soukkal/StageM2/Tachinids_genomes/genomes/calolydella_erasmocoronadoi.fna
    output: /beegfs/data/soukkal/StageM2/Tachinids_genomes/results/Viral_Homology_results/calolydella_erasmocoronadoi/Test.bed, /beegfs/data/soukkal/StageM2/Tachinids_genomes/results/Viral_Homology_results/calolydella_erasmocoronadoi/Fasta_viral_loci1.fna, /beegfs/data/soukkal/StageM2/Tachinids_genomes/results/Viral_Homology_results/calolydella_erasmocoronadoi/Fasta_viral_loci.fna
    jobid: 94
    wildcards: Genome_ID=calolydella_erasmocoronadoi

Submitted job 94 with external jobid 'Submitted batch job 3612768'.

[Wed Apr  6 08:41:58 2022]
rule Extract_loci:
    input: /beegfs/data/soukkal/StageM2/Tachinids_genomes/results/Viral_Homology_results/chrysotachina_wood02dhj02/run_mmseqs2/result_mmseqs2_strand_summary_V.bed, /beegfs/data/soukkal/StageM2/Tachinids_genomes/genomes/chrysotachina_wood02dhj02.fna
    output: /beegfs/data/soukkal/StageM2/Tachinids_genomes/results/Viral_Homology_results/chrysotachina_wood02dhj02/Test.bed, /beegfs/data/soukkal/StageM2/Tachinids_genomes/results/Viral_Homology_results/chrysotachina_wood02dhj02/Fasta_viral_loci1.fna, /beegfs/data/soukkal/StageM2/Tachinids_genomes/results/Viral_Homology_results/chrysotachina_wood02dhj02/Fasta_viral_loci.fna
    jobid: 108
    wildcards: Genome_ID=chrysotachina_wood02dhj02

Submitted job 108 with external jobid 'Submitted batch job 3612769'.

[Wed Apr  6 08:41:58 2022]
rule Extract_loci:
    input: /beegfs/data/soukkal/StageM2/Tachinids_genomes/results/Viral_Homology_results/austrophorocera_wood05/run_mmseqs2/result_mmseqs2_strand_summary_V.bed, /beegfs/data/soukkal/StageM2/Tachinids_genomes/genomes/austrophorocera_wood05.fna
    output: /beegfs/data/soukkal/StageM2/Tachinids_genomes/results/Viral_Homology_results/austrophorocera_wood05/Test.bed, /beegfs/data/soukkal/StageM2/Tachinids_genomes/results/Viral_Homology_results/austrophorocera_wood05/Fasta_viral_loci1.fna, /beegfs/data/soukkal/StageM2/Tachinids_genomes/results/Viral_Homology_results/austrophorocera_wood05/Fasta_viral_loci.fna
    jobid: 88
    wildcards: Genome_ID=austrophorocera_wood05

Submitted job 88 with external jobid 'Submitted batch job 3612770'.

[Wed Apr  6 08:41:58 2022]
rule Extract_loci:
    input: /beegfs/data/soukkal/StageM2/Tachinids_genomes/results/Viral_Homology_results/chrysoexorista_wood01dhj02/run_mmseqs2/result_mmseqs2_strand_summary_V.bed, /beegfs/data/soukkal/StageM2/Tachinids_genomes/genomes/chrysoexorista_wood01dhj02.fna
    output: /beegfs/data/soukkal/StageM2/Tachinids_genomes/results/Viral_Homology_results/chrysoexorista_wood01dhj02/Test.bed, /beegfs/data/soukkal/StageM2/Tachinids_genomes/results/Viral_Homology_results/chrysoexorista_wood01dhj02/Fasta_viral_loci1.fna, /beegfs/data/soukkal/StageM2/Tachinids_genomes/results/Viral_Homology_results/chrysoexorista_wood01dhj02/Fasta_viral_loci.fna
    jobid: 102
    wildcards: Genome_ID=chrysoexorista_wood01dhj02

Submitted job 102 with external jobid 'Submitted batch job 3612771'.

[Wed Apr  6 08:41:58 2022]
rule Extract_loci:
    input: /beegfs/data/soukkal/StageM2/Tachinids_genomes/results/Viral_Homology_results/houghia_bivittata/run_mmseqs2/result_mmseqs2_strand_summary_V.bed, /beegfs/data/soukkal/StageM2/Tachinids_genomes/genomes/houghia_bivittata.fna
    output: /beegfs/data/soukkal/StageM2/Tachinids_genomes/results/Viral_Homology_results/houghia_bivittata/Test.bed, /beegfs/data/soukkal/StageM2/Tachinids_genomes/results/Viral_Homology_results/houghia_bivittata/Fasta_viral_loci1.fna, /beegfs/data/soukkal/StageM2/Tachinids_genomes/results/Viral_Homology_results/houghia_bivittata/Fasta_viral_loci.fna
    jobid: 83
    wildcards: Genome_ID=houghia_bivittata

Submitted job 83 with external jobid 'Submitted batch job 3612772'.

[Wed Apr  6 08:41:58 2022]
rule Extract_loci:
    input: /beegfs/data/soukkal/StageM2/Tachinids_genomes/results/Viral_Homology_results/genea_wood03dhj01/run_mmseqs2/result_mmseqs2_strand_summary_V.bed, /beegfs/data/soukkal/StageM2/Tachinids_genomes/genomes/genea_wood03dhj01.fna
    output: /beegfs/data/soukkal/StageM2/Tachinids_genomes/results/Viral_Homology_results/genea_wood03dhj01/Test.bed, /beegfs/data/soukkal/StageM2/Tachinids_genomes/results/Viral_Homology_results/genea_wood03dhj01/Fasta_viral_loci1.fna, /beegfs/data/soukkal/StageM2/Tachinids_genomes/results/Viral_Homology_results/genea_wood03dhj01/Fasta_viral_loci.fna
    jobid: 81
    wildcards: Genome_ID=genea_wood03dhj01

Submitted job 81 with external jobid 'Submitted batch job 3612773'.

[Wed Apr  6 08:41:58 2022]
rule Extract_loci:
    input: /beegfs/data/soukkal/StageM2/Tachinids_genomes/results/Viral_Homology_results/jurinella_wood01/run_mmseqs2/result_mmseqs2_strand_summary_V.bed, /beegfs/data/soukkal/StageM2/Tachinids_genomes/genomes/jurinella_wood01.fna
    output: /beegfs/data/soukkal/StageM2/Tachinids_genomes/results/Viral_Homology_results/jurinella_wood01/Test.bed, /beegfs/data/soukkal/StageM2/Tachinids_genomes/results/Viral_Homology_results/jurinella_wood01/Fasta_viral_loci1.fna, /beegfs/data/soukkal/StageM2/Tachinids_genomes/results/Viral_Homology_results/jurinella_wood01/Fasta_viral_loci.fna
    jobid: 95
    wildcards: Genome_ID=jurinella_wood01

Submitted job 95 with external jobid 'Submitted batch job 3612774'.

[Wed Apr  6 08:41:58 2022]
rule Extract_loci:
    input: /beegfs/data/soukkal/StageM2/Tachinids_genomes/results/Viral_Homology_results/siphosturmia_wood02/run_mmseqs2/result_mmseqs2_strand_summary_V.bed, /beegfs/data/soukkal/StageM2/Tachinids_genomes/genomes/siphosturmia_wood02.fna
    output: /beegfs/data/soukkal/StageM2/Tachinids_genomes/results/Viral_Homology_results/siphosturmia_wood02/Test.bed, /beegfs/data/soukkal/StageM2/Tachinids_genomes/results/Viral_Homology_results/siphosturmia_wood02/Fasta_viral_loci1.fna, /beegfs/data/soukkal/StageM2/Tachinids_genomes/results/Viral_Homology_results/siphosturmia_wood02/Fasta_viral_loci.fna
    jobid: 109
    wildcards: Genome_ID=siphosturmia_wood02

Submitted job 109 with external jobid 'Submitted batch job 3612775'.

[Wed Apr  6 08:41:58 2022]
rule Extract_loci:
    input: /beegfs/data/soukkal/StageM2/Tachinids_genomes/results/Viral_Homology_results/leschenaultia_wood15/run_mmseqs2/result_mmseqs2_strand_summary_V.bed, /beegfs/data/soukkal/StageM2/Tachinids_genomes/genomes/leschenaultia_wood15.fna
    output: /beegfs/data/soukkal/StageM2/Tachinids_genomes/results/Viral_Homology_results/leschenaultia_wood15/Test.bed, /beegfs/data/soukkal/StageM2/Tachinids_genomes/results/Viral_Homology_results/leschenaultia_wood15/Fasta_viral_loci1.fna, /beegfs/data/soukkal/StageM2/Tachinids_genomes/results/Viral_Homology_results/leschenaultia_wood15/Fasta_viral_loci.fna
    jobid: 97
    wildcards: Genome_ID=leschenaultia_wood15

Submitted job 97 with external jobid 'Submitted batch job 3612776'.

[Wed Apr  6 08:41:58 2022]
rule Extract_loci:
    input: /beegfs/data/soukkal/StageM2/Tachinids_genomes/results/Viral_Homology_results/houghia_pallida/run_mmseqs2/result_mmseqs2_strand_summary_V.bed, /beegfs/data/soukkal/StageM2/Tachinids_genomes/genomes/houghia_pallida.fna
    output: /beegfs/data/soukkal/StageM2/Tachinids_genomes/results/Viral_Homology_results/houghia_pallida/Test.bed, /beegfs/data/soukkal/StageM2/Tachinids_genomes/results/Viral_Homology_results/houghia_pallida/Fasta_viral_loci1.fna, /beegfs/data/soukkal/StageM2/Tachinids_genomes/results/Viral_Homology_results/houghia_pallida/Fasta_viral_loci.fna
    jobid: 89
    wildcards: Genome_ID=houghia_pallida

Submitted job 89 with external jobid 'Submitted batch job 3612777'.

[Wed Apr  6 08:41:58 2022]
rule Extract_loci:
    input: /beegfs/data/soukkal/StageM2/Tachinids_genomes/results/Viral_Homology_results/lixophaga_wood06/run_mmseqs2/result_mmseqs2_strand_summary_V.bed, /beegfs/data/soukkal/StageM2/Tachinids_genomes/genomes/lixophaga_wood06.fna
    output: /beegfs/data/soukkal/StageM2/Tachinids_genomes/results/Viral_Homology_results/lixophaga_wood06/Test.bed, /beegfs/data/soukkal/StageM2/Tachinids_genomes/results/Viral_Homology_results/lixophaga_wood06/Fasta_viral_loci1.fna, /beegfs/data/soukkal/StageM2/Tachinids_genomes/results/Viral_Homology_results/lixophaga_wood06/Fasta_viral_loci.fna
    jobid: 103
    wildcards: Genome_ID=lixophaga_wood06

Submitted job 103 with external jobid 'Submitted batch job 3612778'.

[Wed Apr  6 08:41:58 2022]
rule Extract_loci:
    input: /beegfs/data/soukkal/StageM2/Tachinids_genomes/results/Viral_Homology_results/argyrophylax_albincisadhj04/run_mmseqs2/result_mmseqs2_strand_summary_V.bed, /beegfs/data/soukkal/StageM2/Tachinids_genomes/genomes/argyrophylax_albincisadhj04.fna
    output: /beegfs/data/soukkal/StageM2/Tachinids_genomes/results/Viral_Homology_results/argyrophylax_albincisadhj04/Test.bed, /beegfs/data/soukkal/StageM2/Tachinids_genomes/results/Viral_Homology_results/argyrophylax_albincisadhj04/Fasta_viral_loci1.fna, /beegfs/data/soukkal/StageM2/Tachinids_genomes/results/Viral_Homology_results/argyrophylax_albincisadhj04/Fasta_viral_loci.fna
    jobid: 82
    wildcards: Genome_ID=argyrophylax_albincisadhj04

Submitted job 82 with external jobid 'Submitted batch job 3612779'.

[Wed Apr  6 08:41:58 2022]
rule Extract_loci:
    input: /beegfs/data/soukkal/StageM2/Tachinids_genomes/results/Viral_Homology_results/calolydella_timjamesi/run_mmseqs2/result_mmseqs2_strand_summary_V.bed, /beegfs/data/soukkal/StageM2/Tachinids_genomes/genomes/calolydella_timjamesi.fna
    output: /beegfs/data/soukkal/StageM2/Tachinids_genomes/results/Viral_Homology_results/calolydella_timjamesi/Test.bed, /beegfs/data/soukkal/StageM2/Tachinids_genomes/results/Viral_Homology_results/calolydella_timjamesi/Fasta_viral_loci1.fna, /beegfs/data/soukkal/StageM2/Tachinids_genomes/results/Viral_Homology_results/calolydella_timjamesi/Fasta_viral_loci.fna
    jobid: 96
    wildcards: Genome_ID=calolydella_timjamesi

Submitted job 96 with external jobid 'Submitted batch job 3612780'.

[Wed Apr  6 08:41:58 2022]
rule Extract_loci:
    input: /beegfs/data/soukkal/StageM2/Tachinids_genomes/results/Viral_Homology_results/cordyligaster_capellii/run_mmseqs2/result_mmseqs2_strand_summary_V.bed, /beegfs/data/soukkal/StageM2/Tachinids_genomes/genomes/cordyligaster_capellii.fna
    output: /beegfs/data/soukkal/StageM2/Tachinids_genomes/results/Viral_Homology_results/cordyligaster_capellii/Test.bed, /beegfs/data/soukkal/StageM2/Tachinids_genomes/results/Viral_Homology_results/cordyligaster_capellii/Fasta_viral_loci1.fna, /beegfs/data/soukkal/StageM2/Tachinids_genomes/results/Viral_Homology_results/cordyligaster_capellii/Fasta_viral_loci.fna
    jobid: 110
    wildcards: Genome_ID=cordyligaster_capellii

Submitted job 110 with external jobid 'Submitted batch job 3612781'.

[Wed Apr  6 08:41:58 2022]
rule Extract_loci:
    input: /beegfs/data/soukkal/StageM2/Tachinids_genomes/results/Viral_Homology_results/zizyphomyia_argutadhj02/run_mmseqs2/result_mmseqs2_strand_summary_V.bed, /beegfs/data/soukkal/StageM2/Tachinids_genomes/genomes/zizyphomyia_argutadhj02.fna
    output: /beegfs/data/soukkal/StageM2/Tachinids_genomes/results/Viral_Homology_results/zizyphomyia_argutadhj02/Test.bed, /beegfs/data/soukkal/StageM2/Tachinids_genomes/results/Viral_Homology_results/zizyphomyia_argutadhj02/Fasta_viral_loci1.fna, /beegfs/data/soukkal/StageM2/Tachinids_genomes/results/Viral_Homology_results/zizyphomyia_argutadhj02/Fasta_viral_loci.fna
    jobid: 111
    wildcards: Genome_ID=zizyphomyia_argutadhj02

Submitted job 111 with external jobid 'Submitted batch job 3612782'.
[Wed Apr  6 08:42:19 2022]
Error in rule Extract_loci:
    jobid: 90
    output: /beegfs/data/soukkal/StageM2/Tachinids_genomes/results/Viral_Homology_results/belvosia_woodley07g/Test.bed, /beegfs/data/soukkal/StageM2/Tachinids_genomes/results/Viral_Homology_results/belvosia_woodley07g/Fasta_viral_loci1.fna, /beegfs/data/soukkal/StageM2/Tachinids_genomes/results/Viral_Homology_results/belvosia_woodley07g/Fasta_viral_loci.fna
    shell:
        
		sed 's/ /	/g' /beegfs/data/soukkal/StageM2/Tachinids_genomes/results/Viral_Homology_results/belvosia_woodley07g/run_mmseqs2/result_mmseqs2_strand_summary_V.bed | cut -f 2,3,4,5,6 > /beegfs/data/soukkal/StageM2/Tachinids_genomes/results/Viral_Homology_results/belvosia_woodley07g/Test.bed
		sed -i '1d' /beegfs/data/soukkal/StageM2/Tachinids_genomes/results/Viral_Homology_results/belvosia_woodley07g/Test.bed > /beegfs/data/soukkal/StageM2/Tachinids_genomes/results/Viral_Homology_results/belvosia_woodley07g/run_mmseqs2/result_mmseqs2_strand_summary_V.bed
		rm /beegfs/data/soukkal/StageM2/Tachinids_genomes/results/Viral_Homology_results/belvosia_woodley07g/Test.bed
		bedtools getfasta -fi /beegfs/data/soukkal/StageM2/Tachinids_genomes/genomes/belvosia_woodley07g.fna -bed /beegfs/data/soukkal/StageM2/Tachinids_genomes/results/Viral_Homology_results/belvosia_woodley07g/run_mmseqs2/result_mmseqs2_strand_summary_V.bed -fo /beegfs/data/soukkal/StageM2/Tachinids_genomes/results/Viral_Homology_results/belvosia_woodley07g/Fasta_viral_loci1.fna >& /beegfs/data/soukkal/StageM2/Tachinids_genomes/results/Viral_Homology_results/Extract_loci_belvosia_woodley07g.out
		#Add species name into the loci names (so when we do the clustering step we know the origin of each scaffold)
		sed -i 's@)@):belvosia_woodley07g@g' /beegfs/data/soukkal/StageM2/Tachinids_genomes/results/Viral_Homology_results/belvosia_woodley07g/Fasta_viral_loci1.fna > /beegfs/data/soukkal/StageM2/Tachinids_genomes/results/Viral_Homology_results/belvosia_woodley07g/Fasta_viral_loci.fna
		
        (one of the commands exited with non-zero exit code; note that snakemake uses bash strict mode!)
    cluster_jobid: Submitted batch job 3612746

Error executing rule Extract_loci on cluster (jobid: 90, external: Submitted batch job 3612746, jobscript: /beegfs/data/soukkal/StageM2/Scripts/Homology_search/.snakemake/tmp.kf36ttje/snakejob.Extract_loci.90.sh). For error details see the cluster log and the log files of the involved rule(s).
[Wed Apr  6 08:42:19 2022]
Error in rule Extract_loci:
    jobid: 76
    output: /beegfs/data/soukkal/StageM2/Tachinids_genomes/results/Viral_Homology_results/aplomyopsis_wood01/Test.bed, /beegfs/data/soukkal/StageM2/Tachinids_genomes/results/Viral_Homology_results/aplomyopsis_wood01/Fasta_viral_loci1.fna, /beegfs/data/soukkal/StageM2/Tachinids_genomes/results/Viral_Homology_results/aplomyopsis_wood01/Fasta_viral_loci.fna
    shell:
        
		sed 's/ /	/g' /beegfs/data/soukkal/StageM2/Tachinids_genomes/results/Viral_Homology_results/aplomyopsis_wood01/run_mmseqs2/result_mmseqs2_strand_summary_V.bed | cut -f 2,3,4,5,6 > /beegfs/data/soukkal/StageM2/Tachinids_genomes/results/Viral_Homology_results/aplomyopsis_wood01/Test.bed
		sed -i '1d' /beegfs/data/soukkal/StageM2/Tachinids_genomes/results/Viral_Homology_results/aplomyopsis_wood01/Test.bed > /beegfs/data/soukkal/StageM2/Tachinids_genomes/results/Viral_Homology_results/aplomyopsis_wood01/run_mmseqs2/result_mmseqs2_strand_summary_V.bed
		rm /beegfs/data/soukkal/StageM2/Tachinids_genomes/results/Viral_Homology_results/aplomyopsis_wood01/Test.bed
		bedtools getfasta -fi /beegfs/data/soukkal/StageM2/Tachinids_genomes/genomes/aplomyopsis_wood01.fna -bed /beegfs/data/soukkal/StageM2/Tachinids_genomes/results/Viral_Homology_results/aplomyopsis_wood01/run_mmseqs2/result_mmseqs2_strand_summary_V.bed -fo /beegfs/data/soukkal/StageM2/Tachinids_genomes/results/Viral_Homology_results/aplomyopsis_wood01/Fasta_viral_loci1.fna >& /beegfs/data/soukkal/StageM2/Tachinids_genomes/results/Viral_Homology_results/Extract_loci_aplomyopsis_wood01.out
		#Add species name into the loci names (so when we do the clustering step we know the origin of each scaffold)
		sed -i 's@)@):aplomyopsis_wood01@g' /beegfs/data/soukkal/StageM2/Tachinids_genomes/results/Viral_Homology_results/aplomyopsis_wood01/Fasta_viral_loci1.fna > /beegfs/data/soukkal/StageM2/Tachinids_genomes/results/Viral_Homology_results/aplomyopsis_wood01/Fasta_viral_loci.fna
		
        (one of the commands exited with non-zero exit code; note that snakemake uses bash strict mode!)
    cluster_jobid: Submitted batch job 3612747

Error executing rule Extract_loci on cluster (jobid: 76, external: Submitted batch job 3612747, jobscript: /beegfs/data/soukkal/StageM2/Scripts/Homology_search/.snakemake/tmp.kf36ttje/snakejob.Extract_loci.76.sh). For error details see the cluster log and the log files of the involved rule(s).
[Wed Apr  6 08:42:32 2022]
Error in rule Extract_loci:
    jobid: 104
    output: /beegfs/data/soukkal/StageM2/Tachinids_genomes/results/Viral_Homology_results/chrysoexorista_wood04/Test.bed, /beegfs/data/soukkal/StageM2/Tachinids_genomes/results/Viral_Homology_results/chrysoexorista_wood04/Fasta_viral_loci1.fna, /beegfs/data/soukkal/StageM2/Tachinids_genomes/results/Viral_Homology_results/chrysoexorista_wood04/Fasta_viral_loci.fna
    shell:
        
		sed 's/ /	/g' /beegfs/data/soukkal/StageM2/Tachinids_genomes/results/Viral_Homology_results/chrysoexorista_wood04/run_mmseqs2/result_mmseqs2_strand_summary_V.bed | cut -f 2,3,4,5,6 > /beegfs/data/soukkal/StageM2/Tachinids_genomes/results/Viral_Homology_results/chrysoexorista_wood04/Test.bed
		sed -i '1d' /beegfs/data/soukkal/StageM2/Tachinids_genomes/results/Viral_Homology_results/chrysoexorista_wood04/Test.bed > /beegfs/data/soukkal/StageM2/Tachinids_genomes/results/Viral_Homology_results/chrysoexorista_wood04/run_mmseqs2/result_mmseqs2_strand_summary_V.bed
		rm /beegfs/data/soukkal/StageM2/Tachinids_genomes/results/Viral_Homology_results/chrysoexorista_wood04/Test.bed
		bedtools getfasta -fi /beegfs/data/soukkal/StageM2/Tachinids_genomes/genomes/chrysoexorista_wood04.fna -bed /beegfs/data/soukkal/StageM2/Tachinids_genomes/results/Viral_Homology_results/chrysoexorista_wood04/run_mmseqs2/result_mmseqs2_strand_summary_V.bed -fo /beegfs/data/soukkal/StageM2/Tachinids_genomes/results/Viral_Homology_results/chrysoexorista_wood04/Fasta_viral_loci1.fna >& /beegfs/data/soukkal/StageM2/Tachinids_genomes/results/Viral_Homology_results/Extract_loci_chrysoexorista_wood04.out
		#Add species name into the loci names (so when we do the clustering step we know the origin of each scaffold)
		sed -i 's@)@):chrysoexorista_wood04@g' /beegfs/data/soukkal/StageM2/Tachinids_genomes/results/Viral_Homology_results/chrysoexorista_wood04/Fasta_viral_loci1.fna > /beegfs/data/soukkal/StageM2/Tachinids_genomes/results/Viral_Homology_results/chrysoexorista_wood04/Fasta_viral_loci.fna
		
        (one of the commands exited with non-zero exit code; note that snakemake uses bash strict mode!)
    cluster_jobid: Submitted batch job 3612748

Error executing rule Extract_loci on cluster (jobid: 104, external: Submitted batch job 3612748, jobscript: /beegfs/data/soukkal/StageM2/Scripts/Homology_search/.snakemake/tmp.kf36ttje/snakejob.Extract_loci.104.sh). For error details see the cluster log and the log files of the involved rule(s).
[Wed Apr  6 08:42:32 2022]
Error in rule Extract_loci:
    jobid: 98
    output: /beegfs/data/soukkal/StageM2/Tachinids_genomes/results/Viral_Homology_results/campylocheta_wood03/Test.bed, /beegfs/data/soukkal/StageM2/Tachinids_genomes/results/Viral_Homology_results/campylocheta_wood03/Fasta_viral_loci1.fna, /beegfs/data/soukkal/StageM2/Tachinids_genomes/results/Viral_Homology_results/campylocheta_wood03/Fasta_viral_loci.fna
    shell:
        
		sed 's/ /	/g' /beegfs/data/soukkal/StageM2/Tachinids_genomes/results/Viral_Homology_results/campylocheta_wood03/run_mmseqs2/result_mmseqs2_strand_summary_V.bed | cut -f 2,3,4,5,6 > /beegfs/data/soukkal/StageM2/Tachinids_genomes/results/Viral_Homology_results/campylocheta_wood03/Test.bed
		sed -i '1d' /beegfs/data/soukkal/StageM2/Tachinids_genomes/results/Viral_Homology_results/campylocheta_wood03/Test.bed > /beegfs/data/soukkal/StageM2/Tachinids_genomes/results/Viral_Homology_results/campylocheta_wood03/run_mmseqs2/result_mmseqs2_strand_summary_V.bed
		rm /beegfs/data/soukkal/StageM2/Tachinids_genomes/results/Viral_Homology_results/campylocheta_wood03/Test.bed
		bedtools getfasta -fi /beegfs/data/soukkal/StageM2/Tachinids_genomes/genomes/campylocheta_wood03.fna -bed /beegfs/data/soukkal/StageM2/Tachinids_genomes/results/Viral_Homology_results/campylocheta_wood03/run_mmseqs2/result_mmseqs2_strand_summary_V.bed -fo /beegfs/data/soukkal/StageM2/Tachinids_genomes/results/Viral_Homology_results/campylocheta_wood03/Fasta_viral_loci1.fna >& /beegfs/data/soukkal/StageM2/Tachinids_genomes/results/Viral_Homology_results/Extract_loci_campylocheta_wood03.out
		#Add species name into the loci names (so when we do the clustering step we know the origin of each scaffold)
		sed -i 's@)@):campylocheta_wood03@g' /beegfs/data/soukkal/StageM2/Tachinids_genomes/results/Viral_Homology_results/campylocheta_wood03/Fasta_viral_loci1.fna > /beegfs/data/soukkal/StageM2/Tachinids_genomes/results/Viral_Homology_results/campylocheta_wood03/Fasta_viral_loci.fna
		
        (one of the commands exited with non-zero exit code; note that snakemake uses bash strict mode!)
    cluster_jobid: Submitted batch job 3612749

Error executing rule Extract_loci on cluster (jobid: 98, external: Submitted batch job 3612749, jobscript: /beegfs/data/soukkal/StageM2/Scripts/Homology_search/.snakemake/tmp.kf36ttje/snakejob.Extract_loci.98.sh). For error details see the cluster log and the log files of the involved rule(s).
[Wed Apr  6 08:42:32 2022]
Error in rule Extract_loci:
    jobid: 84
    output: /beegfs/data/soukkal/StageM2/Tachinids_genomes/results/Viral_Homology_results/argyrophylax_wood05/Test.bed, /beegfs/data/soukkal/StageM2/Tachinids_genomes/results/Viral_Homology_results/argyrophylax_wood05/Fasta_viral_loci1.fna, /beegfs/data/soukkal/StageM2/Tachinids_genomes/results/Viral_Homology_results/argyrophylax_wood05/Fasta_viral_loci.fna
    shell:
        
		sed 's/ /	/g' /beegfs/data/soukkal/StageM2/Tachinids_genomes/results/Viral_Homology_results/argyrophylax_wood05/run_mmseqs2/result_mmseqs2_strand_summary_V.bed | cut -f 2,3,4,5,6 > /beegfs/data/soukkal/StageM2/Tachinids_genomes/results/Viral_Homology_results/argyrophylax_wood05/Test.bed
		sed -i '1d' /beegfs/data/soukkal/StageM2/Tachinids_genomes/results/Viral_Homology_results/argyrophylax_wood05/Test.bed > /beegfs/data/soukkal/StageM2/Tachinids_genomes/results/Viral_Homology_results/argyrophylax_wood05/run_mmseqs2/result_mmseqs2_strand_summary_V.bed
		rm /beegfs/data/soukkal/StageM2/Tachinids_genomes/results/Viral_Homology_results/argyrophylax_wood05/Test.bed
		bedtools getfasta -fi /beegfs/data/soukkal/StageM2/Tachinids_genomes/genomes/argyrophylax_wood05.fna -bed /beegfs/data/soukkal/StageM2/Tachinids_genomes/results/Viral_Homology_results/argyrophylax_wood05/run_mmseqs2/result_mmseqs2_strand_summary_V.bed -fo /beegfs/data/soukkal/StageM2/Tachinids_genomes/results/Viral_Homology_results/argyrophylax_wood05/Fasta_viral_loci1.fna >& /beegfs/data/soukkal/StageM2/Tachinids_genomes/results/Viral_Homology_results/Extract_loci_argyrophylax_wood05.out
		#Add species name into the loci names (so when we do the clustering step we know the origin of each scaffold)
		sed -i 's@)@):argyrophylax_wood05@g' /beegfs/data/soukkal/StageM2/Tachinids_genomes/results/Viral_Homology_results/argyrophylax_wood05/Fasta_viral_loci1.fna > /beegfs/data/soukkal/StageM2/Tachinids_genomes/results/Viral_Homology_results/argyrophylax_wood05/Fasta_viral_loci.fna
		
        (one of the commands exited with non-zero exit code; note that snakemake uses bash strict mode!)
    cluster_jobid: Submitted batch job 3612750

Error executing rule Extract_loci on cluster (jobid: 84, external: Submitted batch job 3612750, jobscript: /beegfs/data/soukkal/StageM2/Scripts/Homology_search/.snakemake/tmp.kf36ttje/snakejob.Extract_loci.84.sh). For error details see the cluster log and the log files of the involved rule(s).
[Wed Apr  6 08:42:45 2022]
Error in rule Extract_loci:
    jobid: 112
    output: /beegfs/data/soukkal/StageM2/Tachinids_genomes/results/Viral_Homology_results/drino_wood06dhj01/Test.bed, /beegfs/data/soukkal/StageM2/Tachinids_genomes/results/Viral_Homology_results/drino_wood06dhj01/Fasta_viral_loci1.fna, /beegfs/data/soukkal/StageM2/Tachinids_genomes/results/Viral_Homology_results/drino_wood06dhj01/Fasta_viral_loci.fna
    shell:
        
		sed 's/ /	/g' /beegfs/data/soukkal/StageM2/Tachinids_genomes/results/Viral_Homology_results/drino_wood06dhj01/run_mmseqs2/result_mmseqs2_strand_summary_V.bed | cut -f 2,3,4,5,6 > /beegfs/data/soukkal/StageM2/Tachinids_genomes/results/Viral_Homology_results/drino_wood06dhj01/Test.bed
		sed -i '1d' /beegfs/data/soukkal/StageM2/Tachinids_genomes/results/Viral_Homology_results/drino_wood06dhj01/Test.bed > /beegfs/data/soukkal/StageM2/Tachinids_genomes/results/Viral_Homology_results/drino_wood06dhj01/run_mmseqs2/result_mmseqs2_strand_summary_V.bed
		rm /beegfs/data/soukkal/StageM2/Tachinids_genomes/results/Viral_Homology_results/drino_wood06dhj01/Test.bed
		bedtools getfasta -fi /beegfs/data/soukkal/StageM2/Tachinids_genomes/genomes/drino_wood06dhj01.fna -bed /beegfs/data/soukkal/StageM2/Tachinids_genomes/results/Viral_Homology_results/drino_wood06dhj01/run_mmseqs2/result_mmseqs2_strand_summary_V.bed -fo /beegfs/data/soukkal/StageM2/Tachinids_genomes/results/Viral_Homology_results/drino_wood06dhj01/Fasta_viral_loci1.fna >& /beegfs/data/soukkal/StageM2/Tachinids_genomes/results/Viral_Homology_results/Extract_loci_drino_wood06dhj01.out
		#Add species name into the loci names (so when we do the clustering step we know the origin of each scaffold)
		sed -i 's@)@):drino_wood06dhj01@g' /beegfs/data/soukkal/StageM2/Tachinids_genomes/results/Viral_Homology_results/drino_wood06dhj01/Fasta_viral_loci1.fna > /beegfs/data/soukkal/StageM2/Tachinids_genomes/results/Viral_Homology_results/drino_wood06dhj01/Fasta_viral_loci.fna
		
        (one of the commands exited with non-zero exit code; note that snakemake uses bash strict mode!)
    cluster_jobid: Submitted batch job 3612751

Error executing rule Extract_loci on cluster (jobid: 112, external: Submitted batch job 3612751, jobscript: /beegfs/data/soukkal/StageM2/Scripts/Homology_search/.snakemake/tmp.kf36ttje/snakejob.Extract_loci.112.sh). For error details see the cluster log and the log files of the involved rule(s).
[Wed Apr  6 08:42:45 2022]
Error in rule Extract_loci:
    jobid: 77
    output: /beegfs/data/soukkal/StageM2/Tachinids_genomes/results/Viral_Homology_results/drino_wood06dhj05/Test.bed, /beegfs/data/soukkal/StageM2/Tachinids_genomes/results/Viral_Homology_results/drino_wood06dhj05/Fasta_viral_loci1.fna, /beegfs/data/soukkal/StageM2/Tachinids_genomes/results/Viral_Homology_results/drino_wood06dhj05/Fasta_viral_loci.fna
    shell:
        
		sed 's/ /	/g' /beegfs/data/soukkal/StageM2/Tachinids_genomes/results/Viral_Homology_results/drino_wood06dhj05/run_mmseqs2/result_mmseqs2_strand_summary_V.bed | cut -f 2,3,4,5,6 > /beegfs/data/soukkal/StageM2/Tachinids_genomes/results/Viral_Homology_results/drino_wood06dhj05/Test.bed
		sed -i '1d' /beegfs/data/soukkal/StageM2/Tachinids_genomes/results/Viral_Homology_results/drino_wood06dhj05/Test.bed > /beegfs/data/soukkal/StageM2/Tachinids_genomes/results/Viral_Homology_results/drino_wood06dhj05/run_mmseqs2/result_mmseqs2_strand_summary_V.bed
		rm /beegfs/data/soukkal/StageM2/Tachinids_genomes/results/Viral_Homology_results/drino_wood06dhj05/Test.bed
		bedtools getfasta -fi /beegfs/data/soukkal/StageM2/Tachinids_genomes/genomes/drino_wood06dhj05.fna -bed /beegfs/data/soukkal/StageM2/Tachinids_genomes/results/Viral_Homology_results/drino_wood06dhj05/run_mmseqs2/result_mmseqs2_strand_summary_V.bed -fo /beegfs/data/soukkal/StageM2/Tachinids_genomes/results/Viral_Homology_results/drino_wood06dhj05/Fasta_viral_loci1.fna >& /beegfs/data/soukkal/StageM2/Tachinids_genomes/results/Viral_Homology_results/Extract_loci_drino_wood06dhj05.out
		#Add species name into the loci names (so when we do the clustering step we know the origin of each scaffold)
		sed -i 's@)@):drino_wood06dhj05@g' /beegfs/data/soukkal/StageM2/Tachinids_genomes/results/Viral_Homology_results/drino_wood06dhj05/Fasta_viral_loci1.fna > /beegfs/data/soukkal/StageM2/Tachinids_genomes/results/Viral_Homology_results/drino_wood06dhj05/Fasta_viral_loci.fna
		
        (one of the commands exited with non-zero exit code; note that snakemake uses bash strict mode!)
    cluster_jobid: Submitted batch job 3612752

Error executing rule Extract_loci on cluster (jobid: 77, external: Submitted batch job 3612752, jobscript: /beegfs/data/soukkal/StageM2/Scripts/Homology_search/.snakemake/tmp.kf36ttje/snakejob.Extract_loci.77.sh). For error details see the cluster log and the log files of the involved rule(s).
