Building DAG of jobs...
MissingInputException in line 21 of /beegfs/data/soukkal/StageM2/Scripts/Homology_search/Snakemake_viral_homology_Control:
Missing input files for rule all:
/beegfs/data/soukkal/StageM2/Control_genomes/results/Viral_Homology_resultsGCA_021234595.1/run_mmseqs2/result_mmseqs2_summary_V.m8
/beegfs/data/soukkal/StageM2/Control_genomes/results/Viral_Homology_resultsGCF_001015335.1/run_mmseqs2/result_mmseqs2_summary_V.m8
/beegfs/data/soukkal/StageM2/Control_genomes/results/Viral_Homology_resultsGCF_016617805.1/run_mmseqs2/result_mmseqs2_summary_V.m8
/beegfs/data/soukkal/StageM2/Control_genomes/results/Viral_Homology_resultsGCF_000699065.1/run_mmseqs2/result_mmseqs2_summary_V.m8
/beegfs/data/soukkal/StageM2/Control_genomes/results/Viral_Homology_resultsGCA_019455685.1/run_mmseqs2/result_mmseqs2_summary_V.m8
/beegfs/data/soukkal/StageM2/Control_genomes/results/Viral_Homology_resultsGCF_002237135.1/run_mmseqs2/result_mmseqs2_summary_V.m8
/beegfs/data/soukkal/StageM2/Control_genomes/results/Viral_Homology_resultsGCF_009650485.1/run_mmseqs2/result_mmseqs2_summary_V.m8
/beegfs/data/soukkal/StageM2/Control_genomes/results/Viral_Homology_resultsGCA_001014575.1/run_mmseqs2/result_mmseqs2_summary_V.m8
/beegfs/data/soukkal/StageM2/Control_genomes/results/Viral_Homology_resultsGCF_000347755.3/run_mmseqs2/result_mmseqs2_summary_V.m8
/beegfs/data/soukkal/StageM2/Control_genomes/results/Viral_Homology_resultsGCA_001014675.1/run_mmseqs2/result_mmseqs2_summary_V.m8
/beegfs/data/soukkal/StageM2/Control_genomes/results/Viral_Homology_resultsGCA_917880715.2/run_mmseqs2/result_mmseqs2_summary_V.m8
/beegfs/data/soukkal/StageM2/Control_genomes/results/Viral_Homology_resultsGCA_920104205.1/run_mmseqs2/result_mmseqs2_summary_V.m8
/beegfs/data/soukkal/StageM2/Control_genomes/results/Viral_Homology_resultsGCA_916050605.2/run_mmseqs2/result_mmseqs2_summary_V.m8
/beegfs/data/soukkal/StageM2/Control_genomes/results/Viral_Homology_resultsGCA_001735545.1/run_mmseqs2/result_mmseqs2_summary_V.m8
/beegfs/data/soukkal/StageM2/Control_genomes/results/Viral_Homology_resultsGCA_914767935.1/run_mmseqs2/result_mmseqs2_summary_V.m8
/beegfs/data/soukkal/StageM2/Control_genomes/results/Viral_Homology_resultsGCA_001017275.1/run_mmseqs2/result_mmseqs2_summary_V.m8
/beegfs/data/soukkal/StageM2/Control_genomes/results/Viral_Homology_resultsGCA_001015175.1/run_mmseqs2/result_mmseqs2_summary_V.m8
/beegfs/data/soukkal/StageM2/Control_genomes/results/Viral_Homology_resultsGCA_905231855.2/run_mmseqs2/result_mmseqs2_summary_V.m8
/beegfs/data/soukkal/StageM2/Control_genomes/results/Viral_Homology_resultsGCA_017309665.1/run_mmseqs2/result_mmseqs2_summary_V.m8
/beegfs/data/soukkal/StageM2/Control_genomes/results/Viral_Homology_resultsGCA_001014935.1/run_mmseqs2/result_mmseqs2_summary_V.m8
/beegfs/data/soukkal/StageM2/Control_genomes/results/Viral_Homology_resultsGCA_001015115.1/run_mmseqs2/result_mmseqs2_summary_V.m8
/beegfs/data/soukkal/StageM2/Control_genomes/results/Viral_Homology_resultsGCA_003952975.1/run_mmseqs2/result_mmseqs2_summary_V.m8
/beegfs/data/soukkal/StageM2/Control_genomes/results/Viral_Homology_resultsGCF_014805625.1/run_mmseqs2/result_mmseqs2_summary_V.m8
/beegfs/data/soukkal/StageM2/Control_genomes/results/Viral_Homology_resultsGCA_001014415.1/run_mmseqs2/result_mmseqs2_summary_V.m8
/beegfs/data/soukkal/StageM2/Control_genomes/results/Viral_Homology_resultsGCA_907269105.1/run_mmseqs2/result_mmseqs2_summary_V.m8
/beegfs/data/soukkal/StageM2/Control_genomes/results/Viral_Homology_resultsGCA_005959815.1/run_mmseqs2/result_mmseqs2_summary_V.m8
/beegfs/data/soukkal/StageM2/Control_genomes/results/Viral_Homology_resultsGCF_013731165.1/run_mmseqs2/result_mmseqs2_summary_V.m8
/beegfs/data/soukkal/StageM2/Control_genomes/results/Viral_Homology_resultsGCA_001017515.1/run_mmseqs2/result_mmseqs2_summary_V.m8
/beegfs/data/soukkal/StageM2/Control_genomes/results/Viral_Homology_resultsGCA_914767635.1/run_mmseqs2/result_mmseqs2_summary_V.m8
/beegfs/data/soukkal/StageM2/Control_genomes/results/Viral_Homology_resultsGCA_020466095.1/run_mmseqs2/result_mmseqs2_summary_V.m8
/beegfs/data/soukkal/StageM2/Control_genomes/results/Viral_Homology_resultsGCA_004302925.1/run_mmseqs2/result_mmseqs2_summary_V.m8
/beegfs/data/soukkal/StageM2/Control_genomes/results/Viral_Homology_resultsGCA_001015075.1/run_mmseqs2/result_mmseqs2_summary_V.m8
/beegfs/data/soukkal/StageM2/Control_genomes/results/Viral_Homology_resultsGCA_003055125.1/run_mmseqs2/result_mmseqs2_summary_V.m8
/beegfs/data/soukkal/StageM2/Control_genomes/results/Viral_Homology_resultsGCF_013340165.1/run_mmseqs2/result_mmseqs2_summary_V.m8
/beegfs/data/soukkal/StageM2/Control_genomes/results/Viral_Homology_resultsGCF_000001215.4/run_mmseqs2/result_mmseqs2_summary_V.m8
/beegfs/data/soukkal/StageM2/Control_genomes/results/Viral_Homology_resultsGCA_003123925.1/run_mmseqs2/result_mmseqs2_summary_V.m8
/beegfs/data/soukkal/StageM2/Control_genomes/results/Viral_Homology_resultsGCA_922984085.1/run_mmseqs2/result_mmseqs2_summary_V.m8
/beegfs/data/soukkal/StageM2/Control_genomes/results/Viral_Homology_resultsGCA_920105625.1/run_mmseqs2/result_mmseqs2_summary_V.m8
/beegfs/data/soukkal/StageM2/Control_genomes/results/Viral_Homology_resultsGCA_916048285.2/run_mmseqs2/result_mmseqs2_summary_V.m8
/beegfs/data/soukkal/StageM2/Control_genomes/results/Viral_Homology_resultsGCA_014858695.1/run_mmseqs2/result_mmseqs2_summary_V.m8
