Building DAG of jobs...
Using shell: /usr/bin/bash
Provided cores: 200
Rules claiming more threads will be scaled down.
Job counts:
	count	jobs
	37	Define_loci
	37	Extract_loci
	112

[Wed Apr  6 09:02:11 2022]
rule Define_loci:
    input: /beegfs/data/soukkal/StageM2/Tachinids_genomes/results/Viral_Homology_results/houghia_brevipilosa/run_mmseqs2/result_mmseqs2.m8
    output: /beegfs/data/soukkal/StageM2/Tachinids_genomes/results/Viral_Homology_results/houghia_brevipilosa/run_mmseqs2/result_mmseqs2_strand_V.m8, /beegfs/data/soukkal/StageM2/Tachinids_genomes/results/Viral_Homology_results/houghia_brevipilosa/run_mmseqs2/result_mmseqs2_strand_summary_V.bed
    jobid: 48
    wildcards: Genome_ID=houghia_brevipilosa


[Wed Apr  6 09:02:11 2022]
rule Define_loci:
    input: /beegfs/data/soukkal/StageM2/Tachinids_genomes/results/Viral_Homology_results/leskia_janzen27/run_mmseqs2/result_mmseqs2.m8
    output: /beegfs/data/soukkal/StageM2/Tachinids_genomes/results/Viral_Homology_results/leskia_janzen27/run_mmseqs2/result_mmseqs2_strand_V.m8, /beegfs/data/soukkal/StageM2/Tachinids_genomes/results/Viral_Homology_results/leskia_janzen27/run_mmseqs2/result_mmseqs2_strand_summary_V.bed
    jobid: 62
    wildcards: Genome_ID=leskia_janzen27


[Wed Apr  6 09:02:11 2022]
rule Define_loci:
    input: /beegfs/data/soukkal/StageM2/Tachinids_genomes/results/Viral_Homology_results/siphosturmia_rafaelidhj03/run_mmseqs2/result_mmseqs2.m8
    output: /beegfs/data/soukkal/StageM2/Tachinids_genomes/results/Viral_Homology_results/siphosturmia_rafaelidhj03/run_mmseqs2/result_mmseqs2_strand_V.m8, /beegfs/data/soukkal/StageM2/Tachinids_genomes/results/Viral_Homology_results/siphosturmia_rafaelidhj03/run_mmseqs2/result_mmseqs2_strand_summary_V.bed
    jobid: 70
    wildcards: Genome_ID=siphosturmia_rafaelidhj03


[Wed Apr  6 09:02:11 2022]
rule Define_loci:
    input: /beegfs/data/soukkal/StageM2/Tachinids_genomes/results/Viral_Homology_results/genea_wood01/run_mmseqs2/result_mmseqs2.m8
    output: /beegfs/data/soukkal/StageM2/Tachinids_genomes/results/Viral_Homology_results/genea_wood01/run_mmseqs2/result_mmseqs2_strand_V.m8, /beegfs/data/soukkal/StageM2/Tachinids_genomes/results/Viral_Homology_results/genea_wood01/run_mmseqs2/result_mmseqs2_strand_summary_V.bed
    jobid: 42
    wildcards: Genome_ID=genea_wood01


[Wed Apr  6 09:02:11 2022]
rule Define_loci:
    input: /beegfs/data/soukkal/StageM2/Tachinids_genomes/results/Viral_Homology_results/hyphantrophaga_wood11/run_mmseqs2/result_mmseqs2.m8
    output: /beegfs/data/soukkal/StageM2/Tachinids_genomes/results/Viral_Homology_results/hyphantrophaga_wood11/run_mmseqs2/result_mmseqs2_strand_V.m8, /beegfs/data/soukkal/StageM2/Tachinids_genomes/results/Viral_Homology_results/hyphantrophaga_wood11/run_mmseqs2/result_mmseqs2_strand_summary_V.bed
    jobid: 56
    wildcards: Genome_ID=hyphantrophaga_wood11


[Wed Apr  6 09:02:11 2022]
rule Define_loci:
    input: /beegfs/data/soukkal/StageM2/Tachinids_genomes/results/Viral_Homology_results/atacta_brasiliensisdhj01/run_mmseqs2/result_mmseqs2.m8
    output: /beegfs/data/soukkal/StageM2/Tachinids_genomes/results/Viral_Homology_results/atacta_brasiliensisdhj01/run_mmseqs2/result_mmseqs2_strand_V.m8, /beegfs/data/soukkal/StageM2/Tachinids_genomes/results/Viral_Homology_results/atacta_brasiliensisdhj01/run_mmseqs2/result_mmseqs2_strand_summary_V.bed
    jobid: 49
    wildcards: Genome_ID=atacta_brasiliensisdhj01


[Wed Apr  6 09:02:11 2022]
rule Define_loci:
    input: /beegfs/data/soukkal/StageM2/Tachinids_genomes/results/Viral_Homology_results/chetogena_scutellarisdhj01/run_mmseqs2/result_mmseqs2.m8
    output: /beegfs/data/soukkal/StageM2/Tachinids_genomes/results/Viral_Homology_results/chetogena_scutellarisdhj01/run_mmseqs2/result_mmseqs2_strand_V.m8, /beegfs/data/soukkal/StageM2/Tachinids_genomes/results/Viral_Homology_results/chetogena_scutellarisdhj01/run_mmseqs2/result_mmseqs2_strand_summary_V.bed
    jobid: 63
    wildcards: Genome_ID=chetogena_scutellarisdhj01


[Wed Apr  6 09:02:11 2022]
rule Define_loci:
    input: /beegfs/data/soukkal/StageM2/Tachinids_genomes/results/Viral_Homology_results/chrysotachina_wood01/run_mmseqs2/result_mmseqs2.m8
    output: /beegfs/data/soukkal/StageM2/Tachinids_genomes/results/Viral_Homology_results/chrysotachina_wood01/run_mmseqs2/result_mmseqs2_strand_V.m8, /beegfs/data/soukkal/StageM2/Tachinids_genomes/results/Viral_Homology_results/chrysotachina_wood01/run_mmseqs2/result_mmseqs2_strand_summary_V.bed
    jobid: 69
    wildcards: Genome_ID=chrysotachina_wood01


[Wed Apr  6 09:02:11 2022]
rule Define_loci:
    input: /beegfs/data/soukkal/StageM2/Tachinids_genomes/results/Viral_Homology_results/chrysotachina_wood02dhj02/run_mmseqs2/result_mmseqs2.m8
    output: /beegfs/data/soukkal/StageM2/Tachinids_genomes/results/Viral_Homology_results/chrysotachina_wood02dhj02/run_mmseqs2/result_mmseqs2_strand_V.m8, /beegfs/data/soukkal/StageM2/Tachinids_genomes/results/Viral_Homology_results/chrysotachina_wood02dhj02/run_mmseqs2/result_mmseqs2_strand_summary_V.bed
    jobid: 71
    wildcards: Genome_ID=chrysotachina_wood02dhj02


[Wed Apr  6 09:02:11 2022]
rule Define_loci:
    input: /beegfs/data/soukkal/StageM2/Tachinids_genomes/results/Viral_Homology_results/calolydella_erasmocoronadoi/run_mmseqs2/result_mmseqs2.m8
    output: /beegfs/data/soukkal/StageM2/Tachinids_genomes/results/Viral_Homology_results/calolydella_erasmocoronadoi/run_mmseqs2/result_mmseqs2_strand_V.m8, /beegfs/data/soukkal/StageM2/Tachinids_genomes/results/Viral_Homology_results/calolydella_erasmocoronadoi/run_mmseqs2/result_mmseqs2_strand_summary_V.bed
    jobid: 57
    wildcards: Genome_ID=calolydella_erasmocoronadoi


[Wed Apr  6 09:02:11 2022]
rule Define_loci:
    input: /beegfs/data/soukkal/StageM2/Tachinids_genomes/results/Viral_Homology_results/argyrochaetona_cubanadhj02/run_mmseqs2/result_mmseqs2.m8
    output: /beegfs/data/soukkal/StageM2/Tachinids_genomes/results/Viral_Homology_results/argyrochaetona_cubanadhj02/run_mmseqs2/result_mmseqs2_strand_V.m8, /beegfs/data/soukkal/StageM2/Tachinids_genomes/results/Viral_Homology_results/argyrochaetona_cubanadhj02/run_mmseqs2/result_mmseqs2_strand_summary_V.bed
    jobid: 43
    wildcards: Genome_ID=argyrochaetona_cubanadhj02


[Wed Apr  6 09:02:12 2022]
rule Define_loci:
    input: /beegfs/data/soukkal/StageM2/Tachinids_genomes/results/Viral_Homology_results/houghia_graciloides/run_mmseqs2/result_mmseqs2.m8
    output: /beegfs/data/soukkal/StageM2/Tachinids_genomes/results/Viral_Homology_results/houghia_graciloides/run_mmseqs2/result_mmseqs2_strand_V.m8, /beegfs/data/soukkal/StageM2/Tachinids_genomes/results/Viral_Homology_results/houghia_graciloides/run_mmseqs2/result_mmseqs2_strand_summary_V.bed
    jobid: 50
    wildcards: Genome_ID=houghia_graciloides


[Wed Apr  6 09:02:12 2022]
rule Define_loci:
    input: /beegfs/data/soukkal/StageM2/Tachinids_genomes/results/Viral_Homology_results/leskia_wood01dhj03/run_mmseqs2/result_mmseqs2.m8
    output: /beegfs/data/soukkal/StageM2/Tachinids_genomes/results/Viral_Homology_results/leskia_wood01dhj03/run_mmseqs2/result_mmseqs2_strand_V.m8, /beegfs/data/soukkal/StageM2/Tachinids_genomes/results/Viral_Homology_results/leskia_wood01dhj03/run_mmseqs2/result_mmseqs2_strand_summary_V.bed
    jobid: 64
    wildcards: Genome_ID=leskia_wood01dhj03


[Wed Apr  6 09:02:12 2022]
rule Define_loci:
    input: /beegfs/data/soukkal/StageM2/Tachinids_genomes/results/Viral_Homology_results/jurinella_wood01/run_mmseqs2/result_mmseqs2.m8
    output: /beegfs/data/soukkal/StageM2/Tachinids_genomes/results/Viral_Homology_results/jurinella_wood01/run_mmseqs2/result_mmseqs2_strand_V.m8, /beegfs/data/soukkal/StageM2/Tachinids_genomes/results/Viral_Homology_results/jurinella_wood01/run_mmseqs2/result_mmseqs2_strand_summary_V.bed
    jobid: 58
    wildcards: Genome_ID=jurinella_wood01


[Wed Apr  6 09:02:12 2022]
rule Define_loci:
    input: /beegfs/data/soukkal/StageM2/Tachinids_genomes/results/Viral_Homology_results/genea_wood03dhj01/run_mmseqs2/result_mmseqs2.m8
    output: /beegfs/data/soukkal/StageM2/Tachinids_genomes/results/Viral_Homology_results/genea_wood03dhj01/run_mmseqs2/result_mmseqs2_strand_V.m8, /beegfs/data/soukkal/StageM2/Tachinids_genomes/results/Viral_Homology_results/genea_wood03dhj01/run_mmseqs2/result_mmseqs2_strand_summary_V.bed
    jobid: 44
    wildcards: Genome_ID=genea_wood03dhj01


[Wed Apr  6 09:02:12 2022]
rule Define_loci:
    input: /beegfs/data/soukkal/StageM2/Tachinids_genomes/results/Viral_Homology_results/siphosturmia_wood02/run_mmseqs2/result_mmseqs2.m8
    output: /beegfs/data/soukkal/StageM2/Tachinids_genomes/results/Viral_Homology_results/siphosturmia_wood02/run_mmseqs2/result_mmseqs2_strand_V.m8, /beegfs/data/soukkal/StageM2/Tachinids_genomes/results/Viral_Homology_results/siphosturmia_wood02/run_mmseqs2/result_mmseqs2_strand_summary_V.bed
    jobid: 72
    wildcards: Genome_ID=siphosturmia_wood02


[Wed Apr  6 09:02:12 2022]
rule Define_loci:
    input: /beegfs/data/soukkal/StageM2/Tachinids_genomes/results/Viral_Homology_results/austrophorocera_wood05/run_mmseqs2/result_mmseqs2.m8
    output: /beegfs/data/soukkal/StageM2/Tachinids_genomes/results/Viral_Homology_results/austrophorocera_wood05/run_mmseqs2/result_mmseqs2_strand_V.m8, /beegfs/data/soukkal/StageM2/Tachinids_genomes/results/Viral_Homology_results/austrophorocera_wood05/run_mmseqs2/result_mmseqs2_strand_summary_V.bed
    jobid: 51
    wildcards: Genome_ID=austrophorocera_wood05


[Wed Apr  6 09:02:12 2022]
rule Define_loci:
    input: /beegfs/data/soukkal/StageM2/Tachinids_genomes/results/Viral_Homology_results/chrysoexorista_wood01dhj02/run_mmseqs2/result_mmseqs2.m8
    output: /beegfs/data/soukkal/StageM2/Tachinids_genomes/results/Viral_Homology_results/chrysoexorista_wood01dhj02/run_mmseqs2/result_mmseqs2_strand_V.m8, /beegfs/data/soukkal/StageM2/Tachinids_genomes/results/Viral_Homology_results/chrysoexorista_wood01dhj02/run_mmseqs2/result_mmseqs2_strand_summary_V.bed
    jobid: 65
    wildcards: Genome_ID=chrysoexorista_wood01dhj02


[Wed Apr  6 09:02:12 2022]
rule Define_loci:
    input: /beegfs/data/soukkal/StageM2/Tachinids_genomes/results/Viral_Homology_results/calolydella_timjamesi/run_mmseqs2/result_mmseqs2.m8
    output: /beegfs/data/soukkal/StageM2/Tachinids_genomes/results/Viral_Homology_results/calolydella_timjamesi/run_mmseqs2/result_mmseqs2_strand_V.m8, /beegfs/data/soukkal/StageM2/Tachinids_genomes/results/Viral_Homology_results/calolydella_timjamesi/run_mmseqs2/result_mmseqs2_strand_summary_V.bed
    jobid: 59
    wildcards: Genome_ID=calolydella_timjamesi


[Wed Apr  6 09:02:12 2022]
rule Define_loci:
    input: /beegfs/data/soukkal/StageM2/Tachinids_genomes/results/Viral_Homology_results/argyrophylax_albincisadhj04/run_mmseqs2/result_mmseqs2.m8
    output: /beegfs/data/soukkal/StageM2/Tachinids_genomes/results/Viral_Homology_results/argyrophylax_albincisadhj04/run_mmseqs2/result_mmseqs2_strand_V.m8, /beegfs/data/soukkal/StageM2/Tachinids_genomes/results/Viral_Homology_results/argyrophylax_albincisadhj04/run_mmseqs2/result_mmseqs2_strand_summary_V.bed
    jobid: 45
    wildcards: Genome_ID=argyrophylax_albincisadhj04


[Wed Apr  6 09:02:12 2022]
rule Define_loci:
    input: /beegfs/data/soukkal/StageM2/Tachinids_genomes/results/Viral_Homology_results/cordyligaster_capellii/run_mmseqs2/result_mmseqs2.m8
    output: /beegfs/data/soukkal/StageM2/Tachinids_genomes/results/Viral_Homology_results/cordyligaster_capellii/run_mmseqs2/result_mmseqs2_strand_V.m8, /beegfs/data/soukkal/StageM2/Tachinids_genomes/results/Viral_Homology_results/cordyligaster_capellii/run_mmseqs2/result_mmseqs2_strand_summary_V.bed
    jobid: 73
    wildcards: Genome_ID=cordyligaster_capellii


[Wed Apr  6 09:02:12 2022]
rule Define_loci:
    input: /beegfs/data/soukkal/StageM2/Tachinids_genomes/results/Viral_Homology_results/belvosia_woodley10/run_mmseqs2/result_mmseqs2.m8
    output: /beegfs/data/soukkal/StageM2/Tachinids_genomes/results/Viral_Homology_results/belvosia_woodley10/run_mmseqs2/result_mmseqs2_strand_V.m8, /beegfs/data/soukkal/StageM2/Tachinids_genomes/results/Viral_Homology_results/belvosia_woodley10/run_mmseqs2/result_mmseqs2_strand_summary_V.bed
    jobid: 55
    wildcards: Genome_ID=belvosia_woodley10


[Wed Apr  6 09:02:12 2022]
rule Define_loci:
    input: /beegfs/data/soukkal/StageM2/Tachinids_genomes/results/Viral_Homology_results/houghia_pallida/run_mmseqs2/result_mmseqs2.m8
    output: /beegfs/data/soukkal/StageM2/Tachinids_genomes/results/Viral_Homology_results/houghia_pallida/run_mmseqs2/result_mmseqs2_strand_V.m8, /beegfs/data/soukkal/StageM2/Tachinids_genomes/results/Viral_Homology_results/houghia_pallida/run_mmseqs2/result_mmseqs2_strand_summary_V.bed
    jobid: 52
    wildcards: Genome_ID=houghia_pallida


[Wed Apr  6 09:02:12 2022]
rule Define_loci:
    input: /beegfs/data/soukkal/StageM2/Tachinids_genomes/results/Viral_Homology_results/lixophaga_wood06/run_mmseqs2/result_mmseqs2.m8
    output: /beegfs/data/soukkal/StageM2/Tachinids_genomes/results/Viral_Homology_results/lixophaga_wood06/run_mmseqs2/result_mmseqs2_strand_V.m8, /beegfs/data/soukkal/StageM2/Tachinids_genomes/results/Viral_Homology_results/lixophaga_wood06/run_mmseqs2/result_mmseqs2_strand_summary_V.bed
    jobid: 66
    wildcards: Genome_ID=lixophaga_wood06


[Wed Apr  6 09:02:12 2022]
rule Define_loci:
    input: /beegfs/data/soukkal/StageM2/Tachinids_genomes/results/Viral_Homology_results/leschenaultia_wood15/run_mmseqs2/result_mmseqs2.m8
    output: /beegfs/data/soukkal/StageM2/Tachinids_genomes/results/Viral_Homology_results/leschenaultia_wood15/run_mmseqs2/result_mmseqs2_strand_V.m8, /beegfs/data/soukkal/StageM2/Tachinids_genomes/results/Viral_Homology_results/leschenaultia_wood15/run_mmseqs2/result_mmseqs2_strand_summary_V.bed
    jobid: 60
    wildcards: Genome_ID=leschenaultia_wood15


[Wed Apr  6 09:02:12 2022]
rule Define_loci:
    input: /beegfs/data/soukkal/StageM2/Tachinids_genomes/results/Viral_Homology_results/houghia_bivittata/run_mmseqs2/result_mmseqs2.m8
    output: /beegfs/data/soukkal/StageM2/Tachinids_genomes/results/Viral_Homology_results/houghia_bivittata/run_mmseqs2/result_mmseqs2_strand_V.m8, /beegfs/data/soukkal/StageM2/Tachinids_genomes/results/Viral_Homology_results/houghia_bivittata/run_mmseqs2/result_mmseqs2_strand_summary_V.bed
    jobid: 46
    wildcards: Genome_ID=houghia_bivittata


[Wed Apr  6 09:02:12 2022]
rule Define_loci:
    input: /beegfs/data/soukkal/StageM2/Tachinids_genomes/results/Viral_Homology_results/zizyphomyia_argutadhj02/run_mmseqs2/result_mmseqs2.m8
    output: /beegfs/data/soukkal/StageM2/Tachinids_genomes/results/Viral_Homology_results/zizyphomyia_argutadhj02/run_mmseqs2/result_mmseqs2_strand_V.m8, /beegfs/data/soukkal/StageM2/Tachinids_genomes/results/Viral_Homology_results/zizyphomyia_argutadhj02/run_mmseqs2/result_mmseqs2_strand_summary_V.bed
    jobid: 74
    wildcards: Genome_ID=zizyphomyia_argutadhj02


[Wed Apr  6 09:02:12 2022]
rule Define_loci:
    input: /beegfs/data/soukkal/StageM2/Tachinids_genomes/results/Viral_Homology_results/belvosia_woodley07g/run_mmseqs2/result_mmseqs2.m8
    output: /beegfs/data/soukkal/StageM2/Tachinids_genomes/results/Viral_Homology_results/belvosia_woodley07g/run_mmseqs2/result_mmseqs2_strand_V.m8, /beegfs/data/soukkal/StageM2/Tachinids_genomes/results/Viral_Homology_results/belvosia_woodley07g/run_mmseqs2/result_mmseqs2_strand_summary_V.bed
    jobid: 53
    wildcards: Genome_ID=belvosia_woodley07g


[Wed Apr  6 09:02:13 2022]
rule Define_loci:
    input: /beegfs/data/soukkal/StageM2/Tachinids_genomes/results/Viral_Homology_results/aplomyopsis_wood01/run_mmseqs2/result_mmseqs2.m8
    output: /beegfs/data/soukkal/StageM2/Tachinids_genomes/results/Viral_Homology_results/aplomyopsis_wood01/run_mmseqs2/result_mmseqs2_strand_V.m8, /beegfs/data/soukkal/StageM2/Tachinids_genomes/results/Viral_Homology_results/aplomyopsis_wood01/run_mmseqs2/result_mmseqs2_strand_summary_V.bed
    jobid: 39
    wildcards: Genome_ID=aplomyopsis_wood01


[Wed Apr  6 09:02:13 2022]
rule Define_loci:
    input: /beegfs/data/soukkal/StageM2/Tachinids_genomes/results/Viral_Homology_results/chrysoexorista_wood04/run_mmseqs2/result_mmseqs2.m8
    output: /beegfs/data/soukkal/StageM2/Tachinids_genomes/results/Viral_Homology_results/chrysoexorista_wood04/run_mmseqs2/result_mmseqs2_strand_V.m8, /beegfs/data/soukkal/StageM2/Tachinids_genomes/results/Viral_Homology_results/chrysoexorista_wood04/run_mmseqs2/result_mmseqs2_strand_summary_V.bed
    jobid: 67
    wildcards: Genome_ID=chrysoexorista_wood04


[Wed Apr  6 09:02:13 2022]
rule Define_loci:
    input: /beegfs/data/soukkal/StageM2/Tachinids_genomes/results/Viral_Homology_results/campylocheta_wood03/run_mmseqs2/result_mmseqs2.m8
    output: /beegfs/data/soukkal/StageM2/Tachinids_genomes/results/Viral_Homology_results/campylocheta_wood03/run_mmseqs2/result_mmseqs2_strand_V.m8, /beegfs/data/soukkal/StageM2/Tachinids_genomes/results/Viral_Homology_results/campylocheta_wood03/run_mmseqs2/result_mmseqs2_strand_summary_V.bed
    jobid: 61
    wildcards: Genome_ID=campylocheta_wood03


[Wed Apr  6 09:02:13 2022]
rule Define_loci:
    input: /beegfs/data/soukkal/StageM2/Tachinids_genomes/results/Viral_Homology_results/argyrophylax_wood05/run_mmseqs2/result_mmseqs2.m8
    output: /beegfs/data/soukkal/StageM2/Tachinids_genomes/results/Viral_Homology_results/argyrophylax_wood05/run_mmseqs2/result_mmseqs2_strand_V.m8, /beegfs/data/soukkal/StageM2/Tachinids_genomes/results/Viral_Homology_results/argyrophylax_wood05/run_mmseqs2/result_mmseqs2_strand_summary_V.bed
    jobid: 47
    wildcards: Genome_ID=argyrophylax_wood05


[Wed Apr  6 09:02:13 2022]
rule Define_loci:
    input: /beegfs/data/soukkal/StageM2/Tachinids_genomes/results/Viral_Homology_results/drino_wood06dhj01/run_mmseqs2/result_mmseqs2.m8
    output: /beegfs/data/soukkal/StageM2/Tachinids_genomes/results/Viral_Homology_results/drino_wood06dhj01/run_mmseqs2/result_mmseqs2_strand_V.m8, /beegfs/data/soukkal/StageM2/Tachinids_genomes/results/Viral_Homology_results/drino_wood06dhj01/run_mmseqs2/result_mmseqs2_strand_summary_V.bed
    jobid: 75
    wildcards: Genome_ID=drino_wood06dhj01


[Wed Apr  6 09:02:13 2022]
rule Define_loci:
    input: /beegfs/data/soukkal/StageM2/Tachinids_genomes/results/Viral_Homology_results/hyphantrophaga_virilis/run_mmseqs2/result_mmseqs2.m8
    output: /beegfs/data/soukkal/StageM2/Tachinids_genomes/results/Viral_Homology_results/hyphantrophaga_virilis/run_mmseqs2/result_mmseqs2_strand_V.m8, /beegfs/data/soukkal/StageM2/Tachinids_genomes/results/Viral_Homology_results/hyphantrophaga_virilis/run_mmseqs2/result_mmseqs2_strand_summary_V.bed
    jobid: 54
    wildcards: Genome_ID=hyphantrophaga_virilis


[Wed Apr  6 09:02:13 2022]
rule Define_loci:
    input: /beegfs/data/soukkal/StageM2/Tachinids_genomes/results/Viral_Homology_results/drino_wood06dhj05/run_mmseqs2/result_mmseqs2.m8
    output: /beegfs/data/soukkal/StageM2/Tachinids_genomes/results/Viral_Homology_results/drino_wood06dhj05/run_mmseqs2/result_mmseqs2_strand_V.m8, /beegfs/data/soukkal/StageM2/Tachinids_genomes/results/Viral_Homology_results/drino_wood06dhj05/run_mmseqs2/result_mmseqs2_strand_summary_V.bed
    jobid: 40
    wildcards: Genome_ID=drino_wood06dhj05


[Wed Apr  6 09:02:13 2022]
rule Define_loci:
    input: /beegfs/data/soukkal/StageM2/Tachinids_genomes/results/Viral_Homology_results/lixophaga_wood09/run_mmseqs2/result_mmseqs2.m8
    output: /beegfs/data/soukkal/StageM2/Tachinids_genomes/results/Viral_Homology_results/lixophaga_wood09/run_mmseqs2/result_mmseqs2_strand_V.m8, /beegfs/data/soukkal/StageM2/Tachinids_genomes/results/Viral_Homology_results/lixophaga_wood09/run_mmseqs2/result_mmseqs2_strand_summary_V.bed
    jobid: 68
    wildcards: Genome_ID=lixophaga_wood09


[Wed Apr  6 09:02:13 2022]
rule Define_loci:
    input: /beegfs/data/soukkal/StageM2/Tachinids_genomes/results/Viral_Homology_results/archytas_wood02/run_mmseqs2/result_mmseqs2.m8
    output: /beegfs/data/soukkal/StageM2/Tachinids_genomes/results/Viral_Homology_results/archytas_wood02/run_mmseqs2/result_mmseqs2_strand_V.m8, /beegfs/data/soukkal/StageM2/Tachinids_genomes/results/Viral_Homology_results/archytas_wood02/run_mmseqs2/result_mmseqs2_strand_summary_V.bed
    jobid: 41
    wildcards: Genome_ID=archytas_wood02

[Wed Apr  6 09:02:54 2022]
Finished job 73.
1 of 112 steps (0.89%) done

[Wed Apr  6 09:02:54 2022]
rule Extract_loci:
    input: /beegfs/data/soukkal/StageM2/Tachinids_genomes/results/Viral_Homology_results/cordyligaster_capellii/run_mmseqs2/result_mmseqs2_strand_summary_V.bed, /beegfs/data/soukkal/StageM2/Tachinids_genomes/genomes/cordyligaster_capellii.fna
    output: /beegfs/data/soukkal/StageM2/Tachinids_genomes/results/Viral_Homology_results/cordyligaster_capellii/Test.bed, /beegfs/data/soukkal/StageM2/Tachinids_genomes/results/Viral_Homology_results/cordyligaster_capellii/run_mmseqs2/Result.bed, /beegfs/data/soukkal/StageM2/Tachinids_genomes/results/Viral_Homology_results/cordyligaster_capellii/Fasta_viral_loci1.fna, /beegfs/data/soukkal/StageM2/Tachinids_genomes/results/Viral_Homology_results/cordyligaster_capellii/Fasta_viral_loci.fna
    jobid: 110
    wildcards: Genome_ID=cordyligaster_capellii

