Building DAG of jobs...
Using shell: /usr/bin/bash
Provided cluster nodes: 200
Job counts:
	count	jobs
	40	Define_loci
	40	Extract_loci
	31	Homology_analysis
	40	Translate_loci
	152

[Fri Apr  1 10:23:41 2022]
rule Homology_analysis:
    input: /beegfs/data/soukkal/StageM2/Databases/Refseq_viral_db_nophages_nopolydna, /beegfs/data/soukkal/StageM2/Control_genomes/genomes/GCA_916050605.2.fna
    output: /beegfs/data/soukkal/StageM2/Control_genomes/results/Viral_Homology_results/GCA_916050605.2/run_mmseqs2/result_mmseqs2.m8
    jobid: 27
    wildcards: Genome_ID=GCA_916050605.2

Submitted job 27 with external jobid 'Submitted batch job 3591432'.

[Fri Apr  1 10:23:41 2022]
rule Define_loci:
    input: /beegfs/data/soukkal/StageM2/Control_genomes/results/Viral_Homology_results/GCA_001014415.1/run_mmseqs2/result_mmseqs2.m8
    output: /beegfs/data/soukkal/StageM2/Control_genomes/results/Viral_Homology_results/GCA_001014415.1/run_mmseqs2/result_mmseqs2_strand_V.m8, /beegfs/data/soukkal/StageM2/Control_genomes/results/Viral_Homology_results/GCA_001014415.1/run_mmseqs2/result_mmseqs2_strand_summary_V.m8
    jobid: 42
    wildcards: Genome_ID=GCA_001014415.1

Submitted job 42 with external jobid 'Submitted batch job 3591433'.

[Fri Apr  1 10:23:41 2022]
rule Homology_analysis:
    input: /beegfs/data/soukkal/StageM2/Databases/Refseq_viral_db_nophages_nopolydna, /beegfs/data/soukkal/StageM2/Control_genomes/genomes/GCF_016617805.1.fna
    output: /beegfs/data/soukkal/StageM2/Control_genomes/results/Viral_Homology_results/GCF_016617805.1/run_mmseqs2/result_mmseqs2.m8
    jobid: 41
    wildcards: Genome_ID=GCF_016617805.1

Submitted job 41 with external jobid 'Submitted batch job 3591434'.

[Fri Apr  1 10:23:42 2022]
rule Homology_analysis:
    input: /beegfs/data/soukkal/StageM2/Databases/Refseq_viral_db_nophages_nopolydna, /beegfs/data/soukkal/StageM2/Control_genomes/genomes/GCA_920104205.1.fna
    output: /beegfs/data/soukkal/StageM2/Control_genomes/results/Viral_Homology_results/GCA_920104205.1/run_mmseqs2/result_mmseqs2.m8
    jobid: 29
    wildcards: Genome_ID=GCA_920104205.1

Submitted job 29 with external jobid 'Submitted batch job 3591435'.

[Fri Apr  1 10:23:42 2022]
rule Homology_analysis:
    input: /beegfs/data/soukkal/StageM2/Databases/Refseq_viral_db_nophages_nopolydna, /beegfs/data/soukkal/StageM2/Control_genomes/genomes/GCA_004302925.1.fna
    output: /beegfs/data/soukkal/StageM2/Control_genomes/results/Viral_Homology_results/GCA_004302925.1/run_mmseqs2/result_mmseqs2.m8
    jobid: 15
    wildcards: Genome_ID=GCA_004302925.1

Submitted job 15 with external jobid 'Submitted batch job 3591436'.

[Fri Apr  1 10:23:42 2022]
rule Homology_analysis:
    input: /beegfs/data/soukkal/StageM2/Databases/Refseq_viral_db_nophages_nopolydna, /beegfs/data/soukkal/StageM2/Control_genomes/genomes/GCA_905231855.2.fna
    output: /beegfs/data/soukkal/StageM2/Control_genomes/results/Viral_Homology_results/GCA_905231855.2/run_mmseqs2/result_mmseqs2.m8
    jobid: 22
    wildcards: Genome_ID=GCA_905231855.2

Submitted job 22 with external jobid 'Submitted batch job 3591437'.

[Fri Apr  1 10:23:42 2022]
rule Homology_analysis:
    input: /beegfs/data/soukkal/StageM2/Databases/Refseq_viral_db_nophages_nopolydna, /beegfs/data/soukkal/StageM2/Control_genomes/genomes/GCA_001015175.1.fna
    output: /beegfs/data/soukkal/StageM2/Control_genomes/results/Viral_Homology_results/GCA_001015175.1/run_mmseqs2/result_mmseqs2.m8
    jobid: 8
    wildcards: Genome_ID=GCA_001015175.1

Submitted job 8 with external jobid 'Submitted batch job 3591438'.

[Fri Apr  1 10:23:42 2022]
rule Homology_analysis:
    input: /beegfs/data/soukkal/StageM2/Databases/Refseq_viral_db_nophages_nopolydna, /beegfs/data/soukkal/StageM2/Control_genomes/genomes/GCF_002237135.1.fna
    output: /beegfs/data/soukkal/StageM2/Control_genomes/results/Viral_Homology_results/GCF_002237135.1/run_mmseqs2/result_mmseqs2.m8
    jobid: 36
    wildcards: Genome_ID=GCF_002237135.1

Submitted job 36 with external jobid 'Submitted batch job 3591439'.

[Fri Apr  1 10:23:42 2022]
rule Homology_analysis:
    input: /beegfs/data/soukkal/StageM2/Databases/Refseq_viral_db_nophages_nopolydna, /beegfs/data/soukkal/StageM2/Control_genomes/genomes/GCA_005959815.1.fna
    output: /beegfs/data/soukkal/StageM2/Control_genomes/results/Viral_Homology_results/GCA_005959815.1/run_mmseqs2/result_mmseqs2.m8
    jobid: 16
    wildcards: Genome_ID=GCA_005959815.1

Submitted job 16 with external jobid 'Submitted batch job 3591440'.

[Fri Apr  1 10:23:42 2022]
rule Homology_analysis:
    input: /beegfs/data/soukkal/StageM2/Databases/Refseq_viral_db_nophages_nopolydna, /beegfs/data/soukkal/StageM2/Control_genomes/genomes/GCA_920105625.1.fna
    output: /beegfs/data/soukkal/StageM2/Control_genomes/results/Viral_Homology_results/GCA_920105625.1/run_mmseqs2/result_mmseqs2.m8
    jobid: 30
    wildcards: Genome_ID=GCA_920105625.1

Submitted job 30 with external jobid 'Submitted batch job 3591441'.

[Fri Apr  1 10:23:42 2022]
rule Homology_analysis:
    input: /beegfs/data/soukkal/StageM2/Databases/Refseq_viral_db_nophages_nopolydna, /beegfs/data/soukkal/StageM2/Control_genomes/genomes/GCA_907269105.1.fna
    output: /beegfs/data/soukkal/StageM2/Control_genomes/results/Viral_Homology_results/GCA_907269105.1/run_mmseqs2/result_mmseqs2.m8
    jobid: 23
    wildcards: Genome_ID=GCA_907269105.1

Submitted job 23 with external jobid 'Submitted batch job 3591442'.

[Fri Apr  1 10:23:42 2022]
rule Homology_analysis:
    input: /beegfs/data/soukkal/StageM2/Databases/Refseq_viral_db_nophages_nopolydna, /beegfs/data/soukkal/StageM2/Control_genomes/genomes/GCF_009650485.1.fna
    output: /beegfs/data/soukkal/StageM2/Control_genomes/results/Viral_Homology_results/GCF_009650485.1/run_mmseqs2/result_mmseqs2.m8
    jobid: 37
    wildcards: Genome_ID=GCF_009650485.1

Submitted job 37 with external jobid 'Submitted batch job 3591443'.

[Fri Apr  1 10:23:42 2022]
rule Homology_analysis:
    input: /beegfs/data/soukkal/StageM2/Databases/Refseq_viral_db_nophages_nopolydna, /beegfs/data/soukkal/StageM2/Control_genomes/genomes/GCA_001017275.1.fna
    output: /beegfs/data/soukkal/StageM2/Control_genomes/results/Viral_Homology_results/GCA_001017275.1/run_mmseqs2/result_mmseqs2.m8
    jobid: 9
    wildcards: Genome_ID=GCA_001017275.1

Submitted job 9 with external jobid 'Submitted batch job 3591444'.

[Fri Apr  1 10:23:42 2022]
rule Homology_analysis:
    input: /beegfs/data/soukkal/StageM2/Databases/Refseq_viral_db_nophages_nopolydna, /beegfs/data/soukkal/StageM2/Control_genomes/genomes/GCA_001014575.1.fna
    output: /beegfs/data/soukkal/StageM2/Control_genomes/results/Viral_Homology_results/GCA_001014575.1/run_mmseqs2/result_mmseqs2.m8
    jobid: 3
    wildcards: Genome_ID=GCA_001014575.1

Submitted job 3 with external jobid 'Submitted batch job 3591445'.

[Fri Apr  1 10:23:42 2022]
rule Homology_analysis:
    input: /beegfs/data/soukkal/StageM2/Databases/Refseq_viral_db_nophages_nopolydna, /beegfs/data/soukkal/StageM2/Control_genomes/genomes/GCA_014858695.1.fna
    output: /beegfs/data/soukkal/StageM2/Control_genomes/results/Viral_Homology_results/GCA_014858695.1/run_mmseqs2/result_mmseqs2.m8
    jobid: 17
    wildcards: Genome_ID=GCA_014858695.1

Submitted job 17 with external jobid 'Submitted batch job 3591446'.

[Fri Apr  1 10:23:42 2022]
rule Homology_analysis:
    input: /beegfs/data/soukkal/StageM2/Databases/Refseq_viral_db_nophages_nopolydna, /beegfs/data/soukkal/StageM2/Control_genomes/genomes/GCA_922984085.1.fna
    output: /beegfs/data/soukkal/StageM2/Control_genomes/results/Viral_Homology_results/GCA_922984085.1/run_mmseqs2/result_mmseqs2.m8
    jobid: 31
    wildcards: Genome_ID=GCA_922984085.1

Submitted job 31 with external jobid 'Submitted batch job 3591447'.

[Fri Apr  1 10:23:42 2022]
rule Homology_analysis:
    input: /beegfs/data/soukkal/StageM2/Databases/Refseq_viral_db_nophages_nopolydna, /beegfs/data/soukkal/StageM2/Control_genomes/genomes/GCA_001017515.1.fna
    output: /beegfs/data/soukkal/StageM2/Control_genomes/results/Viral_Homology_results/GCA_001017515.1/run_mmseqs2/result_mmseqs2.m8
    jobid: 10
    wildcards: Genome_ID=GCA_001017515.1

Submitted job 10 with external jobid 'Submitted batch job 3591448'.

[Fri Apr  1 10:23:42 2022]
rule Homology_analysis:
    input: /beegfs/data/soukkal/StageM2/Databases/Refseq_viral_db_nophages_nopolydna, /beegfs/data/soukkal/StageM2/Control_genomes/genomes/GCA_914767635.1.fna
    output: /beegfs/data/soukkal/StageM2/Control_genomes/results/Viral_Homology_results/GCA_914767635.1/run_mmseqs2/result_mmseqs2.m8
    jobid: 24
    wildcards: Genome_ID=GCA_914767635.1

Submitted job 24 with external jobid 'Submitted batch job 3591449'.

[Fri Apr  1 10:23:42 2022]
rule Homology_analysis:
    input: /beegfs/data/soukkal/StageM2/Databases/Refseq_viral_db_nophages_nopolydna, /beegfs/data/soukkal/StageM2/Control_genomes/genomes/GCF_013340165.1.fna
    output: /beegfs/data/soukkal/StageM2/Control_genomes/results/Viral_Homology_results/GCF_013340165.1/run_mmseqs2/result_mmseqs2.m8
    jobid: 38
    wildcards: Genome_ID=GCF_013340165.1

Submitted job 38 with external jobid 'Submitted batch job 3591450'.

[Fri Apr  1 10:23:42 2022]
rule Homology_analysis:
    input: /beegfs/data/soukkal/StageM2/Databases/Refseq_viral_db_nophages_nopolydna, /beegfs/data/soukkal/StageM2/Control_genomes/genomes/GCA_001014675.1.fna
    output: /beegfs/data/soukkal/StageM2/Control_genomes/results/Viral_Homology_results/GCA_001014675.1/run_mmseqs2/result_mmseqs2.m8
    jobid: 4
    wildcards: Genome_ID=GCA_001014675.1

Submitted job 4 with external jobid 'Submitted batch job 3591451'.

[Fri Apr  1 10:23:42 2022]
rule Homology_analysis:
    input: /beegfs/data/soukkal/StageM2/Databases/Refseq_viral_db_nophages_nopolydna, /beegfs/data/soukkal/StageM2/Control_genomes/genomes/GCA_017309665.1.fna
    output: /beegfs/data/soukkal/StageM2/Control_genomes/results/Viral_Homology_results/GCA_017309665.1/run_mmseqs2/result_mmseqs2.m8
    jobid: 18
    wildcards: Genome_ID=GCA_017309665.1

Submitted job 18 with external jobid 'Submitted batch job 3591452'.

[Fri Apr  1 10:23:42 2022]
rule Homology_analysis:
    input: /beegfs/data/soukkal/StageM2/Databases/Refseq_viral_db_nophages_nopolydna, /beegfs/data/soukkal/StageM2/Control_genomes/genomes/GCF_000001215.4.fna
    output: /beegfs/data/soukkal/StageM2/Control_genomes/results/Viral_Homology_results/GCF_000001215.4/run_mmseqs2/result_mmseqs2.m8
    jobid: 32
    wildcards: Genome_ID=GCF_000001215.4

Submitted job 32 with external jobid 'Submitted batch job 3591453'.

[Fri Apr  1 10:23:42 2022]
rule Define_loci:
    input: /beegfs/data/soukkal/StageM2/Control_genomes/results/Viral_Homology_results/GCA_001015075.1/run_mmseqs2/result_mmseqs2.m8
    output: /beegfs/data/soukkal/StageM2/Control_genomes/results/Viral_Homology_results/GCA_001015075.1/run_mmseqs2/result_mmseqs2_strand_V.m8, /beegfs/data/soukkal/StageM2/Control_genomes/results/Viral_Homology_results/GCA_001015075.1/run_mmseqs2/result_mmseqs2_strand_summary_V.m8
    jobid: 46
    wildcards: Genome_ID=GCA_001015075.1

Submitted job 46 with external jobid 'Submitted batch job 3591454'.

[Fri Apr  1 10:23:42 2022]
rule Define_loci:
    input: /beegfs/data/soukkal/StageM2/Control_genomes/results/Viral_Homology_results/GCA_020466095.1/run_mmseqs2/result_mmseqs2.m8
    output: /beegfs/data/soukkal/StageM2/Control_genomes/results/Viral_Homology_results/GCA_020466095.1/run_mmseqs2/result_mmseqs2_strand_V.m8, /beegfs/data/soukkal/StageM2/Control_genomes/results/Viral_Homology_results/GCA_020466095.1/run_mmseqs2/result_mmseqs2_strand_summary_V.m8
    jobid: 60
    wildcards: Genome_ID=GCA_020466095.1

Submitted job 60 with external jobid 'Submitted batch job 3591455'.

[Fri Apr  1 10:23:42 2022]
rule Define_loci:
    input: /beegfs/data/soukkal/StageM2/Control_genomes/results/Viral_Homology_results/GCF_000699065.1/run_mmseqs2/result_mmseqs2.m8
    output: /beegfs/data/soukkal/StageM2/Control_genomes/results/Viral_Homology_results/GCF_000699065.1/run_mmseqs2/result_mmseqs2_strand_V.m8, /beegfs/data/soukkal/StageM2/Control_genomes/results/Viral_Homology_results/GCF_000699065.1/run_mmseqs2/result_mmseqs2_strand_summary_V.m8
    jobid: 74
    wildcards: Genome_ID=GCF_000699065.1

Submitted job 74 with external jobid 'Submitted batch job 3591456'.

[Fri Apr  1 10:23:42 2022]
rule Homology_analysis:
    input: /beegfs/data/soukkal/StageM2/Databases/Refseq_viral_db_nophages_nopolydna, /beegfs/data/soukkal/StageM2/Control_genomes/genomes/GCA_001735545.1.fna
    output: /beegfs/data/soukkal/StageM2/Control_genomes/results/Viral_Homology_results/GCA_001735545.1/run_mmseqs2/result_mmseqs2.m8
    jobid: 11
    wildcards: Genome_ID=GCA_001735545.1

Submitted job 11 with external jobid 'Submitted batch job 3591457'.

[Fri Apr  1 10:23:42 2022]
rule Homology_analysis:
    input: /beegfs/data/soukkal/StageM2/Databases/Refseq_viral_db_nophages_nopolydna, /beegfs/data/soukkal/StageM2/Control_genomes/genomes/GCA_914767935.1.fna
    output: /beegfs/data/soukkal/StageM2/Control_genomes/results/Viral_Homology_results/GCA_914767935.1/run_mmseqs2/result_mmseqs2.m8
    jobid: 25
    wildcards: Genome_ID=GCA_914767935.1

Submitted job 25 with external jobid 'Submitted batch job 3591458'.

[Fri Apr  1 10:23:43 2022]
rule Homology_analysis:
    input: /beegfs/data/soukkal/StageM2/Databases/Refseq_viral_db_nophages_nopolydna, /beegfs/data/soukkal/StageM2/Control_genomes/genomes/GCF_013731165.1.fna
    output: /beegfs/data/soukkal/StageM2/Control_genomes/results/Viral_Homology_results/GCF_013731165.1/run_mmseqs2/result_mmseqs2.m8
    jobid: 39
    wildcards: Genome_ID=GCF_013731165.1

Submitted job 39 with external jobid 'Submitted batch job 3591459'.

[Fri Apr  1 10:23:43 2022]
rule Homology_analysis:
    input: /beegfs/data/soukkal/StageM2/Databases/Refseq_viral_db_nophages_nopolydna, /beegfs/data/soukkal/StageM2/Control_genomes/genomes/GCA_001014935.1.fna
    output: /beegfs/data/soukkal/StageM2/Control_genomes/results/Viral_Homology_results/GCA_001014935.1/run_mmseqs2/result_mmseqs2.m8
    jobid: 5
    wildcards: Genome_ID=GCA_001014935.1

Submitted job 5 with external jobid 'Submitted batch job 3591460'.

[Fri Apr  1 10:23:43 2022]
rule Homology_analysis:
    input: /beegfs/data/soukkal/StageM2/Databases/Refseq_viral_db_nophages_nopolydna, /beegfs/data/soukkal/StageM2/Control_genomes/genomes/GCA_019455685.1.fna
    output: /beegfs/data/soukkal/StageM2/Control_genomes/results/Viral_Homology_results/GCA_019455685.1/run_mmseqs2/result_mmseqs2.m8
    jobid: 19
    wildcards: Genome_ID=GCA_019455685.1

Submitted job 19 with external jobid 'Submitted batch job 3591461'.

[Fri Apr  1 10:23:43 2022]
rule Homology_analysis:
    input: /beegfs/data/soukkal/StageM2/Databases/Refseq_viral_db_nophages_nopolydna, /beegfs/data/soukkal/StageM2/Control_genomes/genomes/GCF_000347755.3.fna
    output: /beegfs/data/soukkal/StageM2/Control_genomes/results/Viral_Homology_results/GCF_000347755.3/run_mmseqs2/result_mmseqs2.m8
    jobid: 33
    wildcards: Genome_ID=GCF_000347755.3

Submitted job 33 with external jobid 'Submitted batch job 3591462'.

[Fri Apr  1 10:23:43 2022]
rule Define_loci:
    input: /beegfs/data/soukkal/StageM2/Control_genomes/results/Viral_Homology_results/GCA_001015115.1/run_mmseqs2/result_mmseqs2.m8
    output: /beegfs/data/soukkal/StageM2/Control_genomes/results/Viral_Homology_results/GCA_001015115.1/run_mmseqs2/result_mmseqs2_strand_V.m8, /beegfs/data/soukkal/StageM2/Control_genomes/results/Viral_Homology_results/GCA_001015115.1/run_mmseqs2/result_mmseqs2_strand_summary_V.m8
    jobid: 47
    wildcards: Genome_ID=GCA_001015115.1

Submitted job 47 with external jobid 'Submitted batch job 3591463'.

[Fri Apr  1 10:23:43 2022]
rule Define_loci:
    input: /beegfs/data/soukkal/StageM2/Control_genomes/results/Viral_Homology_results/GCA_021234595.1/run_mmseqs2/result_mmseqs2.m8
    output: /beegfs/data/soukkal/StageM2/Control_genomes/results/Viral_Homology_results/GCA_021234595.1/run_mmseqs2/result_mmseqs2_strand_V.m8, /beegfs/data/soukkal/StageM2/Control_genomes/results/Viral_Homology_results/GCA_021234595.1/run_mmseqs2/result_mmseqs2_strand_summary_V.m8
    jobid: 61
    wildcards: Genome_ID=GCA_021234595.1

Submitted job 61 with external jobid 'Submitted batch job 3591464'.

[Fri Apr  1 10:23:43 2022]
rule Define_loci:
    input: /beegfs/data/soukkal/StageM2/Control_genomes/results/Viral_Homology_results/GCF_001015335.1/run_mmseqs2/result_mmseqs2.m8
    output: /beegfs/data/soukkal/StageM2/Control_genomes/results/Viral_Homology_results/GCF_001015335.1/run_mmseqs2/result_mmseqs2_strand_V.m8, /beegfs/data/soukkal/StageM2/Control_genomes/results/Viral_Homology_results/GCF_001015335.1/run_mmseqs2/result_mmseqs2_strand_summary_V.m8
    jobid: 75
    wildcards: Genome_ID=GCF_001015335.1

Submitted job 75 with external jobid 'Submitted batch job 3591465'.

[Fri Apr  1 10:23:43 2022]
rule Homology_analysis:
    input: /beegfs/data/soukkal/StageM2/Databases/Refseq_viral_db_nophages_nopolydna, /beegfs/data/soukkal/StageM2/Control_genomes/genomes/GCA_003055125.1.fna
    output: /beegfs/data/soukkal/StageM2/Control_genomes/results/Viral_Homology_results/GCA_003055125.1/run_mmseqs2/result_mmseqs2.m8
    jobid: 12
    wildcards: Genome_ID=GCA_003055125.1

Submitted job 12 with external jobid 'Submitted batch job 3591466'.

[Fri Apr  1 10:23:43 2022]
rule Homology_analysis:
    input: /beegfs/data/soukkal/StageM2/Databases/Refseq_viral_db_nophages_nopolydna, /beegfs/data/soukkal/StageM2/Control_genomes/genomes/GCA_916048285.2.fna
    output: /beegfs/data/soukkal/StageM2/Control_genomes/results/Viral_Homology_results/GCA_916048285.2/run_mmseqs2/result_mmseqs2.m8
    jobid: 26
    wildcards: Genome_ID=GCA_916048285.2

Submitted job 26 with external jobid 'Submitted batch job 3591467'.

[Fri Apr  1 10:23:43 2022]
rule Homology_analysis:
    input: /beegfs/data/soukkal/StageM2/Databases/Refseq_viral_db_nophages_nopolydna, /beegfs/data/soukkal/StageM2/Control_genomes/genomes/GCF_014805625.1.fna
    output: /beegfs/data/soukkal/StageM2/Control_genomes/results/Viral_Homology_results/GCF_014805625.1/run_mmseqs2/result_mmseqs2.m8
    jobid: 40
    wildcards: Genome_ID=GCF_014805625.1

Submitted job 40 with external jobid 'Submitted batch job 3591468'.

[Fri Apr  1 10:23:43 2022]
rule Define_loci:
    input: /beegfs/data/soukkal/StageM2/Control_genomes/results/Viral_Homology_results/GCA_003952975.1/run_mmseqs2/result_mmseqs2.m8
    output: /beegfs/data/soukkal/StageM2/Control_genomes/results/Viral_Homology_results/GCA_003952975.1/run_mmseqs2/result_mmseqs2_strand_V.m8, /beegfs/data/soukkal/StageM2/Control_genomes/results/Viral_Homology_results/GCA_003952975.1/run_mmseqs2/result_mmseqs2_strand_summary_V.m8
    jobid: 54
    wildcards: Genome_ID=GCA_003952975.1

Submitted job 54 with external jobid 'Submitted batch job 3591469'.

[Fri Apr  1 10:23:43 2022]
rule Define_loci:
    input: /beegfs/data/soukkal/StageM2/Control_genomes/results/Viral_Homology_results/GCA_917880715.2/run_mmseqs2/result_mmseqs2.m8
    output: /beegfs/data/soukkal/StageM2/Control_genomes/results/Viral_Homology_results/GCA_917880715.2/run_mmseqs2/result_mmseqs2_strand_V.m8, /beegfs/data/soukkal/StageM2/Control_genomes/results/Viral_Homology_results/GCA_917880715.2/run_mmseqs2/result_mmseqs2_strand_summary_V.m8
    jobid: 68
    wildcards: Genome_ID=GCA_917880715.2

Submitted job 68 with external jobid 'Submitted batch job 3591470'.

[Fri Apr  1 10:23:43 2022]
rule Homology_analysis:
    input: /beegfs/data/soukkal/StageM2/Databases/Refseq_viral_db_nophages_nopolydna, /beegfs/data/soukkal/StageM2/Control_genomes/genomes/GCA_003123925.1.fna
    output: /beegfs/data/soukkal/StageM2/Control_genomes/results/Viral_Homology_results/GCA_003123925.1/run_mmseqs2/result_mmseqs2.m8
    jobid: 13
    wildcards: Genome_ID=GCA_003123925.1

Submitted job 13 with external jobid 'Submitted batch job 3591471'.
Terminating processes on user request, this might take some time.
Will exit after finishing currently running jobs.
[Fri Apr  1 10:24:05 2022]
Error in rule Define_loci:
    jobid: 42
    output: /beegfs/data/soukkal/StageM2/Control_genomes/results/Viral_Homology_results/GCA_001014415.1/run_mmseqs2/result_mmseqs2_strand_V.m8, /beegfs/data/soukkal/StageM2/Control_genomes/results/Viral_Homology_results/GCA_001014415.1/run_mmseqs2/result_mmseqs2_strand_summary_V.m8
    shell:
        
		python3 /beegfs/data/soukkal/StageM2/Scripts/Homology_search/Make_change_strand_mmseqs.py -b /beegfs/data/soukkal/StageM2/Control_genomes/results/Viral_Homology_results/GCA_001014415.1/run_mmseqs2/result_mmseqs2.m8 -o /beegfs/data/soukkal/StageM2/Control_genomes/results/Viral_Homology_results/GCA_001014415.1/run_mmseqs2/result_mmseqs2_strand_V.m8 -t virus 
		/beegfs/data/soft/R-3.5.2/bin/Rscript /beegfs/data/soukkal/StageM2/Scripts/Homology_search/Overlapping_sequences_BUSCO_Viral_loci2.R /beegfs/data/soukkal/StageM2/Control_genomes/results/Viral_Homology_results/GCA_001014415.1/run_mmseqs2/result_mmseqs2_strand_V.m8 /beegfs/data/soukkal/StageM2/Control_genomes/results/Viral_Homology_results/GCA_001014415.1/run_mmseqs2/result_mmseqs2_strand_summary_V.m8
		
        (one of the commands exited with non-zero exit code; note that snakemake uses bash strict mode!)
    cluster_jobid: Submitted batch job 3591433

Error executing rule Define_loci on cluster (jobid: 42, external: Submitted batch job 3591433, jobscript: /beegfs/data/soukkal/StageM2/Scripts/Homology_search/.snakemake/tmp.j1_a1y_2/snakejob.Define_loci.42.sh). For error details see the cluster log and the log files of the involved rule(s).
Cancelling snakemake on user request.
