Building DAG of jobs...
Using shell: /usr/bin/bash
Provided cores: 200
Rules claiming more threads will be scaled down.
Job counts:
	count	jobs
	37	Extract_loci
	75

[Wed Apr  6 09:04:22 2022]
rule Extract_loci:
    input: /beegfs/data/soukkal/StageM2/Tachinids_genomes/results/Viral_Homology_results/chrysoexorista_wood04/run_mmseqs2/result_mmseqs2_strand_summary_V.bed, /beegfs/data/soukkal/StageM2/Tachinids_genomes/genomes/chrysoexorista_wood04.fna
    output: /beegfs/data/soukkal/StageM2/Tachinids_genomes/results/Viral_Homology_results/chrysoexorista_wood04/Test.bed, /beegfs/data/soukkal/StageM2/Tachinids_genomes/results/Viral_Homology_results/chrysoexorista_wood04/run_mmseqs2/Result.bed, /beegfs/data/soukkal/StageM2/Tachinids_genomes/results/Viral_Homology_results/chrysoexorista_wood04/Fasta_viral_loci1.fna, /beegfs/data/soukkal/StageM2/Tachinids_genomes/results/Viral_Homology_results/chrysoexorista_wood04/Fasta_viral_loci.fna
    jobid: 104
    wildcards: Genome_ID=chrysoexorista_wood04


[Wed Apr  6 09:04:22 2022]
rule Extract_loci:
    input: /beegfs/data/soukkal/StageM2/Tachinids_genomes/results/Viral_Homology_results/belvosia_woodley07g/run_mmseqs2/result_mmseqs2_strand_summary_V.bed, /beegfs/data/soukkal/StageM2/Tachinids_genomes/genomes/belvosia_woodley07g.fna
    output: /beegfs/data/soukkal/StageM2/Tachinids_genomes/results/Viral_Homology_results/belvosia_woodley07g/Test.bed, /beegfs/data/soukkal/StageM2/Tachinids_genomes/results/Viral_Homology_results/belvosia_woodley07g/run_mmseqs2/Result.bed, /beegfs/data/soukkal/StageM2/Tachinids_genomes/results/Viral_Homology_results/belvosia_woodley07g/Fasta_viral_loci1.fna, /beegfs/data/soukkal/StageM2/Tachinids_genomes/results/Viral_Homology_results/belvosia_woodley07g/Fasta_viral_loci.fna
    jobid: 90
    wildcards: Genome_ID=belvosia_woodley07g


[Wed Apr  6 09:04:22 2022]
rule Extract_loci:
    input: /beegfs/data/soukkal/StageM2/Tachinids_genomes/results/Viral_Homology_results/aplomyopsis_wood01/run_mmseqs2/result_mmseqs2_strand_summary_V.bed, /beegfs/data/soukkal/StageM2/Tachinids_genomes/genomes/aplomyopsis_wood01.fna
    output: /beegfs/data/soukkal/StageM2/Tachinids_genomes/results/Viral_Homology_results/aplomyopsis_wood01/Test.bed, /beegfs/data/soukkal/StageM2/Tachinids_genomes/results/Viral_Homology_results/aplomyopsis_wood01/run_mmseqs2/Result.bed, /beegfs/data/soukkal/StageM2/Tachinids_genomes/results/Viral_Homology_results/aplomyopsis_wood01/Fasta_viral_loci1.fna, /beegfs/data/soukkal/StageM2/Tachinids_genomes/results/Viral_Homology_results/aplomyopsis_wood01/Fasta_viral_loci.fna
    jobid: 76
    wildcards: Genome_ID=aplomyopsis_wood01


[Wed Apr  6 09:04:22 2022]
rule Extract_loci:
    input: /beegfs/data/soukkal/StageM2/Tachinids_genomes/results/Viral_Homology_results/argyrophylax_wood05/run_mmseqs2/result_mmseqs2_strand_summary_V.bed, /beegfs/data/soukkal/StageM2/Tachinids_genomes/genomes/argyrophylax_wood05.fna
    output: /beegfs/data/soukkal/StageM2/Tachinids_genomes/results/Viral_Homology_results/argyrophylax_wood05/Test.bed, /beegfs/data/soukkal/StageM2/Tachinids_genomes/results/Viral_Homology_results/argyrophylax_wood05/run_mmseqs2/Result.bed, /beegfs/data/soukkal/StageM2/Tachinids_genomes/results/Viral_Homology_results/argyrophylax_wood05/Fasta_viral_loci1.fna, /beegfs/data/soukkal/StageM2/Tachinids_genomes/results/Viral_Homology_results/argyrophylax_wood05/Fasta_viral_loci.fna
    jobid: 84
    wildcards: Genome_ID=argyrophylax_wood05


[Wed Apr  6 09:04:22 2022]
rule Extract_loci:
    input: /beegfs/data/soukkal/StageM2/Tachinids_genomes/results/Viral_Homology_results/campylocheta_wood03/run_mmseqs2/result_mmseqs2_strand_summary_V.bed, /beegfs/data/soukkal/StageM2/Tachinids_genomes/genomes/campylocheta_wood03.fna
    output: /beegfs/data/soukkal/StageM2/Tachinids_genomes/results/Viral_Homology_results/campylocheta_wood03/Test.bed, /beegfs/data/soukkal/StageM2/Tachinids_genomes/results/Viral_Homology_results/campylocheta_wood03/run_mmseqs2/Result.bed, /beegfs/data/soukkal/StageM2/Tachinids_genomes/results/Viral_Homology_results/campylocheta_wood03/Fasta_viral_loci1.fna, /beegfs/data/soukkal/StageM2/Tachinids_genomes/results/Viral_Homology_results/campylocheta_wood03/Fasta_viral_loci.fna
    jobid: 98
    wildcards: Genome_ID=campylocheta_wood03


[Wed Apr  6 09:04:22 2022]
rule Extract_loci:
    input: /beegfs/data/soukkal/StageM2/Tachinids_genomes/results/Viral_Homology_results/drino_wood06dhj01/run_mmseqs2/result_mmseqs2_strand_summary_V.bed, /beegfs/data/soukkal/StageM2/Tachinids_genomes/genomes/drino_wood06dhj01.fna
    output: /beegfs/data/soukkal/StageM2/Tachinids_genomes/results/Viral_Homology_results/drino_wood06dhj01/Test.bed, /beegfs/data/soukkal/StageM2/Tachinids_genomes/results/Viral_Homology_results/drino_wood06dhj01/run_mmseqs2/Result.bed, /beegfs/data/soukkal/StageM2/Tachinids_genomes/results/Viral_Homology_results/drino_wood06dhj01/Fasta_viral_loci1.fna, /beegfs/data/soukkal/StageM2/Tachinids_genomes/results/Viral_Homology_results/drino_wood06dhj01/Fasta_viral_loci.fna
    jobid: 112
    wildcards: Genome_ID=drino_wood06dhj01


[Wed Apr  6 09:04:22 2022]
rule Extract_loci:
    input: /beegfs/data/soukkal/StageM2/Tachinids_genomes/results/Viral_Homology_results/drino_wood06dhj05/run_mmseqs2/result_mmseqs2_strand_summary_V.bed, /beegfs/data/soukkal/StageM2/Tachinids_genomes/genomes/drino_wood06dhj05.fna
    output: /beegfs/data/soukkal/StageM2/Tachinids_genomes/results/Viral_Homology_results/drino_wood06dhj05/Test.bed, /beegfs/data/soukkal/StageM2/Tachinids_genomes/results/Viral_Homology_results/drino_wood06dhj05/run_mmseqs2/Result.bed, /beegfs/data/soukkal/StageM2/Tachinids_genomes/results/Viral_Homology_results/drino_wood06dhj05/Fasta_viral_loci1.fna, /beegfs/data/soukkal/StageM2/Tachinids_genomes/results/Viral_Homology_results/drino_wood06dhj05/Fasta_viral_loci.fna
    jobid: 77
    wildcards: Genome_ID=drino_wood06dhj05


[Wed Apr  6 09:04:22 2022]
rule Extract_loci:
    input: /beegfs/data/soukkal/StageM2/Tachinids_genomes/results/Viral_Homology_results/hyphantrophaga_virilis/run_mmseqs2/result_mmseqs2_strand_summary_V.bed, /beegfs/data/soukkal/StageM2/Tachinids_genomes/genomes/hyphantrophaga_virilis.fna
    output: /beegfs/data/soukkal/StageM2/Tachinids_genomes/results/Viral_Homology_results/hyphantrophaga_virilis/Test.bed, /beegfs/data/soukkal/StageM2/Tachinids_genomes/results/Viral_Homology_results/hyphantrophaga_virilis/run_mmseqs2/Result.bed, /beegfs/data/soukkal/StageM2/Tachinids_genomes/results/Viral_Homology_results/hyphantrophaga_virilis/Fasta_viral_loci1.fna, /beegfs/data/soukkal/StageM2/Tachinids_genomes/results/Viral_Homology_results/hyphantrophaga_virilis/Fasta_viral_loci.fna
    jobid: 91
    wildcards: Genome_ID=hyphantrophaga_virilis


[Wed Apr  6 09:04:22 2022]
rule Extract_loci:
    input: /beegfs/data/soukkal/StageM2/Tachinids_genomes/results/Viral_Homology_results/lixophaga_wood09/run_mmseqs2/result_mmseqs2_strand_summary_V.bed, /beegfs/data/soukkal/StageM2/Tachinids_genomes/genomes/lixophaga_wood09.fna
    output: /beegfs/data/soukkal/StageM2/Tachinids_genomes/results/Viral_Homology_results/lixophaga_wood09/Test.bed, /beegfs/data/soukkal/StageM2/Tachinids_genomes/results/Viral_Homology_results/lixophaga_wood09/run_mmseqs2/Result.bed, /beegfs/data/soukkal/StageM2/Tachinids_genomes/results/Viral_Homology_results/lixophaga_wood09/Fasta_viral_loci1.fna, /beegfs/data/soukkal/StageM2/Tachinids_genomes/results/Viral_Homology_results/lixophaga_wood09/Fasta_viral_loci.fna
    jobid: 105
    wildcards: Genome_ID=lixophaga_wood09


[Wed Apr  6 09:04:23 2022]
rule Extract_loci:
    input: /beegfs/data/soukkal/StageM2/Tachinids_genomes/results/Viral_Homology_results/leskia_janzen27/run_mmseqs2/result_mmseqs2_strand_summary_V.bed, /beegfs/data/soukkal/StageM2/Tachinids_genomes/genomes/leskia_janzen27.fna
    output: /beegfs/data/soukkal/StageM2/Tachinids_genomes/results/Viral_Homology_results/leskia_janzen27/Test.bed, /beegfs/data/soukkal/StageM2/Tachinids_genomes/results/Viral_Homology_results/leskia_janzen27/run_mmseqs2/Result.bed, /beegfs/data/soukkal/StageM2/Tachinids_genomes/results/Viral_Homology_results/leskia_janzen27/Fasta_viral_loci1.fna, /beegfs/data/soukkal/StageM2/Tachinids_genomes/results/Viral_Homology_results/leskia_janzen27/Fasta_viral_loci.fna
    jobid: 99
    wildcards: Genome_ID=leskia_janzen27


[Wed Apr  6 09:04:23 2022]
rule Extract_loci:
    input: /beegfs/data/soukkal/StageM2/Tachinids_genomes/results/Viral_Homology_results/houghia_brevipilosa/run_mmseqs2/result_mmseqs2_strand_summary_V.bed, /beegfs/data/soukkal/StageM2/Tachinids_genomes/genomes/houghia_brevipilosa.fna
    output: /beegfs/data/soukkal/StageM2/Tachinids_genomes/results/Viral_Homology_results/houghia_brevipilosa/Test.bed, /beegfs/data/soukkal/StageM2/Tachinids_genomes/results/Viral_Homology_results/houghia_brevipilosa/run_mmseqs2/Result.bed, /beegfs/data/soukkal/StageM2/Tachinids_genomes/results/Viral_Homology_results/houghia_brevipilosa/Fasta_viral_loci1.fna, /beegfs/data/soukkal/StageM2/Tachinids_genomes/results/Viral_Homology_results/houghia_brevipilosa/Fasta_viral_loci.fna
    jobid: 85
    wildcards: Genome_ID=houghia_brevipilosa


[Wed Apr  6 09:04:23 2022]
rule Extract_loci:
    input: /beegfs/data/soukkal/StageM2/Tachinids_genomes/results/Viral_Homology_results/archytas_wood02/run_mmseqs2/result_mmseqs2_strand_summary_V.bed, /beegfs/data/soukkal/StageM2/Tachinids_genomes/genomes/archytas_wood02.fna
    output: /beegfs/data/soukkal/StageM2/Tachinids_genomes/results/Viral_Homology_results/archytas_wood02/Test.bed, /beegfs/data/soukkal/StageM2/Tachinids_genomes/results/Viral_Homology_results/archytas_wood02/run_mmseqs2/Result.bed, /beegfs/data/soukkal/StageM2/Tachinids_genomes/results/Viral_Homology_results/archytas_wood02/Fasta_viral_loci1.fna, /beegfs/data/soukkal/StageM2/Tachinids_genomes/results/Viral_Homology_results/archytas_wood02/Fasta_viral_loci.fna
    jobid: 78
    wildcards: Genome_ID=archytas_wood02


[Wed Apr  6 09:04:23 2022]
rule Extract_loci:
    input: /beegfs/data/soukkal/StageM2/Tachinids_genomes/results/Viral_Homology_results/belvosia_woodley10/run_mmseqs2/result_mmseqs2_strand_summary_V.bed, /beegfs/data/soukkal/StageM2/Tachinids_genomes/genomes/belvosia_woodley10.fna
    output: /beegfs/data/soukkal/StageM2/Tachinids_genomes/results/Viral_Homology_results/belvosia_woodley10/Test.bed, /beegfs/data/soukkal/StageM2/Tachinids_genomes/results/Viral_Homology_results/belvosia_woodley10/run_mmseqs2/Result.bed, /beegfs/data/soukkal/StageM2/Tachinids_genomes/results/Viral_Homology_results/belvosia_woodley10/Fasta_viral_loci1.fna, /beegfs/data/soukkal/StageM2/Tachinids_genomes/results/Viral_Homology_results/belvosia_woodley10/Fasta_viral_loci.fna
    jobid: 92
    wildcards: Genome_ID=belvosia_woodley10


[Wed Apr  6 09:04:23 2022]
rule Extract_loci:
    input: /beegfs/data/soukkal/StageM2/Tachinids_genomes/results/Viral_Homology_results/chrysotachina_wood01/run_mmseqs2/result_mmseqs2_strand_summary_V.bed, /beegfs/data/soukkal/StageM2/Tachinids_genomes/genomes/chrysotachina_wood01.fna
    output: /beegfs/data/soukkal/StageM2/Tachinids_genomes/results/Viral_Homology_results/chrysotachina_wood01/Test.bed, /beegfs/data/soukkal/StageM2/Tachinids_genomes/results/Viral_Homology_results/chrysotachina_wood01/run_mmseqs2/Result.bed, /beegfs/data/soukkal/StageM2/Tachinids_genomes/results/Viral_Homology_results/chrysotachina_wood01/Fasta_viral_loci1.fna, /beegfs/data/soukkal/StageM2/Tachinids_genomes/results/Viral_Homology_results/chrysotachina_wood01/Fasta_viral_loci.fna
    jobid: 106
    wildcards: Genome_ID=chrysotachina_wood01


[Wed Apr  6 09:04:23 2022]
rule Extract_loci:
    input: /beegfs/data/soukkal/StageM2/Tachinids_genomes/results/Viral_Homology_results/atacta_brasiliensisdhj01/run_mmseqs2/result_mmseqs2_strand_summary_V.bed, /beegfs/data/soukkal/StageM2/Tachinids_genomes/genomes/atacta_brasiliensisdhj01.fna
    output: /beegfs/data/soukkal/StageM2/Tachinids_genomes/results/Viral_Homology_results/atacta_brasiliensisdhj01/Test.bed, /beegfs/data/soukkal/StageM2/Tachinids_genomes/results/Viral_Homology_results/atacta_brasiliensisdhj01/run_mmseqs2/Result.bed, /beegfs/data/soukkal/StageM2/Tachinids_genomes/results/Viral_Homology_results/atacta_brasiliensisdhj01/Fasta_viral_loci1.fna, /beegfs/data/soukkal/StageM2/Tachinids_genomes/results/Viral_Homology_results/atacta_brasiliensisdhj01/Fasta_viral_loci.fna
    jobid: 86
    wildcards: Genome_ID=atacta_brasiliensisdhj01

[Wed Apr  6 09:04:23 2022]
Finished job 84.
1 of 75 steps (1%) done

[Wed Apr  6 09:04:23 2022]
rule Extract_loci:
    input: /beegfs/data/soukkal/StageM2/Tachinids_genomes/results/Viral_Homology_results/chetogena_scutellarisdhj01/run_mmseqs2/result_mmseqs2_strand_summary_V.bed, /beegfs/data/soukkal/StageM2/Tachinids_genomes/genomes/chetogena_scutellarisdhj01.fna
    output: /beegfs/data/soukkal/StageM2/Tachinids_genomes/results/Viral_Homology_results/chetogena_scutellarisdhj01/Test.bed, /beegfs/data/soukkal/StageM2/Tachinids_genomes/results/Viral_Homology_results/chetogena_scutellarisdhj01/run_mmseqs2/Result.bed, /beegfs/data/soukkal/StageM2/Tachinids_genomes/results/Viral_Homology_results/chetogena_scutellarisdhj01/Fasta_viral_loci1.fna, /beegfs/data/soukkal/StageM2/Tachinids_genomes/results/Viral_Homology_results/chetogena_scutellarisdhj01/Fasta_viral_loci.fna
    jobid: 100
    wildcards: Genome_ID=chetogena_scutellarisdhj01


[Wed Apr  6 09:04:23 2022]
rule Extract_loci:
    input: /beegfs/data/soukkal/StageM2/Tachinids_genomes/results/Viral_Homology_results/hyphantrophaga_wood11/run_mmseqs2/result_mmseqs2_strand_summary_V.bed, /beegfs/data/soukkal/StageM2/Tachinids_genomes/genomes/hyphantrophaga_wood11.fna
    output: /beegfs/data/soukkal/StageM2/Tachinids_genomes/results/Viral_Homology_results/hyphantrophaga_wood11/Test.bed, /beegfs/data/soukkal/StageM2/Tachinids_genomes/results/Viral_Homology_results/hyphantrophaga_wood11/run_mmseqs2/Result.bed, /beegfs/data/soukkal/StageM2/Tachinids_genomes/results/Viral_Homology_results/hyphantrophaga_wood11/Fasta_viral_loci1.fna, /beegfs/data/soukkal/StageM2/Tachinids_genomes/results/Viral_Homology_results/hyphantrophaga_wood11/Fasta_viral_loci.fna
    jobid: 93
    wildcards: Genome_ID=hyphantrophaga_wood11


[Wed Apr  6 09:04:23 2022]
rule Extract_loci:
    input: /beegfs/data/soukkal/StageM2/Tachinids_genomes/results/Viral_Homology_results/siphosturmia_rafaelidhj03/run_mmseqs2/result_mmseqs2_strand_summary_V.bed, /beegfs/data/soukkal/StageM2/Tachinids_genomes/genomes/siphosturmia_rafaelidhj03.fna
    output: /beegfs/data/soukkal/StageM2/Tachinids_genomes/results/Viral_Homology_results/siphosturmia_rafaelidhj03/Test.bed, /beegfs/data/soukkal/StageM2/Tachinids_genomes/results/Viral_Homology_results/siphosturmia_rafaelidhj03/run_mmseqs2/Result.bed, /beegfs/data/soukkal/StageM2/Tachinids_genomes/results/Viral_Homology_results/siphosturmia_rafaelidhj03/Fasta_viral_loci1.fna, /beegfs/data/soukkal/StageM2/Tachinids_genomes/results/Viral_Homology_results/siphosturmia_rafaelidhj03/Fasta_viral_loci.fna
    jobid: 107
    wildcards: Genome_ID=siphosturmia_rafaelidhj03


[Wed Apr  6 09:04:23 2022]
rule Extract_loci:
    input: /beegfs/data/soukkal/StageM2/Tachinids_genomes/results/Viral_Homology_results/genea_wood01/run_mmseqs2/result_mmseqs2_strand_summary_V.bed, /beegfs/data/soukkal/StageM2/Tachinids_genomes/genomes/genea_wood01.fna
    output: /beegfs/data/soukkal/StageM2/Tachinids_genomes/results/Viral_Homology_results/genea_wood01/Test.bed, /beegfs/data/soukkal/StageM2/Tachinids_genomes/results/Viral_Homology_results/genea_wood01/run_mmseqs2/Result.bed, /beegfs/data/soukkal/StageM2/Tachinids_genomes/results/Viral_Homology_results/genea_wood01/Fasta_viral_loci1.fna, /beegfs/data/soukkal/StageM2/Tachinids_genomes/results/Viral_Homology_results/genea_wood01/Fasta_viral_loci.fna
    jobid: 79
    wildcards: Genome_ID=genea_wood01


[Wed Apr  6 09:04:23 2022]
rule Extract_loci:
    input: /beegfs/data/soukkal/StageM2/Tachinids_genomes/results/Viral_Homology_results/houghia_graciloides/run_mmseqs2/result_mmseqs2_strand_summary_V.bed, /beegfs/data/soukkal/StageM2/Tachinids_genomes/genomes/houghia_graciloides.fna
    output: /beegfs/data/soukkal/StageM2/Tachinids_genomes/results/Viral_Homology_results/houghia_graciloides/Test.bed, /beegfs/data/soukkal/StageM2/Tachinids_genomes/results/Viral_Homology_results/houghia_graciloides/run_mmseqs2/Result.bed, /beegfs/data/soukkal/StageM2/Tachinids_genomes/results/Viral_Homology_results/houghia_graciloides/Fasta_viral_loci1.fna, /beegfs/data/soukkal/StageM2/Tachinids_genomes/results/Viral_Homology_results/houghia_graciloides/Fasta_viral_loci.fna
    jobid: 87
    wildcards: Genome_ID=houghia_graciloides


[Wed Apr  6 09:04:23 2022]
rule Extract_loci:
    input: /beegfs/data/soukkal/StageM2/Tachinids_genomes/results/Viral_Homology_results/leskia_wood01dhj03/run_mmseqs2/result_mmseqs2_strand_summary_V.bed, /beegfs/data/soukkal/StageM2/Tachinids_genomes/genomes/leskia_wood01dhj03.fna
    output: /beegfs/data/soukkal/StageM2/Tachinids_genomes/results/Viral_Homology_results/leskia_wood01dhj03/Test.bed, /beegfs/data/soukkal/StageM2/Tachinids_genomes/results/Viral_Homology_results/leskia_wood01dhj03/run_mmseqs2/Result.bed, /beegfs/data/soukkal/StageM2/Tachinids_genomes/results/Viral_Homology_results/leskia_wood01dhj03/Fasta_viral_loci1.fna, /beegfs/data/soukkal/StageM2/Tachinids_genomes/results/Viral_Homology_results/leskia_wood01dhj03/Fasta_viral_loci.fna
    jobid: 101
    wildcards: Genome_ID=leskia_wood01dhj03


[Wed Apr  6 09:04:23 2022]
rule Extract_loci:
    input: /beegfs/data/soukkal/StageM2/Tachinids_genomes/results/Viral_Homology_results/houghia_bivittata/run_mmseqs2/result_mmseqs2_strand_summary_V.bed, /beegfs/data/soukkal/StageM2/Tachinids_genomes/genomes/houghia_bivittata.fna
    output: /beegfs/data/soukkal/StageM2/Tachinids_genomes/results/Viral_Homology_results/houghia_bivittata/Test.bed, /beegfs/data/soukkal/StageM2/Tachinids_genomes/results/Viral_Homology_results/houghia_bivittata/run_mmseqs2/Result.bed, /beegfs/data/soukkal/StageM2/Tachinids_genomes/results/Viral_Homology_results/houghia_bivittata/Fasta_viral_loci1.fna, /beegfs/data/soukkal/StageM2/Tachinids_genomes/results/Viral_Homology_results/houghia_bivittata/Fasta_viral_loci.fna
    jobid: 83
    wildcards: Genome_ID=houghia_bivittata

[Wed Apr  6 09:04:23 2022]
Finished job 76.
2 of 75 steps (3%) done

[Wed Apr  6 09:04:23 2022]
rule Extract_loci:
    input: /beegfs/data/soukkal/StageM2/Tachinids_genomes/results/Viral_Homology_results/argyrochaetona_cubanadhj02/run_mmseqs2/result_mmseqs2_strand_summary_V.bed, /beegfs/data/soukkal/StageM2/Tachinids_genomes/genomes/argyrochaetona_cubanadhj02.fna
    output: /beegfs/data/soukkal/StageM2/Tachinids_genomes/results/Viral_Homology_results/argyrochaetona_cubanadhj02/Test.bed, /beegfs/data/soukkal/StageM2/Tachinids_genomes/results/Viral_Homology_results/argyrochaetona_cubanadhj02/run_mmseqs2/Result.bed, /beegfs/data/soukkal/StageM2/Tachinids_genomes/results/Viral_Homology_results/argyrochaetona_cubanadhj02/Fasta_viral_loci1.fna, /beegfs/data/soukkal/StageM2/Tachinids_genomes/results/Viral_Homology_results/argyrochaetona_cubanadhj02/Fasta_viral_loci.fna
    jobid: 80
    wildcards: Genome_ID=argyrochaetona_cubanadhj02


[Wed Apr  6 09:04:23 2022]
rule Extract_loci:
    input: /beegfs/data/soukkal/StageM2/Tachinids_genomes/results/Viral_Homology_results/calolydella_erasmocoronadoi/run_mmseqs2/result_mmseqs2_strand_summary_V.bed, /beegfs/data/soukkal/StageM2/Tachinids_genomes/genomes/calolydella_erasmocoronadoi.fna
    output: /beegfs/data/soukkal/StageM2/Tachinids_genomes/results/Viral_Homology_results/calolydella_erasmocoronadoi/Test.bed, /beegfs/data/soukkal/StageM2/Tachinids_genomes/results/Viral_Homology_results/calolydella_erasmocoronadoi/run_mmseqs2/Result.bed, /beegfs/data/soukkal/StageM2/Tachinids_genomes/results/Viral_Homology_results/calolydella_erasmocoronadoi/Fasta_viral_loci1.fna, /beegfs/data/soukkal/StageM2/Tachinids_genomes/results/Viral_Homology_results/calolydella_erasmocoronadoi/Fasta_viral_loci.fna
    jobid: 94
    wildcards: Genome_ID=calolydella_erasmocoronadoi


[Wed Apr  6 09:04:23 2022]
rule Extract_loci:
    input: /beegfs/data/soukkal/StageM2/Tachinids_genomes/results/Viral_Homology_results/chrysotachina_wood02dhj02/run_mmseqs2/result_mmseqs2_strand_summary_V.bed, /beegfs/data/soukkal/StageM2/Tachinids_genomes/genomes/chrysotachina_wood02dhj02.fna
    output: /beegfs/data/soukkal/StageM2/Tachinids_genomes/results/Viral_Homology_results/chrysotachina_wood02dhj02/Test.bed, /beegfs/data/soukkal/StageM2/Tachinids_genomes/results/Viral_Homology_results/chrysotachina_wood02dhj02/run_mmseqs2/Result.bed, /beegfs/data/soukkal/StageM2/Tachinids_genomes/results/Viral_Homology_results/chrysotachina_wood02dhj02/Fasta_viral_loci1.fna, /beegfs/data/soukkal/StageM2/Tachinids_genomes/results/Viral_Homology_results/chrysotachina_wood02dhj02/Fasta_viral_loci.fna
    jobid: 108
    wildcards: Genome_ID=chrysotachina_wood02dhj02


[Wed Apr  6 09:04:23 2022]
rule Extract_loci:
    input: /beegfs/data/soukkal/StageM2/Tachinids_genomes/results/Viral_Homology_results/austrophorocera_wood05/run_mmseqs2/result_mmseqs2_strand_summary_V.bed, /beegfs/data/soukkal/StageM2/Tachinids_genomes/genomes/austrophorocera_wood05.fna
    output: /beegfs/data/soukkal/StageM2/Tachinids_genomes/results/Viral_Homology_results/austrophorocera_wood05/Test.bed, /beegfs/data/soukkal/StageM2/Tachinids_genomes/results/Viral_Homology_results/austrophorocera_wood05/run_mmseqs2/Result.bed, /beegfs/data/soukkal/StageM2/Tachinids_genomes/results/Viral_Homology_results/austrophorocera_wood05/Fasta_viral_loci1.fna, /beegfs/data/soukkal/StageM2/Tachinids_genomes/results/Viral_Homology_results/austrophorocera_wood05/Fasta_viral_loci.fna
    jobid: 88
    wildcards: Genome_ID=austrophorocera_wood05


[Wed Apr  6 09:04:23 2022]
rule Extract_loci:
    input: /beegfs/data/soukkal/StageM2/Tachinids_genomes/results/Viral_Homology_results/chrysoexorista_wood01dhj02/run_mmseqs2/result_mmseqs2_strand_summary_V.bed, /beegfs/data/soukkal/StageM2/Tachinids_genomes/genomes/chrysoexorista_wood01dhj02.fna
    output: /beegfs/data/soukkal/StageM2/Tachinids_genomes/results/Viral_Homology_results/chrysoexorista_wood01dhj02/Test.bed, /beegfs/data/soukkal/StageM2/Tachinids_genomes/results/Viral_Homology_results/chrysoexorista_wood01dhj02/run_mmseqs2/Result.bed, /beegfs/data/soukkal/StageM2/Tachinids_genomes/results/Viral_Homology_results/chrysoexorista_wood01dhj02/Fasta_viral_loci1.fna, /beegfs/data/soukkal/StageM2/Tachinids_genomes/results/Viral_Homology_results/chrysoexorista_wood01dhj02/Fasta_viral_loci.fna
    jobid: 102
    wildcards: Genome_ID=chrysoexorista_wood01dhj02


[Wed Apr  6 09:04:23 2022]
rule Extract_loci:
    input: /beegfs/data/soukkal/StageM2/Tachinids_genomes/results/Viral_Homology_results/genea_wood03dhj01/run_mmseqs2/result_mmseqs2_strand_summary_V.bed, /beegfs/data/soukkal/StageM2/Tachinids_genomes/genomes/genea_wood03dhj01.fna
    output: /beegfs/data/soukkal/StageM2/Tachinids_genomes/results/Viral_Homology_results/genea_wood03dhj01/Test.bed, /beegfs/data/soukkal/StageM2/Tachinids_genomes/results/Viral_Homology_results/genea_wood03dhj01/run_mmseqs2/Result.bed, /beegfs/data/soukkal/StageM2/Tachinids_genomes/results/Viral_Homology_results/genea_wood03dhj01/Fasta_viral_loci1.fna, /beegfs/data/soukkal/StageM2/Tachinids_genomes/results/Viral_Homology_results/genea_wood03dhj01/Fasta_viral_loci.fna
    jobid: 81
    wildcards: Genome_ID=genea_wood03dhj01

[Wed Apr  6 09:04:23 2022]
Finished job 99.
3 of 75 steps (4%) done

[Wed Apr  6 09:04:23 2022]
rule Extract_loci:
    input: /beegfs/data/soukkal/StageM2/Tachinids_genomes/results/Viral_Homology_results/jurinella_wood01/run_mmseqs2/result_mmseqs2_strand_summary_V.bed, /beegfs/data/soukkal/StageM2/Tachinids_genomes/genomes/jurinella_wood01.fna
    output: /beegfs/data/soukkal/StageM2/Tachinids_genomes/results/Viral_Homology_results/jurinella_wood01/Test.bed, /beegfs/data/soukkal/StageM2/Tachinids_genomes/results/Viral_Homology_results/jurinella_wood01/run_mmseqs2/Result.bed, /beegfs/data/soukkal/StageM2/Tachinids_genomes/results/Viral_Homology_results/jurinella_wood01/Fasta_viral_loci1.fna, /beegfs/data/soukkal/StageM2/Tachinids_genomes/results/Viral_Homology_results/jurinella_wood01/Fasta_viral_loci.fna
    jobid: 95
    wildcards: Genome_ID=jurinella_wood01


[Wed Apr  6 09:04:23 2022]
rule Extract_loci:
    input: /beegfs/data/soukkal/StageM2/Tachinids_genomes/results/Viral_Homology_results/siphosturmia_wood02/run_mmseqs2/result_mmseqs2_strand_summary_V.bed, /beegfs/data/soukkal/StageM2/Tachinids_genomes/genomes/siphosturmia_wood02.fna
    output: /beegfs/data/soukkal/StageM2/Tachinids_genomes/results/Viral_Homology_results/siphosturmia_wood02/Test.bed, /beegfs/data/soukkal/StageM2/Tachinids_genomes/results/Viral_Homology_results/siphosturmia_wood02/run_mmseqs2/Result.bed, /beegfs/data/soukkal/StageM2/Tachinids_genomes/results/Viral_Homology_results/siphosturmia_wood02/Fasta_viral_loci1.fna, /beegfs/data/soukkal/StageM2/Tachinids_genomes/results/Viral_Homology_results/siphosturmia_wood02/Fasta_viral_loci.fna
    jobid: 109
    wildcards: Genome_ID=siphosturmia_wood02


[Wed Apr  6 09:04:23 2022]
rule Extract_loci:
    input: /beegfs/data/soukkal/StageM2/Tachinids_genomes/results/Viral_Homology_results/houghia_pallida/run_mmseqs2/result_mmseqs2_strand_summary_V.bed, /beegfs/data/soukkal/StageM2/Tachinids_genomes/genomes/houghia_pallida.fna
    output: /beegfs/data/soukkal/StageM2/Tachinids_genomes/results/Viral_Homology_results/houghia_pallida/Test.bed, /beegfs/data/soukkal/StageM2/Tachinids_genomes/results/Viral_Homology_results/houghia_pallida/run_mmseqs2/Result.bed, /beegfs/data/soukkal/StageM2/Tachinids_genomes/results/Viral_Homology_results/houghia_pallida/Fasta_viral_loci1.fna, /beegfs/data/soukkal/StageM2/Tachinids_genomes/results/Viral_Homology_results/houghia_pallida/Fasta_viral_loci.fna
    jobid: 89
    wildcards: Genome_ID=houghia_pallida


[Wed Apr  6 09:04:23 2022]
rule Extract_loci:
    input: /beegfs/data/soukkal/StageM2/Tachinids_genomes/results/Viral_Homology_results/lixophaga_wood06/run_mmseqs2/result_mmseqs2_strand_summary_V.bed, /beegfs/data/soukkal/StageM2/Tachinids_genomes/genomes/lixophaga_wood06.fna
    output: /beegfs/data/soukkal/StageM2/Tachinids_genomes/results/Viral_Homology_results/lixophaga_wood06/Test.bed, /beegfs/data/soukkal/StageM2/Tachinids_genomes/results/Viral_Homology_results/lixophaga_wood06/run_mmseqs2/Result.bed, /beegfs/data/soukkal/StageM2/Tachinids_genomes/results/Viral_Homology_results/lixophaga_wood06/Fasta_viral_loci1.fna, /beegfs/data/soukkal/StageM2/Tachinids_genomes/results/Viral_Homology_results/lixophaga_wood06/Fasta_viral_loci.fna
    jobid: 103
    wildcards: Genome_ID=lixophaga_wood06


[Wed Apr  6 09:04:24 2022]
rule Extract_loci:
    input: /beegfs/data/soukkal/StageM2/Tachinids_genomes/results/Viral_Homology_results/argyrophylax_albincisadhj04/run_mmseqs2/result_mmseqs2_strand_summary_V.bed, /beegfs/data/soukkal/StageM2/Tachinids_genomes/genomes/argyrophylax_albincisadhj04.fna
    output: /beegfs/data/soukkal/StageM2/Tachinids_genomes/results/Viral_Homology_results/argyrophylax_albincisadhj04/Test.bed, /beegfs/data/soukkal/StageM2/Tachinids_genomes/results/Viral_Homology_results/argyrophylax_albincisadhj04/run_mmseqs2/Result.bed, /beegfs/data/soukkal/StageM2/Tachinids_genomes/results/Viral_Homology_results/argyrophylax_albincisadhj04/Fasta_viral_loci1.fna, /beegfs/data/soukkal/StageM2/Tachinids_genomes/results/Viral_Homology_results/argyrophylax_albincisadhj04/Fasta_viral_loci.fna
    jobid: 82
    wildcards: Genome_ID=argyrophylax_albincisadhj04


[Wed Apr  6 09:04:24 2022]
rule Extract_loci:
    input: /beegfs/data/soukkal/StageM2/Tachinids_genomes/results/Viral_Homology_results/calolydella_timjamesi/run_mmseqs2/result_mmseqs2_strand_summary_V.bed, /beegfs/data/soukkal/StageM2/Tachinids_genomes/genomes/calolydella_timjamesi.fna
    output: /beegfs/data/soukkal/StageM2/Tachinids_genomes/results/Viral_Homology_results/calolydella_timjamesi/Test.bed, /beegfs/data/soukkal/StageM2/Tachinids_genomes/results/Viral_Homology_results/calolydella_timjamesi/run_mmseqs2/Result.bed, /beegfs/data/soukkal/StageM2/Tachinids_genomes/results/Viral_Homology_results/calolydella_timjamesi/Fasta_viral_loci1.fna, /beegfs/data/soukkal/StageM2/Tachinids_genomes/results/Viral_Homology_results/calolydella_timjamesi/Fasta_viral_loci.fna
    jobid: 96
    wildcards: Genome_ID=calolydella_timjamesi

[Wed Apr  6 09:04:24 2022]
Finished job 92.
4 of 75 steps (5%) done

[Wed Apr  6 09:04:24 2022]
[Wed Apr  6 09:04:24 2022]
rule Extract_loci:
    input: /beegfs/data/soukkal/StageM2/Tachinids_genomes/results/Viral_Homology_results/cordyligaster_capellii/run_mmseqs2/result_mmseqs2_strand_summary_V.bed, /beegfs/data/soukkal/StageM2/Tachinids_genomes/genomes/cordyligaster_capellii.fna
    output: /beegfs/data/soukkal/StageM2/Tachinids_genomes/results/Viral_Homology_results/cordyligaster_capellii/Test.bed, /beegfs/data/soukkal/StageM2/Tachinids_genomes/results/Viral_Homology_results/cordyligaster_capellii/run_mmseqs2/Result.bed, /beegfs/data/soukkal/StageM2/Tachinids_genomes/results/Viral_Homology_results/cordyligaster_capellii/Fasta_viral_loci1.fna, /beegfs/data/soukkal/StageM2/Tachinids_genomes/results/Viral_Homology_results/cordyligaster_capellii/Fasta_viral_loci.fna
    jobid: 110
    wildcards: Genome_ID=cordyligaster_capellii
Finished job 86.

5 of 75 steps (7%) done

[Wed Apr  6 09:04:24 2022]
rule Extract_loci:
    input: /beegfs/data/soukkal/StageM2/Tachinids_genomes/results/Viral_Homology_results/leschenaultia_wood15/run_mmseqs2/result_mmseqs2_strand_summary_V.bed, /beegfs/data/soukkal/StageM2/Tachinids_genomes/genomes/leschenaultia_wood15.fna
    output: /beegfs/data/soukkal/StageM2/Tachinids_genomes/results/Viral_Homology_results/leschenaultia_wood15/Test.bed, /beegfs/data/soukkal/StageM2/Tachinids_genomes/results/Viral_Homology_results/leschenaultia_wood15/run_mmseqs2/Result.bed, /beegfs/data/soukkal/StageM2/Tachinids_genomes/results/Viral_Homology_results/leschenaultia_wood15/Fasta_viral_loci1.fna, /beegfs/data/soukkal/StageM2/Tachinids_genomes/results/Viral_Homology_results/leschenaultia_wood15/Fasta_viral_loci.fna
    jobid: 97
    wildcards: Genome_ID=leschenaultia_wood15

[Wed Apr  6 09:04:24 2022]
Finished job 107.
6 of 75 steps (8%) done

[Wed Apr  6 09:04:24 2022]
rule Extract_loci:
    input: /beegfs/data/soukkal/StageM2/Tachinids_genomes/results/Viral_Homology_results/zizyphomyia_argutadhj02/run_mmseqs2/result_mmseqs2_strand_summary_V.bed, /beegfs/data/soukkal/StageM2/Tachinids_genomes/genomes/zizyphomyia_argutadhj02.fna
    output: /beegfs/data/soukkal/StageM2/Tachinids_genomes/results/Viral_Homology_results/zizyphomyia_argutadhj02/Test.bed, /beegfs/data/soukkal/StageM2/Tachinids_genomes/results/Viral_Homology_results/zizyphomyia_argutadhj02/run_mmseqs2/Result.bed, /beegfs/data/soukkal/StageM2/Tachinids_genomes/results/Viral_Homology_results/zizyphomyia_argutadhj02/Fasta_viral_loci1.fna, /beegfs/data/soukkal/StageM2/Tachinids_genomes/results/Viral_Homology_results/zizyphomyia_argutadhj02/Fasta_viral_loci.fna
    jobid: 111
    wildcards: Genome_ID=zizyphomyia_argutadhj02

[Wed Apr  6 09:04:24 2022]
Finished job 77.
7 of 75 steps (9%) done
[Wed Apr  6 09:04:24 2022]
Finished job 80.
8 of 75 steps (11%) done
[Wed Apr  6 09:04:24 2022]
Finished job 93.
9 of 75 steps (12%) done
[Wed Apr  6 09:04:24 2022]
Finished job 104.
10 of 75 steps (13%) done
[Wed Apr  6 09:04:24 2022]
Finished job 78.
11 of 75 steps (15%) done
[Wed Apr  6 09:04:24 2022]
Finished job 112.
12 of 75 steps (16%) done
[Wed Apr  6 09:04:24 2022]
Finished job 109.
13 of 75 steps (17%) done
[Wed Apr  6 09:04:24 2022]
Finished job 87.
14 of 75 steps (19%) done
[Wed Apr  6 09:04:24 2022]
Finished job 83.
15 of 75 steps (20%) done
[Wed Apr  6 09:04:24 2022]
Finished job 89.
16 of 75 steps (21%) done
[Wed Apr  6 09:04:24 2022]
Finished job 110.
17 of 75 steps (23%) done
[Wed Apr  6 09:04:24 2022]
Finished job 82.
18 of 75 steps (24%) done
[Wed Apr  6 09:04:24 2022]
Finished job 101.
19 of 75 steps (25%) done
[Wed Apr  6 09:04:24 2022]
Finished job 102.
20 of 75 steps (27%) done
[Wed Apr  6 09:04:24 2022]
Finished job 106.
21 of 75 steps (28%) done
[Wed Apr  6 09:04:24 2022]
Finished job 95.
22 of 75 steps (29%) done
[Wed Apr  6 09:04:24 2022]
Finished job 90.
23 of 75 steps (31%) done
[Wed Apr  6 09:04:25 2022]
Finished job 108.
24 of 75 steps (32%) done
[Wed Apr  6 09:04:25 2022]
Finished job 85.
25 of 75 steps (33%) done
[Wed Apr  6 09:04:25 2022]
Finished job 111.
26 of 75 steps (35%) done
[Wed Apr  6 09:04:25 2022]
Finished job 81.
27 of 75 steps (36%) done
[Wed Apr  6 09:04:25 2022]
Finished job 103.
28 of 75 steps (37%) done
[Wed Apr  6 09:04:25 2022]
Finished job 91.
29 of 75 steps (39%) done
[Wed Apr  6 09:04:26 2022]
Finished job 98.
30 of 75 steps (40%) done
[Wed Apr  6 09:04:26 2022]
Finished job 88.
31 of 75 steps (41%) done
[Wed Apr  6 09:04:26 2022]
Finished job 97.
32 of 75 steps (43%) done
[Wed Apr  6 09:04:26 2022]
Finished job 79.
33 of 75 steps (44%) done
[Wed Apr  6 09:04:26 2022]
Finished job 105.
34 of 75 steps (45%) done
[Wed Apr  6 09:04:26 2022]
Finished job 100.
35 of 75 steps (47%) done
[Wed Apr  6 09:04:26 2022]
Finished job 94.
36 of 75 steps (48%) done
[Wed Apr  6 09:04:27 2022]
Finished job 96.
37 of 75 steps (49%) done
Complete log: /beegfs/data/soukkal/StageM2/Scripts/Homology_search/.snakemake/log/2022-04-06T090419.040244.snakemake.log
