Building DAG of jobs...
Using shell: /usr/bin/bash
Provided cluster nodes: 200
Job counts:
	count	jobs
	40	Extract_translate_loci
	41

[Thu Apr  7 11:33:18 2022]
rule Extract_translate_loci:
    input: /beegfs/data/soukkal/StageM2/Control_genomes/results/Viral_Homology_results/GCA_914767635.1/run_mmseqs2/result_mmseqs2_strand_summary_V.bed, /beegfs/data/soukkal/StageM2/Control_genomes/genomes/GCA_914767635.1.fna
    output: /beegfs/data/soukkal/StageM2/Control_genomes/results/Viral_Homology_results/GCA_914767635.1/Fasta_viral_loci.fna, /beegfs/data/soukkal/StageM2/Control_genomes/results/Viral_Homology_results/GCA_914767635.1/Fasta_viral_loci.faa
    jobid: 104
    wildcards: Genome_ID=GCA_914767635.1

Submitted job 104 with external jobid 'Submitted batch job 3617283'.

[Thu Apr  7 11:33:18 2022]
rule Extract_translate_loci:
    input: /beegfs/data/soukkal/StageM2/Control_genomes/results/Viral_Homology_results/GCA_001017515.1/run_mmseqs2/result_mmseqs2_strand_summary_V.bed, /beegfs/data/soukkal/StageM2/Control_genomes/genomes/GCA_001017515.1.fna
    output: /beegfs/data/soukkal/StageM2/Control_genomes/results/Viral_Homology_results/GCA_001017515.1/Fasta_viral_loci.fna, /beegfs/data/soukkal/StageM2/Control_genomes/results/Viral_Homology_results/GCA_001017515.1/Fasta_viral_loci.faa
    jobid: 90
    wildcards: Genome_ID=GCA_001017515.1

Submitted job 90 with external jobid 'Submitted batch job 3617284'.

[Thu Apr  7 11:33:18 2022]
rule Extract_translate_loci:
    input: /beegfs/data/soukkal/StageM2/Control_genomes/results/Viral_Homology_results/GCF_013340165.1/run_mmseqs2/result_mmseqs2_strand_summary_V.bed, /beegfs/data/soukkal/StageM2/Control_genomes/genomes/GCF_013340165.1.fna
    output: /beegfs/data/soukkal/StageM2/Control_genomes/results/Viral_Homology_results/GCF_013340165.1/Fasta_viral_loci.fna, /beegfs/data/soukkal/StageM2/Control_genomes/results/Viral_Homology_results/GCF_013340165.1/Fasta_viral_loci.faa
    jobid: 118
    wildcards: Genome_ID=GCF_013340165.1

Submitted job 118 with external jobid 'Submitted batch job 3617285'.

[Thu Apr  7 11:33:18 2022]
rule Extract_translate_loci:
    input: /beegfs/data/soukkal/StageM2/Control_genomes/results/Viral_Homology_results/GCA_017309665.1/run_mmseqs2/result_mmseqs2_strand_summary_V.bed, /beegfs/data/soukkal/StageM2/Control_genomes/genomes/GCA_017309665.1.fna
    output: /beegfs/data/soukkal/StageM2/Control_genomes/results/Viral_Homology_results/GCA_017309665.1/Fasta_viral_loci.fna, /beegfs/data/soukkal/StageM2/Control_genomes/results/Viral_Homology_results/GCA_017309665.1/Fasta_viral_loci.faa
    jobid: 98
    wildcards: Genome_ID=GCA_017309665.1

Submitted job 98 with external jobid 'Submitted batch job 3617286'.

[Thu Apr  7 11:33:18 2022]
rule Extract_translate_loci:
    input: /beegfs/data/soukkal/StageM2/Control_genomes/results/Viral_Homology_results/GCA_001014675.1/run_mmseqs2/result_mmseqs2_strand_summary_V.bed, /beegfs/data/soukkal/StageM2/Control_genomes/genomes/GCA_001014675.1.fna
    output: /beegfs/data/soukkal/StageM2/Control_genomes/results/Viral_Homology_results/GCA_001014675.1/Fasta_viral_loci.fna, /beegfs/data/soukkal/StageM2/Control_genomes/results/Viral_Homology_results/GCA_001014675.1/Fasta_viral_loci.faa
    jobid: 84
    wildcards: Genome_ID=GCA_001014675.1

Submitted job 84 with external jobid 'Submitted batch job 3617287'.

[Thu Apr  7 11:33:18 2022]
rule Extract_translate_loci:
    input: /beegfs/data/soukkal/StageM2/Control_genomes/results/Viral_Homology_results/GCF_000001215.4/run_mmseqs2/result_mmseqs2_strand_summary_V.bed, /beegfs/data/soukkal/StageM2/Control_genomes/genomes/GCF_000001215.4.fna
    output: /beegfs/data/soukkal/StageM2/Control_genomes/results/Viral_Homology_results/GCF_000001215.4/Fasta_viral_loci.fna, /beegfs/data/soukkal/StageM2/Control_genomes/results/Viral_Homology_results/GCF_000001215.4/Fasta_viral_loci.faa
    jobid: 112
    wildcards: Genome_ID=GCF_000001215.4

Submitted job 112 with external jobid 'Submitted batch job 3617288'.

[Thu Apr  7 11:33:18 2022]
rule Extract_translate_loci:
    input: /beegfs/data/soukkal/StageM2/Control_genomes/results/Viral_Homology_results/GCA_001735545.1/run_mmseqs2/result_mmseqs2_strand_summary_V.bed, /beegfs/data/soukkal/StageM2/Control_genomes/genomes/GCA_001735545.1.fna
    output: /beegfs/data/soukkal/StageM2/Control_genomes/results/Viral_Homology_results/GCA_001735545.1/Fasta_viral_loci.fna, /beegfs/data/soukkal/StageM2/Control_genomes/results/Viral_Homology_results/GCA_001735545.1/Fasta_viral_loci.faa
    jobid: 91
    wildcards: Genome_ID=GCA_001735545.1

Submitted job 91 with external jobid 'Submitted batch job 3617289'.

[Thu Apr  7 11:33:18 2022]
rule Extract_translate_loci:
    input: /beegfs/data/soukkal/StageM2/Control_genomes/results/Viral_Homology_results/GCA_914767935.1/run_mmseqs2/result_mmseqs2_strand_summary_V.bed, /beegfs/data/soukkal/StageM2/Control_genomes/genomes/GCA_914767935.1.fna
    output: /beegfs/data/soukkal/StageM2/Control_genomes/results/Viral_Homology_results/GCA_914767935.1/Fasta_viral_loci.fna, /beegfs/data/soukkal/StageM2/Control_genomes/results/Viral_Homology_results/GCA_914767935.1/Fasta_viral_loci.faa
    jobid: 105
    wildcards: Genome_ID=GCA_914767935.1

Submitted job 105 with external jobid 'Submitted batch job 3617290'.

[Thu Apr  7 11:33:18 2022]
rule Extract_translate_loci:
    input: /beegfs/data/soukkal/StageM2/Control_genomes/results/Viral_Homology_results/GCF_013731165.1/run_mmseqs2/result_mmseqs2_strand_summary_V.bed, /beegfs/data/soukkal/StageM2/Control_genomes/genomes/GCF_013731165.1.fna
    output: /beegfs/data/soukkal/StageM2/Control_genomes/results/Viral_Homology_results/GCF_013731165.1/Fasta_viral_loci.fna, /beegfs/data/soukkal/StageM2/Control_genomes/results/Viral_Homology_results/GCF_013731165.1/Fasta_viral_loci.faa
    jobid: 119
    wildcards: Genome_ID=GCF_013731165.1

Submitted job 119 with external jobid 'Submitted batch job 3617291'.

[Thu Apr  7 11:33:18 2022]
rule Extract_translate_loci:
    input: /beegfs/data/soukkal/StageM2/Control_genomes/results/Viral_Homology_results/GCF_000347755.3/run_mmseqs2/result_mmseqs2_strand_summary_V.bed, /beegfs/data/soukkal/StageM2/Control_genomes/genomes/GCF_000347755.3.fna
    output: /beegfs/data/soukkal/StageM2/Control_genomes/results/Viral_Homology_results/GCF_000347755.3/Fasta_viral_loci.fna, /beegfs/data/soukkal/StageM2/Control_genomes/results/Viral_Homology_results/GCF_000347755.3/Fasta_viral_loci.faa
    jobid: 113
    wildcards: Genome_ID=GCF_000347755.3

Submitted job 113 with external jobid 'Submitted batch job 3617292'.

[Thu Apr  7 11:33:18 2022]
rule Extract_translate_loci:
    input: /beegfs/data/soukkal/StageM2/Control_genomes/results/Viral_Homology_results/GCA_001014935.1/run_mmseqs2/result_mmseqs2_strand_summary_V.bed, /beegfs/data/soukkal/StageM2/Control_genomes/genomes/GCA_001014935.1.fna
    output: /beegfs/data/soukkal/StageM2/Control_genomes/results/Viral_Homology_results/GCA_001014935.1/Fasta_viral_loci.fna, /beegfs/data/soukkal/StageM2/Control_genomes/results/Viral_Homology_results/GCA_001014935.1/Fasta_viral_loci.faa
    jobid: 85
    wildcards: Genome_ID=GCA_001014935.1

Submitted job 85 with external jobid 'Submitted batch job 3617293'.

[Thu Apr  7 11:33:18 2022]
rule Extract_translate_loci:
    input: /beegfs/data/soukkal/StageM2/Control_genomes/results/Viral_Homology_results/GCA_019455685.1/run_mmseqs2/result_mmseqs2_strand_summary_V.bed, /beegfs/data/soukkal/StageM2/Control_genomes/genomes/GCA_019455685.1.fna
    output: /beegfs/data/soukkal/StageM2/Control_genomes/results/Viral_Homology_results/GCA_019455685.1/Fasta_viral_loci.fna, /beegfs/data/soukkal/StageM2/Control_genomes/results/Viral_Homology_results/GCA_019455685.1/Fasta_viral_loci.faa
    jobid: 99
    wildcards: Genome_ID=GCA_019455685.1

Submitted job 99 with external jobid 'Submitted batch job 3617294'.

[Thu Apr  7 11:33:18 2022]
rule Extract_translate_loci:
    input: /beegfs/data/soukkal/StageM2/Control_genomes/results/Viral_Homology_results/GCA_003055125.1/run_mmseqs2/result_mmseqs2_strand_summary_V.bed, /beegfs/data/soukkal/StageM2/Control_genomes/genomes/GCA_003055125.1.fna
    output: /beegfs/data/soukkal/StageM2/Control_genomes/results/Viral_Homology_results/GCA_003055125.1/Fasta_viral_loci.fna, /beegfs/data/soukkal/StageM2/Control_genomes/results/Viral_Homology_results/GCA_003055125.1/Fasta_viral_loci.faa
    jobid: 92
    wildcards: Genome_ID=GCA_003055125.1

Submitted job 92 with external jobid 'Submitted batch job 3617295'.

[Thu Apr  7 11:33:19 2022]
rule Extract_translate_loci:
    input: /beegfs/data/soukkal/StageM2/Control_genomes/results/Viral_Homology_results/GCA_916048285.2/run_mmseqs2/result_mmseqs2_strand_summary_V.bed, /beegfs/data/soukkal/StageM2/Control_genomes/genomes/GCA_916048285.2.fna
    output: /beegfs/data/soukkal/StageM2/Control_genomes/results/Viral_Homology_results/GCA_916048285.2/Fasta_viral_loci.fna, /beegfs/data/soukkal/StageM2/Control_genomes/results/Viral_Homology_results/GCA_916048285.2/Fasta_viral_loci.faa
    jobid: 106
    wildcards: Genome_ID=GCA_916048285.2

Submitted job 106 with external jobid 'Submitted batch job 3617296'.

[Thu Apr  7 11:33:19 2022]
rule Extract_translate_loci:
    input: /beegfs/data/soukkal/StageM2/Control_genomes/results/Viral_Homology_results/GCF_014805625.1/run_mmseqs2/result_mmseqs2_strand_summary_V.bed, /beegfs/data/soukkal/StageM2/Control_genomes/genomes/GCF_014805625.1.fna
    output: /beegfs/data/soukkal/StageM2/Control_genomes/results/Viral_Homology_results/GCF_014805625.1/Fasta_viral_loci.fna, /beegfs/data/soukkal/StageM2/Control_genomes/results/Viral_Homology_results/GCF_014805625.1/Fasta_viral_loci.faa
    jobid: 120
    wildcards: Genome_ID=GCF_014805625.1

Submitted job 120 with external jobid 'Submitted batch job 3617297'.

[Thu Apr  7 11:33:19 2022]
rule Extract_translate_loci:
    input: /beegfs/data/soukkal/StageM2/Control_genomes/results/Viral_Homology_results/GCA_001015075.1/run_mmseqs2/result_mmseqs2_strand_summary_V.bed, /beegfs/data/soukkal/StageM2/Control_genomes/genomes/GCA_001015075.1.fna
    output: /beegfs/data/soukkal/StageM2/Control_genomes/results/Viral_Homology_results/GCA_001015075.1/Fasta_viral_loci.fna, /beegfs/data/soukkal/StageM2/Control_genomes/results/Viral_Homology_results/GCA_001015075.1/Fasta_viral_loci.faa
    jobid: 86
    wildcards: Genome_ID=GCA_001015075.1

Submitted job 86 with external jobid 'Submitted batch job 3617298'.

[Thu Apr  7 11:33:19 2022]
rule Extract_translate_loci:
    input: /beegfs/data/soukkal/StageM2/Control_genomes/results/Viral_Homology_results/GCA_020466095.1/run_mmseqs2/result_mmseqs2_strand_summary_V.bed, /beegfs/data/soukkal/StageM2/Control_genomes/genomes/GCA_020466095.1.fna
    output: /beegfs/data/soukkal/StageM2/Control_genomes/results/Viral_Homology_results/GCA_020466095.1/Fasta_viral_loci.fna, /beegfs/data/soukkal/StageM2/Control_genomes/results/Viral_Homology_results/GCA_020466095.1/Fasta_viral_loci.faa
    jobid: 100
    wildcards: Genome_ID=GCA_020466095.1

Submitted job 100 with external jobid 'Submitted batch job 3617299'.

[Thu Apr  7 11:33:19 2022]
rule Extract_translate_loci:
    input: /beegfs/data/soukkal/StageM2/Control_genomes/results/Viral_Homology_results/GCF_000699065.1/run_mmseqs2/result_mmseqs2_strand_summary_V.bed, /beegfs/data/soukkal/StageM2/Control_genomes/genomes/GCF_000699065.1.fna
    output: /beegfs/data/soukkal/StageM2/Control_genomes/results/Viral_Homology_results/GCF_000699065.1/Fasta_viral_loci.fna, /beegfs/data/soukkal/StageM2/Control_genomes/results/Viral_Homology_results/GCF_000699065.1/Fasta_viral_loci.faa
    jobid: 114
    wildcards: Genome_ID=GCF_000699065.1

Submitted job 114 with external jobid 'Submitted batch job 3617300'.

[Thu Apr  7 11:33:19 2022]
rule Extract_translate_loci:
    input: /beegfs/data/soukkal/StageM2/Control_genomes/results/Viral_Homology_results/GCA_003123925.1/run_mmseqs2/result_mmseqs2_strand_summary_V.bed, /beegfs/data/soukkal/StageM2/Control_genomes/genomes/GCA_003123925.1.fna
    output: /beegfs/data/soukkal/StageM2/Control_genomes/results/Viral_Homology_results/GCA_003123925.1/Fasta_viral_loci.fna, /beegfs/data/soukkal/StageM2/Control_genomes/results/Viral_Homology_results/GCA_003123925.1/Fasta_viral_loci.faa
    jobid: 93
    wildcards: Genome_ID=GCA_003123925.1

Submitted job 93 with external jobid 'Submitted batch job 3617301'.

[Thu Apr  7 11:33:19 2022]
rule Extract_translate_loci:
    input: /beegfs/data/soukkal/StageM2/Control_genomes/results/Viral_Homology_results/GCA_916050605.2/run_mmseqs2/result_mmseqs2_strand_summary_V.bed, /beegfs/data/soukkal/StageM2/Control_genomes/genomes/GCA_916050605.2.fna
    output: /beegfs/data/soukkal/StageM2/Control_genomes/results/Viral_Homology_results/GCA_916050605.2/Fasta_viral_loci.fna, /beegfs/data/soukkal/StageM2/Control_genomes/results/Viral_Homology_results/GCA_916050605.2/Fasta_viral_loci.faa
    jobid: 107
    wildcards: Genome_ID=GCA_916050605.2

Submitted job 107 with external jobid 'Submitted batch job 3617302'.

[Thu Apr  7 11:33:19 2022]
rule Extract_translate_loci:
    input: /beegfs/data/soukkal/StageM2/Control_genomes/results/Viral_Homology_results/GCF_016617805.1/run_mmseqs2/result_mmseqs2_strand_summary_V.bed, /beegfs/data/soukkal/StageM2/Control_genomes/genomes/GCF_016617805.1.fna
    output: /beegfs/data/soukkal/StageM2/Control_genomes/results/Viral_Homology_results/GCF_016617805.1/Fasta_viral_loci.fna, /beegfs/data/soukkal/StageM2/Control_genomes/results/Viral_Homology_results/GCF_016617805.1/Fasta_viral_loci.faa
    jobid: 121
    wildcards: Genome_ID=GCF_016617805.1

Submitted job 121 with external jobid 'Submitted batch job 3617303'.

[Thu Apr  7 11:33:19 2022]
rule Extract_translate_loci:
    input: /beegfs/data/soukkal/StageM2/Control_genomes/results/Viral_Homology_results/GCA_001015115.1/run_mmseqs2/result_mmseqs2_strand_summary_V.bed, /beegfs/data/soukkal/StageM2/Control_genomes/genomes/GCA_001015115.1.fna
    output: /beegfs/data/soukkal/StageM2/Control_genomes/results/Viral_Homology_results/GCA_001015115.1/Fasta_viral_loci.fna, /beegfs/data/soukkal/StageM2/Control_genomes/results/Viral_Homology_results/GCA_001015115.1/Fasta_viral_loci.faa
    jobid: 87
    wildcards: Genome_ID=GCA_001015115.1

Submitted job 87 with external jobid 'Submitted batch job 3617304'.

[Thu Apr  7 11:33:19 2022]
rule Extract_translate_loci:
    input: /beegfs/data/soukkal/StageM2/Control_genomes/results/Viral_Homology_results/GCA_021234595.1/run_mmseqs2/result_mmseqs2_strand_summary_V.bed, /beegfs/data/soukkal/StageM2/Control_genomes/genomes/GCA_021234595.1.fna
    output: /beegfs/data/soukkal/StageM2/Control_genomes/results/Viral_Homology_results/GCA_021234595.1/Fasta_viral_loci.fna, /beegfs/data/soukkal/StageM2/Control_genomes/results/Viral_Homology_results/GCA_021234595.1/Fasta_viral_loci.faa
    jobid: 101
    wildcards: Genome_ID=GCA_021234595.1

Submitted job 101 with external jobid 'Submitted batch job 3617305'.

[Thu Apr  7 11:33:19 2022]
rule Extract_translate_loci:
    input: /beegfs/data/soukkal/StageM2/Control_genomes/results/Viral_Homology_results/GCF_001015335.1/run_mmseqs2/result_mmseqs2_strand_summary_V.bed, /beegfs/data/soukkal/StageM2/Control_genomes/genomes/GCF_001015335.1.fna
    output: /beegfs/data/soukkal/StageM2/Control_genomes/results/Viral_Homology_results/GCF_001015335.1/Fasta_viral_loci.fna, /beegfs/data/soukkal/StageM2/Control_genomes/results/Viral_Homology_results/GCF_001015335.1/Fasta_viral_loci.faa
    jobid: 115
    wildcards: Genome_ID=GCF_001015335.1

Submitted job 115 with external jobid 'Submitted batch job 3617306'.

[Thu Apr  7 11:33:19 2022]
rule Extract_translate_loci:
    input: /beegfs/data/soukkal/StageM2/Control_genomes/results/Viral_Homology_results/GCA_014858695.1/run_mmseqs2/result_mmseqs2_strand_summary_V.bed, /beegfs/data/soukkal/StageM2/Control_genomes/genomes/GCA_014858695.1.fna
    output: /beegfs/data/soukkal/StageM2/Control_genomes/results/Viral_Homology_results/GCA_014858695.1/Fasta_viral_loci.fna, /beegfs/data/soukkal/StageM2/Control_genomes/results/Viral_Homology_results/GCA_014858695.1/Fasta_viral_loci.faa
    jobid: 97
    wildcards: Genome_ID=GCA_014858695.1

Submitted job 97 with external jobid 'Submitted batch job 3617307'.

[Thu Apr  7 11:33:19 2022]
rule Extract_translate_loci:
    input: /beegfs/data/soukkal/StageM2/Control_genomes/results/Viral_Homology_results/GCA_003952975.1/run_mmseqs2/result_mmseqs2_strand_summary_V.bed, /beegfs/data/soukkal/StageM2/Control_genomes/genomes/GCA_003952975.1.fna
    output: /beegfs/data/soukkal/StageM2/Control_genomes/results/Viral_Homology_results/GCA_003952975.1/Fasta_viral_loci.fna, /beegfs/data/soukkal/StageM2/Control_genomes/results/Viral_Homology_results/GCA_003952975.1/Fasta_viral_loci.faa
    jobid: 94
    wildcards: Genome_ID=GCA_003952975.1

Submitted job 94 with external jobid 'Submitted batch job 3617308'.

[Thu Apr  7 11:33:19 2022]
rule Extract_translate_loci:
    input: /beegfs/data/soukkal/StageM2/Control_genomes/results/Viral_Homology_results/GCA_917880715.2/run_mmseqs2/result_mmseqs2_strand_summary_V.bed, /beegfs/data/soukkal/StageM2/Control_genomes/genomes/GCA_917880715.2.fna
    output: /beegfs/data/soukkal/StageM2/Control_genomes/results/Viral_Homology_results/GCA_917880715.2/Fasta_viral_loci.fna, /beegfs/data/soukkal/StageM2/Control_genomes/results/Viral_Homology_results/GCA_917880715.2/Fasta_viral_loci.faa
    jobid: 108
    wildcards: Genome_ID=GCA_917880715.2

Submitted job 108 with external jobid 'Submitted batch job 3617309'.

[Thu Apr  7 11:33:19 2022]
rule Extract_translate_loci:
    input: /beegfs/data/soukkal/StageM2/Control_genomes/results/Viral_Homology_results/GCA_001015175.1/run_mmseqs2/result_mmseqs2_strand_summary_V.bed, /beegfs/data/soukkal/StageM2/Control_genomes/genomes/GCA_001015175.1.fna
    output: /beegfs/data/soukkal/StageM2/Control_genomes/results/Viral_Homology_results/GCA_001015175.1/Fasta_viral_loci.fna, /beegfs/data/soukkal/StageM2/Control_genomes/results/Viral_Homology_results/GCA_001015175.1/Fasta_viral_loci.faa
    jobid: 88
    wildcards: Genome_ID=GCA_001015175.1

Submitted job 88 with external jobid 'Submitted batch job 3617310'.

[Thu Apr  7 11:33:19 2022]
rule Extract_translate_loci:
    input: /beegfs/data/soukkal/StageM2/Control_genomes/results/Viral_Homology_results/GCA_905231855.2/run_mmseqs2/result_mmseqs2_strand_summary_V.bed, /beegfs/data/soukkal/StageM2/Control_genomes/genomes/GCA_905231855.2.fna
    output: /beegfs/data/soukkal/StageM2/Control_genomes/results/Viral_Homology_results/GCA_905231855.2/Fasta_viral_loci.fna, /beegfs/data/soukkal/StageM2/Control_genomes/results/Viral_Homology_results/GCA_905231855.2/Fasta_viral_loci.faa
    jobid: 102
    wildcards: Genome_ID=GCA_905231855.2

Submitted job 102 with external jobid 'Submitted batch job 3617311'.

[Thu Apr  7 11:33:19 2022]
rule Extract_translate_loci:
    input: /beegfs/data/soukkal/StageM2/Control_genomes/results/Viral_Homology_results/GCF_002237135.1/run_mmseqs2/result_mmseqs2_strand_summary_V.bed, /beegfs/data/soukkal/StageM2/Control_genomes/genomes/GCF_002237135.1.fna
    output: /beegfs/data/soukkal/StageM2/Control_genomes/results/Viral_Homology_results/GCF_002237135.1/Fasta_viral_loci.fna, /beegfs/data/soukkal/StageM2/Control_genomes/results/Viral_Homology_results/GCF_002237135.1/Fasta_viral_loci.faa
    jobid: 116
    wildcards: Genome_ID=GCF_002237135.1

Submitted job 116 with external jobid 'Submitted batch job 3617312'.

[Thu Apr  7 11:33:19 2022]
rule Extract_translate_loci:
    input: /beegfs/data/soukkal/StageM2/Control_genomes/results/Viral_Homology_results/GCA_004302925.1/run_mmseqs2/result_mmseqs2_strand_summary_V.bed, /beegfs/data/soukkal/StageM2/Control_genomes/genomes/GCA_004302925.1.fna
    output: /beegfs/data/soukkal/StageM2/Control_genomes/results/Viral_Homology_results/GCA_004302925.1/Fasta_viral_loci.fna, /beegfs/data/soukkal/StageM2/Control_genomes/results/Viral_Homology_results/GCA_004302925.1/Fasta_viral_loci.faa
    jobid: 95
    wildcards: Genome_ID=GCA_004302925.1

Submitted job 95 with external jobid 'Submitted batch job 3617313'.

[Thu Apr  7 11:33:19 2022]
rule Extract_translate_loci:
    input: /beegfs/data/soukkal/StageM2/Control_genomes/results/Viral_Homology_results/GCA_920104205.1/run_mmseqs2/result_mmseqs2_strand_summary_V.bed, /beegfs/data/soukkal/StageM2/Control_genomes/genomes/GCA_920104205.1.fna
    output: /beegfs/data/soukkal/StageM2/Control_genomes/results/Viral_Homology_results/GCA_920104205.1/Fasta_viral_loci.fna, /beegfs/data/soukkal/StageM2/Control_genomes/results/Viral_Homology_results/GCA_920104205.1/Fasta_viral_loci.faa
    jobid: 109
    wildcards: Genome_ID=GCA_920104205.1

Submitted job 109 with external jobid 'Submitted batch job 3617314'.

[Thu Apr  7 11:33:19 2022]
rule Extract_translate_loci:
    input: /beegfs/data/soukkal/StageM2/Control_genomes/results/Viral_Homology_results/GCA_001017275.1/run_mmseqs2/result_mmseqs2_strand_summary_V.bed, /beegfs/data/soukkal/StageM2/Control_genomes/genomes/GCA_001017275.1.fna
    output: /beegfs/data/soukkal/StageM2/Control_genomes/results/Viral_Homology_results/GCA_001017275.1/Fasta_viral_loci.fna, /beegfs/data/soukkal/StageM2/Control_genomes/results/Viral_Homology_results/GCA_001017275.1/Fasta_viral_loci.faa
    jobid: 89
    wildcards: Genome_ID=GCA_001017275.1

Submitted job 89 with external jobid 'Submitted batch job 3617315'.

[Thu Apr  7 11:33:20 2022]
rule Extract_translate_loci:
    input: /beegfs/data/soukkal/StageM2/Control_genomes/results/Viral_Homology_results/GCA_907269105.1/run_mmseqs2/result_mmseqs2_strand_summary_V.bed, /beegfs/data/soukkal/StageM2/Control_genomes/genomes/GCA_907269105.1.fna
    output: /beegfs/data/soukkal/StageM2/Control_genomes/results/Viral_Homology_results/GCA_907269105.1/Fasta_viral_loci.fna, /beegfs/data/soukkal/StageM2/Control_genomes/results/Viral_Homology_results/GCA_907269105.1/Fasta_viral_loci.faa
    jobid: 103
    wildcards: Genome_ID=GCA_907269105.1

Submitted job 103 with external jobid 'Submitted batch job 3617316'.

[Thu Apr  7 11:33:20 2022]
rule Extract_translate_loci:
    input: /beegfs/data/soukkal/StageM2/Control_genomes/results/Viral_Homology_results/GCF_009650485.1/run_mmseqs2/result_mmseqs2_strand_summary_V.bed, /beegfs/data/soukkal/StageM2/Control_genomes/genomes/GCF_009650485.1.fna
    output: /beegfs/data/soukkal/StageM2/Control_genomes/results/Viral_Homology_results/GCF_009650485.1/Fasta_viral_loci.fna, /beegfs/data/soukkal/StageM2/Control_genomes/results/Viral_Homology_results/GCF_009650485.1/Fasta_viral_loci.faa
    jobid: 117
    wildcards: Genome_ID=GCF_009650485.1

Submitted job 117 with external jobid 'Submitted batch job 3617317'.

[Thu Apr  7 11:33:20 2022]
rule Extract_translate_loci:
    input: /beegfs/data/soukkal/StageM2/Control_genomes/results/Viral_Homology_results/GCA_001014415.1/run_mmseqs2/result_mmseqs2_strand_summary_V.bed, /beegfs/data/soukkal/StageM2/Control_genomes/genomes/GCA_001014415.1.fna
    output: /beegfs/data/soukkal/StageM2/Control_genomes/results/Viral_Homology_results/GCA_001014415.1/Fasta_viral_loci.fna, /beegfs/data/soukkal/StageM2/Control_genomes/results/Viral_Homology_results/GCA_001014415.1/Fasta_viral_loci.faa
    jobid: 82
    wildcards: Genome_ID=GCA_001014415.1

Submitted job 82 with external jobid 'Submitted batch job 3617318'.

[Thu Apr  7 11:33:20 2022]
rule Extract_translate_loci:
    input: /beegfs/data/soukkal/StageM2/Control_genomes/results/Viral_Homology_results/GCA_005959815.1/run_mmseqs2/result_mmseqs2_strand_summary_V.bed, /beegfs/data/soukkal/StageM2/Control_genomes/genomes/GCA_005959815.1.fna
    output: /beegfs/data/soukkal/StageM2/Control_genomes/results/Viral_Homology_results/GCA_005959815.1/Fasta_viral_loci.fna, /beegfs/data/soukkal/StageM2/Control_genomes/results/Viral_Homology_results/GCA_005959815.1/Fasta_viral_loci.faa
    jobid: 96
    wildcards: Genome_ID=GCA_005959815.1

Submitted job 96 with external jobid 'Submitted batch job 3617319'.

[Thu Apr  7 11:33:20 2022]
rule Extract_translate_loci:
    input: /beegfs/data/soukkal/StageM2/Control_genomes/results/Viral_Homology_results/GCA_920105625.1/run_mmseqs2/result_mmseqs2_strand_summary_V.bed, /beegfs/data/soukkal/StageM2/Control_genomes/genomes/GCA_920105625.1.fna
    output: /beegfs/data/soukkal/StageM2/Control_genomes/results/Viral_Homology_results/GCA_920105625.1/Fasta_viral_loci.fna, /beegfs/data/soukkal/StageM2/Control_genomes/results/Viral_Homology_results/GCA_920105625.1/Fasta_viral_loci.faa
    jobid: 110
    wildcards: Genome_ID=GCA_920105625.1

Submitted job 110 with external jobid 'Submitted batch job 3617320'.

[Thu Apr  7 11:33:20 2022]
rule Extract_translate_loci:
    input: /beegfs/data/soukkal/StageM2/Control_genomes/results/Viral_Homology_results/GCA_922984085.1/run_mmseqs2/result_mmseqs2_strand_summary_V.bed, /beegfs/data/soukkal/StageM2/Control_genomes/genomes/GCA_922984085.1.fna
    output: /beegfs/data/soukkal/StageM2/Control_genomes/results/Viral_Homology_results/GCA_922984085.1/Fasta_viral_loci.fna, /beegfs/data/soukkal/StageM2/Control_genomes/results/Viral_Homology_results/GCA_922984085.1/Fasta_viral_loci.faa
    jobid: 111
    wildcards: Genome_ID=GCA_922984085.1

Submitted job 111 with external jobid 'Submitted batch job 3617321'.

[Thu Apr  7 11:33:20 2022]
rule Extract_translate_loci:
    input: /beegfs/data/soukkal/StageM2/Control_genomes/results/Viral_Homology_results/GCA_001014575.1/run_mmseqs2/result_mmseqs2_strand_summary_V.bed, /beegfs/data/soukkal/StageM2/Control_genomes/genomes/GCA_001014575.1.fna
    output: /beegfs/data/soukkal/StageM2/Control_genomes/results/Viral_Homology_results/GCA_001014575.1/Fasta_viral_loci.fna, /beegfs/data/soukkal/StageM2/Control_genomes/results/Viral_Homology_results/GCA_001014575.1/Fasta_viral_loci.faa
    jobid: 83
    wildcards: Genome_ID=GCA_001014575.1

Submitted job 83 with external jobid 'Submitted batch job 3617322'.
[Thu Apr  7 11:40:57 2022]
Finished job 90.
1 of 41 steps (2%) done
[Thu Apr  7 11:41:24 2022]
Finished job 98.
2 of 41 steps (5%) done
[Thu Apr  7 11:41:24 2022]
Finished job 84.
3 of 41 steps (7%) done
[Thu Apr  7 11:41:37 2022]
Finished job 104.
4 of 41 steps (10%) done
[Thu Apr  7 11:41:37 2022]
Finished job 118.
5 of 41 steps (12%) done
[Thu Apr  7 11:41:50 2022]
Finished job 112.
6 of 41 steps (15%) done
[Thu Apr  7 11:42:03 2022]
Finished job 91.
7 of 41 steps (17%) done
[Thu Apr  7 11:42:16 2022]
Finished job 113.
8 of 41 steps (20%) done
[Thu Apr  7 11:42:16 2022]
Finished job 85.
9 of 41 steps (22%) done
[Thu Apr  7 11:42:42 2022]
Finished job 105.
10 of 41 steps (24%) done
[Thu Apr  7 11:42:55 2022]
Finished job 119.
11 of 41 steps (27%) done
[Thu Apr  7 11:42:55 2022]
Finished job 92.
12 of 41 steps (29%) done
[Thu Apr  7 11:43:08 2022]
Finished job 99.
13 of 41 steps (32%) done
[Thu Apr  7 11:43:20 2022]
Finished job 106.
14 of 41 steps (34%) done
[Thu Apr  7 11:43:20 2022]
Finished job 120.
15 of 41 steps (37%) done
[Thu Apr  7 11:43:20 2022]
Finished job 86.
16 of 41 steps (39%) done
[Thu Apr  7 11:43:44 2022]
Finished job 100.
17 of 41 steps (41%) done
[Thu Apr  7 11:43:44 2022]
Finished job 114.
18 of 41 steps (44%) done
[Thu Apr  7 11:43:56 2022]
Finished job 93.
19 of 41 steps (46%) done
[Thu Apr  7 11:44:20 2022]
Finished job 87.
20 of 41 steps (49%) done
[Thu Apr  7 11:44:33 2022]
Finished job 107.
21 of 41 steps (51%) done
[Thu Apr  7 11:44:33 2022]
Finished job 121.
22 of 41 steps (54%) done
[Thu Apr  7 11:44:56 2022]
Finished job 97.
23 of 41 steps (56%) done
[Thu Apr  7 11:44:56 2022]
Finished job 94.
24 of 41 steps (59%) done
[Thu Apr  7 11:45:07 2022]
Finished job 101.
25 of 41 steps (61%) done
[Thu Apr  7 11:45:07 2022]
Finished job 115.
26 of 41 steps (63%) done
[Thu Apr  7 11:45:29 2022]
Finished job 88.
27 of 41 steps (66%) done
[Thu Apr  7 11:45:40 2022]
Finished job 108.
28 of 41 steps (68%) done
[Thu Apr  7 11:45:51 2022]
Finished job 102.
29 of 41 steps (71%) done
[Thu Apr  7 11:45:51 2022]
Finished job 116.
30 of 41 steps (73%) done
[Thu Apr  7 11:46:02 2022]
Finished job 95.
31 of 41 steps (76%) done
[Thu Apr  7 11:46:23 2022]
Finished job 89.
32 of 41 steps (78%) done
[Thu Apr  7 11:46:23 2022]
Finished job 117.
33 of 41 steps (80%) done
[Thu Apr  7 11:46:43 2022]
Finished job 82.
34 of 41 steps (83%) done
[Thu Apr  7 11:46:53 2022]
Finished job 109.
35 of 41 steps (85%) done
[Thu Apr  7 11:46:53 2022]
Finished job 103.
36 of 41 steps (88%) done
[Thu Apr  7 11:46:53 2022]
Finished job 96.
37 of 41 steps (90%) done
[Thu Apr  7 11:47:13 2022]
Finished job 83.
38 of 41 steps (93%) done
[Thu Apr  7 11:47:33 2022]
Finished job 111.
39 of 41 steps (95%) done
[Thu Apr  7 11:48:13 2022]
Finished job 110.
40 of 41 steps (98%) done
Complete log: /beegfs/data/soukkal/StageM2/Scripts/Homology_search/.snakemake/log/2022-04-07T113312.126573.snakemake.log
