Building DAG of jobs...
Using shell: /usr/bin/bash
Provided cluster nodes: 200
Job counts:
	count	jobs
	40	Define_loci
	40	Extract_loci
	36	Homology_analysis
	157

[Tue Apr  5 08:32:43 2022]
rule Homology_analysis:
    input: /beegfs/data/soukkal/StageM2/Databases/Refseq_viral_db_nophages_nopolydna_IVSPER, /beegfs/data/soukkal/StageM2/Control_genomes/genomes/GCA_020466095.1.fna
    output: /beegfs/data/soukkal/StageM2/Control_genomes/results/Viral_Homology_results/GCA_020466095.1/run_mmseqs2/result_mmseqs2.m8
    jobid: 20
    wildcards: Genome_ID=GCA_020466095.1

Submitted job 20 with external jobid 'Submitted batch job 3610462'.

[Tue Apr  5 08:32:43 2022]
rule Homology_analysis:
    input: /beegfs/data/soukkal/StageM2/Databases/Refseq_viral_db_nophages_nopolydna_IVSPER, /beegfs/data/soukkal/StageM2/Control_genomes/genomes/GCA_001015115.1.fna
    output: /beegfs/data/soukkal/StageM2/Control_genomes/results/Viral_Homology_results/GCA_001015115.1/run_mmseqs2/result_mmseqs2.m8
    jobid: 7
    wildcards: Genome_ID=GCA_001015115.1

Submitted job 7 with external jobid 'Submitted batch job 3610463'.

[Tue Apr  5 08:32:43 2022]
rule Homology_analysis:
    input: /beegfs/data/soukkal/StageM2/Databases/Refseq_viral_db_nophages_nopolydna_IVSPER, /beegfs/data/soukkal/StageM2/Control_genomes/genomes/GCF_001015335.1.fna
    output: /beegfs/data/soukkal/StageM2/Control_genomes/results/Viral_Homology_results/GCF_001015335.1/run_mmseqs2/result_mmseqs2.m8
    jobid: 35
    wildcards: Genome_ID=GCF_001015335.1

Submitted job 35 with external jobid 'Submitted batch job 3610464'.

[Tue Apr  5 08:32:43 2022]
rule Homology_analysis:
    input: /beegfs/data/soukkal/StageM2/Databases/Refseq_viral_db_nophages_nopolydna_IVSPER, /beegfs/data/soukkal/StageM2/Control_genomes/genomes/GCA_021234595.1.fna
    output: /beegfs/data/soukkal/StageM2/Control_genomes/results/Viral_Homology_results/GCA_021234595.1/run_mmseqs2/result_mmseqs2.m8
    jobid: 21
    wildcards: Genome_ID=GCA_021234595.1

Submitted job 21 with external jobid 'Submitted batch job 3610465'.

[Tue Apr  5 08:32:43 2022]
rule Homology_analysis:
    input: /beegfs/data/soukkal/StageM2/Databases/Refseq_viral_db_nophages_nopolydna_IVSPER, /beegfs/data/soukkal/StageM2/Control_genomes/genomes/GCA_004302925.1.fna
    output: /beegfs/data/soukkal/StageM2/Control_genomes/results/Viral_Homology_results/GCA_004302925.1/run_mmseqs2/result_mmseqs2.m8
    jobid: 15
    wildcards: Genome_ID=GCA_004302925.1

Submitted job 15 with external jobid 'Submitted batch job 3610466'.

[Tue Apr  5 08:32:43 2022]
rule Homology_analysis:
    input: /beegfs/data/soukkal/StageM2/Databases/Refseq_viral_db_nophages_nopolydna_IVSPER, /beegfs/data/soukkal/StageM2/Control_genomes/genomes/GCA_920104205.1.fna
    output: /beegfs/data/soukkal/StageM2/Control_genomes/results/Viral_Homology_results/GCA_920104205.1/run_mmseqs2/result_mmseqs2.m8
    jobid: 29
    wildcards: Genome_ID=GCA_920104205.1

Submitted job 29 with external jobid 'Submitted batch job 3610467'.

[Tue Apr  5 08:32:43 2022]
rule Homology_analysis:
    input: /beegfs/data/soukkal/StageM2/Databases/Refseq_viral_db_nophages_nopolydna_IVSPER, /beegfs/data/soukkal/StageM2/Control_genomes/genomes/GCA_001014415.1.fna
    output: /beegfs/data/soukkal/StageM2/Control_genomes/results/Viral_Homology_results/GCA_001014415.1/run_mmseqs2/result_mmseqs2.m8
    jobid: 2
    wildcards: Genome_ID=GCA_001014415.1

Submitted job 2 with external jobid 'Submitted batch job 3610468'.

[Tue Apr  5 08:32:43 2022]
rule Homology_analysis:
    input: /beegfs/data/soukkal/StageM2/Databases/Refseq_viral_db_nophages_nopolydna_IVSPER, /beegfs/data/soukkal/StageM2/Control_genomes/genomes/GCA_905231855.2.fna
    output: /beegfs/data/soukkal/StageM2/Control_genomes/results/Viral_Homology_results/GCA_905231855.2/run_mmseqs2/result_mmseqs2.m8
    jobid: 22
    wildcards: Genome_ID=GCA_905231855.2

Submitted job 22 with external jobid 'Submitted batch job 3610469'.

[Tue Apr  5 08:32:43 2022]
rule Homology_analysis:
    input: /beegfs/data/soukkal/StageM2/Databases/Refseq_viral_db_nophages_nopolydna_IVSPER, /beegfs/data/soukkal/StageM2/Control_genomes/genomes/GCA_001015175.1.fna
    output: /beegfs/data/soukkal/StageM2/Control_genomes/results/Viral_Homology_results/GCA_001015175.1/run_mmseqs2/result_mmseqs2.m8
    jobid: 8
    wildcards: Genome_ID=GCA_001015175.1

Submitted job 8 with external jobid 'Submitted batch job 3610470'.

[Tue Apr  5 08:32:43 2022]
rule Homology_analysis:
    input: /beegfs/data/soukkal/StageM2/Databases/Refseq_viral_db_nophages_nopolydna_IVSPER, /beegfs/data/soukkal/StageM2/Control_genomes/genomes/GCF_002237135.1.fna
    output: /beegfs/data/soukkal/StageM2/Control_genomes/results/Viral_Homology_results/GCF_002237135.1/run_mmseqs2/result_mmseqs2.m8
    jobid: 36
    wildcards: Genome_ID=GCF_002237135.1

Submitted job 36 with external jobid 'Submitted batch job 3610471'.

[Tue Apr  5 08:32:43 2022]
rule Homology_analysis:
    input: /beegfs/data/soukkal/StageM2/Databases/Refseq_viral_db_nophages_nopolydna_IVSPER, /beegfs/data/soukkal/StageM2/Control_genomes/genomes/GCA_003123925.1.fna
    output: /beegfs/data/soukkal/StageM2/Control_genomes/results/Viral_Homology_results/GCA_003123925.1/run_mmseqs2/result_mmseqs2.m8
    jobid: 13
    wildcards: Genome_ID=GCA_003123925.1

Submitted job 13 with external jobid 'Submitted batch job 3610472'.

[Tue Apr  5 08:32:43 2022]
rule Homology_analysis:
    input: /beegfs/data/soukkal/StageM2/Databases/Refseq_viral_db_nophages_nopolydna_IVSPER, /beegfs/data/soukkal/StageM2/Control_genomes/genomes/GCA_920105625.1.fna
    output: /beegfs/data/soukkal/StageM2/Control_genomes/results/Viral_Homology_results/GCA_920105625.1/run_mmseqs2/result_mmseqs2.m8
    jobid: 30
    wildcards: Genome_ID=GCA_920105625.1

Submitted job 30 with external jobid 'Submitted batch job 3610473'.

[Tue Apr  5 08:32:43 2022]
rule Homology_analysis:
    input: /beegfs/data/soukkal/StageM2/Databases/Refseq_viral_db_nophages_nopolydna_IVSPER, /beegfs/data/soukkal/StageM2/Control_genomes/genomes/GCA_005959815.1.fna
    output: /beegfs/data/soukkal/StageM2/Control_genomes/results/Viral_Homology_results/GCA_005959815.1/run_mmseqs2/result_mmseqs2.m8
    jobid: 16
    wildcards: Genome_ID=GCA_005959815.1

Submitted job 16 with external jobid 'Submitted batch job 3610474'.

[Tue Apr  5 08:32:43 2022]
rule Homology_analysis:
    input: /beegfs/data/soukkal/StageM2/Databases/Refseq_viral_db_nophages_nopolydna_IVSPER, /beegfs/data/soukkal/StageM2/Control_genomes/genomes/GCF_009650485.1.fna
    output: /beegfs/data/soukkal/StageM2/Control_genomes/results/Viral_Homology_results/GCF_009650485.1/run_mmseqs2/result_mmseqs2.m8
    jobid: 37
    wildcards: Genome_ID=GCF_009650485.1

Submitted job 37 with external jobid 'Submitted batch job 3610475'.

[Tue Apr  5 08:32:43 2022]
rule Homology_analysis:
    input: /beegfs/data/soukkal/StageM2/Databases/Refseq_viral_db_nophages_nopolydna_IVSPER, /beegfs/data/soukkal/StageM2/Control_genomes/genomes/GCA_001017275.1.fna
    output: /beegfs/data/soukkal/StageM2/Control_genomes/results/Viral_Homology_results/GCA_001017275.1/run_mmseqs2/result_mmseqs2.m8
    jobid: 9
    wildcards: Genome_ID=GCA_001017275.1

Submitted job 9 with external jobid 'Submitted batch job 3610476'.

[Tue Apr  5 08:32:43 2022]
rule Homology_analysis:
    input: /beegfs/data/soukkal/StageM2/Databases/Refseq_viral_db_nophages_nopolydna_IVSPER, /beegfs/data/soukkal/StageM2/Control_genomes/genomes/GCA_907269105.1.fna
    output: /beegfs/data/soukkal/StageM2/Control_genomes/results/Viral_Homology_results/GCA_907269105.1/run_mmseqs2/result_mmseqs2.m8
    jobid: 23
    wildcards: Genome_ID=GCA_907269105.1

Submitted job 23 with external jobid 'Submitted batch job 3610477'.

[Tue Apr  5 08:32:43 2022]
rule Homology_analysis:
    input: /beegfs/data/soukkal/StageM2/Databases/Refseq_viral_db_nophages_nopolydna_IVSPER, /beegfs/data/soukkal/StageM2/Control_genomes/genomes/GCF_016617805.1.fna
    output: /beegfs/data/soukkal/StageM2/Control_genomes/results/Viral_Homology_results/GCF_016617805.1/run_mmseqs2/result_mmseqs2.m8
    jobid: 41
    wildcards: Genome_ID=GCF_016617805.1

Submitted job 41 with external jobid 'Submitted batch job 3610478'.

[Tue Apr  5 08:32:43 2022]
rule Homology_analysis:
    input: /beegfs/data/soukkal/StageM2/Databases/Refseq_viral_db_nophages_nopolydna_IVSPER, /beegfs/data/soukkal/StageM2/Control_genomes/genomes/GCA_001014575.1.fna
    output: /beegfs/data/soukkal/StageM2/Control_genomes/results/Viral_Homology_results/GCA_001014575.1/run_mmseqs2/result_mmseqs2.m8
    jobid: 3
    wildcards: Genome_ID=GCA_001014575.1

Submitted job 3 with external jobid 'Submitted batch job 3610479'.

[Tue Apr  5 08:32:43 2022]
rule Homology_analysis:
    input: /beegfs/data/soukkal/StageM2/Databases/Refseq_viral_db_nophages_nopolydna_IVSPER, /beegfs/data/soukkal/StageM2/Control_genomes/genomes/GCA_922984085.1.fna
    output: /beegfs/data/soukkal/StageM2/Control_genomes/results/Viral_Homology_results/GCA_922984085.1/run_mmseqs2/result_mmseqs2.m8
    jobid: 31
    wildcards: Genome_ID=GCA_922984085.1

Submitted job 31 with external jobid 'Submitted batch job 3610480'.

[Tue Apr  5 08:32:43 2022]
rule Homology_analysis:
    input: /beegfs/data/soukkal/StageM2/Databases/Refseq_viral_db_nophages_nopolydna_IVSPER, /beegfs/data/soukkal/StageM2/Control_genomes/genomes/GCA_014858695.1.fna
    output: /beegfs/data/soukkal/StageM2/Control_genomes/results/Viral_Homology_results/GCA_014858695.1/run_mmseqs2/result_mmseqs2.m8
    jobid: 17
    wildcards: Genome_ID=GCA_014858695.1

Submitted job 17 with external jobid 'Submitted batch job 3610481'.

[Tue Apr  5 08:32:43 2022]
rule Homology_analysis:
    input: /beegfs/data/soukkal/StageM2/Databases/Refseq_viral_db_nophages_nopolydna_IVSPER, /beegfs/data/soukkal/StageM2/Control_genomes/genomes/GCA_914767635.1.fna
    output: /beegfs/data/soukkal/StageM2/Control_genomes/results/Viral_Homology_results/GCA_914767635.1/run_mmseqs2/result_mmseqs2.m8
    jobid: 24
    wildcards: Genome_ID=GCA_914767635.1

Submitted job 24 with external jobid 'Submitted batch job 3610482'.

[Tue Apr  5 08:32:43 2022]
rule Homology_analysis:
    input: /beegfs/data/soukkal/StageM2/Databases/Refseq_viral_db_nophages_nopolydna_IVSPER, /beegfs/data/soukkal/StageM2/Control_genomes/genomes/GCA_001017515.1.fna
    output: /beegfs/data/soukkal/StageM2/Control_genomes/results/Viral_Homology_results/GCA_001017515.1/run_mmseqs2/result_mmseqs2.m8
    jobid: 10
    wildcards: Genome_ID=GCA_001017515.1

Submitted job 10 with external jobid 'Submitted batch job 3610483'.

[Tue Apr  5 08:32:44 2022]
rule Homology_analysis:
    input: /beegfs/data/soukkal/StageM2/Databases/Refseq_viral_db_nophages_nopolydna_IVSPER, /beegfs/data/soukkal/StageM2/Control_genomes/genomes/GCF_013340165.1.fna
    output: /beegfs/data/soukkal/StageM2/Control_genomes/results/Viral_Homology_results/GCF_013340165.1/run_mmseqs2/result_mmseqs2.m8
    jobid: 38
    wildcards: Genome_ID=GCF_013340165.1

Submitted job 38 with external jobid 'Submitted batch job 3610484'.

[Tue Apr  5 08:32:44 2022]
rule Homology_analysis:
    input: /beegfs/data/soukkal/StageM2/Databases/Refseq_viral_db_nophages_nopolydna_IVSPER, /beegfs/data/soukkal/StageM2/Control_genomes/genomes/GCA_001014675.1.fna
    output: /beegfs/data/soukkal/StageM2/Control_genomes/results/Viral_Homology_results/GCA_001014675.1/run_mmseqs2/result_mmseqs2.m8
    jobid: 4
    wildcards: Genome_ID=GCA_001014675.1

Submitted job 4 with external jobid 'Submitted batch job 3610485'.

[Tue Apr  5 08:32:44 2022]
rule Homology_analysis:
    input: /beegfs/data/soukkal/StageM2/Databases/Refseq_viral_db_nophages_nopolydna_IVSPER, /beegfs/data/soukkal/StageM2/Control_genomes/genomes/GCF_000001215.4.fna
    output: /beegfs/data/soukkal/StageM2/Control_genomes/results/Viral_Homology_results/GCF_000001215.4/run_mmseqs2/result_mmseqs2.m8
    jobid: 32
    wildcards: Genome_ID=GCF_000001215.4

Submitted job 32 with external jobid 'Submitted batch job 3610486'.

[Tue Apr  5 08:32:44 2022]
rule Define_loci:
    input: /beegfs/data/soukkal/StageM2/Control_genomes/results/Viral_Homology_results/GCF_000699065.1/run_mmseqs2/result_mmseqs2.m8
    output: /beegfs/data/soukkal/StageM2/Control_genomes/results/Viral_Homology_results/GCF_000699065.1/run_mmseqs2/result_mmseqs2_strand_V.m8, /beegfs/data/soukkal/StageM2/Control_genomes/results/Viral_Homology_results/GCF_000699065.1/run_mmseqs2/result_mmseqs2_strand_summary_V.m8
    jobid: 74
    wildcards: Genome_ID=GCF_000699065.1

Submitted job 74 with external jobid 'Submitted batch job 3610487'.

[Tue Apr  5 08:32:44 2022]
rule Homology_analysis:
    input: /beegfs/data/soukkal/StageM2/Databases/Refseq_viral_db_nophages_nopolydna_IVSPER, /beegfs/data/soukkal/StageM2/Control_genomes/genomes/GCA_017309665.1.fna
    output: /beegfs/data/soukkal/StageM2/Control_genomes/results/Viral_Homology_results/GCA_017309665.1/run_mmseqs2/result_mmseqs2.m8
    jobid: 18
    wildcards: Genome_ID=GCA_017309665.1

Submitted job 18 with external jobid 'Submitted batch job 3610488'.

[Tue Apr  5 08:32:44 2022]
rule Define_loci:
    input: /beegfs/data/soukkal/StageM2/Control_genomes/results/Viral_Homology_results/GCA_001015075.1/run_mmseqs2/result_mmseqs2.m8
    output: /beegfs/data/soukkal/StageM2/Control_genomes/results/Viral_Homology_results/GCA_001015075.1/run_mmseqs2/result_mmseqs2_strand_V.m8, /beegfs/data/soukkal/StageM2/Control_genomes/results/Viral_Homology_results/GCA_001015075.1/run_mmseqs2/result_mmseqs2_strand_summary_V.m8
    jobid: 46
    wildcards: Genome_ID=GCA_001015075.1

Submitted job 46 with external jobid 'Submitted batch job 3610489'.

[Tue Apr  5 08:32:44 2022]
rule Homology_analysis:
    input: /beegfs/data/soukkal/StageM2/Databases/Refseq_viral_db_nophages_nopolydna_IVSPER, /beegfs/data/soukkal/StageM2/Control_genomes/genomes/GCA_914767935.1.fna
    output: /beegfs/data/soukkal/StageM2/Control_genomes/results/Viral_Homology_results/GCA_914767935.1/run_mmseqs2/result_mmseqs2.m8
    jobid: 25
    wildcards: Genome_ID=GCA_914767935.1

Submitted job 25 with external jobid 'Submitted batch job 3610490'.

[Tue Apr  5 08:32:44 2022]
rule Homology_analysis:
    input: /beegfs/data/soukkal/StageM2/Databases/Refseq_viral_db_nophages_nopolydna_IVSPER, /beegfs/data/soukkal/StageM2/Control_genomes/genomes/GCA_001735545.1.fna
    output: /beegfs/data/soukkal/StageM2/Control_genomes/results/Viral_Homology_results/GCA_001735545.1/run_mmseqs2/result_mmseqs2.m8
    jobid: 11
    wildcards: Genome_ID=GCA_001735545.1

Submitted job 11 with external jobid 'Submitted batch job 3610491'.

[Tue Apr  5 08:32:44 2022]
rule Homology_analysis:
    input: /beegfs/data/soukkal/StageM2/Databases/Refseq_viral_db_nophages_nopolydna_IVSPER, /beegfs/data/soukkal/StageM2/Control_genomes/genomes/GCF_013731165.1.fna
    output: /beegfs/data/soukkal/StageM2/Control_genomes/results/Viral_Homology_results/GCF_013731165.1/run_mmseqs2/result_mmseqs2.m8
    jobid: 39
    wildcards: Genome_ID=GCF_013731165.1

Submitted job 39 with external jobid 'Submitted batch job 3610492'.

[Tue Apr  5 08:32:44 2022]
rule Homology_analysis:
    input: /beegfs/data/soukkal/StageM2/Databases/Refseq_viral_db_nophages_nopolydna_IVSPER, /beegfs/data/soukkal/StageM2/Control_genomes/genomes/GCA_001014935.1.fna
    output: /beegfs/data/soukkal/StageM2/Control_genomes/results/Viral_Homology_results/GCA_001014935.1/run_mmseqs2/result_mmseqs2.m8
    jobid: 5
    wildcards: Genome_ID=GCA_001014935.1

Submitted job 5 with external jobid 'Submitted batch job 3610493'.

[Tue Apr  5 08:32:44 2022]
rule Homology_analysis:
    input: /beegfs/data/soukkal/StageM2/Databases/Refseq_viral_db_nophages_nopolydna_IVSPER, /beegfs/data/soukkal/StageM2/Control_genomes/genomes/GCF_000347755.3.fna
    output: /beegfs/data/soukkal/StageM2/Control_genomes/results/Viral_Homology_results/GCF_000347755.3/run_mmseqs2/result_mmseqs2.m8
    jobid: 33
    wildcards: Genome_ID=GCF_000347755.3

Submitted job 33 with external jobid 'Submitted batch job 3610494'.

[Tue Apr  5 08:32:44 2022]
rule Homology_analysis:
    input: /beegfs/data/soukkal/StageM2/Databases/Refseq_viral_db_nophages_nopolydna_IVSPER, /beegfs/data/soukkal/StageM2/Control_genomes/genomes/GCA_019455685.1.fna
    output: /beegfs/data/soukkal/StageM2/Control_genomes/results/Viral_Homology_results/GCA_019455685.1/run_mmseqs2/result_mmseqs2.m8
    jobid: 19
    wildcards: Genome_ID=GCA_019455685.1

Submitted job 19 with external jobid 'Submitted batch job 3610495'.

[Tue Apr  5 08:32:44 2022]
rule Homology_analysis:
    input: /beegfs/data/soukkal/StageM2/Databases/Refseq_viral_db_nophages_nopolydna_IVSPER, /beegfs/data/soukkal/StageM2/Control_genomes/genomes/GCA_916048285.2.fna
    output: /beegfs/data/soukkal/StageM2/Control_genomes/results/Viral_Homology_results/GCA_916048285.2/run_mmseqs2/result_mmseqs2.m8
    jobid: 26
    wildcards: Genome_ID=GCA_916048285.2

Submitted job 26 with external jobid 'Submitted batch job 3610496'.

[Tue Apr  5 08:32:44 2022]
rule Define_loci:
    input: /beegfs/data/soukkal/StageM2/Control_genomes/results/Viral_Homology_results/GCA_003952975.1/run_mmseqs2/result_mmseqs2.m8
    output: /beegfs/data/soukkal/StageM2/Control_genomes/results/Viral_Homology_results/GCA_003952975.1/run_mmseqs2/result_mmseqs2_strand_V.m8, /beegfs/data/soukkal/StageM2/Control_genomes/results/Viral_Homology_results/GCA_003952975.1/run_mmseqs2/result_mmseqs2_strand_summary_V.m8
    jobid: 54
    wildcards: Genome_ID=GCA_003952975.1

Submitted job 54 with external jobid 'Submitted batch job 3610497'.

[Tue Apr  5 08:32:44 2022]
rule Define_loci:
    input: /beegfs/data/soukkal/StageM2/Control_genomes/results/Viral_Homology_results/GCA_917880715.2/run_mmseqs2/result_mmseqs2.m8
    output: /beegfs/data/soukkal/StageM2/Control_genomes/results/Viral_Homology_results/GCA_917880715.2/run_mmseqs2/result_mmseqs2_strand_V.m8, /beegfs/data/soukkal/StageM2/Control_genomes/results/Viral_Homology_results/GCA_917880715.2/run_mmseqs2/result_mmseqs2_strand_summary_V.m8
    jobid: 68
    wildcards: Genome_ID=GCA_917880715.2

Submitted job 68 with external jobid 'Submitted batch job 3610498'.

[Tue Apr  5 08:32:44 2022]
rule Homology_analysis:
    input: /beegfs/data/soukkal/StageM2/Databases/Refseq_viral_db_nophages_nopolydna_IVSPER, /beegfs/data/soukkal/StageM2/Control_genomes/genomes/GCA_003055125.1.fna
    output: /beegfs/data/soukkal/StageM2/Control_genomes/results/Viral_Homology_results/GCA_003055125.1/run_mmseqs2/result_mmseqs2.m8
    jobid: 12
    wildcards: Genome_ID=GCA_003055125.1

Submitted job 12 with external jobid 'Submitted batch job 3610499'.

[Tue Apr  5 08:32:44 2022]
rule Homology_analysis:
    input: /beegfs/data/soukkal/StageM2/Databases/Refseq_viral_db_nophages_nopolydna_IVSPER, /beegfs/data/soukkal/StageM2/Control_genomes/genomes/GCF_014805625.1.fna
    output: /beegfs/data/soukkal/StageM2/Control_genomes/results/Viral_Homology_results/GCF_014805625.1/run_mmseqs2/result_mmseqs2.m8
    jobid: 40
    wildcards: Genome_ID=GCF_014805625.1

Submitted job 40 with external jobid 'Submitted batch job 3610500'.

[Tue Apr  5 08:32:44 2022]
rule Homology_analysis:
    input: /beegfs/data/soukkal/StageM2/Databases/Refseq_viral_db_nophages_nopolydna_IVSPER, /beegfs/data/soukkal/StageM2/Control_genomes/genomes/GCA_916050605.2.fna
    output: /beegfs/data/soukkal/StageM2/Control_genomes/results/Viral_Homology_results/GCA_916050605.2/run_mmseqs2/result_mmseqs2.m8
    jobid: 27
    wildcards: Genome_ID=GCA_916050605.2

Submitted job 27 with external jobid 'Submitted batch job 3610501'.
[Tue Apr  5 08:33:09 2022]
Error in rule Define_loci:
    jobid: 74
    output: /beegfs/data/soukkal/StageM2/Control_genomes/results/Viral_Homology_results/GCF_000699065.1/run_mmseqs2/result_mmseqs2_strand_V.m8, /beegfs/data/soukkal/StageM2/Control_genomes/results/Viral_Homology_results/GCF_000699065.1/run_mmseqs2/result_mmseqs2_strand_summary_V.m8
    shell:
        
		python3 /beegfs/data/soukkal/StageM2/Scripts/Homology_search/Make_change_strand_mmseqs.py -b /beegfs/data/soukkal/StageM2/Control_genomes/results/Viral_Homology_results/GCF_000699065.1/run_mmseqs2/result_mmseqs2.m8 -o /beegfs/data/soukkal/StageM2/Control_genomes/results/Viral_Homology_results/GCF_000699065.1/run_mmseqs2/result_mmseqs2_strand_V.m8 -t virus 
		/beegfs/data/soft/R-3.5.2/bin/Rscript /beegfs/data/soukkal/StageM2/Scripts/Homology_search/Overlapping_sequences_BUSCO_Viral_loci2.R /beegfs/data/soukkal/StageM2/Control_genomes/results/Viral_Homology_results/GCF_000699065.1/run_mmseqs2/result_mmseqs2_strand_V.m8 /beegfs/data/soukkal/StageM2/Control_genomes/results/Viral_Homology_results/GCF_000699065.1/run_mmseqs2/result_mmseqs2_strand_summary_V.m8
		
        (one of the commands exited with non-zero exit code; note that snakemake uses bash strict mode!)
    cluster_jobid: Submitted batch job 3610487

Error executing rule Define_loci on cluster (jobid: 74, external: Submitted batch job 3610487, jobscript: /beegfs/data/soukkal/StageM2/Scripts/Homology_search/.snakemake/tmp.evgxh367/snakejob.Define_loci.74.sh). For error details see the cluster log and the log files of the involved rule(s).
[Tue Apr  5 08:33:09 2022]
Error in rule Define_loci:
    jobid: 46
    output: /beegfs/data/soukkal/StageM2/Control_genomes/results/Viral_Homology_results/GCA_001015075.1/run_mmseqs2/result_mmseqs2_strand_V.m8, /beegfs/data/soukkal/StageM2/Control_genomes/results/Viral_Homology_results/GCA_001015075.1/run_mmseqs2/result_mmseqs2_strand_summary_V.m8
    shell:
        
		python3 /beegfs/data/soukkal/StageM2/Scripts/Homology_search/Make_change_strand_mmseqs.py -b /beegfs/data/soukkal/StageM2/Control_genomes/results/Viral_Homology_results/GCA_001015075.1/run_mmseqs2/result_mmseqs2.m8 -o /beegfs/data/soukkal/StageM2/Control_genomes/results/Viral_Homology_results/GCA_001015075.1/run_mmseqs2/result_mmseqs2_strand_V.m8 -t virus 
		/beegfs/data/soft/R-3.5.2/bin/Rscript /beegfs/data/soukkal/StageM2/Scripts/Homology_search/Overlapping_sequences_BUSCO_Viral_loci2.R /beegfs/data/soukkal/StageM2/Control_genomes/results/Viral_Homology_results/GCA_001015075.1/run_mmseqs2/result_mmseqs2_strand_V.m8 /beegfs/data/soukkal/StageM2/Control_genomes/results/Viral_Homology_results/GCA_001015075.1/run_mmseqs2/result_mmseqs2_strand_summary_V.m8
		
        (one of the commands exited with non-zero exit code; note that snakemake uses bash strict mode!)
    cluster_jobid: Submitted batch job 3610489

Error executing rule Define_loci on cluster (jobid: 46, external: Submitted batch job 3610489, jobscript: /beegfs/data/soukkal/StageM2/Scripts/Homology_search/.snakemake/tmp.evgxh367/snakejob.Define_loci.46.sh). For error details see the cluster log and the log files of the involved rule(s).
[Tue Apr  5 08:33:50 2022]
Error in rule Define_loci:
    jobid: 54
    output: /beegfs/data/soukkal/StageM2/Control_genomes/results/Viral_Homology_results/GCA_003952975.1/run_mmseqs2/result_mmseqs2_strand_V.m8, /beegfs/data/soukkal/StageM2/Control_genomes/results/Viral_Homology_results/GCA_003952975.1/run_mmseqs2/result_mmseqs2_strand_summary_V.m8
    shell:
        
		python3 /beegfs/data/soukkal/StageM2/Scripts/Homology_search/Make_change_strand_mmseqs.py -b /beegfs/data/soukkal/StageM2/Control_genomes/results/Viral_Homology_results/GCA_003952975.1/run_mmseqs2/result_mmseqs2.m8 -o /beegfs/data/soukkal/StageM2/Control_genomes/results/Viral_Homology_results/GCA_003952975.1/run_mmseqs2/result_mmseqs2_strand_V.m8 -t virus 
		/beegfs/data/soft/R-3.5.2/bin/Rscript /beegfs/data/soukkal/StageM2/Scripts/Homology_search/Overlapping_sequences_BUSCO_Viral_loci2.R /beegfs/data/soukkal/StageM2/Control_genomes/results/Viral_Homology_results/GCA_003952975.1/run_mmseqs2/result_mmseqs2_strand_V.m8 /beegfs/data/soukkal/StageM2/Control_genomes/results/Viral_Homology_results/GCA_003952975.1/run_mmseqs2/result_mmseqs2_strand_summary_V.m8
		
        (one of the commands exited with non-zero exit code; note that snakemake uses bash strict mode!)
    cluster_jobid: Submitted batch job 3610497

Error executing rule Define_loci on cluster (jobid: 54, external: Submitted batch job 3610497, jobscript: /beegfs/data/soukkal/StageM2/Scripts/Homology_search/.snakemake/tmp.evgxh367/snakejob.Define_loci.54.sh). For error details see the cluster log and the log files of the involved rule(s).
[Tue Apr  5 08:33:50 2022]
Error in rule Define_loci:
    jobid: 68
    output: /beegfs/data/soukkal/StageM2/Control_genomes/results/Viral_Homology_results/GCA_917880715.2/run_mmseqs2/result_mmseqs2_strand_V.m8, /beegfs/data/soukkal/StageM2/Control_genomes/results/Viral_Homology_results/GCA_917880715.2/run_mmseqs2/result_mmseqs2_strand_summary_V.m8
    shell:
        
		python3 /beegfs/data/soukkal/StageM2/Scripts/Homology_search/Make_change_strand_mmseqs.py -b /beegfs/data/soukkal/StageM2/Control_genomes/results/Viral_Homology_results/GCA_917880715.2/run_mmseqs2/result_mmseqs2.m8 -o /beegfs/data/soukkal/StageM2/Control_genomes/results/Viral_Homology_results/GCA_917880715.2/run_mmseqs2/result_mmseqs2_strand_V.m8 -t virus 
		/beegfs/data/soft/R-3.5.2/bin/Rscript /beegfs/data/soukkal/StageM2/Scripts/Homology_search/Overlapping_sequences_BUSCO_Viral_loci2.R /beegfs/data/soukkal/StageM2/Control_genomes/results/Viral_Homology_results/GCA_917880715.2/run_mmseqs2/result_mmseqs2_strand_V.m8 /beegfs/data/soukkal/StageM2/Control_genomes/results/Viral_Homology_results/GCA_917880715.2/run_mmseqs2/result_mmseqs2_strand_summary_V.m8
		
        (one of the commands exited with non-zero exit code; note that snakemake uses bash strict mode!)
    cluster_jobid: Submitted batch job 3610498

Error executing rule Define_loci on cluster (jobid: 68, external: Submitted batch job 3610498, jobscript: /beegfs/data/soukkal/StageM2/Scripts/Homology_search/.snakemake/tmp.evgxh367/snakejob.Define_loci.68.sh). For error details see the cluster log and the log files of the involved rule(s).
