Building DAG of jobs...
Using shell: /usr/bin/bash
Provided cluster nodes: 200
Job counts:
	count	jobs
	26	Extract_loci
	1	Filter_loci
	40	Translate_loci
	1	all
	68

[Wed Apr  6 12:14:56 2022]
rule Translate_loci:
    input: /beegfs/data/soukkal/StageM2/Control_genomes/results/Viral_Homology_results/GCA_001014935.1/Fasta_viral_loci1.fna
    output: /beegfs/data/soukkal/StageM2/Control_genomes/results/Viral_Homology_results/GCA_001014935.1/Fasta_viral_loci.faa
    jobid: 125
    wildcards: Genome_ID=GCA_001014935.1

RuleException in line 123 of /beegfs/data/soukkal/StageM2/Scripts/Homology_search/Snakemake_viral_homology_Control:
'OutputFiles' object has no attribute 'Concat_loci'
  File "/beegfs/data/bguinet/Bguinet_conda/lib/python3.7/site-packages/snakemake/executors/__init__.py", line 140, in run_jobs
  File "/beegfs/data/bguinet/Bguinet_conda/lib/python3.7/site-packages/snakemake/executors/__init__.py", line 959, in run
  File "/beegfs/data/bguinet/Bguinet_conda/lib/python3.7/site-packages/snakemake/executors/__init__.py", line 728, in _run
  File "/beegfs/data/bguinet/Bguinet_conda/lib/python3.7/site-packages/snakemake/executors/__init__.py", line 230, in _run
  File "/beegfs/data/bguinet/Bguinet_conda/lib/python3.7/site-packages/snakemake/executors/__init__.py", line 156, in _run
  File "/beegfs/data/bguinet/Bguinet_conda/lib/python3.7/site-packages/snakemake/executors/__init__.py", line 162, in printjob
