Building DAG of jobs...
Using shell: /usr/bin/bash
Provided cluster nodes: 200
Job counts:
	count	jobs
	37	Define_loci
	37	Extract_loci
	33	Homology_analysis
	37	Translate_loci
	145

[Fri Apr  1 09:53:56 2022]
rule Homology_analysis:
    input: /beegfs/data/soukkal/StageM2/Databases/Refseq_viral_db_nophages_nopolydna, /beegfs/data/soukkal/StageM2/Tachinids_genomes/genomes/chrysoexorista_wood01dhj02.fna
    output: /beegfs/data/soukkal/StageM2/Tachinids_genomes/results/Viral_Homology_results/chrysoexorista_wood01dhj02/run_mmseqs2/result_mmseqs2.m8
    jobid: 28
    wildcards: Genome_ID=chrysoexorista_wood01dhj02

Submitted job 28 with external jobid 'Submitted batch job 3591278'.

[Fri Apr  1 09:53:56 2022]
rule Homology_analysis:
    input: /beegfs/data/soukkal/StageM2/Databases/Refseq_viral_db_nophages_nopolydna, /beegfs/data/soukkal/StageM2/Tachinids_genomes/genomes/austrophorocera_wood05.fna
    output: /beegfs/data/soukkal/StageM2/Tachinids_genomes/results/Viral_Homology_results/austrophorocera_wood05/run_mmseqs2/result_mmseqs2.m8
    jobid: 14
    wildcards: Genome_ID=austrophorocera_wood05

Submitted job 14 with external jobid 'Submitted batch job 3591279'.

[Fri Apr  1 09:53:56 2022]
rule Homology_analysis:
    input: /beegfs/data/soukkal/StageM2/Databases/Refseq_viral_db_nophages_nopolydna, /beegfs/data/soukkal/StageM2/Tachinids_genomes/genomes/jurinella_wood01.fna
    output: /beegfs/data/soukkal/StageM2/Tachinids_genomes/results/Viral_Homology_results/jurinella_wood01/run_mmseqs2/result_mmseqs2.m8
    jobid: 21
    wildcards: Genome_ID=jurinella_wood01

Submitted job 21 with external jobid 'Submitted batch job 3591280'.

[Fri Apr  1 09:53:56 2022]
rule Homology_analysis:
    input: /beegfs/data/soukkal/StageM2/Databases/Refseq_viral_db_nophages_nopolydna, /beegfs/data/soukkal/StageM2/Tachinids_genomes/genomes/siphosturmia_wood02.fna
    output: /beegfs/data/soukkal/StageM2/Tachinids_genomes/results/Viral_Homology_results/siphosturmia_wood02/run_mmseqs2/result_mmseqs2.m8
    jobid: 35
    wildcards: Genome_ID=siphosturmia_wood02

Submitted job 35 with external jobid 'Submitted batch job 3591281'.

[Fri Apr  1 09:53:56 2022]
rule Homology_analysis:
    input: /beegfs/data/soukkal/StageM2/Databases/Refseq_viral_db_nophages_nopolydna, /beegfs/data/soukkal/StageM2/Tachinids_genomes/genomes/genea_wood03dhj01.fna
    output: /beegfs/data/soukkal/StageM2/Tachinids_genomes/results/Viral_Homology_results/genea_wood03dhj01/run_mmseqs2/result_mmseqs2.m8
    jobid: 7
    wildcards: Genome_ID=genea_wood03dhj01

Submitted job 7 with external jobid 'Submitted batch job 3591282'.

[Fri Apr  1 09:53:56 2022]
rule Define_loci:
    input: /beegfs/data/soukkal/StageM2/Tachinids_genomes/results/Viral_Homology_results/chrysotachina_wood02dhj02/run_mmseqs2/result_mmseqs2.m8
    output: /beegfs/data/soukkal/StageM2/Tachinids_genomes/results/Viral_Homology_results/chrysotachina_wood02dhj02/run_mmseqs2/result_mmseqs2_strand_V.m8, /beegfs/data/soukkal/StageM2/Tachinids_genomes/results/Viral_Homology_results/chrysotachina_wood02dhj02/run_mmseqs2/result_mmseqs2_strand_summary_V.m8
    jobid: 71
    wildcards: Genome_ID=chrysotachina_wood02dhj02

Submitted job 71 with external jobid 'Submitted batch job 3591283'.

[Fri Apr  1 09:53:56 2022]
rule Define_loci:
    input: /beegfs/data/soukkal/StageM2/Tachinids_genomes/results/Viral_Homology_results/argyrochaetona_cubanadhj02/run_mmseqs2/result_mmseqs2.m8
    output: /beegfs/data/soukkal/StageM2/Tachinids_genomes/results/Viral_Homology_results/argyrochaetona_cubanadhj02/run_mmseqs2/result_mmseqs2_strand_V.m8, /beegfs/data/soukkal/StageM2/Tachinids_genomes/results/Viral_Homology_results/argyrochaetona_cubanadhj02/run_mmseqs2/result_mmseqs2_strand_summary_V.m8
    jobid: 43
    wildcards: Genome_ID=argyrochaetona_cubanadhj02

Submitted job 43 with external jobid 'Submitted batch job 3591284'.

[Fri Apr  1 09:53:56 2022]
rule Homology_analysis:
    input: /beegfs/data/soukkal/StageM2/Databases/Refseq_viral_db_nophages_nopolydna, /beegfs/data/soukkal/StageM2/Tachinids_genomes/genomes/aplomyopsis_wood01.fna
    output: /beegfs/data/soukkal/StageM2/Tachinids_genomes/results/Viral_Homology_results/aplomyopsis_wood01/run_mmseqs2/result_mmseqs2.m8
    jobid: 2
    wildcards: Genome_ID=aplomyopsis_wood01

Submitted job 2 with external jobid 'Submitted batch job 3591285'.

[Fri Apr  1 09:53:56 2022]
rule Define_loci:
    input: /beegfs/data/soukkal/StageM2/Tachinids_genomes/results/Viral_Homology_results/calolydella_erasmocoronadoi/run_mmseqs2/result_mmseqs2.m8
    output: /beegfs/data/soukkal/StageM2/Tachinids_genomes/results/Viral_Homology_results/calolydella_erasmocoronadoi/run_mmseqs2/result_mmseqs2_strand_V.m8, /beegfs/data/soukkal/StageM2/Tachinids_genomes/results/Viral_Homology_results/calolydella_erasmocoronadoi/run_mmseqs2/result_mmseqs2_strand_summary_V.m8
    jobid: 57
    wildcards: Genome_ID=calolydella_erasmocoronadoi

Submitted job 57 with external jobid 'Submitted batch job 3591286'.

[Fri Apr  1 09:53:57 2022]
rule Homology_analysis:
    input: /beegfs/data/soukkal/StageM2/Databases/Refseq_viral_db_nophages_nopolydna, /beegfs/data/soukkal/StageM2/Tachinids_genomes/genomes/lixophaga_wood06.fna
    output: /beegfs/data/soukkal/StageM2/Tachinids_genomes/results/Viral_Homology_results/lixophaga_wood06/run_mmseqs2/result_mmseqs2.m8
    jobid: 29
    wildcards: Genome_ID=lixophaga_wood06

Submitted job 29 with external jobid 'Submitted batch job 3591287'.

[Fri Apr  1 09:53:57 2022]
rule Homology_analysis:
    input: /beegfs/data/soukkal/StageM2/Databases/Refseq_viral_db_nophages_nopolydna, /beegfs/data/soukkal/StageM2/Tachinids_genomes/genomes/houghia_pallida.fna
    output: /beegfs/data/soukkal/StageM2/Tachinids_genomes/results/Viral_Homology_results/houghia_pallida/run_mmseqs2/result_mmseqs2.m8
    jobid: 15
    wildcards: Genome_ID=houghia_pallida

Submitted job 15 with external jobid 'Submitted batch job 3591288'.

[Fri Apr  1 09:53:57 2022]
rule Homology_analysis:
    input: /beegfs/data/soukkal/StageM2/Databases/Refseq_viral_db_nophages_nopolydna, /beegfs/data/soukkal/StageM2/Tachinids_genomes/genomes/cordyligaster_capellii.fna
    output: /beegfs/data/soukkal/StageM2/Tachinids_genomes/results/Viral_Homology_results/cordyligaster_capellii/run_mmseqs2/result_mmseqs2.m8
    jobid: 36
    wildcards: Genome_ID=cordyligaster_capellii

Submitted job 36 with external jobid 'Submitted batch job 3591289'.

[Fri Apr  1 09:53:57 2022]
rule Homology_analysis:
    input: /beegfs/data/soukkal/StageM2/Databases/Refseq_viral_db_nophages_nopolydna, /beegfs/data/soukkal/StageM2/Tachinids_genomes/genomes/calolydella_timjamesi.fna
    output: /beegfs/data/soukkal/StageM2/Tachinids_genomes/results/Viral_Homology_results/calolydella_timjamesi/run_mmseqs2/result_mmseqs2.m8
    jobid: 22
    wildcards: Genome_ID=calolydella_timjamesi

Submitted job 22 with external jobid 'Submitted batch job 3591290'.

[Fri Apr  1 09:53:57 2022]
rule Homology_analysis:
    input: /beegfs/data/soukkal/StageM2/Databases/Refseq_viral_db_nophages_nopolydna, /beegfs/data/soukkal/StageM2/Tachinids_genomes/genomes/argyrophylax_albincisadhj04.fna
    output: /beegfs/data/soukkal/StageM2/Tachinids_genomes/results/Viral_Homology_results/argyrophylax_albincisadhj04/run_mmseqs2/result_mmseqs2.m8
    jobid: 8
    wildcards: Genome_ID=argyrophylax_albincisadhj04

Submitted job 8 with external jobid 'Submitted batch job 3591291'.

[Fri Apr  1 09:53:57 2022]
rule Homology_analysis:
    input: /beegfs/data/soukkal/StageM2/Databases/Refseq_viral_db_nophages_nopolydna, /beegfs/data/soukkal/StageM2/Tachinids_genomes/genomes/belvosia_woodley07g.fna
    output: /beegfs/data/soukkal/StageM2/Tachinids_genomes/results/Viral_Homology_results/belvosia_woodley07g/run_mmseqs2/result_mmseqs2.m8
    jobid: 16
    wildcards: Genome_ID=belvosia_woodley07g

Submitted job 16 with external jobid 'Submitted batch job 3591292'.

[Fri Apr  1 09:53:57 2022]
rule Homology_analysis:
    input: /beegfs/data/soukkal/StageM2/Databases/Refseq_viral_db_nophages_nopolydna, /beegfs/data/soukkal/StageM2/Tachinids_genomes/genomes/houghia_bivittata.fna
    output: /beegfs/data/soukkal/StageM2/Tachinids_genomes/results/Viral_Homology_results/houghia_bivittata/run_mmseqs2/result_mmseqs2.m8
    jobid: 9
    wildcards: Genome_ID=houghia_bivittata

Submitted job 9 with external jobid 'Submitted batch job 3591293'.

[Fri Apr  1 09:53:57 2022]
rule Homology_analysis:
    input: /beegfs/data/soukkal/StageM2/Databases/Refseq_viral_db_nophages_nopolydna, /beegfs/data/soukkal/StageM2/Tachinids_genomes/genomes/zizyphomyia_argutadhj02.fna
    output: /beegfs/data/soukkal/StageM2/Tachinids_genomes/results/Viral_Homology_results/zizyphomyia_argutadhj02/run_mmseqs2/result_mmseqs2.m8
    jobid: 37
    wildcards: Genome_ID=zizyphomyia_argutadhj02

Submitted job 37 with external jobid 'Submitted batch job 3591294'.

[Fri Apr  1 09:53:57 2022]
rule Homology_analysis:
    input: /beegfs/data/soukkal/StageM2/Databases/Refseq_viral_db_nophages_nopolydna, /beegfs/data/soukkal/StageM2/Tachinids_genomes/genomes/leschenaultia_wood15.fna
    output: /beegfs/data/soukkal/StageM2/Tachinids_genomes/results/Viral_Homology_results/leschenaultia_wood15/run_mmseqs2/result_mmseqs2.m8
    jobid: 23
    wildcards: Genome_ID=leschenaultia_wood15

Submitted job 23 with external jobid 'Submitted batch job 3591295'.

[Fri Apr  1 09:53:57 2022]
rule Homology_analysis:
    input: /beegfs/data/soukkal/StageM2/Databases/Refseq_viral_db_nophages_nopolydna, /beegfs/data/soukkal/StageM2/Tachinids_genomes/genomes/lixophaga_wood09.fna
    output: /beegfs/data/soukkal/StageM2/Tachinids_genomes/results/Viral_Homology_results/lixophaga_wood09/run_mmseqs2/result_mmseqs2.m8
    jobid: 31
    wildcards: Genome_ID=lixophaga_wood09

Submitted job 31 with external jobid 'Submitted batch job 3591296'.

[Fri Apr  1 09:53:57 2022]
rule Homology_analysis:
    input: /beegfs/data/soukkal/StageM2/Databases/Refseq_viral_db_nophages_nopolydna, /beegfs/data/soukkal/StageM2/Tachinids_genomes/genomes/drino_wood06dhj05.fna
    output: /beegfs/data/soukkal/StageM2/Tachinids_genomes/results/Viral_Homology_results/drino_wood06dhj05/run_mmseqs2/result_mmseqs2.m8
    jobid: 3
    wildcards: Genome_ID=drino_wood06dhj05

Submitted job 3 with external jobid 'Submitted batch job 3591297'.

[Fri Apr  1 09:53:57 2022]
rule Homology_analysis:
    input: /beegfs/data/soukkal/StageM2/Databases/Refseq_viral_db_nophages_nopolydna, /beegfs/data/soukkal/StageM2/Tachinids_genomes/genomes/hyphantrophaga_virilis.fna
    output: /beegfs/data/soukkal/StageM2/Tachinids_genomes/results/Viral_Homology_results/hyphantrophaga_virilis/run_mmseqs2/result_mmseqs2.m8
    jobid: 17
    wildcards: Genome_ID=hyphantrophaga_virilis

Submitted job 17 with external jobid 'Submitted batch job 3591298'.

[Fri Apr  1 09:53:57 2022]
rule Homology_analysis:
    input: /beegfs/data/soukkal/StageM2/Databases/Refseq_viral_db_nophages_nopolydna, /beegfs/data/soukkal/StageM2/Tachinids_genomes/genomes/campylocheta_wood03.fna
    output: /beegfs/data/soukkal/StageM2/Tachinids_genomes/results/Viral_Homology_results/campylocheta_wood03/run_mmseqs2/result_mmseqs2.m8
    jobid: 24
    wildcards: Genome_ID=campylocheta_wood03

Submitted job 24 with external jobid 'Submitted batch job 3591299'.

[Fri Apr  1 09:53:57 2022]
rule Homology_analysis:
    input: /beegfs/data/soukkal/StageM2/Databases/Refseq_viral_db_nophages_nopolydna, /beegfs/data/soukkal/StageM2/Tachinids_genomes/genomes/drino_wood06dhj01.fna
    output: /beegfs/data/soukkal/StageM2/Tachinids_genomes/results/Viral_Homology_results/drino_wood06dhj01/run_mmseqs2/result_mmseqs2.m8
    jobid: 38
    wildcards: Genome_ID=drino_wood06dhj01

Submitted job 38 with external jobid 'Submitted batch job 3591300'.

[Fri Apr  1 09:53:57 2022]
rule Homology_analysis:
    input: /beegfs/data/soukkal/StageM2/Databases/Refseq_viral_db_nophages_nopolydna, /beegfs/data/soukkal/StageM2/Tachinids_genomes/genomes/argyrophylax_wood05.fna
    output: /beegfs/data/soukkal/StageM2/Tachinids_genomes/results/Viral_Homology_results/argyrophylax_wood05/run_mmseqs2/result_mmseqs2.m8
    jobid: 10
    wildcards: Genome_ID=argyrophylax_wood05

Submitted job 10 with external jobid 'Submitted batch job 3591301'.

[Fri Apr  1 09:53:57 2022]
rule Homology_analysis:
    input: /beegfs/data/soukkal/StageM2/Databases/Refseq_viral_db_nophages_nopolydna, /beegfs/data/soukkal/StageM2/Tachinids_genomes/genomes/chrysotachina_wood01.fna
    output: /beegfs/data/soukkal/StageM2/Tachinids_genomes/results/Viral_Homology_results/chrysotachina_wood01/run_mmseqs2/result_mmseqs2.m8
    jobid: 32
    wildcards: Genome_ID=chrysotachina_wood01

Submitted job 32 with external jobid 'Submitted batch job 3591302'.

[Fri Apr  1 09:53:57 2022]
rule Homology_analysis:
    input: /beegfs/data/soukkal/StageM2/Databases/Refseq_viral_db_nophages_nopolydna, /beegfs/data/soukkal/StageM2/Tachinids_genomes/genomes/archytas_wood02.fna
    output: /beegfs/data/soukkal/StageM2/Tachinids_genomes/results/Viral_Homology_results/archytas_wood02/run_mmseqs2/result_mmseqs2.m8
    jobid: 4
    wildcards: Genome_ID=archytas_wood02

Submitted job 4 with external jobid 'Submitted batch job 3591303'.

[Fri Apr  1 09:53:57 2022]
rule Homology_analysis:
    input: /beegfs/data/soukkal/StageM2/Databases/Refseq_viral_db_nophages_nopolydna, /beegfs/data/soukkal/StageM2/Tachinids_genomes/genomes/belvosia_woodley10.fna
    output: /beegfs/data/soukkal/StageM2/Tachinids_genomes/results/Viral_Homology_results/belvosia_woodley10/run_mmseqs2/result_mmseqs2.m8
    jobid: 18
    wildcards: Genome_ID=belvosia_woodley10

Submitted job 18 with external jobid 'Submitted batch job 3591304'.

[Fri Apr  1 09:53:57 2022]
rule Define_loci:
    input: /beegfs/data/soukkal/StageM2/Tachinids_genomes/results/Viral_Homology_results/chrysoexorista_wood04/run_mmseqs2/result_mmseqs2.m8
    output: /beegfs/data/soukkal/StageM2/Tachinids_genomes/results/Viral_Homology_results/chrysoexorista_wood04/run_mmseqs2/result_mmseqs2_strand_V.m8, /beegfs/data/soukkal/StageM2/Tachinids_genomes/results/Viral_Homology_results/chrysoexorista_wood04/run_mmseqs2/result_mmseqs2_strand_summary_V.m8
    jobid: 67
    wildcards: Genome_ID=chrysoexorista_wood04

Submitted job 67 with external jobid 'Submitted batch job 3591305'.

[Fri Apr  1 09:53:57 2022]
rule Homology_analysis:
    input: /beegfs/data/soukkal/StageM2/Databases/Refseq_viral_db_nophages_nopolydna, /beegfs/data/soukkal/StageM2/Tachinids_genomes/genomes/leskia_janzen27.fna
    output: /beegfs/data/soukkal/StageM2/Tachinids_genomes/results/Viral_Homology_results/leskia_janzen27/run_mmseqs2/result_mmseqs2.m8
    jobid: 25
    wildcards: Genome_ID=leskia_janzen27

Submitted job 25 with external jobid 'Submitted batch job 3591306'.

[Fri Apr  1 09:53:57 2022]
rule Homology_analysis:
    input: /beegfs/data/soukkal/StageM2/Databases/Refseq_viral_db_nophages_nopolydna, /beegfs/data/soukkal/StageM2/Tachinids_genomes/genomes/houghia_brevipilosa.fna
    output: /beegfs/data/soukkal/StageM2/Tachinids_genomes/results/Viral_Homology_results/houghia_brevipilosa/run_mmseqs2/result_mmseqs2.m8
    jobid: 11
    wildcards: Genome_ID=houghia_brevipilosa

Submitted job 11 with external jobid 'Submitted batch job 3591307'.

[Fri Apr  1 09:53:57 2022]
rule Homology_analysis:
    input: /beegfs/data/soukkal/StageM2/Databases/Refseq_viral_db_nophages_nopolydna, /beegfs/data/soukkal/StageM2/Tachinids_genomes/genomes/siphosturmia_rafaelidhj03.fna
    output: /beegfs/data/soukkal/StageM2/Tachinids_genomes/results/Viral_Homology_results/siphosturmia_rafaelidhj03/run_mmseqs2/result_mmseqs2.m8
    jobid: 33
    wildcards: Genome_ID=siphosturmia_rafaelidhj03

Submitted job 33 with external jobid 'Submitted batch job 3591308'.

[Fri Apr  1 09:53:57 2022]
rule Homology_analysis:
    input: /beegfs/data/soukkal/StageM2/Databases/Refseq_viral_db_nophages_nopolydna, /beegfs/data/soukkal/StageM2/Tachinids_genomes/genomes/genea_wood01.fna
    output: /beegfs/data/soukkal/StageM2/Tachinids_genomes/results/Viral_Homology_results/genea_wood01/run_mmseqs2/result_mmseqs2.m8
    jobid: 5
    wildcards: Genome_ID=genea_wood01

Submitted job 5 with external jobid 'Submitted batch job 3591309'.

[Fri Apr  1 09:53:57 2022]
rule Homology_analysis:
    input: /beegfs/data/soukkal/StageM2/Databases/Refseq_viral_db_nophages_nopolydna, /beegfs/data/soukkal/StageM2/Tachinids_genomes/genomes/hyphantrophaga_wood11.fna
    output: /beegfs/data/soukkal/StageM2/Tachinids_genomes/results/Viral_Homology_results/hyphantrophaga_wood11/run_mmseqs2/result_mmseqs2.m8
    jobid: 19
    wildcards: Genome_ID=hyphantrophaga_wood11

Submitted job 19 with external jobid 'Submitted batch job 3591310'.

[Fri Apr  1 09:53:57 2022]
rule Homology_analysis:
    input: /beegfs/data/soukkal/StageM2/Databases/Refseq_viral_db_nophages_nopolydna, /beegfs/data/soukkal/StageM2/Tachinids_genomes/genomes/chetogena_scutellarisdhj01.fna
    output: /beegfs/data/soukkal/StageM2/Tachinids_genomes/results/Viral_Homology_results/chetogena_scutellarisdhj01/run_mmseqs2/result_mmseqs2.m8
    jobid: 26
    wildcards: Genome_ID=chetogena_scutellarisdhj01

Submitted job 26 with external jobid 'Submitted batch job 3591311'.

[Fri Apr  1 09:53:57 2022]
rule Homology_analysis:
    input: /beegfs/data/soukkal/StageM2/Databases/Refseq_viral_db_nophages_nopolydna, /beegfs/data/soukkal/StageM2/Tachinids_genomes/genomes/atacta_brasiliensisdhj01.fna
    output: /beegfs/data/soukkal/StageM2/Tachinids_genomes/results/Viral_Homology_results/atacta_brasiliensisdhj01/run_mmseqs2/result_mmseqs2.m8
    jobid: 12
    wildcards: Genome_ID=atacta_brasiliensisdhj01

Submitted job 12 with external jobid 'Submitted batch job 3591312'.

[Fri Apr  1 09:53:58 2022]
rule Homology_analysis:
    input: /beegfs/data/soukkal/StageM2/Databases/Refseq_viral_db_nophages_nopolydna, /beegfs/data/soukkal/StageM2/Tachinids_genomes/genomes/houghia_graciloides.fna
    output: /beegfs/data/soukkal/StageM2/Tachinids_genomes/results/Viral_Homology_results/houghia_graciloides/run_mmseqs2/result_mmseqs2.m8
    jobid: 13
    wildcards: Genome_ID=houghia_graciloides

Submitted job 13 with external jobid 'Submitted batch job 3591313'.

[Fri Apr  1 09:53:58 2022]
rule Homology_analysis:
    input: /beegfs/data/soukkal/StageM2/Databases/Refseq_viral_db_nophages_nopolydna, /beegfs/data/soukkal/StageM2/Tachinids_genomes/genomes/leskia_wood01dhj03.fna
    output: /beegfs/data/soukkal/StageM2/Tachinids_genomes/results/Viral_Homology_results/leskia_wood01dhj03/run_mmseqs2/result_mmseqs2.m8
    jobid: 27
    wildcards: Genome_ID=leskia_wood01dhj03

Submitted job 27 with external jobid 'Submitted batch job 3591314'.
[Fri Apr  1 09:54:19 2022]
Error in rule Define_loci:
    jobid: 71
    output: /beegfs/data/soukkal/StageM2/Tachinids_genomes/results/Viral_Homology_results/chrysotachina_wood02dhj02/run_mmseqs2/result_mmseqs2_strand_V.m8, /beegfs/data/soukkal/StageM2/Tachinids_genomes/results/Viral_Homology_results/chrysotachina_wood02dhj02/run_mmseqs2/result_mmseqs2_strand_summary_V.m8
    shell:
        
		python3 /beegfs/data/soukkal/StageM2/Scripts/Homology_search/Make_change_strand_mmseqs.py -b /beegfs/data/soukkal/StageM2/Tachinids_genomes/results/Viral_Homology_results/chrysotachina_wood02dhj02/run_mmseqs2/result_mmseqs2.m8 -o /beegfs/data/soukkal/StageM2/Tachinids_genomes/results/Viral_Homology_results/chrysotachina_wood02dhj02/run_mmseqs2/result_mmseqs2_strand_V.m8 -t virus 
		/beegfs/data/soft/R-3.5.2/bin/Rscript /beegfs/data/soukkal/StageM2/Scripts/Homology_search/Overlapping_sequences_BUSCO_Viral_loci2.R /beegfs/data/soukkal/StageM2/Tachinids_genomes/results/Viral_Homology_results/chrysotachina_wood02dhj02/run_mmseqs2/result_mmseqs2_strand_V.m8 /beegfs/data/soukkal/StageM2/Tachinids_genomes/results/Viral_Homology_results/chrysotachina_wood02dhj02/run_mmseqs2/result_mmseqs2_strand_summary_V.m8
		
        (one of the commands exited with non-zero exit code; note that snakemake uses bash strict mode!)
    cluster_jobid: Submitted batch job 3591283

Error executing rule Define_loci on cluster (jobid: 71, external: Submitted batch job 3591283, jobscript: /beegfs/data/soukkal/StageM2/Scripts/Homology_search/.snakemake/tmp.cckzdjj1/snakejob.Define_loci.71.sh). For error details see the cluster log and the log files of the involved rule(s).
[Fri Apr  1 09:54:19 2022]
Error in rule Define_loci:
    jobid: 43
    output: /beegfs/data/soukkal/StageM2/Tachinids_genomes/results/Viral_Homology_results/argyrochaetona_cubanadhj02/run_mmseqs2/result_mmseqs2_strand_V.m8, /beegfs/data/soukkal/StageM2/Tachinids_genomes/results/Viral_Homology_results/argyrochaetona_cubanadhj02/run_mmseqs2/result_mmseqs2_strand_summary_V.m8
    shell:
        
		python3 /beegfs/data/soukkal/StageM2/Scripts/Homology_search/Make_change_strand_mmseqs.py -b /beegfs/data/soukkal/StageM2/Tachinids_genomes/results/Viral_Homology_results/argyrochaetona_cubanadhj02/run_mmseqs2/result_mmseqs2.m8 -o /beegfs/data/soukkal/StageM2/Tachinids_genomes/results/Viral_Homology_results/argyrochaetona_cubanadhj02/run_mmseqs2/result_mmseqs2_strand_V.m8 -t virus 
		/beegfs/data/soft/R-3.5.2/bin/Rscript /beegfs/data/soukkal/StageM2/Scripts/Homology_search/Overlapping_sequences_BUSCO_Viral_loci2.R /beegfs/data/soukkal/StageM2/Tachinids_genomes/results/Viral_Homology_results/argyrochaetona_cubanadhj02/run_mmseqs2/result_mmseqs2_strand_V.m8 /beegfs/data/soukkal/StageM2/Tachinids_genomes/results/Viral_Homology_results/argyrochaetona_cubanadhj02/run_mmseqs2/result_mmseqs2_strand_summary_V.m8
		
        (one of the commands exited with non-zero exit code; note that snakemake uses bash strict mode!)
    cluster_jobid: Submitted batch job 3591284

Error executing rule Define_loci on cluster (jobid: 43, external: Submitted batch job 3591284, jobscript: /beegfs/data/soukkal/StageM2/Scripts/Homology_search/.snakemake/tmp.cckzdjj1/snakejob.Define_loci.43.sh). For error details see the cluster log and the log files of the involved rule(s).
[Fri Apr  1 09:54:21 2022]
Error in rule Define_loci:
    jobid: 67
    output: /beegfs/data/soukkal/StageM2/Tachinids_genomes/results/Viral_Homology_results/chrysoexorista_wood04/run_mmseqs2/result_mmseqs2_strand_V.m8, /beegfs/data/soukkal/StageM2/Tachinids_genomes/results/Viral_Homology_results/chrysoexorista_wood04/run_mmseqs2/result_mmseqs2_strand_summary_V.m8
    shell:
        
		python3 /beegfs/data/soukkal/StageM2/Scripts/Homology_search/Make_change_strand_mmseqs.py -b /beegfs/data/soukkal/StageM2/Tachinids_genomes/results/Viral_Homology_results/chrysoexorista_wood04/run_mmseqs2/result_mmseqs2.m8 -o /beegfs/data/soukkal/StageM2/Tachinids_genomes/results/Viral_Homology_results/chrysoexorista_wood04/run_mmseqs2/result_mmseqs2_strand_V.m8 -t virus 
		/beegfs/data/soft/R-3.5.2/bin/Rscript /beegfs/data/soukkal/StageM2/Scripts/Homology_search/Overlapping_sequences_BUSCO_Viral_loci2.R /beegfs/data/soukkal/StageM2/Tachinids_genomes/results/Viral_Homology_results/chrysoexorista_wood04/run_mmseqs2/result_mmseqs2_strand_V.m8 /beegfs/data/soukkal/StageM2/Tachinids_genomes/results/Viral_Homology_results/chrysoexorista_wood04/run_mmseqs2/result_mmseqs2_strand_summary_V.m8
		
        (one of the commands exited with non-zero exit code; note that snakemake uses bash strict mode!)
    cluster_jobid: Submitted batch job 3591305

Error executing rule Define_loci on cluster (jobid: 67, external: Submitted batch job 3591305, jobscript: /beegfs/data/soukkal/StageM2/Scripts/Homology_search/.snakemake/tmp.cckzdjj1/snakejob.Define_loci.67.sh). For error details see the cluster log and the log files of the involved rule(s).
[Fri Apr  1 09:54:32 2022]
Error in rule Define_loci:
    jobid: 57
    output: /beegfs/data/soukkal/StageM2/Tachinids_genomes/results/Viral_Homology_results/calolydella_erasmocoronadoi/run_mmseqs2/result_mmseqs2_strand_V.m8, /beegfs/data/soukkal/StageM2/Tachinids_genomes/results/Viral_Homology_results/calolydella_erasmocoronadoi/run_mmseqs2/result_mmseqs2_strand_summary_V.m8
    shell:
        
		python3 /beegfs/data/soukkal/StageM2/Scripts/Homology_search/Make_change_strand_mmseqs.py -b /beegfs/data/soukkal/StageM2/Tachinids_genomes/results/Viral_Homology_results/calolydella_erasmocoronadoi/run_mmseqs2/result_mmseqs2.m8 -o /beegfs/data/soukkal/StageM2/Tachinids_genomes/results/Viral_Homology_results/calolydella_erasmocoronadoi/run_mmseqs2/result_mmseqs2_strand_V.m8 -t virus 
		/beegfs/data/soft/R-3.5.2/bin/Rscript /beegfs/data/soukkal/StageM2/Scripts/Homology_search/Overlapping_sequences_BUSCO_Viral_loci2.R /beegfs/data/soukkal/StageM2/Tachinids_genomes/results/Viral_Homology_results/calolydella_erasmocoronadoi/run_mmseqs2/result_mmseqs2_strand_V.m8 /beegfs/data/soukkal/StageM2/Tachinids_genomes/results/Viral_Homology_results/calolydella_erasmocoronadoi/run_mmseqs2/result_mmseqs2_strand_summary_V.m8
		
        (one of the commands exited with non-zero exit code; note that snakemake uses bash strict mode!)
    cluster_jobid: Submitted batch job 3591286

Error executing rule Define_loci on cluster (jobid: 57, external: Submitted batch job 3591286, jobscript: /beegfs/data/soukkal/StageM2/Scripts/Homology_search/.snakemake/tmp.cckzdjj1/snakejob.Define_loci.57.sh). For error details see the cluster log and the log files of the involved rule(s).
[Fri Apr  1 09:54:34 2022]
Error in rule Homology_analysis:
    jobid: 10
    output: /beegfs/data/soukkal/StageM2/Tachinids_genomes/results/Viral_Homology_results/argyrophylax_wood05/run_mmseqs2/result_mmseqs2.m8
    shell:
        
		hostname
		#Create a directory where the BlastX results will be written 
		mkdir -p /beegfs/data/soukkal/StageM2/Tachinids_genomes/results/Viral_Homology_results/argyrophylax_wood05/run_mmseqs2/
		#Create the query database (for each query genome/sequence)
		/beegfs/data/soukkal/TOOLS/mmseqs/bin/mmseqs createdb /beegfs/data/soukkal/StageM2/Tachinids_genomes/genomes/argyrophylax_wood05.fna /beegfs/data/soukkal/StageM2/Tachinids_genomes/results/Viral_Homology_results/argyrophylax_wood05/run_mmseqs2/argyrophylax_wood05_mmseqs2_db
		#Run Mmseqs2 search (BlastX equivalent, homology search between query and db)
		/beegfs/data/soukkal/TOOLS/mmseqs/bin/mmseqs search /beegfs/data/soukkal/StageM2/Tachinids_genomes/results/Viral_Homology_results/argyrophylax_wood05/run_mmseqs2/argyrophylax_wood05_mmseqs2_db /beegfs/data/soukkal/StageM2/Databases/Refseq_viral_db_nophages_nopolydna /beegfs/data/soukkal/StageM2/Tachinids_genomes/results/Viral_Homology_results/argyrophylax_wood05/run_mmseqs2/result_mmseqs2 /beegfs/data/soukkal/StageM2/Tachinids_genomes/results/Viral_Homology_results/argyrophylax_wood05/run_mmseqs2/tpm -a -s 7.5 -e 0.01 --threads 10 --remove-tmp-files
		#From the previous step you get one result file per thread, the next step will format the result column and also put together all the results in one file: 
		/beegfs/data/soukkal/TOOLS/mmseqs/bin/mmseqs convertalis --format-output 'query,tlen,target,pident,alnlen,mismatch,gapopen,qstart,qend,tstart,tend,evalue,bits,qaln,tcov' /beegfs/data/soukkal/StageM2/Tachinids_genomes/results/Viral_Homology_results/argyrophylax_wood05/run_mmseqs2/argyrophylax_wood05_mmseqs2_db /beegfs/data/soukkal/StageM2/Databases/Refseq_viral_db_nophages_nopolydna /beegfs/data/soukkal/StageM2/Tachinids_genomes/results/Viral_Homology_results/argyrophylax_wood05/run_mmseqs2/result_mmseqs2 /beegfs/data/soukkal/StageM2/Tachinids_genomes/results/Viral_Homology_results/argyrophylax_wood05/run_mmseqs2/result_mmseqs2.m8
		
        (one of the commands exited with non-zero exit code; note that snakemake uses bash strict mode!)
    cluster_jobid: Submitted batch job 3591301

Error executing rule Homology_analysis on cluster (jobid: 10, external: Submitted batch job 3591301, jobscript: /beegfs/data/soukkal/StageM2/Scripts/Homology_search/.snakemake/tmp.cckzdjj1/snakejob.Homology_analysis.10.sh). For error details see the cluster log and the log files of the involved rule(s).
[Fri Apr  1 09:54:46 2022]
Error in rule Homology_analysis:
    jobid: 28
    output: /beegfs/data/soukkal/StageM2/Tachinids_genomes/results/Viral_Homology_results/chrysoexorista_wood01dhj02/run_mmseqs2/result_mmseqs2.m8
    shell:
        
		hostname
		#Create a directory where the BlastX results will be written 
		mkdir -p /beegfs/data/soukkal/StageM2/Tachinids_genomes/results/Viral_Homology_results/chrysoexorista_wood01dhj02/run_mmseqs2/
		#Create the query database (for each query genome/sequence)
		/beegfs/data/soukkal/TOOLS/mmseqs/bin/mmseqs createdb /beegfs/data/soukkal/StageM2/Tachinids_genomes/genomes/chrysoexorista_wood01dhj02.fna /beegfs/data/soukkal/StageM2/Tachinids_genomes/results/Viral_Homology_results/chrysoexorista_wood01dhj02/run_mmseqs2/chrysoexorista_wood01dhj02_mmseqs2_db
		#Run Mmseqs2 search (BlastX equivalent, homology search between query and db)
		/beegfs/data/soukkal/TOOLS/mmseqs/bin/mmseqs search /beegfs/data/soukkal/StageM2/Tachinids_genomes/results/Viral_Homology_results/chrysoexorista_wood01dhj02/run_mmseqs2/chrysoexorista_wood01dhj02_mmseqs2_db /beegfs/data/soukkal/StageM2/Databases/Refseq_viral_db_nophages_nopolydna /beegfs/data/soukkal/StageM2/Tachinids_genomes/results/Viral_Homology_results/chrysoexorista_wood01dhj02/run_mmseqs2/result_mmseqs2 /beegfs/data/soukkal/StageM2/Tachinids_genomes/results/Viral_Homology_results/chrysoexorista_wood01dhj02/run_mmseqs2/tpm -a -s 7.5 -e 0.01 --threads 10 --remove-tmp-files
		#From the previous step you get one result file per thread, the next step will format the result column and also put together all the results in one file: 
		/beegfs/data/soukkal/TOOLS/mmseqs/bin/mmseqs convertalis --format-output 'query,tlen,target,pident,alnlen,mismatch,gapopen,qstart,qend,tstart,tend,evalue,bits,qaln,tcov' /beegfs/data/soukkal/StageM2/Tachinids_genomes/results/Viral_Homology_results/chrysoexorista_wood01dhj02/run_mmseqs2/chrysoexorista_wood01dhj02_mmseqs2_db /beegfs/data/soukkal/StageM2/Databases/Refseq_viral_db_nophages_nopolydna /beegfs/data/soukkal/StageM2/Tachinids_genomes/results/Viral_Homology_results/chrysoexorista_wood01dhj02/run_mmseqs2/result_mmseqs2 /beegfs/data/soukkal/StageM2/Tachinids_genomes/results/Viral_Homology_results/chrysoexorista_wood01dhj02/run_mmseqs2/result_mmseqs2.m8
		
        (one of the commands exited with non-zero exit code; note that snakemake uses bash strict mode!)
    cluster_jobid: Submitted batch job 3591278

Error executing rule Homology_analysis on cluster (jobid: 28, external: Submitted batch job 3591278, jobscript: /beegfs/data/soukkal/StageM2/Scripts/Homology_search/.snakemake/tmp.cckzdjj1/snakejob.Homology_analysis.28.sh). For error details see the cluster log and the log files of the involved rule(s).
[Fri Apr  1 09:55:00 2022]
Error in rule Homology_analysis:
    jobid: 38
    output: /beegfs/data/soukkal/StageM2/Tachinids_genomes/results/Viral_Homology_results/drino_wood06dhj01/run_mmseqs2/result_mmseqs2.m8
    shell:
        
		hostname
		#Create a directory where the BlastX results will be written 
		mkdir -p /beegfs/data/soukkal/StageM2/Tachinids_genomes/results/Viral_Homology_results/drino_wood06dhj01/run_mmseqs2/
		#Create the query database (for each query genome/sequence)
		/beegfs/data/soukkal/TOOLS/mmseqs/bin/mmseqs createdb /beegfs/data/soukkal/StageM2/Tachinids_genomes/genomes/drino_wood06dhj01.fna /beegfs/data/soukkal/StageM2/Tachinids_genomes/results/Viral_Homology_results/drino_wood06dhj01/run_mmseqs2/drino_wood06dhj01_mmseqs2_db
		#Run Mmseqs2 search (BlastX equivalent, homology search between query and db)
		/beegfs/data/soukkal/TOOLS/mmseqs/bin/mmseqs search /beegfs/data/soukkal/StageM2/Tachinids_genomes/results/Viral_Homology_results/drino_wood06dhj01/run_mmseqs2/drino_wood06dhj01_mmseqs2_db /beegfs/data/soukkal/StageM2/Databases/Refseq_viral_db_nophages_nopolydna /beegfs/data/soukkal/StageM2/Tachinids_genomes/results/Viral_Homology_results/drino_wood06dhj01/run_mmseqs2/result_mmseqs2 /beegfs/data/soukkal/StageM2/Tachinids_genomes/results/Viral_Homology_results/drino_wood06dhj01/run_mmseqs2/tpm -a -s 7.5 -e 0.01 --threads 10 --remove-tmp-files
		#From the previous step you get one result file per thread, the next step will format the result column and also put together all the results in one file: 
		/beegfs/data/soukkal/TOOLS/mmseqs/bin/mmseqs convertalis --format-output 'query,tlen,target,pident,alnlen,mismatch,gapopen,qstart,qend,tstart,tend,evalue,bits,qaln,tcov' /beegfs/data/soukkal/StageM2/Tachinids_genomes/results/Viral_Homology_results/drino_wood06dhj01/run_mmseqs2/drino_wood06dhj01_mmseqs2_db /beegfs/data/soukkal/StageM2/Databases/Refseq_viral_db_nophages_nopolydna /beegfs/data/soukkal/StageM2/Tachinids_genomes/results/Viral_Homology_results/drino_wood06dhj01/run_mmseqs2/result_mmseqs2 /beegfs/data/soukkal/StageM2/Tachinids_genomes/results/Viral_Homology_results/drino_wood06dhj01/run_mmseqs2/result_mmseqs2.m8
		
        (one of the commands exited with non-zero exit code; note that snakemake uses bash strict mode!)
    cluster_jobid: Submitted batch job 3591300

Error executing rule Homology_analysis on cluster (jobid: 38, external: Submitted batch job 3591300, jobscript: /beegfs/data/soukkal/StageM2/Scripts/Homology_search/.snakemake/tmp.cckzdjj1/snakejob.Homology_analysis.38.sh). For error details see the cluster log and the log files of the involved rule(s).
[Fri Apr  1 09:55:13 2022]
Error in rule Homology_analysis:
    jobid: 17
    output: /beegfs/data/soukkal/StageM2/Tachinids_genomes/results/Viral_Homology_results/hyphantrophaga_virilis/run_mmseqs2/result_mmseqs2.m8
    shell:
        
		hostname
		#Create a directory where the BlastX results will be written 
		mkdir -p /beegfs/data/soukkal/StageM2/Tachinids_genomes/results/Viral_Homology_results/hyphantrophaga_virilis/run_mmseqs2/
		#Create the query database (for each query genome/sequence)
		/beegfs/data/soukkal/TOOLS/mmseqs/bin/mmseqs createdb /beegfs/data/soukkal/StageM2/Tachinids_genomes/genomes/hyphantrophaga_virilis.fna /beegfs/data/soukkal/StageM2/Tachinids_genomes/results/Viral_Homology_results/hyphantrophaga_virilis/run_mmseqs2/hyphantrophaga_virilis_mmseqs2_db
		#Run Mmseqs2 search (BlastX equivalent, homology search between query and db)
		/beegfs/data/soukkal/TOOLS/mmseqs/bin/mmseqs search /beegfs/data/soukkal/StageM2/Tachinids_genomes/results/Viral_Homology_results/hyphantrophaga_virilis/run_mmseqs2/hyphantrophaga_virilis_mmseqs2_db /beegfs/data/soukkal/StageM2/Databases/Refseq_viral_db_nophages_nopolydna /beegfs/data/soukkal/StageM2/Tachinids_genomes/results/Viral_Homology_results/hyphantrophaga_virilis/run_mmseqs2/result_mmseqs2 /beegfs/data/soukkal/StageM2/Tachinids_genomes/results/Viral_Homology_results/hyphantrophaga_virilis/run_mmseqs2/tpm -a -s 7.5 -e 0.01 --threads 10 --remove-tmp-files
		#From the previous step you get one result file per thread, the next step will format the result column and also put together all the results in one file: 
		/beegfs/data/soukkal/TOOLS/mmseqs/bin/mmseqs convertalis --format-output 'query,tlen,target,pident,alnlen,mismatch,gapopen,qstart,qend,tstart,tend,evalue,bits,qaln,tcov' /beegfs/data/soukkal/StageM2/Tachinids_genomes/results/Viral_Homology_results/hyphantrophaga_virilis/run_mmseqs2/hyphantrophaga_virilis_mmseqs2_db /beegfs/data/soukkal/StageM2/Databases/Refseq_viral_db_nophages_nopolydna /beegfs/data/soukkal/StageM2/Tachinids_genomes/results/Viral_Homology_results/hyphantrophaga_virilis/run_mmseqs2/result_mmseqs2 /beegfs/data/soukkal/StageM2/Tachinids_genomes/results/Viral_Homology_results/hyphantrophaga_virilis/run_mmseqs2/result_mmseqs2.m8
		
        (one of the commands exited with non-zero exit code; note that snakemake uses bash strict mode!)
    cluster_jobid: Submitted batch job 3591298

Error executing rule Homology_analysis on cluster (jobid: 17, external: Submitted batch job 3591298, jobscript: /beegfs/data/soukkal/StageM2/Scripts/Homology_search/.snakemake/tmp.cckzdjj1/snakejob.Homology_analysis.17.sh). For error details see the cluster log and the log files of the involved rule(s).
[Fri Apr  1 09:55:26 2022]
Error in rule Homology_analysis:
    jobid: 24
    output: /beegfs/data/soukkal/StageM2/Tachinids_genomes/results/Viral_Homology_results/campylocheta_wood03/run_mmseqs2/result_mmseqs2.m8
    shell:
        
		hostname
		#Create a directory where the BlastX results will be written 
		mkdir -p /beegfs/data/soukkal/StageM2/Tachinids_genomes/results/Viral_Homology_results/campylocheta_wood03/run_mmseqs2/
		#Create the query database (for each query genome/sequence)
		/beegfs/data/soukkal/TOOLS/mmseqs/bin/mmseqs createdb /beegfs/data/soukkal/StageM2/Tachinids_genomes/genomes/campylocheta_wood03.fna /beegfs/data/soukkal/StageM2/Tachinids_genomes/results/Viral_Homology_results/campylocheta_wood03/run_mmseqs2/campylocheta_wood03_mmseqs2_db
		#Run Mmseqs2 search (BlastX equivalent, homology search between query and db)
		/beegfs/data/soukkal/TOOLS/mmseqs/bin/mmseqs search /beegfs/data/soukkal/StageM2/Tachinids_genomes/results/Viral_Homology_results/campylocheta_wood03/run_mmseqs2/campylocheta_wood03_mmseqs2_db /beegfs/data/soukkal/StageM2/Databases/Refseq_viral_db_nophages_nopolydna /beegfs/data/soukkal/StageM2/Tachinids_genomes/results/Viral_Homology_results/campylocheta_wood03/run_mmseqs2/result_mmseqs2 /beegfs/data/soukkal/StageM2/Tachinids_genomes/results/Viral_Homology_results/campylocheta_wood03/run_mmseqs2/tpm -a -s 7.5 -e 0.01 --threads 10 --remove-tmp-files
		#From the previous step you get one result file per thread, the next step will format the result column and also put together all the results in one file: 
		/beegfs/data/soukkal/TOOLS/mmseqs/bin/mmseqs convertalis --format-output 'query,tlen,target,pident,alnlen,mismatch,gapopen,qstart,qend,tstart,tend,evalue,bits,qaln,tcov' /beegfs/data/soukkal/StageM2/Tachinids_genomes/results/Viral_Homology_results/campylocheta_wood03/run_mmseqs2/campylocheta_wood03_mmseqs2_db /beegfs/data/soukkal/StageM2/Databases/Refseq_viral_db_nophages_nopolydna /beegfs/data/soukkal/StageM2/Tachinids_genomes/results/Viral_Homology_results/campylocheta_wood03/run_mmseqs2/result_mmseqs2 /beegfs/data/soukkal/StageM2/Tachinids_genomes/results/Viral_Homology_results/campylocheta_wood03/run_mmseqs2/result_mmseqs2.m8
		
        (one of the commands exited with non-zero exit code; note that snakemake uses bash strict mode!)
    cluster_jobid: Submitted batch job 3591299

Error executing rule Homology_analysis on cluster (jobid: 24, external: Submitted batch job 3591299, jobscript: /beegfs/data/soukkal/StageM2/Scripts/Homology_search/.snakemake/tmp.cckzdjj1/snakejob.Homology_analysis.24.sh). For error details see the cluster log and the log files of the involved rule(s).
[Fri Apr  1 12:11:55 2022]
Finished job 36.
1 of 145 steps (0.69%) done
[Fri Apr  1 12:23:20 2022]
Finished job 16.
2 of 145 steps (1%) done
[Fri Apr  1 12:27:57 2022]
Finished job 8.
3 of 145 steps (2%) done
[Fri Apr  1 12:33:10 2022]
Finished job 15.
4 of 145 steps (3%) done
[Fri Apr  1 12:33:36 2022]
Finished job 13.
5 of 145 steps (3%) done
[Fri Apr  1 12:56:25 2022]
Finished job 33.
6 of 145 steps (4%) done
[Fri Apr  1 13:02:01 2022]
Finished job 35.
7 of 145 steps (5%) done
[Fri Apr  1 13:03:13 2022]
Finished job 37.
8 of 145 steps (6%) done
[Fri Apr  1 13:16:03 2022]
Finished job 12.
9 of 145 steps (6%) done
[Fri Apr  1 13:16:59 2022]
Finished job 18.
10 of 145 steps (7%) done
[Fri Apr  1 13:18:48 2022]
Finished job 9.
11 of 145 steps (8%) done
[Fri Apr  1 13:23:02 2022]
Finished job 21.
12 of 145 steps (8%) done
[Fri Apr  1 13:25:14 2022]
Finished job 32.
13 of 145 steps (9%) done
[Fri Apr  1 13:39:23 2022]
Finished job 4.
14 of 145 steps (10%) done
[Fri Apr  1 13:42:52 2022]
Finished job 25.
15 of 145 steps (10%) done
[Fri Apr  1 13:43:58 2022]
Finished job 7.
16 of 145 steps (11%) done
[Fri Apr  1 13:51:30 2022]
Finished job 19.
17 of 145 steps (12%) done
[Fri Apr  1 13:55:43 2022]
Finished job 2.
18 of 145 steps (12%) done
[Fri Apr  1 14:05:16 2022]
Finished job 27.
19 of 145 steps (13%) done
[Fri Apr  1 14:16:08 2022]
Finished job 3.
20 of 145 steps (14%) done
[Fri Apr  1 14:29:30 2022]
Finished job 11.
21 of 145 steps (14%) done
[Fri Apr  1 14:34:40 2022]
Finished job 29.
22 of 145 steps (15%) done
[Fri Apr  1 14:41:41 2022]
Finished job 31.
23 of 145 steps (16%) done
[Fri Apr  1 15:33:46 2022]
Finished job 5.
24 of 145 steps (17%) done
[Fri Apr  1 15:52:07 2022]
Finished job 23.
25 of 145 steps (17%) done
[Fri Apr  1 16:26:30 2022]
Error in rule Homology_analysis:
    jobid: 26
    output: /beegfs/data/soukkal/StageM2/Tachinids_genomes/results/Viral_Homology_results/chetogena_scutellarisdhj01/run_mmseqs2/result_mmseqs2.m8
    shell:
        
		hostname
		#Create a directory where the BlastX results will be written 
		mkdir -p /beegfs/data/soukkal/StageM2/Tachinids_genomes/results/Viral_Homology_results/chetogena_scutellarisdhj01/run_mmseqs2/
		#Create the query database (for each query genome/sequence)
		/beegfs/data/soukkal/TOOLS/mmseqs/bin/mmseqs createdb /beegfs/data/soukkal/StageM2/Tachinids_genomes/genomes/chetogena_scutellarisdhj01.fna /beegfs/data/soukkal/StageM2/Tachinids_genomes/results/Viral_Homology_results/chetogena_scutellarisdhj01/run_mmseqs2/chetogena_scutellarisdhj01_mmseqs2_db
		#Run Mmseqs2 search (BlastX equivalent, homology search between query and db)
		/beegfs/data/soukkal/TOOLS/mmseqs/bin/mmseqs search /beegfs/data/soukkal/StageM2/Tachinids_genomes/results/Viral_Homology_results/chetogena_scutellarisdhj01/run_mmseqs2/chetogena_scutellarisdhj01_mmseqs2_db /beegfs/data/soukkal/StageM2/Databases/Refseq_viral_db_nophages_nopolydna /beegfs/data/soukkal/StageM2/Tachinids_genomes/results/Viral_Homology_results/chetogena_scutellarisdhj01/run_mmseqs2/result_mmseqs2 /beegfs/data/soukkal/StageM2/Tachinids_genomes/results/Viral_Homology_results/chetogena_scutellarisdhj01/run_mmseqs2/tpm -a -s 7.5 -e 0.01 --threads 10 --remove-tmp-files
		#From the previous step you get one result file per thread, the next step will format the result column and also put together all the results in one file: 
		/beegfs/data/soukkal/TOOLS/mmseqs/bin/mmseqs convertalis --format-output 'query,tlen,target,pident,alnlen,mismatch,gapopen,qstart,qend,tstart,tend,evalue,bits,qaln,tcov' /beegfs/data/soukkal/StageM2/Tachinids_genomes/results/Viral_Homology_results/chetogena_scutellarisdhj01/run_mmseqs2/chetogena_scutellarisdhj01_mmseqs2_db /beegfs/data/soukkal/StageM2/Databases/Refseq_viral_db_nophages_nopolydna /beegfs/data/soukkal/StageM2/Tachinids_genomes/results/Viral_Homology_results/chetogena_scutellarisdhj01/run_mmseqs2/result_mmseqs2 /beegfs/data/soukkal/StageM2/Tachinids_genomes/results/Viral_Homology_results/chetogena_scutellarisdhj01/run_mmseqs2/result_mmseqs2.m8
		
        (one of the commands exited with non-zero exit code; note that snakemake uses bash strict mode!)
    cluster_jobid: Submitted batch job 3591311

Error executing rule Homology_analysis on cluster (jobid: 26, external: Submitted batch job 3591311, jobscript: /beegfs/data/soukkal/StageM2/Scripts/Homology_search/.snakemake/tmp.cckzdjj1/snakejob.Homology_analysis.26.sh). For error details see the cluster log and the log files of the involved rule(s).
[Fri Apr  1 16:27:31 2022]
Error in rule Homology_analysis:
    jobid: 22
    output: /beegfs/data/soukkal/StageM2/Tachinids_genomes/results/Viral_Homology_results/calolydella_timjamesi/run_mmseqs2/result_mmseqs2.m8
    shell:
        
		hostname
		#Create a directory where the BlastX results will be written 
		mkdir -p /beegfs/data/soukkal/StageM2/Tachinids_genomes/results/Viral_Homology_results/calolydella_timjamesi/run_mmseqs2/
		#Create the query database (for each query genome/sequence)
		/beegfs/data/soukkal/TOOLS/mmseqs/bin/mmseqs createdb /beegfs/data/soukkal/StageM2/Tachinids_genomes/genomes/calolydella_timjamesi.fna /beegfs/data/soukkal/StageM2/Tachinids_genomes/results/Viral_Homology_results/calolydella_timjamesi/run_mmseqs2/calolydella_timjamesi_mmseqs2_db
		#Run Mmseqs2 search (BlastX equivalent, homology search between query and db)
		/beegfs/data/soukkal/TOOLS/mmseqs/bin/mmseqs search /beegfs/data/soukkal/StageM2/Tachinids_genomes/results/Viral_Homology_results/calolydella_timjamesi/run_mmseqs2/calolydella_timjamesi_mmseqs2_db /beegfs/data/soukkal/StageM2/Databases/Refseq_viral_db_nophages_nopolydna /beegfs/data/soukkal/StageM2/Tachinids_genomes/results/Viral_Homology_results/calolydella_timjamesi/run_mmseqs2/result_mmseqs2 /beegfs/data/soukkal/StageM2/Tachinids_genomes/results/Viral_Homology_results/calolydella_timjamesi/run_mmseqs2/tpm -a -s 7.5 -e 0.01 --threads 10 --remove-tmp-files
		#From the previous step you get one result file per thread, the next step will format the result column and also put together all the results in one file: 
		/beegfs/data/soukkal/TOOLS/mmseqs/bin/mmseqs convertalis --format-output 'query,tlen,target,pident,alnlen,mismatch,gapopen,qstart,qend,tstart,tend,evalue,bits,qaln,tcov' /beegfs/data/soukkal/StageM2/Tachinids_genomes/results/Viral_Homology_results/calolydella_timjamesi/run_mmseqs2/calolydella_timjamesi_mmseqs2_db /beegfs/data/soukkal/StageM2/Databases/Refseq_viral_db_nophages_nopolydna /beegfs/data/soukkal/StageM2/Tachinids_genomes/results/Viral_Homology_results/calolydella_timjamesi/run_mmseqs2/result_mmseqs2 /beegfs/data/soukkal/StageM2/Tachinids_genomes/results/Viral_Homology_results/calolydella_timjamesi/run_mmseqs2/result_mmseqs2.m8
		
        (one of the commands exited with non-zero exit code; note that snakemake uses bash strict mode!)
    cluster_jobid: Submitted batch job 3591290

Error executing rule Homology_analysis on cluster (jobid: 22, external: Submitted batch job 3591290, jobscript: /beegfs/data/soukkal/StageM2/Scripts/Homology_search/.snakemake/tmp.cckzdjj1/snakejob.Homology_analysis.22.sh). For error details see the cluster log and the log files of the involved rule(s).
[Fri Apr  1 16:32:01 2022]
Error in rule Homology_analysis:
    jobid: 14
    output: /beegfs/data/soukkal/StageM2/Tachinids_genomes/results/Viral_Homology_results/austrophorocera_wood05/run_mmseqs2/result_mmseqs2.m8
    shell:
        
		hostname
		#Create a directory where the BlastX results will be written 
		mkdir -p /beegfs/data/soukkal/StageM2/Tachinids_genomes/results/Viral_Homology_results/austrophorocera_wood05/run_mmseqs2/
		#Create the query database (for each query genome/sequence)
		/beegfs/data/soukkal/TOOLS/mmseqs/bin/mmseqs createdb /beegfs/data/soukkal/StageM2/Tachinids_genomes/genomes/austrophorocera_wood05.fna /beegfs/data/soukkal/StageM2/Tachinids_genomes/results/Viral_Homology_results/austrophorocera_wood05/run_mmseqs2/austrophorocera_wood05_mmseqs2_db
		#Run Mmseqs2 search (BlastX equivalent, homology search between query and db)
		/beegfs/data/soukkal/TOOLS/mmseqs/bin/mmseqs search /beegfs/data/soukkal/StageM2/Tachinids_genomes/results/Viral_Homology_results/austrophorocera_wood05/run_mmseqs2/austrophorocera_wood05_mmseqs2_db /beegfs/data/soukkal/StageM2/Databases/Refseq_viral_db_nophages_nopolydna /beegfs/data/soukkal/StageM2/Tachinids_genomes/results/Viral_Homology_results/austrophorocera_wood05/run_mmseqs2/result_mmseqs2 /beegfs/data/soukkal/StageM2/Tachinids_genomes/results/Viral_Homology_results/austrophorocera_wood05/run_mmseqs2/tpm -a -s 7.5 -e 0.01 --threads 10 --remove-tmp-files
		#From the previous step you get one result file per thread, the next step will format the result column and also put together all the results in one file: 
		/beegfs/data/soukkal/TOOLS/mmseqs/bin/mmseqs convertalis --format-output 'query,tlen,target,pident,alnlen,mismatch,gapopen,qstart,qend,tstart,tend,evalue,bits,qaln,tcov' /beegfs/data/soukkal/StageM2/Tachinids_genomes/results/Viral_Homology_results/austrophorocera_wood05/run_mmseqs2/austrophorocera_wood05_mmseqs2_db /beegfs/data/soukkal/StageM2/Databases/Refseq_viral_db_nophages_nopolydna /beegfs/data/soukkal/StageM2/Tachinids_genomes/results/Viral_Homology_results/austrophorocera_wood05/run_mmseqs2/result_mmseqs2 /beegfs/data/soukkal/StageM2/Tachinids_genomes/results/Viral_Homology_results/austrophorocera_wood05/run_mmseqs2/result_mmseqs2.m8
		
        (one of the commands exited with non-zero exit code; note that snakemake uses bash strict mode!)
    cluster_jobid: Submitted batch job 3591279

Error executing rule Homology_analysis on cluster (jobid: 14, external: Submitted batch job 3591279, jobscript: /beegfs/data/soukkal/StageM2/Scripts/Homology_search/.snakemake/tmp.cckzdjj1/snakejob.Homology_analysis.14.sh). For error details see the cluster log and the log files of the involved rule(s).
Shutting down, this might take some time.
Exiting because a job execution failed. Look above for error message
Complete log: /beegfs/data/soukkal/StageM2/Scripts/Homology_search/.snakemake/log/2022-04-01T095353.691255.snakemake.log
