Building DAG of jobs...
Using shell: /usr/bin/bash
Provided cluster nodes: 200
Job counts:
	count	jobs
	26	Extract_loci
	1	Filter_loci
	40	Translate_loci
	1	all
	68

[Wed Apr  6 12:16:52 2022]
rule Extract_loci:
    input: /beegfs/data/soukkal/StageM2/Control_genomes/results/Viral_Homology_results/GCF_014805625.1/run_mmseqs2/result_mmseqs2_strand_summary_V.bed, /beegfs/data/soukkal/StageM2/Control_genomes/genomes/GCF_014805625.1.fna
    output: /beegfs/data/soukkal/StageM2/Control_genomes/results/Viral_Homology_results/GCF_014805625.1/run_mmseqs2/Result.bed, /beegfs/data/soukkal/StageM2/Control_genomes/results/Viral_Homology_results/GCF_014805625.1/Fasta_viral_loci1.fna
    jobid: 120
    wildcards: Genome_ID=GCF_014805625.1

Submitted job 120 with external jobid 'Submitted batch job 3614429'.

[Wed Apr  6 12:16:52 2022]
rule Filter_loci:
    input: /beegfs/data/bguinet/these/NR_db, /beegfs/data/bguinet/taxadb2/taxadb.sqlite, /beegfs/data/soukkal/StageM2/Databases/Refseq_viral_db_nophages_nopolydna_IVSPER.faa
    output: /beegfs/data/soukkal/StageM2/Control_genomes/results/Viral_Homology_results/Viral_loci/Candidate_viral_loci_Nr.m8, /beegfs/data/soukkal/StageM2/Control_genomes/results/Viral_Homology_results/Viral_loci/Candidate_viral_loci_Nr_taxid.m8, /beegfs/data/soukkal/StageM2/Control_genomes/results/Viral_Homology_results/Viral_loci/Candidate_viral_loci_filtered.m8, /beegfs/data/soukkal/StageM2/Control_genomes/results/Viral_Homology_results/Viral_loci/Fasta_viral_loci_filtered.fna, /beegfs/data/soukkal/StageM2/Control_genomes/results/Viral_Homology_results/Viral_loci/Fasta_viral_loci_filtered.faa
    jobid: 162

RuleException in line 143 of /beegfs/data/soukkal/StageM2/Scripts/Homology_search/Snakemake_viral_homology_Control:
NameError: The name 'line' is unknown in this context. Please make sure that you defined that variable. Also note that braces not used for variable access have to be escaped by repeating them, i.e. {{print $1}}
  File "/beegfs/data/bguinet/Bguinet_conda/lib/python3.7/site-packages/snakemake/executors/__init__.py", line 140, in run_jobs
  File "/beegfs/data/bguinet/Bguinet_conda/lib/python3.7/site-packages/snakemake/executors/__init__.py", line 959, in run
  File "/beegfs/data/bguinet/Bguinet_conda/lib/python3.7/site-packages/snakemake/executors/__init__.py", line 728, in _run
  File "/beegfs/data/bguinet/Bguinet_conda/lib/python3.7/site-packages/snakemake/executors/__init__.py", line 230, in _run
  File "/beegfs/data/bguinet/Bguinet_conda/lib/python3.7/site-packages/snakemake/executors/__init__.py", line 156, in _run
  File "/beegfs/data/bguinet/Bguinet_conda/lib/python3.7/site-packages/snakemake/executors/__init__.py", line 162, in printjob
