Building DAG of jobs...
Using shell: /usr/bin/bash
Provided cluster nodes: 200
Job counts:
	count	jobs
	40	Define_loci
	40	Extract_loci
	40	Homology_analysis
	161

[Mon Apr  4 10:13:39 2022]
rule Homology_analysis:
    input: /beegfs/data/soukkal/StageM2/Databases/Refseq_viral_db_nophages_nopolydna_IVSPER, /beegfs/data/soukkal/StageM2/Control_genomes/genomes/GCA_020466095.1.fna
    output: /beegfs/data/soukkal/StageM2/Control_genomes/results/Viral_Homology_results/GCA_020466095.1/run_mmseqs2/result_mmseqs2.m8
    jobid: 20
    wildcards: Genome_ID=GCA_020466095.1

Submitted job 20 with external jobid 'Submitted batch job 3601434'.

[Mon Apr  4 10:13:39 2022]
rule Homology_analysis:
    input: /beegfs/data/soukkal/StageM2/Databases/Refseq_viral_db_nophages_nopolydna_IVSPER, /beegfs/data/soukkal/StageM2/Control_genomes/genomes/GCA_001015075.1.fna
    output: /beegfs/data/soukkal/StageM2/Control_genomes/results/Viral_Homology_results/GCA_001015075.1/run_mmseqs2/result_mmseqs2.m8
    jobid: 6
    wildcards: Genome_ID=GCA_001015075.1

Submitted job 6 with external jobid 'Submitted batch job 3601435'.

[Mon Apr  4 10:13:39 2022]
rule Homology_analysis:
    input: /beegfs/data/soukkal/StageM2/Databases/Refseq_viral_db_nophages_nopolydna_IVSPER, /beegfs/data/soukkal/StageM2/Control_genomes/genomes/GCF_000699065.1.fna
    output: /beegfs/data/soukkal/StageM2/Control_genomes/results/Viral_Homology_results/GCF_000699065.1/run_mmseqs2/result_mmseqs2.m8
    jobid: 34
    wildcards: Genome_ID=GCF_000699065.1

Submitted job 34 with external jobid 'Submitted batch job 3601436'.

[Mon Apr  4 10:13:39 2022]
rule Homology_analysis:
    input: /beegfs/data/soukkal/StageM2/Databases/Refseq_viral_db_nophages_nopolydna_IVSPER, /beegfs/data/soukkal/StageM2/Control_genomes/genomes/GCA_917880715.2.fna
    output: /beegfs/data/soukkal/StageM2/Control_genomes/results/Viral_Homology_results/GCA_917880715.2/run_mmseqs2/result_mmseqs2.m8
    jobid: 28
    wildcards: Genome_ID=GCA_917880715.2

Submitted job 28 with external jobid 'Submitted batch job 3601437'.

[Mon Apr  4 10:13:39 2022]
rule Homology_analysis:
    input: /beegfs/data/soukkal/StageM2/Databases/Refseq_viral_db_nophages_nopolydna_IVSPER, /beegfs/data/soukkal/StageM2/Control_genomes/genomes/GCA_003952975.1.fna
    output: /beegfs/data/soukkal/StageM2/Control_genomes/results/Viral_Homology_results/GCA_003952975.1/run_mmseqs2/result_mmseqs2.m8
    jobid: 14
    wildcards: Genome_ID=GCA_003952975.1

Submitted job 14 with external jobid 'Submitted batch job 3601438'.

[Mon Apr  4 10:13:39 2022]
rule Homology_analysis:
    input: /beegfs/data/soukkal/StageM2/Databases/Refseq_viral_db_nophages_nopolydna_IVSPER, /beegfs/data/soukkal/StageM2/Control_genomes/genomes/GCF_001015335.1.fna
    output: /beegfs/data/soukkal/StageM2/Control_genomes/results/Viral_Homology_results/GCF_001015335.1/run_mmseqs2/result_mmseqs2.m8
    jobid: 35
    wildcards: Genome_ID=GCF_001015335.1

Submitted job 35 with external jobid 'Submitted batch job 3601439'.

[Mon Apr  4 10:13:39 2022]
rule Homology_analysis:
    input: /beegfs/data/soukkal/StageM2/Databases/Refseq_viral_db_nophages_nopolydna_IVSPER, /beegfs/data/soukkal/StageM2/Control_genomes/genomes/GCA_001015115.1.fna
    output: /beegfs/data/soukkal/StageM2/Control_genomes/results/Viral_Homology_results/GCA_001015115.1/run_mmseqs2/result_mmseqs2.m8
    jobid: 7
    wildcards: Genome_ID=GCA_001015115.1

Submitted job 7 with external jobid 'Submitted batch job 3601440'.

[Mon Apr  4 10:13:39 2022]
rule Homology_analysis:
    input: /beegfs/data/soukkal/StageM2/Databases/Refseq_viral_db_nophages_nopolydna_IVSPER, /beegfs/data/soukkal/StageM2/Control_genomes/genomes/GCA_021234595.1.fna
    output: /beegfs/data/soukkal/StageM2/Control_genomes/results/Viral_Homology_results/GCA_021234595.1/run_mmseqs2/result_mmseqs2.m8
    jobid: 21
    wildcards: Genome_ID=GCA_021234595.1

Submitted job 21 with external jobid 'Submitted batch job 3601441'.

[Mon Apr  4 10:13:39 2022]
rule Homology_analysis:
    input: /beegfs/data/soukkal/StageM2/Databases/Refseq_viral_db_nophages_nopolydna_IVSPER, /beegfs/data/soukkal/StageM2/Control_genomes/genomes/GCA_920104205.1.fna
    output: /beegfs/data/soukkal/StageM2/Control_genomes/results/Viral_Homology_results/GCA_920104205.1/run_mmseqs2/result_mmseqs2.m8
    jobid: 29
    wildcards: Genome_ID=GCA_920104205.1

Submitted job 29 with external jobid 'Submitted batch job 3601442'.

[Mon Apr  4 10:13:39 2022]
rule Homology_analysis:
    input: /beegfs/data/soukkal/StageM2/Databases/Refseq_viral_db_nophages_nopolydna_IVSPER, /beegfs/data/soukkal/StageM2/Control_genomes/genomes/GCA_001014415.1.fna
    output: /beegfs/data/soukkal/StageM2/Control_genomes/results/Viral_Homology_results/GCA_001014415.1/run_mmseqs2/result_mmseqs2.m8
    jobid: 2
    wildcards: Genome_ID=GCA_001014415.1

Submitted job 2 with external jobid 'Submitted batch job 3601443'.

[Mon Apr  4 10:13:39 2022]
rule Homology_analysis:
    input: /beegfs/data/soukkal/StageM2/Databases/Refseq_viral_db_nophages_nopolydna_IVSPER, /beegfs/data/soukkal/StageM2/Control_genomes/genomes/GCA_004302925.1.fna
    output: /beegfs/data/soukkal/StageM2/Control_genomes/results/Viral_Homology_results/GCA_004302925.1/run_mmseqs2/result_mmseqs2.m8
    jobid: 15
    wildcards: Genome_ID=GCA_004302925.1

Submitted job 15 with external jobid 'Submitted batch job 3601444'.

[Mon Apr  4 10:13:39 2022]
rule Homology_analysis:
    input: /beegfs/data/soukkal/StageM2/Databases/Refseq_viral_db_nophages_nopolydna_IVSPER, /beegfs/data/soukkal/StageM2/Control_genomes/genomes/GCF_002237135.1.fna
    output: /beegfs/data/soukkal/StageM2/Control_genomes/results/Viral_Homology_results/GCF_002237135.1/run_mmseqs2/result_mmseqs2.m8
    jobid: 36
    wildcards: Genome_ID=GCF_002237135.1

Submitted job 36 with external jobid 'Submitted batch job 3601445'.

[Mon Apr  4 10:13:39 2022]
rule Homology_analysis:
    input: /beegfs/data/soukkal/StageM2/Databases/Refseq_viral_db_nophages_nopolydna_IVSPER, /beegfs/data/soukkal/StageM2/Control_genomes/genomes/GCA_001015175.1.fna
    output: /beegfs/data/soukkal/StageM2/Control_genomes/results/Viral_Homology_results/GCA_001015175.1/run_mmseqs2/result_mmseqs2.m8
    jobid: 8
    wildcards: Genome_ID=GCA_001015175.1

Submitted job 8 with external jobid 'Submitted batch job 3601446'.

[Mon Apr  4 10:13:39 2022]
rule Homology_analysis:
    input: /beegfs/data/soukkal/StageM2/Databases/Refseq_viral_db_nophages_nopolydna_IVSPER, /beegfs/data/soukkal/StageM2/Control_genomes/genomes/GCA_905231855.2.fna
    output: /beegfs/data/soukkal/StageM2/Control_genomes/results/Viral_Homology_results/GCA_905231855.2/run_mmseqs2/result_mmseqs2.m8
    jobid: 22
    wildcards: Genome_ID=GCA_905231855.2

Submitted job 22 with external jobid 'Submitted batch job 3601447'.

[Mon Apr  4 10:13:39 2022]
rule Homology_analysis:
    input: /beegfs/data/soukkal/StageM2/Databases/Refseq_viral_db_nophages_nopolydna_IVSPER, /beegfs/data/soukkal/StageM2/Control_genomes/genomes/GCA_005959815.1.fna
    output: /beegfs/data/soukkal/StageM2/Control_genomes/results/Viral_Homology_results/GCA_005959815.1/run_mmseqs2/result_mmseqs2.m8
    jobid: 16
    wildcards: Genome_ID=GCA_005959815.1

Submitted job 16 with external jobid 'Submitted batch job 3601448'.

[Mon Apr  4 10:13:39 2022]
rule Homology_analysis:
    input: /beegfs/data/soukkal/StageM2/Databases/Refseq_viral_db_nophages_nopolydna_IVSPER, /beegfs/data/soukkal/StageM2/Control_genomes/genomes/GCA_920105625.1.fna
    output: /beegfs/data/soukkal/StageM2/Control_genomes/results/Viral_Homology_results/GCA_920105625.1/run_mmseqs2/result_mmseqs2.m8
    jobid: 30
    wildcards: Genome_ID=GCA_920105625.1

Submitted job 30 with external jobid 'Submitted batch job 3601449'.

[Mon Apr  4 10:13:39 2022]
rule Homology_analysis:
    input: /beegfs/data/soukkal/StageM2/Databases/Refseq_viral_db_nophages_nopolydna_IVSPER, /beegfs/data/soukkal/StageM2/Control_genomes/genomes/GCA_001017275.1.fna
    output: /beegfs/data/soukkal/StageM2/Control_genomes/results/Viral_Homology_results/GCA_001017275.1/run_mmseqs2/result_mmseqs2.m8
    jobid: 9
    wildcards: Genome_ID=GCA_001017275.1

Submitted job 9 with external jobid 'Submitted batch job 3601450'.

[Mon Apr  4 10:13:39 2022]
rule Homology_analysis:
    input: /beegfs/data/soukkal/StageM2/Databases/Refseq_viral_db_nophages_nopolydna_IVSPER, /beegfs/data/soukkal/StageM2/Control_genomes/genomes/GCA_907269105.1.fna
    output: /beegfs/data/soukkal/StageM2/Control_genomes/results/Viral_Homology_results/GCA_907269105.1/run_mmseqs2/result_mmseqs2.m8
    jobid: 23
    wildcards: Genome_ID=GCA_907269105.1

Submitted job 23 with external jobid 'Submitted batch job 3601451'.

[Mon Apr  4 10:13:39 2022]
rule Homology_analysis:
    input: /beegfs/data/soukkal/StageM2/Databases/Refseq_viral_db_nophages_nopolydna_IVSPER, /beegfs/data/soukkal/StageM2/Control_genomes/genomes/GCF_009650485.1.fna
    output: /beegfs/data/soukkal/StageM2/Control_genomes/results/Viral_Homology_results/GCF_009650485.1/run_mmseqs2/result_mmseqs2.m8
    jobid: 37
    wildcards: Genome_ID=GCF_009650485.1

Submitted job 37 with external jobid 'Submitted batch job 3601452'.

[Mon Apr  4 10:13:39 2022]
rule Homology_analysis:
    input: /beegfs/data/soukkal/StageM2/Databases/Refseq_viral_db_nophages_nopolydna_IVSPER, /beegfs/data/soukkal/StageM2/Control_genomes/genomes/GCA_003123925.1.fna
    output: /beegfs/data/soukkal/StageM2/Control_genomes/results/Viral_Homology_results/GCA_003123925.1/run_mmseqs2/result_mmseqs2.m8
    jobid: 13
    wildcards: Genome_ID=GCA_003123925.1

Submitted job 13 with external jobid 'Submitted batch job 3601453'.

[Mon Apr  4 10:13:39 2022]
rule Homology_analysis:
    input: /beegfs/data/soukkal/StageM2/Databases/Refseq_viral_db_nophages_nopolydna_IVSPER, /beegfs/data/soukkal/StageM2/Control_genomes/genomes/GCA_001014575.1.fna
    output: /beegfs/data/soukkal/StageM2/Control_genomes/results/Viral_Homology_results/GCA_001014575.1/run_mmseqs2/result_mmseqs2.m8
    jobid: 3
    wildcards: Genome_ID=GCA_001014575.1

Submitted job 3 with external jobid 'Submitted batch job 3601454'.

[Mon Apr  4 10:13:39 2022]
rule Homology_analysis:
    input: /beegfs/data/soukkal/StageM2/Databases/Refseq_viral_db_nophages_nopolydna_IVSPER, /beegfs/data/soukkal/StageM2/Control_genomes/genomes/GCA_014858695.1.fna
    output: /beegfs/data/soukkal/StageM2/Control_genomes/results/Viral_Homology_results/GCA_014858695.1/run_mmseqs2/result_mmseqs2.m8
    jobid: 17
    wildcards: Genome_ID=GCA_014858695.1

Submitted job 17 with external jobid 'Submitted batch job 3601455'.

[Mon Apr  4 10:13:39 2022]
rule Homology_analysis:
    input: /beegfs/data/soukkal/StageM2/Databases/Refseq_viral_db_nophages_nopolydna_IVSPER, /beegfs/data/soukkal/StageM2/Control_genomes/genomes/GCA_922984085.1.fna
    output: /beegfs/data/soukkal/StageM2/Control_genomes/results/Viral_Homology_results/GCA_922984085.1/run_mmseqs2/result_mmseqs2.m8
    jobid: 31
    wildcards: Genome_ID=GCA_922984085.1

Submitted job 31 with external jobid 'Submitted batch job 3601456'.

[Mon Apr  4 10:13:40 2022]
rule Homology_analysis:
    input: /beegfs/data/soukkal/StageM2/Databases/Refseq_viral_db_nophages_nopolydna_IVSPER, /beegfs/data/soukkal/StageM2/Control_genomes/genomes/GCF_013340165.1.fna
    output: /beegfs/data/soukkal/StageM2/Control_genomes/results/Viral_Homology_results/GCF_013340165.1/run_mmseqs2/result_mmseqs2.m8
    jobid: 38
    wildcards: Genome_ID=GCF_013340165.1

Submitted job 38 with external jobid 'Submitted batch job 3601457'.

[Mon Apr  4 10:13:40 2022]
rule Homology_analysis:
    input: /beegfs/data/soukkal/StageM2/Databases/Refseq_viral_db_nophages_nopolydna_IVSPER, /beegfs/data/soukkal/StageM2/Control_genomes/genomes/GCA_001017515.1.fna
    output: /beegfs/data/soukkal/StageM2/Control_genomes/results/Viral_Homology_results/GCA_001017515.1/run_mmseqs2/result_mmseqs2.m8
    jobid: 10
    wildcards: Genome_ID=GCA_001017515.1

Submitted job 10 with external jobid 'Submitted batch job 3601458'.

[Mon Apr  4 10:13:40 2022]
rule Homology_analysis:
    input: /beegfs/data/soukkal/StageM2/Databases/Refseq_viral_db_nophages_nopolydna_IVSPER, /beegfs/data/soukkal/StageM2/Control_genomes/genomes/GCA_914767635.1.fna
    output: /beegfs/data/soukkal/StageM2/Control_genomes/results/Viral_Homology_results/GCA_914767635.1/run_mmseqs2/result_mmseqs2.m8
    jobid: 24
    wildcards: Genome_ID=GCA_914767635.1

Submitted job 24 with external jobid 'Submitted batch job 3601459'.

[Mon Apr  4 10:13:40 2022]
rule Homology_analysis:
    input: /beegfs/data/soukkal/StageM2/Databases/Refseq_viral_db_nophages_nopolydna_IVSPER, /beegfs/data/soukkal/StageM2/Control_genomes/genomes/GCA_001014675.1.fna
    output: /beegfs/data/soukkal/StageM2/Control_genomes/results/Viral_Homology_results/GCA_001014675.1/run_mmseqs2/result_mmseqs2.m8
    jobid: 4
    wildcards: Genome_ID=GCA_001014675.1

Submitted job 4 with external jobid 'Submitted batch job 3601460'.

[Mon Apr  4 10:13:40 2022]
rule Homology_analysis:
    input: /beegfs/data/soukkal/StageM2/Databases/Refseq_viral_db_nophages_nopolydna_IVSPER, /beegfs/data/soukkal/StageM2/Control_genomes/genomes/GCA_017309665.1.fna
    output: /beegfs/data/soukkal/StageM2/Control_genomes/results/Viral_Homology_results/GCA_017309665.1/run_mmseqs2/result_mmseqs2.m8
    jobid: 18
    wildcards: Genome_ID=GCA_017309665.1

Submitted job 18 with external jobid 'Submitted batch job 3601461'.

[Mon Apr  4 10:13:40 2022]
rule Homology_analysis:
    input: /beegfs/data/soukkal/StageM2/Databases/Refseq_viral_db_nophages_nopolydna_IVSPER, /beegfs/data/soukkal/StageM2/Control_genomes/genomes/GCF_000001215.4.fna
    output: /beegfs/data/soukkal/StageM2/Control_genomes/results/Viral_Homology_results/GCF_000001215.4/run_mmseqs2/result_mmseqs2.m8
    jobid: 32
    wildcards: Genome_ID=GCF_000001215.4

Submitted job 32 with external jobid 'Submitted batch job 3601462'.

[Mon Apr  4 10:13:40 2022]
rule Homology_analysis:
    input: /beegfs/data/soukkal/StageM2/Databases/Refseq_viral_db_nophages_nopolydna_IVSPER, /beegfs/data/soukkal/StageM2/Control_genomes/genomes/GCF_013731165.1.fna
    output: /beegfs/data/soukkal/StageM2/Control_genomes/results/Viral_Homology_results/GCF_013731165.1/run_mmseqs2/result_mmseqs2.m8
    jobid: 39
    wildcards: Genome_ID=GCF_013731165.1

Submitted job 39 with external jobid 'Submitted batch job 3601463'.

[Mon Apr  4 10:13:40 2022]
rule Homology_analysis:
    input: /beegfs/data/soukkal/StageM2/Databases/Refseq_viral_db_nophages_nopolydna_IVSPER, /beegfs/data/soukkal/StageM2/Control_genomes/genomes/GCA_001735545.1.fna
    output: /beegfs/data/soukkal/StageM2/Control_genomes/results/Viral_Homology_results/GCA_001735545.1/run_mmseqs2/result_mmseqs2.m8
    jobid: 11
    wildcards: Genome_ID=GCA_001735545.1

Submitted job 11 with external jobid 'Submitted batch job 3601464'.

[Mon Apr  4 10:13:40 2022]
rule Homology_analysis:
    input: /beegfs/data/soukkal/StageM2/Databases/Refseq_viral_db_nophages_nopolydna_IVSPER, /beegfs/data/soukkal/StageM2/Control_genomes/genomes/GCA_914767935.1.fna
    output: /beegfs/data/soukkal/StageM2/Control_genomes/results/Viral_Homology_results/GCA_914767935.1/run_mmseqs2/result_mmseqs2.m8
    jobid: 25
    wildcards: Genome_ID=GCA_914767935.1

Submitted job 25 with external jobid 'Submitted batch job 3601465'.

[Mon Apr  4 10:13:40 2022]
rule Homology_analysis:
    input: /beegfs/data/soukkal/StageM2/Databases/Refseq_viral_db_nophages_nopolydna_IVSPER, /beegfs/data/soukkal/StageM2/Control_genomes/genomes/GCA_001014935.1.fna
    output: /beegfs/data/soukkal/StageM2/Control_genomes/results/Viral_Homology_results/GCA_001014935.1/run_mmseqs2/result_mmseqs2.m8
    jobid: 5
    wildcards: Genome_ID=GCA_001014935.1

Submitted job 5 with external jobid 'Submitted batch job 3601466'.

[Mon Apr  4 10:13:40 2022]
rule Homology_analysis:
    input: /beegfs/data/soukkal/StageM2/Databases/Refseq_viral_db_nophages_nopolydna_IVSPER, /beegfs/data/soukkal/StageM2/Control_genomes/genomes/GCA_019455685.1.fna
    output: /beegfs/data/soukkal/StageM2/Control_genomes/results/Viral_Homology_results/GCA_019455685.1/run_mmseqs2/result_mmseqs2.m8
    jobid: 19
    wildcards: Genome_ID=GCA_019455685.1

Submitted job 19 with external jobid 'Submitted batch job 3601467'.

[Mon Apr  4 10:13:40 2022]
rule Homology_analysis:
    input: /beegfs/data/soukkal/StageM2/Databases/Refseq_viral_db_nophages_nopolydna_IVSPER, /beegfs/data/soukkal/StageM2/Control_genomes/genomes/GCF_000347755.3.fna
    output: /beegfs/data/soukkal/StageM2/Control_genomes/results/Viral_Homology_results/GCF_000347755.3/run_mmseqs2/result_mmseqs2.m8
    jobid: 33
    wildcards: Genome_ID=GCF_000347755.3

Submitted job 33 with external jobid 'Submitted batch job 3601468'.

[Mon Apr  4 10:13:40 2022]
rule Homology_analysis:
    input: /beegfs/data/soukkal/StageM2/Databases/Refseq_viral_db_nophages_nopolydna_IVSPER, /beegfs/data/soukkal/StageM2/Control_genomes/genomes/GCF_014805625.1.fna
    output: /beegfs/data/soukkal/StageM2/Control_genomes/results/Viral_Homology_results/GCF_014805625.1/run_mmseqs2/result_mmseqs2.m8
    jobid: 40
    wildcards: Genome_ID=GCF_014805625.1

Submitted job 40 with external jobid 'Submitted batch job 3601469'.

[Mon Apr  4 10:13:40 2022]
rule Homology_analysis:
    input: /beegfs/data/soukkal/StageM2/Databases/Refseq_viral_db_nophages_nopolydna_IVSPER, /beegfs/data/soukkal/StageM2/Control_genomes/genomes/GCA_003055125.1.fna
    output: /beegfs/data/soukkal/StageM2/Control_genomes/results/Viral_Homology_results/GCA_003055125.1/run_mmseqs2/result_mmseqs2.m8
    jobid: 12
    wildcards: Genome_ID=GCA_003055125.1

Submitted job 12 with external jobid 'Submitted batch job 3601470'.

[Mon Apr  4 10:13:40 2022]
rule Homology_analysis:
    input: /beegfs/data/soukkal/StageM2/Databases/Refseq_viral_db_nophages_nopolydna_IVSPER, /beegfs/data/soukkal/StageM2/Control_genomes/genomes/GCA_916048285.2.fna
    output: /beegfs/data/soukkal/StageM2/Control_genomes/results/Viral_Homology_results/GCA_916048285.2/run_mmseqs2/result_mmseqs2.m8
    jobid: 26
    wildcards: Genome_ID=GCA_916048285.2

Submitted job 26 with external jobid 'Submitted batch job 3601471'.

[Mon Apr  4 10:13:40 2022]
rule Homology_analysis:
    input: /beegfs/data/soukkal/StageM2/Databases/Refseq_viral_db_nophages_nopolydna_IVSPER, /beegfs/data/soukkal/StageM2/Control_genomes/genomes/GCA_916050605.2.fna
    output: /beegfs/data/soukkal/StageM2/Control_genomes/results/Viral_Homology_results/GCA_916050605.2/run_mmseqs2/result_mmseqs2.m8
    jobid: 27
    wildcards: Genome_ID=GCA_916050605.2

Submitted job 27 with external jobid 'Submitted batch job 3601472'.

[Mon Apr  4 10:13:40 2022]
rule Homology_analysis:
    input: /beegfs/data/soukkal/StageM2/Databases/Refseq_viral_db_nophages_nopolydna_IVSPER, /beegfs/data/soukkal/StageM2/Control_genomes/genomes/GCF_016617805.1.fna
    output: /beegfs/data/soukkal/StageM2/Control_genomes/results/Viral_Homology_results/GCF_016617805.1/run_mmseqs2/result_mmseqs2.m8
    jobid: 41
    wildcards: Genome_ID=GCF_016617805.1

Submitted job 41 with external jobid 'Submitted batch job 3601473'.
[Mon Apr  4 10:14:03 2022]
Error in rule Homology_analysis:
    jobid: 20
    output: /beegfs/data/soukkal/StageM2/Control_genomes/results/Viral_Homology_results/GCA_020466095.1/run_mmseqs2/result_mmseqs2.m8
    shell:
        
		#Create a directory where the BlastX results will be written 
		mkdir -p /beegfs/data/soukkal/StageM2/Control_genomes/results/Viral_Homology_results/GCA_020466095.1/run_mmseqs2/
		#Create the query database (for each query genome/sequence)
		/beegfs/data/soukkal/TOOLS/mmseqs/bin/mmseqs createdb /beegfs/data/soukkal/StageM2/Control_genomes/genomes/GCA_020466095.1.fna /beegfs/data/soukkal/StageM2/Control_genomes/results/Viral_Homology_results/GCA_020466095.1/run_mmseqs2/GCA_020466095.1_mmseqs2_db
		#Run Mmseqs2 search (BlastX equivalent, homology search between query and db)
		/beegfs/data/soukkal/TOOLS/mmseqs/bin/mmseqs search /beegfs/data/soukkal/StageM2/Control_genomes/results/Viral_Homology_results/GCA_020466095.1/run_mmseqs2/GCA_020466095.1_mmseqs2_db /beegfs/data/soukkal/StageM2/Databases/Refseq_viral_db_nophages_nopolydna_IVSPER /beegfs/data/soukkal/StageM2/Control_genomes/results/Viral_Homology_results/GCA_020466095.1/run_mmseqs2/result_mmseqs2 /beegfs/data/soukkal/StageM2/Control_genomes/results/Viral_Homology_results/GCA_020466095.1/run_mmseqs2/tpm -a -s 7.5 -e 0.01 --threads 10 --remove-tmp-files
		#From the previous step you get one result file per thread, the next step will format the result column and also put together all the results in one file: 
		/beegfs/data/soukkal/TOOLS/mmseqs/bin/mmseqs convertalis --format-output 'query,tlen,target,pident,alnlen,mismatch,gapopen,qstart,qend,tstart,tend,evalue,bits,qaln,tcov' /beegfs/data/soukkal/StageM2/Control_genomes/results/Viral_Homology_results/GCA_020466095.1/run_mmseqs2/GCA_020466095.1_mmseqs2_db /beegfs/data/soukkal/StageM2/Databases/Refseq_viral_db_nophages_nopolydna_IVSPER /beegfs/data/soukkal/StageM2/Control_genomes/results/Viral_Homology_results/GCA_020466095.1/run_mmseqs2/result_mmseqs2 /beegfs/data/soukkal/StageM2/Control_genomes/results/Viral_Homology_results/GCA_020466095.1/run_mmseqs2/result_mmseqs2.m8
		
        (one of the commands exited with non-zero exit code; note that snakemake uses bash strict mode!)
    cluster_jobid: Submitted batch job 3601434

Error executing rule Homology_analysis on cluster (jobid: 20, external: Submitted batch job 3601434, jobscript: /beegfs/data/soukkal/StageM2/Scripts/Homology_search/.snakemake/tmp.6q7ndfn2/snakejob.Homology_analysis.20.sh). For error details see the cluster log and the log files of the involved rule(s).
[Mon Apr  4 10:14:18 2022]
Error in rule Homology_analysis:
    jobid: 22
    output: /beegfs/data/soukkal/StageM2/Control_genomes/results/Viral_Homology_results/GCA_905231855.2/run_mmseqs2/result_mmseqs2.m8
    shell:
        
		#Create a directory where the BlastX results will be written 
		mkdir -p /beegfs/data/soukkal/StageM2/Control_genomes/results/Viral_Homology_results/GCA_905231855.2/run_mmseqs2/
		#Create the query database (for each query genome/sequence)
		/beegfs/data/soukkal/TOOLS/mmseqs/bin/mmseqs createdb /beegfs/data/soukkal/StageM2/Control_genomes/genomes/GCA_905231855.2.fna /beegfs/data/soukkal/StageM2/Control_genomes/results/Viral_Homology_results/GCA_905231855.2/run_mmseqs2/GCA_905231855.2_mmseqs2_db
		#Run Mmseqs2 search (BlastX equivalent, homology search between query and db)
		/beegfs/data/soukkal/TOOLS/mmseqs/bin/mmseqs search /beegfs/data/soukkal/StageM2/Control_genomes/results/Viral_Homology_results/GCA_905231855.2/run_mmseqs2/GCA_905231855.2_mmseqs2_db /beegfs/data/soukkal/StageM2/Databases/Refseq_viral_db_nophages_nopolydna_IVSPER /beegfs/data/soukkal/StageM2/Control_genomes/results/Viral_Homology_results/GCA_905231855.2/run_mmseqs2/result_mmseqs2 /beegfs/data/soukkal/StageM2/Control_genomes/results/Viral_Homology_results/GCA_905231855.2/run_mmseqs2/tpm -a -s 7.5 -e 0.01 --threads 10 --remove-tmp-files
		#From the previous step you get one result file per thread, the next step will format the result column and also put together all the results in one file: 
		/beegfs/data/soukkal/TOOLS/mmseqs/bin/mmseqs convertalis --format-output 'query,tlen,target,pident,alnlen,mismatch,gapopen,qstart,qend,tstart,tend,evalue,bits,qaln,tcov' /beegfs/data/soukkal/StageM2/Control_genomes/results/Viral_Homology_results/GCA_905231855.2/run_mmseqs2/GCA_905231855.2_mmseqs2_db /beegfs/data/soukkal/StageM2/Databases/Refseq_viral_db_nophages_nopolydna_IVSPER /beegfs/data/soukkal/StageM2/Control_genomes/results/Viral_Homology_results/GCA_905231855.2/run_mmseqs2/result_mmseqs2 /beegfs/data/soukkal/StageM2/Control_genomes/results/Viral_Homology_results/GCA_905231855.2/run_mmseqs2/result_mmseqs2.m8
		
        (one of the commands exited with non-zero exit code; note that snakemake uses bash strict mode!)
    cluster_jobid: Submitted batch job 3601447

Error executing rule Homology_analysis on cluster (jobid: 22, external: Submitted batch job 3601447, jobscript: /beegfs/data/soukkal/StageM2/Scripts/Homology_search/.snakemake/tmp.6q7ndfn2/snakejob.Homology_analysis.22.sh). For error details see the cluster log and the log files of the involved rule(s).
[Mon Apr  4 10:14:31 2022]
Error in rule Homology_analysis:
    jobid: 16
    output: /beegfs/data/soukkal/StageM2/Control_genomes/results/Viral_Homology_results/GCA_005959815.1/run_mmseqs2/result_mmseqs2.m8
    shell:
        
		#Create a directory where the BlastX results will be written 
		mkdir -p /beegfs/data/soukkal/StageM2/Control_genomes/results/Viral_Homology_results/GCA_005959815.1/run_mmseqs2/
		#Create the query database (for each query genome/sequence)
		/beegfs/data/soukkal/TOOLS/mmseqs/bin/mmseqs createdb /beegfs/data/soukkal/StageM2/Control_genomes/genomes/GCA_005959815.1.fna /beegfs/data/soukkal/StageM2/Control_genomes/results/Viral_Homology_results/GCA_005959815.1/run_mmseqs2/GCA_005959815.1_mmseqs2_db
		#Run Mmseqs2 search (BlastX equivalent, homology search between query and db)
		/beegfs/data/soukkal/TOOLS/mmseqs/bin/mmseqs search /beegfs/data/soukkal/StageM2/Control_genomes/results/Viral_Homology_results/GCA_005959815.1/run_mmseqs2/GCA_005959815.1_mmseqs2_db /beegfs/data/soukkal/StageM2/Databases/Refseq_viral_db_nophages_nopolydna_IVSPER /beegfs/data/soukkal/StageM2/Control_genomes/results/Viral_Homology_results/GCA_005959815.1/run_mmseqs2/result_mmseqs2 /beegfs/data/soukkal/StageM2/Control_genomes/results/Viral_Homology_results/GCA_005959815.1/run_mmseqs2/tpm -a -s 7.5 -e 0.01 --threads 10 --remove-tmp-files
		#From the previous step you get one result file per thread, the next step will format the result column and also put together all the results in one file: 
		/beegfs/data/soukkal/TOOLS/mmseqs/bin/mmseqs convertalis --format-output 'query,tlen,target,pident,alnlen,mismatch,gapopen,qstart,qend,tstart,tend,evalue,bits,qaln,tcov' /beegfs/data/soukkal/StageM2/Control_genomes/results/Viral_Homology_results/GCA_005959815.1/run_mmseqs2/GCA_005959815.1_mmseqs2_db /beegfs/data/soukkal/StageM2/Databases/Refseq_viral_db_nophages_nopolydna_IVSPER /beegfs/data/soukkal/StageM2/Control_genomes/results/Viral_Homology_results/GCA_005959815.1/run_mmseqs2/result_mmseqs2 /beegfs/data/soukkal/StageM2/Control_genomes/results/Viral_Homology_results/GCA_005959815.1/run_mmseqs2/result_mmseqs2.m8
		
        (one of the commands exited with non-zero exit code; note that snakemake uses bash strict mode!)
    cluster_jobid: Submitted batch job 3601448

Error executing rule Homology_analysis on cluster (jobid: 16, external: Submitted batch job 3601448, jobscript: /beegfs/data/soukkal/StageM2/Scripts/Homology_search/.snakemake/tmp.6q7ndfn2/snakejob.Homology_analysis.16.sh). For error details see the cluster log and the log files of the involved rule(s).
[Mon Apr  4 10:14:57 2022]
Error in rule Homology_analysis:
    jobid: 30
    output: /beegfs/data/soukkal/StageM2/Control_genomes/results/Viral_Homology_results/GCA_920105625.1/run_mmseqs2/result_mmseqs2.m8
    shell:
        
		#Create a directory where the BlastX results will be written 
		mkdir -p /beegfs/data/soukkal/StageM2/Control_genomes/results/Viral_Homology_results/GCA_920105625.1/run_mmseqs2/
		#Create the query database (for each query genome/sequence)
		/beegfs/data/soukkal/TOOLS/mmseqs/bin/mmseqs createdb /beegfs/data/soukkal/StageM2/Control_genomes/genomes/GCA_920105625.1.fna /beegfs/data/soukkal/StageM2/Control_genomes/results/Viral_Homology_results/GCA_920105625.1/run_mmseqs2/GCA_920105625.1_mmseqs2_db
		#Run Mmseqs2 search (BlastX equivalent, homology search between query and db)
		/beegfs/data/soukkal/TOOLS/mmseqs/bin/mmseqs search /beegfs/data/soukkal/StageM2/Control_genomes/results/Viral_Homology_results/GCA_920105625.1/run_mmseqs2/GCA_920105625.1_mmseqs2_db /beegfs/data/soukkal/StageM2/Databases/Refseq_viral_db_nophages_nopolydna_IVSPER /beegfs/data/soukkal/StageM2/Control_genomes/results/Viral_Homology_results/GCA_920105625.1/run_mmseqs2/result_mmseqs2 /beegfs/data/soukkal/StageM2/Control_genomes/results/Viral_Homology_results/GCA_920105625.1/run_mmseqs2/tpm -a -s 7.5 -e 0.01 --threads 10 --remove-tmp-files
		#From the previous step you get one result file per thread, the next step will format the result column and also put together all the results in one file: 
		/beegfs/data/soukkal/TOOLS/mmseqs/bin/mmseqs convertalis --format-output 'query,tlen,target,pident,alnlen,mismatch,gapopen,qstart,qend,tstart,tend,evalue,bits,qaln,tcov' /beegfs/data/soukkal/StageM2/Control_genomes/results/Viral_Homology_results/GCA_920105625.1/run_mmseqs2/GCA_920105625.1_mmseqs2_db /beegfs/data/soukkal/StageM2/Databases/Refseq_viral_db_nophages_nopolydna_IVSPER /beegfs/data/soukkal/StageM2/Control_genomes/results/Viral_Homology_results/GCA_920105625.1/run_mmseqs2/result_mmseqs2 /beegfs/data/soukkal/StageM2/Control_genomes/results/Viral_Homology_results/GCA_920105625.1/run_mmseqs2/result_mmseqs2.m8
		
        (one of the commands exited with non-zero exit code; note that snakemake uses bash strict mode!)
    cluster_jobid: Submitted batch job 3601449

Error executing rule Homology_analysis on cluster (jobid: 30, external: Submitted batch job 3601449, jobscript: /beegfs/data/soukkal/StageM2/Scripts/Homology_search/.snakemake/tmp.6q7ndfn2/snakejob.Homology_analysis.30.sh). For error details see the cluster log and the log files of the involved rule(s).
[Mon Apr  4 10:15:10 2022]
Error in rule Homology_analysis:
    jobid: 9
    output: /beegfs/data/soukkal/StageM2/Control_genomes/results/Viral_Homology_results/GCA_001017275.1/run_mmseqs2/result_mmseqs2.m8
    shell:
        
		#Create a directory where the BlastX results will be written 
		mkdir -p /beegfs/data/soukkal/StageM2/Control_genomes/results/Viral_Homology_results/GCA_001017275.1/run_mmseqs2/
		#Create the query database (for each query genome/sequence)
		/beegfs/data/soukkal/TOOLS/mmseqs/bin/mmseqs createdb /beegfs/data/soukkal/StageM2/Control_genomes/genomes/GCA_001017275.1.fna /beegfs/data/soukkal/StageM2/Control_genomes/results/Viral_Homology_results/GCA_001017275.1/run_mmseqs2/GCA_001017275.1_mmseqs2_db
		#Run Mmseqs2 search (BlastX equivalent, homology search between query and db)
		/beegfs/data/soukkal/TOOLS/mmseqs/bin/mmseqs search /beegfs/data/soukkal/StageM2/Control_genomes/results/Viral_Homology_results/GCA_001017275.1/run_mmseqs2/GCA_001017275.1_mmseqs2_db /beegfs/data/soukkal/StageM2/Databases/Refseq_viral_db_nophages_nopolydna_IVSPER /beegfs/data/soukkal/StageM2/Control_genomes/results/Viral_Homology_results/GCA_001017275.1/run_mmseqs2/result_mmseqs2 /beegfs/data/soukkal/StageM2/Control_genomes/results/Viral_Homology_results/GCA_001017275.1/run_mmseqs2/tpm -a -s 7.5 -e 0.01 --threads 10 --remove-tmp-files
		#From the previous step you get one result file per thread, the next step will format the result column and also put together all the results in one file: 
		/beegfs/data/soukkal/TOOLS/mmseqs/bin/mmseqs convertalis --format-output 'query,tlen,target,pident,alnlen,mismatch,gapopen,qstart,qend,tstart,tend,evalue,bits,qaln,tcov' /beegfs/data/soukkal/StageM2/Control_genomes/results/Viral_Homology_results/GCA_001017275.1/run_mmseqs2/GCA_001017275.1_mmseqs2_db /beegfs/data/soukkal/StageM2/Databases/Refseq_viral_db_nophages_nopolydna_IVSPER /beegfs/data/soukkal/StageM2/Control_genomes/results/Viral_Homology_results/GCA_001017275.1/run_mmseqs2/result_mmseqs2 /beegfs/data/soukkal/StageM2/Control_genomes/results/Viral_Homology_results/GCA_001017275.1/run_mmseqs2/result_mmseqs2.m8
		
        (one of the commands exited with non-zero exit code; note that snakemake uses bash strict mode!)
    cluster_jobid: Submitted batch job 3601450

Error executing rule Homology_analysis on cluster (jobid: 9, external: Submitted batch job 3601450, jobscript: /beegfs/data/soukkal/StageM2/Scripts/Homology_search/.snakemake/tmp.6q7ndfn2/snakejob.Homology_analysis.9.sh). For error details see the cluster log and the log files of the involved rule(s).
[Mon Apr  4 10:15:23 2022]
Error in rule Homology_analysis:
    jobid: 23
    output: /beegfs/data/soukkal/StageM2/Control_genomes/results/Viral_Homology_results/GCA_907269105.1/run_mmseqs2/result_mmseqs2.m8
    shell:
        
		#Create a directory where the BlastX results will be written 
		mkdir -p /beegfs/data/soukkal/StageM2/Control_genomes/results/Viral_Homology_results/GCA_907269105.1/run_mmseqs2/
		#Create the query database (for each query genome/sequence)
		/beegfs/data/soukkal/TOOLS/mmseqs/bin/mmseqs createdb /beegfs/data/soukkal/StageM2/Control_genomes/genomes/GCA_907269105.1.fna /beegfs/data/soukkal/StageM2/Control_genomes/results/Viral_Homology_results/GCA_907269105.1/run_mmseqs2/GCA_907269105.1_mmseqs2_db
		#Run Mmseqs2 search (BlastX equivalent, homology search between query and db)
		/beegfs/data/soukkal/TOOLS/mmseqs/bin/mmseqs search /beegfs/data/soukkal/StageM2/Control_genomes/results/Viral_Homology_results/GCA_907269105.1/run_mmseqs2/GCA_907269105.1_mmseqs2_db /beegfs/data/soukkal/StageM2/Databases/Refseq_viral_db_nophages_nopolydna_IVSPER /beegfs/data/soukkal/StageM2/Control_genomes/results/Viral_Homology_results/GCA_907269105.1/run_mmseqs2/result_mmseqs2 /beegfs/data/soukkal/StageM2/Control_genomes/results/Viral_Homology_results/GCA_907269105.1/run_mmseqs2/tpm -a -s 7.5 -e 0.01 --threads 10 --remove-tmp-files
		#From the previous step you get one result file per thread, the next step will format the result column and also put together all the results in one file: 
		/beegfs/data/soukkal/TOOLS/mmseqs/bin/mmseqs convertalis --format-output 'query,tlen,target,pident,alnlen,mismatch,gapopen,qstart,qend,tstart,tend,evalue,bits,qaln,tcov' /beegfs/data/soukkal/StageM2/Control_genomes/results/Viral_Homology_results/GCA_907269105.1/run_mmseqs2/GCA_907269105.1_mmseqs2_db /beegfs/data/soukkal/StageM2/Databases/Refseq_viral_db_nophages_nopolydna_IVSPER /beegfs/data/soukkal/StageM2/Control_genomes/results/Viral_Homology_results/GCA_907269105.1/run_mmseqs2/result_mmseqs2 /beegfs/data/soukkal/StageM2/Control_genomes/results/Viral_Homology_results/GCA_907269105.1/run_mmseqs2/result_mmseqs2.m8
		
        (one of the commands exited with non-zero exit code; note that snakemake uses bash strict mode!)
    cluster_jobid: Submitted batch job 3601451

Error executing rule Homology_analysis on cluster (jobid: 23, external: Submitted batch job 3601451, jobscript: /beegfs/data/soukkal/StageM2/Scripts/Homology_search/.snakemake/tmp.6q7ndfn2/snakejob.Homology_analysis.23.sh). For error details see the cluster log and the log files of the involved rule(s).
[Mon Apr  4 10:15:36 2022]
Error in rule Homology_analysis:
    jobid: 37
    output: /beegfs/data/soukkal/StageM2/Control_genomes/results/Viral_Homology_results/GCF_009650485.1/run_mmseqs2/result_mmseqs2.m8
    shell:
        
		#Create a directory where the BlastX results will be written 
		mkdir -p /beegfs/data/soukkal/StageM2/Control_genomes/results/Viral_Homology_results/GCF_009650485.1/run_mmseqs2/
		#Create the query database (for each query genome/sequence)
		/beegfs/data/soukkal/TOOLS/mmseqs/bin/mmseqs createdb /beegfs/data/soukkal/StageM2/Control_genomes/genomes/GCF_009650485.1.fna /beegfs/data/soukkal/StageM2/Control_genomes/results/Viral_Homology_results/GCF_009650485.1/run_mmseqs2/GCF_009650485.1_mmseqs2_db
		#Run Mmseqs2 search (BlastX equivalent, homology search between query and db)
		/beegfs/data/soukkal/TOOLS/mmseqs/bin/mmseqs search /beegfs/data/soukkal/StageM2/Control_genomes/results/Viral_Homology_results/GCF_009650485.1/run_mmseqs2/GCF_009650485.1_mmseqs2_db /beegfs/data/soukkal/StageM2/Databases/Refseq_viral_db_nophages_nopolydna_IVSPER /beegfs/data/soukkal/StageM2/Control_genomes/results/Viral_Homology_results/GCF_009650485.1/run_mmseqs2/result_mmseqs2 /beegfs/data/soukkal/StageM2/Control_genomes/results/Viral_Homology_results/GCF_009650485.1/run_mmseqs2/tpm -a -s 7.5 -e 0.01 --threads 10 --remove-tmp-files
		#From the previous step you get one result file per thread, the next step will format the result column and also put together all the results in one file: 
		/beegfs/data/soukkal/TOOLS/mmseqs/bin/mmseqs convertalis --format-output 'query,tlen,target,pident,alnlen,mismatch,gapopen,qstart,qend,tstart,tend,evalue,bits,qaln,tcov' /beegfs/data/soukkal/StageM2/Control_genomes/results/Viral_Homology_results/GCF_009650485.1/run_mmseqs2/GCF_009650485.1_mmseqs2_db /beegfs/data/soukkal/StageM2/Databases/Refseq_viral_db_nophages_nopolydna_IVSPER /beegfs/data/soukkal/StageM2/Control_genomes/results/Viral_Homology_results/GCF_009650485.1/run_mmseqs2/result_mmseqs2 /beegfs/data/soukkal/StageM2/Control_genomes/results/Viral_Homology_results/GCF_009650485.1/run_mmseqs2/result_mmseqs2.m8
		
        (one of the commands exited with non-zero exit code; note that snakemake uses bash strict mode!)
    cluster_jobid: Submitted batch job 3601452

Error executing rule Homology_analysis on cluster (jobid: 37, external: Submitted batch job 3601452, jobscript: /beegfs/data/soukkal/StageM2/Scripts/Homology_search/.snakemake/tmp.6q7ndfn2/snakejob.Homology_analysis.37.sh). For error details see the cluster log and the log files of the involved rule(s).
[Mon Apr  4 10:15:49 2022]
Error in rule Homology_analysis:
    jobid: 13
    output: /beegfs/data/soukkal/StageM2/Control_genomes/results/Viral_Homology_results/GCA_003123925.1/run_mmseqs2/result_mmseqs2.m8
    shell:
        
		#Create a directory where the BlastX results will be written 
		mkdir -p /beegfs/data/soukkal/StageM2/Control_genomes/results/Viral_Homology_results/GCA_003123925.1/run_mmseqs2/
		#Create the query database (for each query genome/sequence)
		/beegfs/data/soukkal/TOOLS/mmseqs/bin/mmseqs createdb /beegfs/data/soukkal/StageM2/Control_genomes/genomes/GCA_003123925.1.fna /beegfs/data/soukkal/StageM2/Control_genomes/results/Viral_Homology_results/GCA_003123925.1/run_mmseqs2/GCA_003123925.1_mmseqs2_db
		#Run Mmseqs2 search (BlastX equivalent, homology search between query and db)
		/beegfs/data/soukkal/TOOLS/mmseqs/bin/mmseqs search /beegfs/data/soukkal/StageM2/Control_genomes/results/Viral_Homology_results/GCA_003123925.1/run_mmseqs2/GCA_003123925.1_mmseqs2_db /beegfs/data/soukkal/StageM2/Databases/Refseq_viral_db_nophages_nopolydna_IVSPER /beegfs/data/soukkal/StageM2/Control_genomes/results/Viral_Homology_results/GCA_003123925.1/run_mmseqs2/result_mmseqs2 /beegfs/data/soukkal/StageM2/Control_genomes/results/Viral_Homology_results/GCA_003123925.1/run_mmseqs2/tpm -a -s 7.5 -e 0.01 --threads 10 --remove-tmp-files
		#From the previous step you get one result file per thread, the next step will format the result column and also put together all the results in one file: 
		/beegfs/data/soukkal/TOOLS/mmseqs/bin/mmseqs convertalis --format-output 'query,tlen,target,pident,alnlen,mismatch,gapopen,qstart,qend,tstart,tend,evalue,bits,qaln,tcov' /beegfs/data/soukkal/StageM2/Control_genomes/results/Viral_Homology_results/GCA_003123925.1/run_mmseqs2/GCA_003123925.1_mmseqs2_db /beegfs/data/soukkal/StageM2/Databases/Refseq_viral_db_nophages_nopolydna_IVSPER /beegfs/data/soukkal/StageM2/Control_genomes/results/Viral_Homology_results/GCA_003123925.1/run_mmseqs2/result_mmseqs2 /beegfs/data/soukkal/StageM2/Control_genomes/results/Viral_Homology_results/GCA_003123925.1/run_mmseqs2/result_mmseqs2.m8
		
        (one of the commands exited with non-zero exit code; note that snakemake uses bash strict mode!)
    cluster_jobid: Submitted batch job 3601453

Error executing rule Homology_analysis on cluster (jobid: 13, external: Submitted batch job 3601453, jobscript: /beegfs/data/soukkal/StageM2/Scripts/Homology_search/.snakemake/tmp.6q7ndfn2/snakejob.Homology_analysis.13.sh). For error details see the cluster log and the log files of the involved rule(s).
[Mon Apr  4 10:16:02 2022]
Error in rule Homology_analysis:
    jobid: 3
    output: /beegfs/data/soukkal/StageM2/Control_genomes/results/Viral_Homology_results/GCA_001014575.1/run_mmseqs2/result_mmseqs2.m8
    shell:
        
		#Create a directory where the BlastX results will be written 
		mkdir -p /beegfs/data/soukkal/StageM2/Control_genomes/results/Viral_Homology_results/GCA_001014575.1/run_mmseqs2/
		#Create the query database (for each query genome/sequence)
		/beegfs/data/soukkal/TOOLS/mmseqs/bin/mmseqs createdb /beegfs/data/soukkal/StageM2/Control_genomes/genomes/GCA_001014575.1.fna /beegfs/data/soukkal/StageM2/Control_genomes/results/Viral_Homology_results/GCA_001014575.1/run_mmseqs2/GCA_001014575.1_mmseqs2_db
		#Run Mmseqs2 search (BlastX equivalent, homology search between query and db)
		/beegfs/data/soukkal/TOOLS/mmseqs/bin/mmseqs search /beegfs/data/soukkal/StageM2/Control_genomes/results/Viral_Homology_results/GCA_001014575.1/run_mmseqs2/GCA_001014575.1_mmseqs2_db /beegfs/data/soukkal/StageM2/Databases/Refseq_viral_db_nophages_nopolydna_IVSPER /beegfs/data/soukkal/StageM2/Control_genomes/results/Viral_Homology_results/GCA_001014575.1/run_mmseqs2/result_mmseqs2 /beegfs/data/soukkal/StageM2/Control_genomes/results/Viral_Homology_results/GCA_001014575.1/run_mmseqs2/tpm -a -s 7.5 -e 0.01 --threads 10 --remove-tmp-files
		#From the previous step you get one result file per thread, the next step will format the result column and also put together all the results in one file: 
		/beegfs/data/soukkal/TOOLS/mmseqs/bin/mmseqs convertalis --format-output 'query,tlen,target,pident,alnlen,mismatch,gapopen,qstart,qend,tstart,tend,evalue,bits,qaln,tcov' /beegfs/data/soukkal/StageM2/Control_genomes/results/Viral_Homology_results/GCA_001014575.1/run_mmseqs2/GCA_001014575.1_mmseqs2_db /beegfs/data/soukkal/StageM2/Databases/Refseq_viral_db_nophages_nopolydna_IVSPER /beegfs/data/soukkal/StageM2/Control_genomes/results/Viral_Homology_results/GCA_001014575.1/run_mmseqs2/result_mmseqs2 /beegfs/data/soukkal/StageM2/Control_genomes/results/Viral_Homology_results/GCA_001014575.1/run_mmseqs2/result_mmseqs2.m8
		
        (one of the commands exited with non-zero exit code; note that snakemake uses bash strict mode!)
    cluster_jobid: Submitted batch job 3601454

Error executing rule Homology_analysis on cluster (jobid: 3, external: Submitted batch job 3601454, jobscript: /beegfs/data/soukkal/StageM2/Scripts/Homology_search/.snakemake/tmp.6q7ndfn2/snakejob.Homology_analysis.3.sh). For error details see the cluster log and the log files of the involved rule(s).
[Mon Apr  4 10:16:02 2022]
Error in rule Homology_analysis:
    jobid: 17
    output: /beegfs/data/soukkal/StageM2/Control_genomes/results/Viral_Homology_results/GCA_014858695.1/run_mmseqs2/result_mmseqs2.m8
    shell:
        
		#Create a directory where the BlastX results will be written 
		mkdir -p /beegfs/data/soukkal/StageM2/Control_genomes/results/Viral_Homology_results/GCA_014858695.1/run_mmseqs2/
		#Create the query database (for each query genome/sequence)
		/beegfs/data/soukkal/TOOLS/mmseqs/bin/mmseqs createdb /beegfs/data/soukkal/StageM2/Control_genomes/genomes/GCA_014858695.1.fna /beegfs/data/soukkal/StageM2/Control_genomes/results/Viral_Homology_results/GCA_014858695.1/run_mmseqs2/GCA_014858695.1_mmseqs2_db
		#Run Mmseqs2 search (BlastX equivalent, homology search between query and db)
		/beegfs/data/soukkal/TOOLS/mmseqs/bin/mmseqs search /beegfs/data/soukkal/StageM2/Control_genomes/results/Viral_Homology_results/GCA_014858695.1/run_mmseqs2/GCA_014858695.1_mmseqs2_db /beegfs/data/soukkal/StageM2/Databases/Refseq_viral_db_nophages_nopolydna_IVSPER /beegfs/data/soukkal/StageM2/Control_genomes/results/Viral_Homology_results/GCA_014858695.1/run_mmseqs2/result_mmseqs2 /beegfs/data/soukkal/StageM2/Control_genomes/results/Viral_Homology_results/GCA_014858695.1/run_mmseqs2/tpm -a -s 7.5 -e 0.01 --threads 10 --remove-tmp-files
		#From the previous step you get one result file per thread, the next step will format the result column and also put together all the results in one file: 
		/beegfs/data/soukkal/TOOLS/mmseqs/bin/mmseqs convertalis --format-output 'query,tlen,target,pident,alnlen,mismatch,gapopen,qstart,qend,tstart,tend,evalue,bits,qaln,tcov' /beegfs/data/soukkal/StageM2/Control_genomes/results/Viral_Homology_results/GCA_014858695.1/run_mmseqs2/GCA_014858695.1_mmseqs2_db /beegfs/data/soukkal/StageM2/Databases/Refseq_viral_db_nophages_nopolydna_IVSPER /beegfs/data/soukkal/StageM2/Control_genomes/results/Viral_Homology_results/GCA_014858695.1/run_mmseqs2/result_mmseqs2 /beegfs/data/soukkal/StageM2/Control_genomes/results/Viral_Homology_results/GCA_014858695.1/run_mmseqs2/result_mmseqs2.m8
		
        (one of the commands exited with non-zero exit code; note that snakemake uses bash strict mode!)
    cluster_jobid: Submitted batch job 3601455

Error executing rule Homology_analysis on cluster (jobid: 17, external: Submitted batch job 3601455, jobscript: /beegfs/data/soukkal/StageM2/Scripts/Homology_search/.snakemake/tmp.6q7ndfn2/snakejob.Homology_analysis.17.sh). For error details see the cluster log and the log files of the involved rule(s).
[Mon Apr  4 10:16:02 2022]
Error in rule Homology_analysis:
    jobid: 31
    output: /beegfs/data/soukkal/StageM2/Control_genomes/results/Viral_Homology_results/GCA_922984085.1/run_mmseqs2/result_mmseqs2.m8
    shell:
        
		#Create a directory where the BlastX results will be written 
		mkdir -p /beegfs/data/soukkal/StageM2/Control_genomes/results/Viral_Homology_results/GCA_922984085.1/run_mmseqs2/
		#Create the query database (for each query genome/sequence)
		/beegfs/data/soukkal/TOOLS/mmseqs/bin/mmseqs createdb /beegfs/data/soukkal/StageM2/Control_genomes/genomes/GCA_922984085.1.fna /beegfs/data/soukkal/StageM2/Control_genomes/results/Viral_Homology_results/GCA_922984085.1/run_mmseqs2/GCA_922984085.1_mmseqs2_db
		#Run Mmseqs2 search (BlastX equivalent, homology search between query and db)
		/beegfs/data/soukkal/TOOLS/mmseqs/bin/mmseqs search /beegfs/data/soukkal/StageM2/Control_genomes/results/Viral_Homology_results/GCA_922984085.1/run_mmseqs2/GCA_922984085.1_mmseqs2_db /beegfs/data/soukkal/StageM2/Databases/Refseq_viral_db_nophages_nopolydna_IVSPER /beegfs/data/soukkal/StageM2/Control_genomes/results/Viral_Homology_results/GCA_922984085.1/run_mmseqs2/result_mmseqs2 /beegfs/data/soukkal/StageM2/Control_genomes/results/Viral_Homology_results/GCA_922984085.1/run_mmseqs2/tpm -a -s 7.5 -e 0.01 --threads 10 --remove-tmp-files
		#From the previous step you get one result file per thread, the next step will format the result column and also put together all the results in one file: 
		/beegfs/data/soukkal/TOOLS/mmseqs/bin/mmseqs convertalis --format-output 'query,tlen,target,pident,alnlen,mismatch,gapopen,qstart,qend,tstart,tend,evalue,bits,qaln,tcov' /beegfs/data/soukkal/StageM2/Control_genomes/results/Viral_Homology_results/GCA_922984085.1/run_mmseqs2/GCA_922984085.1_mmseqs2_db /beegfs/data/soukkal/StageM2/Databases/Refseq_viral_db_nophages_nopolydna_IVSPER /beegfs/data/soukkal/StageM2/Control_genomes/results/Viral_Homology_results/GCA_922984085.1/run_mmseqs2/result_mmseqs2 /beegfs/data/soukkal/StageM2/Control_genomes/results/Viral_Homology_results/GCA_922984085.1/run_mmseqs2/result_mmseqs2.m8
		
        (one of the commands exited with non-zero exit code; note that snakemake uses bash strict mode!)
    cluster_jobid: Submitted batch job 3601456

Error executing rule Homology_analysis on cluster (jobid: 31, external: Submitted batch job 3601456, jobscript: /beegfs/data/soukkal/StageM2/Scripts/Homology_search/.snakemake/tmp.6q7ndfn2/snakejob.Homology_analysis.31.sh). For error details see the cluster log and the log files of the involved rule(s).
[Mon Apr  4 10:16:15 2022]
Error in rule Homology_analysis:
    jobid: 38
    output: /beegfs/data/soukkal/StageM2/Control_genomes/results/Viral_Homology_results/GCF_013340165.1/run_mmseqs2/result_mmseqs2.m8
    shell:
        
		#Create a directory where the BlastX results will be written 
		mkdir -p /beegfs/data/soukkal/StageM2/Control_genomes/results/Viral_Homology_results/GCF_013340165.1/run_mmseqs2/
		#Create the query database (for each query genome/sequence)
		/beegfs/data/soukkal/TOOLS/mmseqs/bin/mmseqs createdb /beegfs/data/soukkal/StageM2/Control_genomes/genomes/GCF_013340165.1.fna /beegfs/data/soukkal/StageM2/Control_genomes/results/Viral_Homology_results/GCF_013340165.1/run_mmseqs2/GCF_013340165.1_mmseqs2_db
		#Run Mmseqs2 search (BlastX equivalent, homology search between query and db)
		/beegfs/data/soukkal/TOOLS/mmseqs/bin/mmseqs search /beegfs/data/soukkal/StageM2/Control_genomes/results/Viral_Homology_results/GCF_013340165.1/run_mmseqs2/GCF_013340165.1_mmseqs2_db /beegfs/data/soukkal/StageM2/Databases/Refseq_viral_db_nophages_nopolydna_IVSPER /beegfs/data/soukkal/StageM2/Control_genomes/results/Viral_Homology_results/GCF_013340165.1/run_mmseqs2/result_mmseqs2 /beegfs/data/soukkal/StageM2/Control_genomes/results/Viral_Homology_results/GCF_013340165.1/run_mmseqs2/tpm -a -s 7.5 -e 0.01 --threads 10 --remove-tmp-files
		#From the previous step you get one result file per thread, the next step will format the result column and also put together all the results in one file: 
		/beegfs/data/soukkal/TOOLS/mmseqs/bin/mmseqs convertalis --format-output 'query,tlen,target,pident,alnlen,mismatch,gapopen,qstart,qend,tstart,tend,evalue,bits,qaln,tcov' /beegfs/data/soukkal/StageM2/Control_genomes/results/Viral_Homology_results/GCF_013340165.1/run_mmseqs2/GCF_013340165.1_mmseqs2_db /beegfs/data/soukkal/StageM2/Databases/Refseq_viral_db_nophages_nopolydna_IVSPER /beegfs/data/soukkal/StageM2/Control_genomes/results/Viral_Homology_results/GCF_013340165.1/run_mmseqs2/result_mmseqs2 /beegfs/data/soukkal/StageM2/Control_genomes/results/Viral_Homology_results/GCF_013340165.1/run_mmseqs2/result_mmseqs2.m8
		
        (one of the commands exited with non-zero exit code; note that snakemake uses bash strict mode!)
    cluster_jobid: Submitted batch job 3601457

Error executing rule Homology_analysis on cluster (jobid: 38, external: Submitted batch job 3601457, jobscript: /beegfs/data/soukkal/StageM2/Scripts/Homology_search/.snakemake/tmp.6q7ndfn2/snakejob.Homology_analysis.38.sh). For error details see the cluster log and the log files of the involved rule(s).
[Mon Apr  4 10:16:15 2022]
Error in rule Homology_analysis:
    jobid: 10
    output: /beegfs/data/soukkal/StageM2/Control_genomes/results/Viral_Homology_results/GCA_001017515.1/run_mmseqs2/result_mmseqs2.m8
    shell:
        
		#Create a directory where the BlastX results will be written 
		mkdir -p /beegfs/data/soukkal/StageM2/Control_genomes/results/Viral_Homology_results/GCA_001017515.1/run_mmseqs2/
		#Create the query database (for each query genome/sequence)
		/beegfs/data/soukkal/TOOLS/mmseqs/bin/mmseqs createdb /beegfs/data/soukkal/StageM2/Control_genomes/genomes/GCA_001017515.1.fna /beegfs/data/soukkal/StageM2/Control_genomes/results/Viral_Homology_results/GCA_001017515.1/run_mmseqs2/GCA_001017515.1_mmseqs2_db
		#Run Mmseqs2 search (BlastX equivalent, homology search between query and db)
		/beegfs/data/soukkal/TOOLS/mmseqs/bin/mmseqs search /beegfs/data/soukkal/StageM2/Control_genomes/results/Viral_Homology_results/GCA_001017515.1/run_mmseqs2/GCA_001017515.1_mmseqs2_db /beegfs/data/soukkal/StageM2/Databases/Refseq_viral_db_nophages_nopolydna_IVSPER /beegfs/data/soukkal/StageM2/Control_genomes/results/Viral_Homology_results/GCA_001017515.1/run_mmseqs2/result_mmseqs2 /beegfs/data/soukkal/StageM2/Control_genomes/results/Viral_Homology_results/GCA_001017515.1/run_mmseqs2/tpm -a -s 7.5 -e 0.01 --threads 10 --remove-tmp-files
		#From the previous step you get one result file per thread, the next step will format the result column and also put together all the results in one file: 
		/beegfs/data/soukkal/TOOLS/mmseqs/bin/mmseqs convertalis --format-output 'query,tlen,target,pident,alnlen,mismatch,gapopen,qstart,qend,tstart,tend,evalue,bits,qaln,tcov' /beegfs/data/soukkal/StageM2/Control_genomes/results/Viral_Homology_results/GCA_001017515.1/run_mmseqs2/GCA_001017515.1_mmseqs2_db /beegfs/data/soukkal/StageM2/Databases/Refseq_viral_db_nophages_nopolydna_IVSPER /beegfs/data/soukkal/StageM2/Control_genomes/results/Viral_Homology_results/GCA_001017515.1/run_mmseqs2/result_mmseqs2 /beegfs/data/soukkal/StageM2/Control_genomes/results/Viral_Homology_results/GCA_001017515.1/run_mmseqs2/result_mmseqs2.m8
		
        (one of the commands exited with non-zero exit code; note that snakemake uses bash strict mode!)
    cluster_jobid: Submitted batch job 3601458

Error executing rule Homology_analysis on cluster (jobid: 10, external: Submitted batch job 3601458, jobscript: /beegfs/data/soukkal/StageM2/Scripts/Homology_search/.snakemake/tmp.6q7ndfn2/snakejob.Homology_analysis.10.sh). For error details see the cluster log and the log files of the involved rule(s).
[Mon Apr  4 10:16:27 2022]
Error in rule Homology_analysis:
    jobid: 24
    output: /beegfs/data/soukkal/StageM2/Control_genomes/results/Viral_Homology_results/GCA_914767635.1/run_mmseqs2/result_mmseqs2.m8
    shell:
        
		#Create a directory where the BlastX results will be written 
		mkdir -p /beegfs/data/soukkal/StageM2/Control_genomes/results/Viral_Homology_results/GCA_914767635.1/run_mmseqs2/
		#Create the query database (for each query genome/sequence)
		/beegfs/data/soukkal/TOOLS/mmseqs/bin/mmseqs createdb /beegfs/data/soukkal/StageM2/Control_genomes/genomes/GCA_914767635.1.fna /beegfs/data/soukkal/StageM2/Control_genomes/results/Viral_Homology_results/GCA_914767635.1/run_mmseqs2/GCA_914767635.1_mmseqs2_db
		#Run Mmseqs2 search (BlastX equivalent, homology search between query and db)
		/beegfs/data/soukkal/TOOLS/mmseqs/bin/mmseqs search /beegfs/data/soukkal/StageM2/Control_genomes/results/Viral_Homology_results/GCA_914767635.1/run_mmseqs2/GCA_914767635.1_mmseqs2_db /beegfs/data/soukkal/StageM2/Databases/Refseq_viral_db_nophages_nopolydna_IVSPER /beegfs/data/soukkal/StageM2/Control_genomes/results/Viral_Homology_results/GCA_914767635.1/run_mmseqs2/result_mmseqs2 /beegfs/data/soukkal/StageM2/Control_genomes/results/Viral_Homology_results/GCA_914767635.1/run_mmseqs2/tpm -a -s 7.5 -e 0.01 --threads 10 --remove-tmp-files
		#From the previous step you get one result file per thread, the next step will format the result column and also put together all the results in one file: 
		/beegfs/data/soukkal/TOOLS/mmseqs/bin/mmseqs convertalis --format-output 'query,tlen,target,pident,alnlen,mismatch,gapopen,qstart,qend,tstart,tend,evalue,bits,qaln,tcov' /beegfs/data/soukkal/StageM2/Control_genomes/results/Viral_Homology_results/GCA_914767635.1/run_mmseqs2/GCA_914767635.1_mmseqs2_db /beegfs/data/soukkal/StageM2/Databases/Refseq_viral_db_nophages_nopolydna_IVSPER /beegfs/data/soukkal/StageM2/Control_genomes/results/Viral_Homology_results/GCA_914767635.1/run_mmseqs2/result_mmseqs2 /beegfs/data/soukkal/StageM2/Control_genomes/results/Viral_Homology_results/GCA_914767635.1/run_mmseqs2/result_mmseqs2.m8
		
        (one of the commands exited with non-zero exit code; note that snakemake uses bash strict mode!)
    cluster_jobid: Submitted batch job 3601459

Error executing rule Homology_analysis on cluster (jobid: 24, external: Submitted batch job 3601459, jobscript: /beegfs/data/soukkal/StageM2/Scripts/Homology_search/.snakemake/tmp.6q7ndfn2/snakejob.Homology_analysis.24.sh). For error details see the cluster log and the log files of the involved rule(s).
[Mon Apr  4 10:16:27 2022]
Error in rule Homology_analysis:
    jobid: 4
    output: /beegfs/data/soukkal/StageM2/Control_genomes/results/Viral_Homology_results/GCA_001014675.1/run_mmseqs2/result_mmseqs2.m8
    shell:
        
		#Create a directory where the BlastX results will be written 
		mkdir -p /beegfs/data/soukkal/StageM2/Control_genomes/results/Viral_Homology_results/GCA_001014675.1/run_mmseqs2/
		#Create the query database (for each query genome/sequence)
		/beegfs/data/soukkal/TOOLS/mmseqs/bin/mmseqs createdb /beegfs/data/soukkal/StageM2/Control_genomes/genomes/GCA_001014675.1.fna /beegfs/data/soukkal/StageM2/Control_genomes/results/Viral_Homology_results/GCA_001014675.1/run_mmseqs2/GCA_001014675.1_mmseqs2_db
		#Run Mmseqs2 search (BlastX equivalent, homology search between query and db)
		/beegfs/data/soukkal/TOOLS/mmseqs/bin/mmseqs search /beegfs/data/soukkal/StageM2/Control_genomes/results/Viral_Homology_results/GCA_001014675.1/run_mmseqs2/GCA_001014675.1_mmseqs2_db /beegfs/data/soukkal/StageM2/Databases/Refseq_viral_db_nophages_nopolydna_IVSPER /beegfs/data/soukkal/StageM2/Control_genomes/results/Viral_Homology_results/GCA_001014675.1/run_mmseqs2/result_mmseqs2 /beegfs/data/soukkal/StageM2/Control_genomes/results/Viral_Homology_results/GCA_001014675.1/run_mmseqs2/tpm -a -s 7.5 -e 0.01 --threads 10 --remove-tmp-files
		#From the previous step you get one result file per thread, the next step will format the result column and also put together all the results in one file: 
		/beegfs/data/soukkal/TOOLS/mmseqs/bin/mmseqs convertalis --format-output 'query,tlen,target,pident,alnlen,mismatch,gapopen,qstart,qend,tstart,tend,evalue,bits,qaln,tcov' /beegfs/data/soukkal/StageM2/Control_genomes/results/Viral_Homology_results/GCA_001014675.1/run_mmseqs2/GCA_001014675.1_mmseqs2_db /beegfs/data/soukkal/StageM2/Databases/Refseq_viral_db_nophages_nopolydna_IVSPER /beegfs/data/soukkal/StageM2/Control_genomes/results/Viral_Homology_results/GCA_001014675.1/run_mmseqs2/result_mmseqs2 /beegfs/data/soukkal/StageM2/Control_genomes/results/Viral_Homology_results/GCA_001014675.1/run_mmseqs2/result_mmseqs2.m8
		
        (one of the commands exited with non-zero exit code; note that snakemake uses bash strict mode!)
    cluster_jobid: Submitted batch job 3601460

Error executing rule Homology_analysis on cluster (jobid: 4, external: Submitted batch job 3601460, jobscript: /beegfs/data/soukkal/StageM2/Scripts/Homology_search/.snakemake/tmp.6q7ndfn2/snakejob.Homology_analysis.4.sh). For error details see the cluster log and the log files of the involved rule(s).
[Mon Apr  4 10:16:39 2022]
Error in rule Homology_analysis:
    jobid: 18
    output: /beegfs/data/soukkal/StageM2/Control_genomes/results/Viral_Homology_results/GCA_017309665.1/run_mmseqs2/result_mmseqs2.m8
    shell:
        
		#Create a directory where the BlastX results will be written 
		mkdir -p /beegfs/data/soukkal/StageM2/Control_genomes/results/Viral_Homology_results/GCA_017309665.1/run_mmseqs2/
		#Create the query database (for each query genome/sequence)
		/beegfs/data/soukkal/TOOLS/mmseqs/bin/mmseqs createdb /beegfs/data/soukkal/StageM2/Control_genomes/genomes/GCA_017309665.1.fna /beegfs/data/soukkal/StageM2/Control_genomes/results/Viral_Homology_results/GCA_017309665.1/run_mmseqs2/GCA_017309665.1_mmseqs2_db
		#Run Mmseqs2 search (BlastX equivalent, homology search between query and db)
		/beegfs/data/soukkal/TOOLS/mmseqs/bin/mmseqs search /beegfs/data/soukkal/StageM2/Control_genomes/results/Viral_Homology_results/GCA_017309665.1/run_mmseqs2/GCA_017309665.1_mmseqs2_db /beegfs/data/soukkal/StageM2/Databases/Refseq_viral_db_nophages_nopolydna_IVSPER /beegfs/data/soukkal/StageM2/Control_genomes/results/Viral_Homology_results/GCA_017309665.1/run_mmseqs2/result_mmseqs2 /beegfs/data/soukkal/StageM2/Control_genomes/results/Viral_Homology_results/GCA_017309665.1/run_mmseqs2/tpm -a -s 7.5 -e 0.01 --threads 10 --remove-tmp-files
		#From the previous step you get one result file per thread, the next step will format the result column and also put together all the results in one file: 
		/beegfs/data/soukkal/TOOLS/mmseqs/bin/mmseqs convertalis --format-output 'query,tlen,target,pident,alnlen,mismatch,gapopen,qstart,qend,tstart,tend,evalue,bits,qaln,tcov' /beegfs/data/soukkal/StageM2/Control_genomes/results/Viral_Homology_results/GCA_017309665.1/run_mmseqs2/GCA_017309665.1_mmseqs2_db /beegfs/data/soukkal/StageM2/Databases/Refseq_viral_db_nophages_nopolydna_IVSPER /beegfs/data/soukkal/StageM2/Control_genomes/results/Viral_Homology_results/GCA_017309665.1/run_mmseqs2/result_mmseqs2 /beegfs/data/soukkal/StageM2/Control_genomes/results/Viral_Homology_results/GCA_017309665.1/run_mmseqs2/result_mmseqs2.m8
		
        (one of the commands exited with non-zero exit code; note that snakemake uses bash strict mode!)
    cluster_jobid: Submitted batch job 3601461

Error executing rule Homology_analysis on cluster (jobid: 18, external: Submitted batch job 3601461, jobscript: /beegfs/data/soukkal/StageM2/Scripts/Homology_search/.snakemake/tmp.6q7ndfn2/snakejob.Homology_analysis.18.sh). For error details see the cluster log and the log files of the involved rule(s).
[Mon Apr  4 10:16:39 2022]
Error in rule Homology_analysis:
    jobid: 32
    output: /beegfs/data/soukkal/StageM2/Control_genomes/results/Viral_Homology_results/GCF_000001215.4/run_mmseqs2/result_mmseqs2.m8
    shell:
        
		#Create a directory where the BlastX results will be written 
		mkdir -p /beegfs/data/soukkal/StageM2/Control_genomes/results/Viral_Homology_results/GCF_000001215.4/run_mmseqs2/
		#Create the query database (for each query genome/sequence)
		/beegfs/data/soukkal/TOOLS/mmseqs/bin/mmseqs createdb /beegfs/data/soukkal/StageM2/Control_genomes/genomes/GCF_000001215.4.fna /beegfs/data/soukkal/StageM2/Control_genomes/results/Viral_Homology_results/GCF_000001215.4/run_mmseqs2/GCF_000001215.4_mmseqs2_db
		#Run Mmseqs2 search (BlastX equivalent, homology search between query and db)
		/beegfs/data/soukkal/TOOLS/mmseqs/bin/mmseqs search /beegfs/data/soukkal/StageM2/Control_genomes/results/Viral_Homology_results/GCF_000001215.4/run_mmseqs2/GCF_000001215.4_mmseqs2_db /beegfs/data/soukkal/StageM2/Databases/Refseq_viral_db_nophages_nopolydna_IVSPER /beegfs/data/soukkal/StageM2/Control_genomes/results/Viral_Homology_results/GCF_000001215.4/run_mmseqs2/result_mmseqs2 /beegfs/data/soukkal/StageM2/Control_genomes/results/Viral_Homology_results/GCF_000001215.4/run_mmseqs2/tpm -a -s 7.5 -e 0.01 --threads 10 --remove-tmp-files
		#From the previous step you get one result file per thread, the next step will format the result column and also put together all the results in one file: 
		/beegfs/data/soukkal/TOOLS/mmseqs/bin/mmseqs convertalis --format-output 'query,tlen,target,pident,alnlen,mismatch,gapopen,qstart,qend,tstart,tend,evalue,bits,qaln,tcov' /beegfs/data/soukkal/StageM2/Control_genomes/results/Viral_Homology_results/GCF_000001215.4/run_mmseqs2/GCF_000001215.4_mmseqs2_db /beegfs/data/soukkal/StageM2/Databases/Refseq_viral_db_nophages_nopolydna_IVSPER /beegfs/data/soukkal/StageM2/Control_genomes/results/Viral_Homology_results/GCF_000001215.4/run_mmseqs2/result_mmseqs2 /beegfs/data/soukkal/StageM2/Control_genomes/results/Viral_Homology_results/GCF_000001215.4/run_mmseqs2/result_mmseqs2.m8
		
        (one of the commands exited with non-zero exit code; note that snakemake uses bash strict mode!)
    cluster_jobid: Submitted batch job 3601462

Error executing rule Homology_analysis on cluster (jobid: 32, external: Submitted batch job 3601462, jobscript: /beegfs/data/soukkal/StageM2/Scripts/Homology_search/.snakemake/tmp.6q7ndfn2/snakejob.Homology_analysis.32.sh). For error details see the cluster log and the log files of the involved rule(s).
[Mon Apr  4 10:17:03 2022]
Error in rule Homology_analysis:
    jobid: 39
    output: /beegfs/data/soukkal/StageM2/Control_genomes/results/Viral_Homology_results/GCF_013731165.1/run_mmseqs2/result_mmseqs2.m8
    shell:
        
		#Create a directory where the BlastX results will be written 
		mkdir -p /beegfs/data/soukkal/StageM2/Control_genomes/results/Viral_Homology_results/GCF_013731165.1/run_mmseqs2/
		#Create the query database (for each query genome/sequence)
		/beegfs/data/soukkal/TOOLS/mmseqs/bin/mmseqs createdb /beegfs/data/soukkal/StageM2/Control_genomes/genomes/GCF_013731165.1.fna /beegfs/data/soukkal/StageM2/Control_genomes/results/Viral_Homology_results/GCF_013731165.1/run_mmseqs2/GCF_013731165.1_mmseqs2_db
		#Run Mmseqs2 search (BlastX equivalent, homology search between query and db)
		/beegfs/data/soukkal/TOOLS/mmseqs/bin/mmseqs search /beegfs/data/soukkal/StageM2/Control_genomes/results/Viral_Homology_results/GCF_013731165.1/run_mmseqs2/GCF_013731165.1_mmseqs2_db /beegfs/data/soukkal/StageM2/Databases/Refseq_viral_db_nophages_nopolydna_IVSPER /beegfs/data/soukkal/StageM2/Control_genomes/results/Viral_Homology_results/GCF_013731165.1/run_mmseqs2/result_mmseqs2 /beegfs/data/soukkal/StageM2/Control_genomes/results/Viral_Homology_results/GCF_013731165.1/run_mmseqs2/tpm -a -s 7.5 -e 0.01 --threads 10 --remove-tmp-files
		#From the previous step you get one result file per thread, the next step will format the result column and also put together all the results in one file: 
		/beegfs/data/soukkal/TOOLS/mmseqs/bin/mmseqs convertalis --format-output 'query,tlen,target,pident,alnlen,mismatch,gapopen,qstart,qend,tstart,tend,evalue,bits,qaln,tcov' /beegfs/data/soukkal/StageM2/Control_genomes/results/Viral_Homology_results/GCF_013731165.1/run_mmseqs2/GCF_013731165.1_mmseqs2_db /beegfs/data/soukkal/StageM2/Databases/Refseq_viral_db_nophages_nopolydna_IVSPER /beegfs/data/soukkal/StageM2/Control_genomes/results/Viral_Homology_results/GCF_013731165.1/run_mmseqs2/result_mmseqs2 /beegfs/data/soukkal/StageM2/Control_genomes/results/Viral_Homology_results/GCF_013731165.1/run_mmseqs2/result_mmseqs2.m8
		
        (one of the commands exited with non-zero exit code; note that snakemake uses bash strict mode!)
    cluster_jobid: Submitted batch job 3601463

Error executing rule Homology_analysis on cluster (jobid: 39, external: Submitted batch job 3601463, jobscript: /beegfs/data/soukkal/StageM2/Scripts/Homology_search/.snakemake/tmp.6q7ndfn2/snakejob.Homology_analysis.39.sh). For error details see the cluster log and the log files of the involved rule(s).
[Mon Apr  4 10:17:04 2022]
Error in rule Homology_analysis:
    jobid: 11
    output: /beegfs/data/soukkal/StageM2/Control_genomes/results/Viral_Homology_results/GCA_001735545.1/run_mmseqs2/result_mmseqs2.m8
    shell:
        
		#Create a directory where the BlastX results will be written 
		mkdir -p /beegfs/data/soukkal/StageM2/Control_genomes/results/Viral_Homology_results/GCA_001735545.1/run_mmseqs2/
		#Create the query database (for each query genome/sequence)
		/beegfs/data/soukkal/TOOLS/mmseqs/bin/mmseqs createdb /beegfs/data/soukkal/StageM2/Control_genomes/genomes/GCA_001735545.1.fna /beegfs/data/soukkal/StageM2/Control_genomes/results/Viral_Homology_results/GCA_001735545.1/run_mmseqs2/GCA_001735545.1_mmseqs2_db
		#Run Mmseqs2 search (BlastX equivalent, homology search between query and db)
		/beegfs/data/soukkal/TOOLS/mmseqs/bin/mmseqs search /beegfs/data/soukkal/StageM2/Control_genomes/results/Viral_Homology_results/GCA_001735545.1/run_mmseqs2/GCA_001735545.1_mmseqs2_db /beegfs/data/soukkal/StageM2/Databases/Refseq_viral_db_nophages_nopolydna_IVSPER /beegfs/data/soukkal/StageM2/Control_genomes/results/Viral_Homology_results/GCA_001735545.1/run_mmseqs2/result_mmseqs2 /beegfs/data/soukkal/StageM2/Control_genomes/results/Viral_Homology_results/GCA_001735545.1/run_mmseqs2/tpm -a -s 7.5 -e 0.01 --threads 10 --remove-tmp-files
		#From the previous step you get one result file per thread, the next step will format the result column and also put together all the results in one file: 
		/beegfs/data/soukkal/TOOLS/mmseqs/bin/mmseqs convertalis --format-output 'query,tlen,target,pident,alnlen,mismatch,gapopen,qstart,qend,tstart,tend,evalue,bits,qaln,tcov' /beegfs/data/soukkal/StageM2/Control_genomes/results/Viral_Homology_results/GCA_001735545.1/run_mmseqs2/GCA_001735545.1_mmseqs2_db /beegfs/data/soukkal/StageM2/Databases/Refseq_viral_db_nophages_nopolydna_IVSPER /beegfs/data/soukkal/StageM2/Control_genomes/results/Viral_Homology_results/GCA_001735545.1/run_mmseqs2/result_mmseqs2 /beegfs/data/soukkal/StageM2/Control_genomes/results/Viral_Homology_results/GCA_001735545.1/run_mmseqs2/result_mmseqs2.m8
		
        (one of the commands exited with non-zero exit code; note that snakemake uses bash strict mode!)
    cluster_jobid: Submitted batch job 3601464

Error executing rule Homology_analysis on cluster (jobid: 11, external: Submitted batch job 3601464, jobscript: /beegfs/data/soukkal/StageM2/Scripts/Homology_search/.snakemake/tmp.6q7ndfn2/snakejob.Homology_analysis.11.sh). For error details see the cluster log and the log files of the involved rule(s).
[Mon Apr  4 10:17:04 2022]
Error in rule Homology_analysis:
    jobid: 25
    output: /beegfs/data/soukkal/StageM2/Control_genomes/results/Viral_Homology_results/GCA_914767935.1/run_mmseqs2/result_mmseqs2.m8
    shell:
        
		#Create a directory where the BlastX results will be written 
		mkdir -p /beegfs/data/soukkal/StageM2/Control_genomes/results/Viral_Homology_results/GCA_914767935.1/run_mmseqs2/
		#Create the query database (for each query genome/sequence)
		/beegfs/data/soukkal/TOOLS/mmseqs/bin/mmseqs createdb /beegfs/data/soukkal/StageM2/Control_genomes/genomes/GCA_914767935.1.fna /beegfs/data/soukkal/StageM2/Control_genomes/results/Viral_Homology_results/GCA_914767935.1/run_mmseqs2/GCA_914767935.1_mmseqs2_db
		#Run Mmseqs2 search (BlastX equivalent, homology search between query and db)
		/beegfs/data/soukkal/TOOLS/mmseqs/bin/mmseqs search /beegfs/data/soukkal/StageM2/Control_genomes/results/Viral_Homology_results/GCA_914767935.1/run_mmseqs2/GCA_914767935.1_mmseqs2_db /beegfs/data/soukkal/StageM2/Databases/Refseq_viral_db_nophages_nopolydna_IVSPER /beegfs/data/soukkal/StageM2/Control_genomes/results/Viral_Homology_results/GCA_914767935.1/run_mmseqs2/result_mmseqs2 /beegfs/data/soukkal/StageM2/Control_genomes/results/Viral_Homology_results/GCA_914767935.1/run_mmseqs2/tpm -a -s 7.5 -e 0.01 --threads 10 --remove-tmp-files
		#From the previous step you get one result file per thread, the next step will format the result column and also put together all the results in one file: 
		/beegfs/data/soukkal/TOOLS/mmseqs/bin/mmseqs convertalis --format-output 'query,tlen,target,pident,alnlen,mismatch,gapopen,qstart,qend,tstart,tend,evalue,bits,qaln,tcov' /beegfs/data/soukkal/StageM2/Control_genomes/results/Viral_Homology_results/GCA_914767935.1/run_mmseqs2/GCA_914767935.1_mmseqs2_db /beegfs/data/soukkal/StageM2/Databases/Refseq_viral_db_nophages_nopolydna_IVSPER /beegfs/data/soukkal/StageM2/Control_genomes/results/Viral_Homology_results/GCA_914767935.1/run_mmseqs2/result_mmseqs2 /beegfs/data/soukkal/StageM2/Control_genomes/results/Viral_Homology_results/GCA_914767935.1/run_mmseqs2/result_mmseqs2.m8
		
        (one of the commands exited with non-zero exit code; note that snakemake uses bash strict mode!)
    cluster_jobid: Submitted batch job 3601465

Error executing rule Homology_analysis on cluster (jobid: 25, external: Submitted batch job 3601465, jobscript: /beegfs/data/soukkal/StageM2/Scripts/Homology_search/.snakemake/tmp.6q7ndfn2/snakejob.Homology_analysis.25.sh). For error details see the cluster log and the log files of the involved rule(s).
[Mon Apr  4 10:17:04 2022]
Error in rule Homology_analysis:
    jobid: 5
    output: /beegfs/data/soukkal/StageM2/Control_genomes/results/Viral_Homology_results/GCA_001014935.1/run_mmseqs2/result_mmseqs2.m8
    shell:
        
		#Create a directory where the BlastX results will be written 
		mkdir -p /beegfs/data/soukkal/StageM2/Control_genomes/results/Viral_Homology_results/GCA_001014935.1/run_mmseqs2/
		#Create the query database (for each query genome/sequence)
		/beegfs/data/soukkal/TOOLS/mmseqs/bin/mmseqs createdb /beegfs/data/soukkal/StageM2/Control_genomes/genomes/GCA_001014935.1.fna /beegfs/data/soukkal/StageM2/Control_genomes/results/Viral_Homology_results/GCA_001014935.1/run_mmseqs2/GCA_001014935.1_mmseqs2_db
		#Run Mmseqs2 search (BlastX equivalent, homology search between query and db)
		/beegfs/data/soukkal/TOOLS/mmseqs/bin/mmseqs search /beegfs/data/soukkal/StageM2/Control_genomes/results/Viral_Homology_results/GCA_001014935.1/run_mmseqs2/GCA_001014935.1_mmseqs2_db /beegfs/data/soukkal/StageM2/Databases/Refseq_viral_db_nophages_nopolydna_IVSPER /beegfs/data/soukkal/StageM2/Control_genomes/results/Viral_Homology_results/GCA_001014935.1/run_mmseqs2/result_mmseqs2 /beegfs/data/soukkal/StageM2/Control_genomes/results/Viral_Homology_results/GCA_001014935.1/run_mmseqs2/tpm -a -s 7.5 -e 0.01 --threads 10 --remove-tmp-files
		#From the previous step you get one result file per thread, the next step will format the result column and also put together all the results in one file: 
		/beegfs/data/soukkal/TOOLS/mmseqs/bin/mmseqs convertalis --format-output 'query,tlen,target,pident,alnlen,mismatch,gapopen,qstart,qend,tstart,tend,evalue,bits,qaln,tcov' /beegfs/data/soukkal/StageM2/Control_genomes/results/Viral_Homology_results/GCA_001014935.1/run_mmseqs2/GCA_001014935.1_mmseqs2_db /beegfs/data/soukkal/StageM2/Databases/Refseq_viral_db_nophages_nopolydna_IVSPER /beegfs/data/soukkal/StageM2/Control_genomes/results/Viral_Homology_results/GCA_001014935.1/run_mmseqs2/result_mmseqs2 /beegfs/data/soukkal/StageM2/Control_genomes/results/Viral_Homology_results/GCA_001014935.1/run_mmseqs2/result_mmseqs2.m8
		
        (one of the commands exited with non-zero exit code; note that snakemake uses bash strict mode!)
    cluster_jobid: Submitted batch job 3601466

Error executing rule Homology_analysis on cluster (jobid: 5, external: Submitted batch job 3601466, jobscript: /beegfs/data/soukkal/StageM2/Scripts/Homology_search/.snakemake/tmp.6q7ndfn2/snakejob.Homology_analysis.5.sh). For error details see the cluster log and the log files of the involved rule(s).
[Mon Apr  4 10:17:16 2022]
Error in rule Homology_analysis:
    jobid: 33
    output: /beegfs/data/soukkal/StageM2/Control_genomes/results/Viral_Homology_results/GCF_000347755.3/run_mmseqs2/result_mmseqs2.m8
    shell:
        
		#Create a directory where the BlastX results will be written 
		mkdir -p /beegfs/data/soukkal/StageM2/Control_genomes/results/Viral_Homology_results/GCF_000347755.3/run_mmseqs2/
		#Create the query database (for each query genome/sequence)
		/beegfs/data/soukkal/TOOLS/mmseqs/bin/mmseqs createdb /beegfs/data/soukkal/StageM2/Control_genomes/genomes/GCF_000347755.3.fna /beegfs/data/soukkal/StageM2/Control_genomes/results/Viral_Homology_results/GCF_000347755.3/run_mmseqs2/GCF_000347755.3_mmseqs2_db
		#Run Mmseqs2 search (BlastX equivalent, homology search between query and db)
		/beegfs/data/soukkal/TOOLS/mmseqs/bin/mmseqs search /beegfs/data/soukkal/StageM2/Control_genomes/results/Viral_Homology_results/GCF_000347755.3/run_mmseqs2/GCF_000347755.3_mmseqs2_db /beegfs/data/soukkal/StageM2/Databases/Refseq_viral_db_nophages_nopolydna_IVSPER /beegfs/data/soukkal/StageM2/Control_genomes/results/Viral_Homology_results/GCF_000347755.3/run_mmseqs2/result_mmseqs2 /beegfs/data/soukkal/StageM2/Control_genomes/results/Viral_Homology_results/GCF_000347755.3/run_mmseqs2/tpm -a -s 7.5 -e 0.01 --threads 10 --remove-tmp-files
		#From the previous step you get one result file per thread, the next step will format the result column and also put together all the results in one file: 
		/beegfs/data/soukkal/TOOLS/mmseqs/bin/mmseqs convertalis --format-output 'query,tlen,target,pident,alnlen,mismatch,gapopen,qstart,qend,tstart,tend,evalue,bits,qaln,tcov' /beegfs/data/soukkal/StageM2/Control_genomes/results/Viral_Homology_results/GCF_000347755.3/run_mmseqs2/GCF_000347755.3_mmseqs2_db /beegfs/data/soukkal/StageM2/Databases/Refseq_viral_db_nophages_nopolydna_IVSPER /beegfs/data/soukkal/StageM2/Control_genomes/results/Viral_Homology_results/GCF_000347755.3/run_mmseqs2/result_mmseqs2 /beegfs/data/soukkal/StageM2/Control_genomes/results/Viral_Homology_results/GCF_000347755.3/run_mmseqs2/result_mmseqs2.m8
		
        (one of the commands exited with non-zero exit code; note that snakemake uses bash strict mode!)
    cluster_jobid: Submitted batch job 3601468

Error executing rule Homology_analysis on cluster (jobid: 33, external: Submitted batch job 3601468, jobscript: /beegfs/data/soukkal/StageM2/Scripts/Homology_search/.snakemake/tmp.6q7ndfn2/snakejob.Homology_analysis.33.sh). For error details see the cluster log and the log files of the involved rule(s).
[Mon Apr  4 10:17:16 2022]
Error in rule Homology_analysis:
    jobid: 40
    output: /beegfs/data/soukkal/StageM2/Control_genomes/results/Viral_Homology_results/GCF_014805625.1/run_mmseqs2/result_mmseqs2.m8
    shell:
        
		#Create a directory where the BlastX results will be written 
		mkdir -p /beegfs/data/soukkal/StageM2/Control_genomes/results/Viral_Homology_results/GCF_014805625.1/run_mmseqs2/
		#Create the query database (for each query genome/sequence)
		/beegfs/data/soukkal/TOOLS/mmseqs/bin/mmseqs createdb /beegfs/data/soukkal/StageM2/Control_genomes/genomes/GCF_014805625.1.fna /beegfs/data/soukkal/StageM2/Control_genomes/results/Viral_Homology_results/GCF_014805625.1/run_mmseqs2/GCF_014805625.1_mmseqs2_db
		#Run Mmseqs2 search (BlastX equivalent, homology search between query and db)
		/beegfs/data/soukkal/TOOLS/mmseqs/bin/mmseqs search /beegfs/data/soukkal/StageM2/Control_genomes/results/Viral_Homology_results/GCF_014805625.1/run_mmseqs2/GCF_014805625.1_mmseqs2_db /beegfs/data/soukkal/StageM2/Databases/Refseq_viral_db_nophages_nopolydna_IVSPER /beegfs/data/soukkal/StageM2/Control_genomes/results/Viral_Homology_results/GCF_014805625.1/run_mmseqs2/result_mmseqs2 /beegfs/data/soukkal/StageM2/Control_genomes/results/Viral_Homology_results/GCF_014805625.1/run_mmseqs2/tpm -a -s 7.5 -e 0.01 --threads 10 --remove-tmp-files
		#From the previous step you get one result file per thread, the next step will format the result column and also put together all the results in one file: 
		/beegfs/data/soukkal/TOOLS/mmseqs/bin/mmseqs convertalis --format-output 'query,tlen,target,pident,alnlen,mismatch,gapopen,qstart,qend,tstart,tend,evalue,bits,qaln,tcov' /beegfs/data/soukkal/StageM2/Control_genomes/results/Viral_Homology_results/GCF_014805625.1/run_mmseqs2/GCF_014805625.1_mmseqs2_db /beegfs/data/soukkal/StageM2/Databases/Refseq_viral_db_nophages_nopolydna_IVSPER /beegfs/data/soukkal/StageM2/Control_genomes/results/Viral_Homology_results/GCF_014805625.1/run_mmseqs2/result_mmseqs2 /beegfs/data/soukkal/StageM2/Control_genomes/results/Viral_Homology_results/GCF_014805625.1/run_mmseqs2/result_mmseqs2.m8
		
        (one of the commands exited with non-zero exit code; note that snakemake uses bash strict mode!)
    cluster_jobid: Submitted batch job 3601469

Error executing rule Homology_analysis on cluster (jobid: 40, external: Submitted batch job 3601469, jobscript: /beegfs/data/soukkal/StageM2/Scripts/Homology_search/.snakemake/tmp.6q7ndfn2/snakejob.Homology_analysis.40.sh). For error details see the cluster log and the log files of the involved rule(s).
[Mon Apr  4 10:17:27 2022]
Error in rule Homology_analysis:
    jobid: 19
    output: /beegfs/data/soukkal/StageM2/Control_genomes/results/Viral_Homology_results/GCA_019455685.1/run_mmseqs2/result_mmseqs2.m8
    shell:
        
		#Create a directory where the BlastX results will be written 
		mkdir -p /beegfs/data/soukkal/StageM2/Control_genomes/results/Viral_Homology_results/GCA_019455685.1/run_mmseqs2/
		#Create the query database (for each query genome/sequence)
		/beegfs/data/soukkal/TOOLS/mmseqs/bin/mmseqs createdb /beegfs/data/soukkal/StageM2/Control_genomes/genomes/GCA_019455685.1.fna /beegfs/data/soukkal/StageM2/Control_genomes/results/Viral_Homology_results/GCA_019455685.1/run_mmseqs2/GCA_019455685.1_mmseqs2_db
		#Run Mmseqs2 search (BlastX equivalent, homology search between query and db)
		/beegfs/data/soukkal/TOOLS/mmseqs/bin/mmseqs search /beegfs/data/soukkal/StageM2/Control_genomes/results/Viral_Homology_results/GCA_019455685.1/run_mmseqs2/GCA_019455685.1_mmseqs2_db /beegfs/data/soukkal/StageM2/Databases/Refseq_viral_db_nophages_nopolydna_IVSPER /beegfs/data/soukkal/StageM2/Control_genomes/results/Viral_Homology_results/GCA_019455685.1/run_mmseqs2/result_mmseqs2 /beegfs/data/soukkal/StageM2/Control_genomes/results/Viral_Homology_results/GCA_019455685.1/run_mmseqs2/tpm -a -s 7.5 -e 0.01 --threads 10 --remove-tmp-files
		#From the previous step you get one result file per thread, the next step will format the result column and also put together all the results in one file: 
		/beegfs/data/soukkal/TOOLS/mmseqs/bin/mmseqs convertalis --format-output 'query,tlen,target,pident,alnlen,mismatch,gapopen,qstart,qend,tstart,tend,evalue,bits,qaln,tcov' /beegfs/data/soukkal/StageM2/Control_genomes/results/Viral_Homology_results/GCA_019455685.1/run_mmseqs2/GCA_019455685.1_mmseqs2_db /beegfs/data/soukkal/StageM2/Databases/Refseq_viral_db_nophages_nopolydna_IVSPER /beegfs/data/soukkal/StageM2/Control_genomes/results/Viral_Homology_results/GCA_019455685.1/run_mmseqs2/result_mmseqs2 /beegfs/data/soukkal/StageM2/Control_genomes/results/Viral_Homology_results/GCA_019455685.1/run_mmseqs2/result_mmseqs2.m8
		
        (one of the commands exited with non-zero exit code; note that snakemake uses bash strict mode!)
    cluster_jobid: Submitted batch job 3601467

Error executing rule Homology_analysis on cluster (jobid: 19, external: Submitted batch job 3601467, jobscript: /beegfs/data/soukkal/StageM2/Scripts/Homology_search/.snakemake/tmp.6q7ndfn2/snakejob.Homology_analysis.19.sh). For error details see the cluster log and the log files of the involved rule(s).
[Mon Apr  4 10:17:38 2022]
Error in rule Homology_analysis:
    jobid: 12
    output: /beegfs/data/soukkal/StageM2/Control_genomes/results/Viral_Homology_results/GCA_003055125.1/run_mmseqs2/result_mmseqs2.m8
    shell:
        
		#Create a directory where the BlastX results will be written 
		mkdir -p /beegfs/data/soukkal/StageM2/Control_genomes/results/Viral_Homology_results/GCA_003055125.1/run_mmseqs2/
		#Create the query database (for each query genome/sequence)
		/beegfs/data/soukkal/TOOLS/mmseqs/bin/mmseqs createdb /beegfs/data/soukkal/StageM2/Control_genomes/genomes/GCA_003055125.1.fna /beegfs/data/soukkal/StageM2/Control_genomes/results/Viral_Homology_results/GCA_003055125.1/run_mmseqs2/GCA_003055125.1_mmseqs2_db
		#Run Mmseqs2 search (BlastX equivalent, homology search between query and db)
		/beegfs/data/soukkal/TOOLS/mmseqs/bin/mmseqs search /beegfs/data/soukkal/StageM2/Control_genomes/results/Viral_Homology_results/GCA_003055125.1/run_mmseqs2/GCA_003055125.1_mmseqs2_db /beegfs/data/soukkal/StageM2/Databases/Refseq_viral_db_nophages_nopolydna_IVSPER /beegfs/data/soukkal/StageM2/Control_genomes/results/Viral_Homology_results/GCA_003055125.1/run_mmseqs2/result_mmseqs2 /beegfs/data/soukkal/StageM2/Control_genomes/results/Viral_Homology_results/GCA_003055125.1/run_mmseqs2/tpm -a -s 7.5 -e 0.01 --threads 10 --remove-tmp-files
		#From the previous step you get one result file per thread, the next step will format the result column and also put together all the results in one file: 
		/beegfs/data/soukkal/TOOLS/mmseqs/bin/mmseqs convertalis --format-output 'query,tlen,target,pident,alnlen,mismatch,gapopen,qstart,qend,tstart,tend,evalue,bits,qaln,tcov' /beegfs/data/soukkal/StageM2/Control_genomes/results/Viral_Homology_results/GCA_003055125.1/run_mmseqs2/GCA_003055125.1_mmseqs2_db /beegfs/data/soukkal/StageM2/Databases/Refseq_viral_db_nophages_nopolydna_IVSPER /beegfs/data/soukkal/StageM2/Control_genomes/results/Viral_Homology_results/GCA_003055125.1/run_mmseqs2/result_mmseqs2 /beegfs/data/soukkal/StageM2/Control_genomes/results/Viral_Homology_results/GCA_003055125.1/run_mmseqs2/result_mmseqs2.m8
		
        (one of the commands exited with non-zero exit code; note that snakemake uses bash strict mode!)
    cluster_jobid: Submitted batch job 3601470

Error executing rule Homology_analysis on cluster (jobid: 12, external: Submitted batch job 3601470, jobscript: /beegfs/data/soukkal/StageM2/Scripts/Homology_search/.snakemake/tmp.6q7ndfn2/snakejob.Homology_analysis.12.sh). For error details see the cluster log and the log files of the involved rule(s).
[Mon Apr  4 10:17:49 2022]
Error in rule Homology_analysis:
    jobid: 26
    output: /beegfs/data/soukkal/StageM2/Control_genomes/results/Viral_Homology_results/GCA_916048285.2/run_mmseqs2/result_mmseqs2.m8
    shell:
        
		#Create a directory where the BlastX results will be written 
		mkdir -p /beegfs/data/soukkal/StageM2/Control_genomes/results/Viral_Homology_results/GCA_916048285.2/run_mmseqs2/
		#Create the query database (for each query genome/sequence)
		/beegfs/data/soukkal/TOOLS/mmseqs/bin/mmseqs createdb /beegfs/data/soukkal/StageM2/Control_genomes/genomes/GCA_916048285.2.fna /beegfs/data/soukkal/StageM2/Control_genomes/results/Viral_Homology_results/GCA_916048285.2/run_mmseqs2/GCA_916048285.2_mmseqs2_db
		#Run Mmseqs2 search (BlastX equivalent, homology search between query and db)
		/beegfs/data/soukkal/TOOLS/mmseqs/bin/mmseqs search /beegfs/data/soukkal/StageM2/Control_genomes/results/Viral_Homology_results/GCA_916048285.2/run_mmseqs2/GCA_916048285.2_mmseqs2_db /beegfs/data/soukkal/StageM2/Databases/Refseq_viral_db_nophages_nopolydna_IVSPER /beegfs/data/soukkal/StageM2/Control_genomes/results/Viral_Homology_results/GCA_916048285.2/run_mmseqs2/result_mmseqs2 /beegfs/data/soukkal/StageM2/Control_genomes/results/Viral_Homology_results/GCA_916048285.2/run_mmseqs2/tpm -a -s 7.5 -e 0.01 --threads 10 --remove-tmp-files
		#From the previous step you get one result file per thread, the next step will format the result column and also put together all the results in one file: 
		/beegfs/data/soukkal/TOOLS/mmseqs/bin/mmseqs convertalis --format-output 'query,tlen,target,pident,alnlen,mismatch,gapopen,qstart,qend,tstart,tend,evalue,bits,qaln,tcov' /beegfs/data/soukkal/StageM2/Control_genomes/results/Viral_Homology_results/GCA_916048285.2/run_mmseqs2/GCA_916048285.2_mmseqs2_db /beegfs/data/soukkal/StageM2/Databases/Refseq_viral_db_nophages_nopolydna_IVSPER /beegfs/data/soukkal/StageM2/Control_genomes/results/Viral_Homology_results/GCA_916048285.2/run_mmseqs2/result_mmseqs2 /beegfs/data/soukkal/StageM2/Control_genomes/results/Viral_Homology_results/GCA_916048285.2/run_mmseqs2/result_mmseqs2.m8
		
        (one of the commands exited with non-zero exit code; note that snakemake uses bash strict mode!)
    cluster_jobid: Submitted batch job 3601471

Error executing rule Homology_analysis on cluster (jobid: 26, external: Submitted batch job 3601471, jobscript: /beegfs/data/soukkal/StageM2/Scripts/Homology_search/.snakemake/tmp.6q7ndfn2/snakejob.Homology_analysis.26.sh). For error details see the cluster log and the log files of the involved rule(s).
[Mon Apr  4 10:17:49 2022]
Error in rule Homology_analysis:
    jobid: 27
    output: /beegfs/data/soukkal/StageM2/Control_genomes/results/Viral_Homology_results/GCA_916050605.2/run_mmseqs2/result_mmseqs2.m8
    shell:
        
		#Create a directory where the BlastX results will be written 
		mkdir -p /beegfs/data/soukkal/StageM2/Control_genomes/results/Viral_Homology_results/GCA_916050605.2/run_mmseqs2/
		#Create the query database (for each query genome/sequence)
		/beegfs/data/soukkal/TOOLS/mmseqs/bin/mmseqs createdb /beegfs/data/soukkal/StageM2/Control_genomes/genomes/GCA_916050605.2.fna /beegfs/data/soukkal/StageM2/Control_genomes/results/Viral_Homology_results/GCA_916050605.2/run_mmseqs2/GCA_916050605.2_mmseqs2_db
		#Run Mmseqs2 search (BlastX equivalent, homology search between query and db)
		/beegfs/data/soukkal/TOOLS/mmseqs/bin/mmseqs search /beegfs/data/soukkal/StageM2/Control_genomes/results/Viral_Homology_results/GCA_916050605.2/run_mmseqs2/GCA_916050605.2_mmseqs2_db /beegfs/data/soukkal/StageM2/Databases/Refseq_viral_db_nophages_nopolydna_IVSPER /beegfs/data/soukkal/StageM2/Control_genomes/results/Viral_Homology_results/GCA_916050605.2/run_mmseqs2/result_mmseqs2 /beegfs/data/soukkal/StageM2/Control_genomes/results/Viral_Homology_results/GCA_916050605.2/run_mmseqs2/tpm -a -s 7.5 -e 0.01 --threads 10 --remove-tmp-files
		#From the previous step you get one result file per thread, the next step will format the result column and also put together all the results in one file: 
		/beegfs/data/soukkal/TOOLS/mmseqs/bin/mmseqs convertalis --format-output 'query,tlen,target,pident,alnlen,mismatch,gapopen,qstart,qend,tstart,tend,evalue,bits,qaln,tcov' /beegfs/data/soukkal/StageM2/Control_genomes/results/Viral_Homology_results/GCA_916050605.2/run_mmseqs2/GCA_916050605.2_mmseqs2_db /beegfs/data/soukkal/StageM2/Databases/Refseq_viral_db_nophages_nopolydna_IVSPER /beegfs/data/soukkal/StageM2/Control_genomes/results/Viral_Homology_results/GCA_916050605.2/run_mmseqs2/result_mmseqs2 /beegfs/data/soukkal/StageM2/Control_genomes/results/Viral_Homology_results/GCA_916050605.2/run_mmseqs2/result_mmseqs2.m8
		
        (one of the commands exited with non-zero exit code; note that snakemake uses bash strict mode!)
    cluster_jobid: Submitted batch job 3601472

Error executing rule Homology_analysis on cluster (jobid: 27, external: Submitted batch job 3601472, jobscript: /beegfs/data/soukkal/StageM2/Scripts/Homology_search/.snakemake/tmp.6q7ndfn2/snakejob.Homology_analysis.27.sh). For error details see the cluster log and the log files of the involved rule(s).
[Mon Apr  4 10:18:22 2022]
Error in rule Homology_analysis:
    jobid: 41
    output: /beegfs/data/soukkal/StageM2/Control_genomes/results/Viral_Homology_results/GCF_016617805.1/run_mmseqs2/result_mmseqs2.m8
    shell:
        
		#Create a directory where the BlastX results will be written 
		mkdir -p /beegfs/data/soukkal/StageM2/Control_genomes/results/Viral_Homology_results/GCF_016617805.1/run_mmseqs2/
		#Create the query database (for each query genome/sequence)
		/beegfs/data/soukkal/TOOLS/mmseqs/bin/mmseqs createdb /beegfs/data/soukkal/StageM2/Control_genomes/genomes/GCF_016617805.1.fna /beegfs/data/soukkal/StageM2/Control_genomes/results/Viral_Homology_results/GCF_016617805.1/run_mmseqs2/GCF_016617805.1_mmseqs2_db
		#Run Mmseqs2 search (BlastX equivalent, homology search between query and db)
		/beegfs/data/soukkal/TOOLS/mmseqs/bin/mmseqs search /beegfs/data/soukkal/StageM2/Control_genomes/results/Viral_Homology_results/GCF_016617805.1/run_mmseqs2/GCF_016617805.1_mmseqs2_db /beegfs/data/soukkal/StageM2/Databases/Refseq_viral_db_nophages_nopolydna_IVSPER /beegfs/data/soukkal/StageM2/Control_genomes/results/Viral_Homology_results/GCF_016617805.1/run_mmseqs2/result_mmseqs2 /beegfs/data/soukkal/StageM2/Control_genomes/results/Viral_Homology_results/GCF_016617805.1/run_mmseqs2/tpm -a -s 7.5 -e 0.01 --threads 10 --remove-tmp-files
		#From the previous step you get one result file per thread, the next step will format the result column and also put together all the results in one file: 
		/beegfs/data/soukkal/TOOLS/mmseqs/bin/mmseqs convertalis --format-output 'query,tlen,target,pident,alnlen,mismatch,gapopen,qstart,qend,tstart,tend,evalue,bits,qaln,tcov' /beegfs/data/soukkal/StageM2/Control_genomes/results/Viral_Homology_results/GCF_016617805.1/run_mmseqs2/GCF_016617805.1_mmseqs2_db /beegfs/data/soukkal/StageM2/Databases/Refseq_viral_db_nophages_nopolydna_IVSPER /beegfs/data/soukkal/StageM2/Control_genomes/results/Viral_Homology_results/GCF_016617805.1/run_mmseqs2/result_mmseqs2 /beegfs/data/soukkal/StageM2/Control_genomes/results/Viral_Homology_results/GCF_016617805.1/run_mmseqs2/result_mmseqs2.m8
		
        (one of the commands exited with non-zero exit code; note that snakemake uses bash strict mode!)
    cluster_jobid: Submitted batch job 3601473

Error executing rule Homology_analysis on cluster (jobid: 41, external: Submitted batch job 3601473, jobscript: /beegfs/data/soukkal/StageM2/Scripts/Homology_search/.snakemake/tmp.6q7ndfn2/snakejob.Homology_analysis.41.sh). For error details see the cluster log and the log files of the involved rule(s).
[Mon Apr  4 11:52:34 2022]
Finished job 14.
1 of 161 steps (0.62%) done
[Mon Apr  4 12:17:10 2022]
Finished job 34.
2 of 161 steps (1%) done
[Mon Apr  4 12:32:02 2022]
Finished job 6.
3 of 161 steps (2%) done
[Mon Apr  4 13:50:02 2022]
Finished job 28.
4 of 161 steps (2%) done
