Building DAG of jobs...
MissingInputException in line 21 of /beegfs/data/soukkal/StageM2/Scripts/Homology_search/Snakemake_viral_homology_Control:
Missing input files for rule all:
/beegfs/data/soukkal/StageM2/Control_genomes/results/Viral_Homology_results/GCA_916050605.2/run_mmseqs2/result_mmseqs2_summary_V.m8
/beegfs/data/soukkal/StageM2/Control_genomes/results/Viral_Homology_results/GCF_000001215.4/run_mmseqs2/result_mmseqs2_summary_V.m8
/beegfs/data/soukkal/StageM2/Control_genomes/results/Viral_Homology_results/GCA_001735545.1/run_mmseqs2/result_mmseqs2_summary_V.m8
/beegfs/data/soukkal/StageM2/Control_genomes/results/Viral_Homology_results/GCA_914767935.1/run_mmseqs2/result_mmseqs2_summary_V.m8
/beegfs/data/soukkal/StageM2/Control_genomes/results/Viral_Homology_results/GCA_920104205.1/run_mmseqs2/result_mmseqs2_summary_V.m8
/beegfs/data/soukkal/StageM2/Control_genomes/results/Viral_Homology_results/GCA_005959815.1/run_mmseqs2/result_mmseqs2_summary_V.m8
/beegfs/data/soukkal/StageM2/Control_genomes/results/Viral_Homology_results/GCA_001014415.1/run_mmseqs2/result_mmseqs2_summary_V.m8
/beegfs/data/soukkal/StageM2/Control_genomes/results/Viral_Homology_results/GCA_019455685.1/run_mmseqs2/result_mmseqs2_summary_V.m8
/beegfs/data/soukkal/StageM2/Control_genomes/results/Viral_Homology_results/GCF_013340165.1/run_mmseqs2/result_mmseqs2_summary_V.m8
/beegfs/data/soukkal/StageM2/Control_genomes/results/Viral_Homology_results/GCA_001015175.1/run_mmseqs2/result_mmseqs2_summary_V.m8
/beegfs/data/soukkal/StageM2/Control_genomes/results/Viral_Homology_results/GCF_016617805.1/run_mmseqs2/result_mmseqs2_summary_V.m8
/beegfs/data/soukkal/StageM2/Control_genomes/results/Viral_Homology_results/GCA_017309665.1/run_mmseqs2/result_mmseqs2_summary_V.m8
/beegfs/data/soukkal/StageM2/Control_genomes/results/Viral_Homology_results/GCA_001015115.1/run_mmseqs2/result_mmseqs2_summary_V.m8
/beegfs/data/soukkal/StageM2/Control_genomes/results/Viral_Homology_results/GCA_003123925.1/run_mmseqs2/result_mmseqs2_summary_V.m8
/beegfs/data/soukkal/StageM2/Control_genomes/results/Viral_Homology_results/GCA_001014935.1/run_mmseqs2/result_mmseqs2_summary_V.m8
/beegfs/data/soukkal/StageM2/Control_genomes/results/Viral_Homology_results/GCA_001014575.1/run_mmseqs2/result_mmseqs2_summary_V.m8
/beegfs/data/soukkal/StageM2/Control_genomes/results/Viral_Homology_results/GCA_004302925.1/run_mmseqs2/result_mmseqs2_summary_V.m8
/beegfs/data/soukkal/StageM2/Control_genomes/results/Viral_Homology_results/GCA_001014675.1/run_mmseqs2/result_mmseqs2_summary_V.m8
/beegfs/data/soukkal/StageM2/Control_genomes/results/Viral_Homology_results/GCF_002237135.1/run_mmseqs2/result_mmseqs2_summary_V.m8
/beegfs/data/soukkal/StageM2/Control_genomes/results/Viral_Homology_results/GCA_003055125.1/run_mmseqs2/result_mmseqs2_summary_V.m8
/beegfs/data/soukkal/StageM2/Control_genomes/results/Viral_Homology_results/GCF_013731165.1/run_mmseqs2/result_mmseqs2_summary_V.m8
/beegfs/data/soukkal/StageM2/Control_genomes/results/Viral_Homology_results/GCA_001017515.1/run_mmseqs2/result_mmseqs2_summary_V.m8
/beegfs/data/soukkal/StageM2/Control_genomes/results/Viral_Homology_results/GCF_014805625.1/run_mmseqs2/result_mmseqs2_summary_V.m8
/beegfs/data/soukkal/StageM2/Control_genomes/results/Viral_Homology_results/GCA_020466095.1/run_mmseqs2/result_mmseqs2_summary_V.m8
/beegfs/data/soukkal/StageM2/Control_genomes/results/Viral_Homology_results/GCF_001015335.1/run_mmseqs2/result_mmseqs2_summary_V.m8
/beegfs/data/soukkal/StageM2/Control_genomes/results/Viral_Homology_results/GCA_001017275.1/run_mmseqs2/result_mmseqs2_summary_V.m8
/beegfs/data/soukkal/StageM2/Control_genomes/results/Viral_Homology_results/GCA_916048285.2/run_mmseqs2/result_mmseqs2_summary_V.m8
/beegfs/data/soukkal/StageM2/Control_genomes/results/Viral_Homology_results/GCA_920105625.1/run_mmseqs2/result_mmseqs2_summary_V.m8
/beegfs/data/soukkal/StageM2/Control_genomes/results/Viral_Homology_results/GCA_003952975.1/run_mmseqs2/result_mmseqs2_summary_V.m8
/beegfs/data/soukkal/StageM2/Control_genomes/results/Viral_Homology_results/GCA_001015075.1/run_mmseqs2/result_mmseqs2_summary_V.m8
/beegfs/data/soukkal/StageM2/Control_genomes/results/Viral_Homology_results/GCF_000699065.1/run_mmseqs2/result_mmseqs2_summary_V.m8
/beegfs/data/soukkal/StageM2/Control_genomes/results/Viral_Homology_results/GCA_922984085.1/run_mmseqs2/result_mmseqs2_summary_V.m8
/beegfs/data/soukkal/StageM2/Control_genomes/results/Viral_Homology_results/GCA_907269105.1/run_mmseqs2/result_mmseqs2_summary_V.m8
/beegfs/data/soukkal/StageM2/Control_genomes/results/Viral_Homology_results/GCA_021234595.1/run_mmseqs2/result_mmseqs2_summary_V.m8
/beegfs/data/soukkal/StageM2/Control_genomes/results/Viral_Homology_results/GCF_009650485.1/run_mmseqs2/result_mmseqs2_summary_V.m8
/beegfs/data/soukkal/StageM2/Control_genomes/results/Viral_Homology_results/GCA_014858695.1/run_mmseqs2/result_mmseqs2_summary_V.m8
/beegfs/data/soukkal/StageM2/Control_genomes/results/Viral_Homology_results/GCA_905231855.2/run_mmseqs2/result_mmseqs2_summary_V.m8
/beegfs/data/soukkal/StageM2/Control_genomes/results/Viral_Homology_results/GCA_914767635.1/run_mmseqs2/result_mmseqs2_summary_V.m8
/beegfs/data/soukkal/StageM2/Control_genomes/results/Viral_Homology_results/GCA_917880715.2/run_mmseqs2/result_mmseqs2_summary_V.m8
/beegfs/data/soukkal/StageM2/Control_genomes/results/Viral_Homology_results/GCF_000347755.3/run_mmseqs2/result_mmseqs2_summary_V.m8
