Building DAG of jobs...
Using shell: /usr/bin/bash
Provided cluster nodes: 200
Job counts:
	count	jobs
	37	Translate_loci
	39

[Wed Apr  6 19:11:05 2022]
rule Translate_loci:
    input: /beegfs/data/soukkal/StageM2/Tachinids_genomes/results/Viral_Homology_results/siphosturmia_wood02/Fasta_viral_loci1.fna
    output: /beegfs/data/soukkal/StageM2/Tachinids_genomes/results/Viral_Homology_results/siphosturmia_wood02/Fasta_viral_loci.faa
    jobid: 146
    wildcards: Genome_ID=siphosturmia_wood02

Submitted job 146 with external jobid 'Submitted batch job 3616720'.

[Wed Apr  6 19:11:05 2022]
rule Translate_loci:
    input: /beegfs/data/soukkal/StageM2/Tachinids_genomes/results/Viral_Homology_results/jurinella_wood01/Fasta_viral_loci1.fna
    output: /beegfs/data/soukkal/StageM2/Tachinids_genomes/results/Viral_Homology_results/jurinella_wood01/Fasta_viral_loci.faa
    jobid: 132
    wildcards: Genome_ID=jurinella_wood01

Submitted job 132 with external jobid 'Submitted batch job 3616721'.

[Wed Apr  6 19:11:05 2022]
rule Translate_loci:
    input: /beegfs/data/soukkal/StageM2/Tachinids_genomes/results/Viral_Homology_results/genea_wood03dhj01/Fasta_viral_loci1.fna
    output: /beegfs/data/soukkal/StageM2/Tachinids_genomes/results/Viral_Homology_results/genea_wood03dhj01/Fasta_viral_loci.faa
    jobid: 118
    wildcards: Genome_ID=genea_wood03dhj01

Submitted job 118 with external jobid 'Submitted batch job 3616722'.

[Wed Apr  6 19:11:05 2022]
rule Translate_loci:
    input: /beegfs/data/soukkal/StageM2/Tachinids_genomes/results/Viral_Homology_results/lixophaga_wood06/Fasta_viral_loci1.fna
    output: /beegfs/data/soukkal/StageM2/Tachinids_genomes/results/Viral_Homology_results/lixophaga_wood06/Fasta_viral_loci.faa
    jobid: 140
    wildcards: Genome_ID=lixophaga_wood06

Submitted job 140 with external jobid 'Submitted batch job 3616723'.

[Wed Apr  6 19:11:05 2022]
rule Translate_loci:
    input: /beegfs/data/soukkal/StageM2/Tachinids_genomes/results/Viral_Homology_results/houghia_pallida/Fasta_viral_loci1.fna
    output: /beegfs/data/soukkal/StageM2/Tachinids_genomes/results/Viral_Homology_results/houghia_pallida/Fasta_viral_loci.faa
    jobid: 126
    wildcards: Genome_ID=houghia_pallida

Submitted job 126 with external jobid 'Submitted batch job 3616724'.

[Wed Apr  6 19:11:05 2022]
rule Translate_loci:
    input: /beegfs/data/soukkal/StageM2/Tachinids_genomes/results/Viral_Homology_results/argyrophylax_albincisadhj04/Fasta_viral_loci1.fna
    output: /beegfs/data/soukkal/StageM2/Tachinids_genomes/results/Viral_Homology_results/argyrophylax_albincisadhj04/Fasta_viral_loci.faa
    jobid: 119
    wildcards: Genome_ID=argyrophylax_albincisadhj04

Submitted job 119 with external jobid 'Submitted batch job 3616725'.

[Wed Apr  6 19:11:05 2022]
rule Translate_loci:
    input: /beegfs/data/soukkal/StageM2/Tachinids_genomes/results/Viral_Homology_results/calolydella_timjamesi/Fasta_viral_loci1.fna
    output: /beegfs/data/soukkal/StageM2/Tachinids_genomes/results/Viral_Homology_results/calolydella_timjamesi/Fasta_viral_loci.faa
    jobid: 133
    wildcards: Genome_ID=calolydella_timjamesi

Submitted job 133 with external jobid 'Submitted batch job 3616726'.

[Wed Apr  6 19:11:05 2022]
rule Translate_loci:
    input: /beegfs/data/soukkal/StageM2/Tachinids_genomes/results/Viral_Homology_results/cordyligaster_capellii/Fasta_viral_loci1.fna
    output: /beegfs/data/soukkal/StageM2/Tachinids_genomes/results/Viral_Homology_results/cordyligaster_capellii/Fasta_viral_loci.faa
    jobid: 147
    wildcards: Genome_ID=cordyligaster_capellii

Submitted job 147 with external jobid 'Submitted batch job 3616727'.

[Wed Apr  6 19:11:05 2022]
rule Translate_loci:
    input: /beegfs/data/soukkal/StageM2/Tachinids_genomes/results/Viral_Homology_results/aplomyopsis_wood01/Fasta_viral_loci1.fna
    output: /beegfs/data/soukkal/StageM2/Tachinids_genomes/results/Viral_Homology_results/aplomyopsis_wood01/Fasta_viral_loci.faa
    jobid: 113
    wildcards: Genome_ID=aplomyopsis_wood01

Submitted job 113 with external jobid 'Submitted batch job 3616728'.

[Wed Apr  6 19:11:05 2022]
rule Translate_loci:
    input: /beegfs/data/soukkal/StageM2/Tachinids_genomes/results/Viral_Homology_results/belvosia_woodley07g/Fasta_viral_loci1.fna
    output: /beegfs/data/soukkal/StageM2/Tachinids_genomes/results/Viral_Homology_results/belvosia_woodley07g/Fasta_viral_loci.faa
    jobid: 127
    wildcards: Genome_ID=belvosia_woodley07g

Submitted job 127 with external jobid 'Submitted batch job 3616729'.

[Wed Apr  6 19:11:05 2022]
rule Translate_loci:
    input: /beegfs/data/soukkal/StageM2/Tachinids_genomes/results/Viral_Homology_results/chrysoexorista_wood04/Fasta_viral_loci1.fna
    output: /beegfs/data/soukkal/StageM2/Tachinids_genomes/results/Viral_Homology_results/chrysoexorista_wood04/Fasta_viral_loci.faa
    jobid: 141
    wildcards: Genome_ID=chrysoexorista_wood04

Submitted job 141 with external jobid 'Submitted batch job 3616730'.

[Wed Apr  6 19:11:05 2022]
rule Translate_loci:
    input: /beegfs/data/soukkal/StageM2/Tachinids_genomes/results/Viral_Homology_results/houghia_bivittata/Fasta_viral_loci1.fna
    output: /beegfs/data/soukkal/StageM2/Tachinids_genomes/results/Viral_Homology_results/houghia_bivittata/Fasta_viral_loci.faa
    jobid: 120
    wildcards: Genome_ID=houghia_bivittata

Submitted job 120 with external jobid 'Submitted batch job 3616731'.

[Wed Apr  6 19:11:05 2022]
rule Translate_loci:
    input: /beegfs/data/soukkal/StageM2/Tachinids_genomes/results/Viral_Homology_results/leschenaultia_wood15/Fasta_viral_loci1.fna
    output: /beegfs/data/soukkal/StageM2/Tachinids_genomes/results/Viral_Homology_results/leschenaultia_wood15/Fasta_viral_loci.faa
    jobid: 134
    wildcards: Genome_ID=leschenaultia_wood15

Submitted job 134 with external jobid 'Submitted batch job 3616732'.

[Wed Apr  6 19:11:05 2022]
rule Translate_loci:
    input: /beegfs/data/soukkal/StageM2/Tachinids_genomes/results/Viral_Homology_results/zizyphomyia_argutadhj02/Fasta_viral_loci1.fna
    output: /beegfs/data/soukkal/StageM2/Tachinids_genomes/results/Viral_Homology_results/zizyphomyia_argutadhj02/Fasta_viral_loci.faa
    jobid: 148
    wildcards: Genome_ID=zizyphomyia_argutadhj02

Submitted job 148 with external jobid 'Submitted batch job 3616733'.

[Wed Apr  6 19:11:05 2022]
rule Translate_loci:
    input: /beegfs/data/soukkal/StageM2/Tachinids_genomes/results/Viral_Homology_results/drino_wood06dhj05/Fasta_viral_loci1.fna
    output: /beegfs/data/soukkal/StageM2/Tachinids_genomes/results/Viral_Homology_results/drino_wood06dhj05/Fasta_viral_loci.faa
    jobid: 114
    wildcards: Genome_ID=drino_wood06dhj05

Submitted job 114 with external jobid 'Submitted batch job 3616734'.

[Wed Apr  6 19:11:06 2022]
rule Translate_loci:
    input: /beegfs/data/soukkal/StageM2/Tachinids_genomes/results/Viral_Homology_results/hyphantrophaga_virilis/Fasta_viral_loci1.fna
    output: /beegfs/data/soukkal/StageM2/Tachinids_genomes/results/Viral_Homology_results/hyphantrophaga_virilis/Fasta_viral_loci.faa
    jobid: 128
    wildcards: Genome_ID=hyphantrophaga_virilis

Submitted job 128 with external jobid 'Submitted batch job 3616735'.

[Wed Apr  6 19:11:06 2022]
rule Translate_loci:
    input: /beegfs/data/soukkal/StageM2/Tachinids_genomes/results/Viral_Homology_results/lixophaga_wood09/Fasta_viral_loci1.fna
    output: /beegfs/data/soukkal/StageM2/Tachinids_genomes/results/Viral_Homology_results/lixophaga_wood09/Fasta_viral_loci.faa
    jobid: 142
    wildcards: Genome_ID=lixophaga_wood09

Submitted job 142 with external jobid 'Submitted batch job 3616736'.

[Wed Apr  6 19:11:06 2022]
rule Translate_loci:
    input: /beegfs/data/soukkal/StageM2/Tachinids_genomes/results/Viral_Homology_results/campylocheta_wood03/Fasta_viral_loci1.fna
    output: /beegfs/data/soukkal/StageM2/Tachinids_genomes/results/Viral_Homology_results/campylocheta_wood03/Fasta_viral_loci.faa
    jobid: 135
    wildcards: Genome_ID=campylocheta_wood03

Submitted job 135 with external jobid 'Submitted batch job 3616737'.

[Wed Apr  6 19:11:06 2022]
rule Translate_loci:
    input: /beegfs/data/soukkal/StageM2/Tachinids_genomes/results/Viral_Homology_results/argyrophylax_wood05/Fasta_viral_loci1.fna
    output: /beegfs/data/soukkal/StageM2/Tachinids_genomes/results/Viral_Homology_results/argyrophylax_wood05/Fasta_viral_loci.faa
    jobid: 121
    wildcards: Genome_ID=argyrophylax_wood05

Submitted job 121 with external jobid 'Submitted batch job 3616738'.

[Wed Apr  6 19:11:06 2022]
rule Translate_loci:
    input: /beegfs/data/soukkal/StageM2/Tachinids_genomes/results/Viral_Homology_results/drino_wood06dhj01/Fasta_viral_loci1.fna
    output: /beegfs/data/soukkal/StageM2/Tachinids_genomes/results/Viral_Homology_results/drino_wood06dhj01/Fasta_viral_loci.faa
    jobid: 149
    wildcards: Genome_ID=drino_wood06dhj01

Submitted job 149 with external jobid 'Submitted batch job 3616739'.

[Wed Apr  6 19:11:06 2022]
rule Translate_loci:
    input: /beegfs/data/soukkal/StageM2/Tachinids_genomes/results/Viral_Homology_results/archytas_wood02/Fasta_viral_loci1.fna
    output: /beegfs/data/soukkal/StageM2/Tachinids_genomes/results/Viral_Homology_results/archytas_wood02/Fasta_viral_loci.faa
    jobid: 115
    wildcards: Genome_ID=archytas_wood02

Submitted job 115 with external jobid 'Submitted batch job 3616740'.

[Wed Apr  6 19:11:06 2022]
rule Translate_loci:
    input: /beegfs/data/soukkal/StageM2/Tachinids_genomes/results/Viral_Homology_results/belvosia_woodley10/Fasta_viral_loci1.fna
    output: /beegfs/data/soukkal/StageM2/Tachinids_genomes/results/Viral_Homology_results/belvosia_woodley10/Fasta_viral_loci.faa
    jobid: 129
    wildcards: Genome_ID=belvosia_woodley10

Submitted job 129 with external jobid 'Submitted batch job 3616741'.

[Wed Apr  6 19:11:06 2022]
rule Translate_loci:
    input: /beegfs/data/soukkal/StageM2/Tachinids_genomes/results/Viral_Homology_results/chrysotachina_wood01/Fasta_viral_loci1.fna
    output: /beegfs/data/soukkal/StageM2/Tachinids_genomes/results/Viral_Homology_results/chrysotachina_wood01/Fasta_viral_loci.faa
    jobid: 143
    wildcards: Genome_ID=chrysotachina_wood01

Submitted job 143 with external jobid 'Submitted batch job 3616742'.

[Wed Apr  6 19:11:06 2022]
rule Translate_loci:
    input: /beegfs/data/soukkal/StageM2/Tachinids_genomes/results/Viral_Homology_results/houghia_brevipilosa/Fasta_viral_loci1.fna
    output: /beegfs/data/soukkal/StageM2/Tachinids_genomes/results/Viral_Homology_results/houghia_brevipilosa/Fasta_viral_loci.faa
    jobid: 122
    wildcards: Genome_ID=houghia_brevipilosa

Submitted job 122 with external jobid 'Submitted batch job 3616743'.

[Wed Apr  6 19:11:06 2022]
rule Translate_loci:
    input: /beegfs/data/soukkal/StageM2/Tachinids_genomes/results/Viral_Homology_results/leskia_janzen27/Fasta_viral_loci1.fna
    output: /beegfs/data/soukkal/StageM2/Tachinids_genomes/results/Viral_Homology_results/leskia_janzen27/Fasta_viral_loci.faa
    jobid: 136
    wildcards: Genome_ID=leskia_janzen27

Submitted job 136 with external jobid 'Submitted batch job 3616744'.

[Wed Apr  6 19:11:06 2022]
rule Translate_loci:
    input: /beegfs/data/soukkal/StageM2/Tachinids_genomes/results/Viral_Homology_results/austrophorocera_wood05/Fasta_viral_loci1.fna
    output: /beegfs/data/soukkal/StageM2/Tachinids_genomes/results/Viral_Homology_results/austrophorocera_wood05/Fasta_viral_loci.faa
    jobid: 125
    wildcards: Genome_ID=austrophorocera_wood05

Submitted job 125 with external jobid 'Submitted batch job 3616745'.

[Wed Apr  6 19:11:06 2022]
rule Translate_loci:
    input: /beegfs/data/soukkal/StageM2/Tachinids_genomes/results/Viral_Homology_results/genea_wood01/Fasta_viral_loci1.fna
    output: /beegfs/data/soukkal/StageM2/Tachinids_genomes/results/Viral_Homology_results/genea_wood01/Fasta_viral_loci.faa
    jobid: 116
    wildcards: Genome_ID=genea_wood01

Submitted job 116 with external jobid 'Submitted batch job 3616746'.

[Wed Apr  6 19:11:06 2022]
rule Translate_loci:
    input: /beegfs/data/soukkal/StageM2/Tachinids_genomes/results/Viral_Homology_results/hyphantrophaga_wood11/Fasta_viral_loci1.fna
    output: /beegfs/data/soukkal/StageM2/Tachinids_genomes/results/Viral_Homology_results/hyphantrophaga_wood11/Fasta_viral_loci.faa
    jobid: 130
    wildcards: Genome_ID=hyphantrophaga_wood11

Submitted job 130 with external jobid 'Submitted batch job 3616747'.

[Wed Apr  6 19:11:06 2022]
rule Translate_loci:
    input: /beegfs/data/soukkal/StageM2/Tachinids_genomes/results/Viral_Homology_results/siphosturmia_rafaelidhj03/Fasta_viral_loci1.fna
    output: /beegfs/data/soukkal/StageM2/Tachinids_genomes/results/Viral_Homology_results/siphosturmia_rafaelidhj03/Fasta_viral_loci.faa
    jobid: 144
    wildcards: Genome_ID=siphosturmia_rafaelidhj03

Submitted job 144 with external jobid 'Submitted batch job 3616748'.

[Wed Apr  6 19:11:06 2022]
rule Translate_loci:
    input: /beegfs/data/soukkal/StageM2/Tachinids_genomes/results/Viral_Homology_results/atacta_brasiliensisdhj01/Fasta_viral_loci1.fna
    output: /beegfs/data/soukkal/StageM2/Tachinids_genomes/results/Viral_Homology_results/atacta_brasiliensisdhj01/Fasta_viral_loci.faa
    jobid: 123
    wildcards: Genome_ID=atacta_brasiliensisdhj01

Submitted job 123 with external jobid 'Submitted batch job 3616749'.

[Wed Apr  6 19:11:06 2022]
rule Translate_loci:
    input: /beegfs/data/soukkal/StageM2/Tachinids_genomes/results/Viral_Homology_results/chetogena_scutellarisdhj01/Fasta_viral_loci1.fna
    output: /beegfs/data/soukkal/StageM2/Tachinids_genomes/results/Viral_Homology_results/chetogena_scutellarisdhj01/Fasta_viral_loci.faa
    jobid: 137
    wildcards: Genome_ID=chetogena_scutellarisdhj01

Submitted job 137 with external jobid 'Submitted batch job 3616750'.

[Wed Apr  6 19:11:06 2022]
rule Translate_loci:
    input: /beegfs/data/soukkal/StageM2/Tachinids_genomes/results/Viral_Homology_results/argyrochaetona_cubanadhj02/Fasta_viral_loci1.fna
    output: /beegfs/data/soukkal/StageM2/Tachinids_genomes/results/Viral_Homology_results/argyrochaetona_cubanadhj02/Fasta_viral_loci.faa
    jobid: 117
    wildcards: Genome_ID=argyrochaetona_cubanadhj02

Submitted job 117 with external jobid 'Submitted batch job 3616751'.

[Wed Apr  6 19:11:06 2022]
rule Translate_loci:
    input: /beegfs/data/soukkal/StageM2/Tachinids_genomes/results/Viral_Homology_results/calolydella_erasmocoronadoi/Fasta_viral_loci1.fna
    output: /beegfs/data/soukkal/StageM2/Tachinids_genomes/results/Viral_Homology_results/calolydella_erasmocoronadoi/Fasta_viral_loci.faa
    jobid: 131
    wildcards: Genome_ID=calolydella_erasmocoronadoi

Submitted job 131 with external jobid 'Submitted batch job 3616752'.

[Wed Apr  6 19:11:06 2022]
rule Translate_loci:
    input: /beegfs/data/soukkal/StageM2/Tachinids_genomes/results/Viral_Homology_results/chrysotachina_wood02dhj02/Fasta_viral_loci1.fna
    output: /beegfs/data/soukkal/StageM2/Tachinids_genomes/results/Viral_Homology_results/chrysotachina_wood02dhj02/Fasta_viral_loci.faa
    jobid: 145
    wildcards: Genome_ID=chrysotachina_wood02dhj02

Submitted job 145 with external jobid 'Submitted batch job 3616753'.

[Wed Apr  6 19:11:06 2022]
rule Translate_loci:
    input: /beegfs/data/soukkal/StageM2/Tachinids_genomes/results/Viral_Homology_results/houghia_graciloides/Fasta_viral_loci1.fna
    output: /beegfs/data/soukkal/StageM2/Tachinids_genomes/results/Viral_Homology_results/houghia_graciloides/Fasta_viral_loci.faa
    jobid: 124
    wildcards: Genome_ID=houghia_graciloides

Submitted job 124 with external jobid 'Submitted batch job 3616754'.

[Wed Apr  6 19:11:06 2022]
rule Translate_loci:
    input: /beegfs/data/soukkal/StageM2/Tachinids_genomes/results/Viral_Homology_results/leskia_wood01dhj03/Fasta_viral_loci1.fna
    output: /beegfs/data/soukkal/StageM2/Tachinids_genomes/results/Viral_Homology_results/leskia_wood01dhj03/Fasta_viral_loci.faa
    jobid: 138
    wildcards: Genome_ID=leskia_wood01dhj03

Submitted job 138 with external jobid 'Submitted batch job 3616755'.

[Wed Apr  6 19:11:07 2022]
rule Translate_loci:
    input: /beegfs/data/soukkal/StageM2/Tachinids_genomes/results/Viral_Homology_results/chrysoexorista_wood01dhj02/Fasta_viral_loci1.fna
    output: /beegfs/data/soukkal/StageM2/Tachinids_genomes/results/Viral_Homology_results/chrysoexorista_wood01dhj02/Fasta_viral_loci.faa
    jobid: 139
    wildcards: Genome_ID=chrysoexorista_wood01dhj02

Submitted job 139 with external jobid 'Submitted batch job 3616756'.
[Wed Apr  6 19:11:28 2022]
Finished job 146.
1 of 39 steps (3%) done
[Wed Apr  6 19:11:28 2022]
Finished job 132.
2 of 39 steps (5%) done
[Wed Apr  6 19:11:28 2022]
Finished job 118.
3 of 39 steps (8%) done
[Wed Apr  6 19:11:28 2022]
Finished job 140.
4 of 39 steps (10%) done
[Wed Apr  6 19:11:28 2022]
Finished job 126.
5 of 39 steps (13%) done
[Wed Apr  6 19:11:28 2022]
Finished job 119.
6 of 39 steps (15%) done
[Wed Apr  6 19:11:28 2022]
Finished job 133.
7 of 39 steps (18%) done
[Wed Apr  6 19:11:28 2022]
Finished job 147.
8 of 39 steps (21%) done
[Wed Apr  6 19:11:28 2022]
Finished job 113.
9 of 39 steps (23%) done
[Wed Apr  6 19:11:28 2022]
Finished job 127.
10 of 39 steps (26%) done
[Wed Apr  6 19:11:29 2022]
Finished job 141.
11 of 39 steps (28%) done
[Wed Apr  6 19:11:29 2022]
Finished job 120.
12 of 39 steps (31%) done
[Wed Apr  6 19:11:41 2022]
Finished job 134.
13 of 39 steps (33%) done
[Wed Apr  6 19:11:41 2022]
Finished job 148.
14 of 39 steps (36%) done
[Wed Apr  6 19:11:41 2022]
Finished job 114.
15 of 39 steps (38%) done
[Wed Apr  6 19:11:41 2022]
Finished job 128.
16 of 39 steps (41%) done
[Wed Apr  6 19:11:41 2022]
Finished job 142.
17 of 39 steps (44%) done
[Wed Apr  6 19:11:41 2022]
Finished job 135.
18 of 39 steps (46%) done
[Wed Apr  6 19:11:41 2022]
Finished job 121.
19 of 39 steps (49%) done
[Wed Apr  6 19:11:41 2022]
Finished job 149.
20 of 39 steps (51%) done
[Wed Apr  6 19:11:41 2022]
Finished job 115.
21 of 39 steps (54%) done
[Wed Apr  6 19:11:41 2022]
Finished job 129.
22 of 39 steps (56%) done
[Wed Apr  6 19:11:42 2022]
Finished job 143.
23 of 39 steps (59%) done
[Wed Apr  6 19:11:42 2022]
Finished job 122.
24 of 39 steps (62%) done
[Wed Apr  6 19:11:53 2022]
Finished job 136.
25 of 39 steps (64%) done
[Wed Apr  6 19:11:53 2022]
Finished job 125.
26 of 39 steps (67%) done
[Wed Apr  6 19:11:53 2022]
Finished job 116.
27 of 39 steps (69%) done
[Wed Apr  6 19:11:53 2022]
Finished job 130.
28 of 39 steps (72%) done
[Wed Apr  6 19:11:53 2022]
Finished job 144.
29 of 39 steps (74%) done
[Wed Apr  6 19:11:53 2022]
Finished job 123.
30 of 39 steps (77%) done
[Wed Apr  6 19:11:53 2022]
Finished job 137.
31 of 39 steps (79%) done
[Wed Apr  6 19:11:53 2022]
Finished job 117.
32 of 39 steps (82%) done
[Wed Apr  6 19:11:53 2022]
Finished job 131.
33 of 39 steps (85%) done
[Wed Apr  6 19:11:53 2022]
Finished job 145.
34 of 39 steps (87%) done
[Wed Apr  6 19:11:54 2022]
Finished job 124.
35 of 39 steps (90%) done
[Wed Apr  6 19:11:54 2022]
Finished job 138.
36 of 39 steps (92%) done
[Wed Apr  6 19:12:04 2022]
Finished job 139.
37 of 39 steps (95%) done
Complete log: /beegfs/data/soukkal/StageM2/Scripts/Homology_search/.snakemake/log/2022-04-06T191059.215736.snakemake.log
