Building DAG of jobs...
Using shell: /usr/bin/bash
Provided cluster nodes: 200
Job counts:
	count	jobs
	40	Define_loci
	40	Extract_loci
	40	Homology_analysis
	161

[Tue Apr  5 08:45:36 2022]
rule Homology_analysis:
    input: /beegfs/data/soukkal/StageM2/Databases/Refseq_viral_db_nophages_nopolydna_IVSPER, /beegfs/data/soukkal/StageM2/Control_genomes/genomes/GCA_020466095.1.fna
    output: /beegfs/data/soukkal/StageM2/Control_genomes/results/Viral_Homology_results/GCA_020466095.1/run_mmseqs2/result_mmseqs2.m8
    jobid: 20
    wildcards: Genome_ID=GCA_020466095.1

Submitted job 20 with external jobid 'Submitted batch job 3610503'.

[Tue Apr  5 08:45:36 2022]
rule Homology_analysis:
    input: /beegfs/data/soukkal/StageM2/Databases/Refseq_viral_db_nophages_nopolydna_IVSPER, /beegfs/data/soukkal/StageM2/Control_genomes/genomes/GCA_001015075.1.fna
    output: /beegfs/data/soukkal/StageM2/Control_genomes/results/Viral_Homology_results/GCA_001015075.1/run_mmseqs2/result_mmseqs2.m8
    jobid: 6
    wildcards: Genome_ID=GCA_001015075.1

Submitted job 6 with external jobid 'Submitted batch job 3610504'.

[Tue Apr  5 08:45:36 2022]
rule Homology_analysis:
    input: /beegfs/data/soukkal/StageM2/Databases/Refseq_viral_db_nophages_nopolydna_IVSPER, /beegfs/data/soukkal/StageM2/Control_genomes/genomes/GCF_000699065.1.fna
    output: /beegfs/data/soukkal/StageM2/Control_genomes/results/Viral_Homology_results/GCF_000699065.1/run_mmseqs2/result_mmseqs2.m8
    jobid: 34
    wildcards: Genome_ID=GCF_000699065.1

Submitted job 34 with external jobid 'Submitted batch job 3610505'.

[Tue Apr  5 08:45:36 2022]
rule Homology_analysis:
    input: /beegfs/data/soukkal/StageM2/Databases/Refseq_viral_db_nophages_nopolydna_IVSPER, /beegfs/data/soukkal/StageM2/Control_genomes/genomes/GCA_916050605.2.fna
    output: /beegfs/data/soukkal/StageM2/Control_genomes/results/Viral_Homology_results/GCA_916050605.2/run_mmseqs2/result_mmseqs2.m8
    jobid: 27
    wildcards: Genome_ID=GCA_916050605.2

Submitted job 27 with external jobid 'Submitted batch job 3610506'.

[Tue Apr  5 08:45:36 2022]
rule Homology_analysis:
    input: /beegfs/data/soukkal/StageM2/Databases/Refseq_viral_db_nophages_nopolydna_IVSPER, /beegfs/data/soukkal/StageM2/Control_genomes/genomes/GCA_003952975.1.fna
    output: /beegfs/data/soukkal/StageM2/Control_genomes/results/Viral_Homology_results/GCA_003952975.1/run_mmseqs2/result_mmseqs2.m8
    jobid: 14
    wildcards: Genome_ID=GCA_003952975.1

Submitted job 14 with external jobid 'Submitted batch job 3610507'.

[Tue Apr  5 08:45:36 2022]
rule Homology_analysis:
    input: /beegfs/data/soukkal/StageM2/Databases/Refseq_viral_db_nophages_nopolydna_IVSPER, /beegfs/data/soukkal/StageM2/Control_genomes/genomes/GCA_917880715.2.fna
    output: /beegfs/data/soukkal/StageM2/Control_genomes/results/Viral_Homology_results/GCA_917880715.2/run_mmseqs2/result_mmseqs2.m8
    jobid: 28
    wildcards: Genome_ID=GCA_917880715.2

Submitted job 28 with external jobid 'Submitted batch job 3610508'.

[Tue Apr  5 08:45:36 2022]
rule Homology_analysis:
    input: /beegfs/data/soukkal/StageM2/Databases/Refseq_viral_db_nophages_nopolydna_IVSPER, /beegfs/data/soukkal/StageM2/Control_genomes/genomes/GCF_001015335.1.fna
    output: /beegfs/data/soukkal/StageM2/Control_genomes/results/Viral_Homology_results/GCF_001015335.1/run_mmseqs2/result_mmseqs2.m8
    jobid: 35
    wildcards: Genome_ID=GCF_001015335.1

Submitted job 35 with external jobid 'Submitted batch job 3610509'.

[Tue Apr  5 08:45:36 2022]
rule Homology_analysis:
    input: /beegfs/data/soukkal/StageM2/Databases/Refseq_viral_db_nophages_nopolydna_IVSPER, /beegfs/data/soukkal/StageM2/Control_genomes/genomes/GCA_001015115.1.fna
    output: /beegfs/data/soukkal/StageM2/Control_genomes/results/Viral_Homology_results/GCA_001015115.1/run_mmseqs2/result_mmseqs2.m8
    jobid: 7
    wildcards: Genome_ID=GCA_001015115.1

Submitted job 7 with external jobid 'Submitted batch job 3610510'.

[Tue Apr  5 08:45:36 2022]
rule Homology_analysis:
    input: /beegfs/data/soukkal/StageM2/Databases/Refseq_viral_db_nophages_nopolydna_IVSPER, /beegfs/data/soukkal/StageM2/Control_genomes/genomes/GCA_021234595.1.fna
    output: /beegfs/data/soukkal/StageM2/Control_genomes/results/Viral_Homology_results/GCA_021234595.1/run_mmseqs2/result_mmseqs2.m8
    jobid: 21
    wildcards: Genome_ID=GCA_021234595.1

Submitted job 21 with external jobid 'Submitted batch job 3610511'.

[Tue Apr  5 08:45:36 2022]
rule Homology_analysis:
    input: /beegfs/data/soukkal/StageM2/Databases/Refseq_viral_db_nophages_nopolydna_IVSPER, /beegfs/data/soukkal/StageM2/Control_genomes/genomes/GCA_001014415.1.fna
    output: /beegfs/data/soukkal/StageM2/Control_genomes/results/Viral_Homology_results/GCA_001014415.1/run_mmseqs2/result_mmseqs2.m8
    jobid: 2
    wildcards: Genome_ID=GCA_001014415.1

Submitted job 2 with external jobid 'Submitted batch job 3610512'.

[Tue Apr  5 08:45:36 2022]
rule Homology_analysis:
    input: /beegfs/data/soukkal/StageM2/Databases/Refseq_viral_db_nophages_nopolydna_IVSPER, /beegfs/data/soukkal/StageM2/Control_genomes/genomes/GCA_920104205.1.fna
    output: /beegfs/data/soukkal/StageM2/Control_genomes/results/Viral_Homology_results/GCA_920104205.1/run_mmseqs2/result_mmseqs2.m8
    jobid: 29
    wildcards: Genome_ID=GCA_920104205.1

Submitted job 29 with external jobid 'Submitted batch job 3610513'.

[Tue Apr  5 08:45:37 2022]
rule Homology_analysis:
    input: /beegfs/data/soukkal/StageM2/Databases/Refseq_viral_db_nophages_nopolydna_IVSPER, /beegfs/data/soukkal/StageM2/Control_genomes/genomes/GCA_004302925.1.fna
    output: /beegfs/data/soukkal/StageM2/Control_genomes/results/Viral_Homology_results/GCA_004302925.1/run_mmseqs2/result_mmseqs2.m8
    jobid: 15
    wildcards: Genome_ID=GCA_004302925.1

Submitted job 15 with external jobid 'Submitted batch job 3610514'.

[Tue Apr  5 08:45:37 2022]
rule Homology_analysis:
    input: /beegfs/data/soukkal/StageM2/Databases/Refseq_viral_db_nophages_nopolydna_IVSPER, /beegfs/data/soukkal/StageM2/Control_genomes/genomes/GCF_002237135.1.fna
    output: /beegfs/data/soukkal/StageM2/Control_genomes/results/Viral_Homology_results/GCF_002237135.1/run_mmseqs2/result_mmseqs2.m8
    jobid: 36
    wildcards: Genome_ID=GCF_002237135.1

Submitted job 36 with external jobid 'Submitted batch job 3610515'.

[Tue Apr  5 08:45:37 2022]
rule Homology_analysis:
    input: /beegfs/data/soukkal/StageM2/Databases/Refseq_viral_db_nophages_nopolydna_IVSPER, /beegfs/data/soukkal/StageM2/Control_genomes/genomes/GCA_001015175.1.fna
    output: /beegfs/data/soukkal/StageM2/Control_genomes/results/Viral_Homology_results/GCA_001015175.1/run_mmseqs2/result_mmseqs2.m8
    jobid: 8
    wildcards: Genome_ID=GCA_001015175.1

Submitted job 8 with external jobid 'Submitted batch job 3610516'.

[Tue Apr  5 08:45:37 2022]
rule Homology_analysis:
    input: /beegfs/data/soukkal/StageM2/Databases/Refseq_viral_db_nophages_nopolydna_IVSPER, /beegfs/data/soukkal/StageM2/Control_genomes/genomes/GCA_905231855.2.fna
    output: /beegfs/data/soukkal/StageM2/Control_genomes/results/Viral_Homology_results/GCA_905231855.2/run_mmseqs2/result_mmseqs2.m8
    jobid: 22
    wildcards: Genome_ID=GCA_905231855.2

Submitted job 22 with external jobid 'Submitted batch job 3610517'.

[Tue Apr  5 08:45:37 2022]
rule Homology_analysis:
    input: /beegfs/data/soukkal/StageM2/Databases/Refseq_viral_db_nophages_nopolydna_IVSPER, /beegfs/data/soukkal/StageM2/Control_genomes/genomes/GCA_005959815.1.fna
    output: /beegfs/data/soukkal/StageM2/Control_genomes/results/Viral_Homology_results/GCA_005959815.1/run_mmseqs2/result_mmseqs2.m8
    jobid: 16
    wildcards: Genome_ID=GCA_005959815.1

Submitted job 16 with external jobid 'Submitted batch job 3610518'.

[Tue Apr  5 08:45:37 2022]
rule Homology_analysis:
    input: /beegfs/data/soukkal/StageM2/Databases/Refseq_viral_db_nophages_nopolydna_IVSPER, /beegfs/data/soukkal/StageM2/Control_genomes/genomes/GCA_920105625.1.fna
    output: /beegfs/data/soukkal/StageM2/Control_genomes/results/Viral_Homology_results/GCA_920105625.1/run_mmseqs2/result_mmseqs2.m8
    jobid: 30
    wildcards: Genome_ID=GCA_920105625.1

Submitted job 30 with external jobid 'Submitted batch job 3610519'.

[Tue Apr  5 08:45:37 2022]
rule Homology_analysis:
    input: /beegfs/data/soukkal/StageM2/Databases/Refseq_viral_db_nophages_nopolydna_IVSPER, /beegfs/data/soukkal/StageM2/Control_genomes/genomes/GCF_009650485.1.fna
    output: /beegfs/data/soukkal/StageM2/Control_genomes/results/Viral_Homology_results/GCF_009650485.1/run_mmseqs2/result_mmseqs2.m8
    jobid: 37
    wildcards: Genome_ID=GCF_009650485.1

Submitted job 37 with external jobid 'Submitted batch job 3610520'.

[Tue Apr  5 08:45:37 2022]
rule Homology_analysis:
    input: /beegfs/data/soukkal/StageM2/Databases/Refseq_viral_db_nophages_nopolydna_IVSPER, /beegfs/data/soukkal/StageM2/Control_genomes/genomes/GCA_001017275.1.fna
    output: /beegfs/data/soukkal/StageM2/Control_genomes/results/Viral_Homology_results/GCA_001017275.1/run_mmseqs2/result_mmseqs2.m8
    jobid: 9
    wildcards: Genome_ID=GCA_001017275.1

Submitted job 9 with external jobid 'Submitted batch job 3610521'.

[Tue Apr  5 08:45:37 2022]
rule Homology_analysis:
    input: /beegfs/data/soukkal/StageM2/Databases/Refseq_viral_db_nophages_nopolydna_IVSPER, /beegfs/data/soukkal/StageM2/Control_genomes/genomes/GCA_907269105.1.fna
    output: /beegfs/data/soukkal/StageM2/Control_genomes/results/Viral_Homology_results/GCA_907269105.1/run_mmseqs2/result_mmseqs2.m8
    jobid: 23
    wildcards: Genome_ID=GCA_907269105.1

Submitted job 23 with external jobid 'Submitted batch job 3610522'.

[Tue Apr  5 08:45:37 2022]
rule Homology_analysis:
    input: /beegfs/data/soukkal/StageM2/Databases/Refseq_viral_db_nophages_nopolydna_IVSPER, /beegfs/data/soukkal/StageM2/Control_genomes/genomes/GCA_001014575.1.fna
    output: /beegfs/data/soukkal/StageM2/Control_genomes/results/Viral_Homology_results/GCA_001014575.1/run_mmseqs2/result_mmseqs2.m8
    jobid: 3
    wildcards: Genome_ID=GCA_001014575.1

Submitted job 3 with external jobid 'Submitted batch job 3610523'.

[Tue Apr  5 08:45:37 2022]
rule Homology_analysis:
    input: /beegfs/data/soukkal/StageM2/Databases/Refseq_viral_db_nophages_nopolydna_IVSPER, /beegfs/data/soukkal/StageM2/Control_genomes/genomes/GCA_014858695.1.fna
    output: /beegfs/data/soukkal/StageM2/Control_genomes/results/Viral_Homology_results/GCA_014858695.1/run_mmseqs2/result_mmseqs2.m8
    jobid: 17
    wildcards: Genome_ID=GCA_014858695.1

Submitted job 17 with external jobid 'Submitted batch job 3610524'.

[Tue Apr  5 08:45:37 2022]
rule Homology_analysis:
    input: /beegfs/data/soukkal/StageM2/Databases/Refseq_viral_db_nophages_nopolydna_IVSPER, /beegfs/data/soukkal/StageM2/Control_genomes/genomes/GCA_922984085.1.fna
    output: /beegfs/data/soukkal/StageM2/Control_genomes/results/Viral_Homology_results/GCA_922984085.1/run_mmseqs2/result_mmseqs2.m8
    jobid: 31
    wildcards: Genome_ID=GCA_922984085.1

Submitted job 31 with external jobid 'Submitted batch job 3610525'.

[Tue Apr  5 08:45:37 2022]
rule Homology_analysis:
    input: /beegfs/data/soukkal/StageM2/Databases/Refseq_viral_db_nophages_nopolydna_IVSPER, /beegfs/data/soukkal/StageM2/Control_genomes/genomes/GCF_013340165.1.fna
    output: /beegfs/data/soukkal/StageM2/Control_genomes/results/Viral_Homology_results/GCF_013340165.1/run_mmseqs2/result_mmseqs2.m8
    jobid: 38
    wildcards: Genome_ID=GCF_013340165.1

Submitted job 38 with external jobid 'Submitted batch job 3610526'.

[Tue Apr  5 08:45:37 2022]
rule Homology_analysis:
    input: /beegfs/data/soukkal/StageM2/Databases/Refseq_viral_db_nophages_nopolydna_IVSPER, /beegfs/data/soukkal/StageM2/Control_genomes/genomes/GCA_001017515.1.fna
    output: /beegfs/data/soukkal/StageM2/Control_genomes/results/Viral_Homology_results/GCA_001017515.1/run_mmseqs2/result_mmseqs2.m8
    jobid: 10
    wildcards: Genome_ID=GCA_001017515.1

Submitted job 10 with external jobid 'Submitted batch job 3610527'.

[Tue Apr  5 08:45:37 2022]
rule Homology_analysis:
    input: /beegfs/data/soukkal/StageM2/Databases/Refseq_viral_db_nophages_nopolydna_IVSPER, /beegfs/data/soukkal/StageM2/Control_genomes/genomes/GCA_914767635.1.fna
    output: /beegfs/data/soukkal/StageM2/Control_genomes/results/Viral_Homology_results/GCA_914767635.1/run_mmseqs2/result_mmseqs2.m8
    jobid: 24
    wildcards: Genome_ID=GCA_914767635.1

Submitted job 24 with external jobid 'Submitted batch job 3610528'.

[Tue Apr  5 08:45:37 2022]
rule Homology_analysis:
    input: /beegfs/data/soukkal/StageM2/Databases/Refseq_viral_db_nophages_nopolydna_IVSPER, /beegfs/data/soukkal/StageM2/Control_genomes/genomes/GCA_001014675.1.fna
    output: /beegfs/data/soukkal/StageM2/Control_genomes/results/Viral_Homology_results/GCA_001014675.1/run_mmseqs2/result_mmseqs2.m8
    jobid: 4
    wildcards: Genome_ID=GCA_001014675.1

Submitted job 4 with external jobid 'Submitted batch job 3610529'.

[Tue Apr  5 08:45:37 2022]
rule Homology_analysis:
    input: /beegfs/data/soukkal/StageM2/Databases/Refseq_viral_db_nophages_nopolydna_IVSPER, /beegfs/data/soukkal/StageM2/Control_genomes/genomes/GCA_017309665.1.fna
    output: /beegfs/data/soukkal/StageM2/Control_genomes/results/Viral_Homology_results/GCA_017309665.1/run_mmseqs2/result_mmseqs2.m8
    jobid: 18
    wildcards: Genome_ID=GCA_017309665.1

Submitted job 18 with external jobid 'Submitted batch job 3610530'.

[Tue Apr  5 08:45:37 2022]
rule Homology_analysis:
    input: /beegfs/data/soukkal/StageM2/Databases/Refseq_viral_db_nophages_nopolydna_IVSPER, /beegfs/data/soukkal/StageM2/Control_genomes/genomes/GCF_000001215.4.fna
    output: /beegfs/data/soukkal/StageM2/Control_genomes/results/Viral_Homology_results/GCF_000001215.4/run_mmseqs2/result_mmseqs2.m8
    jobid: 32
    wildcards: Genome_ID=GCF_000001215.4

Submitted job 32 with external jobid 'Submitted batch job 3610531'.

[Tue Apr  5 08:45:37 2022]
rule Homology_analysis:
    input: /beegfs/data/soukkal/StageM2/Databases/Refseq_viral_db_nophages_nopolydna_IVSPER, /beegfs/data/soukkal/StageM2/Control_genomes/genomes/GCF_013731165.1.fna
    output: /beegfs/data/soukkal/StageM2/Control_genomes/results/Viral_Homology_results/GCF_013731165.1/run_mmseqs2/result_mmseqs2.m8
    jobid: 39
    wildcards: Genome_ID=GCF_013731165.1

Submitted job 39 with external jobid 'Submitted batch job 3610532'.

[Tue Apr  5 08:45:37 2022]
rule Homology_analysis:
    input: /beegfs/data/soukkal/StageM2/Databases/Refseq_viral_db_nophages_nopolydna_IVSPER, /beegfs/data/soukkal/StageM2/Control_genomes/genomes/GCA_001735545.1.fna
    output: /beegfs/data/soukkal/StageM2/Control_genomes/results/Viral_Homology_results/GCA_001735545.1/run_mmseqs2/result_mmseqs2.m8
    jobid: 11
    wildcards: Genome_ID=GCA_001735545.1

Submitted job 11 with external jobid 'Submitted batch job 3610533'.

[Tue Apr  5 08:45:37 2022]
rule Homology_analysis:
    input: /beegfs/data/soukkal/StageM2/Databases/Refseq_viral_db_nophages_nopolydna_IVSPER, /beegfs/data/soukkal/StageM2/Control_genomes/genomes/GCA_914767935.1.fna
    output: /beegfs/data/soukkal/StageM2/Control_genomes/results/Viral_Homology_results/GCA_914767935.1/run_mmseqs2/result_mmseqs2.m8
    jobid: 25
    wildcards: Genome_ID=GCA_914767935.1

Submitted job 25 with external jobid 'Submitted batch job 3610534'.

[Tue Apr  5 08:45:37 2022]
rule Homology_analysis:
    input: /beegfs/data/soukkal/StageM2/Databases/Refseq_viral_db_nophages_nopolydna_IVSPER, /beegfs/data/soukkal/StageM2/Control_genomes/genomes/GCF_016617805.1.fna
    output: /beegfs/data/soukkal/StageM2/Control_genomes/results/Viral_Homology_results/GCF_016617805.1/run_mmseqs2/result_mmseqs2.m8
    jobid: 41
    wildcards: Genome_ID=GCF_016617805.1

Submitted job 41 with external jobid 'Submitted batch job 3610535'.

[Tue Apr  5 08:45:37 2022]
rule Homology_analysis:
    input: /beegfs/data/soukkal/StageM2/Databases/Refseq_viral_db_nophages_nopolydna_IVSPER, /beegfs/data/soukkal/StageM2/Control_genomes/genomes/GCA_001014935.1.fna
    output: /beegfs/data/soukkal/StageM2/Control_genomes/results/Viral_Homology_results/GCA_001014935.1/run_mmseqs2/result_mmseqs2.m8
    jobid: 5
    wildcards: Genome_ID=GCA_001014935.1

Submitted job 5 with external jobid 'Submitted batch job 3610536'.

[Tue Apr  5 08:45:37 2022]
rule Homology_analysis:
    input: /beegfs/data/soukkal/StageM2/Databases/Refseq_viral_db_nophages_nopolydna_IVSPER, /beegfs/data/soukkal/StageM2/Control_genomes/genomes/GCA_019455685.1.fna
    output: /beegfs/data/soukkal/StageM2/Control_genomes/results/Viral_Homology_results/GCA_019455685.1/run_mmseqs2/result_mmseqs2.m8
    jobid: 19
    wildcards: Genome_ID=GCA_019455685.1

Submitted job 19 with external jobid 'Submitted batch job 3610537'.

[Tue Apr  5 08:45:37 2022]
rule Homology_analysis:
    input: /beegfs/data/soukkal/StageM2/Databases/Refseq_viral_db_nophages_nopolydna_IVSPER, /beegfs/data/soukkal/StageM2/Control_genomes/genomes/GCF_000347755.3.fna
    output: /beegfs/data/soukkal/StageM2/Control_genomes/results/Viral_Homology_results/GCF_000347755.3/run_mmseqs2/result_mmseqs2.m8
    jobid: 33
    wildcards: Genome_ID=GCF_000347755.3

Submitted job 33 with external jobid 'Submitted batch job 3610538'.

[Tue Apr  5 08:45:37 2022]
rule Homology_analysis:
    input: /beegfs/data/soukkal/StageM2/Databases/Refseq_viral_db_nophages_nopolydna_IVSPER, /beegfs/data/soukkal/StageM2/Control_genomes/genomes/GCF_014805625.1.fna
    output: /beegfs/data/soukkal/StageM2/Control_genomes/results/Viral_Homology_results/GCF_014805625.1/run_mmseqs2/result_mmseqs2.m8
    jobid: 40
    wildcards: Genome_ID=GCF_014805625.1

Submitted job 40 with external jobid 'Submitted batch job 3610539'.

[Tue Apr  5 08:45:37 2022]
rule Homology_analysis:
    input: /beegfs/data/soukkal/StageM2/Databases/Refseq_viral_db_nophages_nopolydna_IVSPER, /beegfs/data/soukkal/StageM2/Control_genomes/genomes/GCA_003055125.1.fna
    output: /beegfs/data/soukkal/StageM2/Control_genomes/results/Viral_Homology_results/GCA_003055125.1/run_mmseqs2/result_mmseqs2.m8
    jobid: 12
    wildcards: Genome_ID=GCA_003055125.1

Submitted job 12 with external jobid 'Submitted batch job 3610540'.

[Tue Apr  5 08:45:37 2022]
rule Homology_analysis:
    input: /beegfs/data/soukkal/StageM2/Databases/Refseq_viral_db_nophages_nopolydna_IVSPER, /beegfs/data/soukkal/StageM2/Control_genomes/genomes/GCA_916048285.2.fna
    output: /beegfs/data/soukkal/StageM2/Control_genomes/results/Viral_Homology_results/GCA_916048285.2/run_mmseqs2/result_mmseqs2.m8
    jobid: 26
    wildcards: Genome_ID=GCA_916048285.2

Submitted job 26 with external jobid 'Submitted batch job 3610541'.

[Tue Apr  5 08:45:37 2022]
rule Homology_analysis:
    input: /beegfs/data/soukkal/StageM2/Databases/Refseq_viral_db_nophages_nopolydna_IVSPER, /beegfs/data/soukkal/StageM2/Control_genomes/genomes/GCA_003123925.1.fna
    output: /beegfs/data/soukkal/StageM2/Control_genomes/results/Viral_Homology_results/GCA_003123925.1/run_mmseqs2/result_mmseqs2.m8
    jobid: 13
    wildcards: Genome_ID=GCA_003123925.1

Submitted job 13 with external jobid 'Submitted batch job 3610542'.
[Tue Apr  5 10:02:56 2022]
Finished job 2.
1 of 161 steps (0.62%) done

[Tue Apr  5 10:02:56 2022]
rule Define_loci:
    input: /beegfs/data/soukkal/StageM2/Control_genomes/results/Viral_Homology_results/GCA_001014415.1/run_mmseqs2/result_mmseqs2.m8
    output: /beegfs/data/soukkal/StageM2/Control_genomes/results/Viral_Homology_results/GCA_001014415.1/run_mmseqs2/result_mmseqs2_strand_V.m8, /beegfs/data/soukkal/StageM2/Control_genomes/results/Viral_Homology_results/GCA_001014415.1/run_mmseqs2/result_mmseqs2_strand_summary_V.m8
    jobid: 42
    wildcards: Genome_ID=GCA_001014415.1

Submitted job 42 with external jobid 'Submitted batch job 3610562'.
[Tue Apr  5 10:13:54 2022]
Finished job 7.
2 of 161 steps (1%) done

[Tue Apr  5 10:13:54 2022]
rule Define_loci:
    input: /beegfs/data/soukkal/StageM2/Control_genomes/results/Viral_Homology_results/GCA_001015115.1/run_mmseqs2/result_mmseqs2.m8
    output: /beegfs/data/soukkal/StageM2/Control_genomes/results/Viral_Homology_results/GCA_001015115.1/run_mmseqs2/result_mmseqs2_strand_V.m8, /beegfs/data/soukkal/StageM2/Control_genomes/results/Viral_Homology_results/GCA_001015115.1/run_mmseqs2/result_mmseqs2_strand_summary_V.m8
    jobid: 47
    wildcards: Genome_ID=GCA_001015115.1

Submitted job 47 with external jobid 'Submitted batch job 3610601'.
[Tue Apr  5 10:13:55 2022]
Finished job 37.
3 of 161 steps (2%) done

[Tue Apr  5 10:13:55 2022]
rule Define_loci:
    input: /beegfs/data/soukkal/StageM2/Control_genomes/results/Viral_Homology_results/GCF_009650485.1/run_mmseqs2/result_mmseqs2.m8
    output: /beegfs/data/soukkal/StageM2/Control_genomes/results/Viral_Homology_results/GCF_009650485.1/run_mmseqs2/result_mmseqs2_strand_V.m8, /beegfs/data/soukkal/StageM2/Control_genomes/results/Viral_Homology_results/GCF_009650485.1/run_mmseqs2/result_mmseqs2_strand_summary_V.m8
    jobid: 77
    wildcards: Genome_ID=GCF_009650485.1

Submitted job 77 with external jobid 'Submitted batch job 3610602'.
[Tue Apr  5 10:38:54 2022]
Finished job 14.
4 of 161 steps (2%) done

[Tue Apr  5 10:38:54 2022]
rule Define_loci:
    input: /beegfs/data/soukkal/StageM2/Control_genomes/results/Viral_Homology_results/GCA_003952975.1/run_mmseqs2/result_mmseqs2.m8
    output: /beegfs/data/soukkal/StageM2/Control_genomes/results/Viral_Homology_results/GCA_003952975.1/run_mmseqs2/result_mmseqs2_strand_V.m8, /beegfs/data/soukkal/StageM2/Control_genomes/results/Viral_Homology_results/GCA_003952975.1/run_mmseqs2/result_mmseqs2_strand_summary_V.m8
    jobid: 54
    wildcards: Genome_ID=GCA_003952975.1

Submitted job 54 with external jobid 'Submitted batch job 3610603'.
[Tue Apr  5 10:56:40 2022]
Finished job 34.
5 of 161 steps (3%) done

[Tue Apr  5 10:56:40 2022]
rule Define_loci:
    input: /beegfs/data/soukkal/StageM2/Control_genomes/results/Viral_Homology_results/GCF_000699065.1/run_mmseqs2/result_mmseqs2.m8
    output: /beegfs/data/soukkal/StageM2/Control_genomes/results/Viral_Homology_results/GCF_000699065.1/run_mmseqs2/result_mmseqs2_strand_V.m8, /beegfs/data/soukkal/StageM2/Control_genomes/results/Viral_Homology_results/GCF_000699065.1/run_mmseqs2/result_mmseqs2_strand_summary_V.m8
    jobid: 74
    wildcards: Genome_ID=GCF_000699065.1

Submitted job 74 with external jobid 'Submitted batch job 3610749'.
[Tue Apr  5 11:08:37 2022]
Finished job 3.
6 of 161 steps (4%) done

[Tue Apr  5 11:08:37 2022]
rule Define_loci:
    input: /beegfs/data/soukkal/StageM2/Control_genomes/results/Viral_Homology_results/GCA_001014575.1/run_mmseqs2/result_mmseqs2.m8
    output: /beegfs/data/soukkal/StageM2/Control_genomes/results/Viral_Homology_results/GCA_001014575.1/run_mmseqs2/result_mmseqs2_strand_V.m8, /beegfs/data/soukkal/StageM2/Control_genomes/results/Viral_Homology_results/GCA_001014575.1/run_mmseqs2/result_mmseqs2_strand_summary_V.m8
    jobid: 43
    wildcards: Genome_ID=GCA_001014575.1

Submitted job 43 with external jobid 'Submitted batch job 3610915'.
[Tue Apr  5 11:11:51 2022]
Finished job 6.
7 of 161 steps (4%) done

[Tue Apr  5 11:11:51 2022]
rule Define_loci:
    input: /beegfs/data/soukkal/StageM2/Control_genomes/results/Viral_Homology_results/GCA_001015075.1/run_mmseqs2/result_mmseqs2.m8
    output: /beegfs/data/soukkal/StageM2/Control_genomes/results/Viral_Homology_results/GCA_001015075.1/run_mmseqs2/result_mmseqs2_strand_V.m8, /beegfs/data/soukkal/StageM2/Control_genomes/results/Viral_Homology_results/GCA_001015075.1/run_mmseqs2/result_mmseqs2_strand_summary_V.m8
    jobid: 46
    wildcards: Genome_ID=GCA_001015075.1

Submitted job 46 with external jobid 'Submitted batch job 3610916'.
[Tue Apr  5 11:16:19 2022]
Finished job 8.
8 of 161 steps (5%) done

[Tue Apr  5 11:16:19 2022]
rule Define_loci:
    input: /beegfs/data/soukkal/StageM2/Control_genomes/results/Viral_Homology_results/GCA_001015175.1/run_mmseqs2/result_mmseqs2.m8
    output: /beegfs/data/soukkal/StageM2/Control_genomes/results/Viral_Homology_results/GCA_001015175.1/run_mmseqs2/result_mmseqs2_strand_V.m8, /beegfs/data/soukkal/StageM2/Control_genomes/results/Viral_Homology_results/GCA_001015175.1/run_mmseqs2/result_mmseqs2_strand_summary_V.m8
    jobid: 48
    wildcards: Genome_ID=GCA_001015175.1

Submitted job 48 with external jobid 'Submitted batch job 3611031'.
[Tue Apr  5 11:59:19 2022]
Finished job 15.
9 of 161 steps (6%) done

[Tue Apr  5 11:59:19 2022]
rule Define_loci:
    input: /beegfs/data/soukkal/StageM2/Control_genomes/results/Viral_Homology_results/GCA_004302925.1/run_mmseqs2/result_mmseqs2.m8
    output: /beegfs/data/soukkal/StageM2/Control_genomes/results/Viral_Homology_results/GCA_004302925.1/run_mmseqs2/result_mmseqs2_strand_V.m8, /beegfs/data/soukkal/StageM2/Control_genomes/results/Viral_Homology_results/GCA_004302925.1/run_mmseqs2/result_mmseqs2_strand_summary_V.m8
    jobid: 55
    wildcards: Genome_ID=GCA_004302925.1

Submitted job 55 with external jobid 'Submitted batch job 3611241'.
[Tue Apr  5 12:08:55 2022]
Finished job 17.
10 of 161 steps (6%) done

[Tue Apr  5 12:08:55 2022]
rule Define_loci:
    input: /beegfs/data/soukkal/StageM2/Control_genomes/results/Viral_Homology_results/GCA_014858695.1/run_mmseqs2/result_mmseqs2.m8
    output: /beegfs/data/soukkal/StageM2/Control_genomes/results/Viral_Homology_results/GCA_014858695.1/run_mmseqs2/result_mmseqs2_strand_V.m8, /beegfs/data/soukkal/StageM2/Control_genomes/results/Viral_Homology_results/GCA_014858695.1/run_mmseqs2/result_mmseqs2_strand_summary_V.m8
    jobid: 57
    wildcards: Genome_ID=GCA_014858695.1

Submitted job 57 with external jobid 'Submitted batch job 3611242'.
[Tue Apr  5 12:12:53 2022]
Finished job 9.
11 of 161 steps (7%) done

[Tue Apr  5 12:12:53 2022]
rule Define_loci:
    input: /beegfs/data/soukkal/StageM2/Control_genomes/results/Viral_Homology_results/GCA_001017275.1/run_mmseqs2/result_mmseqs2.m8
    output: /beegfs/data/soukkal/StageM2/Control_genomes/results/Viral_Homology_results/GCA_001017275.1/run_mmseqs2/result_mmseqs2_strand_V.m8, /beegfs/data/soukkal/StageM2/Control_genomes/results/Viral_Homology_results/GCA_001017275.1/run_mmseqs2/result_mmseqs2_strand_summary_V.m8
    jobid: 49
    wildcards: Genome_ID=GCA_001017275.1

Submitted job 49 with external jobid 'Submitted batch job 3611243'.
[Tue Apr  5 12:21:31 2022]
Finished job 16.
12 of 161 steps (7%) done

[Tue Apr  5 12:21:31 2022]
rule Define_loci:
    input: /beegfs/data/soukkal/StageM2/Control_genomes/results/Viral_Homology_results/GCA_005959815.1/run_mmseqs2/result_mmseqs2.m8
    output: /beegfs/data/soukkal/StageM2/Control_genomes/results/Viral_Homology_results/GCA_005959815.1/run_mmseqs2/result_mmseqs2_strand_V.m8, /beegfs/data/soukkal/StageM2/Control_genomes/results/Viral_Homology_results/GCA_005959815.1/run_mmseqs2/result_mmseqs2_strand_summary_V.m8
    jobid: 56
    wildcards: Genome_ID=GCA_005959815.1

Submitted job 56 with external jobid 'Submitted batch job 3611244'.
[Tue Apr  5 12:23:37 2022]
Finished job 20.
13 of 161 steps (8%) done

[Tue Apr  5 12:23:37 2022]
rule Define_loci:
    input: /beegfs/data/soukkal/StageM2/Control_genomes/results/Viral_Homology_results/GCA_020466095.1/run_mmseqs2/result_mmseqs2.m8
    output: /beegfs/data/soukkal/StageM2/Control_genomes/results/Viral_Homology_results/GCA_020466095.1/run_mmseqs2/result_mmseqs2_strand_V.m8, /beegfs/data/soukkal/StageM2/Control_genomes/results/Viral_Homology_results/GCA_020466095.1/run_mmseqs2/result_mmseqs2_strand_summary_V.m8
    jobid: 60
    wildcards: Genome_ID=GCA_020466095.1

Submitted job 60 with external jobid 'Submitted batch job 3611245'.
[Tue Apr  5 12:41:51 2022]
Finished job 36.
14 of 161 steps (9%) done

[Tue Apr  5 12:41:51 2022]
rule Define_loci:
    input: /beegfs/data/soukkal/StageM2/Control_genomes/results/Viral_Homology_results/GCF_002237135.1/run_mmseqs2/result_mmseqs2.m8
    output: /beegfs/data/soukkal/StageM2/Control_genomes/results/Viral_Homology_results/GCF_002237135.1/run_mmseqs2/result_mmseqs2_strand_V.m8, /beegfs/data/soukkal/StageM2/Control_genomes/results/Viral_Homology_results/GCF_002237135.1/run_mmseqs2/result_mmseqs2_strand_summary_V.m8
    jobid: 76
    wildcards: Genome_ID=GCF_002237135.1

Submitted job 76 with external jobid 'Submitted batch job 3611247'.
[Tue Apr  5 13:01:44 2022]
Finished job 10.
15 of 161 steps (9%) done

[Tue Apr  5 13:01:44 2022]
rule Define_loci:
    input: /beegfs/data/soukkal/StageM2/Control_genomes/results/Viral_Homology_results/GCA_001017515.1/run_mmseqs2/result_mmseqs2.m8
    output: /beegfs/data/soukkal/StageM2/Control_genomes/results/Viral_Homology_results/GCA_001017515.1/run_mmseqs2/result_mmseqs2_strand_V.m8, /beegfs/data/soukkal/StageM2/Control_genomes/results/Viral_Homology_results/GCA_001017515.1/run_mmseqs2/result_mmseqs2_strand_summary_V.m8
    jobid: 50
    wildcards: Genome_ID=GCA_001017515.1

Submitted job 50 with external jobid 'Submitted batch job 3611249'.
[Tue Apr  5 13:02:11 2022]
Finished job 28.
16 of 161 steps (10%) done

[Tue Apr  5 13:02:11 2022]
rule Define_loci:
    input: /beegfs/data/soukkal/StageM2/Control_genomes/results/Viral_Homology_results/GCA_917880715.2/run_mmseqs2/result_mmseqs2.m8
    output: /beegfs/data/soukkal/StageM2/Control_genomes/results/Viral_Homology_results/GCA_917880715.2/run_mmseqs2/result_mmseqs2_strand_V.m8, /beegfs/data/soukkal/StageM2/Control_genomes/results/Viral_Homology_results/GCA_917880715.2/run_mmseqs2/result_mmseqs2_strand_summary_V.m8
    jobid: 68
    wildcards: Genome_ID=GCA_917880715.2

Submitted job 68 with external jobid 'Submitted batch job 3611250'.
[Tue Apr  5 13:23:15 2022]
Finished job 5.
17 of 161 steps (11%) done

[Tue Apr  5 13:23:15 2022]
rule Define_loci:
    input: /beegfs/data/soukkal/StageM2/Control_genomes/results/Viral_Homology_results/GCA_001014935.1/run_mmseqs2/result_mmseqs2.m8
    output: /beegfs/data/soukkal/StageM2/Control_genomes/results/Viral_Homology_results/GCA_001014935.1/run_mmseqs2/result_mmseqs2_strand_V.m8, /beegfs/data/soukkal/StageM2/Control_genomes/results/Viral_Homology_results/GCA_001014935.1/run_mmseqs2/result_mmseqs2_strand_summary_V.m8
    jobid: 45
    wildcards: Genome_ID=GCA_001014935.1

Submitted job 45 with external jobid 'Submitted batch job 3611257'.
[Tue Apr  5 13:25:06 2022]
Finished job 31.
18 of 161 steps (11%) done

[Tue Apr  5 13:25:06 2022]
rule Define_loci:
    input: /beegfs/data/soukkal/StageM2/Control_genomes/results/Viral_Homology_results/GCA_922984085.1/run_mmseqs2/result_mmseqs2.m8
    output: /beegfs/data/soukkal/StageM2/Control_genomes/results/Viral_Homology_results/GCA_922984085.1/run_mmseqs2/result_mmseqs2_strand_V.m8, /beegfs/data/soukkal/StageM2/Control_genomes/results/Viral_Homology_results/GCA_922984085.1/run_mmseqs2/result_mmseqs2_strand_summary_V.m8
    jobid: 71
    wildcards: Genome_ID=GCA_922984085.1

Submitted job 71 with external jobid 'Submitted batch job 3611258'.
[Tue Apr  5 13:34:55 2022]
Finished job 32.
19 of 161 steps (12%) done

[Tue Apr  5 13:34:55 2022]
rule Define_loci:
    input: /beegfs/data/soukkal/StageM2/Control_genomes/results/Viral_Homology_results/GCF_000001215.4/run_mmseqs2/result_mmseqs2.m8
    output: /beegfs/data/soukkal/StageM2/Control_genomes/results/Viral_Homology_results/GCF_000001215.4/run_mmseqs2/result_mmseqs2_strand_V.m8, /beegfs/data/soukkal/StageM2/Control_genomes/results/Viral_Homology_results/GCF_000001215.4/run_mmseqs2/result_mmseqs2_strand_summary_V.m8
    jobid: 72
    wildcards: Genome_ID=GCF_000001215.4

Submitted job 72 with external jobid 'Submitted batch job 3611260'.
[Tue Apr  5 13:39:07 2022]
Finished job 38.
20 of 161 steps (12%) done

[Tue Apr  5 13:39:07 2022]
rule Define_loci:
    input: /beegfs/data/soukkal/StageM2/Control_genomes/results/Viral_Homology_results/GCF_013340165.1/run_mmseqs2/result_mmseqs2.m8
    output: /beegfs/data/soukkal/StageM2/Control_genomes/results/Viral_Homology_results/GCF_013340165.1/run_mmseqs2/result_mmseqs2_strand_V.m8, /beegfs/data/soukkal/StageM2/Control_genomes/results/Viral_Homology_results/GCF_013340165.1/run_mmseqs2/result_mmseqs2_strand_summary_V.m8
    jobid: 78
    wildcards: Genome_ID=GCF_013340165.1

Submitted job 78 with external jobid 'Submitted batch job 3611261'.
[Tue Apr  5 13:59:28 2022]
Finished job 22.
21 of 161 steps (13%) done

[Tue Apr  5 13:59:28 2022]
rule Define_loci:
    input: /beegfs/data/soukkal/StageM2/Control_genomes/results/Viral_Homology_results/GCA_905231855.2/run_mmseqs2/result_mmseqs2.m8
    output: /beegfs/data/soukkal/StageM2/Control_genomes/results/Viral_Homology_results/GCA_905231855.2/run_mmseqs2/result_mmseqs2_strand_V.m8, /beegfs/data/soukkal/StageM2/Control_genomes/results/Viral_Homology_results/GCA_905231855.2/run_mmseqs2/result_mmseqs2_strand_summary_V.m8
    jobid: 62
    wildcards: Genome_ID=GCA_905231855.2

Submitted job 62 with external jobid 'Submitted batch job 3611262'.
[Tue Apr  5 14:05:46 2022]
Finished job 27.
22 of 161 steps (14%) done

[Tue Apr  5 14:05:46 2022]
rule Define_loci:
    input: /beegfs/data/soukkal/StageM2/Control_genomes/results/Viral_Homology_results/GCA_916050605.2/run_mmseqs2/result_mmseqs2.m8
    output: /beegfs/data/soukkal/StageM2/Control_genomes/results/Viral_Homology_results/GCA_916050605.2/run_mmseqs2/result_mmseqs2_strand_V.m8, /beegfs/data/soukkal/StageM2/Control_genomes/results/Viral_Homology_results/GCA_916050605.2/run_mmseqs2/result_mmseqs2_strand_summary_V.m8
    jobid: 67
    wildcards: Genome_ID=GCA_916050605.2

Submitted job 67 with external jobid 'Submitted batch job 3611263'.
[Tue Apr  5 14:06:14 2022]
Finished job 42.
23 of 161 steps (14%) done

[Tue Apr  5 14:06:14 2022]
rule Extract_loci:
    input: /beegfs/data/soukkal/StageM2/Control_genomes/results/Viral_Homology_results/GCA_001014415.1/run_mmseqs2/result_mmseqs2_strand_summary_V.m8
    output: /beegfs/data/soukkal/StageM2/Control_genomes/results/Viral_Homology_results/GCA_001014415.1/Fasta_viral_loci.fna
    jobid: 82
    wildcards: Genome_ID=GCA_001014415.1

Submitted job 82 with external jobid 'Submitted batch job 3611264'.
[Tue Apr  5 14:09:45 2022]
Finished job 18.
24 of 161 steps (15%) done

[Tue Apr  5 14:09:45 2022]
rule Define_loci:
    input: /beegfs/data/soukkal/StageM2/Control_genomes/results/Viral_Homology_results/GCA_017309665.1/run_mmseqs2/result_mmseqs2.m8
    output: /beegfs/data/soukkal/StageM2/Control_genomes/results/Viral_Homology_results/GCA_017309665.1/run_mmseqs2/result_mmseqs2_strand_V.m8, /beegfs/data/soukkal/StageM2/Control_genomes/results/Viral_Homology_results/GCA_017309665.1/run_mmseqs2/result_mmseqs2_strand_summary_V.m8
    jobid: 58
    wildcards: Genome_ID=GCA_017309665.1

Submitted job 58 with external jobid 'Submitted batch job 3611265'.
[Tue Apr  5 14:42:00 2022]
Finished job 4.
25 of 161 steps (16%) done

[Tue Apr  5 14:42:00 2022]
rule Define_loci:
    input: /beegfs/data/soukkal/StageM2/Control_genomes/results/Viral_Homology_results/GCA_001014675.1/run_mmseqs2/result_mmseqs2.m8
    output: /beegfs/data/soukkal/StageM2/Control_genomes/results/Viral_Homology_results/GCA_001014675.1/run_mmseqs2/result_mmseqs2_strand_V.m8, /beegfs/data/soukkal/StageM2/Control_genomes/results/Viral_Homology_results/GCA_001014675.1/run_mmseqs2/result_mmseqs2_strand_summary_V.m8
    jobid: 44
    wildcards: Genome_ID=GCA_001014675.1

Submitted job 44 with external jobid 'Submitted batch job 3611282'.
[Tue Apr  5 15:05:51 2022]
Finished job 11.
26 of 161 steps (16%) done

[Tue Apr  5 15:05:51 2022]
rule Define_loci:
    input: /beegfs/data/soukkal/StageM2/Control_genomes/results/Viral_Homology_results/GCA_001735545.1/run_mmseqs2/result_mmseqs2.m8
    output: /beegfs/data/soukkal/StageM2/Control_genomes/results/Viral_Homology_results/GCA_001735545.1/run_mmseqs2/result_mmseqs2_strand_V.m8, /beegfs/data/soukkal/StageM2/Control_genomes/results/Viral_Homology_results/GCA_001735545.1/run_mmseqs2/result_mmseqs2_strand_summary_V.m8
    jobid: 51
    wildcards: Genome_ID=GCA_001735545.1

Submitted job 51 with external jobid 'Submitted batch job 3611283'.
[Tue Apr  5 15:32:01 2022]
Finished job 29.
27 of 161 steps (17%) done

[Tue Apr  5 15:32:01 2022]
rule Define_loci:
    input: /beegfs/data/soukkal/StageM2/Control_genomes/results/Viral_Homology_results/GCA_920104205.1/run_mmseqs2/result_mmseqs2.m8
    output: /beegfs/data/soukkal/StageM2/Control_genomes/results/Viral_Homology_results/GCA_920104205.1/run_mmseqs2/result_mmseqs2_strand_V.m8, /beegfs/data/soukkal/StageM2/Control_genomes/results/Viral_Homology_results/GCA_920104205.1/run_mmseqs2/result_mmseqs2_strand_summary_V.m8
    jobid: 69
    wildcards: Genome_ID=GCA_920104205.1

Submitted job 69 with external jobid 'Submitted batch job 3611373'.
[Tue Apr  5 16:11:31 2022]
Finished job 40.
28 of 161 steps (17%) done

[Tue Apr  5 16:11:32 2022]
rule Define_loci:
    input: /beegfs/data/soukkal/StageM2/Control_genomes/results/Viral_Homology_results/GCF_014805625.1/run_mmseqs2/result_mmseqs2.m8
    output: /beegfs/data/soukkal/StageM2/Control_genomes/results/Viral_Homology_results/GCF_014805625.1/run_mmseqs2/result_mmseqs2_strand_V.m8, /beegfs/data/soukkal/StageM2/Control_genomes/results/Viral_Homology_results/GCF_014805625.1/run_mmseqs2/result_mmseqs2_strand_summary_V.m8
    jobid: 80
    wildcards: Genome_ID=GCF_014805625.1

Submitted job 80 with external jobid 'Submitted batch job 3611421'.
[Tue Apr  5 16:12:55 2022]
Finished job 12.
29 of 161 steps (18%) done

[Tue Apr  5 16:12:55 2022]
rule Define_loci:
    input: /beegfs/data/soukkal/StageM2/Control_genomes/results/Viral_Homology_results/GCA_003055125.1/run_mmseqs2/result_mmseqs2.m8
    output: /beegfs/data/soukkal/StageM2/Control_genomes/results/Viral_Homology_results/GCA_003055125.1/run_mmseqs2/result_mmseqs2_strand_V.m8, /beegfs/data/soukkal/StageM2/Control_genomes/results/Viral_Homology_results/GCA_003055125.1/run_mmseqs2/result_mmseqs2_strand_summary_V.m8
    jobid: 52
    wildcards: Genome_ID=GCA_003055125.1

Submitted job 52 with external jobid 'Submitted batch job 3611422'.
[Tue Apr  5 16:41:26 2022]
Finished job 33.
30 of 161 steps (19%) done

[Tue Apr  5 16:41:26 2022]
rule Define_loci:
    input: /beegfs/data/soukkal/StageM2/Control_genomes/results/Viral_Homology_results/GCF_000347755.3/run_mmseqs2/result_mmseqs2.m8
    output: /beegfs/data/soukkal/StageM2/Control_genomes/results/Viral_Homology_results/GCF_000347755.3/run_mmseqs2/result_mmseqs2_strand_V.m8, /beegfs/data/soukkal/StageM2/Control_genomes/results/Viral_Homology_results/GCF_000347755.3/run_mmseqs2/result_mmseqs2_strand_summary_V.m8
    jobid: 73
    wildcards: Genome_ID=GCF_000347755.3

Submitted job 73 with external jobid 'Submitted batch job 3611433'.
[Tue Apr  5 17:40:47 2022]
Finished job 35.
31 of 161 steps (19%) done

[Tue Apr  5 17:40:47 2022]
rule Define_loci:
    input: /beegfs/data/soukkal/StageM2/Control_genomes/results/Viral_Homology_results/GCF_001015335.1/run_mmseqs2/result_mmseqs2.m8
    output: /beegfs/data/soukkal/StageM2/Control_genomes/results/Viral_Homology_results/GCF_001015335.1/run_mmseqs2/result_mmseqs2_strand_V.m8, /beegfs/data/soukkal/StageM2/Control_genomes/results/Viral_Homology_results/GCF_001015335.1/run_mmseqs2/result_mmseqs2_strand_summary_V.m8
    jobid: 75
    wildcards: Genome_ID=GCF_001015335.1

Submitted job 75 with external jobid 'Submitted batch job 3611448'.
[Tue Apr  5 17:44:47 2022]
Finished job 41.
32 of 161 steps (20%) done

[Tue Apr  5 17:44:47 2022]
rule Define_loci:
    input: /beegfs/data/soukkal/StageM2/Control_genomes/results/Viral_Homology_results/GCF_016617805.1/run_mmseqs2/result_mmseqs2.m8
    output: /beegfs/data/soukkal/StageM2/Control_genomes/results/Viral_Homology_results/GCF_016617805.1/run_mmseqs2/result_mmseqs2_strand_V.m8, /beegfs/data/soukkal/StageM2/Control_genomes/results/Viral_Homology_results/GCF_016617805.1/run_mmseqs2/result_mmseqs2_strand_summary_V.m8
    jobid: 81
    wildcards: Genome_ID=GCF_016617805.1

Submitted job 81 with external jobid 'Submitted batch job 3611450'.
[Tue Apr  5 17:51:34 2022]
Finished job 24.
33 of 161 steps (20%) done

[Tue Apr  5 17:51:35 2022]
rule Define_loci:
    input: /beegfs/data/soukkal/StageM2/Control_genomes/results/Viral_Homology_results/GCA_914767635.1/run_mmseqs2/result_mmseqs2.m8
    output: /beegfs/data/soukkal/StageM2/Control_genomes/results/Viral_Homology_results/GCA_914767635.1/run_mmseqs2/result_mmseqs2_strand_V.m8, /beegfs/data/soukkal/StageM2/Control_genomes/results/Viral_Homology_results/GCA_914767635.1/run_mmseqs2/result_mmseqs2_strand_summary_V.m8
    jobid: 64
    wildcards: Genome_ID=GCA_914767635.1

Submitted job 64 with external jobid 'Submitted batch job 3611452'.
[Tue Apr  5 17:59:45 2022]
Finished job 21.
34 of 161 steps (21%) done

[Tue Apr  5 17:59:45 2022]
rule Define_loci:
    input: /beegfs/data/soukkal/StageM2/Control_genomes/results/Viral_Homology_results/GCA_021234595.1/run_mmseqs2/result_mmseqs2.m8
    output: /beegfs/data/soukkal/StageM2/Control_genomes/results/Viral_Homology_results/GCA_021234595.1/run_mmseqs2/result_mmseqs2_strand_V.m8, /beegfs/data/soukkal/StageM2/Control_genomes/results/Viral_Homology_results/GCA_021234595.1/run_mmseqs2/result_mmseqs2_strand_summary_V.m8
    jobid: 61
    wildcards: Genome_ID=GCA_021234595.1

Submitted job 61 with external jobid 'Submitted batch job 3611454'.
[Tue Apr  5 18:13:05 2022]
Finished job 26.
35 of 161 steps (22%) done

[Tue Apr  5 18:13:05 2022]
rule Define_loci:
    input: /beegfs/data/soukkal/StageM2/Control_genomes/results/Viral_Homology_results/GCA_916048285.2/run_mmseqs2/result_mmseqs2.m8
    output: /beegfs/data/soukkal/StageM2/Control_genomes/results/Viral_Homology_results/GCA_916048285.2/run_mmseqs2/result_mmseqs2_strand_V.m8, /beegfs/data/soukkal/StageM2/Control_genomes/results/Viral_Homology_results/GCA_916048285.2/run_mmseqs2/result_mmseqs2_strand_summary_V.m8
    jobid: 66
    wildcards: Genome_ID=GCA_916048285.2

Submitted job 66 with external jobid 'Submitted batch job 3611469'.
[Tue Apr  5 19:14:46 2022]
Finished job 23.
36 of 161 steps (22%) done

[Tue Apr  5 19:14:46 2022]
rule Define_loci:
    input: /beegfs/data/soukkal/StageM2/Control_genomes/results/Viral_Homology_results/GCA_907269105.1/run_mmseqs2/result_mmseqs2.m8
    output: /beegfs/data/soukkal/StageM2/Control_genomes/results/Viral_Homology_results/GCA_907269105.1/run_mmseqs2/result_mmseqs2_strand_V.m8, /beegfs/data/soukkal/StageM2/Control_genomes/results/Viral_Homology_results/GCA_907269105.1/run_mmseqs2/result_mmseqs2_strand_summary_V.m8
    jobid: 63
    wildcards: Genome_ID=GCA_907269105.1

Submitted job 63 with external jobid 'Submitted batch job 3611725'.
[Tue Apr  5 19:46:48 2022]
Finished job 30.
37 of 161 steps (23%) done

[Tue Apr  5 19:46:48 2022]
rule Define_loci:
    input: /beegfs/data/soukkal/StageM2/Control_genomes/results/Viral_Homology_results/GCA_920105625.1/run_mmseqs2/result_mmseqs2.m8
    output: /beegfs/data/soukkal/StageM2/Control_genomes/results/Viral_Homology_results/GCA_920105625.1/run_mmseqs2/result_mmseqs2_strand_V.m8, /beegfs/data/soukkal/StageM2/Control_genomes/results/Viral_Homology_results/GCA_920105625.1/run_mmseqs2/result_mmseqs2_strand_summary_V.m8
    jobid: 70
    wildcards: Genome_ID=GCA_920105625.1

Submitted job 70 with external jobid 'Submitted batch job 3611906'.
[Tue Apr  5 19:59:57 2022]
Finished job 13.
38 of 161 steps (24%) done

[Tue Apr  5 19:59:57 2022]
rule Define_loci:
    input: /beegfs/data/soukkal/StageM2/Control_genomes/results/Viral_Homology_results/GCA_003123925.1/run_mmseqs2/result_mmseqs2.m8
    output: /beegfs/data/soukkal/StageM2/Control_genomes/results/Viral_Homology_results/GCA_003123925.1/run_mmseqs2/result_mmseqs2_strand_V.m8, /beegfs/data/soukkal/StageM2/Control_genomes/results/Viral_Homology_results/GCA_003123925.1/run_mmseqs2/result_mmseqs2_strand_summary_V.m8
    jobid: 53
    wildcards: Genome_ID=GCA_003123925.1

Submitted job 53 with external jobid 'Submitted batch job 3611961'.
[Tue Apr  5 21:15:10 2022]
Finished job 25.
39 of 161 steps (24%) done

[Tue Apr  5 21:15:10 2022]
rule Define_loci:
    input: /beegfs/data/soukkal/StageM2/Control_genomes/results/Viral_Homology_results/GCA_914767935.1/run_mmseqs2/result_mmseqs2.m8
    output: /beegfs/data/soukkal/StageM2/Control_genomes/results/Viral_Homology_results/GCA_914767935.1/run_mmseqs2/result_mmseqs2_strand_V.m8, /beegfs/data/soukkal/StageM2/Control_genomes/results/Viral_Homology_results/GCA_914767935.1/run_mmseqs2/result_mmseqs2_strand_summary_V.m8
    jobid: 65
    wildcards: Genome_ID=GCA_914767935.1

Submitted job 65 with external jobid 'Submitted batch job 3612097'.
[Tue Apr  5 21:49:03 2022]
Finished job 19.
40 of 161 steps (25%) done

[Tue Apr  5 21:49:03 2022]
rule Define_loci:
    input: /beegfs/data/soukkal/StageM2/Control_genomes/results/Viral_Homology_results/GCA_019455685.1/run_mmseqs2/result_mmseqs2.m8
    output: /beegfs/data/soukkal/StageM2/Control_genomes/results/Viral_Homology_results/GCA_019455685.1/run_mmseqs2/result_mmseqs2_strand_V.m8, /beegfs/data/soukkal/StageM2/Control_genomes/results/Viral_Homology_results/GCA_019455685.1/run_mmseqs2/result_mmseqs2_strand_summary_V.m8
    jobid: 59
    wildcards: Genome_ID=GCA_019455685.1

Submitted job 59 with external jobid 'Submitted batch job 3612105'.
[Tue Apr  5 23:35:21 2022]
Finished job 47.
41 of 161 steps (25%) done

[Tue Apr  5 23:35:21 2022]
rule Extract_loci:
    input: /beegfs/data/soukkal/StageM2/Control_genomes/results/Viral_Homology_results/GCA_001015115.1/run_mmseqs2/result_mmseqs2_strand_summary_V.m8
    output: /beegfs/data/soukkal/StageM2/Control_genomes/results/Viral_Homology_results/GCA_001015115.1/Fasta_viral_loci.fna
    jobid: 87
    wildcards: Genome_ID=GCA_001015115.1

Submitted job 87 with external jobid 'Submitted batch job 3612164'.
[Tue Apr  5 23:35:35 2022]
Finished job 39.
42 of 161 steps (26%) done

[Tue Apr  5 23:35:35 2022]
rule Define_loci:
    input: /beegfs/data/soukkal/StageM2/Control_genomes/results/Viral_Homology_results/GCF_013731165.1/run_mmseqs2/result_mmseqs2.m8
    output: /beegfs/data/soukkal/StageM2/Control_genomes/results/Viral_Homology_results/GCF_013731165.1/run_mmseqs2/result_mmseqs2_strand_V.m8, /beegfs/data/soukkal/StageM2/Control_genomes/results/Viral_Homology_results/GCF_013731165.1/run_mmseqs2/result_mmseqs2_strand_summary_V.m8
    jobid: 79
    wildcards: Genome_ID=GCF_013731165.1

Submitted job 79 with external jobid 'Submitted batch job 3612165'.
[Tue Apr  5 23:36:03 2022]
Finished job 77.
43 of 161 steps (27%) done

[Tue Apr  5 23:36:03 2022]
rule Extract_loci:
    input: /beegfs/data/soukkal/StageM2/Control_genomes/results/Viral_Homology_results/GCF_009650485.1/run_mmseqs2/result_mmseqs2_strand_summary_V.m8
    output: /beegfs/data/soukkal/StageM2/Control_genomes/results/Viral_Homology_results/GCF_009650485.1/Fasta_viral_loci.fna
    jobid: 117
    wildcards: Genome_ID=GCF_009650485.1

Submitted job 117 with external jobid 'Submitted batch job 3612166'.
[Tue Apr  5 23:36:18 2022]
Finished job 74.
44 of 161 steps (27%) done

[Tue Apr  5 23:36:18 2022]
rule Extract_loci:
    input: /beegfs/data/soukkal/StageM2/Control_genomes/results/Viral_Homology_results/GCF_000699065.1/run_mmseqs2/result_mmseqs2_strand_summary_V.m8
    output: /beegfs/data/soukkal/StageM2/Control_genomes/results/Viral_Homology_results/GCF_000699065.1/Fasta_viral_loci.fna
    jobid: 114
    wildcards: Genome_ID=GCF_000699065.1

Submitted job 114 with external jobid 'Submitted batch job 3612167'.
[Tue Apr  5 23:36:32 2022]
Finished job 43.
45 of 161 steps (28%) done

[Tue Apr  5 23:36:32 2022]
rule Extract_loci:
    input: /beegfs/data/soukkal/StageM2/Control_genomes/results/Viral_Homology_results/GCA_001014575.1/run_mmseqs2/result_mmseqs2_strand_summary_V.m8
    output: /beegfs/data/soukkal/StageM2/Control_genomes/results/Viral_Homology_results/GCA_001014575.1/Fasta_viral_loci.fna
    jobid: 83
    wildcards: Genome_ID=GCA_001014575.1

[Tue Apr  5 23:36:32 2022]
Finished job 54.
46 of 161 steps (29%) done
Submitted job 83 with external jobid 'Submitted batch job 3612169'.

[Tue Apr  5 23:36:32 2022]
rule Extract_loci:
    input: /beegfs/data/soukkal/StageM2/Control_genomes/results/Viral_Homology_results/GCA_003952975.1/run_mmseqs2/result_mmseqs2_strand_summary_V.m8
    output: /beegfs/data/soukkal/StageM2/Control_genomes/results/Viral_Homology_results/GCA_003952975.1/Fasta_viral_loci.fna
    jobid: 94
    wildcards: Genome_ID=GCA_003952975.1

Submitted job 94 with external jobid 'Submitted batch job 3612170'.
[Tue Apr  5 23:36:46 2022]
Finished job 46.
47 of 161 steps (29%) done

[Tue Apr  5 23:36:46 2022]
rule Extract_loci:
    input: /beegfs/data/soukkal/StageM2/Control_genomes/results/Viral_Homology_results/GCA_001015075.1/run_mmseqs2/result_mmseqs2_strand_summary_V.m8
    output: /beegfs/data/soukkal/StageM2/Control_genomes/results/Viral_Homology_results/GCA_001015075.1/Fasta_viral_loci.fna
    jobid: 86
    wildcards: Genome_ID=GCA_001015075.1

Submitted job 86 with external jobid 'Submitted batch job 3612171'.
[Tue Apr  5 23:37:03 2022]
Finished job 48.
48 of 161 steps (30%) done

[Tue Apr  5 23:37:04 2022]
rule Extract_loci:
    input: /beegfs/data/soukkal/StageM2/Control_genomes/results/Viral_Homology_results/GCA_001015175.1/run_mmseqs2/result_mmseqs2_strand_summary_V.m8
    output: /beegfs/data/soukkal/StageM2/Control_genomes/results/Viral_Homology_results/GCA_001015175.1/Fasta_viral_loci.fna
    jobid: 88
    wildcards: Genome_ID=GCA_001015175.1

Submitted job 88 with external jobid 'Submitted batch job 3612172'.
[Tue Apr  5 23:37:16 2022]
Finished job 55.
49 of 161 steps (30%) done

[Tue Apr  5 23:37:16 2022]
rule Extract_loci:
    input: /beegfs/data/soukkal/StageM2/Control_genomes/results/Viral_Homology_results/GCA_004302925.1/run_mmseqs2/result_mmseqs2_strand_summary_V.m8
    output: /beegfs/data/soukkal/StageM2/Control_genomes/results/Viral_Homology_results/GCA_004302925.1/Fasta_viral_loci.fna
    jobid: 95
    wildcards: Genome_ID=GCA_004302925.1

Submitted job 95 with external jobid 'Submitted batch job 3612173'.
[Tue Apr  5 23:37:30 2022]
Finished job 57.
50 of 161 steps (31%) done

[Tue Apr  5 23:37:30 2022]
rule Extract_loci:
    input: /beegfs/data/soukkal/StageM2/Control_genomes/results/Viral_Homology_results/GCA_014858695.1/run_mmseqs2/result_mmseqs2_strand_summary_V.m8
    output: /beegfs/data/soukkal/StageM2/Control_genomes/results/Viral_Homology_results/GCA_014858695.1/Fasta_viral_loci.fna
    jobid: 97
    wildcards: Genome_ID=GCA_014858695.1

Submitted job 97 with external jobid 'Submitted batch job 3612174'.
[Tue Apr  5 23:37:45 2022]
Finished job 56.
51 of 161 steps (32%) done

[Tue Apr  5 23:37:45 2022]
rule Extract_loci:
    input: /beegfs/data/soukkal/StageM2/Control_genomes/results/Viral_Homology_results/GCA_005959815.1/run_mmseqs2/result_mmseqs2_strand_summary_V.m8
    output: /beegfs/data/soukkal/StageM2/Control_genomes/results/Viral_Homology_results/GCA_005959815.1/Fasta_viral_loci.fna
    jobid: 96
    wildcards: Genome_ID=GCA_005959815.1

[Tue Apr  5 23:37:46 2022]
Finished job 49.
52 of 161 steps (32%) done
Submitted job 96 with external jobid 'Submitted batch job 3612175'.

[Tue Apr  5 23:37:46 2022]
rule Extract_loci:
    input: /beegfs/data/soukkal/StageM2/Control_genomes/results/Viral_Homology_results/GCA_001017275.1/run_mmseqs2/result_mmseqs2_strand_summary_V.m8
    output: /beegfs/data/soukkal/StageM2/Control_genomes/results/Viral_Homology_results/GCA_001017275.1/Fasta_viral_loci.fna
    jobid: 89
    wildcards: Genome_ID=GCA_001017275.1

Submitted job 89 with external jobid 'Submitted batch job 3612176'.
[Tue Apr  5 23:38:27 2022]
Finished job 50.
53 of 161 steps (33%) done

[Tue Apr  5 23:38:27 2022]
rule Extract_loci:
    input: /beegfs/data/soukkal/StageM2/Control_genomes/results/Viral_Homology_results/GCA_001017515.1/run_mmseqs2/result_mmseqs2_strand_summary_V.m8
    output: /beegfs/data/soukkal/StageM2/Control_genomes/results/Viral_Homology_results/GCA_001017515.1/Fasta_viral_loci.fna
    jobid: 90
    wildcards: Genome_ID=GCA_001017515.1

Submitted job 90 with external jobid 'Submitted batch job 3612178'.
[Tue Apr  5 23:39:09 2022]
Finished job 76.
54 of 161 steps (34%) done

[Tue Apr  5 23:39:09 2022]
rule Extract_loci:
    input: /beegfs/data/soukkal/StageM2/Control_genomes/results/Viral_Homology_results/GCF_002237135.1/run_mmseqs2/result_mmseqs2_strand_summary_V.m8
    output: /beegfs/data/soukkal/StageM2/Control_genomes/results/Viral_Homology_results/GCF_002237135.1/Fasta_viral_loci.fna
    jobid: 116
    wildcards: Genome_ID=GCF_002237135.1

[Tue Apr  5 23:39:09 2022]
Finished job 60.
55 of 161 steps (34%) done
Submitted job 116 with external jobid 'Submitted batch job 3612179'.

[Tue Apr  5 23:39:09 2022]
rule Extract_loci:
    input: /beegfs/data/soukkal/StageM2/Control_genomes/results/Viral_Homology_results/GCA_020466095.1/run_mmseqs2/result_mmseqs2_strand_summary_V.m8
    output: /beegfs/data/soukkal/StageM2/Control_genomes/results/Viral_Homology_results/GCA_020466095.1/Fasta_viral_loci.fna
    jobid: 100
    wildcards: Genome_ID=GCA_020466095.1

Submitted job 100 with external jobid 'Submitted batch job 3612180'.
[Tue Apr  5 23:39:23 2022]
Finished job 68.
56 of 161 steps (35%) done

[Tue Apr  5 23:39:23 2022]
rule Extract_loci:
    input: /beegfs/data/soukkal/StageM2/Control_genomes/results/Viral_Homology_results/GCA_917880715.2/run_mmseqs2/result_mmseqs2_strand_summary_V.m8
    output: /beegfs/data/soukkal/StageM2/Control_genomes/results/Viral_Homology_results/GCA_917880715.2/Fasta_viral_loci.fna
    jobid: 108
    wildcards: Genome_ID=GCA_917880715.2

Submitted job 108 with external jobid 'Submitted batch job 3612182'.
[Tue Apr  5 23:39:37 2022]
Finished job 45.
57 of 161 steps (35%) done

[Tue Apr  5 23:39:37 2022]
rule Extract_loci:
    input: /beegfs/data/soukkal/StageM2/Control_genomes/results/Viral_Homology_results/GCA_001014935.1/run_mmseqs2/result_mmseqs2_strand_summary_V.m8
    output: /beegfs/data/soukkal/StageM2/Control_genomes/results/Viral_Homology_results/GCA_001014935.1/Fasta_viral_loci.fna
    jobid: 85
    wildcards: Genome_ID=GCA_001014935.1

Submitted job 85 with external jobid 'Submitted batch job 3612184'.
[Tue Apr  5 23:40:19 2022]
Finished job 72.
58 of 161 steps (36%) done

[Tue Apr  5 23:40:19 2022]
rule Extract_loci:
    input: /beegfs/data/soukkal/StageM2/Control_genomes/results/Viral_Homology_results/GCF_000001215.4/run_mmseqs2/result_mmseqs2_strand_summary_V.m8
    output: /beegfs/data/soukkal/StageM2/Control_genomes/results/Viral_Homology_results/GCF_000001215.4/Fasta_viral_loci.fna
    jobid: 112
    wildcards: Genome_ID=GCF_000001215.4

Submitted job 112 with external jobid 'Submitted batch job 3612185'.
[Tue Apr  5 23:40:47 2022]
Error in rule Extract_loci:
    jobid: 82
    output: /beegfs/data/soukkal/StageM2/Control_genomes/results/Viral_Homology_results/GCA_001014415.1/Fasta_viral_loci.fna
    shell:
        
		python3 /beegfs/data/soukkal/StageM2/Scripts/Homology_search/Extract_loci.py -s GCA_001014415.1 -l /beegfs/data/soukkal/StageM2/Control_genomes/results/Viral_Homology_results/GCA_001014415.1/run_mmseqs2/result_mmseqs2_strand_summary_V.m8 -b /beegfs/data/soukkal/StageM2/Control_genomes/results/Viral_Homology_results/GCA_001014415.1/Fasta_viral_loci.bed -o /beegfs/data/soukkal/StageM2/Control_genomes/results/Viral_Homology_results/GCA_001014415.1/Fasta_viral_loci.fna >& /beegfs/data/soukkal/StageM2/Control_genomes/results/Viral_Homology_results/Extract_loci_GCA_001014415.1.out
		#Add species name into the loci names 
		sed -i 's@)@):GCA_001014415.1@g' /beegfs/data/soukkal/StageM2/Control_genomes/results/Viral_Homology_results/GCA_001014415.1/Fasta_viral_loci.fna 
		
        (one of the commands exited with non-zero exit code; note that snakemake uses bash strict mode!)
    cluster_jobid: Submitted batch job 3611264

Error executing rule Extract_loci on cluster (jobid: 82, external: Submitted batch job 3611264, jobscript: /beegfs/data/soukkal/StageM2/Scripts/Homology_search/.snakemake/tmp.xmyt7czr/snakejob.Extract_loci.82.sh). For error details see the cluster log and the log files of the involved rule(s).
[Tue Apr  5 23:40:47 2022]
Finished job 71.
59 of 161 steps (37%) done
[Tue Apr  5 23:41:01 2022]
Finished job 78.
60 of 161 steps (37%) done
[Tue Apr  5 23:41:14 2022]
Finished job 62.
61 of 161 steps (38%) done
[Tue Apr  5 23:41:40 2022]
Finished job 58.
62 of 161 steps (39%) done
[Tue Apr  5 23:41:53 2022]
Finished job 44.
63 of 161 steps (39%) done
[Tue Apr  5 23:42:19 2022]
Finished job 51.
64 of 161 steps (40%) done
[Tue Apr  5 23:42:46 2022]
Finished job 80.
65 of 161 steps (40%) done
[Tue Apr  5 23:43:39 2022]
Finished job 52.
66 of 161 steps (41%) done
[Tue Apr  5 23:43:51 2022]
Finished job 67.
67 of 161 steps (42%) done
[Tue Apr  5 23:44:17 2022]
Finished job 73.
68 of 161 steps (42%) done
[Tue Apr  5 23:44:30 2022]
Finished job 69.
69 of 161 steps (43%) done
[Tue Apr  5 23:44:54 2022]
Finished job 75.
70 of 161 steps (43%) done
[Tue Apr  5 23:45:30 2022]
Finished job 81.
71 of 161 steps (44%) done
[Tue Apr  5 23:46:55 2022]
Finished job 66.
72 of 161 steps (45%) done
[Tue Apr  5 23:47:30 2022]
Finished job 61.
73 of 161 steps (45%) done
[Tue Apr  5 23:48:30 2022]
Finished job 64.
74 of 161 steps (46%) done
[Tue Apr  5 23:48:42 2022]
Finished job 63.
75 of 161 steps (47%) done
[Tue Apr  5 23:48:54 2022]
Finished job 53.
76 of 161 steps (47%) done
[Tue Apr  5 23:50:06 2022]
Error in rule Extract_loci:
    jobid: 87
    output: /beegfs/data/soukkal/StageM2/Control_genomes/results/Viral_Homology_results/GCA_001015115.1/Fasta_viral_loci.fna
    shell:
        
		python3 /beegfs/data/soukkal/StageM2/Scripts/Homology_search/Extract_loci.py -s GCA_001015115.1 -l /beegfs/data/soukkal/StageM2/Control_genomes/results/Viral_Homology_results/GCA_001015115.1/run_mmseqs2/result_mmseqs2_strand_summary_V.m8 -b /beegfs/data/soukkal/StageM2/Control_genomes/results/Viral_Homology_results/GCA_001015115.1/Fasta_viral_loci.bed -o /beegfs/data/soukkal/StageM2/Control_genomes/results/Viral_Homology_results/GCA_001015115.1/Fasta_viral_loci.fna >& /beegfs/data/soukkal/StageM2/Control_genomes/results/Viral_Homology_results/Extract_loci_GCA_001015115.1.out
		#Add species name into the loci names 
		sed -i 's@)@):GCA_001015115.1@g' /beegfs/data/soukkal/StageM2/Control_genomes/results/Viral_Homology_results/GCA_001015115.1/Fasta_viral_loci.fna 
		
        (one of the commands exited with non-zero exit code; note that snakemake uses bash strict mode!)
    cluster_jobid: Submitted batch job 3612164

Error executing rule Extract_loci on cluster (jobid: 87, external: Submitted batch job 3612164, jobscript: /beegfs/data/soukkal/StageM2/Scripts/Homology_search/.snakemake/tmp.xmyt7czr/snakejob.Extract_loci.87.sh). For error details see the cluster log and the log files of the involved rule(s).
[Tue Apr  5 23:50:06 2022]
Finished job 59.
77 of 161 steps (48%) done
[Tue Apr  5 23:50:40 2022]
Error in rule Extract_loci:
    jobid: 117
    output: /beegfs/data/soukkal/StageM2/Control_genomes/results/Viral_Homology_results/GCF_009650485.1/Fasta_viral_loci.fna
    shell:
        
		python3 /beegfs/data/soukkal/StageM2/Scripts/Homology_search/Extract_loci.py -s GCF_009650485.1 -l /beegfs/data/soukkal/StageM2/Control_genomes/results/Viral_Homology_results/GCF_009650485.1/run_mmseqs2/result_mmseqs2_strand_summary_V.m8 -b /beegfs/data/soukkal/StageM2/Control_genomes/results/Viral_Homology_results/GCF_009650485.1/Fasta_viral_loci.bed -o /beegfs/data/soukkal/StageM2/Control_genomes/results/Viral_Homology_results/GCF_009650485.1/Fasta_viral_loci.fna >& /beegfs/data/soukkal/StageM2/Control_genomes/results/Viral_Homology_results/Extract_loci_GCF_009650485.1.out
		#Add species name into the loci names 
		sed -i 's@)@):GCF_009650485.1@g' /beegfs/data/soukkal/StageM2/Control_genomes/results/Viral_Homology_results/GCF_009650485.1/Fasta_viral_loci.fna 
		
        (one of the commands exited with non-zero exit code; note that snakemake uses bash strict mode!)
    cluster_jobid: Submitted batch job 3612166

Error executing rule Extract_loci on cluster (jobid: 117, external: Submitted batch job 3612166, jobscript: /beegfs/data/soukkal/StageM2/Scripts/Homology_search/.snakemake/tmp.xmyt7czr/snakejob.Extract_loci.117.sh). For error details see the cluster log and the log files of the involved rule(s).
[Tue Apr  5 23:50:51 2022]
Error in rule Extract_loci:
    jobid: 114
    output: /beegfs/data/soukkal/StageM2/Control_genomes/results/Viral_Homology_results/GCF_000699065.1/Fasta_viral_loci.fna
    shell:
        
		python3 /beegfs/data/soukkal/StageM2/Scripts/Homology_search/Extract_loci.py -s GCF_000699065.1 -l /beegfs/data/soukkal/StageM2/Control_genomes/results/Viral_Homology_results/GCF_000699065.1/run_mmseqs2/result_mmseqs2_strand_summary_V.m8 -b /beegfs/data/soukkal/StageM2/Control_genomes/results/Viral_Homology_results/GCF_000699065.1/Fasta_viral_loci.bed -o /beegfs/data/soukkal/StageM2/Control_genomes/results/Viral_Homology_results/GCF_000699065.1/Fasta_viral_loci.fna >& /beegfs/data/soukkal/StageM2/Control_genomes/results/Viral_Homology_results/Extract_loci_GCF_000699065.1.out
		#Add species name into the loci names 
		sed -i 's@)@):GCF_000699065.1@g' /beegfs/data/soukkal/StageM2/Control_genomes/results/Viral_Homology_results/GCF_000699065.1/Fasta_viral_loci.fna 
		
        (one of the commands exited with non-zero exit code; note that snakemake uses bash strict mode!)
    cluster_jobid: Submitted batch job 3612167

Error executing rule Extract_loci on cluster (jobid: 114, external: Submitted batch job 3612167, jobscript: /beegfs/data/soukkal/StageM2/Scripts/Homology_search/.snakemake/tmp.xmyt7czr/snakejob.Extract_loci.114.sh). For error details see the cluster log and the log files of the involved rule(s).
[Tue Apr  5 23:51:02 2022]
Error in rule Extract_loci:
    jobid: 83
    output: /beegfs/data/soukkal/StageM2/Control_genomes/results/Viral_Homology_results/GCA_001014575.1/Fasta_viral_loci.fna
    shell:
        
		python3 /beegfs/data/soukkal/StageM2/Scripts/Homology_search/Extract_loci.py -s GCA_001014575.1 -l /beegfs/data/soukkal/StageM2/Control_genomes/results/Viral_Homology_results/GCA_001014575.1/run_mmseqs2/result_mmseqs2_strand_summary_V.m8 -b /beegfs/data/soukkal/StageM2/Control_genomes/results/Viral_Homology_results/GCA_001014575.1/Fasta_viral_loci.bed -o /beegfs/data/soukkal/StageM2/Control_genomes/results/Viral_Homology_results/GCA_001014575.1/Fasta_viral_loci.fna >& /beegfs/data/soukkal/StageM2/Control_genomes/results/Viral_Homology_results/Extract_loci_GCA_001014575.1.out
		#Add species name into the loci names 
		sed -i 's@)@):GCA_001014575.1@g' /beegfs/data/soukkal/StageM2/Control_genomes/results/Viral_Homology_results/GCA_001014575.1/Fasta_viral_loci.fna 
		
        (one of the commands exited with non-zero exit code; note that snakemake uses bash strict mode!)
    cluster_jobid: Submitted batch job 3612169

Error executing rule Extract_loci on cluster (jobid: 83, external: Submitted batch job 3612169, jobscript: /beegfs/data/soukkal/StageM2/Scripts/Homology_search/.snakemake/tmp.xmyt7czr/snakejob.Extract_loci.83.sh). For error details see the cluster log and the log files of the involved rule(s).
[Tue Apr  5 23:51:12 2022]
Error in rule Extract_loci:
    jobid: 97
    output: /beegfs/data/soukkal/StageM2/Control_genomes/results/Viral_Homology_results/GCA_014858695.1/Fasta_viral_loci.fna
    shell:
        
		python3 /beegfs/data/soukkal/StageM2/Scripts/Homology_search/Extract_loci.py -s GCA_014858695.1 -l /beegfs/data/soukkal/StageM2/Control_genomes/results/Viral_Homology_results/GCA_014858695.1/run_mmseqs2/result_mmseqs2_strand_summary_V.m8 -b /beegfs/data/soukkal/StageM2/Control_genomes/results/Viral_Homology_results/GCA_014858695.1/Fasta_viral_loci.bed -o /beegfs/data/soukkal/StageM2/Control_genomes/results/Viral_Homology_results/GCA_014858695.1/Fasta_viral_loci.fna >& /beegfs/data/soukkal/StageM2/Control_genomes/results/Viral_Homology_results/Extract_loci_GCA_014858695.1.out
		#Add species name into the loci names 
		sed -i 's@)@):GCA_014858695.1@g' /beegfs/data/soukkal/StageM2/Control_genomes/results/Viral_Homology_results/GCA_014858695.1/Fasta_viral_loci.fna 
		
        (one of the commands exited with non-zero exit code; note that snakemake uses bash strict mode!)
    cluster_jobid: Submitted batch job 3612174

Error executing rule Extract_loci on cluster (jobid: 97, external: Submitted batch job 3612174, jobscript: /beegfs/data/soukkal/StageM2/Scripts/Homology_search/.snakemake/tmp.xmyt7czr/snakejob.Extract_loci.97.sh). For error details see the cluster log and the log files of the involved rule(s).
[Tue Apr  5 23:51:12 2022]
Error in rule Extract_loci:
    jobid: 95
    output: /beegfs/data/soukkal/StageM2/Control_genomes/results/Viral_Homology_results/GCA_004302925.1/Fasta_viral_loci.fna
    shell:
        
		python3 /beegfs/data/soukkal/StageM2/Scripts/Homology_search/Extract_loci.py -s GCA_004302925.1 -l /beegfs/data/soukkal/StageM2/Control_genomes/results/Viral_Homology_results/GCA_004302925.1/run_mmseqs2/result_mmseqs2_strand_summary_V.m8 -b /beegfs/data/soukkal/StageM2/Control_genomes/results/Viral_Homology_results/GCA_004302925.1/Fasta_viral_loci.bed -o /beegfs/data/soukkal/StageM2/Control_genomes/results/Viral_Homology_results/GCA_004302925.1/Fasta_viral_loci.fna >& /beegfs/data/soukkal/StageM2/Control_genomes/results/Viral_Homology_results/Extract_loci_GCA_004302925.1.out
		#Add species name into the loci names 
		sed -i 's@)@):GCA_004302925.1@g' /beegfs/data/soukkal/StageM2/Control_genomes/results/Viral_Homology_results/GCA_004302925.1/Fasta_viral_loci.fna 
		
        (one of the commands exited with non-zero exit code; note that snakemake uses bash strict mode!)
    cluster_jobid: Submitted batch job 3612173

Error executing rule Extract_loci on cluster (jobid: 95, external: Submitted batch job 3612173, jobscript: /beegfs/data/soukkal/StageM2/Scripts/Homology_search/.snakemake/tmp.xmyt7czr/snakejob.Extract_loci.95.sh). For error details see the cluster log and the log files of the involved rule(s).
[Tue Apr  5 23:51:13 2022]
Error in rule Extract_loci:
    jobid: 86
    output: /beegfs/data/soukkal/StageM2/Control_genomes/results/Viral_Homology_results/GCA_001015075.1/Fasta_viral_loci.fna
    shell:
        
		python3 /beegfs/data/soukkal/StageM2/Scripts/Homology_search/Extract_loci.py -s GCA_001015075.1 -l /beegfs/data/soukkal/StageM2/Control_genomes/results/Viral_Homology_results/GCA_001015075.1/run_mmseqs2/result_mmseqs2_strand_summary_V.m8 -b /beegfs/data/soukkal/StageM2/Control_genomes/results/Viral_Homology_results/GCA_001015075.1/Fasta_viral_loci.bed -o /beegfs/data/soukkal/StageM2/Control_genomes/results/Viral_Homology_results/GCA_001015075.1/Fasta_viral_loci.fna >& /beegfs/data/soukkal/StageM2/Control_genomes/results/Viral_Homology_results/Extract_loci_GCA_001015075.1.out
		#Add species name into the loci names 
		sed -i 's@)@):GCA_001015075.1@g' /beegfs/data/soukkal/StageM2/Control_genomes/results/Viral_Homology_results/GCA_001015075.1/Fasta_viral_loci.fna 
		
        (one of the commands exited with non-zero exit code; note that snakemake uses bash strict mode!)
    cluster_jobid: Submitted batch job 3612171

Error executing rule Extract_loci on cluster (jobid: 86, external: Submitted batch job 3612171, jobscript: /beegfs/data/soukkal/StageM2/Scripts/Homology_search/.snakemake/tmp.xmyt7czr/snakejob.Extract_loci.86.sh). For error details see the cluster log and the log files of the involved rule(s).
[Tue Apr  5 23:51:13 2022]
Error in rule Extract_loci:
    jobid: 94
    output: /beegfs/data/soukkal/StageM2/Control_genomes/results/Viral_Homology_results/GCA_003952975.1/Fasta_viral_loci.fna
    shell:
        
		python3 /beegfs/data/soukkal/StageM2/Scripts/Homology_search/Extract_loci.py -s GCA_003952975.1 -l /beegfs/data/soukkal/StageM2/Control_genomes/results/Viral_Homology_results/GCA_003952975.1/run_mmseqs2/result_mmseqs2_strand_summary_V.m8 -b /beegfs/data/soukkal/StageM2/Control_genomes/results/Viral_Homology_results/GCA_003952975.1/Fasta_viral_loci.bed -o /beegfs/data/soukkal/StageM2/Control_genomes/results/Viral_Homology_results/GCA_003952975.1/Fasta_viral_loci.fna >& /beegfs/data/soukkal/StageM2/Control_genomes/results/Viral_Homology_results/Extract_loci_GCA_003952975.1.out
		#Add species name into the loci names 
		sed -i 's@)@):GCA_003952975.1@g' /beegfs/data/soukkal/StageM2/Control_genomes/results/Viral_Homology_results/GCA_003952975.1/Fasta_viral_loci.fna 
		
        (one of the commands exited with non-zero exit code; note that snakemake uses bash strict mode!)
    cluster_jobid: Submitted batch job 3612170

Error executing rule Extract_loci on cluster (jobid: 94, external: Submitted batch job 3612170, jobscript: /beegfs/data/soukkal/StageM2/Scripts/Homology_search/.snakemake/tmp.xmyt7czr/snakejob.Extract_loci.94.sh). For error details see the cluster log and the log files of the involved rule(s).
[Tue Apr  5 23:51:13 2022]
Finished job 65.
78 of 161 steps (48%) done
[Tue Apr  5 23:51:13 2022]
Error in rule Extract_loci:
    jobid: 88
    output: /beegfs/data/soukkal/StageM2/Control_genomes/results/Viral_Homology_results/GCA_001015175.1/Fasta_viral_loci.fna
    shell:
        
		python3 /beegfs/data/soukkal/StageM2/Scripts/Homology_search/Extract_loci.py -s GCA_001015175.1 -l /beegfs/data/soukkal/StageM2/Control_genomes/results/Viral_Homology_results/GCA_001015175.1/run_mmseqs2/result_mmseqs2_strand_summary_V.m8 -b /beegfs/data/soukkal/StageM2/Control_genomes/results/Viral_Homology_results/GCA_001015175.1/Fasta_viral_loci.bed -o /beegfs/data/soukkal/StageM2/Control_genomes/results/Viral_Homology_results/GCA_001015175.1/Fasta_viral_loci.fna >& /beegfs/data/soukkal/StageM2/Control_genomes/results/Viral_Homology_results/Extract_loci_GCA_001015175.1.out
		#Add species name into the loci names 
		sed -i 's@)@):GCA_001015175.1@g' /beegfs/data/soukkal/StageM2/Control_genomes/results/Viral_Homology_results/GCA_001015175.1/Fasta_viral_loci.fna 
		
        (one of the commands exited with non-zero exit code; note that snakemake uses bash strict mode!)
    cluster_jobid: Submitted batch job 3612172

Error executing rule Extract_loci on cluster (jobid: 88, external: Submitted batch job 3612172, jobscript: /beegfs/data/soukkal/StageM2/Scripts/Homology_search/.snakemake/tmp.xmyt7czr/snakejob.Extract_loci.88.sh). For error details see the cluster log and the log files of the involved rule(s).
[Tue Apr  5 23:51:23 2022]
Error in rule Extract_loci:
    jobid: 90
    output: /beegfs/data/soukkal/StageM2/Control_genomes/results/Viral_Homology_results/GCA_001017515.1/Fasta_viral_loci.fna
    shell:
        
		python3 /beegfs/data/soukkal/StageM2/Scripts/Homology_search/Extract_loci.py -s GCA_001017515.1 -l /beegfs/data/soukkal/StageM2/Control_genomes/results/Viral_Homology_results/GCA_001017515.1/run_mmseqs2/result_mmseqs2_strand_summary_V.m8 -b /beegfs/data/soukkal/StageM2/Control_genomes/results/Viral_Homology_results/GCA_001017515.1/Fasta_viral_loci.bed -o /beegfs/data/soukkal/StageM2/Control_genomes/results/Viral_Homology_results/GCA_001017515.1/Fasta_viral_loci.fna >& /beegfs/data/soukkal/StageM2/Control_genomes/results/Viral_Homology_results/Extract_loci_GCA_001017515.1.out
		#Add species name into the loci names 
		sed -i 's@)@):GCA_001017515.1@g' /beegfs/data/soukkal/StageM2/Control_genomes/results/Viral_Homology_results/GCA_001017515.1/Fasta_viral_loci.fna 
		
        (one of the commands exited with non-zero exit code; note that snakemake uses bash strict mode!)
    cluster_jobid: Submitted batch job 3612178

Error executing rule Extract_loci on cluster (jobid: 90, external: Submitted batch job 3612178, jobscript: /beegfs/data/soukkal/StageM2/Scripts/Homology_search/.snakemake/tmp.xmyt7czr/snakejob.Extract_loci.90.sh). For error details see the cluster log and the log files of the involved rule(s).
[Tue Apr  5 23:51:23 2022]
Error in rule Extract_loci:
    jobid: 96
    output: /beegfs/data/soukkal/StageM2/Control_genomes/results/Viral_Homology_results/GCA_005959815.1/Fasta_viral_loci.fna
    shell:
        
		python3 /beegfs/data/soukkal/StageM2/Scripts/Homology_search/Extract_loci.py -s GCA_005959815.1 -l /beegfs/data/soukkal/StageM2/Control_genomes/results/Viral_Homology_results/GCA_005959815.1/run_mmseqs2/result_mmseqs2_strand_summary_V.m8 -b /beegfs/data/soukkal/StageM2/Control_genomes/results/Viral_Homology_results/GCA_005959815.1/Fasta_viral_loci.bed -o /beegfs/data/soukkal/StageM2/Control_genomes/results/Viral_Homology_results/GCA_005959815.1/Fasta_viral_loci.fna >& /beegfs/data/soukkal/StageM2/Control_genomes/results/Viral_Homology_results/Extract_loci_GCA_005959815.1.out
		#Add species name into the loci names 
		sed -i 's@)@):GCA_005959815.1@g' /beegfs/data/soukkal/StageM2/Control_genomes/results/Viral_Homology_results/GCA_005959815.1/Fasta_viral_loci.fna 
		
        (one of the commands exited with non-zero exit code; note that snakemake uses bash strict mode!)
    cluster_jobid: Submitted batch job 3612175

Error executing rule Extract_loci on cluster (jobid: 96, external: Submitted batch job 3612175, jobscript: /beegfs/data/soukkal/StageM2/Scripts/Homology_search/.snakemake/tmp.xmyt7czr/snakejob.Extract_loci.96.sh). For error details see the cluster log and the log files of the involved rule(s).
[Tue Apr  5 23:51:23 2022]
Error in rule Extract_loci:
    jobid: 89
    output: /beegfs/data/soukkal/StageM2/Control_genomes/results/Viral_Homology_results/GCA_001017275.1/Fasta_viral_loci.fna
    shell:
        
		python3 /beegfs/data/soukkal/StageM2/Scripts/Homology_search/Extract_loci.py -s GCA_001017275.1 -l /beegfs/data/soukkal/StageM2/Control_genomes/results/Viral_Homology_results/GCA_001017275.1/run_mmseqs2/result_mmseqs2_strand_summary_V.m8 -b /beegfs/data/soukkal/StageM2/Control_genomes/results/Viral_Homology_results/GCA_001017275.1/Fasta_viral_loci.bed -o /beegfs/data/soukkal/StageM2/Control_genomes/results/Viral_Homology_results/GCA_001017275.1/Fasta_viral_loci.fna >& /beegfs/data/soukkal/StageM2/Control_genomes/results/Viral_Homology_results/Extract_loci_GCA_001017275.1.out
		#Add species name into the loci names 
		sed -i 's@)@):GCA_001017275.1@g' /beegfs/data/soukkal/StageM2/Control_genomes/results/Viral_Homology_results/GCA_001017275.1/Fasta_viral_loci.fna 
		
        (one of the commands exited with non-zero exit code; note that snakemake uses bash strict mode!)
    cluster_jobid: Submitted batch job 3612176

Error executing rule Extract_loci on cluster (jobid: 89, external: Submitted batch job 3612176, jobscript: /beegfs/data/soukkal/StageM2/Scripts/Homology_search/.snakemake/tmp.xmyt7czr/snakejob.Extract_loci.89.sh). For error details see the cluster log and the log files of the involved rule(s).
[Tue Apr  5 23:51:35 2022]
Error in rule Extract_loci:
    jobid: 112
    output: /beegfs/data/soukkal/StageM2/Control_genomes/results/Viral_Homology_results/GCF_000001215.4/Fasta_viral_loci.fna
    shell:
        
		python3 /beegfs/data/soukkal/StageM2/Scripts/Homology_search/Extract_loci.py -s GCF_000001215.4 -l /beegfs/data/soukkal/StageM2/Control_genomes/results/Viral_Homology_results/GCF_000001215.4/run_mmseqs2/result_mmseqs2_strand_summary_V.m8 -b /beegfs/data/soukkal/StageM2/Control_genomes/results/Viral_Homology_results/GCF_000001215.4/Fasta_viral_loci.bed -o /beegfs/data/soukkal/StageM2/Control_genomes/results/Viral_Homology_results/GCF_000001215.4/Fasta_viral_loci.fna >& /beegfs/data/soukkal/StageM2/Control_genomes/results/Viral_Homology_results/Extract_loci_GCF_000001215.4.out
		#Add species name into the loci names 
		sed -i 's@)@):GCF_000001215.4@g' /beegfs/data/soukkal/StageM2/Control_genomes/results/Viral_Homology_results/GCF_000001215.4/Fasta_viral_loci.fna 
		
        (one of the commands exited with non-zero exit code; note that snakemake uses bash strict mode!)
    cluster_jobid: Submitted batch job 3612185

Error executing rule Extract_loci on cluster (jobid: 112, external: Submitted batch job 3612185, jobscript: /beegfs/data/soukkal/StageM2/Scripts/Homology_search/.snakemake/tmp.xmyt7czr/snakejob.Extract_loci.112.sh). For error details see the cluster log and the log files of the involved rule(s).
[Tue Apr  5 23:51:35 2022]
Error in rule Extract_loci:
    jobid: 85
    output: /beegfs/data/soukkal/StageM2/Control_genomes/results/Viral_Homology_results/GCA_001014935.1/Fasta_viral_loci.fna
    shell:
        
		python3 /beegfs/data/soukkal/StageM2/Scripts/Homology_search/Extract_loci.py -s GCA_001014935.1 -l /beegfs/data/soukkal/StageM2/Control_genomes/results/Viral_Homology_results/GCA_001014935.1/run_mmseqs2/result_mmseqs2_strand_summary_V.m8 -b /beegfs/data/soukkal/StageM2/Control_genomes/results/Viral_Homology_results/GCA_001014935.1/Fasta_viral_loci.bed -o /beegfs/data/soukkal/StageM2/Control_genomes/results/Viral_Homology_results/GCA_001014935.1/Fasta_viral_loci.fna >& /beegfs/data/soukkal/StageM2/Control_genomes/results/Viral_Homology_results/Extract_loci_GCA_001014935.1.out
		#Add species name into the loci names 
		sed -i 's@)@):GCA_001014935.1@g' /beegfs/data/soukkal/StageM2/Control_genomes/results/Viral_Homology_results/GCA_001014935.1/Fasta_viral_loci.fna 
		
        (one of the commands exited with non-zero exit code; note that snakemake uses bash strict mode!)
    cluster_jobid: Submitted batch job 3612184

Error executing rule Extract_loci on cluster (jobid: 85, external: Submitted batch job 3612184, jobscript: /beegfs/data/soukkal/StageM2/Scripts/Homology_search/.snakemake/tmp.xmyt7czr/snakejob.Extract_loci.85.sh). For error details see the cluster log and the log files of the involved rule(s).
[Tue Apr  5 23:51:35 2022]
Error in rule Extract_loci:
    jobid: 108
    output: /beegfs/data/soukkal/StageM2/Control_genomes/results/Viral_Homology_results/GCA_917880715.2/Fasta_viral_loci.fna
    shell:
        
		python3 /beegfs/data/soukkal/StageM2/Scripts/Homology_search/Extract_loci.py -s GCA_917880715.2 -l /beegfs/data/soukkal/StageM2/Control_genomes/results/Viral_Homology_results/GCA_917880715.2/run_mmseqs2/result_mmseqs2_strand_summary_V.m8 -b /beegfs/data/soukkal/StageM2/Control_genomes/results/Viral_Homology_results/GCA_917880715.2/Fasta_viral_loci.bed -o /beegfs/data/soukkal/StageM2/Control_genomes/results/Viral_Homology_results/GCA_917880715.2/Fasta_viral_loci.fna >& /beegfs/data/soukkal/StageM2/Control_genomes/results/Viral_Homology_results/Extract_loci_GCA_917880715.2.out
		#Add species name into the loci names 
		sed -i 's@)@):GCA_917880715.2@g' /beegfs/data/soukkal/StageM2/Control_genomes/results/Viral_Homology_results/GCA_917880715.2/Fasta_viral_loci.fna 
		
        (one of the commands exited with non-zero exit code; note that snakemake uses bash strict mode!)
    cluster_jobid: Submitted batch job 3612182

Error executing rule Extract_loci on cluster (jobid: 108, external: Submitted batch job 3612182, jobscript: /beegfs/data/soukkal/StageM2/Scripts/Homology_search/.snakemake/tmp.xmyt7czr/snakejob.Extract_loci.108.sh). For error details see the cluster log and the log files of the involved rule(s).
[Tue Apr  5 23:51:35 2022]
Error in rule Extract_loci:
    jobid: 116
    output: /beegfs/data/soukkal/StageM2/Control_genomes/results/Viral_Homology_results/GCF_002237135.1/Fasta_viral_loci.fna
    shell:
        
		python3 /beegfs/data/soukkal/StageM2/Scripts/Homology_search/Extract_loci.py -s GCF_002237135.1 -l /beegfs/data/soukkal/StageM2/Control_genomes/results/Viral_Homology_results/GCF_002237135.1/run_mmseqs2/result_mmseqs2_strand_summary_V.m8 -b /beegfs/data/soukkal/StageM2/Control_genomes/results/Viral_Homology_results/GCF_002237135.1/Fasta_viral_loci.bed -o /beegfs/data/soukkal/StageM2/Control_genomes/results/Viral_Homology_results/GCF_002237135.1/Fasta_viral_loci.fna >& /beegfs/data/soukkal/StageM2/Control_genomes/results/Viral_Homology_results/Extract_loci_GCF_002237135.1.out
		#Add species name into the loci names 
		sed -i 's@)@):GCF_002237135.1@g' /beegfs/data/soukkal/StageM2/Control_genomes/results/Viral_Homology_results/GCF_002237135.1/Fasta_viral_loci.fna 
		
        (one of the commands exited with non-zero exit code; note that snakemake uses bash strict mode!)
    cluster_jobid: Submitted batch job 3612179

Error executing rule Extract_loci on cluster (jobid: 116, external: Submitted batch job 3612179, jobscript: /beegfs/data/soukkal/StageM2/Scripts/Homology_search/.snakemake/tmp.xmyt7czr/snakejob.Extract_loci.116.sh). For error details see the cluster log and the log files of the involved rule(s).
[Tue Apr  5 23:51:35 2022]
Error in rule Extract_loci:
    jobid: 100
    output: /beegfs/data/soukkal/StageM2/Control_genomes/results/Viral_Homology_results/GCA_020466095.1/Fasta_viral_loci.fna
    shell:
        
		python3 /beegfs/data/soukkal/StageM2/Scripts/Homology_search/Extract_loci.py -s GCA_020466095.1 -l /beegfs/data/soukkal/StageM2/Control_genomes/results/Viral_Homology_results/GCA_020466095.1/run_mmseqs2/result_mmseqs2_strand_summary_V.m8 -b /beegfs/data/soukkal/StageM2/Control_genomes/results/Viral_Homology_results/GCA_020466095.1/Fasta_viral_loci.bed -o /beegfs/data/soukkal/StageM2/Control_genomes/results/Viral_Homology_results/GCA_020466095.1/Fasta_viral_loci.fna >& /beegfs/data/soukkal/StageM2/Control_genomes/results/Viral_Homology_results/Extract_loci_GCA_020466095.1.out
		#Add species name into the loci names 
		sed -i 's@)@):GCA_020466095.1@g' /beegfs/data/soukkal/StageM2/Control_genomes/results/Viral_Homology_results/GCA_020466095.1/Fasta_viral_loci.fna 
		
        (one of the commands exited with non-zero exit code; note that snakemake uses bash strict mode!)
    cluster_jobid: Submitted batch job 3612180

Error executing rule Extract_loci on cluster (jobid: 100, external: Submitted batch job 3612180, jobscript: /beegfs/data/soukkal/StageM2/Scripts/Homology_search/.snakemake/tmp.xmyt7czr/snakejob.Extract_loci.100.sh). For error details see the cluster log and the log files of the involved rule(s).
[Tue Apr  5 23:52:05 2022]
Finished job 70.
79 of 161 steps (49%) done
[Tue Apr  5 23:52:55 2022]
Finished job 79.
80 of 161 steps (50%) done
Shutting down, this might take some time.
Exiting because a job execution failed. Look above for error message
Complete log: /beegfs/data/soukkal/StageM2/Scripts/Homology_search/.snakemake/log/2022-04-05T084533.921957.snakemake.log
