Building DAG of jobs...
Using shell: /usr/bin/bash
Provided cluster nodes: 8000
Job counts:
	count	jobs
	40	Define_loci
	40	Extract_loci
	40	Homology_analysis
	40	Translate_loci
	161

[Wed Mar 30 15:26:05 2022]
rule Homology_analysis:
    input: /beegfs/data/soukkal/StageM2/Databases/Refseq_viral_db_nophages_nopolydna, /beegfs/data/soukkal/StageM2/Control_genomes/genomes/GCA_020466095.1.fna
    output: /beegfs/data/soukkal/StageM2/Control_genomes/results/Viral_Homology_results/GCA_020466095.1/run_mmseqs2/result_mmseqs2.m8
    jobid: 20
    wildcards: Genome_ID=GCA_020466095.1

Submitted job 20 with external jobid 'Submitted batch job 3573281'.

[Wed Mar 30 15:26:05 2022]
rule Homology_analysis:
    input: /beegfs/data/soukkal/StageM2/Databases/Refseq_viral_db_nophages_nopolydna, /beegfs/data/soukkal/StageM2/Control_genomes/genomes/GCF_000699065.1.fna
    output: /beegfs/data/soukkal/StageM2/Control_genomes/results/Viral_Homology_results/GCF_000699065.1/run_mmseqs2/result_mmseqs2.m8
    jobid: 34
    wildcards: Genome_ID=GCF_000699065.1

Submitted job 34 with external jobid 'Submitted batch job 3573282'.

[Wed Mar 30 15:26:05 2022]
rule Homology_analysis:
    input: /beegfs/data/soukkal/StageM2/Databases/Refseq_viral_db_nophages_nopolydna, /beegfs/data/soukkal/StageM2/Control_genomes/genomes/GCA_001015075.1.fna
    output: /beegfs/data/soukkal/StageM2/Control_genomes/results/Viral_Homology_results/GCA_001015075.1/run_mmseqs2/result_mmseqs2.m8
    jobid: 6
    wildcards: Genome_ID=GCA_001015075.1

Submitted job 6 with external jobid 'Submitted batch job 3573283'.

[Wed Mar 30 15:26:05 2022]
rule Homology_analysis:
    input: /beegfs/data/soukkal/StageM2/Databases/Refseq_viral_db_nophages_nopolydna, /beegfs/data/soukkal/StageM2/Control_genomes/genomes/GCA_917880715.2.fna
    output: /beegfs/data/soukkal/StageM2/Control_genomes/results/Viral_Homology_results/GCA_917880715.2/run_mmseqs2/result_mmseqs2.m8
    jobid: 28
    wildcards: Genome_ID=GCA_917880715.2

Submitted job 28 with external jobid 'Submitted batch job 3573284'.

[Wed Mar 30 15:26:05 2022]
rule Homology_analysis:
    input: /beegfs/data/soukkal/StageM2/Databases/Refseq_viral_db_nophages_nopolydna, /beegfs/data/soukkal/StageM2/Control_genomes/genomes/GCA_003952975.1.fna
    output: /beegfs/data/soukkal/StageM2/Control_genomes/results/Viral_Homology_results/GCA_003952975.1/run_mmseqs2/result_mmseqs2.m8
    jobid: 14
    wildcards: Genome_ID=GCA_003952975.1

Submitted job 14 with external jobid 'Submitted batch job 3573285'.

[Wed Mar 30 15:26:05 2022]
rule Homology_analysis:
    input: /beegfs/data/soukkal/StageM2/Databases/Refseq_viral_db_nophages_nopolydna, /beegfs/data/soukkal/StageM2/Control_genomes/genomes/GCA_001015115.1.fna
    output: /beegfs/data/soukkal/StageM2/Control_genomes/results/Viral_Homology_results/GCA_001015115.1/run_mmseqs2/result_mmseqs2.m8
    jobid: 7
    wildcards: Genome_ID=GCA_001015115.1

Submitted job 7 with external jobid 'Submitted batch job 3573286'.

[Wed Mar 30 15:26:05 2022]
rule Homology_analysis:
    input: /beegfs/data/soukkal/StageM2/Databases/Refseq_viral_db_nophages_nopolydna, /beegfs/data/soukkal/StageM2/Control_genomes/genomes/GCA_021234595.1.fna
    output: /beegfs/data/soukkal/StageM2/Control_genomes/results/Viral_Homology_results/GCA_021234595.1/run_mmseqs2/result_mmseqs2.m8
    jobid: 21
    wildcards: Genome_ID=GCA_021234595.1

Submitted job 21 with external jobid 'Submitted batch job 3573287'.

[Wed Mar 30 15:26:06 2022]
rule Homology_analysis:
    input: /beegfs/data/soukkal/StageM2/Databases/Refseq_viral_db_nophages_nopolydna, /beegfs/data/soukkal/StageM2/Control_genomes/genomes/GCF_001015335.1.fna
    output: /beegfs/data/soukkal/StageM2/Control_genomes/results/Viral_Homology_results/GCF_001015335.1/run_mmseqs2/result_mmseqs2.m8
    jobid: 35
    wildcards: Genome_ID=GCF_001015335.1

Submitted job 35 with external jobid 'Submitted batch job 3573288'.

[Wed Mar 30 15:26:06 2022]
rule Homology_analysis:
    input: /beegfs/data/soukkal/StageM2/Databases/Refseq_viral_db_nophages_nopolydna, /beegfs/data/soukkal/StageM2/Control_genomes/genomes/GCA_004302925.1.fna
    output: /beegfs/data/soukkal/StageM2/Control_genomes/results/Viral_Homology_results/GCA_004302925.1/run_mmseqs2/result_mmseqs2.m8
    jobid: 15
    wildcards: Genome_ID=GCA_004302925.1

Submitted job 15 with external jobid 'Submitted batch job 3573289'.

[Wed Mar 30 15:26:06 2022]
rule Homology_analysis:
    input: /beegfs/data/soukkal/StageM2/Databases/Refseq_viral_db_nophages_nopolydna, /beegfs/data/soukkal/StageM2/Control_genomes/genomes/GCA_001014415.1.fna
    output: /beegfs/data/soukkal/StageM2/Control_genomes/results/Viral_Homology_results/GCA_001014415.1/run_mmseqs2/result_mmseqs2.m8
    jobid: 2
    wildcards: Genome_ID=GCA_001014415.1

Submitted job 2 with external jobid 'Submitted batch job 3573290'.

[Wed Mar 30 15:26:06 2022]
rule Homology_analysis:
    input: /beegfs/data/soukkal/StageM2/Databases/Refseq_viral_db_nophages_nopolydna, /beegfs/data/soukkal/StageM2/Control_genomes/genomes/GCA_920104205.1.fna
    output: /beegfs/data/soukkal/StageM2/Control_genomes/results/Viral_Homology_results/GCA_920104205.1/run_mmseqs2/result_mmseqs2.m8
    jobid: 29
    wildcards: Genome_ID=GCA_920104205.1

Submitted job 29 with external jobid 'Submitted batch job 3573291'.

[Wed Mar 30 15:26:06 2022]
rule Homology_analysis:
    input: /beegfs/data/soukkal/StageM2/Databases/Refseq_viral_db_nophages_nopolydna, /beegfs/data/soukkal/StageM2/Control_genomes/genomes/GCA_001015175.1.fna
    output: /beegfs/data/soukkal/StageM2/Control_genomes/results/Viral_Homology_results/GCA_001015175.1/run_mmseqs2/result_mmseqs2.m8
    jobid: 8
    wildcards: Genome_ID=GCA_001015175.1

Submitted job 8 with external jobid 'Submitted batch job 3573292'.

[Wed Mar 30 15:26:06 2022]
rule Homology_analysis:
    input: /beegfs/data/soukkal/StageM2/Databases/Refseq_viral_db_nophages_nopolydna, /beegfs/data/soukkal/StageM2/Control_genomes/genomes/GCA_905231855.2.fna
    output: /beegfs/data/soukkal/StageM2/Control_genomes/results/Viral_Homology_results/GCA_905231855.2/run_mmseqs2/result_mmseqs2.m8
    jobid: 22
    wildcards: Genome_ID=GCA_905231855.2

Submitted job 22 with external jobid 'Submitted batch job 3573293'.

[Wed Mar 30 15:26:06 2022]
rule Homology_analysis:
    input: /beegfs/data/soukkal/StageM2/Databases/Refseq_viral_db_nophages_nopolydna, /beegfs/data/soukkal/StageM2/Control_genomes/genomes/GCF_002237135.1.fna
    output: /beegfs/data/soukkal/StageM2/Control_genomes/results/Viral_Homology_results/GCF_002237135.1/run_mmseqs2/result_mmseqs2.m8
    jobid: 36
    wildcards: Genome_ID=GCF_002237135.1

Submitted job 36 with external jobid 'Submitted batch job 3573294'.

[Wed Mar 30 15:26:06 2022]
rule Homology_analysis:
    input: /beegfs/data/soukkal/StageM2/Databases/Refseq_viral_db_nophages_nopolydna, /beegfs/data/soukkal/StageM2/Control_genomes/genomes/GCA_005959815.1.fna
    output: /beegfs/data/soukkal/StageM2/Control_genomes/results/Viral_Homology_results/GCA_005959815.1/run_mmseqs2/result_mmseqs2.m8
    jobid: 16
    wildcards: Genome_ID=GCA_005959815.1

Submitted job 16 with external jobid 'Submitted batch job 3573295'.

[Wed Mar 30 15:26:06 2022]
rule Homology_analysis:
    input: /beegfs/data/soukkal/StageM2/Databases/Refseq_viral_db_nophages_nopolydna, /beegfs/data/soukkal/StageM2/Control_genomes/genomes/GCA_920105625.1.fna
    output: /beegfs/data/soukkal/StageM2/Control_genomes/results/Viral_Homology_results/GCA_920105625.1/run_mmseqs2/result_mmseqs2.m8
    jobid: 30
    wildcards: Genome_ID=GCA_920105625.1

Submitted job 30 with external jobid 'Submitted batch job 3573296'.

[Wed Mar 30 15:26:06 2022]
rule Homology_analysis:
    input: /beegfs/data/soukkal/StageM2/Databases/Refseq_viral_db_nophages_nopolydna, /beegfs/data/soukkal/StageM2/Control_genomes/genomes/GCA_001017275.1.fna
    output: /beegfs/data/soukkal/StageM2/Control_genomes/results/Viral_Homology_results/GCA_001017275.1/run_mmseqs2/result_mmseqs2.m8
    jobid: 9
    wildcards: Genome_ID=GCA_001017275.1

Submitted job 9 with external jobid 'Submitted batch job 3573297'.

[Wed Mar 30 15:26:06 2022]
rule Homology_analysis:
    input: /beegfs/data/soukkal/StageM2/Databases/Refseq_viral_db_nophages_nopolydna, /beegfs/data/soukkal/StageM2/Control_genomes/genomes/GCA_907269105.1.fna
    output: /beegfs/data/soukkal/StageM2/Control_genomes/results/Viral_Homology_results/GCA_907269105.1/run_mmseqs2/result_mmseqs2.m8
    jobid: 23
    wildcards: Genome_ID=GCA_907269105.1

Submitted job 23 with external jobid 'Submitted batch job 3573298'.

[Wed Mar 30 15:26:06 2022]
rule Homology_analysis:
    input: /beegfs/data/soukkal/StageM2/Databases/Refseq_viral_db_nophages_nopolydna, /beegfs/data/soukkal/StageM2/Control_genomes/genomes/GCF_009650485.1.fna
    output: /beegfs/data/soukkal/StageM2/Control_genomes/results/Viral_Homology_results/GCF_009650485.1/run_mmseqs2/result_mmseqs2.m8
    jobid: 37
    wildcards: Genome_ID=GCF_009650485.1

Submitted job 37 with external jobid 'Submitted batch job 3573299'.

[Wed Mar 30 15:26:06 2022]
rule Homology_analysis:
    input: /beegfs/data/soukkal/StageM2/Databases/Refseq_viral_db_nophages_nopolydna, /beegfs/data/soukkal/StageM2/Control_genomes/genomes/GCA_916050605.2.fna
    output: /beegfs/data/soukkal/StageM2/Control_genomes/results/Viral_Homology_results/GCA_916050605.2/run_mmseqs2/result_mmseqs2.m8
    jobid: 27
    wildcards: Genome_ID=GCA_916050605.2

Submitted job 27 with external jobid 'Submitted batch job 3573300'.

[Wed Mar 30 15:26:06 2022]
rule Homology_analysis:
    input: /beegfs/data/soukkal/StageM2/Databases/Refseq_viral_db_nophages_nopolydna, /beegfs/data/soukkal/StageM2/Control_genomes/genomes/GCA_001014575.1.fna
    output: /beegfs/data/soukkal/StageM2/Control_genomes/results/Viral_Homology_results/GCA_001014575.1/run_mmseqs2/result_mmseqs2.m8
    jobid: 3
    wildcards: Genome_ID=GCA_001014575.1

Submitted job 3 with external jobid 'Submitted batch job 3573301'.

[Wed Mar 30 15:26:06 2022]
rule Homology_analysis:
    input: /beegfs/data/soukkal/StageM2/Databases/Refseq_viral_db_nophages_nopolydna, /beegfs/data/soukkal/StageM2/Control_genomes/genomes/GCA_014858695.1.fna
    output: /beegfs/data/soukkal/StageM2/Control_genomes/results/Viral_Homology_results/GCA_014858695.1/run_mmseqs2/result_mmseqs2.m8
    jobid: 17
    wildcards: Genome_ID=GCA_014858695.1

Submitted job 17 with external jobid 'Submitted batch job 3573302'.

[Wed Mar 30 15:26:06 2022]
rule Homology_analysis:
    input: /beegfs/data/soukkal/StageM2/Databases/Refseq_viral_db_nophages_nopolydna, /beegfs/data/soukkal/StageM2/Control_genomes/genomes/GCA_922984085.1.fna
    output: /beegfs/data/soukkal/StageM2/Control_genomes/results/Viral_Homology_results/GCA_922984085.1/run_mmseqs2/result_mmseqs2.m8
    jobid: 31
    wildcards: Genome_ID=GCA_922984085.1

Submitted job 31 with external jobid 'Submitted batch job 3573303'.

[Wed Mar 30 15:26:06 2022]
rule Homology_analysis:
    input: /beegfs/data/soukkal/StageM2/Databases/Refseq_viral_db_nophages_nopolydna, /beegfs/data/soukkal/StageM2/Control_genomes/genomes/GCA_001017515.1.fna
    output: /beegfs/data/soukkal/StageM2/Control_genomes/results/Viral_Homology_results/GCA_001017515.1/run_mmseqs2/result_mmseqs2.m8
    jobid: 10
    wildcards: Genome_ID=GCA_001017515.1

Submitted job 10 with external jobid 'Submitted batch job 3573304'.

[Wed Mar 30 15:26:06 2022]
rule Homology_analysis:
    input: /beegfs/data/soukkal/StageM2/Databases/Refseq_viral_db_nophages_nopolydna, /beegfs/data/soukkal/StageM2/Control_genomes/genomes/GCA_914767635.1.fna
    output: /beegfs/data/soukkal/StageM2/Control_genomes/results/Viral_Homology_results/GCA_914767635.1/run_mmseqs2/result_mmseqs2.m8
    jobid: 24
    wildcards: Genome_ID=GCA_914767635.1

Submitted job 24 with external jobid 'Submitted batch job 3573305'.

[Wed Mar 30 15:26:06 2022]
rule Homology_analysis:
    input: /beegfs/data/soukkal/StageM2/Databases/Refseq_viral_db_nophages_nopolydna, /beegfs/data/soukkal/StageM2/Control_genomes/genomes/GCF_013340165.1.fna
    output: /beegfs/data/soukkal/StageM2/Control_genomes/results/Viral_Homology_results/GCF_013340165.1/run_mmseqs2/result_mmseqs2.m8
    jobid: 38
    wildcards: Genome_ID=GCF_013340165.1

Submitted job 38 with external jobid 'Submitted batch job 3573306'.

[Wed Mar 30 15:26:06 2022]
rule Homology_analysis:
    input: /beegfs/data/soukkal/StageM2/Databases/Refseq_viral_db_nophages_nopolydna, /beegfs/data/soukkal/StageM2/Control_genomes/genomes/GCA_001014675.1.fna
    output: /beegfs/data/soukkal/StageM2/Control_genomes/results/Viral_Homology_results/GCA_001014675.1/run_mmseqs2/result_mmseqs2.m8
    jobid: 4
    wildcards: Genome_ID=GCA_001014675.1

Submitted job 4 with external jobid 'Submitted batch job 3573307'.

[Wed Mar 30 15:26:06 2022]
rule Homology_analysis:
    input: /beegfs/data/soukkal/StageM2/Databases/Refseq_viral_db_nophages_nopolydna, /beegfs/data/soukkal/StageM2/Control_genomes/genomes/GCA_017309665.1.fna
    output: /beegfs/data/soukkal/StageM2/Control_genomes/results/Viral_Homology_results/GCA_017309665.1/run_mmseqs2/result_mmseqs2.m8
    jobid: 18
    wildcards: Genome_ID=GCA_017309665.1

Submitted job 18 with external jobid 'Submitted batch job 3573308'.

[Wed Mar 30 15:26:06 2022]
rule Homology_analysis:
    input: /beegfs/data/soukkal/StageM2/Databases/Refseq_viral_db_nophages_nopolydna, /beegfs/data/soukkal/StageM2/Control_genomes/genomes/GCF_000001215.4.fna
    output: /beegfs/data/soukkal/StageM2/Control_genomes/results/Viral_Homology_results/GCF_000001215.4/run_mmseqs2/result_mmseqs2.m8
    jobid: 32
    wildcards: Genome_ID=GCF_000001215.4

Submitted job 32 with external jobid 'Submitted batch job 3573309'.

[Wed Mar 30 15:26:06 2022]
rule Homology_analysis:
    input: /beegfs/data/soukkal/StageM2/Databases/Refseq_viral_db_nophages_nopolydna, /beegfs/data/soukkal/StageM2/Control_genomes/genomes/GCA_914767935.1.fna
    output: /beegfs/data/soukkal/StageM2/Control_genomes/results/Viral_Homology_results/GCA_914767935.1/run_mmseqs2/result_mmseqs2.m8
    jobid: 25
    wildcards: Genome_ID=GCA_914767935.1

Submitted job 25 with external jobid 'Submitted batch job 3573310'.

[Wed Mar 30 15:26:06 2022]
rule Homology_analysis:
    input: /beegfs/data/soukkal/StageM2/Databases/Refseq_viral_db_nophages_nopolydna, /beegfs/data/soukkal/StageM2/Control_genomes/genomes/GCA_001735545.1.fna
    output: /beegfs/data/soukkal/StageM2/Control_genomes/results/Viral_Homology_results/GCA_001735545.1/run_mmseqs2/result_mmseqs2.m8
    jobid: 11
    wildcards: Genome_ID=GCA_001735545.1

Submitted job 11 with external jobid 'Submitted batch job 3573311'.

[Wed Mar 30 15:26:07 2022]
rule Homology_analysis:
    input: /beegfs/data/soukkal/StageM2/Databases/Refseq_viral_db_nophages_nopolydna, /beegfs/data/soukkal/StageM2/Control_genomes/genomes/GCF_013731165.1.fna
    output: /beegfs/data/soukkal/StageM2/Control_genomes/results/Viral_Homology_results/GCF_013731165.1/run_mmseqs2/result_mmseqs2.m8
    jobid: 39
    wildcards: Genome_ID=GCF_013731165.1

Submitted job 39 with external jobid 'Submitted batch job 3573312'.

[Wed Mar 30 15:26:07 2022]
rule Homology_analysis:
    input: /beegfs/data/soukkal/StageM2/Databases/Refseq_viral_db_nophages_nopolydna, /beegfs/data/soukkal/StageM2/Control_genomes/genomes/GCA_001014935.1.fna
    output: /beegfs/data/soukkal/StageM2/Control_genomes/results/Viral_Homology_results/GCA_001014935.1/run_mmseqs2/result_mmseqs2.m8
    jobid: 5
    wildcards: Genome_ID=GCA_001014935.1

Submitted job 5 with external jobid 'Submitted batch job 3573313'.

[Wed Mar 30 15:26:07 2022]
rule Homology_analysis:
    input: /beegfs/data/soukkal/StageM2/Databases/Refseq_viral_db_nophages_nopolydna, /beegfs/data/soukkal/StageM2/Control_genomes/genomes/GCA_019455685.1.fna
    output: /beegfs/data/soukkal/StageM2/Control_genomes/results/Viral_Homology_results/GCA_019455685.1/run_mmseqs2/result_mmseqs2.m8
    jobid: 19
    wildcards: Genome_ID=GCA_019455685.1

Submitted job 19 with external jobid 'Submitted batch job 3573314'.

[Wed Mar 30 15:26:07 2022]
rule Homology_analysis:
    input: /beegfs/data/soukkal/StageM2/Databases/Refseq_viral_db_nophages_nopolydna, /beegfs/data/soukkal/StageM2/Control_genomes/genomes/GCF_000347755.3.fna
    output: /beegfs/data/soukkal/StageM2/Control_genomes/results/Viral_Homology_results/GCF_000347755.3/run_mmseqs2/result_mmseqs2.m8
    jobid: 33
    wildcards: Genome_ID=GCF_000347755.3

Submitted job 33 with external jobid 'Submitted batch job 3573315'.

[Wed Mar 30 15:26:07 2022]
rule Homology_analysis:
    input: /beegfs/data/soukkal/StageM2/Databases/Refseq_viral_db_nophages_nopolydna, /beegfs/data/soukkal/StageM2/Control_genomes/genomes/GCA_003055125.1.fna
    output: /beegfs/data/soukkal/StageM2/Control_genomes/results/Viral_Homology_results/GCA_003055125.1/run_mmseqs2/result_mmseqs2.m8
    jobid: 12
    wildcards: Genome_ID=GCA_003055125.1

Submitted job 12 with external jobid 'Submitted batch job 3573316'.

[Wed Mar 30 15:26:07 2022]
rule Homology_analysis:
    input: /beegfs/data/soukkal/StageM2/Databases/Refseq_viral_db_nophages_nopolydna, /beegfs/data/soukkal/StageM2/Control_genomes/genomes/GCA_916048285.2.fna
    output: /beegfs/data/soukkal/StageM2/Control_genomes/results/Viral_Homology_results/GCA_916048285.2/run_mmseqs2/result_mmseqs2.m8
    jobid: 26
    wildcards: Genome_ID=GCA_916048285.2

Submitted job 26 with external jobid 'Submitted batch job 3573317'.

[Wed Mar 30 15:26:07 2022]
rule Homology_analysis:
    input: /beegfs/data/soukkal/StageM2/Databases/Refseq_viral_db_nophages_nopolydna, /beegfs/data/soukkal/StageM2/Control_genomes/genomes/GCF_014805625.1.fna
    output: /beegfs/data/soukkal/StageM2/Control_genomes/results/Viral_Homology_results/GCF_014805625.1/run_mmseqs2/result_mmseqs2.m8
    jobid: 40
    wildcards: Genome_ID=GCF_014805625.1

Submitted job 40 with external jobid 'Submitted batch job 3573318'.

[Wed Mar 30 15:26:07 2022]
rule Homology_analysis:
    input: /beegfs/data/soukkal/StageM2/Databases/Refseq_viral_db_nophages_nopolydna, /beegfs/data/soukkal/StageM2/Control_genomes/genomes/GCA_003123925.1.fna
    output: /beegfs/data/soukkal/StageM2/Control_genomes/results/Viral_Homology_results/GCA_003123925.1/run_mmseqs2/result_mmseqs2.m8
    jobid: 13
    wildcards: Genome_ID=GCA_003123925.1

Submitted job 13 with external jobid 'Submitted batch job 3573319'.

[Wed Mar 30 15:26:07 2022]
rule Homology_analysis:
    input: /beegfs/data/soukkal/StageM2/Databases/Refseq_viral_db_nophages_nopolydna, /beegfs/data/soukkal/StageM2/Control_genomes/genomes/GCF_016617805.1.fna
    output: /beegfs/data/soukkal/StageM2/Control_genomes/results/Viral_Homology_results/GCF_016617805.1/run_mmseqs2/result_mmseqs2.m8
    jobid: 41
    wildcards: Genome_ID=GCF_016617805.1

Submitted job 41 with external jobid 'Submitted batch job 3573320'.
