nohup: les entrées sont ignorées
Building DAG of jobs...
Using shell: /usr/bin/bash
Provided cluster nodes: 200
Job counts:
	count	jobs
	5	Define_loci
	5	Extract_translate_loci
	5	Homology_analysis
	1	all
	16

[Fri Apr 29 12:21:34 2022]
rule Homology_analysis:
    input: /beegfs/data/soukkal/StageM2/Databases/Refseq_viral_db_nophages_nopolydna_IVSPER, /beegfs/data/soukkal/StageM2/Hymenoptera_genomes/genomes/GCA_001855655.1.fna
    output: /beegfs/data/soukkal/StageM2/Hymenoptera_genomes/results/Viral_Homology_results/GCA_001855655.1/run_mmseqs2/result_mmseqs2.m8
    jobid: 2
    wildcards: Genome_ID=GCA_001855655.1

Submitted job 2 with external jobid 'Submitted batch job 3689701'.

[Fri Apr 29 12:21:37 2022]
rule Homology_analysis:
    input: /beegfs/data/soukkal/StageM2/Databases/Refseq_viral_db_nophages_nopolydna_IVSPER, /beegfs/data/soukkal/StageM2/Hymenoptera_genomes/genomes/GCA_009823575.1.fna
    output: /beegfs/data/soukkal/StageM2/Hymenoptera_genomes/results/Viral_Homology_results/GCA_009823575.1/run_mmseqs2/result_mmseqs2.m8
    jobid: 5
    wildcards: Genome_ID=GCA_009823575.1

Submitted job 5 with external jobid 'Submitted batch job 3689702'.

[Fri Apr 29 12:21:38 2022]
rule Homology_analysis:
    input: /beegfs/data/soukkal/StageM2/Databases/Refseq_viral_db_nophages_nopolydna_IVSPER, /beegfs/data/soukkal/StageM2/Hymenoptera_genomes/genomes/GCA_019393585.1.fna
    output: /beegfs/data/soukkal/StageM2/Hymenoptera_genomes/results/Viral_Homology_results/GCA_019393585.1/run_mmseqs2/result_mmseqs2.m8
    jobid: 6
    wildcards: Genome_ID=GCA_019393585.1

Submitted job 6 with external jobid 'Submitted batch job 3689703'.

[Fri Apr 29 12:21:38 2022]
rule Homology_analysis:
    input: /beegfs/data/soukkal/StageM2/Databases/Refseq_viral_db_nophages_nopolydna_IVSPER, /beegfs/data/soukkal/StageM2/Hymenoptera_genomes/genomes/GCA_011057455.1.fna
    output: /beegfs/data/soukkal/StageM2/Hymenoptera_genomes/results/Viral_Homology_results/GCA_011057455.1/run_mmseqs2/result_mmseqs2.m8
    jobid: 3
    wildcards: Genome_ID=GCA_011057455.1

Submitted job 3 with external jobid 'Submitted batch job 3689704'.

[Fri Apr 29 12:21:39 2022]
rule Homology_analysis:
    input: /beegfs/data/soukkal/StageM2/Databases/Refseq_viral_db_nophages_nopolydna_IVSPER, /beegfs/data/soukkal/StageM2/Hymenoptera_genomes/genomes/GCF_015476425.1.fna
    output: /beegfs/data/soukkal/StageM2/Hymenoptera_genomes/results/Viral_Homology_results/GCF_015476425.1/run_mmseqs2/result_mmseqs2.m8
    jobid: 4
    wildcards: Genome_ID=GCF_015476425.1

Submitted job 4 with external jobid 'Submitted batch job 3689705'.
[Fri Apr 29 15:13:42 2022]
Finished job 2.
1 of 16 steps (6%) done

[Fri Apr 29 15:13:43 2022]
rule Define_loci:
    input: /beegfs/data/soukkal/StageM2/Hymenoptera_genomes/results/Viral_Homology_results/GCA_001855655.1/run_mmseqs2/result_mmseqs2.m8
    output: /beegfs/data/soukkal/StageM2/Hymenoptera_genomes/results/Viral_Homology_results/GCA_001855655.1/run_mmseqs2/result_mmseqs2_strand_V.m8, /beegfs/data/soukkal/StageM2/Hymenoptera_genomes/results/Viral_Homology_results/GCA_001855655.1/run_mmseqs2/result_mmseqs2_strand_summary_V.bed
    jobid: 7
    wildcards: Genome_ID=GCA_001855655.1

Submitted job 7 with external jobid 'Submitted batch job 3689715'.
[Fri Apr 29 15:17:04 2022]
Finished job 7.
2 of 16 steps (12%) done

[Fri Apr 29 15:17:04 2022]
rule Extract_translate_loci:
    input: /beegfs/data/soukkal/StageM2/Hymenoptera_genomes/results/Viral_Homology_results/GCA_001855655.1/run_mmseqs2/result_mmseqs2_strand_summary_V.bed, /beegfs/data/soukkal/StageM2/Hymenoptera_genomes/genomes/GCA_001855655.1.fna
    output: /beegfs/data/soukkal/StageM2/Hymenoptera_genomes/results/Viral_Homology_results/GCA_001855655.1/Fasta_viral_loci.fna, /beegfs/data/soukkal/StageM2/Hymenoptera_genomes/results/Viral_Homology_results/GCA_001855655.1/Fasta_viral_loci.faa
    jobid: 12
    wildcards: Genome_ID=GCA_001855655.1

Submitted job 12 with external jobid 'Submitted batch job 3689716'.
[Fri Apr 29 15:19:46 2022]
Finished job 12.
3 of 16 steps (19%) done
[Fri Apr 29 16:19:46 2022]
Finished job 6.
4 of 16 steps (25%) done

[Fri Apr 29 16:19:46 2022]
rule Define_loci:
    input: /beegfs/data/soukkal/StageM2/Hymenoptera_genomes/results/Viral_Homology_results/GCA_019393585.1/run_mmseqs2/result_mmseqs2.m8
    output: /beegfs/data/soukkal/StageM2/Hymenoptera_genomes/results/Viral_Homology_results/GCA_019393585.1/run_mmseqs2/result_mmseqs2_strand_V.m8, /beegfs/data/soukkal/StageM2/Hymenoptera_genomes/results/Viral_Homology_results/GCA_019393585.1/run_mmseqs2/result_mmseqs2_strand_summary_V.bed
    jobid: 11
    wildcards: Genome_ID=GCA_019393585.1

Submitted job 11 with external jobid 'Submitted batch job 3689724'.
[Fri Apr 29 16:23:18 2022]
Finished job 11.
5 of 16 steps (31%) done

[Fri Apr 29 16:23:18 2022]
rule Extract_translate_loci:
    input: /beegfs/data/soukkal/StageM2/Hymenoptera_genomes/results/Viral_Homology_results/GCA_019393585.1/run_mmseqs2/result_mmseqs2_strand_summary_V.bed, /beegfs/data/soukkal/StageM2/Hymenoptera_genomes/genomes/GCA_019393585.1.fna
    output: /beegfs/data/soukkal/StageM2/Hymenoptera_genomes/results/Viral_Homology_results/GCA_019393585.1/Fasta_viral_loci.fna, /beegfs/data/soukkal/StageM2/Hymenoptera_genomes/results/Viral_Homology_results/GCA_019393585.1/Fasta_viral_loci.faa
    jobid: 16
    wildcards: Genome_ID=GCA_019393585.1

Submitted job 16 with external jobid 'Submitted batch job 3689725'.
[Fri Apr 29 16:25:49 2022]
Finished job 16.
6 of 16 steps (38%) done
[Fri Apr 29 17:39:10 2022]
Finished job 4.
7 of 16 steps (44%) done

[Fri Apr 29 17:39:10 2022]
rule Define_loci:
    input: /beegfs/data/soukkal/StageM2/Hymenoptera_genomes/results/Viral_Homology_results/GCF_015476425.1/run_mmseqs2/result_mmseqs2.m8
    output: /beegfs/data/soukkal/StageM2/Hymenoptera_genomes/results/Viral_Homology_results/GCF_015476425.1/run_mmseqs2/result_mmseqs2_strand_V.m8, /beegfs/data/soukkal/StageM2/Hymenoptera_genomes/results/Viral_Homology_results/GCF_015476425.1/run_mmseqs2/result_mmseqs2_strand_summary_V.bed
    jobid: 9
    wildcards: Genome_ID=GCF_015476425.1

Submitted job 9 with external jobid 'Submitted batch job 3689739'.
[Fri Apr 29 17:46:42 2022]
Finished job 9.
8 of 16 steps (50%) done

[Fri Apr 29 17:46:42 2022]
rule Extract_translate_loci:
    input: /beegfs/data/soukkal/StageM2/Hymenoptera_genomes/results/Viral_Homology_results/GCF_015476425.1/run_mmseqs2/result_mmseqs2_strand_summary_V.bed, /beegfs/data/soukkal/StageM2/Hymenoptera_genomes/genomes/GCF_015476425.1.fna
    output: /beegfs/data/soukkal/StageM2/Hymenoptera_genomes/results/Viral_Homology_results/GCF_015476425.1/Fasta_viral_loci.fna, /beegfs/data/soukkal/StageM2/Hymenoptera_genomes/results/Viral_Homology_results/GCF_015476425.1/Fasta_viral_loci.faa
    jobid: 14
    wildcards: Genome_ID=GCF_015476425.1

Submitted job 14 with external jobid 'Submitted batch job 3689740'.
[Fri Apr 29 17:52:44 2022]
Finished job 14.
9 of 16 steps (56%) done
[Fri Apr 29 18:33:57 2022]
Finished job 3.
10 of 16 steps (62%) done

[Fri Apr 29 18:33:57 2022]
rule Define_loci:
    input: /beegfs/data/soukkal/StageM2/Hymenoptera_genomes/results/Viral_Homology_results/GCA_011057455.1/run_mmseqs2/result_mmseqs2.m8
    output: /beegfs/data/soukkal/StageM2/Hymenoptera_genomes/results/Viral_Homology_results/GCA_011057455.1/run_mmseqs2/result_mmseqs2_strand_V.m8, /beegfs/data/soukkal/StageM2/Hymenoptera_genomes/results/Viral_Homology_results/GCA_011057455.1/run_mmseqs2/result_mmseqs2_strand_summary_V.bed
    jobid: 8
    wildcards: Genome_ID=GCA_011057455.1

Submitted job 8 with external jobid 'Submitted batch job 3689745'.
[Fri Apr 29 18:40:09 2022]
Finished job 8.
11 of 16 steps (69%) done

[Fri Apr 29 18:40:09 2022]
rule Extract_translate_loci:
    input: /beegfs/data/soukkal/StageM2/Hymenoptera_genomes/results/Viral_Homology_results/GCA_011057455.1/run_mmseqs2/result_mmseqs2_strand_summary_V.bed, /beegfs/data/soukkal/StageM2/Hymenoptera_genomes/genomes/GCA_011057455.1.fna
    output: /beegfs/data/soukkal/StageM2/Hymenoptera_genomes/results/Viral_Homology_results/GCA_011057455.1/Fasta_viral_loci.fna, /beegfs/data/soukkal/StageM2/Hymenoptera_genomes/results/Viral_Homology_results/GCA_011057455.1/Fasta_viral_loci.faa
    jobid: 13
    wildcards: Genome_ID=GCA_011057455.1

Submitted job 13 with external jobid 'Submitted batch job 3689746'.
[Fri Apr 29 18:46:32 2022]
Finished job 13.
12 of 16 steps (75%) done
[Fri Apr 29 20:01:19 2022]
Finished job 5.
13 of 16 steps (81%) done

[Fri Apr 29 20:01:19 2022]
rule Define_loci:
    input: /beegfs/data/soukkal/StageM2/Hymenoptera_genomes/results/Viral_Homology_results/GCA_009823575.1/run_mmseqs2/result_mmseqs2.m8
    output: /beegfs/data/soukkal/StageM2/Hymenoptera_genomes/results/Viral_Homology_results/GCA_009823575.1/run_mmseqs2/result_mmseqs2_strand_V.m8, /beegfs/data/soukkal/StageM2/Hymenoptera_genomes/results/Viral_Homology_results/GCA_009823575.1/run_mmseqs2/result_mmseqs2_strand_summary_V.bed
    jobid: 10
    wildcards: Genome_ID=GCA_009823575.1

Submitted job 10 with external jobid 'Submitted batch job 3689752'.
[Fri Apr 29 20:05:10 2022]
Finished job 10.
14 of 16 steps (88%) done

[Fri Apr 29 20:05:10 2022]
rule Extract_translate_loci:
    input: /beegfs/data/soukkal/StageM2/Hymenoptera_genomes/results/Viral_Homology_results/GCA_009823575.1/run_mmseqs2/result_mmseqs2_strand_summary_V.bed, /beegfs/data/soukkal/StageM2/Hymenoptera_genomes/genomes/GCA_009823575.1.fna
    output: /beegfs/data/soukkal/StageM2/Hymenoptera_genomes/results/Viral_Homology_results/GCA_009823575.1/Fasta_viral_loci.fna, /beegfs/data/soukkal/StageM2/Hymenoptera_genomes/results/Viral_Homology_results/GCA_009823575.1/Fasta_viral_loci.faa
    jobid: 15
    wildcards: Genome_ID=GCA_009823575.1

Submitted job 15 with external jobid 'Submitted batch job 3689753'.
[Fri Apr 29 20:10:33 2022]
Finished job 15.
15 of 16 steps (94%) done

[Fri Apr 29 20:10:34 2022]
localrule all:
    input: /beegfs/data/soukkal/StageM2/Databases/Refseq_viral_db_nophages_nopolydna_IVSPER, /beegfs/data/soukkal/StageM2/Hymenoptera_genomes/results/Viral_Homology_results/GCA_001855655.1/run_mmseqs2/result_mmseqs2.m8, /beegfs/data/soukkal/StageM2/Hymenoptera_genomes/results/Viral_Homology_results/GCA_011057455.1/run_mmseqs2/result_mmseqs2.m8, /beegfs/data/soukkal/StageM2/Hymenoptera_genomes/results/Viral_Homology_results/GCF_015476425.1/run_mmseqs2/result_mmseqs2.m8, /beegfs/data/soukkal/StageM2/Hymenoptera_genomes/results/Viral_Homology_results/GCA_009823575.1/run_mmseqs2/result_mmseqs2.m8, /beegfs/data/soukkal/StageM2/Hymenoptera_genomes/results/Viral_Homology_results/GCA_019393585.1/run_mmseqs2/result_mmseqs2.m8, /beegfs/data/soukkal/StageM2/Hymenoptera_genomes/results/Viral_Homology_results/GCA_001855655.1/run_mmseqs2/result_mmseqs2_strand_V.m8, /beegfs/data/soukkal/StageM2/Hymenoptera_genomes/results/Viral_Homology_results/GCA_011057455.1/run_mmseqs2/result_mmseqs2_strand_V.m8, /beegfs/data/soukkal/StageM2/Hymenoptera_genomes/results/Viral_Homology_results/GCF_015476425.1/run_mmseqs2/result_mmseqs2_strand_V.m8, /beegfs/data/soukkal/StageM2/Hymenoptera_genomes/results/Viral_Homology_results/GCA_009823575.1/run_mmseqs2/result_mmseqs2_strand_V.m8, /beegfs/data/soukkal/StageM2/Hymenoptera_genomes/results/Viral_Homology_results/GCA_019393585.1/run_mmseqs2/result_mmseqs2_strand_V.m8, /beegfs/data/soukkal/StageM2/Hymenoptera_genomes/results/Viral_Homology_results/GCA_001855655.1/run_mmseqs2/result_mmseqs2_strand_summary_V.bed, /beegfs/data/soukkal/StageM2/Hymenoptera_genomes/results/Viral_Homology_results/GCA_011057455.1/run_mmseqs2/result_mmseqs2_strand_summary_V.bed, /beegfs/data/soukkal/StageM2/Hymenoptera_genomes/results/Viral_Homology_results/GCF_015476425.1/run_mmseqs2/result_mmseqs2_strand_summary_V.bed, /beegfs/data/soukkal/StageM2/Hymenoptera_genomes/results/Viral_Homology_results/GCA_009823575.1/run_mmseqs2/result_mmseqs2_strand_summary_V.bed, /beegfs/data/soukkal/StageM2/Hymenoptera_genomes/results/Viral_Homology_results/GCA_019393585.1/run_mmseqs2/result_mmseqs2_strand_summary_V.bed, /beegfs/data/soukkal/StageM2/Hymenoptera_genomes/results/Viral_Homology_results/GCA_001855655.1/Fasta_viral_loci.fna, /beegfs/data/soukkal/StageM2/Hymenoptera_genomes/results/Viral_Homology_results/GCA_011057455.1/Fasta_viral_loci.fna, /beegfs/data/soukkal/StageM2/Hymenoptera_genomes/results/Viral_Homology_results/GCF_015476425.1/Fasta_viral_loci.fna, /beegfs/data/soukkal/StageM2/Hymenoptera_genomes/results/Viral_Homology_results/GCA_009823575.1/Fasta_viral_loci.fna, /beegfs/data/soukkal/StageM2/Hymenoptera_genomes/results/Viral_Homology_results/GCA_019393585.1/Fasta_viral_loci.fna, /beegfs/data/soukkal/StageM2/Hymenoptera_genomes/results/Viral_Homology_results/GCA_001855655.1/Fasta_viral_loci.faa, /beegfs/data/soukkal/StageM2/Hymenoptera_genomes/results/Viral_Homology_results/GCA_011057455.1/Fasta_viral_loci.faa, /beegfs/data/soukkal/StageM2/Hymenoptera_genomes/results/Viral_Homology_results/GCF_015476425.1/Fasta_viral_loci.faa, /beegfs/data/soukkal/StageM2/Hymenoptera_genomes/results/Viral_Homology_results/GCA_009823575.1/Fasta_viral_loci.faa, /beegfs/data/soukkal/StageM2/Hymenoptera_genomes/results/Viral_Homology_results/GCA_019393585.1/Fasta_viral_loci.faa
    jobid: 0

[Fri Apr 29 20:10:34 2022]
Finished job 0.
16 of 16 steps (100%) done
Complete log: /beegfs/data/soukkal/StageM2/Scripts/Homology_search/.snakemake/log/2022-04-29T122026.777557.snakemake.log
