nohup: les entrées sont ignorées
Building DAG of jobs...
Using shell: /usr/bin/bash
Provided cluster nodes: 200
Job counts:
	count	jobs
	1	Filter_loci
	1	all
	2

[Wed Apr 13 14:10:24 2022]
rule Filter_loci:
    input: /beegfs/data/bguinet/taxadb2/taxadb.sqlite, /beegfs/data/soukkal/StageM2/Tachinids_genomes/results/Viral_Homology_results/Viral_loci/Candidate_viral_loci_Nr.m8
    output: /beegfs/data/soukkal/StageM2/Tachinids_genomes/results/Viral_Homology_results/Viral_loci/Candidate_viral_loci_Nr_taxid.m8, /beegfs/data/soukkal/StageM2/Tachinids_genomes/results/Viral_Homology_results/Viral_loci/Candidate_viral_loci_filtered.m8, /beegfs/data/soukkal/StageM2/Tachinids_genomes/results/Viral_Homology_results/Viral_loci/Fasta_viral_loci_filtered.fna, /beegfs/data/soukkal/StageM2/Tachinids_genomes/results/Viral_Homology_results/Viral_loci/Fasta_viral_loci_filtered.faa
    jobid: 114

Submitted job 114 with external jobid 'Submitted batch job 3626921'.
[Wed Apr 13 14:19:44 2022]
Error in rule Filter_loci:
    jobid: 114
    output: /beegfs/data/soukkal/StageM2/Tachinids_genomes/results/Viral_Homology_results/Viral_loci/Candidate_viral_loci_Nr_taxid.m8, /beegfs/data/soukkal/StageM2/Tachinids_genomes/results/Viral_Homology_results/Viral_loci/Candidate_viral_loci_filtered.m8, /beegfs/data/soukkal/StageM2/Tachinids_genomes/results/Viral_Homology_results/Viral_loci/Fasta_viral_loci_filtered.fna, /beegfs/data/soukkal/StageM2/Tachinids_genomes/results/Viral_Homology_results/Viral_loci/Fasta_viral_loci_filtered.faa
    shell:
        
		#Add taxonomic information about hit targets: 
		python3 /beegfs/data/soukkal/StageM2/Scripts/Homology_search/Add_taxid_info.py -b /beegfs/data/soukkal/StageM2/Tachinids_genomes/results/Viral_Homology_results/Viral_loci/Candidate_viral_loci_Nr.m8 -blst Mmseqs2 -d /beegfs/data/bguinet/taxadb2/taxadb.sqlite -o /beegfs/data/soukkal/StageM2/Tachinids_genomes/results/Viral_Homology_results/Viral_loci/Candidate_viral_loci_Nr_taxid.m8
		#Filter mmseqs results using taxonomic information and filter fasta nuc and amino files : 
		python3 /beegfs/data/soukkal/StageM2/Scripts/Homology_search/Filter_loci_with_NR.py -Nr /beegfs/data/soukkal/StageM2/Tachinids_genomes/results/Viral_Homology_results/Viral_loci/Candidate_viral_loci_Nr_taxid.m8 -fna /beegfs/data/soukkal/StageM2/Tachinids_genomes/results/Viral_Homology_results/Viral_loci/All_fasta_viral_loci.fna -faa /beegfs/data/soukkal/StageM2/Tachinids_genomes/results/Viral_Homology_results/Viral_loci/All_fasta_viral_loci.faa -o /beegfs/data/soukkal/StageM2/Tachinids_genomes/results/Viral_Homology_results/Viral_loci/Candidate_viral_loci_filtered.m8 -ofna /beegfs/data/soukkal/StageM2/Tachinids_genomes/results/Viral_Homology_results/Viral_loci/Fasta_viral_loci_filtered.fna -ofaa /beegfs/data/soukkal/StageM2/Tachinids_genomes/results/Viral_Homology_results/Viral_loci/Fasta_viral_loci_filtered.faa
		
        (one of the commands exited with non-zero exit code; note that snakemake uses bash strict mode!)
    cluster_jobid: Submitted batch job 3626921

Error executing rule Filter_loci on cluster (jobid: 114, external: Submitted batch job 3626921, jobscript: /beegfs/data/soukkal/StageM2/Scripts/Homology_search/.snakemake/tmp.9_g5vtqa/snakejob.Filter_loci.114.sh). For error details see the cluster log and the log files of the involved rule(s).
Shutting down, this might take some time.
Exiting because a job execution failed. Look above for error message
Complete log: /beegfs/data/soukkal/StageM2/Scripts/Homology_search/.snakemake/log/2022-04-13T141021.139534.snakemake.log
