nohup: les entrées sont ignorées
Building DAG of jobs...
Using shell: /usr/bin/bash
Provided cluster nodes: 8000
Job counts:
	count	jobs
	4	Sum
	1	all
	5

[Tue Mar 22 12:13:17 2022]
rule Sum:
    input: /beegfs/data/soukkal/StageM2/Control_genomes/results/Stat_Results/GCA_001017515.1/BUSCO_results/run_diptera_odb10/full_table.tsv
    output: /beegfs/data/soukkal/StageM2/Control_genomes/results/Stat_Results/GCA_001017515.1/BUSCO_results/run_diptera_odb10/Sum_table_GCA_001017515.1.txt
    jobid: 89
    wildcards: Genome_ID=GCA_001017515.1

Submitted job 89 with external jobid 'Submitted batch job 3505501'.

[Tue Mar 22 12:13:17 2022]
rule Sum:
    input: /beegfs/data/soukkal/StageM2/Control_genomes/results/Stat_Results/GCA_001014935.1/BUSCO_results/run_diptera_odb10/full_table.tsv
    output: /beegfs/data/soukkal/StageM2/Control_genomes/results/Stat_Results/GCA_001014935.1/BUSCO_results/run_diptera_odb10/Sum_table_GCA_001014935.1.txt
    jobid: 84
    wildcards: Genome_ID=GCA_001014935.1

Submitted job 84 with external jobid 'Submitted batch job 3505502'.

[Tue Mar 22 12:13:17 2022]
rule Sum:
    input: /beegfs/data/soukkal/StageM2/Control_genomes/results/Stat_Results/GCA_001015075.1/BUSCO_results/run_diptera_odb10/full_table.tsv
    output: /beegfs/data/soukkal/StageM2/Control_genomes/results/Stat_Results/GCA_001015075.1/BUSCO_results/run_diptera_odb10/Sum_table_GCA_001015075.1.txt
    jobid: 85
    wildcards: Genome_ID=GCA_001015075.1

Submitted job 85 with external jobid 'Submitted batch job 3505503'.

[Tue Mar 22 12:13:17 2022]
rule Sum:
    input: /beegfs/data/soukkal/StageM2/Control_genomes/results/Stat_Results/GCA_001015115.1/BUSCO_results/run_diptera_odb10/full_table.tsv
    output: /beegfs/data/soukkal/StageM2/Control_genomes/results/Stat_Results/GCA_001015115.1/BUSCO_results/run_diptera_odb10/Sum_table_GCA_001015115.1.txt
    jobid: 86
    wildcards: Genome_ID=GCA_001015115.1

Submitted job 86 with external jobid 'Submitted batch job 3505504'.
[Tue Mar 22 12:13:27 2022]
Error in rule Sum:
    jobid: 89
    output: /beegfs/data/soukkal/StageM2/Control_genomes/results/Stat_Results/GCA_001017515.1/BUSCO_results/run_diptera_odb10/Sum_table_GCA_001017515.1.txt
    shell:
        
     python3 /beegfs/data/soukkal/StageM2/Scripts/BUSCO_jobs/Busco_summary.py -sum /beegfs/data/soukkal/StageM2/Control_genomes/results/Stat_Results/GCA_001017515.1/BUSCO_results/run_diptera_odb10/full_table.tsv  -o /beegfs/data/soukkal/StageM2/Control_genomes/results/Stat_Results/GCA_001017515.1/BUSCO_results/run_diptera_odb10/Sum_table_GCA_001017515.1.txt -sp GCA_001017515.1
     cp /beegfs/data/soukkal/StageM2/Control_genomes/results/Stat_Results/GCA_001017515.1/BUSCO_results/run_diptera_odb10/Sum_table_GCA_001017515.1.txt /beegfs/data/soukkal/StageM2/Control_genomes/results/Stat_Results/Busco_sum/diptera/Sum_table_GCA_001017515.1.txt
     
        (one of the commands exited with non-zero exit code; note that snakemake uses bash strict mode!)
    cluster_jobid: Submitted batch job 3505501

Error executing rule Sum on cluster (jobid: 89, external: Submitted batch job 3505501, jobscript: /beegfs/data/soukkal/StageM2/Scripts/BUSCO_jobs/.snakemake/tmp.80027dgv/snakejob.Sum.89.sh). For error details see the cluster log and the log files of the involved rule(s).
[Tue Mar 22 12:13:37 2022]
Error in rule Sum:
    jobid: 84
    output: /beegfs/data/soukkal/StageM2/Control_genomes/results/Stat_Results/GCA_001014935.1/BUSCO_results/run_diptera_odb10/Sum_table_GCA_001014935.1.txt
    shell:
        
     python3 /beegfs/data/soukkal/StageM2/Scripts/BUSCO_jobs/Busco_summary.py -sum /beegfs/data/soukkal/StageM2/Control_genomes/results/Stat_Results/GCA_001014935.1/BUSCO_results/run_diptera_odb10/full_table.tsv  -o /beegfs/data/soukkal/StageM2/Control_genomes/results/Stat_Results/GCA_001014935.1/BUSCO_results/run_diptera_odb10/Sum_table_GCA_001014935.1.txt -sp GCA_001014935.1
     cp /beegfs/data/soukkal/StageM2/Control_genomes/results/Stat_Results/GCA_001014935.1/BUSCO_results/run_diptera_odb10/Sum_table_GCA_001014935.1.txt /beegfs/data/soukkal/StageM2/Control_genomes/results/Stat_Results/Busco_sum/diptera/Sum_table_GCA_001014935.1.txt
     
        (one of the commands exited with non-zero exit code; note that snakemake uses bash strict mode!)
    cluster_jobid: Submitted batch job 3505502

Error executing rule Sum on cluster (jobid: 84, external: Submitted batch job 3505502, jobscript: /beegfs/data/soukkal/StageM2/Scripts/BUSCO_jobs/.snakemake/tmp.80027dgv/snakejob.Sum.84.sh). For error details see the cluster log and the log files of the involved rule(s).
[Tue Mar 22 12:13:37 2022]
Error in rule Sum:
    jobid: 85
    output: /beegfs/data/soukkal/StageM2/Control_genomes/results/Stat_Results/GCA_001015075.1/BUSCO_results/run_diptera_odb10/Sum_table_GCA_001015075.1.txt
    shell:
        
     python3 /beegfs/data/soukkal/StageM2/Scripts/BUSCO_jobs/Busco_summary.py -sum /beegfs/data/soukkal/StageM2/Control_genomes/results/Stat_Results/GCA_001015075.1/BUSCO_results/run_diptera_odb10/full_table.tsv  -o /beegfs/data/soukkal/StageM2/Control_genomes/results/Stat_Results/GCA_001015075.1/BUSCO_results/run_diptera_odb10/Sum_table_GCA_001015075.1.txt -sp GCA_001015075.1
     cp /beegfs/data/soukkal/StageM2/Control_genomes/results/Stat_Results/GCA_001015075.1/BUSCO_results/run_diptera_odb10/Sum_table_GCA_001015075.1.txt /beegfs/data/soukkal/StageM2/Control_genomes/results/Stat_Results/Busco_sum/diptera/Sum_table_GCA_001015075.1.txt
     
        (one of the commands exited with non-zero exit code; note that snakemake uses bash strict mode!)
    cluster_jobid: Submitted batch job 3505503

Error executing rule Sum on cluster (jobid: 85, external: Submitted batch job 3505503, jobscript: /beegfs/data/soukkal/StageM2/Scripts/BUSCO_jobs/.snakemake/tmp.80027dgv/snakejob.Sum.85.sh). For error details see the cluster log and the log files of the involved rule(s).
[Tue Mar 22 12:13:37 2022]
Error in rule Sum:
    jobid: 86
    output: /beegfs/data/soukkal/StageM2/Control_genomes/results/Stat_Results/GCA_001015115.1/BUSCO_results/run_diptera_odb10/Sum_table_GCA_001015115.1.txt
    shell:
        
     python3 /beegfs/data/soukkal/StageM2/Scripts/BUSCO_jobs/Busco_summary.py -sum /beegfs/data/soukkal/StageM2/Control_genomes/results/Stat_Results/GCA_001015115.1/BUSCO_results/run_diptera_odb10/full_table.tsv  -o /beegfs/data/soukkal/StageM2/Control_genomes/results/Stat_Results/GCA_001015115.1/BUSCO_results/run_diptera_odb10/Sum_table_GCA_001015115.1.txt -sp GCA_001015115.1
     cp /beegfs/data/soukkal/StageM2/Control_genomes/results/Stat_Results/GCA_001015115.1/BUSCO_results/run_diptera_odb10/Sum_table_GCA_001015115.1.txt /beegfs/data/soukkal/StageM2/Control_genomes/results/Stat_Results/Busco_sum/diptera/Sum_table_GCA_001015115.1.txt
     
        (one of the commands exited with non-zero exit code; note that snakemake uses bash strict mode!)
    cluster_jobid: Submitted batch job 3505504

Error executing rule Sum on cluster (jobid: 86, external: Submitted batch job 3505504, jobscript: /beegfs/data/soukkal/StageM2/Scripts/BUSCO_jobs/.snakemake/tmp.80027dgv/snakejob.Sum.86.sh). For error details see the cluster log and the log files of the involved rule(s).
Shutting down, this might take some time.
Exiting because a job execution failed. Look above for error message
Complete log: /beegfs/data/soukkal/StageM2/Scripts/BUSCO_jobs/.snakemake/log/2022-03-22T121314.087035.snakemake.log
